                                                                           
                                                                           
***************************************************************************
***                                                                     ***
***                                                                     ***
***          __  __ ____   ____ _                                       ***
***         |  \/  |  _ \ / ___| |__   ___ _ __ ___                     ***
***         | |\/| | |_) | |   | '_ \ / _ \ '_ ` _ \                    ***
***         | |  | |  _ <| |___| | | |  __/ | | | | |                   ***
***         |_|  |_|_| \_\\____|_| |_|\___|_| |_| |_|                   ***
***                                                                     ***
***         VERSION            1.1.0-alpha                              ***
***                                                                     ***
***         Git branch         master                                   ***
***         Git commit hash    fd794b72b2c46cc6d41b                     ***
***         Git commit author  Stig Rune Jensen                         ***
***         Git commit date    Tue Mar 22 21:12:37 2022 +0100           ***
***                                                                     ***
***         Contact: luca.frediani@uit.no                               ***
***                                                                     ***
***         Radovan Bast            Magnar Bjorgve                      ***
***         Roberto Di Remigio      Antoine Durdek                      ***
***         Luca Frediani           Gabriel Gerez                       ***
***         Stig Rune Jensen        Jonas Juselius                      ***
***         Rune Monstad            Peter Wind                          ***
***                                                                     ***
***************************************************************************

---------------------------------------------------------------------------

 MPI processes           :       (24 bank)                              72
 OpenMP threads          :                                              15
 Total cores             :                                             744
                                                                           
---------------------------------------------------------------------------

XCFun DFT library Copyright 2009-2020 Ulf Ekstrom and contributors.
See http://dftlibs.org/xcfun/ for more information.

This is free software; see the source code for copying conditions.
There is ABSOLUTELY NO WARRANTY; not even for MERCHANTABILITY or
FITNESS FOR A PARTICULAR PURPOSE. For details see the documentation.
Scientific users of this library should cite
U. Ekstrom, L. Visscher, R. Bast, A. J. Thorvaldsen and K. Ruud;
J.Chem.Theor.Comp. 2010, DOI: 10.1021/ct100117s

---------------------------------------------------------------------------

 MRCPP version         : 1.4.1
 Git branch            : HEAD
 Git commit hash       : 75d41879b1908a94a452
 Git commit author     : Stig Rune Jensen
 Git commit date       : Thu Jan 6 11:38:53 2022 +0100

 Linear algebra        : EIGEN v3.4.0
 Parallelization       : MPI/OpenMP (15 threads)

---------------------------------------------------------------------------


                                                                           
===========================================================================
                         MultiResolution Analysis
---------------------------------------------------------------------------
 polynomial order      : 8
 polynomial type       : Interpolating
---------------------------------------------------------------------------
 total boxes           : 8
 boxes                 : [          2           2           2 ]
 unit lengths          : [  128.00000   128.00000   128.00000 ]
 scaling factor        : [    1.00000     1.00000     1.00000 ]
 lower bounds          : [ -128.00000  -128.00000  -128.00000 ]
 upper bounds          : [  128.00000   128.00000   128.00000 ]
 total length          : [  256.00000   256.00000   256.00000 ]
===========================================================================


                                                                           
***************************************************************************
***                                                                     ***
***                        Initializing Molecule                        ***
***                                                                     ***
***************************************************************************
                                                                           
                                                                           
===========================================================================
                                 Molecule
---------------------------------------------------------------------------
 Charge                  :                                               0
 Multiplicity            :                                               1
---------------------------------------------------------------------------
    N    Atom            :               x               y               z
---------------------------------------------------------------------------
    0      Ag            :        0.000000        0.000000        0.000000
    1       F            :        0.000000        0.000000        3.754886
---------------------------------------------------------------------------
 Center of mass          :        0.000000        0.000000        0.562298
===========================================================================


                                                                           
***************************************************************************
***                                                                     ***
***                 Computing Ground State Wavefunction                 ***
***                                                                     ***
***************************************************************************
                                                                           
                                                                           
~~~~~~~~~~~~~~~~~~~~~~~~~~~~~~~~~~~~~~~~~~~~~~~~~~~~~~~~~~~~~~~~~~~~~~~~~~~
 Calculation             : Compute initial orbitals
 Method                  : Diagonalize SAD Hamiltonian
 Precision               : 1.00000e-05
 Screening               : 1.20000e+01 StdDev
 Restricted              : True
 Functional              : LDA (SVWN5)
 AO basis                : 3-21G
~~~~~~~~~~~~~~~~~~~~~~~~~~~~~~~~~~~~~~~~~~~~~~~~~~~~~~~~~~~~~~~~~~~~~~~~~~~


===========================================================================
                            Molecular Orbitals
---------------------------------------------------------------------------
 Alpha electrons         :                                              28
 Beta electrons          :                                              28
 Total electrons         :                                              56
---------------------------------------------------------------------------
    n  Occ Spin          :                                            Norm
---------------------------------------------------------------------------
    0    2    p          :                              9.999999999945e-01
    1    2    p          :                              9.999999999968e-01
    2    2    p          :                              1.000000000009e+00
    3    2    p          :                              9.999999999867e-01
    4    2    p          :                              9.999999999869e-01
    5    2    p          :                              1.000000000249e+00
    6    2    p          :                              1.000000000032e+00
    7    2    p          :                              9.999999999772e-01
    8    2    p          :                              9.999999999868e-01
    9    2    p          :                              9.999999999864e-01
   10    2    p          :                              9.999999999838e-01
   11    2    p          :                              9.999999999983e-01
   12    2    p          :                              9.999999999990e-01
   13    2    p          :                              9.999999999999e-01
   14    2    p          :                              1.000000000000e+00
   15    2    p          :                              9.999999999835e-01
   16    2    p          :                              1.000000000079e+00
   17    2    p          :                              9.999999999035e-01
   18    2    p          :                              9.999999999098e-01
   19    2    p          :                              9.999999994424e-01
   20    2    p          :                              1.000000000225e+00
   21    2    p          :                              1.000000000014e+00
   22    2    p          :                              1.000000000004e+00
   23    2    p          :                              1.000000081551e+00
   24    2    p          :                              1.000000095551e+00
   25    2    p          :                              1.000000000003e+00
   26    2    p          :                              1.000000000001e+00
   27    2    p          :                              9.999999999309e-01
===========================================================================


~~~~~~~~~~~~~~~~~~~~~~~~~~~~~~~~~~~~~~~~~~~~~~~~~~~~~~~~~~~~~~~~~~~~~~~~~~~
 Calculation             : Compute initial energy
 Method                  : DFT (PBE)
 Relativity              : None
 Precision               : 1.00000e-05
 Localization            : On
~~~~~~~~~~~~~~~~~~~~~~~~~~~~~~~~~~~~~~~~~~~~~~~~~~~~~~~~~~~~~~~~~~~~~~~~~~~


===========================================================================
                        Molecular Energy (initial)
---------------------------------------------------------------------------
 Kinetic energy          :            (au)               5283.797046442159
 E-N energy              :            (au)             -12806.885336928104
 Coulomb energy          :            (au)               2292.052524819459
 Exchange energy         :            (au)                  0.000000000000
 X-C energy              :            (au)               -156.208907433000
 Ext. field (el)         :            (au)                  0.000000000000
---------------------------------------------------------------------------
 N-N energy              :            (au)                112.653226075475
 Ext. field (nuc)        :            (au)                  0.000000000000
 Tot. Reac. Energy       :            (au)                  0.000000000000
 El. Reac. Energy        :            (au)                  0.000000000000
 Nuc. Reac. Energy       :            (au)                  0.000000000000
---------------------------------------------------------------------------
 Electronic energy       :            (au)              -5387.244673099487
 Nuclear energy          :            (au)                112.653226075475
---------------------------------------------------------------------------
 Total energy            :            (au)             -5.274591447024e+03
                         :      (kcal/mol)             -3.309856078114e+06
                         :        (kJ/mol)             -1.384843783982e+07
                         :            (eV)             -1.435289388464e+05
===========================================================================


===========================================================================
                        Orbital Energies (initial)
---------------------------------------------------------------------------
    n  Occ Spin          :                                         Epsilon
---------------------------------------------------------------------------
    0    2    p          :            (au)               -895.959415468375
    1    2    p          :            (au)               -129.542063934881
    2    2    p          :            (au)               -120.142147757712
    3    2    p          :            (au)               -120.142133005519
    4    2    p          :            (au)               -120.141449594756
    5    2    p          :            (au)                -23.803901670426
    6    2    p          :            (au)                -23.479574700574
    7    2    p          :            (au)                -19.833754978298
    8    2    p          :            (au)                -19.833716559906
    9    2    p          :            (au)                -19.827827194621
   10    2    p          :            (au)                -13.442631378600
   11    2    p          :            (au)                -13.442630963396
   12    2    p          :            (au)                -13.438473331485
   13    2    p          :            (au)                -13.438447543990
   14    2    p          :            (au)                -13.437773238656
   15    2    p          :            (au)                 -3.282050933441
   16    2    p          :            (au)                 -2.036779398014
   17    2    p          :            (au)                 -2.036733794298
   18    2    p          :            (au)                 -2.034912663771
   19    2    p          :            (au)                 -0.625798726612
   20    2    p          :            (au)                 -0.325556609165
   21    2    p          :            (au)                 -0.325553139154
   22    2    p          :            (au)                 -0.324077184230
   23    2    p          :            (au)                 -0.324065298177
   24    2    p          :            (au)                 -0.317395968759
   25    2    p          :            (au)                  0.038122157161
   26    2    p          :            (au)                  0.079372993444
   27    2    p          :            (au)                  0.079928494686
---------------------------------------------------------------------------
 Sum occupied            :            (au)              -3142.682882783049
===========================================================================


~~~~~~~~~~~~~~~~~~~~~~~~~~~~~~~~~~~~~~~~~~~~~~~~~~~~~~~~~~~~~~~~~~~~~~~~~~~
 Calculation             : Optimize ground state orbitals
 Method                  : DFT (PBE)
 Relativity              : None
 Checkpointing           : Off
 Max iterations          : 500
 KAIN solver             : 6
 Localization            : First two iterations
 Diagonalization         : Off
 Start precision         : 1.00000e-05
 Final precision         : 1.00000e-05
 Helmholtz precision     : Dynamic
 Energy threshold        : Off
 Orbital threshold       : 1.00000e-04
~~~~~~~~~~~~~~~~~~~~~~~~~~~~~~~~~~~~~~~~~~~~~~~~~~~~~~~~~~~~~~~~~~~~~~~~~~~


===========================================================================
 Iter           MO residual             Total energy                Update
---------------------------------------------------------------------------
    0          5.291503e+00       -5274.591447024012         -5.274591e+03
    1          5.166644e-01       -5298.145272263038         -2.355383e+01
    2          4.271053e-01       -5299.172770373133         -1.027498e+00
    3          4.139353e-01       -5299.105263558919          6.750681e-02
    4          2.179034e-01       -5299.369904467179         -2.646409e-01
    5          5.279353e-02       -5299.389097432370         -1.919297e-02
    6          7.122922e-02       -5299.388655125705          4.423067e-04
    7          3.295765e-02       -5299.396329369558         -7.674244e-03
    8          2.090306e-02       -5299.397655689966         -1.326320e-03
    9          9.020421e-03       -5299.397831263655         -1.755737e-04
   10          5.856733e-03       -5299.398014257140         -1.829935e-04
   11          3.555999e-03       -5299.398064793413         -5.053627e-05
   12          2.395735e-03       -5299.398082430916         -1.763750e-05
   13          1.932726e-03       -5299.398093749271         -1.131835e-05
   14          1.598092e-03       -5299.398097003489         -3.254218e-06
   15          1.238408e-03       -5299.398100284128         -3.280639e-06
   16          1.249625e-03       -5299.398102027502         -1.743374e-06
   17          6.986673e-04       -5299.398103313114         -1.285612e-06
   18          8.639910e-04       -5299.398104945279         -1.632165e-06
   19          5.140710e-04       -5299.398105484691         -5.394122e-07
   20          6.796871e-04       -5299.398106233144         -7.484532e-07
   21          4.571587e-04       -5299.398106592044         -3.589003e-07
   22          2.758470e-04       -5299.398106782668         -1.906237e-07
   23          2.989619e-04       -5299.398107041918         -2.592496e-07
   24          2.078854e-04       -5299.398107143880         -1.019625e-07
   25          1.904480e-04       -5299.398107253027         -1.091466e-07
---------------------------------------------------------------------------
                      SCF converged in 25 iterations!
===========================================================================


                                                                           
***************************************************************************
***                                                                     ***
***                    Printing Molecular Properties                    ***
***                                                                     ***
***************************************************************************
                                                                           
                                                                           
===========================================================================
                                 Molecule
---------------------------------------------------------------------------
 Charge                  :                                               0
 Multiplicity            :                                               1
---------------------------------------------------------------------------
    N    Atom            :               x               y               z
---------------------------------------------------------------------------
    0      Ag            :        0.000000        0.000000        0.000000
    1       F            :        0.000000        0.000000        3.754886
---------------------------------------------------------------------------
 Center of mass          :        0.000000        0.000000        0.562298
===========================================================================


===========================================================================
                         Molecular Energy (final)
---------------------------------------------------------------------------
 Kinetic energy          :            (au)               5296.968852844326
 E-N energy              :            (au)             -12847.747031249559
 Coulomb energy          :            (au)               2294.924949710497
 Exchange energy         :            (au)                  0.000000000000
 X-C energy              :            (au)               -156.198104633766
 Ext. field (el)         :            (au)                  0.000000000000
---------------------------------------------------------------------------
 N-N energy              :            (au)                112.653226075475
 Ext. field (nuc)        :            (au)                  0.000000000000
 Tot. Reac. Energy       :            (au)                  0.000000000000
 El. Reac. Energy        :            (au)                  0.000000000000
 Nuc. Reac. Energy       :            (au)                  0.000000000000
---------------------------------------------------------------------------
 Electronic energy       :            (au)              -5412.051333328502
 Nuclear energy          :            (au)                112.653226075475
---------------------------------------------------------------------------
 Total energy            :            (au)             -5.299398107253e+03
                         :      (kcal/mol)             -3.325422492302e+06
                         :        (kJ/mol)             -1.391356771682e+07
                         :            (eV)             -1.442039624297e+05
===========================================================================


===========================================================================
                         Orbital Energies (final)
---------------------------------------------------------------------------
    n  Occ Spin          :                                         Epsilon
---------------------------------------------------------------------------
    0    2    p          :            (au)               -901.426263481019
    1    2    p          :            (au)               -130.002233612477
    2    2    p          :            (au)               -120.974953647864
    3    2    p          :            (au)               -120.974953333195
    4    2    p          :            (au)               -120.973922068400
    5    2    p          :            (au)                -24.137258379392
    6    2    p          :            (au)                -23.739486515764
    7    2    p          :            (au)                -20.103434852399
    8    2    p          :            (au)                -20.103434411501
    9    2    p          :            (au)                -20.098178480450
   10    2    p          :            (au)                -13.381020483112
   11    2    p          :            (au)                -13.381011856333
   12    2    p          :            (au)                -13.377366606968
   13    2    p          :            (au)                -13.377366242314
   14    2    p          :            (au)                -13.376539217601
   15    2    p          :            (au)                 -3.251653306726
   16    2    p          :            (au)                 -2.110907327468
   17    2    p          :            (au)                 -2.110906913944
   18    2    p          :            (au)                 -2.110395459643
   19    2    p          :            (au)                 -0.936019494475
   20    2    p          :            (au)                 -0.352056918579
   21    2    p          :            (au)                 -0.327785975069
   22    2    p          :            (au)                 -0.327785734422
   23    2    p          :            (au)                 -0.317453177781
   24    2    p          :            (au)                 -0.317451771696
   25    2    p          :            (au)                 -0.239759359035
   26    2    p          :            (au)                 -0.235696693005
   27    2    p          :            (au)                 -0.235696456700
---------------------------------------------------------------------------
 Sum occupied            :            (au)              -3164.601983554667
===========================================================================


===========================================================================
                           Dipole Moment (dip-1)
---------------------------------------------------------------------------
 r_O                     :        0.000000        0.000000        0.000000
---------------------------------------------------------------------------
 Electronic vector       :       -0.000010       -0.000047      -35.968297
 Magnitude               :            (au)                       35.968297
                         :         (Debye)                       91.422282
---------------------------------------------------------------------------
 Nuclear vector          :       -0.000000       -0.000000       33.793972
 Magnitude               :            (au)                       33.793972
                         :         (Debye)                       85.895702
---------------------------------------------------------------------------
 Total vector            :       -0.000010       -0.000047       -2.174324
 Magnitude               :            (au)                        2.174324
                         :         (Debye)                        5.526581
===========================================================================


                                                                           
                                                                           
***************************************************************************
***                                                                     ***
***                            Exiting MRChem                           ***
***                                                                     ***
***                       Wall time :  0h 16m 53s                       ***
***                                                                     ***
***************************************************************************
                                                                           
                                                                           
