Starting job 348833 on b[4102-4103,4105-4106,4136-4137] at Mon May 9 11:01:55 CEST 2022

Copying AgF.out to /cluster/home/ambr/projects/zora/small_molecules/calcs_nrel
Copying AgF.json to /cluster/home/ambr/projects/zora/small_molecules/calcs_nrel

Task and CPU usage stats:
JobID           JobName  AllocCPUS   NTasks     MinCPU MinCPUTask     AveCPU    Elapsed ExitCode 
------------ ---------- ---------- -------- ---------- ---------- ---------- ---------- -------- 
348833              AgF        768                                             00:17:07      0:0 
348833.batch      batch        128        1   08:48:33          0   08:48:33   00:17:07      0:0 
348833.exte+     extern        768        6   00:00:00          5   00:00:00   00:17:07      0:0 
348833.0          orted        640        5   03:36:35          4   05:02:30   00:16:58      0:0 

Memory usage stats:
JobID            MaxRSS MaxRSSTask     AveRSS MaxPages   MaxPagesTask   AvePages 
------------ ---------- ---------- ---------- -------- -------------- ---------- 
348833                                                                           
348833.batch  16912968K          0  16912968K       78              0         78 
348833.exte+       852K          3    847.50K        3              3          1 
348833.0      15869400K          1 129714753+       75              4         68 

Disk usage stats:
JobID         MaxDiskRead MaxDiskReadTask    AveDiskRead MaxDiskWrite MaxDiskWriteTask   AveDiskWrite 
------------ ------------ --------------- -------------- ------------ ---------------- -------------- 
348833                                                                                                
348833.batch       55.51M               0         55.51M       98.57M                0         98.57M 
348833.exte+        0.00M               5          0.00M            0                5              0 
348833.0           45.54M               2         45.53M       98.48M                0         98.47M 

Job 348833 completed at Mon May 9 11:19:03 CEST 2022
