                                                                           
                                                                           
***************************************************************************
***                                                                     ***
***                                                                     ***
***          __  __ ____   ____ _                                       ***
***         |  \/  |  _ \ / ___| |__   ___ _ __ ___                     ***
***         | |\/| | |_) | |   | '_ \ / _ \ '_ ` _ \                    ***
***         | |  | |  _ <| |___| | | |  __/ | | | | |                   ***
***         |_|  |_|_| \_\\____|_| |_|\___|_| |_| |_|                   ***
***                                                                     ***
***         VERSION            1.1.0-alpha                              ***
***                                                                     ***
***         Git branch         master                                   ***
***         Git commit hash    fd794b72b2c46cc6d41b                     ***
***         Git commit author  Stig Rune Jensen                         ***
***         Git commit date    Tue Mar 22 21:12:37 2022 +0100           ***
***                                                                     ***
***         Contact: luca.frediani@uit.no                               ***
***                                                                     ***
***         Radovan Bast            Magnar Bjorgve                      ***
***         Roberto Di Remigio      Antoine Durdek                      ***
***         Luca Frediani           Gabriel Gerez                       ***
***         Stig Rune Jensen        Jonas Juselius                      ***
***         Rune Monstad            Peter Wind                          ***
***                                                                     ***
***************************************************************************

---------------------------------------------------------------------------

 MPI processes           :       (24 bank)                              72
 OpenMP threads          :                                              15
 Total cores             :                                             744
                                                                           
---------------------------------------------------------------------------

XCFun DFT library Copyright 2009-2020 Ulf Ekstrom and contributors.
See http://dftlibs.org/xcfun/ for more information.

This is free software; see the source code for copying conditions.
There is ABSOLUTELY NO WARRANTY; not even for MERCHANTABILITY or
FITNESS FOR A PARTICULAR PURPOSE. For details see the documentation.
Scientific users of this library should cite
U. Ekstrom, L. Visscher, R. Bast, A. J. Thorvaldsen and K. Ruud;
J.Chem.Theor.Comp. 2010, DOI: 10.1021/ct100117s

---------------------------------------------------------------------------

 MRCPP version         : 1.4.1
 Git branch            : HEAD
 Git commit hash       : 75d41879b1908a94a452
 Git commit author     : Stig Rune Jensen
 Git commit date       : Thu Jan 6 11:38:53 2022 +0100

 Linear algebra        : EIGEN v3.4.0
 Parallelization       : MPI/OpenMP (15 threads)

---------------------------------------------------------------------------


                                                                           
===========================================================================
                         MultiResolution Analysis
---------------------------------------------------------------------------
 polynomial order      : 8
 polynomial type       : Interpolating
---------------------------------------------------------------------------
 total boxes           : 8
 boxes                 : [          2           2           2 ]
 unit lengths          : [  128.00000   128.00000   128.00000 ]
 scaling factor        : [    1.00000     1.00000     1.00000 ]
 lower bounds          : [ -128.00000  -128.00000  -128.00000 ]
 upper bounds          : [  128.00000   128.00000   128.00000 ]
 total length          : [  256.00000   256.00000   256.00000 ]
===========================================================================


                                                                           
***************************************************************************
***                                                                     ***
***                        Initializing Molecule                        ***
***                                                                     ***
***************************************************************************
                                                                           
                                                                           
===========================================================================
                                 Molecule
---------------------------------------------------------------------------
 Charge                  :                                               0
 Multiplicity            :                                               1
---------------------------------------------------------------------------
    N    Atom            :               x               y               z
---------------------------------------------------------------------------
    0      Ag            :        0.000000        0.000000        0.000000
    1       H            :        0.000000        0.000000        3.649061
---------------------------------------------------------------------------
 Center of mass          :        0.000000        0.000000        0.033782
===========================================================================


                                                                           
***************************************************************************
***                                                                     ***
***                 Computing Ground State Wavefunction                 ***
***                                                                     ***
***************************************************************************
                                                                           
                                                                           
~~~~~~~~~~~~~~~~~~~~~~~~~~~~~~~~~~~~~~~~~~~~~~~~~~~~~~~~~~~~~~~~~~~~~~~~~~~
 Calculation             : Compute initial orbitals
 Method                  : Diagonalize SAD Hamiltonian
 Precision               : 1.00000e-05
 Screening               : 1.20000e+01 StdDev
 Restricted              : True
 Functional              : LDA (SVWN5)
 AO basis                : 3-21G
~~~~~~~~~~~~~~~~~~~~~~~~~~~~~~~~~~~~~~~~~~~~~~~~~~~~~~~~~~~~~~~~~~~~~~~~~~~


===========================================================================
                            Molecular Orbitals
---------------------------------------------------------------------------
 Alpha electrons         :                                              24
 Beta electrons          :                                              24
 Total electrons         :                                              48
---------------------------------------------------------------------------
    n  Occ Spin          :                                            Norm
---------------------------------------------------------------------------
    0    2    p          :                              1.000000000000e+00
    1    2    p          :                              1.000000000000e+00
    2    2    p          :                              9.999999999854e-01
    3    2    p          :                              9.999999999869e-01
    4    2    p          :                              9.999999999869e-01
    5    2    p          :                              1.000000000000e+00
    6    2    p          :                              9.999999999856e-01
    7    2    p          :                              9.999999999869e-01
    8    2    p          :                              9.999999999869e-01
    9    2    p          :                              9.999999999945e-01
   10    2    p          :                              1.000000000000e+00
   11    2    p          :                              1.000000000000e+00
   12    2    p          :                              1.000000000000e+00
   13    2    p          :                              1.000000000000e+00
   14    2    p          :                              1.000000000000e+00
   15    2    p          :                              9.999999998985e-01
   16    2    p          :                              9.999999999060e-01
   17    2    p          :                              9.999999999060e-01
   18    2    p          :                              1.000000000005e+00
   19    2    p          :                              1.000000000000e+00
   20    2    p          :                              1.000000000000e+00
   21    2    p          :                              1.000000000000e+00
   22    2    p          :                              1.000000000000e+00
   23    2    p          :                              1.000000000010e+00
===========================================================================


~~~~~~~~~~~~~~~~~~~~~~~~~~~~~~~~~~~~~~~~~~~~~~~~~~~~~~~~~~~~~~~~~~~~~~~~~~~
 Calculation             : Compute initial energy
 Method                  : DFT (PBE)
 Relativity              : None
 Precision               : 1.00000e-05
 Localization            : On
~~~~~~~~~~~~~~~~~~~~~~~~~~~~~~~~~~~~~~~~~~~~~~~~~~~~~~~~~~~~~~~~~~~~~~~~~~~


===========================================================================
                        Molecular Energy (initial)
---------------------------------------------------------------------------
 Kinetic energy          :            (au)               5183.631534979902
 E-N energy              :            (au)             -12365.061614318138
 Coulomb energy          :            (au)               2138.344791457387
 Exchange energy         :            (au)                  0.000000000000
 X-C energy              :            (au)               -145.814301385225
 Ext. field (el)         :            (au)                  0.000000000000
---------------------------------------------------------------------------
 N-N energy              :            (au)                 12.880025330109
 Ext. field (nuc)        :            (au)                  0.000000000000
 Tot. Reac. Energy       :            (au)                  0.000000000000
 El. Reac. Energy        :            (au)                  0.000000000000
 Nuc. Reac. Energy       :            (au)                  0.000000000000
---------------------------------------------------------------------------
 Electronic energy       :            (au)              -5188.899589266074
 Nuclear energy          :            (au)                 12.880025330109
---------------------------------------------------------------------------
 Total energy            :            (au)             -5.176019563936e+03
                         :      (kcal/mol)             -3.248001288099e+06
                         :        (kJ/mol)             -1.358963739823e+07
                         :            (eV)             -1.408466613806e+05
===========================================================================


===========================================================================
                        Orbital Energies (initial)
---------------------------------------------------------------------------
    n  Occ Spin          :                                         Epsilon
---------------------------------------------------------------------------
    0    2    p          :            (au)               -895.963463434293
    1    2    p          :            (au)               -129.546142442765
    2    2    p          :            (au)               -120.146446101447
    3    2    p          :            (au)               -120.146156572747
    4    2    p          :            (au)               -120.146156467691
    5    2    p          :            (au)                -23.803866786942
    6    2    p          :            (au)                -19.832794924190
    7    2    p          :            (au)                -19.832794914137
    8    2    p          :            (au)                -19.830322988101
    9    2    p          :            (au)                -13.441854808008
   10    2    p          :            (au)                -13.441852630896
   11    2    p          :            (au)                -13.440050678224
   12    2    p          :            (au)                -13.439851691041
   13    2    p          :            (au)                -13.439851597767
   14    2    p          :            (au)                 -3.274254461564
   15    2    p          :            (au)                 -2.029483878728
   16    2    p          :            (au)                 -2.026538226781
   17    2    p          :            (au)                 -2.026538224334
   18    2    p          :            (au)                 -0.318231589716
   19    2    p          :            (au)                 -0.313069226539
   20    2    p          :            (au)                 -0.313069217205
   21    2    p          :            (au)                 -0.312239240760
   22    2    p          :            (au)                 -0.312235674489
   23    2    p          :            (au)                 -0.146342901548
---------------------------------------------------------------------------
 Sum occupied            :            (au)              -3095.047217359825
===========================================================================


~~~~~~~~~~~~~~~~~~~~~~~~~~~~~~~~~~~~~~~~~~~~~~~~~~~~~~~~~~~~~~~~~~~~~~~~~~~
 Calculation             : Optimize ground state orbitals
 Method                  : DFT (PBE)
 Relativity              : None
 Checkpointing           : Off
 Max iterations          : 500
 KAIN solver             : 6
 Localization            : First two iterations
 Diagonalization         : Off
 Start precision         : 1.00000e-05
 Final precision         : 1.00000e-05
 Helmholtz precision     : Dynamic
 Energy threshold        : Off
 Orbital threshold       : 1.00000e-04
~~~~~~~~~~~~~~~~~~~~~~~~~~~~~~~~~~~~~~~~~~~~~~~~~~~~~~~~~~~~~~~~~~~~~~~~~~~


===========================================================================
 Iter           MO residual             Total energy                Update
---------------------------------------------------------------------------
    0          4.898979e+00       -5176.019563935964         -5.176020e+03
    1          2.049954e-01       -5199.280508692236         -2.326094e+01
    2          6.684641e-02       -5200.033781313497         -7.532726e-01
    3          3.688303e-02       -5200.123365709403         -8.958440e-02
    4          3.265721e-02       -5200.142291784038         -1.892607e-02
    5          4.217881e-02       -5200.150995714549         -8.703931e-03
    6          1.555381e-02       -5200.152188545289         -1.192831e-03
    7          1.240620e-02       -5200.154848336983         -2.659792e-03
    8          6.235027e-03       -5200.155130855897         -2.825189e-04
    9          4.364894e-03       -5200.155271471033         -1.406151e-04
   10          4.016655e-03       -5200.155354859354         -8.338832e-05
   11          3.268654e-03       -5200.155409780363         -5.492101e-05
   12          1.618420e-03       -5200.155444773351         -3.499299e-05
   13          1.461374e-03       -5200.155467870066         -2.309672e-05
   14          1.465952e-03       -5200.155477454916         -9.584850e-06
   15          1.336737e-03       -5200.155479848908         -2.393992e-06
   16          1.080137e-03       -5200.155482123882         -2.274975e-06
   17          6.353612e-04       -5200.155485628689         -3.504807e-06
   18          5.935909e-04       -5200.155487584314         -1.955625e-06
   19          5.628496e-04       -5200.155488487730         -9.034156e-07
   20          3.086093e-04       -5200.155489143975         -6.562450e-07
   21          2.868346e-04       -5200.155489414354         -2.703791e-07
   22          1.510808e-04       -5200.155489542277         -1.279232e-07
---------------------------------------------------------------------------
                      SCF converged in 22 iterations!
===========================================================================


                                                                           
***************************************************************************
***                                                                     ***
***                    Printing Molecular Properties                    ***
***                                                                     ***
***************************************************************************
                                                                           
                                                                           
===========================================================================
                                 Molecule
---------------------------------------------------------------------------
 Charge                  :                                               0
 Multiplicity            :                                               1
---------------------------------------------------------------------------
    N    Atom            :               x               y               z
---------------------------------------------------------------------------
    0      Ag            :        0.000000        0.000000        0.000000
    1       H            :        0.000000        0.000000        3.649061
---------------------------------------------------------------------------
 Center of mass          :        0.000000        0.000000        0.033782
===========================================================================


===========================================================================
                         Molecular Energy (final)
---------------------------------------------------------------------------
 Kinetic energy          :            (au)               5197.810499126123
 E-N energy              :            (au)             -12409.656236889632
 Coulomb energy          :            (au)               2144.912241815215
 Exchange energy         :            (au)                  0.000000000000
 X-C energy              :            (au)               -146.102018924093
 Ext. field (el)         :            (au)                  0.000000000000
---------------------------------------------------------------------------
 N-N energy              :            (au)                 12.880025330109
 Ext. field (nuc)        :            (au)                  0.000000000000
 Tot. Reac. Energy       :            (au)                  0.000000000000
 El. Reac. Energy        :            (au)                  0.000000000000
 Nuc. Reac. Energy       :            (au)                  0.000000000000
---------------------------------------------------------------------------
 Electronic energy       :            (au)              -5213.035514872387
 Nuclear energy          :            (au)                 12.880025330109
---------------------------------------------------------------------------
 Total energy            :            (au)             -5.200155489542e+03
                         :      (kcal/mol)             -3.263146809960e+06
                         :        (kJ/mol)             -1.365300626173e+07
                         :            (eV)             -1.415034333458e+05
===========================================================================


===========================================================================
                         Orbital Energies (final)
---------------------------------------------------------------------------
    n  Occ Spin          :                                         Epsilon
---------------------------------------------------------------------------
    0    2    p          :            (au)               -901.413271892248
    1    2    p          :            (au)               -129.989822056185
    2    2    p          :            (au)               -120.962296879264
    3    2    p          :            (au)               -120.962296702312
    4    2    p          :            (au)               -120.962051103355
    5    2    p          :            (au)                -23.726057404207
    6    2    p          :            (au)                -20.089202625600
    7    2    p          :            (au)                -20.089202038910
    8    2    p          :            (au)                -20.086513749359
    9    2    p          :            (au)                -13.366638832744
   10    2    p          :            (au)                -13.366628534783
   11    2    p          :            (au)                -13.364761894933
   12    2    p          :            (au)                -13.364761497652
   13    2    p          :            (au)                -13.364399884557
   14    2    p          :            (au)                 -3.235358912548
   15    2    p          :            (au)                 -2.094512394153
   16    2    p          :            (au)                 -2.093613729664
   17    2    p          :            (au)                 -2.093613438161
   18    2    p          :            (au)                 -0.318011558606
   19    2    p          :            (au)                 -0.300476113579
   20    2    p          :            (au)                 -0.300475726061
   21    2    p          :            (au)                 -0.299004220265
   22    2    p          :            (au)                 -0.299003246084
   23    2    p          :            (au)                 -0.207812746179
---------------------------------------------------------------------------
 Sum occupied            :            (au)              -3112.699574362815
===========================================================================


===========================================================================
                           Dipole Moment (dip-1)
---------------------------------------------------------------------------
 r_O                     :        0.000000        0.000000        0.000000
---------------------------------------------------------------------------
 Electronic vector       :        0.000001        0.000007       -4.935087
 Magnitude               :            (au)                        4.935087
                         :         (Debye)                       12.543738
---------------------------------------------------------------------------
 Nuclear vector          :       -0.000000       -0.000000        3.649061
 Magnitude               :            (au)                        3.649061
                         :         (Debye)                        9.274987
---------------------------------------------------------------------------
 Total vector            :        0.000001        0.000007       -1.286025
 Magnitude               :            (au)                        1.286025
                         :         (Debye)                        3.268750
===========================================================================


                                                                           
                                                                           
***************************************************************************
***                                                                     ***
***                            Exiting MRChem                           ***
***                                                                     ***
***                       Wall time :  0h 16m 52s                       ***
***                                                                     ***
***************************************************************************
                                                                           
                                                                           
