Starting job 348834 on b[4138-4143] at Mon May 9 11:01:55 CEST 2022

Copying AgH.out to /cluster/home/ambr/projects/zora/small_molecules/calcs_nrel
Copying AgH.json to /cluster/home/ambr/projects/zora/small_molecules/calcs_nrel

Task and CPU usage stats:
JobID           JobName  AllocCPUS   NTasks     MinCPU MinCPUTask     AveCPU    Elapsed ExitCode 
------------ ---------- ---------- -------- ---------- ---------- ---------- ---------- -------- 
348834              AgH        768                                             00:17:05      0:0 
348834.batch      batch        128        1   08:18:48          0   08:18:48   00:17:05      0:0 
348834.exte+     extern        768        6   00:00:00          4   00:00:00   00:17:06      0:0 
348834.0          orted        640        5   03:32:52          4   04:30:19   00:16:56      0:0 

Memory usage stats:
JobID            MaxRSS MaxRSSTask     AveRSS MaxPages   MaxPagesTask   AvePages 
------------ ---------- ---------- ---------- -------- -------------- ---------- 
348834                                                                           
348834.batch  12884801K          0  12884801K       77              0         77 
348834.exte+       849K          5    847.50K        1              4          1 
348834.0      13097419K          0  11096882K       84              2         71 

Disk usage stats:
JobID         MaxDiskRead MaxDiskReadTask    AveDiskRead MaxDiskWrite MaxDiskWriteTask   AveDiskWrite 
------------ ------------ --------------- -------------- ------------ ---------------- -------------- 
348834                                                                                                
348834.batch       55.47M               0         55.47M       98.57M                0         98.57M 
348834.exte+        0.00M               4          0.00M            0                4              0 
348834.0           45.52M               2         45.50M       98.48M                0         98.47M 

Job 348834 completed at Mon May 9 11:19:01 CEST 2022
