                                                                           
                                                                           
***************************************************************************
***                                                                     ***
***                                                                     ***
***          __  __ ____   ____ _                                       ***
***         |  \/  |  _ \ / ___| |__   ___ _ __ ___                     ***
***         | |\/| | |_) | |   | '_ \ / _ \ '_ ` _ \                    ***
***         | |  | |  _ <| |___| | | |  __/ | | | | |                   ***
***         |_|  |_|_| \_\\____|_| |_|\___|_| |_| |_|                   ***
***                                                                     ***
***         VERSION            1.1.0-alpha                              ***
***                                                                     ***
***         Git branch         master                                   ***
***         Git commit hash    fd794b72b2c46cc6d41b                     ***
***         Git commit author  Stig Rune Jensen                         ***
***         Git commit date    Tue Mar 22 21:12:37 2022 +0100           ***
***                                                                     ***
***         Contact: luca.frediani@uit.no                               ***
***                                                                     ***
***         Radovan Bast            Magnar Bjorgve                      ***
***         Roberto Di Remigio      Antoine Durdek                      ***
***         Luca Frediani           Gabriel Gerez                       ***
***         Stig Rune Jensen        Jonas Juselius                      ***
***         Rune Monstad            Peter Wind                          ***
***                                                                     ***
***************************************************************************

---------------------------------------------------------------------------

 MPI processes           :       (24 bank)                              72
 OpenMP threads          :                                              15
 Total cores             :                                             744
                                                                           
---------------------------------------------------------------------------

XCFun DFT library Copyright 2009-2020 Ulf Ekstrom and contributors.
See http://dftlibs.org/xcfun/ for more information.

This is free software; see the source code for copying conditions.
There is ABSOLUTELY NO WARRANTY; not even for MERCHANTABILITY or
FITNESS FOR A PARTICULAR PURPOSE. For details see the documentation.
Scientific users of this library should cite
U. Ekstrom, L. Visscher, R. Bast, A. J. Thorvaldsen and K. Ruud;
J.Chem.Theor.Comp. 2010, DOI: 10.1021/ct100117s

---------------------------------------------------------------------------

 MRCPP version         : 1.4.1
 Git branch            : HEAD
 Git commit hash       : 75d41879b1908a94a452
 Git commit author     : Stig Rune Jensen
 Git commit date       : Thu Jan 6 11:38:53 2022 +0100

 Linear algebra        : EIGEN v3.4.0
 Parallelization       : MPI/OpenMP (15 threads)

---------------------------------------------------------------------------


                                                                           
===========================================================================
                         MultiResolution Analysis
---------------------------------------------------------------------------
 polynomial order      : 8
 polynomial type       : Interpolating
---------------------------------------------------------------------------
 total boxes           : 8
 boxes                 : [          2           2           2 ]
 unit lengths          : [  128.00000   128.00000   128.00000 ]
 scaling factor        : [    1.00000     1.00000     1.00000 ]
 lower bounds          : [ -128.00000  -128.00000  -128.00000 ]
 upper bounds          : [  128.00000   128.00000   128.00000 ]
 total length          : [  256.00000   256.00000   256.00000 ]
===========================================================================


                                                                           
***************************************************************************
***                                                                     ***
***                        Initializing Molecule                        ***
***                                                                     ***
***************************************************************************
                                                                           
                                                                           
===========================================================================
                                 Molecule
---------------------------------------------------------------------------
 Charge                  :                                               0
 Multiplicity            :                                               2
---------------------------------------------------------------------------
    N    Atom            :               x               y               z
---------------------------------------------------------------------------
    0      Ag            :        0.000000        0.000000        0.000000
    1       O            :        0.000000        0.000000        3.649061
---------------------------------------------------------------------------
 Center of mass          :        0.000000        0.000000        0.471332
===========================================================================


                                                                           
***************************************************************************
***                                                                     ***
***                 Computing Ground State Wavefunction                 ***
***                                                                     ***
***************************************************************************
                                                                           
                                                                           
~~~~~~~~~~~~~~~~~~~~~~~~~~~~~~~~~~~~~~~~~~~~~~~~~~~~~~~~~~~~~~~~~~~~~~~~~~~
 Calculation             : Compute initial orbitals
 Method                  : Diagonalize SAD Hamiltonian
 Precision               : 1.00000e-05
 Screening               : 1.20000e+01 StdDev
 Restricted              : False
 Functional              : LDA (SVWN5)
 AO basis                : 3-21G
~~~~~~~~~~~~~~~~~~~~~~~~~~~~~~~~~~~~~~~~~~~~~~~~~~~~~~~~~~~~~~~~~~~~~~~~~~~


===========================================================================
                            Molecular Orbitals
---------------------------------------------------------------------------
 Alpha electrons         :                                              28
 Beta electrons          :                                              27
 Total electrons         :                                              55
---------------------------------------------------------------------------
    n  Occ Spin          :                                            Norm
---------------------------------------------------------------------------
    0    1    a          :                              1.000000000011e+00
    1    1    a          :                              1.000000000003e+00
    2    1    a          :                              9.999999999858e-01
    3    1    a          :                              9.999999999867e-01
    4    1    a          :                              9.999999999867e-01
    5    1    a          :                              9.999999999403e-01
    6    1    a          :                              9.999999999795e-01
    7    1    a          :                              9.999999999867e-01
    8    1    a          :                              9.999999999867e-01
    9    1    a          :                              9.999999990076e-01
   10    1    a          :                              9.999999999940e-01
   11    1    a          :                              9.999999999998e-01
   12    1    a          :                              9.999999999998e-01
   13    1    a          :                              9.999999999996e-01
   14    1    a          :                              1.000000000000e+00
   15    1    a          :                              1.000000000025e+00
   16    1    a          :                              9.999999999180e-01
   17    1    a          :                              9.999999999050e-01
   18    1    a          :                              9.999999999055e-01
   19    1    a          :                              1.000000000000e+00
   20    1    a          :                              1.000000000007e+00
   21    1    a          :                              1.000000000004e+00
   22    1    a          :                              1.000000000004e+00
   23    1    a          :                              9.999999999989e-01
   24    1    a          :                              1.000000000000e+00
   25    1    a          :                              1.000000000002e+00
   26    1    a          :                              1.000000000004e+00
   27    1    a          :                              9.999999992199e-01
   28    1    b          :                              1.000000000011e+00
   29    1    b          :                              1.000000000003e+00
   30    1    b          :                              9.999999999858e-01
   31    1    b          :                              9.999999999867e-01
   32    1    b          :                              9.999999999867e-01
   33    1    b          :                              9.999999999403e-01
   34    1    b          :                              9.999999999795e-01
   35    1    b          :                              9.999999999867e-01
   36    1    b          :                              9.999999999867e-01
   37    1    b          :                              9.999999990076e-01
   38    1    b          :                              9.999999999940e-01
   39    1    b          :                              9.999999999998e-01
   40    1    b          :                              9.999999999998e-01
   41    1    b          :                              9.999999999996e-01
   42    1    b          :                              1.000000000000e+00
   43    1    b          :                              1.000000000025e+00
   44    1    b          :                              9.999999999180e-01
   45    1    b          :                              9.999999999050e-01
   46    1    b          :                              9.999999999055e-01
   47    1    b          :                              1.000000000000e+00
   48    1    b          :                              1.000000000007e+00
   49    1    b          :                              1.000000000004e+00
   50    1    b          :                              1.000000000004e+00
   51    1    b          :                              9.999999999974e-01
   52    1    b          :                              1.000000000000e+00
   53    1    b          :                              1.000000000002e+00
   54    1    b          :                              1.000000000004e+00
===========================================================================


~~~~~~~~~~~~~~~~~~~~~~~~~~~~~~~~~~~~~~~~~~~~~~~~~~~~~~~~~~~~~~~~~~~~~~~~~~~
 Calculation             : Compute initial energy
 Method                  : DFT (PBE)
 Relativity              : None
 Precision               : 1.00000e-05
 Localization            : On
~~~~~~~~~~~~~~~~~~~~~~~~~~~~~~~~~~~~~~~~~~~~~~~~~~~~~~~~~~~~~~~~~~~~~~~~~~~


===========================================================================
                        Molecular Energy (initial)
---------------------------------------------------------------------------
 Kinetic energy          :            (au)               5254.276294436629
 E-N energy              :            (au)             -12703.601769567977
 Coulomb energy          :            (au)               2250.665381379353
 Exchange energy         :            (au)                  0.000000000000
 X-C energy              :            (au)               -153.932085023025
 Ext. field (el)         :            (au)                  0.000000000000
---------------------------------------------------------------------------
 N-N energy              :            (au)                103.040202640874
 Ext. field (nuc)        :            (au)                  0.000000000000
 Tot. Reac. Energy       :            (au)                  0.000000000000
 El. Reac. Energy        :            (au)                  0.000000000000
 Nuc. Reac. Energy       :            (au)                  0.000000000000
---------------------------------------------------------------------------
 Electronic energy       :            (au)              -5352.592178775019
 Nuclear energy          :            (au)                103.040202640874
---------------------------------------------------------------------------
 Total energy            :            (au)             -5.249551976134e+03
                         :      (kcal/mol)             -3.294143573032e+06
                         :        (kJ/mol)             -1.378269671851e+07
                         :            (eV)             -1.428475801626e+05
===========================================================================


===========================================================================
                        Orbital Energies (initial)
---------------------------------------------------------------------------
    n  Occ Spin          :                                         Epsilon
---------------------------------------------------------------------------
    0    1    a          :            (au)               -896.527446254076
    1    1    a          :            (au)               -130.100320092138
    2    1    a          :            (au)               -120.710751267006
    3    1    a          :            (au)               -120.700318326529
    4    1    a          :            (au)               -120.699929950330
    5    1    a          :            (au)                -24.305402848060
    6    1    a          :            (au)                -20.350082765644
    7    1    a          :            (au)                -20.327833819755
    8    1    a          :            (au)                -20.327198917586
    9    1    a          :            (au)                -17.616803569195
   10    1    a          :            (au)                -13.966265324300
   11    1    a          :            (au)                -13.952427248224
   12    1    a          :            (au)                -13.952192921109
   13    1    a          :            (au)                -13.940760620667
   14    1    a          :            (au)                -13.940759690886
   15    1    a          :            (au)                 -3.680402122319
   16    1    a          :            (au)                 -2.437213219468
   17    1    a          :            (au)                 -2.403067986095
   18    1    a          :            (au)                 -2.400825798427
   19    1    a          :            (au)                 -0.633185083512
   20    1    a          :            (au)                 -0.632625376046
   21    1    a          :            (au)                 -0.631798835265
   22    1    a          :            (au)                 -0.629280919456
   23    1    a          :            (au)                 -0.628479709703
   24    1    a          :            (au)                 -0.207966990570
   25    1    a          :            (au)                  0.277335428677
   26    1    a          :            (au)                  0.363231222101
   27    1    a          :            (au)                  0.373834541135
   28    1    b          :            (au)               -896.527255390388
   29    1    b          :            (au)               -130.095321885176
   30    1    b          :            (au)               -120.705488898285
   31    1    b          :            (au)               -120.697516131385
   32    1    b          :            (au)               -120.697360170621
   33    1    b          :            (au)                -24.302925855927
   34    1    b          :            (au)                -20.343199801515
   35    1    b          :            (au)                -20.326299438126
   36    1    b          :            (au)                -20.325782194095
   37    1    b          :            (au)                -17.614069209078
   38    1    b          :            (au)                -13.953891035870
   39    1    b          :            (au)                -13.949797660483
   40    1    b          :            (au)                -13.949458520970
   41    1    b          :            (au)                -13.938652459711
   42    1    b          :            (au)                -13.938649809849
   43    1    b          :            (au)                 -3.660049456055
   44    1    b          :            (au)                 -2.400405144538
   45    1    b          :            (au)                 -2.389986561703
   46    1    b          :            (au)                 -2.388772112365
   47    1    b          :            (au)                 -0.623330221784
   48    1    b          :            (au)                 -0.621850362720
   49    1    b          :            (au)                 -0.612738794257
   50    1    b          :            (au)                 -0.612681266145
   51    1    b          :            (au)                 -0.240518963135
   52    1    b          :            (au)                  0.127159915354
   53    1    b          :            (au)                  0.367063555067
   54    1    b          :            (au)                  0.377606796971
---------------------------------------------------------------------------
 Sum occupied            :            (au)              -3148.733109541242
===========================================================================


~~~~~~~~~~~~~~~~~~~~~~~~~~~~~~~~~~~~~~~~~~~~~~~~~~~~~~~~~~~~~~~~~~~~~~~~~~~
 Calculation             : Optimize ground state orbitals
 Method                  : DFT (PBE)
 Relativity              : None
 Checkpointing           : Off
 Max iterations          : 500
 KAIN solver             : 6
 Localization            : First two iterations
 Diagonalization         : Off
 Start precision         : 1.00000e-05
 Final precision         : 1.00000e-05
 Helmholtz precision     : Dynamic
 Energy threshold        : Off
 Orbital threshold       : 1.00000e-04
~~~~~~~~~~~~~~~~~~~~~~~~~~~~~~~~~~~~~~~~~~~~~~~~~~~~~~~~~~~~~~~~~~~~~~~~~~~


===========================================================================
 Iter           MO residual             Total energy                Update
---------------------------------------------------------------------------
    0          7.416198e+00       -5249.551976134146         -5.249552e+03
    1          6.431287e-01       -5273.531719031262         -2.397974e+01
    2          3.886306e-01       -5274.396325765900         -8.646067e-01
    3          4.801560e-01       -5274.421511405485         -2.518564e-02
    4          2.564559e-01       -5274.564383235554         -1.428718e-01
    5          1.305825e-01       -5274.590568550535         -2.618531e-02
    6          1.108810e-01       -5274.599622258454         -9.053708e-03
    7          9.866746e-02       -5274.608563110474         -8.940852e-03
    8          1.056090e-01       -5274.621371180056         -1.280807e-02
    9          7.910294e-02       -5274.628631242833         -7.260063e-03
   10          1.148429e-01       -5274.635800462339         -7.169220e-03
   11          5.088725e-02       -5274.640155462688         -4.355000e-03
   12          1.114392e-01       -5274.644105047690         -3.949585e-03
   13          1.555796e-01       -5274.646705841884         -2.600794e-03
   14          1.110049e-01       -5274.648352138659         -1.646297e-03
   15          4.774391e-02       -5274.649715219590         -1.363081e-03
   16          3.812959e-02       -5274.650151015148         -4.357956e-04
   17          1.062842e-02       -5274.650243262690         -9.224754e-05
   18          1.236892e-02       -5274.650328658611         -8.539592e-05
   19          7.566399e-03       -5274.650383263845         -5.460523e-05
   20          1.153450e-02       -5274.650448246395         -6.498255e-05
   21          6.328638e-03       -5274.650482331279         -3.408488e-05
   22          7.028686e-03       -5274.650502288389         -1.995711e-05
   23          5.235781e-03       -5274.650525115244         -2.282685e-05
   24          6.296892e-03       -5274.650552198967         -2.708372e-05
   25          2.819423e-03       -5274.650555997771         -3.798805e-06
   26          2.620714e-03       -5274.650563011153         -7.013382e-06
   27          1.693510e-03       -5274.650565971127         -2.959973e-06
   28          2.353748e-03       -5274.650569787040         -3.815913e-06
   29          1.595096e-03       -5274.650571869945         -2.082905e-06
   30          1.065043e-03       -5274.650573485132         -1.615187e-06
   31          1.203110e-03       -5274.650574811874         -1.326743e-06
   32          6.974534e-04       -5274.650575419580         -6.077053e-07
   33          7.945045e-04       -5274.650575977300         -5.577203e-07
   34          7.324696e-04       -5274.650576468342         -4.910416e-07
   35          8.901174e-04       -5274.650576988459         -5.201173e-07
   36          4.891607e-04       -5274.650577201376         -2.129173e-07
   37          5.385492e-04       -5274.650577434260         -2.328834e-07
   38          5.225803e-04       -5274.650577643981         -2.097213e-07
   39          5.992267e-04       -5274.650577784021         -1.400404e-07
   40          3.460538e-04       -5274.650577872122         -8.810093e-08
   41          3.721387e-04       -5274.650577953043         -8.092138e-08
   42          3.004046e-04       -5274.650578010121         -5.707716e-08
   43          2.393558e-04       -5274.650578060931         -5.081074e-08
   44          3.226264e-04       -5274.650578141032         -8.010102e-08
   45          2.853182e-04       -5274.650578193585         -5.255242e-08
   46          3.926685e-04       -5274.650578282888         -8.930328e-08
   47          2.364955e-04       -5274.650578322457         -3.956939e-08
---------------------------------------------------------------------------
                      SCF converged in 47 iterations!
===========================================================================


                                                                           
***************************************************************************
***                                                                     ***
***                    Printing Molecular Properties                    ***
***                                                                     ***
***************************************************************************
                                                                           
                                                                           
===========================================================================
                                 Molecule
---------------------------------------------------------------------------
 Charge                  :                                               0
 Multiplicity            :                                               2
---------------------------------------------------------------------------
    N    Atom            :               x               y               z
---------------------------------------------------------------------------
    0      Ag            :        0.000000        0.000000        0.000000
    1       O            :        0.000000        0.000000        3.649061
---------------------------------------------------------------------------
 Center of mass          :        0.000000        0.000000        0.471332
===========================================================================


===========================================================================
                         Molecular Energy (final)
---------------------------------------------------------------------------
 Kinetic energy          :            (au)               5272.230285546590
 E-N energy              :            (au)             -12765.803788220757
 Coulomb energy          :            (au)               2270.131663485723
 Exchange energy         :            (au)                  0.000000000000
 X-C energy              :            (au)               -154.248941774887
 Ext. field (el)         :            (au)                  0.000000000000
---------------------------------------------------------------------------
 N-N energy              :            (au)                103.040202640874
 Ext. field (nuc)        :            (au)                  0.000000000000
 Tot. Reac. Energy       :            (au)                  0.000000000000
 El. Reac. Energy        :            (au)                  0.000000000000
 Nuc. Reac. Energy       :            (au)                  0.000000000000
---------------------------------------------------------------------------
 Electronic energy       :            (au)              -5377.690780963331
 Nuclear energy          :            (au)                103.040202640874
---------------------------------------------------------------------------
 Total energy            :            (au)             -5.274650578322e+03
                         :      (kcal/mol)             -3.309893183564e+06
                         :        (kJ/mol)             -1.384859308902e+07
                         :            (eV)             -1.435305478909e+05
===========================================================================


===========================================================================
                         Orbital Energies (final)
---------------------------------------------------------------------------
    n  Occ Spin          :                                         Epsilon
---------------------------------------------------------------------------
    0    1    a          :            (au)               -901.462081348716
    1    1    a          :            (au)               -130.038785969587
    2    1    a          :            (au)               -121.011814344949
    3    1    a          :            (au)               -121.010693466461
    4    1    a          :            (au)               -121.010693088976
    5    1    a          :            (au)                -23.775726155963
    6    1    a          :            (au)                -20.139387582026
    7    1    a          :            (au)                -20.137262794248
    8    1    a          :            (au)                -20.137262522390
    9    1    a          :            (au)                -18.711459068188
   10    1    a          :            (au)                -13.417065151814
   11    1    a          :            (au)                -13.415054206578
   12    1    a          :            (au)                -13.415053996802
   13    1    a          :            (au)                -13.414121998180
   14    1    a          :            (au)                -13.414113222114
   15    1    a          :            (au)                 -3.287750184480
   16    1    a          :            (au)                 -2.152274933667
   17    1    a          :            (au)                 -2.143720120127
   18    1    a          :            (au)                 -2.143718374242
   19    1    a          :            (au)                 -0.769946721619
   20    1    a          :            (au)                 -0.381975313586
   21    1    a          :            (au)                 -0.357909775287
   22    1    a          :            (au)                 -0.357908665286
   23    1    a          :            (au)                 -0.348344646431
   24    1    a          :            (au)                 -0.348343325361
   25    1    a          :            (au)                 -0.246943884892
   26    1    a          :            (au)                 -0.189205503888
   27    1    a          :            (au)                 -0.189204634057
   28    1    b          :            (au)               -901.461765044441
   29    1    b          :            (au)               -130.038102536408
   30    1    b          :            (au)               -121.011227573586
   31    1    b          :            (au)               -121.010108977169
   32    1    b          :            (au)               -121.010108853119
   33    1    b          :            (au)                -23.775167745811
   34    1    b          :            (au)                -20.137433905000
   35    1    b          :            (au)                -20.137319541554
   36    1    b          :            (au)                -20.137319146534
   37    1    b          :            (au)                -18.695478892044
   38    1    b          :            (au)                -13.414540627739
   39    1    b          :            (au)                -13.414414977171
   40    1    b          :            (au)                -13.414406414249
   41    1    b          :            (au)                -13.414148755467
   42    1    b          :            (au)                -13.414148498627
   43    1    b          :            (au)                 -3.285050434980
   44    1    b          :            (au)                 -2.146208585281
   45    1    b          :            (au)                 -2.142400173251
   46    1    b          :            (au)                 -2.142399049828
   47    1    b          :            (au)                 -0.728774361208
   48    1    b          :            (au)                 -0.358452534791
   49    1    b          :            (au)                 -0.354124662290
   50    1    b          :            (au)                 -0.354123711036
   51    1    b          :            (au)                 -0.343030404882
   52    1    b          :            (au)                 -0.343029052076
   53    1    b          :            (au)                 -0.174610086275
   54    1    b          :            (au)                 -0.174609893243
---------------------------------------------------------------------------
 Sum occupied            :            (au)              -3154.460325437975
===========================================================================


===========================================================================
                           Dipole Moment (dip-1)
---------------------------------------------------------------------------
 r_O                     :        0.000000        0.000000        0.000000
---------------------------------------------------------------------------
 Electronic vector       :        0.001375       -0.000511      -31.494451
 Magnitude               :            (au)                       31.494451
                         :         (Debye)                       80.050903
---------------------------------------------------------------------------
 Nuclear vector          :       -0.000000       -0.000000       29.192489
 Magnitude               :            (au)                       29.192489
                         :         (Debye)                       74.199899
---------------------------------------------------------------------------
 Total vector            :        0.001375       -0.000511       -2.301962
 Magnitude               :            (au)                        2.301963
                         :         (Debye)                        5.851005
===========================================================================


                                                                           
                                                                           
***************************************************************************
***                                                                     ***
***                            Exiting MRChem                           ***
***                                                                     ***
***                       Wall time :  0h 24m 20s                       ***
***                                                                     ***
***************************************************************************
                                                                           
                                                                           
