Starting job 348835 on b[1351-1356] at Mon May 9 11:01:55 CEST 2022

Copying AgO.out to /cluster/home/ambr/projects/zora/small_molecules/calcs_nrel
Copying AgO.json to /cluster/home/ambr/projects/zora/small_molecules/calcs_nrel

Task and CPU usage stats:
JobID           JobName  AllocCPUS   NTasks     MinCPU MinCPUTask     AveCPU    Elapsed ExitCode 
------------ ---------- ---------- -------- ---------- ---------- ---------- ---------- -------- 
348835              AgO        768                                             00:24:39      0:0 
348835.batch      batch        128        1   16:49:54          0   16:49:54   00:24:39      0:0 
348835.exte+     extern        768        6   00:00:00          1   00:00:00   00:24:39      0:0 
348835.0          orted        640        5   10:51:02          0   10:59:46   00:24:26      0:0 

Memory usage stats:
JobID            MaxRSS MaxRSSTask     AveRSS MaxPages   MaxPagesTask   AvePages 
------------ ---------- ---------- ---------- -------- -------------- ---------- 
348835                                                                           
348835.batch  25329478K          0  25329478K       71              0         71 
348835.exte+       851K          2       848K        1              1          1 
348835.0      21743136K          2 220912152+       81              1         76 

Disk usage stats:
JobID         MaxDiskRead MaxDiskReadTask    AveDiskRead MaxDiskWrite MaxDiskWriteTask   AveDiskWrite 
------------ ------------ --------------- -------------- ------------ ---------------- -------------- 
348835                                                                                                
348835.batch       55.75M               0         55.75M      716.63M                0        716.63M 
348835.exte+        0.00M               1          0.00M            0                1              0 
348835.0           45.85M               0         45.83M      106.67M                0        102.56M 

Job 348835 completed at Mon May 9 11:26:35 CEST 2022
