Starting job 348836 on b[1357-1362] at Mon May 9 11:01:55 CEST 2022

Copying I2.out to /cluster/home/ambr/projects/zora/small_molecules/calcs_nrel
Copying I2.json to /cluster/home/ambr/projects/zora/small_molecules/calcs_nrel

Task and CPU usage stats:
JobID           JobName  AllocCPUS   NTasks     MinCPU MinCPUTask     AveCPU    Elapsed ExitCode 
------------ ---------- ---------- -------- ---------- ---------- ---------- ---------- -------- 
348836               I2        768                                             00:16:18      0:0 
348836.batch      batch        128        1   10:10:19          0   10:10:19   00:16:18      0:0 
348836.exte+     extern        768        6   00:00:00          5   00:00:00   00:16:19      0:0 
348836.0          orted        640        5   05:24:47          0   05:30:08   00:16:06      0:0 

Memory usage stats:
JobID            MaxRSS MaxRSSTask     AveRSS MaxPages   MaxPagesTask   AvePages 
------------ ---------- ---------- ---------- -------- -------------- ---------- 
348836                                                                           
348836.batch  21848022K          0  21848022K       82              0         82 
348836.exte+       851K          3     868693        1              5          1 
348836.0      19983007K          4 203692392+       75              3         68 

Disk usage stats:
JobID         MaxDiskRead MaxDiskReadTask    AveDiskRead MaxDiskWrite MaxDiskWriteTask   AveDiskWrite 
------------ ------------ --------------- -------------- ------------ ---------------- -------------- 
348836                                                                                                
348836.batch       55.61M               0         55.61M      670.84M                0        670.84M 
348836.exte+        0.00M               5          0.00M            0                5              0 
348836.0           45.58M               1         45.57M      102.56M                4         99.29M 

Job 348836 completed at Mon May 9 11:18:14 CEST 2022
