                                                                           
                                                                           
***************************************************************************
***                                                                     ***
***                                                                     ***
***          __  __ ____   ____ _                                       ***
***         |  \/  |  _ \ / ___| |__   ___ _ __ ___                     ***
***         | |\/| | |_) | |   | '_ \ / _ \ '_ ` _ \                    ***
***         | |  | |  _ <| |___| | | |  __/ | | | | |                   ***
***         |_|  |_|_| \_\\____|_| |_|\___|_| |_| |_|                   ***
***                                                                     ***
***         VERSION            1.1.0-alpha                              ***
***                                                                     ***
***         Git branch         master                                   ***
***         Git commit hash    fd794b72b2c46cc6d41b                     ***
***         Git commit author  Stig Rune Jensen                         ***
***         Git commit date    Tue Mar 22 21:12:37 2022 +0100           ***
***                                                                     ***
***         Contact: luca.frediani@uit.no                               ***
***                                                                     ***
***         Radovan Bast            Magnar Bjorgve                      ***
***         Roberto Di Remigio      Antoine Durdek                      ***
***         Luca Frediani           Gabriel Gerez                       ***
***         Stig Rune Jensen        Jonas Juselius                      ***
***         Rune Monstad            Peter Wind                          ***
***                                                                     ***
***************************************************************************

---------------------------------------------------------------------------

 MPI processes           :       (24 bank)                              72
 OpenMP threads          :                                              15
 Total cores             :                                             744
                                                                           
---------------------------------------------------------------------------

XCFun DFT library Copyright 2009-2020 Ulf Ekstrom and contributors.
See http://dftlibs.org/xcfun/ for more information.

This is free software; see the source code for copying conditions.
There is ABSOLUTELY NO WARRANTY; not even for MERCHANTABILITY or
FITNESS FOR A PARTICULAR PURPOSE. For details see the documentation.
Scientific users of this library should cite
U. Ekstrom, L. Visscher, R. Bast, A. J. Thorvaldsen and K. Ruud;
J.Chem.Theor.Comp. 2010, DOI: 10.1021/ct100117s

---------------------------------------------------------------------------

 MRCPP version         : 1.4.1
 Git branch            : HEAD
 Git commit hash       : 75d41879b1908a94a452
 Git commit author     : Stig Rune Jensen
 Git commit date       : Thu Jan 6 11:38:53 2022 +0100

 Linear algebra        : EIGEN v3.4.0
 Parallelization       : MPI/OpenMP (15 threads)

---------------------------------------------------------------------------


                                                                           
===========================================================================
                         MultiResolution Analysis
---------------------------------------------------------------------------
 polynomial order      : 8
 polynomial type       : Interpolating
---------------------------------------------------------------------------
 total boxes           : 8
 boxes                 : [          2           2           2 ]
 unit lengths          : [  128.00000   128.00000   128.00000 ]
 scaling factor        : [    1.00000     1.00000     1.00000 ]
 lower bounds          : [ -128.00000  -128.00000  -128.00000 ]
 upper bounds          : [  128.00000   128.00000   128.00000 ]
 total length          : [  256.00000   256.00000   256.00000 ]
===========================================================================


                                                                           
***************************************************************************
***                                                                     ***
***                        Initializing Molecule                        ***
***                                                                     ***
***************************************************************************
                                                                           
                                                                           
===========================================================================
                                 Molecule
---------------------------------------------------------------------------
 Charge                  :                                               0
 Multiplicity            :                                               1
---------------------------------------------------------------------------
    N    Atom            :               x               y               z
---------------------------------------------------------------------------
    0       I            :        0.000000        0.000000        0.000000
    1       I            :        0.000000        0.000000        5.032341
---------------------------------------------------------------------------
 Center of mass          :        0.000000        0.000000        2.516170
===========================================================================


                                                                           
***************************************************************************
***                                                                     ***
***                 Computing Ground State Wavefunction                 ***
***                                                                     ***
***************************************************************************
                                                                           
                                                                           
~~~~~~~~~~~~~~~~~~~~~~~~~~~~~~~~~~~~~~~~~~~~~~~~~~~~~~~~~~~~~~~~~~~~~~~~~~~
 Calculation             : Compute initial orbitals
 Method                  : Diagonalize SAD Hamiltonian
 Precision               : 1.00000e-05
 Screening               : 1.20000e+01 StdDev
 Restricted              : True
 Functional              : LDA (SVWN5)
 AO basis                : 3-21G
~~~~~~~~~~~~~~~~~~~~~~~~~~~~~~~~~~~~~~~~~~~~~~~~~~~~~~~~~~~~~~~~~~~~~~~~~~~


===========================================================================
                            Molecular Orbitals
---------------------------------------------------------------------------
 Alpha electrons         :                                              53
 Beta electrons          :                                              53
 Total electrons         :                                             106
---------------------------------------------------------------------------
    n  Occ Spin          :                                            Norm
---------------------------------------------------------------------------
    0    2    p          :                              1.000000000474e+00
    1    2    p          :                              9.999999987678e-01
    2    2    p          :                              1.000000015122e+00
    3    2    p          :                              9.999999961675e-01
    4    2    p          :                              1.000000000948e+00
    5    2    p          :                              9.999999994255e-01
    6    2    p          :                              9.999999828327e-01
    7    2    p          :                              1.000000000004e+00
    8    2    p          :                              9.999999852830e-01
    9    2    p          :                              1.000000006671e+00
   10    2    p          :                              1.000000032544e+00
   11    2    p          :                              9.999997486662e-01
   12    2    p          :                              9.999999965579e-01
   13    2    p          :                              9.999999997030e-01
   14    2    p          :                              9.999999999492e-01
   15    2    p          :                              9.999999963839e-01
   16    2    p          :                              9.999999964752e-01
   17    2    p          :                              1.000000000094e+00
   18    2    p          :                              9.999999999819e-01
   19    2    p          :                              9.999999988078e-01
   20    2    p          :                              9.999999946924e-01
   21    2    p          :                              9.999999999623e-01
   22    2    p          :                              9.999999814426e-01
   23    2    p          :                              9.999997631748e-01
   24    2    p          :                              9.999999854800e-01
   25    2    p          :                              1.000000000000e+00
   26    2    p          :                              9.999999980323e-01
   27    2    p          :                              9.999999991984e-01
   28    2    p          :                              1.000000122770e+00
   29    2    p          :                              9.999999107558e-01
   30    2    p          :                              9.999999999976e-01
   31    2    p          :                              9.999999839967e-01
   32    2    p          :                              1.000000035727e+00
   33    2    p          :                              9.999999999185e-01
   34    2    p          :                              1.000000000000e+00
   35    2    p          :                              9.999999973368e-01
   36    2    p          :                              9.999999999908e-01
   37    2    p          :                              9.999999999899e-01
   38    2    p          :                              1.000000000185e+00
   39    2    p          :                              9.999999999948e-01
   40    2    p          :                              9.999999999553e-01
   41    2    p          :                              9.999999999995e-01
   42    2    p          :                              1.000000142659e+00
   43    2    p          :                              9.999984106916e-01
   44    2    p          :                              1.000003424148e+00
   45    2    p          :                              9.999997997058e-01
   46    2    p          :                              1.000001808423e+00
   47    2    p          :                              9.999965928266e-01
   48    2    p          :                              9.999999999941e-01
   49    2    p          :                              9.999999999998e-01
   50    2    p          :                              9.999999999901e-01
   51    2    p          :                              1.000000000000e+00
   52    2    p          :                              9.999999999856e-01
===========================================================================


~~~~~~~~~~~~~~~~~~~~~~~~~~~~~~~~~~~~~~~~~~~~~~~~~~~~~~~~~~~~~~~~~~~~~~~~~~~
 Calculation             : Compute initial energy
 Method                  : DFT (PBE)
 Relativity              : None
 Precision               : 1.00000e-05
 Localization            : On
~~~~~~~~~~~~~~~~~~~~~~~~~~~~~~~~~~~~~~~~~~~~~~~~~~~~~~~~~~~~~~~~~~~~~~~~~~~


===========================================================================
                        Molecular Energy (initial)
---------------------------------------------------------------------------
 Kinetic energy          :            (au)              13804.683926126821
 E-N energy              :            (au)             -33871.721872746704
 Coulomb energy          :            (au)               6080.995759332172
 Exchange energy         :            (au)                  0.000000000000
 X-C energy              :            (au)               -351.589891567885
 Ext. field (el)         :            (au)                  0.000000000000
---------------------------------------------------------------------------
 N-N energy              :            (au)                558.189555173311
 Ext. field (nuc)        :            (au)                  0.000000000000
 Tot. Reac. Energy       :            (au)                  0.000000000000
 El. Reac. Energy        :            (au)                  0.000000000000
 Nuc. Reac. Energy       :            (au)                  0.000000000000
---------------------------------------------------------------------------
 Electronic energy       :            (au)             -14337.632078855595
 Nuclear energy          :            (au)                558.189555173311
---------------------------------------------------------------------------
 Total energy            :            (au)             -1.377944252368e+04
                         :      (kcal/mol)             -8.646730661152e+06
                         :        (kJ/mol)             -3.617792110974e+07
                         :            (eV)             -3.749577162863e+05
===========================================================================


===========================================================================
                        Orbital Energies (initial)
---------------------------------------------------------------------------
    n  Occ Spin          :                                         Epsilon
---------------------------------------------------------------------------
    0    2    p          :            (au)              -1155.981665845175
    1    2    p          :            (au)              -1155.976253849388
    2    2    p          :            (au)               -174.503374539657
    3    2    p          :            (au)               -174.501607815438
    4    2    p          :            (au)               -163.385804883548
    5    2    p          :            (au)               -163.384356998970
    6    2    p          :            (au)               -163.382945998764
    7    2    p          :            (au)               -163.382706075369
    8    2    p          :            (au)               -163.381193038076
    9    2    p          :            (au)               -163.381034450181
   10    2    p          :            (au)                -35.264674547780
   11    2    p          :            (au)                -35.262841402909
   12    2    p          :            (au)                -30.498290905792
   13    2    p          :            (au)                -30.496422127922
   14    2    p          :            (au)                -30.489697731888
   15    2    p          :            (au)                -30.489266088807
   16    2    p          :            (au)                -30.487957367871
   17    2    p          :            (au)                -30.487529699254
   18    2    p          :            (au)                -22.580650393802
   19    2    p          :            (au)                -22.579075705707
   20    2    p          :            (au)                -22.578808255664
   21    2    p          :            (au)                -22.578562911008
   22    2    p          :            (au)                -22.577221712880
   23    2    p          :            (au)                -22.576970347978
   24    2    p          :            (au)                -22.572926330949
   25    2    p          :            (au)                -22.572925183517
   26    2    p          :            (au)                -22.571163129080
   27    2    p          :            (au)                -22.570925530691
   28    2    p          :            (au)                 -6.168444080214
   29    2    p          :            (au)                 -6.166397813899
   30    2    p          :            (au)                 -4.525851832664
   31    2    p          :            (au)                 -4.523074191230
   32    2    p          :            (au)                 -4.501632542664
   33    2    p          :            (au)                 -4.499872978461
   34    2    p          :            (au)                 -4.499503394803
   35    2    p          :            (au)                 -4.497747101100
   36    2    p          :            (au)                 -1.985183838775
   37    2    p          :            (au)                 -1.981122386759
   38    2    p          :            (au)                 -1.977623466895
   39    2    p          :            (au)                 -1.976038107787
   40    2    p          :            (au)                 -1.975431369916
   41    2    p          :            (au)                 -1.973836533684
   42    2    p          :            (au)                 -1.956370101879
   43    2    p          :            (au)                 -1.956321755664
   44    2    p          :            (au)                 -1.954698904313
   45    2    p          :            (au)                 -1.954658907808
   46    2    p          :            (au)                 -0.675716924711
   47    2    p          :            (au)                 -0.560721260968
   48    2    p          :            (au)                 -0.350568316297
   49    2    p          :            (au)                 -0.287656350064
   50    2    p          :            (au)                 -0.285783436746
   51    2    p          :            (au)                 -0.221062896601
   52    2    p          :            (au)                 -0.219200917987
---------------------------------------------------------------------------
 Sum occupied            :            (au)              -8364.342744559905
===========================================================================


~~~~~~~~~~~~~~~~~~~~~~~~~~~~~~~~~~~~~~~~~~~~~~~~~~~~~~~~~~~~~~~~~~~~~~~~~~~
 Calculation             : Optimize ground state orbitals
 Method                  : DFT (PBE)
 Relativity              : None
 Checkpointing           : Off
 Max iterations          : 500
 KAIN solver             : 6
 Localization            : First two iterations
 Diagonalization         : Off
 Start precision         : 1.00000e-05
 Final precision         : 1.00000e-05
 Helmholtz precision     : Dynamic
 Energy threshold        : Off
 Orbital threshold       : 1.00000e-04
~~~~~~~~~~~~~~~~~~~~~~~~~~~~~~~~~~~~~~~~~~~~~~~~~~~~~~~~~~~~~~~~~~~~~~~~~~~


===========================================================================
 Iter           MO residual             Total energy                Update
---------------------------------------------------------------------------
    0          7.280110e+00      -13779.442523682284         -1.377944e+04
    1          1.805756e-01      -13837.859072774527         -5.841655e+01
    2          5.332167e-02      -13839.865764793150         -2.006692e+00
    3          2.707097e-02      -13840.089011494170         -2.232467e-01
    4          2.426294e-02      -13840.135201099007         -4.618960e-02
    5          2.131620e-02      -13840.153882632281         -1.868153e-02
    6          1.103636e-02      -13840.155113870433         -1.231238e-03
    7          7.811338e-03      -13840.156934993056         -1.821123e-03
    8          3.306913e-03      -13840.157433121707         -4.981287e-04
    9          1.890689e-03      -13840.157639722256         -2.066005e-04
   10          1.595698e-03      -13840.157758877660         -1.191554e-04
   11          1.095130e-03      -13840.157782247150         -2.336949e-05
   12          8.593268e-04      -13840.157797752010         -1.550486e-05
   13          9.818839e-04      -13840.157817847970         -2.009596e-05
   14          7.762072e-04      -13840.157829685892         -1.183792e-05
   15          5.749956e-04      -13840.157833901001         -4.215110e-06
   16          2.916074e-04      -13840.157835861572         -1.960570e-06
---------------------------------------------------------------------------
                      SCF converged in 16 iterations!
===========================================================================


                                                                           
***************************************************************************
***                                                                     ***
***                    Printing Molecular Properties                    ***
***                                                                     ***
***************************************************************************
                                                                           
                                                                           
===========================================================================
                                 Molecule
---------------------------------------------------------------------------
 Charge                  :                                               0
 Multiplicity            :                                               1
---------------------------------------------------------------------------
    N    Atom            :               x               y               z
---------------------------------------------------------------------------
    0       I            :        0.000000        0.000000        0.000000
    1       I            :        0.000000        0.000000        5.032341
---------------------------------------------------------------------------
 Center of mass          :        0.000000        0.000000        2.516170
===========================================================================


===========================================================================
                         Molecular Energy (final)
---------------------------------------------------------------------------
 Kinetic energy          :            (au)              13835.211361140928
 E-N energy              :            (au)             -33972.047261993939
 Coulomb energy          :            (au)               6090.463215885510
 Exchange energy         :            (au)                  0.000000000000
 X-C energy              :            (au)               -351.974706067382
 Ext. field (el)         :            (au)                  0.000000000000
---------------------------------------------------------------------------
 N-N energy              :            (au)                558.189555173311
 Ext. field (nuc)        :            (au)                  0.000000000000
 Tot. Reac. Energy       :            (au)                  0.000000000000
 El. Reac. Energy        :            (au)                  0.000000000000
 Nuc. Reac. Energy       :            (au)                  0.000000000000
---------------------------------------------------------------------------
 Electronic energy       :            (au)             -14398.347391034882
 Nuclear energy          :            (au)                558.189555173311
---------------------------------------------------------------------------
 Total energy            :            (au)             -1.384015783586e+04
                         :      (kcal/mol)             -8.684830094458e+06
                         :        (kJ/mol)             -3.633732913879e+07
                         :            (eV)             -3.766098640244e+05
===========================================================================


===========================================================================
                         Orbital Energies (final)
---------------------------------------------------------------------------
    n  Occ Spin          :                                         Epsilon
---------------------------------------------------------------------------
    0    2    p          :            (au)              -1163.020375705049
    1    2    p          :            (au)              -1163.019187705401
    2    2    p          :            (au)               -175.220928167568
    3    2    p          :            (au)               -175.220240670194
    4    2    p          :            (au)               -164.660773805631
    5    2    p          :            (au)               -164.660328067993
    6    2    p          :            (au)               -164.658117565647
    7    2    p          :            (au)               -164.657810556946
    8    2    p          :            (au)               -164.657524049788
    9    2    p          :            (au)               -164.656801182292
   10    2    p          :            (au)                -35.288077684613
   11    2    p          :            (au)                -35.288015414020
   12    2    p          :            (au)                -30.851955159615
   13    2    p          :            (au)                -30.851494877284
   14    2    p          :            (au)                -30.845720058153
   15    2    p          :            (au)                -30.845621467034
   16    2    p          :            (au)                -30.845476023762
   17    2    p          :            (au)                -30.845375095720
   18    2    p          :            (au)                -22.598745060755
   19    2    p          :            (au)                -22.598708100277
   20    2    p          :            (au)                -22.597381484316
   21    2    p          :            (au)                -22.597374127930
   22    2    p          :            (au)                -22.597345986196
   23    2    p          :            (au)                -22.597338362777
   24    2    p          :            (au)                -22.593290745128
   25    2    p          :            (au)                -22.593286089422
   26    2    p          :            (au)                -22.593259084686
   27    2    p          :            (au)                -22.593254269079
   28    2    p          :            (au)                 -6.137563772102
   29    2    p          :            (au)                 -6.137509698295
   30    2    p          :            (au)                 -4.594271728784
   31    2    p          :            (au)                 -4.594059060257
   32    2    p          :            (au)                 -4.580207089341
   33    2    p          :            (au)                 -4.580205796903
   34    2    p          :            (au)                 -4.580185408060
   35    2    p          :            (au)                 -4.580182273755
   36    2    p          :            (au)                 -1.949561559692
   37    2    p          :            (au)                 -1.945448975974
   38    2    p          :            (au)                 -1.943975723986
   39    2    p          :            (au)                 -1.943975310097
   40    2    p          :            (au)                 -1.942850682098
   41    2    p          :            (au)                 -1.942849146367
   42    2    p          :            (au)                 -1.932018710634
   43    2    p          :            (au)                 -1.932017067195
   44    2    p          :            (au)                 -1.931919333016
   45    2    p          :            (au)                 -1.931917448983
   46    2    p          :            (au)                 -0.652549003377
   47    2    p          :            (au)                 -0.558354803549
   48    2    p          :            (au)                 -0.353525858237
   49    2    p          :            (au)                 -0.294300182729
   50    2    p          :            (au)                 -0.294299126698
   51    2    p          :            (au)                 -0.232492780659
   52    2    p          :            (au)                 -0.232492187706
---------------------------------------------------------------------------
 Sum occupied            :            (au)              -8415.705078591543
===========================================================================


===========================================================================
                           Dipole Moment (dip-1)
---------------------------------------------------------------------------
 r_O                     :        0.000000        0.000000        0.000000
---------------------------------------------------------------------------
 Electronic vector       :       -0.000104        0.000066     -266.714305
 Magnitude               :            (au)                      266.714305
                         :         (Debye)                      677.920079
---------------------------------------------------------------------------
 Nuclear vector          :       -0.000000       -0.000000      266.714056
 Magnitude               :            (au)                      266.714056
                         :         (Debye)                      677.919445
---------------------------------------------------------------------------
 Total vector            :       -0.000104        0.000066       -0.000249
 Magnitude               :            (au)                        0.000278
                         :         (Debye)                        0.000706
===========================================================================


                                                                           
                                                                           
***************************************************************************
***                                                                     ***
***                            Exiting MRChem                           ***
***                                                                     ***
***                       Wall time :  0h 16m  0s                       ***
***                                                                     ***
***************************************************************************
                                                                           
                                                                           
