Starting job 348837 on b[1363-1368] at Mon May 9 11:01:55 CEST 2022

Copying SrF.out to /cluster/home/ambr/projects/zora/small_molecules/calcs_nrel
Copying SrF.json to /cluster/home/ambr/projects/zora/small_molecules/calcs_nrel

Task and CPU usage stats:
JobID           JobName  AllocCPUS   NTasks     MinCPU MinCPUTask     AveCPU    Elapsed ExitCode 
------------ ---------- ---------- -------- ---------- ---------- ---------- ---------- -------- 
348837              SrF        768                                             00:07:45      0:0 
348837.batch      batch        128        1   05:28:40          0   05:28:40   00:07:45      0:0 
348837.exte+     extern        768        6   00:00:00          4   00:00:00   00:07:45      0:0 
348837.0          orted        640        5   04:42:29          4   05:03:01   00:07:33      0:0 

Memory usage stats:
JobID            MaxRSS MaxRSSTask     AveRSS MaxPages   MaxPagesTask   AvePages 
------------ ---------- ---------- ---------- -------- -------------- ---------- 
348837                                                                           
348837.batch  22667148K          0  22667148K       85              0          0 
348837.exte+       849K          3       847K        1              4          1 
348837.0      21908274K          2 218555938+       73              3         67 

Disk usage stats:
JobID         MaxDiskRead MaxDiskReadTask    AveDiskRead MaxDiskWrite MaxDiskWriteTask   AveDiskWrite 
------------ ------------ --------------- -------------- ------------ ---------------- -------------- 
348837                                                                                                
348837.batch      398.19M               0        398.19M      776.76M                0        776.76M 
348837.exte+        0.00M               4          0.00M            0                4              0 
348837.0           45.64M               4         45.63M       98.48M                0         98.47M 

Job 348837 completed at Mon May 9 11:09:41 CEST 2022
