                                                                           
                                                                           
***************************************************************************
***                                                                     ***
***                                                                     ***
***          __  __ ____   ____ _                                       ***
***         |  \/  |  _ \ / ___| |__   ___ _ __ ___                     ***
***         | |\/| | |_) | |   | '_ \ / _ \ '_ ` _ \                    ***
***         | |  | |  _ <| |___| | | |  __/ | | | | |                   ***
***         |_|  |_|_| \_\\____|_| |_|\___|_| |_| |_|                   ***
***                                                                     ***
***         VERSION            1.1.0-alpha                              ***
***                                                                     ***
***         Git branch         master                                   ***
***         Git commit hash    fd794b72b2c46cc6d41b                     ***
***         Git commit author  Stig Rune Jensen                         ***
***         Git commit date    Tue Mar 22 21:12:37 2022 +0100           ***
***                                                                     ***
***         Contact: luca.frediani@uit.no                               ***
***                                                                     ***
***         Radovan Bast            Magnar Bjorgve                      ***
***         Roberto Di Remigio      Antoine Durdek                      ***
***         Luca Frediani           Gabriel Gerez                       ***
***         Stig Rune Jensen        Jonas Juselius                      ***
***         Rune Monstad            Peter Wind                          ***
***                                                                     ***
***************************************************************************

---------------------------------------------------------------------------

 MPI processes           :       (24 bank)                              72
 OpenMP threads          :                                              15
 Total cores             :                                             744
                                                                           
---------------------------------------------------------------------------

XCFun DFT library Copyright 2009-2020 Ulf Ekstrom and contributors.
See http://dftlibs.org/xcfun/ for more information.

This is free software; see the source code for copying conditions.
There is ABSOLUTELY NO WARRANTY; not even for MERCHANTABILITY or
FITNESS FOR A PARTICULAR PURPOSE. For details see the documentation.
Scientific users of this library should cite
U. Ekstrom, L. Visscher, R. Bast, A. J. Thorvaldsen and K. Ruud;
J.Chem.Theor.Comp. 2010, DOI: 10.1021/ct100117s

---------------------------------------------------------------------------

 MRCPP version         : 1.4.1
 Git branch            : HEAD
 Git commit hash       : 75d41879b1908a94a452
 Git commit author     : Stig Rune Jensen
 Git commit date       : Thu Jan 6 11:38:53 2022 +0100

 Linear algebra        : EIGEN v3.4.0
 Parallelization       : MPI/OpenMP (15 threads)

---------------------------------------------------------------------------


                                                                           
===========================================================================
                         MultiResolution Analysis
---------------------------------------------------------------------------
 polynomial order      : 8
 polynomial type       : Interpolating
---------------------------------------------------------------------------
 total boxes           : 8
 boxes                 : [          2           2           2 ]
 unit lengths          : [  128.00000   128.00000   128.00000 ]
 scaling factor        : [    1.00000     1.00000     1.00000 ]
 lower bounds          : [ -128.00000  -128.00000  -128.00000 ]
 upper bounds          : [  128.00000   128.00000   128.00000 ]
 total length          : [  256.00000   256.00000   256.00000 ]
===========================================================================


                                                                           
***************************************************************************
***                                                                     ***
***                        Initializing Molecule                        ***
***                                                                     ***
***************************************************************************
                                                                           
                                                                           
===========================================================================
                                 Molecule
---------------------------------------------------------------------------
 Charge                  :                                               0
 Multiplicity            :                                               2
---------------------------------------------------------------------------
    N    Atom            :               x               y               z
---------------------------------------------------------------------------
    0      Sr            :        0.000000        0.000000        0.000000
    1       F            :        0.000000        0.000000        3.930630
---------------------------------------------------------------------------
 Center of mass          :        0.000000        0.000000        0.700402
===========================================================================


                                                                           
***************************************************************************
***                                                                     ***
***                 Computing Ground State Wavefunction                 ***
***                                                                     ***
***************************************************************************
                                                                           
                                                                           
~~~~~~~~~~~~~~~~~~~~~~~~~~~~~~~~~~~~~~~~~~~~~~~~~~~~~~~~~~~~~~~~~~~~~~~~~~~
 Calculation             : Compute initial orbitals
 Method                  : Diagonalize SAD Hamiltonian
 Precision               : 1.00000e-05
 Screening               : 1.20000e+01 StdDev
 Restricted              : False
 Functional              : LDA (SVWN5)
 AO basis                : 3-21G
~~~~~~~~~~~~~~~~~~~~~~~~~~~~~~~~~~~~~~~~~~~~~~~~~~~~~~~~~~~~~~~~~~~~~~~~~~~


===========================================================================
                            Molecular Orbitals
---------------------------------------------------------------------------
 Alpha electrons         :                                              24
 Beta electrons          :                                              23
 Total electrons         :                                              47
---------------------------------------------------------------------------
    n  Occ Spin          :                                            Norm
---------------------------------------------------------------------------
    0    1    a          :                              9.999999990211e-01
    1    1    a          :                              1.000000007574e+00
    2    1    a          :                              1.000000002709e+00
    3    1    a          :                              9.999999999894e-01
    4    1    a          :                              9.999999999793e-01
    5    1    a          :                              1.000000000009e+00
    6    1    a          :                              9.999999775323e-01
    7    1    a          :                              9.999999920889e-01
    8    1    a          :                              1.000000001022e+00
    9    1    a          :                              1.000000000736e+00
   10    1    a          :                              1.000000085043e+00
   11    1    a          :                              9.999999919602e-01
   12    1    a          :                              1.000000003390e+00
   13    1    a          :                              1.000000000043e+00
   14    1    a          :                              1.000000000007e+00
   15    1    a          :                              1.000000791355e+00
   16    1    a          :                              9.999904585688e-01
   17    1    a          :                              9.999976314246e-01
   18    1    a          :                              1.000003064590e+00
   19    1    a          :                              1.000001900125e+00
   20    1    a          :                              9.999561198090e-01
   21    1    a          :                              9.999927931262e-01
   22    1    a          :                              9.999987487191e-01
   23    1    a          :                              9.999965458542e-01
   24    1    b          :                              9.999999990211e-01
   25    1    b          :                              1.000000007574e+00
   26    1    b          :                              1.000000002709e+00
   27    1    b          :                              9.999999999894e-01
   28    1    b          :                              9.999999999793e-01
   29    1    b          :                              9.999999986431e-01
   30    1    b          :                              9.999999775322e-01
   31    1    b          :                              9.999999921235e-01
   32    1    b          :                              1.000000001022e+00
   33    1    b          :                              1.000000000737e+00
   34    1    b          :                              1.000000085023e+00
   35    1    b          :                              1.000000000083e+00
   36    1    b          :                              1.000000003390e+00
   37    1    b          :                              1.000000000043e+00
   38    1    b          :                              1.000000000007e+00
   39    1    b          :                              1.000000325440e+00
   40    1    b          :                              9.999948146517e-01
   41    1    b          :                              1.000000195052e+00
   42    1    b          :                              9.999996540213e-01
   43    1    b          :                              1.000006666348e+00
   44    1    b          :                              9.999998923188e-01
   45    1    b          :                              1.000001142158e+00
   46    1    b          :                              1.000001265680e+00
===========================================================================


~~~~~~~~~~~~~~~~~~~~~~~~~~~~~~~~~~~~~~~~~~~~~~~~~~~~~~~~~~~~~~~~~~~~~~~~~~~
 Calculation             : Compute initial energy
 Method                  : DFT (PBE)
 Relativity              : None
 Precision               : 1.00000e-05
 Localization            : On
~~~~~~~~~~~~~~~~~~~~~~~~~~~~~~~~~~~~~~~~~~~~~~~~~~~~~~~~~~~~~~~~~~~~~~~~~~~


===========================================================================
                        Molecular Energy (initial)
---------------------------------------------------------------------------
 Kinetic energy          :            (au)               3226.625644209631
 E-N energy              :            (au)              -7868.345101685136
 Coulomb energy          :            (au)               1451.401214712326
 Exchange energy         :            (au)                  0.000000000000
 X-C energy              :            (au)               -114.219355422257
 Ext. field (el)         :            (au)                  0.000000000000
---------------------------------------------------------------------------
 N-N energy              :            (au)                 87.008945254243
 Ext. field (nuc)        :            (au)                  0.000000000000
 Tot. Reac. Energy       :            (au)                  0.000000000000
 El. Reac. Energy        :            (au)                  0.000000000000
 Nuc. Reac. Energy       :            (au)                  0.000000000000
---------------------------------------------------------------------------
 Electronic energy       :            (au)              -3304.537598185436
 Nuclear energy          :            (au)                 87.008945254243
---------------------------------------------------------------------------
 Total energy            :            (au)             -3.217528652931e+03
                         :      (kcal/mol)             -2.019029696493e+06
                         :        (kJ/mol)             -8.447620255610e+06
                         :            (eV)             -8.755341108432e+04
===========================================================================


===========================================================================
                        Orbital Energies (initial)
---------------------------------------------------------------------------
    n  Occ Spin          :                                         Epsilon
---------------------------------------------------------------------------
    0    1    a          :            (au)               -569.963675423588
    1    1    a          :            (au)                -76.171163543211
    2    1    a          :            (au)                -69.151956134376
    3    1    a          :            (au)                -69.151954100763
    4    1    a          :            (au)                -69.151521688808
    5    1    a          :            (au)                -23.332498293704
    6    1    a          :            (au)                -11.740741206347
    7    1    a          :            (au)                 -9.198363470341
    8    1    a          :            (au)                 -9.198359888495
    9    1    a          :            (au)                 -9.195152981874
   10    1    a          :            (au)                 -4.674740961451
   11    1    a          :            (au)                 -4.674738402920
   12    1    a          :            (au)                 -4.672545908503
   13    1    a          :            (au)                 -4.672542616574
   14    1    a          :            (au)                 -4.671870803271
   15    1    a          :            (au)                 -1.459690669211
   16    1    a          :            (au)                 -0.845608831096
   17    1    a          :            (au)                 -0.844912502434
   18    1    a          :            (au)                 -0.836696952439
   19    1    a          :            (au)                 -0.547414425376
   20    1    a          :            (au)                 -0.124687745137
   21    1    a          :            (au)                  0.136634617201
   22    1    a          :            (au)                  0.146451781008
   23    1    a          :            (au)                  0.149354131115
   24    1    b          :            (au)               -569.963347774177
   25    1    b          :            (au)                -76.170905759335
   26    1    b          :            (au)                -69.151685578542
   27    1    b          :            (au)                -69.151683189661
   28    1    b          :            (au)                -69.151220146334
   29    1    b          :            (au)                -23.332109638471
   30    1    b          :            (au)                -11.740243421041
   31    1    b          :            (au)                 -9.197845365170
   32    1    b          :            (au)                 -9.197841148958
   33    1    b          :            (au)                 -9.194594666289
   34    1    b          :            (au)                 -4.674217163128
   35    1    b          :            (au)                 -4.674214221862
   36    1    b          :            (au)                 -4.671987525999
   37    1    b          :            (au)                 -4.671983752326
   38    1    b          :            (au)                 -4.671312746029
   39    1    b          :            (au)                 -1.456643074176
   40    1    b          :            (au)                 -0.841637533854
   41    1    b          :            (au)                 -0.841633576206
   42    1    b          :            (au)                 -0.834335152736
   43    1    b          :            (au)                 -0.545449247753
   44    1    b          :            (au)                  0.135292532907
   45    1    b          :            (au)                  0.137166081939
   46    1    b          :            (au)                  0.138020361988
---------------------------------------------------------------------------
 Sum occupied            :            (au)              -1887.572807725808
===========================================================================


~~~~~~~~~~~~~~~~~~~~~~~~~~~~~~~~~~~~~~~~~~~~~~~~~~~~~~~~~~~~~~~~~~~~~~~~~~~
 Calculation             : Optimize ground state orbitals
 Method                  : DFT (PBE)
 Relativity              : None
 Checkpointing           : Off
 Max iterations          : 500
 KAIN solver             : 6
 Localization            : First two iterations
 Diagonalization         : Off
 Start precision         : 1.00000e-05
 Final precision         : 1.00000e-05
 Helmholtz precision     : Dynamic
 Energy threshold        : Off
 Orbital threshold       : 1.00000e-04
~~~~~~~~~~~~~~~~~~~~~~~~~~~~~~~~~~~~~~~~~~~~~~~~~~~~~~~~~~~~~~~~~~~~~~~~~~~


===========================================================================
 Iter           MO residual             Total energy                Update
---------------------------------------------------------------------------
    0          6.855655e+00       -3217.528652931192         -3.217529e+03
    1          1.012082e+00       -3231.521777853365         -1.399312e+01
    2          8.404602e-01       -3232.621640989688         -1.099863e+00
    3          5.902432e-01       -3232.576744188462          4.489680e-02
    4          3.138826e-01       -3232.807410855292         -2.306667e-01
    5          1.602537e-01       -3232.829964350349         -2.255350e-02
    6          1.120147e-01       -3232.835634481171         -5.670131e-03
    7          8.657187e-02       -3232.842354107460         -6.719626e-03
    8          4.500441e-02       -3232.844664564688         -2.310457e-03
    9          3.405516e-02       -3232.845727202331         -1.062638e-03
   10          2.465950e-02       -3232.846331979671         -6.047773e-04
   11          8.527569e-03       -3232.846467191208         -1.352115e-04
   12          9.603602e-03       -3232.846567242515         -1.000513e-04
   13          1.216719e-02       -3232.846603987837         -3.674532e-05
   14          1.083551e-02       -3232.846647050260         -4.306242e-05
   15          6.819717e-03       -3232.846679669962         -3.261970e-05
   16          9.741406e-03       -3232.846713220679         -3.355072e-05
   17          7.682207e-03       -3232.846740166623         -2.694594e-05
   18          3.858514e-03       -3232.846747275424         -7.108801e-06
   19          2.093605e-03       -3232.846751033192         -3.757768e-06
   20          1.721923e-03       -3232.846752696762         -1.663570e-06
   21          1.211011e-03       -3232.846753902084         -1.205322e-06
   22          1.115961e-03       -3232.846755148492         -1.246408e-06
   23          7.121349e-04       -3232.846755397974         -2.494817e-07
   24          4.511238e-04       -3232.846755859391         -4.614171e-07
   25          3.567863e-04       -3232.846756066700         -2.073089e-07
   26          3.184241e-04       -3232.846756191423         -1.247231e-07
   27          2.436512e-04       -3232.846756264354         -7.293102e-08
---------------------------------------------------------------------------
                      SCF converged in 27 iterations!
===========================================================================


                                                                           
***************************************************************************
***                                                                     ***
***                    Printing Molecular Properties                    ***
***                                                                     ***
***************************************************************************
                                                                           
                                                                           
===========================================================================
                                 Molecule
---------------------------------------------------------------------------
 Charge                  :                                               0
 Multiplicity            :                                               2
---------------------------------------------------------------------------
    N    Atom            :               x               y               z
---------------------------------------------------------------------------
    0      Sr            :        0.000000        0.000000        0.000000
    1       F            :        0.000000        0.000000        3.930630
---------------------------------------------------------------------------
 Center of mass          :        0.000000        0.000000        0.700402
===========================================================================


===========================================================================
                         Molecular Energy (final)
---------------------------------------------------------------------------
 Kinetic energy          :            (au)               3230.898975441274
 E-N energy              :            (au)              -7885.677814344067
 Coulomb energy          :            (au)               1448.735367478588
 Exchange energy         :            (au)                  0.000000000000
 X-C energy              :            (au)               -113.812230094392
 Ext. field (el)         :            (au)                  0.000000000000
---------------------------------------------------------------------------
 N-N energy              :            (au)                 87.008945254243
 Ext. field (nuc)        :            (au)                  0.000000000000
 Tot. Reac. Energy       :            (au)                  0.000000000000
 El. Reac. Energy        :            (au)                  0.000000000000
 Nuc. Reac. Energy       :            (au)                  0.000000000000
---------------------------------------------------------------------------
 Electronic energy       :            (au)              -3319.855701518597
 Nuclear energy          :            (au)                 87.008945254243
---------------------------------------------------------------------------
 Total energy            :            (au)             -3.232846756264e+03
                         :      (kcal/mol)             -2.028641951382e+06
                         :        (kJ/mol)             -8.487837930090e+06
                         :            (eV)             -8.797023789235e+04
===========================================================================


===========================================================================
                         Orbital Energies (final)
---------------------------------------------------------------------------
    n  Occ Spin          :                                         Epsilon
---------------------------------------------------------------------------
    0    1    a          :            (au)               -573.692995117854
    1    1    a          :            (au)                -76.547574718827
    2    1    a          :            (au)                -69.736488770463
    3    1    a          :            (au)                -69.736488592293
    4    1    a          :            (au)                -69.735373743504
    5    1    a          :            (au)                -24.149461721248
    6    1    a          :            (au)                -11.768622586030
    7    1    a          :            (au)                 -9.276564584830
    8    1    a          :            (au)                 -9.276564379636
    9    1    a          :            (au)                 -9.274459974144
   10    1    a          :            (au)                 -4.766196328676
   11    1    a          :            (au)                 -4.766194232173
   12    1    a          :            (au)                 -4.764732682593
   13    1    a          :            (au)                 -4.764732558320
   14    1    a          :            (au)                 -4.764089845421
   15    1    a          :            (au)                 -1.420280509535
   16    1    a          :            (au)                 -0.969984836381
   17    1    a          :            (au)                 -0.813991296900
   18    1    a          :            (au)                 -0.813989989817
   19    1    a          :            (au)                 -0.786635987464
   20    1    a          :            (au)                 -0.280663909744
   21    1    a          :            (au)                 -0.278234065241
   22    1    a          :            (au)                 -0.278233679700
   23    1    a          :            (au)                 -0.121647489940
   24    1    b          :            (au)               -573.692702107322
   25    1    b          :            (au)                -76.547309350568
   26    1    b          :            (au)                -69.736235612653
   27    1    b          :            (au)                -69.736235551852
   28    1    b          :            (au)                -69.735115080887
   29    1    b          :            (au)                -24.149543371695
   30    1    b          :            (au)                -11.768198424209
   31    1    b          :            (au)                 -9.276280854621
   32    1    b          :            (au)                 -9.276280448504
   33    1    b          :            (au)                 -9.273672858474
   34    1    b          :            (au)                 -4.765970828953
   35    1    b          :            (au)                 -4.765968749003
   36    1    b          :            (au)                 -4.764119400677
   37    1    b          :            (au)                 -4.764119089333
   38    1    b          :            (au)                 -4.763239648681
   39    1    b          :            (au)                 -1.417587488827
   40    1    b          :            (au)                 -0.969708916794
   41    1    b          :            (au)                 -0.810055281967
   42    1    b          :            (au)                 -0.810053028568
   43    1    b          :            (au)                 -0.783343953581
   44    1    b          :            (au)                 -0.280153405327
   45    1    b          :            (au)                 -0.278110618722
   46    1    b          :            (au)                 -0.278110070660
---------------------------------------------------------------------------
 Sum occupied            :            (au)              -1905.426315742614
===========================================================================


===========================================================================
                           Dipole Moment (dip-1)
---------------------------------------------------------------------------
 r_O                     :        0.000000        0.000000        0.000000
---------------------------------------------------------------------------
 Electronic vector       :        0.000086        0.000424      -36.601468
 Magnitude               :            (au)                       36.601468
                         :         (Debye)                       93.031644
---------------------------------------------------------------------------
 Nuclear vector          :       -0.000000       -0.000000       35.375673
 Magnitude               :            (au)                       35.375673
                         :         (Debye)                       89.915984
---------------------------------------------------------------------------
 Total vector            :        0.000086        0.000424       -1.225795
 Magnitude               :            (au)                        1.225795
                         :         (Debye)                        3.115661
===========================================================================


                                                                           
                                                                           
***************************************************************************
***                                                                     ***
***                            Exiting MRChem                           ***
***                                                                     ***
***                       Wall time :  0h  7m 29s                       ***
***                                                                     ***
***************************************************************************
                                                                           
                                                                           
