Starting job 348838 on b[1369-1374] at Mon May 9 11:01:55 CEST 2022

Copying SrH.out to /cluster/home/ambr/projects/zora/small_molecules/calcs_nrel
Copying SrH.json to /cluster/home/ambr/projects/zora/small_molecules/calcs_nrel

Task and CPU usage stats:
JobID           JobName  AllocCPUS   NTasks     MinCPU MinCPUTask     AveCPU    Elapsed ExitCode 
------------ ---------- ---------- -------- ---------- ---------- ---------- ---------- -------- 
348838              SrH        768                                             00:06:34      0:0 
348838.batch      batch        128        1   04:27:31          0   04:27:31   00:06:34      0:0 
348838.exte+     extern        768        6   00:00:00          5   00:00:00   00:06:34      0:0 
348838.0          orted        640        5   01:34:01          4   03:30:31   00:06:24      0:0 

Memory usage stats:
JobID            MaxRSS MaxRSSTask     AveRSS MaxPages   MaxPagesTask   AvePages 
------------ ---------- ---------- ---------- -------- -------------- ---------- 
348838                                                                           
348838.batch  18363862K          0  18363862K       86              0          0 
348838.exte+       849K          4       848K        1              5          1 
348838.0      16490010K          1  14794658K       76              1         70 

Disk usage stats:
JobID         MaxDiskRead MaxDiskReadTask    AveDiskRead MaxDiskWrite MaxDiskWriteTask   AveDiskWrite 
------------ ------------ --------------- -------------- ------------ ---------------- -------------- 
348838                                                                                                
348838.batch      400.99M               0        400.99M      762.45M                0        762.45M 
348838.exte+        0.00M               5          0.00M            0                5              0 
348838.0           45.57M               4         45.55M       98.48M                0         98.47M 

Job 348838 completed at Mon May 9 11:08:30 CEST 2022
