                                                                           
                                                                           
***************************************************************************
***                                                                     ***
***                                                                     ***
***          __  __ ____   ____ _                                       ***
***         |  \/  |  _ \ / ___| |__   ___ _ __ ___                     ***
***         | |\/| | |_) | |   | '_ \ / _ \ '_ ` _ \                    ***
***         | |  | |  _ <| |___| | | |  __/ | | | | |                   ***
***         |_|  |_|_| \_\\____|_| |_|\___|_| |_| |_|                   ***
***                                                                     ***
***         VERSION            1.1.0-alpha                              ***
***                                                                     ***
***         Git branch         master                                   ***
***         Git commit hash    fd794b72b2c46cc6d41b                     ***
***         Git commit author  Stig Rune Jensen                         ***
***         Git commit date    Tue Mar 22 21:12:37 2022 +0100           ***
***                                                                     ***
***         Contact: luca.frediani@uit.no                               ***
***                                                                     ***
***         Radovan Bast            Magnar Bjorgve                      ***
***         Roberto Di Remigio      Antoine Durdek                      ***
***         Luca Frediani           Gabriel Gerez                       ***
***         Stig Rune Jensen        Jonas Juselius                      ***
***         Rune Monstad            Peter Wind                          ***
***                                                                     ***
***************************************************************************

---------------------------------------------------------------------------

 MPI processes           :       (24 bank)                              72
 OpenMP threads          :                                              15
 Total cores             :                                             744
                                                                           
---------------------------------------------------------------------------

XCFun DFT library Copyright 2009-2020 Ulf Ekstrom and contributors.
See http://dftlibs.org/xcfun/ for more information.

This is free software; see the source code for copying conditions.
There is ABSOLUTELY NO WARRANTY; not even for MERCHANTABILITY or
FITNESS FOR A PARTICULAR PURPOSE. For details see the documentation.
Scientific users of this library should cite
U. Ekstrom, L. Visscher, R. Bast, A. J. Thorvaldsen and K. Ruud;
J.Chem.Theor.Comp. 2010, DOI: 10.1021/ct100117s

---------------------------------------------------------------------------

 MRCPP version         : 1.4.1
 Git branch            : HEAD
 Git commit hash       : 75d41879b1908a94a452
 Git commit author     : Stig Rune Jensen
 Git commit date       : Thu Jan 6 11:38:53 2022 +0100

 Linear algebra        : EIGEN v3.4.0
 Parallelization       : MPI/OpenMP (15 threads)

---------------------------------------------------------------------------


                                                                           
===========================================================================
                         MultiResolution Analysis
---------------------------------------------------------------------------
 polynomial order      : 8
 polynomial type       : Interpolating
---------------------------------------------------------------------------
 total boxes           : 8
 boxes                 : [          2           2           2 ]
 unit lengths          : [  128.00000   128.00000   128.00000 ]
 scaling factor        : [    1.00000     1.00000     1.00000 ]
 lower bounds          : [ -128.00000  -128.00000  -128.00000 ]
 upper bounds          : [  128.00000   128.00000   128.00000 ]
 total length          : [  256.00000   256.00000   256.00000 ]
===========================================================================


                                                                           
***************************************************************************
***                                                                     ***
***                        Initializing Molecule                        ***
***                                                                     ***
***************************************************************************
                                                                           
                                                                           
===========================================================================
                                 Molecule
---------------------------------------------------------------------------
 Charge                  :                                               0
 Multiplicity            :                                               2
---------------------------------------------------------------------------
    N    Atom            :               x               y               z
---------------------------------------------------------------------------
    0      Sr            :        0.000000        0.000000        0.000000
    1       H            :        0.000000        0.000000        4.036455
---------------------------------------------------------------------------
 Center of mass          :        0.000000        0.000000        0.045905
===========================================================================


                                                                           
***************************************************************************
***                                                                     ***
***                 Computing Ground State Wavefunction                 ***
***                                                                     ***
***************************************************************************
                                                                           
                                                                           
~~~~~~~~~~~~~~~~~~~~~~~~~~~~~~~~~~~~~~~~~~~~~~~~~~~~~~~~~~~~~~~~~~~~~~~~~~~
 Calculation             : Compute initial orbitals
 Method                  : Diagonalize SAD Hamiltonian
 Precision               : 1.00000e-05
 Screening               : 1.20000e+01 StdDev
 Restricted              : False
 Functional              : LDA (SVWN5)
 AO basis                : 3-21G
~~~~~~~~~~~~~~~~~~~~~~~~~~~~~~~~~~~~~~~~~~~~~~~~~~~~~~~~~~~~~~~~~~~~~~~~~~~


===========================================================================
                            Molecular Orbitals
---------------------------------------------------------------------------
 Alpha electrons         :                                              20
 Beta electrons          :                                              19
 Total electrons         :                                              39
---------------------------------------------------------------------------
    n  Occ Spin          :                                            Norm
---------------------------------------------------------------------------
    0    1    a          :                              1.000000000001e+00
    1    1    a          :                              1.000000000001e+00
    2    1    a          :                              1.000000000003e+00
    3    1    a          :                              1.000000000001e+00
    4    1    a          :                              1.000000000001e+00
    5    1    a          :                              9.999999999997e-01
    6    1    a          :                              1.000000000008e+00
    7    1    a          :                              1.000000000008e+00
    8    1    a          :                              1.000000000008e+00
    9    1    a          :                              1.000000000036e+00
   10    1    a          :                              1.000000000000e+00
   11    1    a          :                              1.000000000000e+00
   12    1    a          :                              1.000000000000e+00
   13    1    a          :                              1.000000000000e+00
   14    1    a          :                              9.999999991363e-01
   15    1    a          :                              9.999990165044e-01
   16    1    a          :                              1.000000000025e+00
   17    1    a          :                              1.000000000025e+00
   18    1    a          :                              1.000004087034e+00
   19    1    a          :                              9.999999999954e-01
   20    1    b          :                              1.000000000001e+00
   21    1    b          :                              1.000000000001e+00
   22    1    b          :                              1.000000000003e+00
   23    1    b          :                              1.000000000001e+00
   24    1    b          :                              1.000000000001e+00
   25    1    b          :                              9.999999999997e-01
   26    1    b          :                              1.000000000008e+00
   27    1    b          :                              1.000000000008e+00
   28    1    b          :                              1.000000000008e+00
   29    1    b          :                              1.000000000036e+00
   30    1    b          :                              1.000000000000e+00
   31    1    b          :                              1.000000000000e+00
   32    1    b          :                              1.000000000000e+00
   33    1    b          :                              1.000000000000e+00
   34    1    b          :                              1.000000000001e+00
   35    1    b          :                              9.999999989909e-01
   36    1    b          :                              1.000000000025e+00
   37    1    b          :                              1.000000000025e+00
   38    1    b          :                              9.999999998732e-01
===========================================================================


~~~~~~~~~~~~~~~~~~~~~~~~~~~~~~~~~~~~~~~~~~~~~~~~~~~~~~~~~~~~~~~~~~~~~~~~~~~
 Calculation             : Compute initial energy
 Method                  : DFT (PBE)
 Relativity              : None
 Precision               : 1.00000e-05
 Localization            : On
~~~~~~~~~~~~~~~~~~~~~~~~~~~~~~~~~~~~~~~~~~~~~~~~~~~~~~~~~~~~~~~~~~~~~~~~~~~


===========================================================================
                        Molecular Energy (initial)
---------------------------------------------------------------------------
 Kinetic energy          :            (au)               3126.121459722300
 E-N energy              :            (au)              -7469.259377212664
 Coulomb energy          :            (au)               1318.512798986393
 Exchange energy         :            (au)                  0.000000000000
 X-C energy              :            (au)               -103.766337769989
 Ext. field (el)         :            (au)                  0.000000000000
---------------------------------------------------------------------------
 N-N energy              :            (au)                  9.414201317563
 Ext. field (nuc)        :            (au)                  0.000000000000
 Tot. Reac. Energy       :            (au)                  0.000000000000
 El. Reac. Energy        :            (au)                  0.000000000000
 Nuc. Reac. Energy       :            (au)                  0.000000000000
---------------------------------------------------------------------------
 Electronic energy       :            (au)              -3128.391456273959
 Nuclear energy          :            (au)                  9.414201317563
---------------------------------------------------------------------------
 Total energy            :            (au)             -3.118977254956e+03
                         :      (kcal/mol)             -1.957187761081e+06
                         :        (kJ/mol)             -8.188873597677e+06
                         :            (eV)             -8.487169104681e+04
===========================================================================


===========================================================================
                        Orbital Energies (initial)
---------------------------------------------------------------------------
    n  Occ Spin          :                                         Epsilon
---------------------------------------------------------------------------
    0    1    a          :            (au)               -569.978392479255
    1    1    a          :            (au)                -76.186304380266
    2    1    a          :            (au)                -69.167096797125
    3    1    a          :            (au)                -69.167096794295
    4    1    a          :            (au)                -69.166426707560
    5    1    a          :            (au)                -11.756135703105
    6    1    a          :            (au)                 -9.213713036116
    7    1    a          :            (au)                 -9.213713034292
    8    1    a          :            (au)                 -9.210701104364
    9    1    a          :            (au)                 -4.690080885512
   10    1    a          :            (au)                 -4.690075527925
   11    1    a          :            (au)                 -4.688043736125
   12    1    a          :            (au)                 -4.688043733911
   13    1    a          :            (au)                 -4.687449572139
   14    1    a          :            (au)                 -1.472967879865
   15    1    a          :            (au)                 -0.858397509120
   16    1    a          :            (au)                 -0.858397508830
   17    1    a          :            (au)                 -0.843558670595
   18    1    a          :            (au)                 -0.149388650407
   19    1    a          :            (au)                 -0.034158081109
   20    1    b          :            (au)               -569.978061812338
   21    1    b          :            (au)                -76.186062005723
   22    1    b          :            (au)                -69.166847005410
   23    1    b          :            (au)                -69.166847003211
   24    1    b          :            (au)                -69.166092440060
   25    1    b          :            (au)                -11.755669854156
   26    1    b          :            (au)                 -9.213260504170
   27    1    b          :            (au)                 -9.213260502436
   28    1    b          :            (au)                 -9.210103553918
   29    1    b          :            (au)                 -4.689640509944
   30    1    b          :            (au)                 -4.689635142215
   31    1    b          :            (au)                 -4.687495560359
   32    1    b          :            (au)                 -4.687495558421
   33    1    b          :            (au)                 -4.686864843878
   34    1    b          :            (au)                 -1.470096079943
   35    1    b          :            (au)                 -0.854773892953
   36    1    b          :            (au)                 -0.854773888126
   37    1    b          :            (au)                 -0.840368069197
   38    1    b          :            (au)                 -0.059037075041
---------------------------------------------------------------------------
 Sum occupied            :            (au)              -1841.296527093415
===========================================================================


~~~~~~~~~~~~~~~~~~~~~~~~~~~~~~~~~~~~~~~~~~~~~~~~~~~~~~~~~~~~~~~~~~~~~~~~~~~
 Calculation             : Optimize ground state orbitals
 Method                  : DFT (PBE)
 Relativity              : None
 Checkpointing           : Off
 Max iterations          : 500
 KAIN solver             : 6
 Localization            : First two iterations
 Diagonalization         : Off
 Start precision         : 1.00000e-05
 Final precision         : 1.00000e-05
 Helmholtz precision     : Dynamic
 Energy threshold        : Off
 Orbital threshold       : 1.00000e-04
~~~~~~~~~~~~~~~~~~~~~~~~~~~~~~~~~~~~~~~~~~~~~~~~~~~~~~~~~~~~~~~~~~~~~~~~~~~


===========================================================================
 Iter           MO residual             Total energy                Update
---------------------------------------------------------------------------
    0          6.244998e+00       -3118.977254956396         -3.118977e+03
    1          4.852913e-01       -3132.987003357258         -1.400975e+01
    2          2.355010e-01       -3133.435001188665         -4.479978e-01
    3          5.706880e-02       -3133.491091121552         -5.608993e-02
    4          8.688504e-02       -3133.507264533874         -1.617341e-02
    5          5.711624e-02       -3133.508830410412         -1.565877e-03
    6          5.210703e-02       -3133.515517925395         -6.687515e-03
    7          7.729935e-02       -3133.518083662484         -2.565737e-03
    8          6.059194e-02       -3133.518587934791         -5.042723e-04
    9          2.279291e-02       -3133.519934873594         -1.346939e-03
   10          3.123389e-02       -3133.520328304485         -3.934309e-04
   11          1.342786e-02       -3133.520511789588         -1.834851e-04
   12          2.206255e-02       -3133.520729119172         -2.173296e-04
   13          1.098191e-02       -3133.520754361220         -2.524205e-05
   14          7.133390e-03       -3133.520870214152         -1.158529e-04
   15          5.796549e-03       -3133.520909741990         -3.952784e-05
   16          2.637642e-03       -3133.520933685315         -2.394333e-05
   17          3.772910e-03       -3133.520962360975         -2.867566e-05
   18          1.228120e-03       -3133.520965076734         -2.715759e-06
   19          7.388907e-04       -3133.520966288948         -1.212214e-06
   20          5.434184e-04       -3133.520967061740         -7.727913e-07
   21          2.328111e-04       -3133.520967543915         -4.821750e-07
   22          2.397738e-04       -3133.520967728437         -1.845224e-07
   23          1.469201e-04       -3133.520967741493         -1.305625e-08
---------------------------------------------------------------------------
                      SCF converged in 23 iterations!
===========================================================================


                                                                           
***************************************************************************
***                                                                     ***
***                    Printing Molecular Properties                    ***
***                                                                     ***
***************************************************************************
                                                                           
                                                                           
===========================================================================
                                 Molecule
---------------------------------------------------------------------------
 Charge                  :                                               0
 Multiplicity            :                                               2
---------------------------------------------------------------------------
    N    Atom            :               x               y               z
---------------------------------------------------------------------------
    0      Sr            :        0.000000        0.000000        0.000000
    1       H            :        0.000000        0.000000        4.036455
---------------------------------------------------------------------------
 Center of mass          :        0.000000        0.000000        0.045905
===========================================================================


===========================================================================
                         Molecular Energy (final)
---------------------------------------------------------------------------
 Kinetic energy          :            (au)               3131.845020020749
 E-N energy              :            (au)              -7491.027134834436
 Coulomb energy          :            (au)               1319.968272036765
 Exchange energy         :            (au)                  0.000000000000
 X-C energy              :            (au)               -103.721326282135
 Ext. field (el)         :            (au)                  0.000000000000
---------------------------------------------------------------------------
 N-N energy              :            (au)                  9.414201317563
 Ext. field (nuc)        :            (au)                  0.000000000000
 Tot. Reac. Energy       :            (au)                  0.000000000000
 El. Reac. Energy        :            (au)                  0.000000000000
 Nuc. Reac. Energy       :            (au)                  0.000000000000
---------------------------------------------------------------------------
 Electronic energy       :            (au)              -3142.935169059056
 Nuclear energy          :            (au)                  9.414201317563
---------------------------------------------------------------------------
 Total energy            :            (au)             -3.133520967741e+03
                         :      (kcal/mol)             -1.966314078568e+06
                         :        (kJ/mol)             -8.227058110067e+06
                         :            (eV)             -8.526744561546e+04
===========================================================================


===========================================================================
                         Orbital Energies (final)
---------------------------------------------------------------------------
    n  Occ Spin          :                                         Epsilon
---------------------------------------------------------------------------
    0    1    a          :            (au)               -573.706100889618
    1    1    a          :            (au)                -76.561111632477
    2    1    a          :            (au)                -69.749936412605
    3    1    a          :            (au)                -69.749936243186
    4    1    a          :            (au)                -69.748982310513
    5    1    a          :            (au)                -11.782101866653
    6    1    a          :            (au)                 -9.289882973351
    7    1    a          :            (au)                 -9.289882550342
    8    1    a          :            (au)                 -9.288287587507
    9    1    a          :            (au)                 -4.779453851817
   10    1    a          :            (au)                 -4.779449329938
   11    1    a          :            (au)                 -4.778423338965
   12    1    a          :            (au)                 -4.778423097454
   13    1    a          :            (au)                 -4.777821788269
   14    1    a          :            (au)                 -1.431534209342
   15    1    a          :            (au)                 -0.825316322364
   16    1    a          :            (au)                 -0.825315520809
   17    1    a          :            (au)                 -0.815326234772
   18    1    a          :            (au)                 -0.185038758577
   19    1    a          :            (au)                 -0.117269605853
   20    1    b          :            (au)               -573.705859955770
   21    1    b          :            (au)                -76.560805354521
   22    1    b          :            (au)                -69.749670859035
   23    1    b          :            (au)                -69.749670586667
   24    1    b          :            (au)                -69.748659919068
   25    1    b          :            (au)                -11.781703503318
   26    1    b          :            (au)                 -9.289734320098
   27    1    b          :            (au)                 -9.289733851815
   28    1    b          :            (au)                 -9.287294189087
   29    1    b          :            (au)                 -4.779411200016
   30    1    b          :            (au)                 -4.779406449522
   31    1    b          :            (au)                 -4.777784945077
   32    1    b          :            (au)                 -4.777784631719
   33    1    b          :            (au)                 -4.776657792554
   34    1    b          :            (au)                 -1.428444671731
   35    1    b          :            (au)                 -0.821333235983
   36    1    b          :            (au)                 -0.821331174467
   37    1    b          :            (au)                 -0.810841503679
   38    1    b          :            (au)                 -0.177621131500
---------------------------------------------------------------------------
 Sum occupied            :            (au)              -1854.373343800040
===========================================================================


===========================================================================
                           Dipole Moment (dip-1)
---------------------------------------------------------------------------
 r_O                     :        0.000000        0.000000        0.000000
---------------------------------------------------------------------------
 Electronic vector       :        0.000040        0.000041       -5.214108
 Magnitude               :            (au)                        5.214108
                         :         (Debye)                       13.252940
---------------------------------------------------------------------------
 Nuclear vector          :       -0.000000       -0.000000        4.036455
 Magnitude               :            (au)                        4.036455
                         :         (Debye)                       10.259644
---------------------------------------------------------------------------
 Total vector            :        0.000040        0.000041       -1.177653
 Magnitude               :            (au)                        1.177653
                         :         (Debye)                        2.993295
===========================================================================


                                                                           
                                                                           
***************************************************************************
***                                                                     ***
***                            Exiting MRChem                           ***
***                                                                     ***
***                       Wall time :  0h  6m 19s                       ***
***                                                                     ***
***************************************************************************
                                                                           
                                                                           
