                                                                           
                                                                           
***************************************************************************
***                                                                     ***
***                                                                     ***
***          __  __ ____   ____ _                                       ***
***         |  \/  |  _ \ / ___| |__   ___ _ __ ___                     ***
***         | |\/| | |_) | |   | '_ \ / _ \ '_ ` _ \                    ***
***         | |  | |  _ <| |___| | | |  __/ | | | | |                   ***
***         |_|  |_|_| \_\\____|_| |_|\___|_| |_| |_|                   ***
***                                                                     ***
***         VERSION            1.1.0-alpha                              ***
***                                                                     ***
***         Git branch         master                                   ***
***         Git commit hash    fd794b72b2c46cc6d41b                     ***
***         Git commit author  Stig Rune Jensen                         ***
***         Git commit date    Tue Mar 22 21:12:37 2022 +0100           ***
***                                                                     ***
***         Contact: luca.frediani@uit.no                               ***
***                                                                     ***
***         Radovan Bast            Magnar Bjorgve                      ***
***         Roberto Di Remigio      Antoine Durdek                      ***
***         Luca Frediani           Gabriel Gerez                       ***
***         Stig Rune Jensen        Jonas Juselius                      ***
***         Rune Monstad            Peter Wind                          ***
***                                                                     ***
***************************************************************************

---------------------------------------------------------------------------

 MPI processes           :       (24 bank)                              72
 OpenMP threads          :                                              15
 Total cores             :                                             744
                                                                           
---------------------------------------------------------------------------

XCFun DFT library Copyright 2009-2020 Ulf Ekstrom and contributors.
See http://dftlibs.org/xcfun/ for more information.

This is free software; see the source code for copying conditions.
There is ABSOLUTELY NO WARRANTY; not even for MERCHANTABILITY or
FITNESS FOR A PARTICULAR PURPOSE. For details see the documentation.
Scientific users of this library should cite
U. Ekstrom, L. Visscher, R. Bast, A. J. Thorvaldsen and K. Ruud;
J.Chem.Theor.Comp. 2010, DOI: 10.1021/ct100117s

---------------------------------------------------------------------------

 MRCPP version         : 1.4.1
 Git branch            : HEAD
 Git commit hash       : 75d41879b1908a94a452
 Git commit author     : Stig Rune Jensen
 Git commit date       : Thu Jan 6 11:38:53 2022 +0100

 Linear algebra        : EIGEN v3.4.0
 Parallelization       : MPI/OpenMP (15 threads)

---------------------------------------------------------------------------


                                                                           
===========================================================================
                         MultiResolution Analysis
---------------------------------------------------------------------------
 polynomial order      : 8
 polynomial type       : Interpolating
---------------------------------------------------------------------------
 total boxes           : 8
 boxes                 : [          2           2           2 ]
 unit lengths          : [  128.00000   128.00000   128.00000 ]
 scaling factor        : [    1.00000     1.00000     1.00000 ]
 lower bounds          : [ -128.00000  -128.00000  -128.00000 ]
 upper bounds          : [  128.00000   128.00000   128.00000 ]
 total length          : [  256.00000   256.00000   256.00000 ]
===========================================================================


                                                                           
***************************************************************************
***                                                                     ***
***                        Initializing Molecule                        ***
***                                                                     ***
***************************************************************************
                                                                           
                                                                           
===========================================================================
                                 Molecule
---------------------------------------------------------------------------
 Charge                  :                                               0
 Multiplicity            :                                               1
---------------------------------------------------------------------------
    N    Atom            :               x               y               z
---------------------------------------------------------------------------
    0      Sr            :        0.000000        0.000000        0.000000
    1       O            :        0.000000        0.000000        3.599928
---------------------------------------------------------------------------
 Center of mass          :        0.000000        0.000000        0.555849
===========================================================================


                                                                           
***************************************************************************
***                                                                     ***
***                 Computing Ground State Wavefunction                 ***
***                                                                     ***
***************************************************************************
                                                                           
                                                                           
~~~~~~~~~~~~~~~~~~~~~~~~~~~~~~~~~~~~~~~~~~~~~~~~~~~~~~~~~~~~~~~~~~~~~~~~~~~
 Calculation             : Compute initial orbitals
 Method                  : Diagonalize SAD Hamiltonian
 Precision               : 1.00000e-05
 Screening               : 1.20000e+01 StdDev
 Restricted              : True
 Functional              : LDA (SVWN5)
 AO basis                : 3-21G
~~~~~~~~~~~~~~~~~~~~~~~~~~~~~~~~~~~~~~~~~~~~~~~~~~~~~~~~~~~~~~~~~~~~~~~~~~~


===========================================================================
                            Molecular Orbitals
---------------------------------------------------------------------------
 Alpha electrons         :                                              23
 Beta electrons          :                                              23
 Total electrons         :                                              46
---------------------------------------------------------------------------
    n  Occ Spin          :                                            Norm
---------------------------------------------------------------------------
    0    2    p          :                              9.999999999997e-01
    1    2    p          :                              9.999999999986e-01
    2    2    p          :                              9.999999999845e-01
    3    2    p          :                              1.000000000001e+00
    4    2    p          :                              1.000000000001e+00
    5    2    p          :                              9.999999999845e-01
    6    2    p          :                              9.999999999900e-01
    7    2    p          :                              1.000000000003e+00
    8    2    p          :                              1.000000000008e+00
    9    2    p          :                              1.000000000008e+00
   10    2    p          :                              9.999999999998e-01
   11    2    p          :                              9.999999999995e-01
   12    2    p          :                              9.999999999995e-01
   13    2    p          :                              9.999999999973e-01
   14    2    p          :                              1.000000000000e+00
   15    2    p          :                              9.999999999998e-01
   16    2    p          :                              1.000000000006e+00
   17    2    p          :                              1.000000000024e+00
   18    2    p          :                              1.000000000023e+00
   19    2    p          :                              1.000000000001e+00
   20    2    p          :                              9.999999999884e-01
   21    2    p          :                              1.000000000011e+00
   22    2    p          :                              9.999999999862e-01
===========================================================================


~~~~~~~~~~~~~~~~~~~~~~~~~~~~~~~~~~~~~~~~~~~~~~~~~~~~~~~~~~~~~~~~~~~~~~~~~~~
 Calculation             : Compute initial energy
 Method                  : DFT (PBE)
 Relativity              : None
 Precision               : 1.00000e-05
 Localization            : On
~~~~~~~~~~~~~~~~~~~~~~~~~~~~~~~~~~~~~~~~~~~~~~~~~~~~~~~~~~~~~~~~~~~~~~~~~~~


===========================================================================
                        Molecular Energy (initial)
---------------------------------------------------------------------------
 Kinetic energy          :            (au)               3204.082176098549
 E-N energy              :            (au)              -7809.535801033476
 Coulomb energy          :            (au)               1441.338000418842
 Exchange energy         :            (au)                  0.000000000000
 X-C energy              :            (au)               -112.823694694551
 Ext. field (el)         :            (au)                  0.000000000000
---------------------------------------------------------------------------
 N-N energy              :            (au)                 84.446127094232
 Ext. field (nuc)        :            (au)                  0.000000000000
 Tot. Reac. Energy       :            (au)                  0.000000000000
 El. Reac. Energy        :            (au)                  0.000000000000
 Nuc. Reac. Energy       :            (au)                  0.000000000000
---------------------------------------------------------------------------
 Electronic energy       :            (au)              -3276.939319210636
 Nuclear energy          :            (au)                 84.446127094232
---------------------------------------------------------------------------
 Total energy            :            (au)             -3.192493192116e+03
                         :      (kcal/mol)             -2.003319707771e+06
                         :        (kJ/mol)             -8.381889662754e+06
                         :            (eV)             -8.687216152018e+04
===========================================================================


===========================================================================
                        Orbital Energies (initial)
---------------------------------------------------------------------------
    n  Occ Spin          :                                         Epsilon
---------------------------------------------------------------------------
    0    2    p          :            (au)               -569.921189511164
    1    2    p          :            (au)                -76.128754124617
    2    2    p          :            (au)                -69.109602769929
    3    2    p          :            (au)                -69.109577254910
    4    2    p          :            (au)                -69.108832569273
    5    2    p          :            (au)                -17.191932709953
    6    2    p          :            (au)                -11.699167204021
    7    2    p          :            (au)                 -9.157404766369
    8    2    p          :            (au)                 -9.157345719922
    9    2    p          :            (au)                 -9.150515310936
   10    2    p          :            (au)                 -4.633908522910
   11    2    p          :            (au)                 -4.633905372322
   12    2    p          :            (au)                 -4.629411053771
   13    2    p          :            (au)                 -4.629369375762
   14    2    p          :            (au)                 -4.628379038909
   15    2    p          :            (au)                 -1.432424249480
   16    2    p          :            (au)                 -0.813277013695
   17    2    p          :            (au)                 -0.813184960254
   18    2    p          :            (au)                 -0.768292728228
   19    2    p          :            (au)                  0.068319465886
   20    2    p          :            (au)                  0.597892600049
   21    2    p          :            (au)                  0.604861636241
   22    2    p          :            (au)                  0.626139393610
---------------------------------------------------------------------------
 Sum occupied            :            (au)              -1869.638522321276
===========================================================================


~~~~~~~~~~~~~~~~~~~~~~~~~~~~~~~~~~~~~~~~~~~~~~~~~~~~~~~~~~~~~~~~~~~~~~~~~~~
 Calculation             : Optimize ground state orbitals
 Method                  : DFT (PBE)
 Relativity              : None
 Checkpointing           : Off
 Max iterations          : 500
 KAIN solver             : 6
 Localization            : First two iterations
 Diagonalization         : Off
 Start precision         : 1.00000e-05
 Final precision         : 1.00000e-05
 Helmholtz precision     : Dynamic
 Energy threshold        : Off
 Orbital threshold       : 1.00000e-04
~~~~~~~~~~~~~~~~~~~~~~~~~~~~~~~~~~~~~~~~~~~~~~~~~~~~~~~~~~~~~~~~~~~~~~~~~~~


===========================================================================
 Iter           MO residual             Total energy                Update
---------------------------------------------------------------------------
    0          4.795832e+00       -3192.493192116404         -3.192493e+03
    1          4.732124e-01       -3207.403931160026         -1.491074e+01
    2          3.375651e-01       -3207.945513866383         -5.415827e-01
    3          5.353357e-01       -3207.734185220469          2.113286e-01
    4          2.911631e-01       -3208.087953359131         -3.537681e-01
    5          1.304478e-01       -3208.123936706415         -3.598335e-02
    6          1.980629e-01       -3208.134385879206         -1.044917e-02
    7          7.979758e-02       -3208.152835115052         -1.844924e-02
    8          5.316218e-02       -3208.156587401445         -3.752286e-03
    9          6.978882e-02       -3208.159710510785         -3.123109e-03
   10          2.270111e-02       -3208.160712151567         -1.001641e-03
   11          1.906650e-02       -3208.161050370149         -3.382186e-04
   12          1.832206e-02       -3208.161321293311         -2.709232e-04
   13          2.201980e-02       -3208.161441767892         -1.204746e-04
   14          1.644886e-02       -3208.161526785618         -8.501773e-05
   15          5.279568e-03       -3208.161575875380         -4.908976e-05
   16          7.094639e-03       -3208.161644063289         -6.818791e-05
   17          2.841633e-03       -3208.161659388749         -1.532546e-05
   18          2.364290e-03       -3208.161666835717         -7.446968e-06
   19          1.086184e-03       -3208.161670180609         -3.344892e-06
   20          8.111128e-04       -3208.161671774667         -1.594059e-06
   21          8.607509e-04       -3208.161673108756         -1.334089e-06
   22          5.816513e-04       -3208.161673332667         -2.239108e-07
   23          4.382769e-04       -3208.161673751436         -4.187691e-07
   24          4.047768e-04       -3208.161673878096         -1.266603e-07
   25          2.145616e-04       -3208.161674019937         -1.418407e-07
   26          1.723466e-04       -3208.161674087280         -6.734263e-08
---------------------------------------------------------------------------
                      SCF converged in 26 iterations!
===========================================================================


                                                                           
***************************************************************************
***                                                                     ***
***                    Printing Molecular Properties                    ***
***                                                                     ***
***************************************************************************
                                                                           
                                                                           
===========================================================================
                                 Molecule
---------------------------------------------------------------------------
 Charge                  :                                               0
 Multiplicity            :                                               1
---------------------------------------------------------------------------
    N    Atom            :               x               y               z
---------------------------------------------------------------------------
    0      Sr            :        0.000000        0.000000        0.000000
    1       O            :        0.000000        0.000000        3.599928
---------------------------------------------------------------------------
 Center of mass          :        0.000000        0.000000        0.555849
===========================================================================


===========================================================================
                         Molecular Energy (final)
---------------------------------------------------------------------------
 Kinetic energy          :            (au)               3206.258719179942
 E-N energy              :            (au)              -7823.224657920298
 Coulomb energy          :            (au)               1436.401983468086
 Exchange energy         :            (au)                  0.000000000000
 X-C energy              :            (au)               -112.043845909242
 Ext. field (el)         :            (au)                  0.000000000000
---------------------------------------------------------------------------
 N-N energy              :            (au)                 84.446127094232
 Ext. field (nuc)        :            (au)                  0.000000000000
 Tot. Reac. Energy       :            (au)                  0.000000000000
 El. Reac. Energy        :            (au)                  0.000000000000
 Nuc. Reac. Energy       :            (au)                  0.000000000000
---------------------------------------------------------------------------
 Electronic energy       :            (au)              -3292.607801181512
 Nuclear energy          :            (au)                 84.446127094232
---------------------------------------------------------------------------
 Total energy            :            (au)             -3.208161674087e+03
                         :      (kcal/mol)             -2.013151828573e+06
                         :        (kJ/mol)             -8.423027256215e+06
                         :            (eV)             -8.729852261624e+04
===========================================================================


===========================================================================
                         Orbital Energies (final)
---------------------------------------------------------------------------
    n  Occ Spin          :                                         Epsilon
---------------------------------------------------------------------------
    0    2    p          :            (au)               -573.617776890614
    1    2    p          :            (au)                -76.467693323509
    2    2    p          :            (au)                -69.657038471633
    3    2    p          :            (au)                -69.657038456659
    4    2    p          :            (au)                -69.655925366247
    5    2    p          :            (au)                -18.599157606718
    6    2    p          :            (au)                -11.689478829225
    7    2    p          :            (au)                 -9.196947195005
    8    2    p          :            (au)                 -9.196947164780
    9    2    p          :            (au)                 -9.196128246487
   10    2    p          :            (au)                 -4.686123599219
   11    2    p          :            (au)                 -4.686121203813
   12    2    p          :            (au)                 -4.685424575685
   13    2    p          :            (au)                 -4.685424524245
   14    2    p          :            (au)                 -4.684882138381
   15    2    p          :            (au)                 -1.345053404355
   16    2    p          :            (au)                 -0.790994590500
   17    2    p          :            (au)                 -0.743750406166
   18    2    p          :            (au)                 -0.743750240427
   19    2    p          :            (au)                 -0.592861954116
   20    2    p          :            (au)                 -0.144367607982
   21    2    p          :            (au)                 -0.144367503908
   22    2    p          :            (au)                 -0.131552411689
---------------------------------------------------------------------------
 Sum occupied            :            (au)              -1889.997611422724
===========================================================================


===========================================================================
                           Dipole Moment (dip-1)
---------------------------------------------------------------------------
 r_O                     :        0.000000        0.000000        0.000000
---------------------------------------------------------------------------
 Electronic vector       :        0.000001        0.000001      -31.908439
 Magnitude               :            (au)                       31.908439
                         :         (Debye)                       81.103155
---------------------------------------------------------------------------
 Nuclear vector          :       -0.000000       -0.000000       28.799426
 Magnitude               :            (au)                       28.799426
                         :         (Debye)                       73.200833
---------------------------------------------------------------------------
 Total vector            :        0.000001        0.000001       -3.109013
 Magnitude               :            (au)                        3.109013
                         :         (Debye)                        7.902322
===========================================================================


                                                                           
                                                                           
***************************************************************************
***                                                                     ***
***                            Exiting MRChem                           ***
***                                                                     ***
***                       Wall time :  0h  6m 27s                       ***
***                                                                     ***
***************************************************************************
                                                                           
                                                                           
