Starting job 348839 on b[1375-1380] at Mon May 9 11:01:55 CEST 2022

Copying SrO.out to /cluster/home/ambr/projects/zora/small_molecules/calcs_nrel
Copying SrO.json to /cluster/home/ambr/projects/zora/small_molecules/calcs_nrel

Task and CPU usage stats:
JobID           JobName  AllocCPUS   NTasks     MinCPU MinCPUTask     AveCPU    Elapsed ExitCode 
------------ ---------- ---------- -------- ---------- ---------- ---------- ---------- -------- 
348839              SrO        768                                             00:06:41      0:0 
348839.batch      batch        128        1   04:54:36          0   04:54:36   00:06:41      0:0 
348839.exte+     extern        768        6   00:00:00          5   00:00:00   00:06:41      0:0 
348839.0          orted        640        5   01:32:38          4   02:40:36   00:06:32      0:0 

Memory usage stats:
JobID            MaxRSS MaxRSSTask     AveRSS MaxPages   MaxPagesTask   AvePages 
------------ ---------- ---------- ---------- -------- -------------- ---------- 
348839                                                                           
348839.batch  14831107K          0  14831107K       72              0         72 
348839.exte+       851K          2     744618        1              5          1 
348839.0      15304560K          0 119218982+       75              3         69 

Disk usage stats:
JobID         MaxDiskRead MaxDiskReadTask    AveDiskRead MaxDiskWrite MaxDiskWriteTask   AveDiskWrite 
------------ ------------ --------------- -------------- ------------ ---------------- -------------- 
348839                                                                                                
348839.batch       55.47M               0         55.47M       98.57M                0         98.57M 
348839.exte+        0.00M               5          0.00M            0                5              0 
348839.0           45.54M               2         45.52M       98.48M                0         98.47M 

Job 348839 completed at Mon May 9 11:08:37 CEST 2022
