Starting job 4442852 on c6-[4-8] at Sun Nov 21 14:30:57 CET 2021

Copying Ag_pbe.out to /cluster/home/ambr/projects/zora/row5/calcs_zora
Copying Ag_pbe.json to /cluster/home/ambr/projects/zora/row5/calcs_zora

Task and CPU usage stats:
       JobID    JobName  AllocCPUS   NTasks     MinCPU MinCPUTask     AveCPU    Elapsed ExitCode 
------------ ---------- ---------- -------- ---------- ---------- ---------- ---------- -------- 
4442852          Ag_pbe        160                                             01:51:34      0:0 
4442852.bat+      batch          4        1   00:00:09          0   00:00:09   01:51:34      0:0 
4442852.ext+     extern        160        5   00:00:00          2   00:00:00   01:51:34      0:0 
4442852.0      mrchem.x        160       40   01:50:08         39   03:35:23   01:50:48      0:0 

Memory usage stats:
       JobID     MaxRSS MaxRSSTask     AveRSS MaxPages   MaxPagesTask   AvePages 
------------ ---------- ---------- ---------- -------- -------------- ---------- 
4442852                                                                          
4442852.bat+     12112K          0     12112K        0              0          0 
4442852.ext+          0          2          0        0              2          0 
4442852.0     53987532K         39 183629328+        0             15          0 

Disk usage stats:
       JobID  MaxDiskRead MaxDiskReadTask    AveDiskRead MaxDiskWrite MaxDiskWriteTask   AveDiskWrite 
------------ ------------ --------------- -------------- ------------ ---------------- -------------- 
4442852                                                                                               
4442852.bat+     7452.38M               0       7452.38M     7435.95M                0       7435.95M 
4442852.ext+        0.00M               2          0.00M            0                2              0 
4442852.0         372.16M               0        188.41M      395.43M                2        170.86M 

Job 4442852 completed at Sun Nov 21 16:22:31 CET 2021
