Starting job 4442853 on c3-[29-34,36-37] at Sun Nov 21 15:37:57 CET 2021

Copying Cd_pbe.out to /cluster/home/ambr/projects/zora/row5/calcs_zora
Copying Cd_pbe.json to /cluster/home/ambr/projects/zora/row5/calcs_zora

Task and CPU usage stats:
       JobID    JobName  AllocCPUS   NTasks     MinCPU MinCPUTask     AveCPU    Elapsed ExitCode 
------------ ---------- ---------- -------- ---------- ---------- ---------- ---------- -------- 
4442853          Cd_pbe        160                                             01:36:42      0:0 
4442853.bat+      batch         20        1   00:00:08          0   00:00:08   01:36:42      0:0 
4442853.ext+     extern        160        8   00:00:00          3   00:00:00   01:36:42      0:0 
4442853.0      mrchem.x        160       40   01:35:35         39   03:16:13   01:35:56      0:0 

Memory usage stats:
       JobID     MaxRSS MaxRSSTask     AveRSS MaxPages   MaxPagesTask   AvePages 
------------ ---------- ---------- ---------- -------- -------------- ---------- 
4442853                                                                          
4442853.bat+     12256K          0     12256K        0              0          0 
4442853.ext+          0          3          0        0              3          0 
4442853.0     49713408K         39  16810638K        0             28          0 

Disk usage stats:
       JobID  MaxDiskRead MaxDiskReadTask    AveDiskRead MaxDiskWrite MaxDiskWriteTask   AveDiskWrite 
------------ ------------ --------------- -------------- ------------ ---------------- -------------- 
4442853                                                                                               
4442853.bat+     7435.19M               0       7435.19M     7418.75M                0       7418.75M 
4442853.ext+        0.00M               3          0.00M            0                3              0 
4442853.0         362.88M               0        187.30M      404.19M                0        165.05M 

Job 4442853 completed at Sun Nov 21 17:14:39 CET 2021
