Starting job 4442857 on c6-[4-8] at Sun Nov 21 16:22:33 CET 2021

Copying I_pbe.out to /cluster/home/ambr/projects/zora/row5/calcs_zora
Copying I_pbe.json to /cluster/home/ambr/projects/zora/row5/calcs_zora

Task and CPU usage stats:
       JobID    JobName  AllocCPUS   NTasks     MinCPU MinCPUTask     AveCPU    Elapsed ExitCode 
------------ ---------- ---------- -------- ---------- ---------- ---------- ---------- -------- 
4442857           I_pbe        160                                             01:57:31      0:0 
4442857.bat+      batch          4        1   00:00:09          0   00:00:09   01:57:31      0:0 
4442857.ext+     extern        160        5   00:00:00          2   00:00:00   01:57:31      0:0 
4442857.0      mrchem.x        160       40   01:55:57         39   03:54:26   01:56:40      0:0 

Memory usage stats:
       JobID     MaxRSS MaxRSSTask     AveRSS MaxPages   MaxPagesTask   AvePages 
------------ ---------- ---------- ---------- -------- -------------- ---------- 
4442857                                                                          
4442857.bat+     12124K          0     12124K        0              0          0 
4442857.ext+          0          2          0        0              2          0 
4442857.0     53713556K         39 210560259+        0              0          0 

Disk usage stats:
       JobID  MaxDiskRead MaxDiskReadTask    AveDiskRead MaxDiskWrite MaxDiskWriteTask   AveDiskWrite 
------------ ------------ --------------- -------------- ------------ ---------------- -------------- 
4442857                                                                                               
4442857.bat+     8035.47M               0       8035.47M     8020.32M                0       8020.32M 
4442857.ext+        0.00M               2          0.00M            0                2              0 
4442857.0         354.96M               3        203.02M      386.83M                3        182.03M 

Job 4442857 completed at Sun Nov 21 18:20:04 CET 2021
