Starting job 4442854 on c3-[35,45-48,50-56],c6-1 at Sun Nov 21 15:39:33 CET 2021

Copying In_pbe.out to /cluster/home/ambr/projects/zora/row5/calcs_zora
Copying In_pbe.json to /cluster/home/ambr/projects/zora/row5/calcs_zora

Task and CPU usage stats:
       JobID    JobName  AllocCPUS   NTasks     MinCPU MinCPUTask     AveCPU    Elapsed ExitCode 
------------ ---------- ---------- -------- ---------- ---------- ---------- ---------- -------- 
4442854          In_pbe        160                                             02:03:44      0:0 
4442854.bat+      batch          8        1   00:00:08          0   00:00:08   02:03:44      0:0 
4442854.ext+     extern        160       13   00:00:00         11   00:00:00   02:03:44      0:0 
4442854.0      mrchem.x        160       40   02:02:19         39   03:56:46   02:02:57      0:0 

Memory usage stats:
       JobID     MaxRSS MaxRSSTask     AveRSS MaxPages   MaxPagesTask   AvePages 
------------ ---------- ---------- ---------- -------- -------------- ---------- 
4442854                                                                          
4442854.bat+     12584K          0     12584K        0              0          0 
4442854.ext+          0         11          0        0             11          0 
4442854.0     48889020K         39 196208770+        0              3          0 

Disk usage stats:
       JobID  MaxDiskRead MaxDiskReadTask    AveDiskRead MaxDiskWrite MaxDiskWriteTask   AveDiskWrite 
------------ ------------ --------------- -------------- ------------ ---------------- -------------- 
4442854                                                                                               
4442854.bat+     7693.22M               0       7693.22M     7676.65M                0       7676.65M 
4442854.ext+        0.00M              11          0.00M            0               11              0 
4442854.0         405.86M               0        193.83M      481.57M                0        137.98M 

Job 4442854 completed at Sun Nov 21 17:43:18 CET 2021
