Starting job 4442847 on c6-[5-8] at Sun Nov 21 12:55:52 CET 2021

Copying Mo_pbe.out to /cluster/home/ambr/projects/zora/row5/calcs_zora
Copying Mo_pbe.json to /cluster/home/ambr/projects/zora/row5/calcs_zora

Task and CPU usage stats:
       JobID    JobName  AllocCPUS   NTasks     MinCPU MinCPUTask     AveCPU    Elapsed ExitCode 
------------ ---------- ---------- -------- ---------- ---------- ---------- ---------- -------- 
4442847          Mo_pbe        160                                             01:35:00      0:0 
4442847.bat+      batch         16        1   00:00:07          0   00:00:07   01:35:00      0:0 
4442847.ext+     extern        160        4   00:00:00          1   00:00:00   01:35:00      0:0 
4442847.0      mrchem.x        160       40   01:33:50         39   03:01:09   01:34:20      0:0 

Memory usage stats:
       JobID     MaxRSS MaxRSSTask     AveRSS MaxPages   MaxPagesTask   AvePages 
------------ ---------- ---------- ---------- -------- -------------- ---------- 
4442847                                                                          
4442847.bat+     12060K          0     12060K        0              0          0 
4442847.ext+          0          1          0        0              1          0 
4442847.0     41464520K         39 154810725+        0              8          0 

Disk usage stats:
       JobID  MaxDiskRead MaxDiskReadTask    AveDiskRead MaxDiskWrite MaxDiskWriteTask   AveDiskWrite 
------------ ------------ --------------- -------------- ------------ ---------------- -------------- 
4442847                                                                                               
4442847.bat+    13005.48M               0      13005.48M    12989.07M                0      12989.07M 
4442847.ext+        0.00M               1          0.00M            0                1              0 
4442847.0         346.37M               0        160.69M      386.99M                0        152.59M 

Job 4442847 completed at Sun Nov 21 14:30:53 CET 2021
