Starting job 4442846 on c6-[1,3-5] at Sun Nov 21 12:55:52 CET 2021

Copying Nb_pbe.out to /cluster/home/ambr/projects/zora/row5/calcs_zora
Copying Nb_pbe.json to /cluster/home/ambr/projects/zora/row5/calcs_zora

Task and CPU usage stats:
       JobID    JobName  AllocCPUS   NTasks     MinCPU MinCPUTask     AveCPU    Elapsed ExitCode 
------------ ---------- ---------- -------- ---------- ---------- ---------- ---------- -------- 
4442846          Nb_pbe        160                                             01:32:34      0:0 
4442846.bat+      batch         16        1   00:00:07          0   00:00:07   01:32:34      0:0 
4442846.ext+     extern        160        4   00:00:00          3   00:00:00   01:32:34      0:0 
4442846.0      mrchem.x        160       40   01:31:32         39   02:57:10   01:31:55      0:0 

Memory usage stats:
       JobID     MaxRSS MaxRSSTask     AveRSS MaxPages   MaxPagesTask   AvePages 
------------ ---------- ---------- ---------- -------- -------------- ---------- 
4442846                                                                          
4442846.bat+     12032K          0     12032K        0              0          0 
4442846.ext+          0          3          0        0              3          0 
4442846.0     41344832K         39 158768601+        0              2          0 

Disk usage stats:
       JobID  MaxDiskRead MaxDiskReadTask    AveDiskRead MaxDiskWrite MaxDiskWriteTask   AveDiskWrite 
------------ ------------ --------------- -------------- ------------ ---------------- -------------- 
4442846                                                                                               
4442846.bat+     6025.36M               0       6025.36M     6008.96M                0       6008.96M 
4442846.ext+        0.00M               3          0.00M            0                3              0 
4442846.0         346.37M               0        152.73M      386.99M                0        146.14M 

Job 4442846 completed at Sun Nov 21 14:28:27 CET 2021
