Starting job 4442851 on c3-[51,56],c6-[1,3-5] at Sun Nov 21 14:28:46 CET 2021

Copying Pd_pbe.out to /cluster/home/ambr/projects/zora/row5/calcs_zora
Copying Pd_pbe.json to /cluster/home/ambr/projects/zora/row5/calcs_zora

Task and CPU usage stats:
       JobID    JobName  AllocCPUS   NTasks     MinCPU MinCPUTask     AveCPU    Elapsed ExitCode 
------------ ---------- ---------- -------- ---------- ---------- ---------- ---------- -------- 
4442851          Pd_pbe        160                                             01:46:01      0:0 
4442851.bat+      batch          4        1   00:00:08          0   00:00:08   01:46:01      0:0 
4442851.ext+     extern        160        6   00:00:00          0   00:00:00   01:46:01      0:0 
4442851.0      mrchem.x        160       40   01:44:56         39   03:27:16   01:45:20      0:0 

Memory usage stats:
       JobID     MaxRSS MaxRSSTask     AveRSS MaxPages   MaxPagesTask   AvePages 
------------ ---------- ---------- ---------- -------- -------------- ---------- 
4442851                                                                          
4442851.bat+     12156K          0     12156K        0              0          0 
4442851.ext+          0          0          0        0              0          0 
4442851.0     51833920K         39 175826251+        0              0          0 

Disk usage stats:
       JobID  MaxDiskRead MaxDiskReadTask    AveDiskRead MaxDiskWrite MaxDiskWriteTask   AveDiskWrite 
------------ ------------ --------------- -------------- ------------ ---------------- -------------- 
4442851                                                                                               
4442851.bat+     7099.90M               0       7099.90M     7083.50M                0       7083.50M 
4442851.ext+        0.00M               0          0.00M            0                0              0 
4442851.0         354.96M               3        179.56M      386.83M                3        156.89M 

Job 4442851 completed at Sun Nov 21 16:14:47 CET 2021
