Starting job 4442843 on c3-[29-34,36-37] at Sun Nov 21 12:55:49 CET 2021

Copying Rb_pbe.out to /cluster/home/ambr/projects/zora/row5/calcs_zora
Copying Rb_pbe.json to /cluster/home/ambr/projects/zora/row5/calcs_zora

Task and CPU usage stats:
       JobID    JobName  AllocCPUS   NTasks     MinCPU MinCPUTask     AveCPU    Elapsed ExitCode 
------------ ---------- ---------- -------- ---------- ---------- ---------- ---------- -------- 
4442843          Rb_pbe        160                                             01:09:13      0:0 
4442843.bat+      batch         20        1   00:00:06          0   00:00:06   01:09:13      0:0 
4442843.ext+     extern        160        8   00:00:00          7   00:00:00   01:09:13      0:0 
4442843.0      mrchem.x        160       40   01:08:10         39   02:26:20   01:08:29      0:0 

Memory usage stats:
       JobID     MaxRSS MaxRSSTask     AveRSS MaxPages   MaxPagesTask   AvePages 
------------ ---------- ---------- ---------- -------- -------------- ---------- 
4442843                                                                          
4442843.bat+     12264K          0     12264K        0              0          0 
4442843.ext+          0          7          0        0              7          0 
4442843.0     38155420K         39 15150764.+        0             24          0 

Disk usage stats:
       JobID  MaxDiskRead MaxDiskReadTask    AveDiskRead MaxDiskWrite MaxDiskWriteTask   AveDiskWrite 
------------ ------------ --------------- -------------- ------------ ---------------- -------------- 
4442843                                                                                               
4442843.bat+     5647.16M               0       5647.16M     5630.73M                0       5630.73M 
4442843.ext+        0.00M               7          0.00M            0                7              0 
4442843.0         199.56M               0        142.60M      232.26M                0        113.48M 

Job 4442843 completed at Sun Nov 21 14:05:02 CET 2021
