Starting job 4442850 on c3-[37,39,41,43-47] at Sun Nov 21 14:07:46 CET 2021

Copying Rh_pbe.out to /cluster/home/ambr/projects/zora/row5/calcs_zora
Copying Rh_pbe.json to /cluster/home/ambr/projects/zora/row5/calcs_zora

Task and CPU usage stats:
       JobID    JobName  AllocCPUS   NTasks     MinCPU MinCPUTask     AveCPU    Elapsed ExitCode 
------------ ---------- ---------- -------- ---------- ---------- ---------- ---------- -------- 
4442850          Rh_pbe        160                                             01:44:12      0:0 
4442850.bat+      batch          4        1   00:00:08          0   00:00:08   01:44:12      0:0 
4442850.ext+     extern        160        8   00:00:00          6   00:00:00   01:44:13      0:0 
4442850.0      mrchem.x        160       40   01:43:06         39   03:30:50   01:43:30      0:0 

Memory usage stats:
       JobID     MaxRSS MaxRSSTask     AveRSS MaxPages   MaxPagesTask   AvePages 
------------ ---------- ---------- ---------- -------- -------------- ---------- 
4442850                                                                          
4442850.bat+     12280K          0     12280K        0              0          0 
4442850.ext+          0          6          0        0              6          0 
4442850.0     50566224K         39 196043538+        0             14          0 

Disk usage stats:
       JobID  MaxDiskRead MaxDiskReadTask    AveDiskRead MaxDiskWrite MaxDiskWriteTask   AveDiskWrite 
------------ ------------ --------------- -------------- ------------ ---------------- -------------- 
4442850                                                                                               
4442850.bat+        7.00G               0          7.00G     7152.28M                0       7152.28M 
4442850.ext+        0.00M               6          0.00M            0                6              0 
4442850.0         380.08M               0        180.64M      395.43M                2        148.72M 

Job 4442850 completed at Sun Nov 21 15:51:59 CET 2021
