Starting job 4442849 on c3-[29-34,36-37] at Sun Nov 21 14:05:16 CET 2021

Copying Ru_pbe.out to /cluster/home/ambr/projects/zora/row5/calcs_zora
Copying Ru_pbe.json to /cluster/home/ambr/projects/zora/row5/calcs_zora

Task and CPU usage stats:
       JobID    JobName  AllocCPUS   NTasks     MinCPU MinCPUTask     AveCPU    Elapsed ExitCode 
------------ ---------- ---------- -------- ---------- ---------- ---------- ---------- -------- 
4442849          Ru_pbe        160                                             01:32:39      0:0 
4442849.bat+      batch         20        1   00:00:08          0   00:00:08   01:32:39      0:0 
4442849.ext+     extern        160        8   00:00:00          7   00:00:00   01:32:39      0:0 
4442849.0      mrchem.x        160       40   01:31:37         39   03:06:55   01:31:56      0:0 

Memory usage stats:
       JobID     MaxRSS MaxRSSTask     AveRSS MaxPages   MaxPagesTask   AvePages 
------------ ---------- ---------- ---------- -------- -------------- ---------- 
4442849                                                                          
4442849.bat+     12268K          0     12268K        0              0          0 
4442849.ext+          0          7          0        0              7          0 
4442849.0     47633756K         39 162313843+        0             31          0 

Disk usage stats:
       JobID  MaxDiskRead MaxDiskReadTask    AveDiskRead MaxDiskWrite MaxDiskWriteTask   AveDiskWrite 
------------ ------------ --------------- -------------- ------------ ---------------- -------------- 
4442849                                                                                               
4442849.bat+     6970.99M               0       6970.99M     6954.55M                0       6954.55M 
4442849.ext+        0.00M               7          0.00M            0                7              0 
4442849.0         362.88M               1        175.70M      404.19M                0        148.94M 

Job 4442849 completed at Sun Nov 21 15:37:56 CET 2021
