The following modules were not unloaded:
  (Use "module --force purge" to unload all):

  1) StdEnv
Traceback (most recent call last):
  File "/cluster/home/ambr/software/mrchem/install_new-zora/bin/mrchem", line 104, in <module>
    main()
  File "/cluster/home/ambr/software/mrchem/install_new-zora/bin/mrchem", line 67, in main
    user_dict = validate(ir_in=inp_file)
  File "/cluster/home/ambr/software/mrchem/install_new-zora/lib/python/mrchem/input_parser/api.py", line 67, in validate
    ir = json.load(f, object_hook=as_complex)
  File "/cluster/software/Python/3.7.4-GCCcore-8.3.0/lib/python3.7/json/__init__.py", line 296, in load
    parse_constant=parse_constant, object_pairs_hook=object_pairs_hook, **kw)
  File "/cluster/software/Python/3.7.4-GCCcore-8.3.0/lib/python3.7/json/__init__.py", line 361, in loads
    return cls(**kw).decode(s)
  File "/cluster/software/Python/3.7.4-GCCcore-8.3.0/lib/python3.7/json/decoder.py", line 337, in decode
    obj, end = self.raw_decode(s, idx=_w(s, 0).end())
  File "/cluster/software/Python/3.7.4-GCCcore-8.3.0/lib/python3.7/json/decoder.py", line 353, in raw_decode
    obj, end = self.scan_once(s, idx)
json.decoder.JSONDecodeError: Expecting ',' delimiter: line 22 column 13 (char 344)
cp: cannot stat ‘orbitals/*’: No such file or directory
cp: cannot stat ‘checkpoint/*’: No such file or directory
The following modules were not unloaded:
  (Use "module --force purge" to unload all):

  1) StdEnv
cp: cannot stat ‘checkpoint/*’: No such file or directory
