Starting job 4463852 on c3-[32,34,51,56],c6-[1,3-6] at Sat Nov 27 00:08:15 CET 2021

Copying Sb_pbe.out to /cluster/home/ambr/projects/zora/row5/calcs_zora_take1
rsync: link_stat "/cluster/work/jobs/4463852/Sb_pbe.out" failed: No such file or directory (2)
rsync error: some files/attrs were not transferred (see previous errors) (code 23) at main.c(1179) [sender=3.1.2]
Copying Sb_pbe.json to /cluster/home/ambr/projects/zora/row5/calcs_zora_take1
rsync: link_stat "/cluster/work/jobs/4463852/Sb_pbe.json" failed: No such file or directory (2)
rsync error: some files/attrs were not transferred (see previous errors) (code 23) at main.c(1179) [sender=3.1.2]

Task and CPU usage stats:
       JobID    JobName  AllocCPUS   NTasks     MinCPU MinCPUTask     AveCPU    Elapsed ExitCode 
------------ ---------- ---------- -------- ---------- ---------- ---------- ---------- -------- 
4463852          Sb_pbe        160                                             00:02:33      0:0 
4463852.bat+      batch         12        1   00:00:06          0   00:00:06   00:02:33      0:0 
4463852.ext+     extern        160        9   00:00:00          8   00:00:00   00:02:33      0:0 

Memory usage stats:
       JobID     MaxRSS MaxRSSTask     AveRSS MaxPages   MaxPagesTask   AvePages 
------------ ---------- ---------- ---------- -------- -------------- ---------- 
4463852                                                                          
4463852.bat+      1284K          0      1284K        0              0          0 
4463852.ext+          0          8          0        0              8          0 

Disk usage stats:
       JobID  MaxDiskRead MaxDiskReadTask    AveDiskRead MaxDiskWrite MaxDiskWriteTask   AveDiskWrite 
------------ ------------ --------------- -------------- ------------ ---------------- -------------- 
4463852                                                                                               
4463852.bat+     6987.97M               0       6987.97M     6971.58M                0       6971.58M 
4463852.ext+        0.00M               8          0.00M            0                8              0 

Job 4463852 completed at Sat Nov 27 00:10:49 CET 2021
Starting job 4476436 on c3-[31-32,40-41,47-48,50-51,53-54],c6-[1,3-4] at Mon Nov 29 17:47:36 CET 2021

Copying Sb_pbe.out to /cluster/home/ambr/projects/zora/row5/calcs_zora_take1
Copying Sb_pbe.json to /cluster/home/ambr/projects/zora/row5/calcs_zora_take1

Task and CPU usage stats:
       JobID    JobName  AllocCPUS   NTasks     MinCPU MinCPUTask     AveCPU    Elapsed ExitCode 
------------ ---------- ---------- -------- ---------- ---------- ---------- ---------- -------- 
4476436          Sb_pbe        160                                             05:32:49      0:0 
4476436.bat+      batch          4        1   00:00:08          0   00:00:08   05:32:49      0:0 
4476436.ext+     extern        160       13   00:00:00          8   00:00:00   05:32:52      0:0 
4476436.0      mrchem.x        160       40   05:30:11         39   11:05:47   05:31:43      0:0 

Memory usage stats:
       JobID     MaxRSS MaxRSSTask     AveRSS MaxPages   MaxPagesTask   AvePages 
------------ ---------- ---------- ---------- -------- -------------- ---------- 
4476436                                                                          
4476436.bat+     12520K          0     12520K        0              0          0 
4476436.ext+          0          8          0        0              8          0 
4476436.0     57513284K         39 159641562+        0              2          0 

Disk usage stats:
       JobID  MaxDiskRead MaxDiskReadTask    AveDiskRead MaxDiskWrite MaxDiskWriteTask   AveDiskWrite 
------------ ------------ --------------- -------------- ------------ ---------------- -------------- 
4476436                                                                                               
4476436.bat+     6988.76M               0       6988.76M     6972.03M                0       6972.03M 
4476436.ext+        0.00M               8          0.00M            0                8              0 
4476436.0         337.09M              19        176.40M      412.62M                5        132.18M 

Job 4476436 completed at Mon Nov 29 23:20:29 CET 2021
