Starting job 4442855 on c3-[37,39,41,43-47] at Sun Nov 21 15:52:03 CET 2021

Copying Sn_pbe.out to /cluster/home/ambr/projects/zora/row5/calcs_zora
Copying Sn_pbe.json to /cluster/home/ambr/projects/zora/row5/calcs_zora

Task and CPU usage stats:
       JobID    JobName  AllocCPUS   NTasks     MinCPU MinCPUTask     AveCPU    Elapsed ExitCode 
------------ ---------- ---------- -------- ---------- ---------- ---------- ---------- -------- 
4442855          Sn_pbe        160                                             01:52:52      0:0 
4442855.bat+      batch          4        1   00:00:09          0   00:00:09   01:52:52      0:0 
4442855.ext+     extern        160        8   00:00:00          4   00:00:00   01:52:52      0:0 
4442855.0      mrchem.x        160       40   01:51:38         39   03:40:26   01:52:05      0:0 

Memory usage stats:
       JobID     MaxRSS MaxRSSTask     AveRSS MaxPages   MaxPagesTask   AvePages 
------------ ---------- ---------- ---------- -------- -------------- ---------- 
4442855                                                                          
4442855.bat+     12280K          0     12280K        0              0          0 
4442855.ext+          0          4          0        0              4          0 
4442855.0     51137148K         39 204475799+        0             20          0 

Disk usage stats:
       JobID  MaxDiskRead MaxDiskReadTask    AveDiskRead MaxDiskWrite MaxDiskWriteTask   AveDiskWrite 
------------ ------------ --------------- -------------- ------------ ---------------- -------------- 
4442855                                                                                               
4442855.bat+     7846.29M               0       7846.29M     7831.20M                0       7831.20M 
4442855.ext+        0.00M               4          0.00M            0                4              0 
4442855.0         397.27M               2        197.62M      481.39M                2        205.89M 

Job 4442855 completed at Sun Nov 21 17:44:56 CET 2021
