Starting job 4442844 on c3-[37,39,41,43-47] at Sun Nov 21 12:55:52 CET 2021

Copying Sr_pbe.out to /cluster/home/ambr/projects/zora/row5/calcs_zora
Copying Sr_pbe.json to /cluster/home/ambr/projects/zora/row5/calcs_zora

Task and CPU usage stats:
       JobID    JobName  AllocCPUS   NTasks     MinCPU MinCPUTask     AveCPU    Elapsed ExitCode 
------------ ---------- ---------- -------- ---------- ---------- ---------- ---------- -------- 
4442844          Sr_pbe        160                                             01:11:33      0:0 
4442844.bat+      batch          4        1   00:00:07          0   00:00:07   01:11:33      0:0 
4442844.ext+     extern        160        8   00:00:00          6   00:00:00   01:11:33      0:0 
4442844.0      mrchem.x        160       40   01:10:30         39   02:33:47   01:10:48      0:0 

Memory usage stats:
       JobID     MaxRSS MaxRSSTask     AveRSS MaxPages   MaxPagesTask   AvePages 
------------ ---------- ---------- ---------- -------- -------------- ---------- 
4442844                                                                          
4442844.bat+     12280K          0     12280K        0              0          0 
4442844.ext+          0          6          0        0              6          0 
4442844.0     39703060K         39 163340002+        0             25          0 

Disk usage stats:
       JobID  MaxDiskRead MaxDiskReadTask    AveDiskRead MaxDiskWrite MaxDiskWriteTask   AveDiskWrite 
------------ ------------ --------------- -------------- ------------ ---------------- -------------- 
4442844                                                                                               
4442844.bat+     5930.85M               0       5930.85M     5914.40M                0       5914.40M 
4442844.ext+        0.00M               6          0.00M            0                6              0 
4442844.0         199.56M               0        149.69M      232.10M               20        125.73M 

Job 4442844 completed at Sun Nov 21 14:07:26 CET 2021
