Starting job 4442848 on c3-[35,45-48,50-56],c6-1 at Sun Nov 21 13:59:46 CET 2021

Copying Tc_pbe.out to /cluster/home/ambr/projects/zora/row5/calcs_zora
Copying Tc_pbe.json to /cluster/home/ambr/projects/zora/row5/calcs_zora

Task and CPU usage stats:
       JobID    JobName  AllocCPUS   NTasks     MinCPU MinCPUTask     AveCPU    Elapsed ExitCode 
------------ ---------- ---------- -------- ---------- ---------- ---------- ---------- -------- 
4442848          Tc_pbe        160                                             01:39:25      0:0 
4442848.bat+      batch          8        1   00:00:08          0   00:00:08   01:39:25      0:0 
4442848.ext+     extern        160       13   00:00:00          6   00:00:00   01:39:25      0:0 
4442848.0      mrchem.x        160       40   01:38:16         39   03:11:51   01:38:44      0:0 

Memory usage stats:
       JobID     MaxRSS MaxRSSTask     AveRSS MaxPages   MaxPagesTask   AvePages 
------------ ---------- ---------- ---------- -------- -------------- ---------- 
4442848                                                                          
4442848.bat+     12588K          0     12588K        0              0          0 
4442848.ext+          0          6          0        0              6          0 
4442848.0     44283660K         39 164089311+        0              4          0 

Disk usage stats:
       JobID  MaxDiskRead MaxDiskReadTask    AveDiskRead MaxDiskWrite MaxDiskWriteTask   AveDiskWrite 
------------ ------------ --------------- -------------- ------------ ---------------- -------------- 
4442848                                                                                               
4442848.bat+     6728.79M               0       6728.79M     6713.69M                0       6713.69M 
4442848.ext+        0.00M               6          0.00M            0                6              0 
4442848.0         362.88M               1        169.76M      395.59M                0        125.51M 

Job 4442848 completed at Sun Nov 21 15:39:11 CET 2021
