Starting job 4442856 on c3-[51,56],c6-[1,3-5] at Sun Nov 21 16:14:48 CET 2021

Copying Te_pbe.out to /cluster/home/ambr/projects/zora/row5/calcs_zora
Copying Te_pbe.json to /cluster/home/ambr/projects/zora/row5/calcs_zora

Task and CPU usage stats:
       JobID    JobName  AllocCPUS   NTasks     MinCPU MinCPUTask     AveCPU    Elapsed ExitCode 
------------ ---------- ---------- -------- ---------- ---------- ---------- ---------- -------- 
4442856          Te_pbe        160                                             01:56:28      0:0 
4442856.bat+      batch          4        1   00:00:09          0   00:00:09   01:56:28      0:0 
4442856.ext+     extern        160        6   00:00:00          1   00:00:00   01:56:28      0:0 
4442856.0      mrchem.x        160       40   01:55:05         39   03:51:25   01:55:41      0:0 

Memory usage stats:
       JobID     MaxRSS MaxRSSTask     AveRSS MaxPages   MaxPagesTask   AvePages 
------------ ---------- ---------- ---------- -------- -------------- ---------- 
4442856                                                                          
4442856.bat+     12164K          0     12164K        0              0          0 
4442856.ext+          0          1          0        0              1          0 
4442856.0     56204112K         39 206778353+        0              1          0 

Disk usage stats:
       JobID  MaxDiskRead MaxDiskReadTask    AveDiskRead MaxDiskWrite MaxDiskWriteTask   AveDiskWrite 
------------ ------------ --------------- -------------- ------------ ---------------- -------------- 
4442856                                                                                               
4442856.bat+     7915.06M               0       7915.06M     7899.97M                0       7899.97M 
4442856.ext+        0.00M               1          0.00M            0                1              0 
4442856.0         354.96M              11        199.98M      386.83M                4        173.01M 

Job 4442856 completed at Sun Nov 21 18:11:16 CET 2021
