Starting job 4442858 on c3-[29-34,36-37] at Sun Nov 21 17:14:49 CET 2021

Copying Xe_pbe.out to /cluster/home/ambr/projects/zora/row5/calcs_zora
Copying Xe_pbe.json to /cluster/home/ambr/projects/zora/row5/calcs_zora

Task and CPU usage stats:
       JobID    JobName  AllocCPUS   NTasks     MinCPU MinCPUTask     AveCPU    Elapsed ExitCode 
------------ ---------- ---------- -------- ---------- ---------- ---------- ---------- -------- 
4442858          Xe_pbe        160                                             01:54:40      0:0 
4442858.bat+      batch         20        1   00:00:09          0   00:00:09   01:54:40      0:0 
4442858.ext+     extern        160        8   00:00:00          3   00:00:00   01:54:40      0:0 
4442858.0      mrchem.x        160       40   01:53:20         39   03:56:14   01:53:50      0:0 

Memory usage stats:
       JobID     MaxRSS MaxRSSTask     AveRSS MaxPages   MaxPagesTask   AvePages 
------------ ---------- ---------- ---------- -------- -------------- ---------- 
4442858                                                                          
4442858.bat+     12336K          0     12336K        0              0          0 
4442858.ext+          0          3          0        0              3          0 
4442858.0     55036084K         39 215320800+        0             22          0 

Disk usage stats:
       JobID  MaxDiskRead MaxDiskReadTask    AveDiskRead MaxDiskWrite MaxDiskWriteTask   AveDiskWrite 
------------ ------------ --------------- -------------- ------------ ---------------- -------------- 
4442858                                                                                               
4442858.bat+     7993.96M               0       7993.96M     7977.52M                0       7977.52M 
4442858.ext+        0.00M               3          0.00M            0                3              0 
4442858.0         345.69M               2        201.27M      386.83M                2        170.43M 

Job 4442858 completed at Sun Nov 21 19:09:29 CET 2021
