Starting job 4442845 on c3-[45-48,50-56],c6-1 at Sun Nov 21 12:55:52 CET 2021

Copying Y_pbe.out to /cluster/home/ambr/projects/zora/row5/calcs_zora
Copying Y_pbe.json to /cluster/home/ambr/projects/zora/row5/calcs_zora

Task and CPU usage stats:
       JobID    JobName  AllocCPUS   NTasks     MinCPU MinCPUTask     AveCPU    Elapsed ExitCode 
------------ ---------- ---------- -------- ---------- ---------- ---------- ---------- -------- 
4442845           Y_pbe        160                                             01:03:31      0:0 
4442845.bat+      batch          4        1   00:00:07          0   00:00:07   01:03:31      0:0 
4442845.ext+     extern        160       12   00:00:00         10   00:00:00   01:03:32      0:0 
4442845.0      mrchem.x        160       40   01:02:37         39   02:05:02   01:02:54      0:0 

Memory usage stats:
       JobID     MaxRSS MaxRSSTask     AveRSS MaxPages   MaxPagesTask   AvePages 
------------ ---------- ---------- ---------- -------- -------------- ---------- 
4442845                                                                          
4442845.bat+     12512K          0     12512K        0              0          0 
4442845.ext+          0         10          0        0             10          0 
4442845.0     38026288K         39 134238106+        0              2          0 

Disk usage stats:
       JobID  MaxDiskRead MaxDiskReadTask    AveDiskRead MaxDiskWrite MaxDiskWriteTask   AveDiskWrite 
------------ ------------ --------------- -------------- ------------ ---------------- -------------- 
4442845                                                                                               
4442845.bat+     5853.55M               0       5853.55M     5837.01M                0       5837.01M 
4442845.ext+        0.00M              10          0.00M            0               10              0 
4442845.0         199.56M               0        147.84M      232.10M               31        112.62M 

Job 4442845 completed at Sun Nov 21 13:59:24 CET 2021
