Starting job 4496385 on c3-[30-35,38,43-45,47-48,50-51,53],c6-1 at Fri Dec 3 02:49:19 CET 2021


Task and CPU usage stats:
       JobID    JobName  AllocCPUS   NTasks     MinCPU MinCPUTask     AveCPU    Elapsed ExitCode 
------------ ---------- ---------- -------- ---------- ---------- ---------- ---------- -------- 
4496385          Zr_pbe        160                                             10:00:03      0:0 
4496385.bat+      batch         12        1   00:00:03          0   00:00:03   10:00:05     0:15 
4496385.ext+     extern        160       16   00:00:00          2   00:00:00   10:00:05      0:0 
4496385.0      mrchem.x        160       40   09:56:00         39   18:32:58   09:59:42     0:15 

Memory usage stats:
       JobID     MaxRSS MaxRSSTask     AveRSS MaxPages   MaxPagesTask   AvePages 
------------ ---------- ---------- ---------- -------- -------------- ---------- 
4496385                                                                          
4496385.bat+     12688K          0     12688K        0              0          0 
4496385.ext+          0          2          0        0              2          0 
4496385.0     45083600K         39 219275559+        0              6          0 

Disk usage stats:
       JobID  MaxDiskRead MaxDiskReadTask    AveDiskRead MaxDiskWrite MaxDiskWriteTask   AveDiskWrite 
------------ ------------ --------------- -------------- ------------ ---------------- -------------- 
4496385                                                                                               
4496385.bat+     5190.26M               0       5190.26M     5174.97M                0       5174.97M 
4496385.ext+        0.00M               2          0.00M            0                2              0 
4496385.0         328.50M               0        131.23M        0.73M                0          0.02M 

Job 4496385 completed at Fri Dec 3 12:49:27 CET 2021
Starting job 4507879 on c3-[30-31,33-34] at Fri Dec 3 13:57:47 CET 2021

Copying Zr_pbe.out to /cluster/home/ambr/projects/zora/row5/calcs_zora_take1
Copying Zr_pbe.json to /cluster/home/ambr/projects/zora/row5/calcs_zora_take1

Task and CPU usage stats:
       JobID    JobName  AllocCPUS   NTasks     MinCPU MinCPUTask     AveCPU    Elapsed ExitCode 
------------ ---------- ---------- -------- ---------- ---------- ---------- ---------- -------- 
4507879          Zr_pbe         40                                             00:00:28      0:0 
4507879.bat+      batch          8        1   00:00:03          0   00:00:03   00:00:28      0:0 
4507879.ext+     extern         40        4   00:00:00          3   00:00:00   00:00:28      0:0 

Memory usage stats:
       JobID     MaxRSS MaxRSSTask     AveRSS MaxPages   MaxPagesTask   AvePages 
------------ ---------- ---------- ---------- -------- -------------- ---------- 
4507879                                                                          
4507879.bat+          0          0          0        0              0          0 
4507879.ext+          0          3          0        0              3          0 

Disk usage stats:
       JobID  MaxDiskRead MaxDiskReadTask    AveDiskRead MaxDiskWrite MaxDiskWriteTask   AveDiskWrite 
------------ ------------ --------------- -------------- ------------ ---------------- -------------- 
4507879                                                                                               
4507879.bat+            0               0              0            0                0              0 
4507879.ext+        0.00M               3          0.00M            0                3              0 

Job 4507879 completed at Fri Dec 3 13:58:15 CET 2021
Starting job 4507880 on c3-[30,33,46],c6-[1,3-4,6-8] at Sat Dec 4 09:43:07 CET 2021

Copying Zr_pbe.out to /cluster/home/ambr/projects/zora/row5/calcs_zora_take1
Copying Zr_pbe.json to /cluster/home/ambr/projects/zora/row5/calcs_zora_take1

Task and CPU usage stats:
       JobID    JobName  AllocCPUS   NTasks     MinCPU MinCPUTask     AveCPU    Elapsed ExitCode 
------------ ---------- ---------- -------- ---------- ---------- ---------- ---------- -------- 
4507880          Zr_pbe        160                                             13:43:16      0:0 
4507880.bat+      batch          4        1   00:00:05          0   00:00:05   13:43:16      0:0 
4507880.ext+     extern        160        9   00:00:00          5   00:00:00   13:43:18      0:0 
4507880.0      mrchem.x        160       40   13:38:40         39 1-00:55:36   13:42:47      0:0 

Memory usage stats:
       JobID     MaxRSS MaxRSSTask     AveRSS MaxPages   MaxPagesTask   AvePages 
------------ ---------- ---------- ---------- -------- -------------- ---------- 
4507880                                                                          
4507880.bat+     12280K          0     12280K        0              0          0 
4507880.ext+          0          5          0        0              5          0 
4507880.0     49974184K         39 219351673+        0              4          0 

Disk usage stats:
       JobID  MaxDiskRead MaxDiskReadTask    AveDiskRead MaxDiskWrite MaxDiskWriteTask   AveDiskWrite 
------------ ------------ --------------- -------------- ------------ ---------------- -------------- 
4507880                                                                                               
4507880.bat+     5190.26M               0       5190.26M     5174.97M                0       5174.97M 
4507880.ext+        0.00M               5          0.00M            0                5              0 
4507880.0         328.50M               0        131.81M        0.95M                0          0.03M 

Job 4507880 completed at Sat Dec 4 23:26:26 CET 2021
Starting job 4522612 on c3-[30,33-34,37,42-43,46],c6-1 at Mon Dec 6 00:42:51 CET 2021

Copying Zr_pbe.out to /cluster/home/ambr/projects/zora/row5/calcs_zora_take1
Copying Zr_pbe.json to /cluster/home/ambr/projects/zora/row5/calcs_zora_take1

Task and CPU usage stats:
       JobID    JobName  AllocCPUS   NTasks     MinCPU MinCPUTask     AveCPU    Elapsed ExitCode 
------------ ---------- ---------- -------- ---------- ---------- ---------- ---------- -------- 
4522612          Zr_pbe        160                                             14:15:28      0:0 
4522612.bat+      batch          4        1   00:00:07          0   00:00:07   14:15:28      0:0 
4522612.ext+     extern        160        8   00:00:00          2   00:00:00   14:15:29      0:0 
4522612.0      mrchem.x        160       40   14:10:55         39 1-01:47:31   14:14:39      0:0 

Memory usage stats:
       JobID     MaxRSS MaxRSSTask     AveRSS MaxPages   MaxPagesTask   AvePages 
------------ ---------- ---------- ---------- -------- -------------- ---------- 
4522612                                                                          
4522612.bat+     12228K          0     12228K        0              0          0 
4522612.ext+          0          2          0        0              2          0 
4522612.0     47257552K         39 218908034+        0             28          0 

Disk usage stats:
       JobID  MaxDiskRead MaxDiskReadTask    AveDiskRead MaxDiskWrite MaxDiskWriteTask   AveDiskWrite 
------------ ------------ --------------- -------------- ------------ ---------------- -------------- 
4522612                                                                                               
4522612.bat+     5190.26M               0       5190.26M     5174.97M                0       5174.97M 
4522612.ext+        0.00M               2          0.00M            0                2              0 
4522612.0         328.50M               0        131.40M      430.79M                0        153.04M 

Job 4522612 completed at Mon Dec 6 14:58:20 CET 2021
