The following modules were not unloaded:
  (Use "module --force purge" to unload all):

  1) StdEnv
slurmstepd: error: *** STEP 4496385.0 ON c3-30 CANCELLED AT 2021-12-03T12:49:22 DUE TO TIME LIMIT ***
srun: Job step aborted: Waiting up to 32 seconds for job step to finish.
slurmstepd: error: *** JOB 4496385 ON c3-30 CANCELLED AT 2021-12-03T12:49:22 DUE TO TIME LIMIT ***
srun: error: c3-32: task 6: Terminated
srun: error: c3-47: task 29: Terminated
srun: error: c3-51: task 32: Terminated
srun: error: c3-50: task 31: Terminated
srun: error: c3-38: tasks 17-18: Terminated
srun: error: c3-33: tasks 7-8: Terminated
srun: error: c3-48: task 30: Terminated
srun: error: c3-43: tasks 19-24: Terminated
srun: error: c3-44: tasks 25-26: Terminated
srun: error: c3-45: tasks 27-28: Terminated
srun: error: c3-31: tasks 3-5: Terminated
srun: error: c3-53: tasks 33-38: Terminated
srun: error: c3-35: tasks 15-16: Terminated
srun: error: c3-34: tasks 9-14: Terminated
The following modules were not unloaded:
  (Use "module --force purge" to unload all):

  1) StdEnv
srun: error: Unable to create step for job 4507879: More processors requested than permitted
cp: cannot stat ‘orbitals/*’: No such file or directory
cp: cannot stat ‘checkpoint/*’: No such file or directory
The following modules were not unloaded:
  (Use "module --force purge" to unload all):

  1) StdEnv
cp: cannot stat ‘orbitals/*’: No such file or directory
cp: cannot stat ‘checkpoint/*’: No such file or directory
The following modules were not unloaded:
  (Use "module --force purge" to unload all):

  1) StdEnv
cp: cannot stat ‘checkpoint/*’: No such file or directory
