Starting job 181552 on b[4163-4166] at Fri May 7 11:01:28 CEST 2021

Copying Ar.out to /cluster/home/ambr/projects/zora/mini-benchmark-gto-mw/noble-ions/initorbs
Copying Ar.json to /cluster/home/ambr/projects/zora/mini-benchmark-gto-mw/noble-ions/initorbs

Task and CPU usage stats:
       JobID    JobName  AllocCPUS   NTasks     MinCPU MinCPUTask     AveCPU    Elapsed ExitCode 
------------ ---------- ---------- -------- ---------- ---------- ---------- ---------- -------- 
181552               Ar        512                                             00:01:13      1:0 
181552.batch      batch        128        1   00:20:54          0   00:20:54   00:01:13      1:0 
181552.exte+     extern        512        4   00:00:00          1   00:00:00   00:01:13      0:0 
181552.0          orted         48        3   00:07:39          2   00:09:10   00:01:06      0:0 

Memory usage stats:
       JobID     MaxRSS MaxRSSTask     AveRSS MaxPages   MaxPagesTask   AvePages 
------------ ---------- ---------- ---------- -------- -------------- ---------- 
181552                                                                           
181552.batch  10189321K          0  10189321K       78              0         78 
181552.exte+       799K          0    794.50K        3              3          2 
181552.0      10613520K          0 7756969642       54              0         51 

Disk usage stats:
       JobID  MaxDiskRead MaxDiskReadTask    AveDiskRead MaxDiskWrite MaxDiskWriteTask   AveDiskWrite 
------------ ------------ --------------- -------------- ------------ ---------------- -------------- 
181552                                                                                                
181552.batch       39.78M               0         39.78M       17.51M                0         17.51M 
181552.exte+        0.00M               1          0.00M            0                1              0 
181552.0           28.84M               0         28.62M       25.56M                1         20.15M 

Job 181552 completed at Fri May 7 11:02:42 CEST 2021
