Starting job 181553 on b[2282-2285] at Fri May 7 11:01:31 CEST 2021

Copying He.out to /cluster/home/ambr/projects/zora/mini-benchmark-gto-mw/noble-ions/initorbs
Copying He.json to /cluster/home/ambr/projects/zora/mini-benchmark-gto-mw/noble-ions/initorbs

Task and CPU usage stats:
       JobID    JobName  AllocCPUS   NTasks     MinCPU MinCPUTask     AveCPU    Elapsed ExitCode 
------------ ---------- ---------- -------- ---------- ---------- ---------- ---------- -------- 
181553               He        512                                             00:00:53      1:0 
181553.batch      batch        128        1   00:15:37          0   00:15:37   00:00:53      1:0 
181553.exte+     extern        512        4   00:00:00          2   00:00:00   00:00:53      0:0 
181553.0          orted         48        3   00:04:58          2   00:06:02   00:00:48      0:0 

Memory usage stats:
       JobID     MaxRSS MaxRSSTask     AveRSS MaxPages   MaxPagesTask   AvePages 
------------ ---------- ---------- ---------- -------- -------------- ---------- 
181553                                                                           
181553.batch   9875592K          0   9875592K       69              0         69 
181553.exte+       797K          3     815360        1              2          1 
181553.0       6015668K          0   4526978K       63              0         54 

Disk usage stats:
       JobID  MaxDiskRead MaxDiskReadTask    AveDiskRead MaxDiskWrite MaxDiskWriteTask   AveDiskWrite 
------------ ------------ --------------- -------------- ------------ ---------------- -------------- 
181553                                                                                                
181553.batch       39.76M               0         39.76M       17.44M                0         17.44M 
181553.exte+        0.00M               2          0.00M            0                2              0 
181553.0           28.77M               0         28.59M       21.36M                1         18.66M 

Job 181553 completed at Fri May 7 11:02:24 CEST 2021
