Starting job 181554 on b[2286-2288,2291] at Fri May 7 11:01:31 CEST 2021

Copying Kr.out to /cluster/home/ambr/projects/zora/mini-benchmark-gto-mw/noble-ions/initorbs
Copying Kr.json to /cluster/home/ambr/projects/zora/mini-benchmark-gto-mw/noble-ions/initorbs

Task and CPU usage stats:
       JobID    JobName  AllocCPUS   NTasks     MinCPU MinCPUTask     AveCPU    Elapsed ExitCode 
------------ ---------- ---------- -------- ---------- ---------- ---------- ---------- -------- 
181554               Kr        512                                             00:01:17      1:0 
181554.batch      batch        128        1   00:21:41          0   00:21:41   00:01:17      1:0 
181554.exte+     extern        512        4   00:00:00          3   00:00:00   00:01:18      0:0 
181554.0          orted         48        3   00:08:59          2   00:10:44   00:01:13      0:0 

Memory usage stats:
       JobID     MaxRSS MaxRSSTask     AveRSS MaxPages   MaxPagesTask   AvePages 
------------ ---------- ---------- ---------- -------- -------------- ---------- 
181554                                                                           
181554.batch  12453256K          0  12453256K       84              0         84 
181554.exte+       799K          0       627K        1              3          1 
181554.0      11356237K          0   8316335K       46              1         42 

Disk usage stats:
       JobID  MaxDiskRead MaxDiskReadTask    AveDiskRead MaxDiskWrite MaxDiskWriteTask   AveDiskWrite 
------------ ------------ --------------- -------------- ------------ ---------------- -------------- 
181554                                                                                                
181554.batch       39.80M               0         39.80M       17.59M                0         17.59M 
181554.exte+        0.00M               3          0.00M            0                3              0 
181554.0           28.84M               0         28.63M       29.70M                1         21.57M 

Job 181554 completed at Fri May 7 11:02:49 CEST 2021
