Starting job 181555 on b[1158-1161] at Fri May 7 11:01:31 CEST 2021

Copying Ne.out to /cluster/home/ambr/projects/zora/mini-benchmark-gto-mw/noble-ions/initorbs
Copying Ne.json to /cluster/home/ambr/projects/zora/mini-benchmark-gto-mw/noble-ions/initorbs

Task and CPU usage stats:
       JobID    JobName  AllocCPUS   NTasks     MinCPU MinCPUTask     AveCPU    Elapsed ExitCode 
------------ ---------- ---------- -------- ---------- ---------- ---------- ---------- -------- 
181555               Ne        512                                             00:01:14      1:0 
181555.batch      batch        128        1   00:22:14          0   00:22:14   00:01:14      1:0 
181555.exte+     extern        512        4   00:00:00          2   00:00:00   00:01:14      0:0 
181555.0          orted         48        3   00:08:59          2   00:10:38   00:01:10      0:0 

Memory usage stats:
       JobID     MaxRSS MaxRSSTask     AveRSS MaxPages   MaxPagesTask   AvePages 
------------ ---------- ---------- ---------- -------- -------------- ---------- 
181555                                                                           
181555.batch  11201312K          0  11201312K       82              0         82 
181555.exte+       803K          1       794K        3              1          1 
181555.0      10121087K          0 7171272362       78              0         64 

Disk usage stats:
       JobID  MaxDiskRead MaxDiskReadTask    AveDiskRead MaxDiskWrite MaxDiskWriteTask   AveDiskWrite 
------------ ------------ --------------- -------------- ------------ ---------------- -------------- 
181555                                                                                                
181555.batch       39.78M               0         39.78M       17.50M                0         17.50M 
181555.exte+        0.00M               2          0.00M            0                2              0 
181555.0           28.79M               0         28.60M       25.52M                1         20.12M 

Job 181555 completed at Fri May 7 11:02:46 CEST 2021
