Starting job 181556 on b[1162-1164,1166] at Fri May 7 11:01:31 CEST 2021

Copying Xe.out to /cluster/home/ambr/projects/zora/mini-benchmark-gto-mw/noble-ions/initorbs
Copying Xe.json to /cluster/home/ambr/projects/zora/mini-benchmark-gto-mw/noble-ions/initorbs

Task and CPU usage stats:
       JobID    JobName  AllocCPUS   NTasks     MinCPU MinCPUTask     AveCPU    Elapsed ExitCode 
------------ ---------- ---------- -------- ---------- ---------- ---------- ---------- -------- 
181556               Xe        512                                             00:01:13      1:0 
181556.batch      batch        128        1   00:21:36          0   00:21:36   00:01:13      1:0 
181556.exte+     extern        512        4   00:00:00          1   00:00:00   00:01:13      0:0 
181556.0          orted         48        3   00:07:39          2   00:09:25   00:01:09      0:0 

Memory usage stats:
       JobID     MaxRSS MaxRSSTask     AveRSS MaxPages   MaxPagesTask   AvePages 
------------ ---------- ---------- ---------- -------- -------------- ---------- 
181556                                                                           
181556.batch  12132346K          0  12132346K       77              0         77 
181556.exte+       802K          3       799K        3              3          2 
181556.0      11966285K          0   9232418K       59              0         47 

Disk usage stats:
       JobID  MaxDiskRead MaxDiskReadTask    AveDiskRead MaxDiskWrite MaxDiskWriteTask   AveDiskWrite 
------------ ------------ --------------- -------------- ------------ ---------------- -------------- 
181556                                                                                                
181556.batch       39.80M               0         39.80M       21.79M                0         21.79M 
181556.exte+        0.00M               1          0.00M            0                1              0 
181556.0           28.84M               0         28.63M       29.85M                1         21.70M 

Job 181556 completed at Fri May 7 11:02:45 CEST 2021
