Starting job 382814 on b[3349-3350,3352-3357] at Thu Jun 23 10:26:46 CEST 2022

Copying Cr-Alkene1_Fragment2_mw6.out to /cluster/home/ambr/projects/zora/reaction_energies/calcs_nrel
Copying Cr-Alkene1_Fragment2_mw6.json to /cluster/home/ambr/projects/zora/reaction_energies/calcs_nrel

Task and CPU usage stats:
JobID           JobName  AllocCPUS   NTasks     MinCPU MinCPUTask     AveCPU    Elapsed ExitCode 
------------ ---------- ---------- -------- ---------- ---------- ---------- ---------- -------- 
382814       Cr-Alkene+       1024                                             00:02:56      0:0 
382814.batch      batch        128        1   03:09:48          0   03:09:48   00:02:56      0:0 
382814.exte+     extern       1024        8   00:00:00          4   00:00:00   00:02:57      0:0 
382814.0          orted        896        7   00:42:29          5   00:42:36   00:02:48      0:0 

Memory usage stats:
JobID            MaxRSS MaxRSSTask     AveRSS MaxPages   MaxPagesTask   AvePages 
------------ ---------- ---------- ---------- -------- -------------- ---------- 
382814                                                                           
382814.batch  23210659K          0  23210659K     1021              0       1021 
382814.exte+       871K          5     882560        3              4          3 
382814.0      12757353K          6 130329990+      790              2        768 

Disk usage stats:
JobID         MaxDiskRead MaxDiskReadTask    AveDiskRead MaxDiskWrite MaxDiskWriteTask   AveDiskWrite 
------------ ------------ --------------- -------------- ------------ ---------------- -------------- 
382814                                                                                                
382814.batch       55.90M               0         55.90M       98.58M                0         98.58M 
382814.exte+        0.00M               4          0.00M            0                4              0 
382814.0           45.52M               1         45.50M       98.48M                0         98.47M 

Job 382814 completed at Thu Jun 23 10:29:43 CEST 2022
