Starting job 382813 on b[2313,2320-2323,2346-2348] at Thu Jun 23 10:26:46 CEST 2022

Copying Cr-Alkene1_Complex_mw6.out to /cluster/home/ambr/projects/zora/reaction_energies/calcs_nrel
Copying Cr-Alkene1_Complex_mw6.json to /cluster/home/ambr/projects/zora/reaction_energies/calcs_nrel

Task and CPU usage stats:
JobID           JobName  AllocCPUS   NTasks     MinCPU MinCPUTask     AveCPU    Elapsed ExitCode 
------------ ---------- ---------- -------- ---------- ---------- ---------- ---------- -------- 
382813       Cr-Alkene+       1024                                             00:26:35      0:0 
382813.batch      batch        128        1   16:37:20          0   16:37:20   00:26:35      0:0 
382813.exte+     extern       1024        8   00:00:00          7   00:00:00   00:26:36      0:0 
382813.0          orted        896        7   06:38:27          6   17:54:20   00:25:38      0:0 

Memory usage stats:
JobID            MaxRSS MaxRSSTask     AveRSS MaxPages   MaxPagesTask   AvePages 
------------ ---------- ---------- ---------- -------- -------------- ---------- 
382813                                                                           
382813.batch  69471710K          0  69471710K     1211              0          0 
382813.exte+       873K          1     886016        3              7          3 
382813.0      77412733K          3  73641664K     1142              6       1003 

Disk usage stats:
JobID         MaxDiskRead MaxDiskReadTask    AveDiskRead MaxDiskWrite MaxDiskWriteTask   AveDiskWrite 
------------ ------------ --------------- -------------- ------------ ---------------- -------------- 
382813                                                                                                
382813.batch     5692.29M               0       5692.29M     6313.14M                0       6313.14M 
382813.exte+        0.00M               7          0.00M            0                7              0 
382813.0           46.15M               0         46.13M     1059.39M                1        844.90M 

Job 382813 completed at Thu Jun 23 10:53:23 CEST 2022
