                                                                           
                                                                           
***************************************************************************
***                                                                     ***
***                                                                     ***
***          __  __ ____   ____ _                                       ***
***         |  \/  |  _ \ / ___| |__   ___ _ __ ___                     ***
***         | |\/| | |_) | |   | '_ \ / _ \ '_ ` _ \                    ***
***         | |  | |  _ <| |___| | | |  __/ | | | | |                   ***
***         |_|  |_|_| \_\\____|_| |_|\___|_| |_| |_|                   ***
***                                                                     ***
***         VERSION            1.1.0-alpha                              ***
***                                                                     ***
***         Git branch         master                                   ***
***         Git commit hash    f6df85f5f746c23b4022                     ***
***         Git commit author  Stig Rune Jensen                         ***
***         Git commit date    Thu May 19 15:46:21 2022 +0200           ***
***                                                                     ***
***         Contact: luca.frediani@uit.no                               ***
***                                                                     ***
***         Radovan Bast            Magnar Bjorgve                      ***
***         Roberto Di Remigio      Antoine Durdek                      ***
***         Luca Frediani           Gabriel Gerez                       ***
***         Stig Rune Jensen        Jonas Juselius                      ***
***         Rune Monstad            Peter Wind                          ***
***                                                                     ***
***************************************************************************

---------------------------------------------------------------------------

 MPI processes           :       (32 bank)                              96
 OpenMP threads          :                                              15
 Total cores             :                                             992
                                                                           
---------------------------------------------------------------------------

XCFun DFT library Copyright 2009-2020 Ulf Ekstrom and contributors.
See http://dftlibs.org/xcfun/ for more information.

This is free software; see the source code for copying conditions.
There is ABSOLUTELY NO WARRANTY; not even for MERCHANTABILITY or
FITNESS FOR A PARTICULAR PURPOSE. For details see the documentation.
Scientific users of this library should cite
U. Ekstrom, L. Visscher, R. Bast, A. J. Thorvaldsen and K. Ruud;
J.Chem.Theor.Comp. 2010, DOI: 10.1021/ct100117s

---------------------------------------------------------------------------

 MRCPP version         : 1.4.1
 Git branch            : HEAD
 Git commit hash       : 75d41879b1908a94a452
 Git commit author     : Stig Rune Jensen
 Git commit date       : Thu Jan 6 11:38:53 2022 +0100

 Linear algebra        : EIGEN v3.4.0
 Parallelization       : MPI/OpenMP (15 threads)

---------------------------------------------------------------------------


                                                                           
===========================================================================
                         MultiResolution Analysis
---------------------------------------------------------------------------
 polynomial order      : 9
 polynomial type       : Interpolating
---------------------------------------------------------------------------
 total boxes           : 8
 boxes                 : [          2           2           2 ]
 unit lengths          : [   64.00000    64.00000    64.00000 ]
 scaling factor        : [    1.00000     1.00000     1.00000 ]
 lower bounds          : [  -64.00000   -64.00000   -64.00000 ]
 upper bounds          : [   64.00000    64.00000    64.00000 ]
 total length          : [  128.00000   128.00000   128.00000 ]
===========================================================================


                                                                           
***************************************************************************
***                                                                     ***
***                        Initializing Molecule                        ***
***                                                                     ***
***************************************************************************
                                                                           
                                                                           
===========================================================================
                                 Molecule
---------------------------------------------------------------------------
 Charge                  :                                               0
 Multiplicity            :                                               1
---------------------------------------------------------------------------
    N    Atom            :               x               y               z
---------------------------------------------------------------------------
    0       C            :      -11.605642        3.048402       -0.000000
    1       C            :       -9.072295        3.061441       -0.000000
    2       H            :      -12.692306        1.321368        0.420283
    3       H            :      -12.710030        4.764156       -0.420283
    4       H            :       -7.967907        1.345687        0.420281
    5       H            :       -7.985631        4.788473       -0.420283
---------------------------------------------------------------------------
 Center of mass          :      -10.338968        3.054922       -0.000000
===========================================================================


                                                                           
***************************************************************************
***                                                                     ***
***                 Computing Ground State Wavefunction                 ***
***                                                                     ***
***************************************************************************
                                                                           
                                                                           
~~~~~~~~~~~~~~~~~~~~~~~~~~~~~~~~~~~~~~~~~~~~~~~~~~~~~~~~~~~~~~~~~~~~~~~~~~~
 Calculation             : Compute initial orbitals
 Method                  : Diagonalize SAD Hamiltonian
 Precision               : 1.00000e-06
 Screening               : 1.20000e+01 StdDev
 Restricted              : True
 Functional              : LDA (SVWN5)
 AO basis                : 3-21G
~~~~~~~~~~~~~~~~~~~~~~~~~~~~~~~~~~~~~~~~~~~~~~~~~~~~~~~~~~~~~~~~~~~~~~~~~~~


===========================================================================
                            Molecular Orbitals
---------------------------------------------------------------------------
 Alpha electrons         :                                               8
 Beta electrons          :                                               8
 Total electrons         :                                              16
---------------------------------------------------------------------------
    n  Occ Spin          :                                            Norm
---------------------------------------------------------------------------
    0    2    p          :                              1.000000000000e+00
    1    2    p          :                              9.999999999998e-01
    2    2    p          :                              1.000000000001e+00
    3    2    p          :                              1.000000000002e+00
    4    2    p          :                              9.999999999894e-01
    5    2    p          :                              9.999999996848e-01
    6    2    p          :                              1.000000000013e+00
    7    2    p          :                              9.999999999982e-01
===========================================================================


~~~~~~~~~~~~~~~~~~~~~~~~~~~~~~~~~~~~~~~~~~~~~~~~~~~~~~~~~~~~~~~~~~~~~~~~~~~
 Calculation             : Compute initial energy
 Method                  : DFT (PBE)
 Relativity              : None
 Precision               : 1.00000e-06
 Localization            : On
~~~~~~~~~~~~~~~~~~~~~~~~~~~~~~~~~~~~~~~~~~~~~~~~~~~~~~~~~~~~~~~~~~~~~~~~~~~


===========================================================================
                        Molecular Energy (initial)
---------------------------------------------------------------------------
 Kinetic energy          :            (au)                 78.264952416671
 E-N energy              :            (au)               -249.154771259877
 Coulomb energy          :            (au)                 72.195499965790
 Exchange energy         :            (au)                  0.000000000000
 X-C energy              :            (au)                -12.280494768767
 Ext. field (el)         :            (au)                  0.000000000000
---------------------------------------------------------------------------
 N-N energy              :            (au)                 32.999679159111
 Ext. field (nuc)        :            (au)                  0.000000000000
 Tot. Reac. Energy       :            (au)                  0.000000000000
 El. Reac. Energy        :            (au)                  0.000000000000
 Nuc. Reac. Energy       :            (au)                  0.000000000000
---------------------------------------------------------------------------
 Electronic energy       :            (au)               -110.974813646182
 Nuclear energy          :            (au)                 32.999679159111
---------------------------------------------------------------------------
 Total energy            :            (au)             -7.797513448707e+01
                         :      (kcal/mol)             -4.893013563198e+04
                         :        (kJ/mol)             -2.047236874842e+05
                         :            (eV)             -2.121811502111e+03
===========================================================================


===========================================================================
                        Orbital Energies (initial)
---------------------------------------------------------------------------
    n  Occ Spin          :                                         Epsilon
---------------------------------------------------------------------------
    0    2    p          :            (au)                 -9.600539073382
    1    2    p          :            (au)                 -9.599245597855
    2    2    p          :            (au)                 -0.567218154258
    3    2    p          :            (au)                 -0.431960132886
    4    2    p          :            (au)                 -0.326229479081
    5    2    p          :            (au)                 -0.254168505100
    6    2    p          :            (au)                 -0.234634088546
    7    2    p          :            (au)                 -0.125304620707
---------------------------------------------------------------------------
 Sum occupied            :            (au)                -42.278599303628
===========================================================================


~~~~~~~~~~~~~~~~~~~~~~~~~~~~~~~~~~~~~~~~~~~~~~~~~~~~~~~~~~~~~~~~~~~~~~~~~~~
 Calculation             : Optimize ground state orbitals
 Method                  : DFT (PBE)
 Relativity              : None
 Checkpointing           : Off
 Max iterations          : 500
 KAIN solver             : 6
 Localization            : First two iterations
 Diagonalization         : Off
 Start precision         : 1.00000e-06
 Final precision         : 1.00000e-06
 Helmholtz precision     : Dynamic
 Energy threshold        : Off
 Orbital threshold       : 5.00000e-05
~~~~~~~~~~~~~~~~~~~~~~~~~~~~~~~~~~~~~~~~~~~~~~~~~~~~~~~~~~~~~~~~~~~~~~~~~~~


===========================================================================
 Iter           MO residual             Total energy                Update
---------------------------------------------------------------------------
    0          2.828427e+00         -77.975134487072         -7.797513e+01
    1          2.209447e-01         -78.481078105281         -5.059436e-01
    2          8.322319e-02         -78.504562219493         -2.348411e-02
    3          3.003148e-02         -78.507469914979         -2.907695e-03
    4          1.179928e-02         -78.508041813346         -5.718984e-04
    5          8.383016e-03         -78.508327999466         -2.861861e-04
    6          3.500016e-03         -78.508370653545         -4.265408e-05
    7          3.052992e-03         -78.508400521440         -2.986789e-05
    8          1.720033e-03         -78.508409065887         -8.544447e-06
    9          1.180483e-03         -78.508413179491         -4.113604e-06
   10          1.500152e-03         -78.508416471977         -3.292486e-06
   11          4.475474e-04         -78.508416920548         -4.485703e-07
   12          2.344385e-04         -78.508417080906         -1.603586e-07
   13          1.346896e-04         -78.508417129517         -4.861062e-08
   14          6.612588e-05         -78.508417141356         -1.183952e-08
---------------------------------------------------------------------------
                      SCF converged in 14 iterations!
===========================================================================


                                                                           
***************************************************************************
***                                                                     ***
***                    Printing Molecular Properties                    ***
***                                                                     ***
***************************************************************************
                                                                           
                                                                           
===========================================================================
                                 Molecule
---------------------------------------------------------------------------
 Charge                  :                                               0
 Multiplicity            :                                               1
---------------------------------------------------------------------------
    N    Atom            :               x               y               z
---------------------------------------------------------------------------
    0       C            :      -11.605642        3.048402       -0.000000
    1       C            :       -9.072295        3.061441       -0.000000
    2       H            :      -12.692306        1.321368        0.420283
    3       H            :      -12.710030        4.764156       -0.420283
    4       H            :       -7.967907        1.345687        0.420281
    5       H            :       -7.985631        4.788473       -0.420283
---------------------------------------------------------------------------
 Center of mass          :      -10.338968        3.054922       -0.000000
===========================================================================


===========================================================================
                         Molecular Energy (final)
---------------------------------------------------------------------------
 Kinetic energy          :            (au)                 78.027951881125
 E-N energy              :            (au)               -247.668236822107
 Coulomb energy          :            (au)                 70.277789560390
 Exchange energy         :            (au)                  0.000000000000
 X-C energy              :            (au)                -12.145600919875
 Ext. field (el)         :            (au)                  0.000000000000
---------------------------------------------------------------------------
 N-N energy              :            (au)                 32.999679159111
 Ext. field (nuc)        :            (au)                  0.000000000000
 Tot. Reac. Energy       :            (au)                  0.000000000000
 El. Reac. Energy        :            (au)                  0.000000000000
 Nuc. Reac. Energy       :            (au)                  0.000000000000
---------------------------------------------------------------------------
 Electronic energy       :            (au)               -111.508096300467
 Nuclear energy          :            (au)                 32.999679159111
---------------------------------------------------------------------------
 Total energy            :            (au)             -7.850841714136e+01
                         :      (kcal/mol)             -4.926477554990e+04
                         :        (kJ/mol)             -2.061238209008e+05
                         :            (eV)             -2.136322862395e+03
===========================================================================


===========================================================================
                         Orbital Energies (final)
---------------------------------------------------------------------------
    n  Occ Spin          :                                         Epsilon
---------------------------------------------------------------------------
    0    2    p          :            (au)                 -9.891521896715
    1    2    p          :            (au)                 -9.890874364272
    2    2    p          :            (au)                 -0.687682267082
    3    2    p          :            (au)                 -0.520279637049
    4    2    p          :            (au)                 -0.418032397560
    5    2    p          :            (au)                 -0.373170992775
    6    2    p          :            (au)                 -0.311794167085
    7    2    p          :            (au)                 -0.247781206083
---------------------------------------------------------------------------
 Sum occupied            :            (au)                -44.682273857242
===========================================================================


===========================================================================
                           Dipole Moment (dip-1)
---------------------------------------------------------------------------
 r_O                     :        0.000000        0.000000        0.000000
---------------------------------------------------------------------------
 Electronic vector       :      165.423496      -48.878747        0.000001
 Magnitude               :            (au)                      172.493667
                         :         (Debye)                      438.435170
---------------------------------------------------------------------------
 Nuclear vector          :     -165.423496       48.878747       -0.000002
 Magnitude               :            (au)                      172.493666
                         :         (Debye)                      438.435167
---------------------------------------------------------------------------
 Total vector            :        0.000001       -0.000000       -0.000001
 Magnitude               :            (au)                        0.000001
                         :         (Debye)                        0.000003
===========================================================================


                                                                           
                                                                           
***************************************************************************
***                                                                     ***
***                            Exiting MRChem                           ***
***                                                                     ***
***                       Wall time :  0h  2m 44s                       ***
***                                                                     ***
***************************************************************************
                                                                           
                                                                           
