                                                                           
                                                                           
***************************************************************************
***                                                                     ***
***                                                                     ***
***          __  __ ____   ____ _                                       ***
***         |  \/  |  _ \ / ___| |__   ___ _ __ ___                     ***
***         | |\/| | |_) | |   | '_ \ / _ \ '_ ` _ \                    ***
***         | |  | |  _ <| |___| | | |  __/ | | | | |                   ***
***         |_|  |_|_| \_\\____|_| |_|\___|_| |_| |_|                   ***
***                                                                     ***
***         VERSION            1.1.0-alpha                              ***
***                                                                     ***
***         Git branch         master                                   ***
***         Git commit hash    f6df85f5f746c23b4022                     ***
***         Git commit author  Stig Rune Jensen                         ***
***         Git commit date    Thu May 19 15:46:21 2022 +0200           ***
***                                                                     ***
***         Contact: luca.frediani@uit.no                               ***
***                                                                     ***
***         Radovan Bast            Magnar Bjorgve                      ***
***         Roberto Di Remigio      Antoine Durdek                      ***
***         Luca Frediani           Gabriel Gerez                       ***
***         Stig Rune Jensen        Jonas Juselius                      ***
***         Rune Monstad            Peter Wind                          ***
***                                                                     ***
***************************************************************************

---------------------------------------------------------------------------

 MPI processes           :       (32 bank)                              96
 OpenMP threads          :                                              15
 Total cores             :                                             992
                                                                           
---------------------------------------------------------------------------

XCFun DFT library Copyright 2009-2020 Ulf Ekstrom and contributors.
See http://dftlibs.org/xcfun/ for more information.

This is free software; see the source code for copying conditions.
There is ABSOLUTELY NO WARRANTY; not even for MERCHANTABILITY or
FITNESS FOR A PARTICULAR PURPOSE. For details see the documentation.
Scientific users of this library should cite
U. Ekstrom, L. Visscher, R. Bast, A. J. Thorvaldsen and K. Ruud;
J.Chem.Theor.Comp. 2010, DOI: 10.1021/ct100117s

---------------------------------------------------------------------------

 MRCPP version         : 1.4.1
 Git branch            : HEAD
 Git commit hash       : 75d41879b1908a94a452
 Git commit author     : Stig Rune Jensen
 Git commit date       : Thu Jan 6 11:38:53 2022 +0100

 Linear algebra        : EIGEN v3.4.0
 Parallelization       : MPI/OpenMP (15 threads)

---------------------------------------------------------------------------


                                                                           
===========================================================================
                         MultiResolution Analysis
---------------------------------------------------------------------------
 polynomial order      : 9
 polynomial type       : Interpolating
---------------------------------------------------------------------------
 total boxes           : 8
 boxes                 : [          2           2           2 ]
 unit lengths          : [   64.00000    64.00000    64.00000 ]
 scaling factor        : [    1.00000     1.00000     1.00000 ]
 lower bounds          : [  -64.00000   -64.00000   -64.00000 ]
 upper bounds          : [   64.00000    64.00000    64.00000 ]
 total length          : [  128.00000   128.00000   128.00000 ]
===========================================================================


                                                                           
***************************************************************************
***                                                                     ***
***                        Initializing Molecule                        ***
***                                                                     ***
***************************************************************************
                                                                           
                                                                           
===========================================================================
                                 Molecule
---------------------------------------------------------------------------
 Charge                  :                                               0
 Multiplicity            :                                               1
---------------------------------------------------------------------------
    N    Atom            :               x               y               z
---------------------------------------------------------------------------
    0      Cr            :      -13.097221        4.283486        4.934950
    1       C            :      -10.940598        5.261332        7.607559
    2       C            :      -10.372809        2.604558        3.347472
    3       C            :      -12.229140        7.275924        3.369799
    4       C            :      -15.846074        5.876914        6.567628
    5       O            :      -17.522091        6.896285        7.549206
    6       O            :       -9.598042        5.934441        9.205973
    7       O            :       -8.687630        1.614234        2.351968
    8       O            :      -11.682500        9.162925        2.383041
    9       C            :      -15.166734        3.610010        2.104176
   10       O            :      -16.414110        3.272286        0.332040
   11       C            :      -13.421593        0.797434        7.925334
   12       C            :      -14.972007        0.191817        5.905606
   13       H            :      -14.311952       -1.082499        4.400787
   14       H            :      -17.020714        0.536648        5.994514
   15       H            :      -11.499477        0.016282        8.064438
   16       H            :      -14.208189        1.635409        9.658288
---------------------------------------------------------------------------
 Center of mass          :      -13.072762        4.368902        4.890545
===========================================================================


                                                                           
***************************************************************************
***                                                                     ***
***                 Computing Ground State Wavefunction                 ***
***                                                                     ***
***************************************************************************
                                                                           
                                                                           
~~~~~~~~~~~~~~~~~~~~~~~~~~~~~~~~~~~~~~~~~~~~~~~~~~~~~~~~~~~~~~~~~~~~~~~~~~~
 Calculation             : Compute initial orbitals
 Method                  : Diagonalize SAD Hamiltonian
 Precision               : 1.00000e-06
 Screening               : 1.20000e+01 StdDev
 Restricted              : True
 Functional              : LDA (SVWN5)
 AO basis                : 3-21G
~~~~~~~~~~~~~~~~~~~~~~~~~~~~~~~~~~~~~~~~~~~~~~~~~~~~~~~~~~~~~~~~~~~~~~~~~~~


===========================================================================
                            Molecular Orbitals
---------------------------------------------------------------------------
 Alpha electrons         :                                              55
 Beta electrons          :                                              55
 Total electrons         :                                             110
---------------------------------------------------------------------------
    n  Occ Spin          :                                            Norm
---------------------------------------------------------------------------
    0    2    p          :                              1.000000000021e+00
    1    2    p          :                              1.000000000010e+00
    2    2    p          :                              1.000000000007e+00
    3    2    p          :                              9.999999999998e-01
    4    2    p          :                              9.999999999866e-01
    5    2    p          :                              9.999999999704e-01
    6    2    p          :                              1.000000000000e+00
    7    2    p          :                              1.000000000043e+00
    8    2    p          :                              9.999999999928e-01
    9    2    p          :                              1.000000000007e+00
   10    2    p          :                              9.999999989093e-01
   11    2    p          :                              9.999999999682e-01
   12    2    p          :                              1.000000001095e+00
   13    2    p          :                              1.000000000178e+00
   14    2    p          :                              1.000000000007e+00
   15    2    p          :                              9.999999999833e-01
   16    2    p          :                              1.000000000002e+00
   17    2    p          :                              9.999999999885e-01
   18    2    p          :                              9.999999998857e-01
   19    2    p          :                              1.000000000014e+00
   20    2    p          :                              1.000000000135e+00
   21    2    p          :                              1.000000000979e+00
   22    2    p          :                              9.999999998862e-01
   23    2    p          :                              1.000000000224e+00
   24    2    p          :                              1.000000002214e+00
   25    2    p          :                              1.000000000122e+00
   26    2    p          :                              9.999999948175e-01
   27    2    p          :                              1.000000005369e+00
   28    2    p          :                              9.999999782649e-01
   29    2    p          :                              9.999999994059e-01
   30    2    p          :                              9.999999912313e-01
   31    2    p          :                              1.000000011100e+00
   32    2    p          :                              9.999999895376e-01
   33    2    p          :                              9.999999992024e-01
   34    2    p          :                              1.000000005979e+00
   35    2    p          :                              1.000000018639e+00
   36    2    p          :                              9.999999952432e-01
   37    2    p          :                              1.000000010786e+00
   38    2    p          :                              9.999999901078e-01
   39    2    p          :                              9.999999917593e-01
   40    2    p          :                              1.000000005050e+00
   41    2    p          :                              1.000000000737e+00
   42    2    p          :                              9.999999972738e-01
   43    2    p          :                              9.999999962228e-01
   44    2    p          :                              1.000000005763e+00
   45    2    p          :                              9.999999964398e-01
   46    2    p          :                              9.999999996096e-01
   47    2    p          :                              9.999999975490e-01
   48    2    p          :                              9.999999984633e-01
   49    2    p          :                              1.000000003327e+00
   50    2    p          :                              1.000000000062e+00
   51    2    p          :                              1.000000007882e+00
   52    2    p          :                              1.000000029357e+00
   53    2    p          :                              9.999999995846e-01
   54    2    p          :                              1.000000001715e+00
===========================================================================


~~~~~~~~~~~~~~~~~~~~~~~~~~~~~~~~~~~~~~~~~~~~~~~~~~~~~~~~~~~~~~~~~~~~~~~~~~~
 Calculation             : Compute initial energy
 Method                  : DFT (PBE)
 Relativity              : None
 Precision               : 1.00000e-06
 Localization            : On
~~~~~~~~~~~~~~~~~~~~~~~~~~~~~~~~~~~~~~~~~~~~~~~~~~~~~~~~~~~~~~~~~~~~~~~~~~~


===========================================================================
                        Molecular Energy (initial)
---------------------------------------------------------------------------
 Kinetic energy          :            (au)               1672.567409169731
 E-N energy              :            (au)              -6018.946480170967
 Coulomb energy          :            (au)               1769.343610356792
 Exchange energy         :            (au)                  0.000000000000
 X-C energy              :            (au)               -129.415147206345
 Ext. field (el)         :            (au)                  0.000000000000
---------------------------------------------------------------------------
 N-N energy              :            (au)               1026.405415187233
 Ext. field (nuc)        :            (au)                  0.000000000000
 Tot. Reac. Energy       :            (au)                  0.000000000000
 El. Reac. Energy        :            (au)                  0.000000000000
 Nuc. Reac. Energy       :            (au)                  0.000000000000
---------------------------------------------------------------------------
 Electronic energy       :            (au)              -2706.450607850789
 Nuclear energy          :            (au)               1026.405415187233
---------------------------------------------------------------------------
 Total energy            :            (au)             -1.680045192664e+03
                         :      (kcal/mol)             -1.054244275250e+06
                         :        (kJ/mol)             -4.410958047648e+06
                         :            (eV)             -4.571635864828e+04
===========================================================================


===========================================================================
                        Orbital Energies (initial)
---------------------------------------------------------------------------
    n  Occ Spin          :                                         Epsilon
---------------------------------------------------------------------------
    0    2    p          :            (au)               -213.394848434729
    1    2    p          :            (au)                -24.488135372802
    2    2    p          :            (au)                -20.822836143181
    3    2    p          :            (au)                -20.816869276987
    4    2    p          :            (au)                -20.809837419151
    5    2    p          :            (au)                -18.771979004707
    6    2    p          :            (au)                -18.755045168925
    7    2    p          :            (au)                -18.742789216580
    8    2    p          :            (au)                -18.629968711668
    9    2    p          :            (au)                -18.565123295164
   10    2    p          :            (au)                 -9.963040455637
   11    2    p          :            (au)                 -9.950705752004
   12    2    p          :            (au)                 -9.938461807450
   13    2    p          :            (au)                 -9.931720834789
   14    2    p          :            (au)                 -9.862670829512
   15    2    p          :            (au)                 -9.588005613985
   16    2    p          :            (au)                 -9.573044547655
   17    2    p          :            (au)                 -2.901494824707
   18    2    p          :            (au)                 -1.885177580173
   19    2    p          :            (au)                 -1.871185834310
   20    2    p          :            (au)                 -1.860900029172
   21    2    p          :            (au)                 -1.077242026012
   22    2    p          :            (au)                 -1.069005380792
   23    2    p          :            (au)                 -1.060545234828
   24    2    p          :            (au)                 -1.032493839805
   25    2    p          :            (au)                 -0.999906730391
   26    2    p          :            (au)                 -0.581869945935
   27    2    p          :            (au)                 -0.528443558803
   28    2    p          :            (au)                 -0.493206008617
   29    2    p          :            (au)                 -0.487874799584
   30    2    p          :            (au)                 -0.479679968298
   31    2    p          :            (au)                 -0.466456767276
   32    2    p          :            (au)                 -0.439803238548
   33    2    p          :            (au)                 -0.426456434318
   34    2    p          :            (au)                 -0.425269073533
   35    2    p          :            (au)                 -0.417711625912
   36    2    p          :            (au)                 -0.412381674223
   37    2    p          :            (au)                 -0.409443472948
   38    2    p          :            (au)                 -0.406792827945
   39    2    p          :            (au)                 -0.402987305401
   40    2    p          :            (au)                 -0.388269397010
   41    2    p          :            (au)                 -0.384693915175
   42    2    p          :            (au)                 -0.369869545996
   43    2    p          :            (au)                 -0.368177683066
   44    2    p          :            (au)                 -0.367848300612
   45    2    p          :            (au)                 -0.343447458739
   46    2    p          :            (au)                 -0.338521986995
   47    2    p          :            (au)                 -0.324555813271
   48    2    p          :            (au)                 -0.318904227701
   49    2    p          :            (au)                 -0.255325033689
   50    2    p          :            (au)                 -0.248868555835
   51    2    p          :            (au)                 -0.243725699333
   52    2    p          :            (au)                 -0.231882366309
   53    2    p          :            (au)                 -0.204905792456
   54    2    p          :            (au)                 -0.167434155682
---------------------------------------------------------------------------
 Sum occupied            :            (au)               -974.595679996643
===========================================================================


~~~~~~~~~~~~~~~~~~~~~~~~~~~~~~~~~~~~~~~~~~~~~~~~~~~~~~~~~~~~~~~~~~~~~~~~~~~
 Calculation             : Optimize ground state orbitals
 Method                  : DFT (PBE)
 Relativity              : None
 Checkpointing           : Off
 Max iterations          : 500
 KAIN solver             : 6
 Localization            : First two iterations
 Diagonalization         : Off
 Start precision         : 1.00000e-06
 Final precision         : 1.00000e-06
 Helmholtz precision     : Dynamic
 Energy threshold        : Off
 Orbital threshold       : 5.00000e-05
~~~~~~~~~~~~~~~~~~~~~~~~~~~~~~~~~~~~~~~~~~~~~~~~~~~~~~~~~~~~~~~~~~~~~~~~~~~


===========================================================================
 Iter           MO residual             Total energy                Update
---------------------------------------------------------------------------
    0          7.416198e+00       -1680.045192663556         -1.680045e+03
    1          4.005932e-01       -1688.896161282348         -8.850969e+00
    2          1.395174e-01       -1689.195797459238         -2.996362e-01
    3          6.878534e-02       -1689.242730238020         -4.693278e-02
    4          4.205977e-02       -1689.256834703483         -1.410447e-02
    5          5.809765e-02       -1689.268823406978         -1.198870e-02
    6          2.509830e-02       -1689.271812802713         -2.989396e-03
    7          3.006727e-02       -1689.274907129434         -3.094327e-03
    8          2.089760e-02       -1689.276176547998         -1.269419e-03
    9          1.313308e-02       -1689.276811118281         -6.345703e-04
   10          1.211925e-02       -1689.277291063230         -4.799449e-04
   11          1.290890e-02       -1689.277736944297         -4.458811e-04
   12          8.750517e-03       -1689.277969641862         -2.326976e-04
   13          7.670176e-03       -1689.278137769167         -1.681273e-04
   14          7.087730e-03       -1689.278257644689         -1.198755e-04
   15          4.328998e-03       -1689.278314049267         -5.640458e-05
   16          3.494515e-03       -1689.278356721295         -4.267203e-05
   17          3.206891e-03       -1689.278389911002         -3.318971e-05
   18          2.470513e-03       -1689.278412387393         -2.247639e-05
   19          1.871090e-03       -1689.278428350077         -1.596268e-05
   20          2.057336e-03       -1689.278441198117         -1.284804e-05
   21          1.663332e-03       -1689.278450534968         -9.336852e-06
   22          1.039831e-03       -1689.278455594463         -5.059494e-06
   23          1.306800e-03       -1689.278461415589         -5.821126e-06
   24          1.336507e-03       -1689.278466856097         -5.440508e-06
   25          1.044600e-03       -1689.278470430795         -3.574698e-06
   26          8.238601e-04       -1689.278472984656         -2.553861e-06
   27          8.820142e-04       -1689.278475047493         -2.062837e-06
   28          6.771753e-04       -1689.278476471967         -1.424475e-06
   29          5.024840e-04       -1689.278477100650         -6.286828e-07
   30          4.852347e-04       -1689.278477946640         -8.459901e-07
   31          3.749695e-04       -1689.278478513349         -5.667089e-07
   32          3.567838e-04       -1689.278479031829         -5.184802e-07
   33          3.632897e-04       -1689.278479462794         -4.309650e-07
   34          3.171188e-04       -1689.278479777608         -3.148143e-07
   35          2.200562e-04       -1689.278479981573         -2.039646e-07
   36          2.573537e-04       -1689.278480175001         -1.934277e-07
   37          2.489178e-04       -1689.278480383884         -2.088836e-07
   38          1.937710e-04       -1689.278480523881         -1.399962e-07
   39          1.848569e-04       -1689.278480646341         -1.224607e-07
   40          1.829575e-04       -1689.278480736599         -9.025734e-08
   41          1.421961e-04       -1689.278480799643         -6.304390e-08
   42          1.091415e-04       -1689.278480841104         -4.146159e-08
---------------------------------------------------------------------------
                      SCF converged in 42 iterations!
===========================================================================


                                                                           
***************************************************************************
***                                                                     ***
***                    Printing Molecular Properties                    ***
***                                                                     ***
***************************************************************************
                                                                           
                                                                           
===========================================================================
                                 Molecule
---------------------------------------------------------------------------
 Charge                  :                                               0
 Multiplicity            :                                               1
---------------------------------------------------------------------------
    N    Atom            :               x               y               z
---------------------------------------------------------------------------
    0      Cr            :      -13.097221        4.283486        4.934950
    1       C            :      -10.940598        5.261332        7.607559
    2       C            :      -10.372809        2.604558        3.347472
    3       C            :      -12.229140        7.275924        3.369799
    4       C            :      -15.846074        5.876914        6.567628
    5       O            :      -17.522091        6.896285        7.549206
    6       O            :       -9.598042        5.934441        9.205973
    7       O            :       -8.687630        1.614234        2.351968
    8       O            :      -11.682500        9.162925        2.383041
    9       C            :      -15.166734        3.610010        2.104176
   10       O            :      -16.414110        3.272286        0.332040
   11       C            :      -13.421593        0.797434        7.925334
   12       C            :      -14.972007        0.191817        5.905606
   13       H            :      -14.311952       -1.082499        4.400787
   14       H            :      -17.020714        0.536648        5.994514
   15       H            :      -11.499477        0.016282        8.064438
   16       H            :      -14.208189        1.635409        9.658288
---------------------------------------------------------------------------
 Center of mass          :      -13.072762        4.368902        4.890545
===========================================================================


===========================================================================
                         Molecular Energy (final)
---------------------------------------------------------------------------
 Kinetic energy          :            (au)               1685.795041464198
 E-N energy              :            (au)              -6045.032543621955
 Coulomb energy          :            (au)               1773.234080895139
 Exchange energy         :            (au)                  0.000000000000
 X-C energy              :            (au)               -129.680474765718
 Ext. field (el)         :            (au)                  0.000000000000
---------------------------------------------------------------------------
 N-N energy              :            (au)               1026.405415187233
 Ext. field (nuc)        :            (au)                  0.000000000000
 Tot. Reac. Energy       :            (au)                  0.000000000000
 El. Reac. Energy        :            (au)                  0.000000000000
 Nuc. Reac. Energy       :            (au)                  0.000000000000
---------------------------------------------------------------------------
 Electronic energy       :            (au)              -2715.683896028337
 Nuclear energy          :            (au)               1026.405415187233
---------------------------------------------------------------------------
 Total energy            :            (au)             -1.689278480841e+03
                         :      (kcal/mol)             -1.060038251059e+06
                         :        (kJ/mol)             -4.435200042429e+06
                         :            (eV)             -4.596760921920e+04
===========================================================================


===========================================================================
                         Orbital Energies (final)
---------------------------------------------------------------------------
    n  Occ Spin          :                                         Epsilon
---------------------------------------------------------------------------
    0    2    p          :            (au)               -214.458367730979
    1    2    p          :            (au)                -24.273624380330
    2    2    p          :            (au)                -20.638798924407
    3    2    p          :            (au)                -20.637725549293
    4    2    p          :            (au)                -20.637165545449
    5    2    p          :            (au)                -18.834232668452
    6    2    p          :            (au)                -18.834222831271
    7    2    p          :            (au)                -18.832557460435
    8    2    p          :            (au)                -18.832548573539
    9    2    p          :            (au)                -18.820315802985
   10    2    p          :            (au)                -10.006204452294
   11    2    p          :            (au)                -10.006204214454
   12    2    p          :            (au)                -10.002642792892
   13    2    p          :            (au)                -10.002640643423
   14    2    p          :            (au)                 -9.997409169503
   15    2    p          :            (au)                 -9.940601598174
   16    2    p          :            (au)                 -9.940161868448
   17    2    p          :            (au)                 -2.736447862758
   18    2    p          :            (au)                 -1.730896150009
   19    2    p          :            (au)                 -1.727743223460
   20    2    p          :            (au)                 -1.727171301695
   21    2    p          :            (au)                 -1.044166301816
   22    2    p          :            (au)                 -1.043759507803
   23    2    p          :            (au)                 -1.043174425246
   24    2    p          :            (au)                 -1.042965589091
   25    2    p          :            (au)                 -1.030807282504
   26    2    p          :            (au)                 -0.731585638062
   27    2    p          :            (au)                 -0.565946201143
   28    2    p          :            (au)                 -0.548772325729
   29    2    p          :            (au)                 -0.511405812883
   30    2    p          :            (au)                 -0.508972622027
   31    2    p          :            (au)                 -0.508146483069
   32    2    p          :            (au)                 -0.501249880809
   33    2    p          :            (au)                 -0.459780631830
   34    2    p          :            (au)                 -0.441431164589
   35    2    p          :            (au)                 -0.430873411691
   36    2    p          :            (au)                 -0.427311293131
   37    2    p          :            (au)                 -0.426881716293
   38    2    p          :            (au)                 -0.425111917508
   39    2    p          :            (au)                 -0.417209048178
   40    2    p          :            (au)                 -0.414199730231
   41    2    p          :            (au)                 -0.413271117006
   42    2    p          :            (au)                 -0.406979370824
   43    2    p          :            (au)                 -0.403263593421
   44    2    p          :            (au)                 -0.400261239771
   45    2    p          :            (au)                 -0.398894758458
   46    2    p          :            (au)                 -0.398845794574
   47    2    p          :            (au)                 -0.380647582026
   48    2    p          :            (au)                 -0.363268790635
   49    2    p          :            (au)                 -0.360595963402
   50    2    p          :            (au)                 -0.352458177642
   51    2    p          :            (au)                 -0.304906857070
   52    2    p          :            (au)                 -0.229490019618
   53    2    p          :            (au)                 -0.228535898530
   54    2    p          :            (au)                 -0.217140944910
---------------------------------------------------------------------------
 Sum occupied            :            (au)               -979.999987671542
===========================================================================


===========================================================================
                           Dipole Moment (dip-1)
---------------------------------------------------------------------------
 r_O                     :        0.000000        0.000000        0.000000
---------------------------------------------------------------------------
 Electronic vector       :     1439.989176     -473.739310     -541.535582
 Magnitude               :            (au)                     1609.738658
                         :         (Debye)                     4091.547558
---------------------------------------------------------------------------
 Nuclear vector          :    -1440.302349      472.658799      542.100096
 Magnitude               :            (au)                     1609.891211
                         :         (Debye)                     4091.935309
---------------------------------------------------------------------------
 Total vector            :       -0.313173       -1.080510        0.564514
 Magnitude               :            (au)                        1.258672
                         :         (Debye)                        3.199226
===========================================================================


                                                                           
                                                                           
***************************************************************************
***                                                                     ***
***                            Exiting MRChem                           ***
***                                                                     ***
***                       Wall time :  0h 25m 33s                       ***
***                                                                     ***
***************************************************************************
                                                                           
                                                                           
