                                                                           
                                                                           
***************************************************************************
***                                                                     ***
***                                                                     ***
***          __  __ ____   ____ _                                       ***
***         |  \/  |  _ \ / ___| |__   ___ _ __ ___                     ***
***         | |\/| | |_) | |   | '_ \ / _ \ '_ ` _ \                    ***
***         | |  | |  _ <| |___| | | |  __/ | | | | |                   ***
***         |_|  |_|_| \_\\____|_| |_|\___|_| |_| |_|                   ***
***                                                                     ***
***         VERSION            1.1.0-alpha                              ***
***                                                                     ***
***         Git branch         master                                   ***
***         Git commit hash    f6df85f5f746c23b4022                     ***
***         Git commit author  Stig Rune Jensen                         ***
***         Git commit date    Thu May 19 15:46:21 2022 +0200           ***
***                                                                     ***
***         Contact: luca.frediani@uit.no                               ***
***                                                                     ***
***         Radovan Bast            Magnar Bjorgve                      ***
***         Roberto Di Remigio      Antoine Durdek                      ***
***         Luca Frediani           Gabriel Gerez                       ***
***         Stig Rune Jensen        Jonas Juselius                      ***
***         Rune Monstad            Peter Wind                          ***
***                                                                     ***
***************************************************************************

---------------------------------------------------------------------------

 MPI processes           :       (32 bank)                              96
 OpenMP threads          :                                              15
 Total cores             :                                             992
                                                                           
---------------------------------------------------------------------------

XCFun DFT library Copyright 2009-2020 Ulf Ekstrom and contributors.
See http://dftlibs.org/xcfun/ for more information.

This is free software; see the source code for copying conditions.
There is ABSOLUTELY NO WARRANTY; not even for MERCHANTABILITY or
FITNESS FOR A PARTICULAR PURPOSE. For details see the documentation.
Scientific users of this library should cite
U. Ekstrom, L. Visscher, R. Bast, A. J. Thorvaldsen and K. Ruud;
J.Chem.Theor.Comp. 2010, DOI: 10.1021/ct100117s

---------------------------------------------------------------------------

 MRCPP version         : 1.4.1
 Git branch            : HEAD
 Git commit hash       : 75d41879b1908a94a452
 Git commit author     : Stig Rune Jensen
 Git commit date       : Thu Jan 6 11:38:53 2022 +0100

 Linear algebra        : EIGEN v3.4.0
 Parallelization       : MPI/OpenMP (15 threads)

---------------------------------------------------------------------------


                                                                           
===========================================================================
                         MultiResolution Analysis
---------------------------------------------------------------------------
 polynomial order      : 9
 polynomial type       : Interpolating
---------------------------------------------------------------------------
 total boxes           : 8
 boxes                 : [          2           2           2 ]
 unit lengths          : [   64.00000    64.00000    64.00000 ]
 scaling factor        : [    1.00000     1.00000     1.00000 ]
 lower bounds          : [  -64.00000   -64.00000   -64.00000 ]
 upper bounds          : [   64.00000    64.00000    64.00000 ]
 total length          : [  128.00000   128.00000   128.00000 ]
===========================================================================


                                                                           
***************************************************************************
***                                                                     ***
***                        Initializing Molecule                        ***
***                                                                     ***
***************************************************************************
                                                                           
                                                                           
===========================================================================
                                 Molecule
---------------------------------------------------------------------------
 Charge                  :                                               0
 Multiplicity            :                                               1
---------------------------------------------------------------------------
    N    Atom            :               x               y               z
---------------------------------------------------------------------------
    0      Cr            :      -13.537053        4.189251        5.168435
    1       C            :      -11.548226        4.811262        8.062394
    2       C            :      -10.896369        2.245705        3.750073
    3       C            :      -12.149750        6.974871        3.655331
    4       C            :      -16.089055        6.315880        6.463563
    5       O            :      -17.599758        7.730645        7.204220
    6       O            :      -10.287945        5.280392        9.801095
    7       O            :       -9.225567        1.166250        2.819046
    8       O            :      -11.263835        8.751490        2.696307
    9       C            :      -15.528184        3.580470        2.249783
   10       O            :      -16.712781        3.272599        0.431664
   11       C            :      -13.791006       -1.023527        8.129097
   12       O            :      -15.298070        0.857747        6.901212
   13       H            :      -15.004845       -2.574244        8.851746
   14       H            :      -12.649260       -0.221397        9.699594
   15       H            :      -12.492800       -1.799325        6.688134
   16       H            :      -16.546686        1.488539        8.097136
---------------------------------------------------------------------------
 Center of mass          :      -13.423555        4.117677        5.212439
===========================================================================


                                                                           
***************************************************************************
***                                                                     ***
***                 Computing Ground State Wavefunction                 ***
***                                                                     ***
***************************************************************************
                                                                           
                                                                           
~~~~~~~~~~~~~~~~~~~~~~~~~~~~~~~~~~~~~~~~~~~~~~~~~~~~~~~~~~~~~~~~~~~~~~~~~~~
 Calculation             : Compute initial orbitals
 Method                  : Diagonalize SAD Hamiltonian
 Precision               : 1.00000e-06
 Screening               : 1.20000e+01 StdDev
 Restricted              : True
 Functional              : LDA (SVWN5)
 AO basis                : 3-21G
~~~~~~~~~~~~~~~~~~~~~~~~~~~~~~~~~~~~~~~~~~~~~~~~~~~~~~~~~~~~~~~~~~~~~~~~~~~


===========================================================================
                            Molecular Orbitals
---------------------------------------------------------------------------
 Alpha electrons         :                                              56
 Beta electrons          :                                              56
 Total electrons         :                                             112
---------------------------------------------------------------------------
    n  Occ Spin          :                                            Norm
---------------------------------------------------------------------------
    0    2    p          :                              1.000000000022e+00
    1    2    p          :                              1.000000000007e+00
    2    2    p          :                              1.000000000003e+00
    3    2    p          :                              9.999999999995e-01
    4    2    p          :                              9.999999999998e-01
    5    2    p          :                              9.999999999845e-01
    6    2    p          :                              9.999999999985e-01
    7    2    p          :                              1.000000000001e+00
    8    2    p          :                              9.999999999991e-01
    9    2    p          :                              1.000000000083e+00
   10    2    p          :                              9.999999999897e-01
   11    2    p          :                              9.999999999983e-01
   12    2    p          :                              1.000000000001e+00
   13    2    p          :                              9.999999999993e-01
   14    2    p          :                              9.999999999870e-01
   15    2    p          :                              1.000000000091e+00
   16    2    p          :                              1.000000000022e+00
   17    2    p          :                              1.000000000034e+00
   18    2    p          :                              1.000000000127e+00
   19    2    p          :                              9.999999999980e-01
   20    2    p          :                              9.999999999964e-01
   21    2    p          :                              1.000000000360e+00
   22    2    p          :                              1.000000000008e+00
   23    2    p          :                              9.999999971381e-01
   24    2    p          :                              1.000000000441e+00
   25    2    p          :                              9.999999999726e-01
   26    2    p          :                              9.999999999713e-01
   27    2    p          :                              1.000000000029e+00
   28    2    p          :                              9.999999985601e-01
   29    2    p          :                              9.999999989307e-01
   30    2    p          :                              9.999999998019e-01
   31    2    p          :                              9.999999981453e-01
   32    2    p          :                              9.999999981557e-01
   33    2    p          :                              1.000000002551e+00
   34    2    p          :                              1.000000000219e+00
   35    2    p          :                              1.000000000841e+00
   36    2    p          :                              9.999999998589e-01
   37    2    p          :                              9.999999991670e-01
   38    2    p          :                              1.000000004264e+00
   39    2    p          :                              9.999999997492e-01
   40    2    p          :                              9.999999996191e-01
   41    2    p          :                              9.999999996858e-01
   42    2    p          :                              1.000000000847e+00
   43    2    p          :                              9.999999997905e-01
   44    2    p          :                              9.999999996205e-01
   45    2    p          :                              9.999999997637e-01
   46    2    p          :                              9.999999999545e-01
   47    2    p          :                              9.999999993303e-01
   48    2    p          :                              1.000000000283e+00
   49    2    p          :                              9.999999999399e-01
   50    2    p          :                              9.999999983828e-01
   51    2    p          :                              9.999999974147e-01
   52    2    p          :                              1.000000000061e+00
   53    2    p          :                              9.999999998288e-01
   54    2    p          :                              9.999999998872e-01
   55    2    p          :                              9.999999988490e-01
===========================================================================


~~~~~~~~~~~~~~~~~~~~~~~~~~~~~~~~~~~~~~~~~~~~~~~~~~~~~~~~~~~~~~~~~~~~~~~~~~~
 Calculation             : Compute initial energy
 Method                  : DFT (PBE)
 Relativity              : None
 Precision               : 1.00000e-06
 Localization            : On
~~~~~~~~~~~~~~~~~~~~~~~~~~~~~~~~~~~~~~~~~~~~~~~~~~~~~~~~~~~~~~~~~~~~~~~~~~~


===========================================================================
                        Molecular Energy (initial)
---------------------------------------------------------------------------
 Kinetic energy          :            (au)               1710.024707801846
 E-N energy              :            (au)              -6163.912841133900
 Coulomb energy          :            (au)               1817.539915415914
 Exchange energy         :            (au)                  0.000000000000
 X-C energy              :            (au)               -132.650457557453
 Ext. field (el)         :            (au)                  0.000000000000
---------------------------------------------------------------------------
 N-N energy              :            (au)               1052.000250456979
 Ext. field (nuc)        :            (au)                  0.000000000000
 Tot. Reac. Energy       :            (au)                  0.000000000000
 El. Reac. Energy        :            (au)                  0.000000000000
 Nuc. Reac. Energy       :            (au)                  0.000000000000
---------------------------------------------------------------------------
 Electronic energy       :            (au)              -2768.998675473594
 Nuclear energy          :            (au)               1052.000250456979
---------------------------------------------------------------------------
 Total energy            :            (au)             -1.716998425017e+03
                         :      (kcal/mol)             -1.077432778649e+06
                         :        (kJ/mol)             -4.507978745869e+06
                         :            (eV)             -4.672190732688e+04
===========================================================================


===========================================================================
                        Orbital Energies (initial)
---------------------------------------------------------------------------
    n  Occ Spin          :                                         Epsilon
---------------------------------------------------------------------------
    0    2    p          :            (au)               -213.192951631313
    1    2    p          :            (au)                -24.293749469014
    2    2    p          :            (au)                -20.626828661514
    3    2    p          :            (au)                -20.619679279387
    4    2    p          :            (au)                -20.615808265916
    5    2    p          :            (au)                -18.796696671467
    6    2    p          :            (au)                -18.753368838483
    7    2    p          :            (au)                -18.663978447230
    8    2    p          :            (au)                -18.643724813886
    9    2    p          :            (au)                -18.580285188019
   10    2    p          :            (au)                -18.550717238427
   11    2    p          :            (au)                 -9.918181668794
   12    2    p          :            (au)                 -9.914156769136
   13    2    p          :            (au)                 -9.901558200415
   14    2    p          :            (au)                 -9.876960005058
   15    2    p          :            (au)                 -9.776812787913
   16    2    p          :            (au)                 -9.763213103857
   17    2    p          :            (au)                 -2.755644367472
   18    2    p          :            (au)                 -1.743977699455
   19    2    p          :            (au)                 -1.729731483498
   20    2    p          :            (au)                 -1.723285425757
   21    2    p          :            (au)                 -1.075653188172
   22    2    p          :            (au)                 -1.064923877943
   23    2    p          :            (au)                 -0.991759153637
   24    2    p          :            (au)                 -0.982247357446
   25    2    p          :            (au)                 -0.976009241405
   26    2    p          :            (au)                 -0.969364998037
   27    2    p          :            (au)                 -0.623091998526
   28    2    p          :            (au)                 -0.504072535088
   29    2    p          :            (au)                 -0.488421894407
   30    2    p          :            (au)                 -0.471915136614
   31    2    p          :            (au)                 -0.452240686126
   32    2    p          :            (au)                 -0.427939604994
   33    2    p          :            (au)                 -0.419629004146
   34    2    p          :            (au)                 -0.413647817305
   35    2    p          :            (au)                 -0.411164383679
   36    2    p          :            (au)                 -0.406710130352
   37    2    p          :            (au)                 -0.399333567134
   38    2    p          :            (au)                 -0.397226866424
   39    2    p          :            (au)                 -0.385199712195
   40    2    p          :            (au)                 -0.371795235670
   41    2    p          :            (au)                 -0.358201384625
   42    2    p          :            (au)                 -0.347435205037
   43    2    p          :            (au)                 -0.341283502075
   44    2    p          :            (au)                 -0.334735550554
   45    2    p          :            (au)                 -0.330579562671
   46    2    p          :            (au)                 -0.325998754332
   47    2    p          :            (au)                 -0.322082562065
   48    2    p          :            (au)                 -0.313757425870
   49    2    p          :            (au)                 -0.297278148003
   50    2    p          :            (au)                 -0.289762165012
   51    2    p          :            (au)                 -0.278856543438
   52    2    p          :            (au)                 -0.243845017164
   53    2    p          :            (au)                 -0.175834181351
   54    2    p          :            (au)                 -0.167471860698
   55    2    p          :            (au)                 -0.144511838885
---------------------------------------------------------------------------
 Sum occupied            :            (au)               -989.890580214181
===========================================================================


~~~~~~~~~~~~~~~~~~~~~~~~~~~~~~~~~~~~~~~~~~~~~~~~~~~~~~~~~~~~~~~~~~~~~~~~~~~
 Calculation             : Optimize ground state orbitals
 Method                  : DFT (PBE)
 Relativity              : None
 Checkpointing           : Off
 Max iterations          : 500
 KAIN solver             : 6
 Localization            : First two iterations
 Diagonalization         : Off
 Start precision         : 1.00000e-06
 Final precision         : 1.00000e-06
 Helmholtz precision     : Dynamic
 Energy threshold        : Off
 Orbital threshold       : 5.00000e-05
~~~~~~~~~~~~~~~~~~~~~~~~~~~~~~~~~~~~~~~~~~~~~~~~~~~~~~~~~~~~~~~~~~~~~~~~~~~


===========================================================================
 Iter           MO residual             Total energy                Update
---------------------------------------------------------------------------
    0          7.483315e+00       -1716.998425016615         -1.716998e+03
    1          3.839316e-01       -1726.022852861088         -9.024428e+00
    2          1.304115e-01       -1726.323108498864         -3.002556e-01
    3          7.233129e-02       -1726.369868271086         -4.675977e-02
    4          4.230881e-02       -1726.383007197480         -1.313893e-02
    5          5.420001e-02       -1726.393652152481         -1.064496e-02
    6          2.343065e-02       -1726.396082431177         -2.430279e-03
    7          2.653952e-02       -1726.398574176658         -2.491745e-03
    8          1.808117e-02       -1726.399672655611         -1.098479e-03
    9          1.202192e-02       -1726.400205798408         -5.331428e-04
   10          9.861003e-03       -1726.400549450320         -3.436519e-04
   11          1.311575e-02       -1726.400957379916         -4.079296e-04
   12          8.022870e-03       -1726.401156807010         -1.994271e-04
   13          7.532465e-03       -1726.401320776278         -1.639693e-04
   14          7.360275e-03       -1726.401446938685         -1.261624e-04
   15          5.527422e-03       -1726.401516948363         -7.000968e-05
   16          3.856689e-03       -1726.401558020603         -4.107224e-05
   17          3.300923e-03       -1726.401589336323         -3.131572e-05
   18          2.573142e-03       -1726.401610992796         -2.165647e-05
   19          2.072267e-03       -1726.401625528521         -1.453572e-05
   20          1.974139e-03       -1726.401639376693         -1.384817e-05
   21          1.909081e-03       -1726.401649920347         -1.054365e-05
   22          1.272606e-03       -1726.401655396548         -5.476201e-06
   23          1.094139e-03       -1726.401659478066         -4.081518e-06
   24          1.218873e-03       -1726.401663763829         -4.285763e-06
   25          1.485655e-03       -1726.401668388717         -4.624888e-06
   26          1.066283e-03       -1726.401671035873         -2.647156e-06
   27          1.027845e-03       -1726.401673718312         -2.682439e-06
   28          1.045775e-03       -1726.401675928581         -2.210269e-06
   29          1.177062e-03       -1726.401678062811         -2.134231e-06
   30          9.207608e-04       -1726.401679238905         -1.176094e-06
   31          7.539761e-04       -1726.401680143156         -9.042510e-07
   32          6.080333e-04       -1726.401680734566         -5.914098e-07
   33          4.515036e-04       -1726.401681023578         -2.890120e-07
   34          4.284273e-04       -1726.401681267272         -2.436936e-07
   35          3.350409e-04       -1726.401681438814         -1.715425e-07
   36          2.862419e-04       -1726.401681560711         -1.218964e-07
   37          1.986874e-04       -1726.401681640528         -7.981726e-08
   38          1.713138e-04       -1726.401681705690         -6.516166e-08
   39          1.794508e-04       -1726.401681774378         -6.868822e-08
   40          1.725383e-04       -1726.401681835838         -6.145956e-08
   41          1.386309e-04       -1726.401681882410         -4.657295e-08
   42          1.310326e-04       -1726.401681923851         -4.144067e-08
   43          1.249263e-04       -1726.401681961886         -3.803507e-08
   44          1.293505e-04       -1726.401681996909         -3.502328e-08
   45          1.219260e-04       -1726.401682026338         -2.942897e-08
   46          1.217221e-04       -1726.401682054786         -2.844718e-08
   47          1.162950e-04       -1726.401682078278         -2.349270e-08
   48          8.424278e-05       -1726.401682092746         -1.446733e-08
---------------------------------------------------------------------------
                      SCF converged in 48 iterations!
===========================================================================


                                                                           
***************************************************************************
***                                                                     ***
***                    Printing Molecular Properties                    ***
***                                                                     ***
***************************************************************************
                                                                           
                                                                           
===========================================================================
                                 Molecule
---------------------------------------------------------------------------
 Charge                  :                                               0
 Multiplicity            :                                               1
---------------------------------------------------------------------------
    N    Atom            :               x               y               z
---------------------------------------------------------------------------
    0      Cr            :      -13.537053        4.189251        5.168435
    1       C            :      -11.548226        4.811262        8.062394
    2       C            :      -10.896369        2.245705        3.750073
    3       C            :      -12.149750        6.974871        3.655331
    4       C            :      -16.089055        6.315880        6.463563
    5       O            :      -17.599758        7.730645        7.204220
    6       O            :      -10.287945        5.280392        9.801095
    7       O            :       -9.225567        1.166250        2.819046
    8       O            :      -11.263835        8.751490        2.696307
    9       C            :      -15.528184        3.580470        2.249783
   10       O            :      -16.712781        3.272599        0.431664
   11       C            :      -13.791006       -1.023527        8.129097
   12       O            :      -15.298070        0.857747        6.901212
   13       H            :      -15.004845       -2.574244        8.851746
   14       H            :      -12.649260       -0.221397        9.699594
   15       H            :      -12.492800       -1.799325        6.688134
   16       H            :      -16.546686        1.488539        8.097136
---------------------------------------------------------------------------
 Center of mass          :      -13.423555        4.117677        5.212439
===========================================================================


===========================================================================
                         Molecular Energy (final)
---------------------------------------------------------------------------
 Kinetic energy          :            (au)               1722.978091277680
 E-N energy              :            (au)              -6186.502255578473
 Coulomb energy          :            (au)               1817.991792785645
 Exchange energy         :            (au)                  0.000000000000
 X-C energy              :            (au)               -132.869561034577
 Ext. field (el)         :            (au)                  0.000000000000
---------------------------------------------------------------------------
 N-N energy              :            (au)               1052.000250456979
 Ext. field (nuc)        :            (au)                  0.000000000000
 Tot. Reac. Energy       :            (au)                  0.000000000000
 El. Reac. Energy        :            (au)                  0.000000000000
 Nuc. Reac. Energy       :            (au)                  0.000000000000
---------------------------------------------------------------------------
 Electronic energy       :            (au)              -2778.401932549725
 Nuclear energy          :            (au)               1052.000250456979
---------------------------------------------------------------------------
 Total energy            :            (au)             -1.726401682093e+03
                         :      (kcal/mol)             -1.083333411552e+06
                         :        (kJ/mol)             -4.532666993932e+06
                         :            (eV)             -4.697778298715e+04
===========================================================================


===========================================================================
                         Orbital Energies (final)
---------------------------------------------------------------------------
    n  Occ Spin          :                                         Epsilon
---------------------------------------------------------------------------
    0    2    p          :            (au)               -214.448396817679
    1    2    p          :            (au)                -24.262962980205
    2    2    p          :            (au)                -20.627619544259
    3    2    p          :            (au)                -20.627421691070
    4    2    p          :            (au)                -20.626837733002
    5    2    p          :            (au)                -18.833292418857
    6    2    p          :            (au)                -18.828564883791
    7    2    p          :            (au)                -18.828242202621
    8    2    p          :            (au)                -18.828076466662
    9    2    p          :            (au)                -18.827541020383
   10    2    p          :            (au)                -18.803367563049
   11    2    p          :            (au)                 -9.996888142609
   12    2    p          :            (au)                 -9.996740429288
   13    2    p          :            (au)                 -9.996228466656
   14    2    p          :            (au)                 -9.995864612638
   15    2    p          :            (au)                 -9.981430121950
   16    2    p          :            (au)                 -9.973006627269
   17    2    p          :            (au)                 -2.726791797181
   18    2    p          :            (au)                 -1.720344663722
   19    2    p          :            (au)                 -1.719667563468
   20    2    p          :            (au)                 -1.717300687356
   21    2    p          :            (au)                 -1.038270745039
   22    2    p          :            (au)                 -1.037313011725
   23    2    p          :            (au)                 -1.037117274858
   24    2    p          :            (au)                 -1.036345441499
   25    2    p          :            (au)                 -1.013647153545
   26    2    p          :            (au)                 -1.005602172933
   27    2    p          :            (au)                 -0.669017971171
   28    2    p          :            (au)                 -0.543134923077
   29    2    p          :            (au)                 -0.521807151894
   30    2    p          :            (au)                 -0.504830423305
   31    2    p          :            (au)                 -0.503957803839
   32    2    p          :            (au)                 -0.502272829983
   33    2    p          :            (au)                 -0.488876830801
   34    2    p          :            (au)                 -0.455730531754
   35    2    p          :            (au)                 -0.441729855647
   36    2    p          :            (au)                 -0.429570803193
   37    2    p          :            (au)                 -0.423832475544
   38    2    p          :            (au)                 -0.418683755514
   39    2    p          :            (au)                 -0.417592755407
   40    2    p          :            (au)                 -0.412244170633
   41    2    p          :            (au)                 -0.410562079007
   42    2    p          :            (au)                 -0.409218020945
   43    2    p          :            (au)                 -0.404824080019
   44    2    p          :            (au)                 -0.397259944619
   45    2    p          :            (au)                 -0.395491995797
   46    2    p          :            (au)                 -0.387297438357
   47    2    p          :            (au)                 -0.386645998695
   48    2    p          :            (au)                 -0.372796566428
   49    2    p          :            (au)                 -0.360201491160
   50    2    p          :            (au)                 -0.354276465007
   51    2    p          :            (au)                 -0.351158121898
   52    2    p          :            (au)                 -0.306589144595
   53    2    p          :            (au)                 -0.223167183734
   54    2    p          :            (au)                 -0.209633918373
   55    2    p          :            (au)                 -0.205756017909
---------------------------------------------------------------------------
 Sum occupied            :            (au)               -998.886085963235
===========================================================================


===========================================================================
                           Dipole Moment (dip-1)
---------------------------------------------------------------------------
 r_O                     :        0.000000        0.000000        0.000000
---------------------------------------------------------------------------
 Electronic vector       :     1504.025240     -452.949866     -588.868623
 Magnitude               :            (au)                     1677.504622
                         :         (Debye)                     4263.791459
---------------------------------------------------------------------------
 Nuclear vector          :    -1504.702057      451.336541      590.068842
 Magnitude               :            (au)                     1678.098386
                         :         (Debye)                     4265.300656
---------------------------------------------------------------------------
 Total vector            :       -0.676818       -1.613324        1.200219
 Magnitude               :            (au)                        2.121656
                         :         (Debye)                        5.392711
===========================================================================


                                                                           
                                                                           
***************************************************************************
***                                                                     ***
***                            Exiting MRChem                           ***
***                                                                     ***
***                       Wall time :  0h 28m 28s                       ***
***                                                                     ***
***************************************************************************
                                                                           
                                                                           
