Starting job 382815 on b[5180-5183,5188-5191] at Thu Jun 23 10:26:46 CEST 2022

Copying Cr-MeOH_Complex_mw6.out to /cluster/home/ambr/projects/zora/reaction_energies/calcs_nrel
Copying Cr-MeOH_Complex_mw6.json to /cluster/home/ambr/projects/zora/reaction_energies/calcs_nrel

Task and CPU usage stats:
JobID           JobName  AllocCPUS   NTasks     MinCPU MinCPUTask     AveCPU    Elapsed ExitCode 
------------ ---------- ---------- -------- ---------- ---------- ---------- ---------- -------- 
382815       Cr-MeOH_C+       1024                                             00:29:37      0:0 
382815.batch      batch        128        1   18:48:33          0   18:48:33   00:29:37      0:0 
382815.exte+     extern       1024        8   00:00:00          5   00:00:00   00:29:38      0:0 
382815.0          orted        896        7   07:27:25          6   20:20:24   00:28:33      0:0 

Memory usage stats:
JobID            MaxRSS MaxRSSTask     AveRSS MaxPages   MaxPagesTask   AvePages 
------------ ---------- ---------- ---------- -------- -------------- ---------- 
382815                                                                           
382815.batch  70978664K          0  70978664K     1287              0          0 
382815.exte+       868K          3     876672        3              2          2 
382815.0      78852974K          3 731818163+     1245              5       1030 

Disk usage stats:
JobID         MaxDiskRead MaxDiskReadTask    AveDiskRead MaxDiskWrite MaxDiskWriteTask   AveDiskWrite 
------------ ------------ --------------- -------------- ------------ ---------------- -------------- 
382815                                                                                                
382815.batch     4720.28M               0       4720.28M     5332.38M                0       5332.38M 
382815.exte+        0.00M               5          0.00M            0                5              0 
382815.0           46.23M               0         46.22M     1063.48M                5        812.50M 

Job 382815 completed at Thu Jun 23 10:56:25 CEST 2022
