Starting job 382816 on b[1163-1170] at Thu Jun 23 10:26:46 CEST 2022

Copying Cr-THF_Complex_mw6.out to /cluster/home/ambr/projects/zora/reaction_energies/calcs_nrel
Copying Cr-THF_Complex_mw6.json to /cluster/home/ambr/projects/zora/reaction_energies/calcs_nrel

Task and CPU usage stats:
JobID           JobName  AllocCPUS   NTasks     MinCPU MinCPUTask     AveCPU    Elapsed ExitCode 
------------ ---------- ---------- -------- ---------- ---------- ---------- ---------- -------- 
382816       Cr-THF_Co+       1024                                             00:35:45      0:0 
382816.batch      batch        128        1 1-01:29:00          0 1-01:29:00   00:35:45      0:0 
382816.exte+     extern       1024        8   00:00:00          7   00:00:00   00:35:46      0:0 
382816.0          orted        896        7   17:55:13          0   23:02:03   00:34:21      0:0 

Memory usage stats:
JobID            MaxRSS MaxRSSTask     AveRSS MaxPages   MaxPagesTask   AvePages 
------------ ---------- ---------- ---------- -------- -------------- ---------- 
382816                                                                           
382816.batch  90124525K          0  90124525K     1262              0          0 
382816.exte+       866K          3     873600        3              6          1 
382816.0      93817687K          3 924294834+     1449              4       1285 

Disk usage stats:
JobID         MaxDiskRead MaxDiskReadTask    AveDiskRead MaxDiskWrite MaxDiskWriteTask   AveDiskWrite 
------------ ------------ --------------- -------------- ------------ ---------------- -------------- 
382816                                                                                                
382816.batch     6701.06M               0       6701.06M     7803.06M                0       7803.06M 
382816.exte+        0.00M               7          0.00M            0                7              0 
382816.0           46.35M               0         46.31M     1241.08M                5       1090.57M 

Job 382816 completed at Thu Jun 23 11:02:33 CEST 2022
