Starting job 382818 on b[2250-2254,2256,2285,2291] at Thu Jun 23 10:26:46 CEST 2022

Copying Cr-THF_Fragment2_mw6.out to /cluster/home/ambr/projects/zora/reaction_energies/calcs_nrel
Copying Cr-THF_Fragment2_mw6.json to /cluster/home/ambr/projects/zora/reaction_energies/calcs_nrel

Task and CPU usage stats:
JobID           JobName  AllocCPUS   NTasks     MinCPU MinCPUTask     AveCPU    Elapsed ExitCode 
------------ ---------- ---------- -------- ---------- ---------- ---------- ---------- -------- 
382818       Cr-THF_Fr+       1024                                             00:05:40      0:0 
382818.batch      batch        128        1   05:17:26          0   05:17:26   00:05:40      0:0 
382818.exte+     extern       1024        8   00:00:00          5   00:00:00   00:05:40      0:0 
382818.0          orted        896        7   01:29:04          6   02:26:28   00:05:24      0:0 

Memory usage stats:
JobID            MaxRSS MaxRSSTask     AveRSS MaxPages   MaxPagesTask   AvePages 
------------ ---------- ---------- ---------- -------- -------------- ---------- 
382818                                                                           
382818.batch  37050893K          0  37050893K     1055              0       1055 
382818.exte+       859K          0       857K        3              5          2 
382818.0      38632856K          0 283958276+      841              0        777 

Disk usage stats:
JobID         MaxDiskRead MaxDiskReadTask    AveDiskRead MaxDiskWrite MaxDiskWriteTask   AveDiskWrite 
------------ ------------ --------------- -------------- ------------ ---------------- -------------- 
382818                                                                                                
382818.batch       55.98M               0         55.98M      643.46M                0        643.46M 
382818.exte+        0.00M               5          0.00M            0                5              0 
382818.0           45.61M               3         45.60M       98.48M                0         98.47M 

Job 382818 completed at Thu Jun 23 10:32:27 CEST 2022
