                                                                           
                                                                           
***************************************************************************
***                                                                     ***
***                                                                     ***
***          __  __ ____   ____ _                                       ***
***         |  \/  |  _ \ / ___| |__   ___ _ __ ___                     ***
***         | |\/| | |_) | |   | '_ \ / _ \ '_ ` _ \                    ***
***         | |  | |  _ <| |___| | | |  __/ | | | | |                   ***
***         |_|  |_|_| \_\\____|_| |_|\___|_| |_| |_|                   ***
***                                                                     ***
***         VERSION            1.1.0-alpha                              ***
***                                                                     ***
***         Git branch         master                                   ***
***         Git commit hash    f6df85f5f746c23b4022                     ***
***         Git commit author  Stig Rune Jensen                         ***
***         Git commit date    Thu May 19 15:46:21 2022 +0200           ***
***                                                                     ***
***         Contact: luca.frediani@uit.no                               ***
***                                                                     ***
***         Radovan Bast            Magnar Bjorgve                      ***
***         Roberto Di Remigio      Antoine Durdek                      ***
***         Luca Frediani           Gabriel Gerez                       ***
***         Stig Rune Jensen        Jonas Juselius                      ***
***         Rune Monstad            Peter Wind                          ***
***                                                                     ***
***************************************************************************

---------------------------------------------------------------------------

 MPI processes           :       (32 bank)                              96
 OpenMP threads          :                                              15
 Total cores             :                                             992
                                                                           
---------------------------------------------------------------------------

XCFun DFT library Copyright 2009-2020 Ulf Ekstrom and contributors.
See http://dftlibs.org/xcfun/ for more information.

This is free software; see the source code for copying conditions.
There is ABSOLUTELY NO WARRANTY; not even for MERCHANTABILITY or
FITNESS FOR A PARTICULAR PURPOSE. For details see the documentation.
Scientific users of this library should cite
U. Ekstrom, L. Visscher, R. Bast, A. J. Thorvaldsen and K. Ruud;
J.Chem.Theor.Comp. 2010, DOI: 10.1021/ct100117s

---------------------------------------------------------------------------

 MRCPP version         : 1.4.1
 Git branch            : HEAD
 Git commit hash       : 75d41879b1908a94a452
 Git commit author     : Stig Rune Jensen
 Git commit date       : Thu Jan 6 11:38:53 2022 +0100

 Linear algebra        : EIGEN v3.4.0
 Parallelization       : MPI/OpenMP (15 threads)

---------------------------------------------------------------------------


                                                                           
===========================================================================
                         MultiResolution Analysis
---------------------------------------------------------------------------
 polynomial order      : 9
 polynomial type       : Interpolating
---------------------------------------------------------------------------
 total boxes           : 8
 boxes                 : [          2           2           2 ]
 unit lengths          : [   64.00000    64.00000    64.00000 ]
 scaling factor        : [    1.00000     1.00000     1.00000 ]
 lower bounds          : [  -64.00000   -64.00000   -64.00000 ]
 upper bounds          : [   64.00000    64.00000    64.00000 ]
 total length          : [  128.00000   128.00000   128.00000 ]
===========================================================================


                                                                           
***************************************************************************
***                                                                     ***
***                        Initializing Molecule                        ***
***                                                                     ***
***************************************************************************
                                                                           
                                                                           
===========================================================================
                                 Molecule
---------------------------------------------------------------------------
 Charge                  :                                               0
 Multiplicity            :                                               1
---------------------------------------------------------------------------
    N    Atom            :               x               y               z
---------------------------------------------------------------------------
    0      Cr            :      -13.211945        4.164174        5.029317
    1       C            :      -10.781228        4.732039        7.592283
    2       C            :      -10.781921        2.355321        3.126083
    3       C            :      -12.276045        7.075584        3.479832
    4       C            :      -15.648648        5.951817        6.944025
    5       O            :      -17.115274        7.121539        8.075497
    6       O            :       -9.269205        5.155575        9.119988
    7       O            :       -9.270301        1.324602        1.921052
    8       O            :      -11.674756        8.946067        2.484330
    9       C            :      -15.649412        3.574925        2.477644
   10       O            :      -17.116737        3.290195        0.875975
---------------------------------------------------------------------------
 Center of mass          :      -13.019836        4.761566        4.711419
===========================================================================


                                                                           
***************************************************************************
***                                                                     ***
***                 Computing Ground State Wavefunction                 ***
***                                                                     ***
***************************************************************************
                                                                           
                                                                           
~~~~~~~~~~~~~~~~~~~~~~~~~~~~~~~~~~~~~~~~~~~~~~~~~~~~~~~~~~~~~~~~~~~~~~~~~~~
 Calculation             : Compute initial orbitals
 Method                  : Diagonalize SAD Hamiltonian
 Precision               : 1.00000e-06
 Screening               : 1.20000e+01 StdDev
 Restricted              : True
 Functional              : LDA (SVWN5)
 AO basis                : 3-21G
~~~~~~~~~~~~~~~~~~~~~~~~~~~~~~~~~~~~~~~~~~~~~~~~~~~~~~~~~~~~~~~~~~~~~~~~~~~


===========================================================================
                            Molecular Orbitals
---------------------------------------------------------------------------
 Alpha electrons         :                                              47
 Beta electrons          :                                              47
 Total electrons         :                                              94
---------------------------------------------------------------------------
    n  Occ Spin          :                                            Norm
---------------------------------------------------------------------------
    0    2    p          :                              1.000000000045e+00
    1    2    p          :                              1.000000000398e+00
    2    2    p          :                              9.999999999996e-01
    3    2    p          :                              1.000000000004e+00
    4    2    p          :                              9.999999999987e-01
    5    2    p          :                              1.000000000002e+00
    6    2    p          :                              1.000000000004e+00
    7    2    p          :                              1.000000000001e+00
    8    2    p          :                              1.000000000000e+00
    9    2    p          :                              1.000000000006e+00
   10    2    p          :                              9.999999999972e-01
   11    2    p          :                              1.000000000258e+00
   12    2    p          :                              1.000000000005e+00
   13    2    p          :                              1.000000000001e+00
   14    2    p          :                              1.000000000034e+00
   15    2    p          :                              1.000000000010e+00
   16    2    p          :                              9.999999999990e-01
   17    2    p          :                              1.000000000005e+00
   18    2    p          :                              9.999999999981e-01
   19    2    p          :                              1.000000000585e+00
   20    2    p          :                              9.999999998970e-01
   21    2    p          :                              9.999999998109e-01
   22    2    p          :                              9.999999998798e-01
   23    2    p          :                              1.000000000171e+00
   24    2    p          :                              1.000000004632e+00
   25    2    p          :                              9.999999956826e-01
   26    2    p          :                              9.999999986080e-01
   27    2    p          :                              1.000000004772e+00
   28    2    p          :                              9.999999980976e-01
   29    2    p          :                              9.999999899098e-01
   30    2    p          :                              9.999999988450e-01
   31    2    p          :                              1.000000000077e+00
   32    2    p          :                              9.999999948700e-01
   33    2    p          :                              1.000000000077e+00
   34    2    p          :                              9.999999995959e-01
   35    2    p          :                              1.000000000974e+00
   36    2    p          :                              9.999999996964e-01
   37    2    p          :                              9.999999994878e-01
   38    2    p          :                              1.000000000553e+00
   39    2    p          :                              9.999999950175e-01
   40    2    p          :                              1.000000000029e+00
   41    2    p          :                              9.999999984470e-01
   42    2    p          :                              9.999999992058e-01
   43    2    p          :                              9.999999746765e-01
   44    2    p          :                              1.000000027528e+00
   45    2    p          :                              1.000000007468e+00
   46    2    p          :                              1.000000002040e+00
===========================================================================


~~~~~~~~~~~~~~~~~~~~~~~~~~~~~~~~~~~~~~~~~~~~~~~~~~~~~~~~~~~~~~~~~~~~~~~~~~~
 Calculation             : Compute initial energy
 Method                  : DFT (PBE)
 Relativity              : None
 Precision               : 1.00000e-06
 Localization            : On
~~~~~~~~~~~~~~~~~~~~~~~~~~~~~~~~~~~~~~~~~~~~~~~~~~~~~~~~~~~~~~~~~~~~~~~~~~~


===========================================================================
                        Molecular Energy (initial)
---------------------------------------------------------------------------
 Kinetic energy          :            (au)               1594.926384862840
 E-N energy              :            (au)              -5297.415282102478
 Coulomb energy          :            (au)               1461.322252959600
 Exchange energy         :            (au)                  0.000000000000
 X-C energy              :            (au)               -117.182561045502
 Ext. field (el)         :            (au)                  0.000000000000
---------------------------------------------------------------------------
 N-N energy              :            (au)                756.304858541680
 Ext. field (nuc)        :            (au)                  0.000000000000
 Tot. Reac. Energy       :            (au)                  0.000000000000
 El. Reac. Energy        :            (au)                  0.000000000000
 Nuc. Reac. Energy       :            (au)                  0.000000000000
---------------------------------------------------------------------------
 Electronic energy       :            (au)              -2358.349205325540
 Nuclear energy          :            (au)                756.304858541680
---------------------------------------------------------------------------
 Total energy            :            (au)             -1.602044346784e+03
                         :      (kcal/mol)             -1.005298005476e+06
                         :        (kJ/mol)             -4.206166854912e+06
                         :            (eV)             -4.359384750354e+04
===========================================================================


===========================================================================
                        Orbital Energies (initial)
---------------------------------------------------------------------------
    n  Occ Spin          :                                         Epsilon
---------------------------------------------------------------------------
    0    2    p          :            (au)               -213.335078520988
    1    2    p          :            (au)                -24.433310490447
    2    2    p          :            (au)                -20.767076751419
    3    2    p          :            (au)                -20.759761909037
    4    2    p          :            (au)                -20.755884350488
    5    2    p          :            (au)                -18.753553603168
    6    2    p          :            (au)                -18.741694507479
    7    2    p          :            (au)                -18.667018818926
    8    2    p          :            (au)                -18.635037477447
    9    2    p          :            (au)                -18.626938468938
   10    2    p          :            (au)                 -9.992407945840
   11    2    p          :            (au)                 -9.953137930454
   12    2    p          :            (au)                 -9.943347813914
   13    2    p          :            (au)                 -9.912326210251
   14    2    p          :            (au)                 -9.783390862590
   15    2    p          :            (au)                 -2.876487841283
   16    2    p          :            (au)                 -1.863389686171
   17    2    p          :            (au)                 -1.848616787712
   18    2    p          :            (au)                 -1.839289478706
   19    2    p          :            (au)                 -1.079991972412
   20    2    p          :            (au)                 -1.072601140813
   21    2    p          :            (au)                 -1.041413276871
   22    2    p          :            (au)                 -1.028861603912
   23    2    p          :            (au)                 -0.984489707961
   24    2    p          :            (au)                 -0.535705225587
   25    2    p          :            (au)                 -0.494309477774
   26    2    p          :            (au)                 -0.488322343832
   27    2    p          :            (au)                 -0.467433616455
   28    2    p          :            (au)                 -0.434622838104
   29    2    p          :            (au)                 -0.430233981744
   30    2    p          :            (au)                 -0.422984797281
   31    2    p          :            (au)                 -0.417242408547
   32    2    p          :            (au)                 -0.413951830713
   33    2    p          :            (au)                 -0.408672808568
   34    2    p          :            (au)                 -0.396688270641
   35    2    p          :            (au)                 -0.393868360417
   36    2    p          :            (au)                 -0.383652502843
   37    2    p          :            (au)                 -0.380880965019
   38    2    p          :            (au)                 -0.375714041614
   39    2    p          :            (au)                 -0.352001893684
   40    2    p          :            (au)                 -0.350396733036
   41    2    p          :            (au)                 -0.328701284758
   42    2    p          :            (au)                 -0.326663307266
   43    2    p          :            (au)                 -0.322949757537
   44    2    p          :            (au)                 -0.241699336719
   45    2    p          :            (au)                 -0.234091251745
   46    2    p          :            (au)                 -0.216399422579
---------------------------------------------------------------------------
 Sum occupied            :            (au)               -931.024587227376
===========================================================================


~~~~~~~~~~~~~~~~~~~~~~~~~~~~~~~~~~~~~~~~~~~~~~~~~~~~~~~~~~~~~~~~~~~~~~~~~~~
 Calculation             : Optimize ground state orbitals
 Method                  : DFT (PBE)
 Relativity              : None
 Checkpointing           : Off
 Max iterations          : 500
 KAIN solver             : 6
 Localization            : First two iterations
 Diagonalization         : Off
 Start precision         : 1.00000e-06
 Final precision         : 1.00000e-06
 Helmholtz precision     : Dynamic
 Energy threshold        : Off
 Orbital threshold       : 5.00000e-05
~~~~~~~~~~~~~~~~~~~~~~~~~~~~~~~~~~~~~~~~~~~~~~~~~~~~~~~~~~~~~~~~~~~~~~~~~~~


===========================================================================
 Iter           MO residual             Total energy                Update
---------------------------------------------------------------------------
    0          6.855655e+00       -1602.044346783860         -1.602044e+03
    1          3.424194e-01       -1610.382432981154         -8.338086e+00
    2          1.160343e-01       -1610.656100697233         -2.736677e-01
    3          6.507503e-02       -1610.699211334022         -4.311064e-02
    4          3.914110e-02       -1610.711828055768         -1.261672e-02
    5          5.297869e-02       -1610.722558771504         -1.073072e-02
    6          2.292086e-02       -1610.724978006728         -2.419235e-03
    7          2.676493e-02       -1610.727520234227         -2.542227e-03
    8          1.603950e-02       -1610.728511032908         -9.907987e-04
    9          1.166910e-02       -1610.728997759425         -4.867265e-04
   10          8.695567e-03       -1610.729301469782         -3.037104e-04
   11          1.169098e-02       -1610.729637296706         -3.358269e-04
   12          7.131582e-03       -1610.729807330433         -1.700337e-04
   13          6.669457e-03       -1610.729943650816         -1.363204e-04
   14          6.473525e-03       -1610.730049071138         -1.054203e-04
   15          4.557550e-03       -1610.730101792294         -5.272116e-05
   16          3.429378e-03       -1610.730139190382         -3.739809e-05
   17          2.865360e-03       -1610.730164922958         -2.573258e-05
   18          2.427668e-03       -1610.730186500604         -2.157765e-05
   19          1.832681e-03       -1610.730199598705         -1.309810e-05
   20          2.138419e-03       -1610.730213021080         -1.342237e-05
   21          1.677003e-03       -1610.730221922239         -8.901159e-06
   22          1.109056e-03       -1610.730226305270         -4.383031e-06
   23          1.123440e-03       -1610.730230259951         -3.954681e-06
   24          1.380169e-03       -1610.730234649500         -4.389550e-06
   25          1.168383e-03       -1610.730237950602         -3.301102e-06
   26          8.660111e-04       -1610.730240072385         -2.121783e-06
   27          7.389165e-04       -1610.730241750467         -1.678081e-06
   28          1.017782e-03       -1610.730243702631         -1.952164e-06
   29          6.891314e-04       -1610.730244780570         -1.077939e-06
   30          6.243460e-04       -1610.730245545504         -7.649337e-07
   31          4.951468e-04       -1610.730246140221         -5.947168e-07
   32          5.823586e-04       -1610.730246679512         -5.392917e-07
   33          4.952735e-04       -1610.730247170878         -4.913659e-07
   34          5.005088e-04       -1610.730247563491         -3.926125e-07
   35          4.587062e-04       -1610.730247898877         -3.353862e-07
   36          4.496459e-04       -1610.730248173629         -2.747520e-07
   37          4.491962e-04       -1610.730248397992         -2.243628e-07
   38          3.475717e-04       -1610.730248522539         -1.245471e-07
   39          3.234449e-04       -1610.730248636017         -1.134781e-07
   40          2.248863e-04       -1610.730248699460         -6.344362e-08
   41          2.287499e-04       -1610.730248760690         -6.122946e-08
   42          1.812677e-04       -1610.730248804664         -4.397407e-08
   43          1.800404e-04       -1610.730248851182         -4.651793e-08
   44          1.763724e-04       -1610.730248893238         -4.205594e-08
   45          1.356688e-04       -1610.730248926137         -3.289961e-08
   46          1.571682e-04       -1610.730248962344         -3.620653e-08
   47          1.232212e-04       -1610.730248988927         -2.658317e-08
   48          1.401913e-04       -1610.730249018151         -2.922343e-08
   49          1.041338e-04       -1610.730249036679         -1.852868e-08
   50          9.420833e-05       -1610.730249052722         -1.604303e-08
   51          8.080635e-05       -1610.730249065351         -1.262833e-08
---------------------------------------------------------------------------
                      SCF converged in 51 iterations!
===========================================================================


                                                                           
***************************************************************************
***                                                                     ***
***                    Printing Molecular Properties                    ***
***                                                                     ***
***************************************************************************
                                                                           
                                                                           
===========================================================================
                                 Molecule
---------------------------------------------------------------------------
 Charge                  :                                               0
 Multiplicity            :                                               1
---------------------------------------------------------------------------
    N    Atom            :               x               y               z
---------------------------------------------------------------------------
    0      Cr            :      -13.211945        4.164174        5.029317
    1       C            :      -10.781228        4.732039        7.592283
    2       C            :      -10.781921        2.355321        3.126083
    3       C            :      -12.276045        7.075584        3.479832
    4       C            :      -15.648648        5.951817        6.944025
    5       O            :      -17.115274        7.121539        8.075497
    6       O            :       -9.269205        5.155575        9.119988
    7       O            :       -9.270301        1.324602        1.921052
    8       O            :      -11.674756        8.946067        2.484330
    9       C            :      -15.649412        3.574925        2.477644
   10       O            :      -17.116737        3.290195        0.875975
---------------------------------------------------------------------------
 Center of mass          :      -13.019836        4.761566        4.711419
===========================================================================


===========================================================================
                         Molecular Energy (final)
---------------------------------------------------------------------------
 Kinetic energy          :            (au)               1607.805587643642
 E-N energy              :            (au)              -5323.146795535250
 Coulomb energy          :            (au)               1465.816999008454
 Exchange energy         :            (au)                  0.000000000000
 X-C energy              :            (au)               -117.510898723876
 Ext. field (el)         :            (au)                  0.000000000000
---------------------------------------------------------------------------
 N-N energy              :            (au)                756.304858541680
 Ext. field (nuc)        :            (au)                  0.000000000000
 Tot. Reac. Energy       :            (au)                  0.000000000000
 El. Reac. Energy        :            (au)                  0.000000000000
 Nuc. Reac. Energy       :            (au)                  0.000000000000
---------------------------------------------------------------------------
 Electronic energy       :            (au)              -2367.035107607030
 Nuclear energy          :            (au)                756.304858541680
---------------------------------------------------------------------------
 Total energy            :            (au)             -1.610730249065e+03
                         :      (kcal/mol)             -1.010748491448e+06
                         :        (kJ/mol)             -4.228971688220e+06
                         :            (eV)             -4.383020294541e+04
===========================================================================


===========================================================================
                         Orbital Energies (final)
---------------------------------------------------------------------------
    n  Occ Spin          :                                         Epsilon
---------------------------------------------------------------------------
    0    2    p          :            (au)               -214.467550586944
    1    2    p          :            (au)                -24.279215568544
    2    2    p          :            (au)                -20.644070136805
    3    2    p          :            (au)                -20.643723289715
    4    2    p          :            (au)                -20.643718439553
    5    2    p          :            (au)                -18.844276063846
    6    2    p          :            (au)                -18.844259820335
    7    2    p          :            (au)                -18.844258157455
    8    2    p          :            (au)                -18.844254374909
    9    2    p          :            (au)                -18.819636654740
   10    2    p          :            (au)                -10.012156538710
   11    2    p          :            (au)                -10.012144308243
   12    2    p          :            (au)                -10.012143244177
   13    2    p          :            (au)                -10.012143145959
   14    2    p          :            (au)                 -9.998484217392
   15    2    p          :            (au)                 -2.744943542218
   16    2    p          :            (au)                 -1.738624416300
   17    2    p          :            (au)                 -1.737067887222
   18    2    p          :            (au)                 -1.737058729685
   19    2    p          :            (au)                 -1.053938854747
   20    2    p          :            (au)                 -1.053348846776
   21    2    p          :            (au)                 -1.053343377165
   22    2    p          :            (au)                 -1.052927813248
   23    2    p          :            (au)                 -1.030053982954
   24    2    p          :            (au)                 -0.556081971507
   25    2    p          :            (au)                 -0.518799675991
   26    2    p          :            (au)                 -0.518793428275
   27    2    p          :            (au)                 -0.516437931283
   28    2    p          :            (au)                 -0.504344187996
   29    2    p          :            (au)                 -0.448092482911
   30    2    p          :            (au)                 -0.438774197409
   31    2    p          :            (au)                 -0.432653340239
   32    2    p          :            (au)                 -0.432649018082
   33    2    p          :            (au)                 -0.429639506597
   34    2    p          :            (au)                 -0.426860217338
   35    2    p          :            (au)                 -0.426854960322
   36    2    p          :            (au)                 -0.419696147661
   37    2    p          :            (au)                 -0.412220025643
   38    2    p          :            (au)                 -0.411466251554
   39    2    p          :            (au)                 -0.402956185665
   40    2    p          :            (au)                 -0.402954373613
   41    2    p          :            (au)                 -0.388597459880
   42    2    p          :            (au)                 -0.371271442965
   43    2    p          :            (au)                 -0.371264452955
   44    2    p          :            (au)                 -0.238679929889
   45    2    p          :            (au)                 -0.228888441629
   46    2    p          :            (au)                 -0.228883078292
---------------------------------------------------------------------------
 Sum occupied            :            (au)               -935.300401410680
===========================================================================


===========================================================================
                           Dipole Moment (dip-1)
---------------------------------------------------------------------------
 r_O                     :        0.000000        0.000000        0.000000
---------------------------------------------------------------------------
 Electronic vector       :     1223.246259     -449.509721     -441.850645
 Magnitude               :            (au)                     1376.089529
                         :         (Debye)                     3497.670707
---------------------------------------------------------------------------
 Nuclear vector          :    -1223.480374      448.782115      442.237563
 Magnitude               :            (au)                     1376.184462
                         :         (Debye)                     3497.912005
---------------------------------------------------------------------------
 Total vector            :       -0.234115       -0.727605        0.386918
 Magnitude               :            (au)                        0.856694
                         :         (Debye)                        2.177500
===========================================================================


                                                                           
                                                                           
***************************************************************************
***                                                                     ***
***                            Exiting MRChem                           ***
***                                                                     ***
***                       Wall time :  0h 26m  0s                       ***
***                                                                     ***
***************************************************************************
                                                                           
                                                                           
