                                                                           
                                                                           
***************************************************************************
***                                                                     ***
***                                                                     ***
***          __  __ ____   ____ _                                       ***
***         |  \/  |  _ \ / ___| |__   ___ _ __ ___                     ***
***         | |\/| | |_) | |   | '_ \ / _ \ '_ ` _ \                    ***
***         | |  | |  _ <| |___| | | |  __/ | | | | |                   ***
***         |_|  |_|_| \_\\____|_| |_|\___|_| |_| |_|                   ***
***                                                                     ***
***         VERSION            1.1.0-alpha                              ***
***                                                                     ***
***         Git branch         master                                   ***
***         Git commit hash    f6df85f5f746c23b4022                     ***
***         Git commit author  Stig Rune Jensen                         ***
***         Git commit date    Thu May 19 15:46:21 2022 +0200           ***
***                                                                     ***
***         Contact: luca.frediani@uit.no                               ***
***                                                                     ***
***         Radovan Bast            Magnar Bjorgve                      ***
***         Roberto Di Remigio      Antoine Durdek                      ***
***         Luca Frediani           Gabriel Gerez                       ***
***         Stig Rune Jensen        Jonas Juselius                      ***
***         Rune Monstad            Peter Wind                          ***
***                                                                     ***
***************************************************************************

---------------------------------------------------------------------------

 MPI processes           :       (32 bank)                              96
 OpenMP threads          :                                              15
 Total cores             :                                             992
                                                                           
---------------------------------------------------------------------------

XCFun DFT library Copyright 2009-2020 Ulf Ekstrom and contributors.
See http://dftlibs.org/xcfun/ for more information.

This is free software; see the source code for copying conditions.
There is ABSOLUTELY NO WARRANTY; not even for MERCHANTABILITY or
FITNESS FOR A PARTICULAR PURPOSE. For details see the documentation.
Scientific users of this library should cite
U. Ekstrom, L. Visscher, R. Bast, A. J. Thorvaldsen and K. Ruud;
J.Chem.Theor.Comp. 2010, DOI: 10.1021/ct100117s

---------------------------------------------------------------------------

 MRCPP version         : 1.4.1
 Git branch            : HEAD
 Git commit hash       : 75d41879b1908a94a452
 Git commit author     : Stig Rune Jensen
 Git commit date       : Thu Jan 6 11:38:53 2022 +0100

 Linear algebra        : EIGEN v3.4.0
 Parallelization       : MPI/OpenMP (15 threads)

---------------------------------------------------------------------------


                                                                           
===========================================================================
                         MultiResolution Analysis
---------------------------------------------------------------------------
 polynomial order      : 9
 polynomial type       : Interpolating
---------------------------------------------------------------------------
 total boxes           : 8
 boxes                 : [          2           2           2 ]
 unit lengths          : [   64.00000    64.00000    64.00000 ]
 scaling factor        : [    1.00000     1.00000     1.00000 ]
 lower bounds          : [  -64.00000   -64.00000   -64.00000 ]
 upper bounds          : [   64.00000    64.00000    64.00000 ]
 total length          : [  128.00000   128.00000   128.00000 ]
===========================================================================


                                                                           
***************************************************************************
***                                                                     ***
***                        Initializing Molecule                        ***
***                                                                     ***
***************************************************************************
                                                                           
                                                                           
===========================================================================
                                 Molecule
---------------------------------------------------------------------------
 Charge                  :                                               0
 Multiplicity            :                                               1
---------------------------------------------------------------------------
    N    Atom            :               x               y               z
---------------------------------------------------------------------------
    0       C            :      -16.910445       -4.319674        8.392529
    1       C            :      -16.771372       -2.071389        6.570444
    2       O            :      -14.710726       -0.542291        7.408637
    3       C            :      -13.918116       -1.331410        9.865361
    4       C            :      -15.984543       -3.103611       10.856667
    5       H            :      -15.590052       -5.835586        7.790215
    6       H            :      -18.826338       -5.152319        8.528572
    7       H            :      -18.564906       -0.956230        6.617296
    8       H            :      -16.440092       -2.645499        4.576765
    9       H            :      -13.633044        0.361529       11.076414
   10       H            :      -12.064879       -2.337542        9.739095
   11       H            :      -17.531590       -2.000963       11.748320
   12       H            :      -15.281202       -4.481440       12.267119
---------------------------------------------------------------------------
 Center of mass          :      -15.643767       -2.245824        8.599237
===========================================================================


                                                                           
***************************************************************************
***                                                                     ***
***                 Computing Ground State Wavefunction                 ***
***                                                                     ***
***************************************************************************
                                                                           
                                                                           
~~~~~~~~~~~~~~~~~~~~~~~~~~~~~~~~~~~~~~~~~~~~~~~~~~~~~~~~~~~~~~~~~~~~~~~~~~~
 Calculation             : Compute initial orbitals
 Method                  : Diagonalize SAD Hamiltonian
 Precision               : 1.00000e-06
 Screening               : 1.20000e+01 StdDev
 Restricted              : True
 Functional              : LDA (SVWN5)
 AO basis                : 3-21G
~~~~~~~~~~~~~~~~~~~~~~~~~~~~~~~~~~~~~~~~~~~~~~~~~~~~~~~~~~~~~~~~~~~~~~~~~~~


===========================================================================
                            Molecular Orbitals
---------------------------------------------------------------------------
 Alpha electrons         :                                              20
 Beta electrons          :                                              20
 Total electrons         :                                              40
---------------------------------------------------------------------------
    n  Occ Spin          :                                            Norm
---------------------------------------------------------------------------
    0    2    p          :                              9.999999999965e-01
    1    2    p          :                              1.000000000006e+00
    2    2    p          :                              1.000000000004e+00
    3    2    p          :                              1.000000000068e+00
    4    2    p          :                              9.999999999924e-01
    5    2    p          :                              9.999999999959e-01
    6    2    p          :                              1.000000000040e+00
    7    2    p          :                              9.999999999807e-01
    8    2    p          :                              1.000000000028e+00
    9    2    p          :                              9.999999999742e-01
   10    2    p          :                              1.000000000109e+00
   11    2    p          :                              9.999999999830e-01
   12    2    p          :                              1.000000000041e+00
   13    2    p          :                              9.999999999714e-01
   14    2    p          :                              9.999999998625e-01
   15    2    p          :                              9.999999999712e-01
   16    2    p          :                              9.999999999981e-01
   17    2    p          :                              1.000000000011e+00
   18    2    p          :                              9.999999999920e-01
   19    2    p          :                              1.000000000015e+00
===========================================================================


~~~~~~~~~~~~~~~~~~~~~~~~~~~~~~~~~~~~~~~~~~~~~~~~~~~~~~~~~~~~~~~~~~~~~~~~~~~
 Calculation             : Compute initial energy
 Method                  : DFT (PBE)
 Relativity              : None
 Precision               : 1.00000e-06
 Localization            : On
~~~~~~~~~~~~~~~~~~~~~~~~~~~~~~~~~~~~~~~~~~~~~~~~~~~~~~~~~~~~~~~~~~~~~~~~~~~


===========================================================================
                        Molecular Energy (initial)
---------------------------------------------------------------------------
 Kinetic energy          :            (au)                231.572328550216
 E-N energy              :            (au)               -925.728476760538
 Coulomb energy          :            (au)                306.789295001451
 Exchange energy         :            (au)                  0.000000000000
 X-C energy              :            (au)                -33.300403472583
 Ext. field (el)         :            (au)                  0.000000000000
---------------------------------------------------------------------------
 N-N energy              :            (au)                189.946799010740
 Ext. field (nuc)        :            (au)                  0.000000000000
 Tot. Reac. Energy       :            (au)                  0.000000000000
 El. Reac. Energy        :            (au)                  0.000000000000
 Nuc. Reac. Energy       :            (au)                  0.000000000000
---------------------------------------------------------------------------
 Electronic energy       :            (au)               -420.667256681454
 Nuclear energy          :            (au)                189.946799010740
---------------------------------------------------------------------------
 Total energy            :            (au)             -2.307204576707e+02
                         :      (kcal/mol)             -1.447792730485e+05
                         :        (kJ/mol)             -6.057564784351e+05
                         :            (eV)             -6.278223488529e+03
===========================================================================


===========================================================================
                        Orbital Energies (initial)
---------------------------------------------------------------------------
    n  Occ Spin          :                                         Epsilon
---------------------------------------------------------------------------
    0    2    p          :            (au)                -18.399861278301
    1    2    p          :            (au)                 -9.714340037486
    2    2    p          :            (au)                 -9.693144201301
    3    2    p          :            (au)                 -9.523648308877
    4    2    p          :            (au)                 -9.517790904358
    5    2    p          :            (au)                 -0.803727666320
    6    2    p          :            (au)                 -0.558872929593
    7    2    p          :            (au)                 -0.555992071195
    8    2    p          :            (au)                 -0.429234451408
    9    2    p          :            (au)                 -0.410487882000
   10    2    p          :            (au)                 -0.341066974736
   11    2    p          :            (au)                 -0.305625652391
   12    2    p          :            (au)                 -0.284566549807
   13    2    p          :            (au)                 -0.266531676184
   14    2    p          :            (au)                 -0.237571745137
   15    2    p          :            (au)                 -0.183559572879
   16    2    p          :            (au)                 -0.177974231756
   17    2    p          :            (au)                 -0.147244845859
   18    2    p          :            (au)                 -0.100726680172
   19    2    p          :            (au)                 -0.047526818240
---------------------------------------------------------------------------
 Sum occupied            :            (au)               -123.398988955997
===========================================================================


~~~~~~~~~~~~~~~~~~~~~~~~~~~~~~~~~~~~~~~~~~~~~~~~~~~~~~~~~~~~~~~~~~~~~~~~~~~
 Calculation             : Optimize ground state orbitals
 Method                  : DFT (PBE)
 Relativity              : None
 Checkpointing           : Off
 Max iterations          : 500
 KAIN solver             : 6
 Localization            : First two iterations
 Diagonalization         : Off
 Start precision         : 1.00000e-06
 Final precision         : 1.00000e-06
 Helmholtz precision     : Dynamic
 Energy threshold        : Off
 Orbital threshold       : 5.00000e-05
~~~~~~~~~~~~~~~~~~~~~~~~~~~~~~~~~~~~~~~~~~~~~~~~~~~~~~~~~~~~~~~~~~~~~~~~~~~


===========================================================================
 Iter           MO residual             Total energy                Update
---------------------------------------------------------------------------
    0          4.472136e+00        -230.720457670714         -2.307205e+02
    1          3.632720e-01        -232.162257441452         -1.441800e+00
    2          1.677147e-01        -232.239761849758         -7.750441e-02
    3          9.813659e-02        -232.250768230719         -1.100638e-02
    4          4.569927e-02        -232.257539257019         -6.771026e-03
    5          1.693945e-02        -232.258799034005         -1.259777e-03
    6          1.242019e-02        -232.259231627879         -4.325939e-04
    7          4.784513e-03        -232.259348470291         -1.168424e-04
    8          5.834480e-03        -232.259446712779         -9.824249e-05
    9          2.999079e-03        -232.259470395691         -2.368291e-05
   10          1.767028e-03        -232.259479904705         -9.509014e-06
   11          1.503386e-03        -232.259486617304         -6.712599e-06
   12          9.195603e-04        -232.259489252877         -2.635573e-06
   13          5.893025e-04        -232.259490321493         -1.068616e-06
   14          3.774911e-04        -232.259490689694         -3.682015e-07
   15          2.520903e-04        -232.259490870486         -1.807913e-07
   16          1.633027e-04        -232.259490968645         -9.815921e-08
   17          1.188810e-04        -232.259491013702         -4.505716e-08
   18          9.135287e-05        -232.259491038427         -2.472484e-08
---------------------------------------------------------------------------
                      SCF converged in 18 iterations!
===========================================================================


                                                                           
***************************************************************************
***                                                                     ***
***                    Printing Molecular Properties                    ***
***                                                                     ***
***************************************************************************
                                                                           
                                                                           
===========================================================================
                                 Molecule
---------------------------------------------------------------------------
 Charge                  :                                               0
 Multiplicity            :                                               1
---------------------------------------------------------------------------
    N    Atom            :               x               y               z
---------------------------------------------------------------------------
    0       C            :      -16.910445       -4.319674        8.392529
    1       C            :      -16.771372       -2.071389        6.570444
    2       O            :      -14.710726       -0.542291        7.408637
    3       C            :      -13.918116       -1.331410        9.865361
    4       C            :      -15.984543       -3.103611       10.856667
    5       H            :      -15.590052       -5.835586        7.790215
    6       H            :      -18.826338       -5.152319        8.528572
    7       H            :      -18.564906       -0.956230        6.617296
    8       H            :      -16.440092       -2.645499        4.576765
    9       H            :      -13.633044        0.361529       11.076414
   10       H            :      -12.064879       -2.337542        9.739095
   11       H            :      -17.531590       -2.000963       11.748320
   12       H            :      -15.281202       -4.481440       12.267119
---------------------------------------------------------------------------
 Center of mass          :      -15.643767       -2.245824        8.599237
===========================================================================


===========================================================================
                         Molecular Energy (final)
---------------------------------------------------------------------------
 Kinetic energy          :            (au)                231.104168000473
 E-N energy              :            (au)               -921.590967837412
 Coulomb energy          :            (au)                301.252045867546
 Exchange energy         :            (au)                  0.000000000000
 X-C energy              :            (au)                -32.971536079773
 Ext. field (el)         :            (au)                  0.000000000000
---------------------------------------------------------------------------
 N-N energy              :            (au)                189.946799010740
 Ext. field (nuc)        :            (au)                  0.000000000000
 Tot. Reac. Energy       :            (au)                  0.000000000000
 El. Reac. Energy        :            (au)                  0.000000000000
 Nuc. Reac. Energy       :            (au)                  0.000000000000
---------------------------------------------------------------------------
 Electronic energy       :            (au)               -422.206290049166
 Nuclear energy          :            (au)                189.946799010740
---------------------------------------------------------------------------
 Total energy            :            (au)             -2.322594910384e+02
                         :      (kcal/mol)             -1.457450310677e+05
                         :        (kJ/mol)             -6.097972099872e+05
                         :            (eV)             -6.320102719943e+03
===========================================================================


===========================================================================
                         Orbital Energies (final)
---------------------------------------------------------------------------
    n  Occ Spin          :                                         Epsilon
---------------------------------------------------------------------------
    0    2    p          :            (au)                -18.746979187686
    1    2    p          :            (au)                 -9.928805013450
    2    2    p          :            (au)                 -9.928797245726
    3    2    p          :            (au)                 -9.892638024369
    4    2    p          :            (au)                 -9.892519047174
    5    2    p          :            (au)                 -0.944849776732
    6    2    p          :            (au)                 -0.712317800524
    7    2    p          :            (au)                 -0.665827399796
    8    2    p          :            (au)                 -0.536065529777
    9    2    p          :            (au)                 -0.527169987127
   10    2    p          :            (au)                 -0.449638427703
   11    2    p          :            (au)                 -0.441534672759
   12    2    p          :            (au)                 -0.385803736458
   13    2    p          :            (au)                 -0.376531520851
   14    2    p          :            (au)                 -0.355248355795
   15    2    p          :            (au)                 -0.316162755059
   16    2    p          :            (au)                 -0.310091209989
   17    2    p          :            (au)                 -0.291558160959
   18    2    p          :            (au)                 -0.274679220643
   19    2    p          :            (au)                 -0.203584111033
---------------------------------------------------------------------------
 Sum occupied            :            (au)               -130.361602367221
===========================================================================


===========================================================================
                           Dipole Moment (dip-1)
---------------------------------------------------------------------------
 r_O                     :        0.000000        0.000000        0.000000
---------------------------------------------------------------------------
 Electronic vector       :      626.846902       91.835303     -345.368191
 Magnitude               :            (au)                      721.560772
                         :         (Debye)                     1834.024549
---------------------------------------------------------------------------
 Nuclear vector          :     -627.124771      -92.342882      345.722896
 Magnitude               :            (au)                      722.036707
                         :         (Debye)                     1835.234255
---------------------------------------------------------------------------
 Total vector            :       -0.277869       -0.507580        0.354705
 Magnitude               :            (au)                        0.678723
                         :         (Debye)                        1.725141
===========================================================================


                                                                           
                                                                           
***************************************************************************
***                                                                     ***
***                            Exiting MRChem                           ***
***                                                                     ***
***                       Wall time :  0h  5m 20s                       ***
***                                                                     ***
***************************************************************************
                                                                           
                                                                           
