                                                                           
                                                                           
***************************************************************************
***                                                                     ***
***                                                                     ***
***          __  __ ____   ____ _                                       ***
***         |  \/  |  _ \ / ___| |__   ___ _ __ ___                     ***
***         | |\/| | |_) | |   | '_ \ / _ \ '_ ` _ \                    ***
***         | |  | |  _ <| |___| | | |  __/ | | | | |                   ***
***         |_|  |_|_| \_\\____|_| |_|\___|_| |_| |_|                   ***
***                                                                     ***
***         VERSION            1.1.0-alpha                              ***
***                                                                     ***
***         Git branch         master                                   ***
***         Git commit hash    f6df85f5f746c23b4022                     ***
***         Git commit author  Stig Rune Jensen                         ***
***         Git commit date    Thu May 19 15:46:21 2022 +0200           ***
***                                                                     ***
***         Contact: luca.frediani@uit.no                               ***
***                                                                     ***
***         Radovan Bast            Magnar Bjorgve                      ***
***         Roberto Di Remigio      Antoine Durdek                      ***
***         Luca Frediani           Gabriel Gerez                       ***
***         Stig Rune Jensen        Jonas Juselius                      ***
***         Rune Monstad            Peter Wind                          ***
***                                                                     ***
***************************************************************************

---------------------------------------------------------------------------

 MPI processes           :       (32 bank)                              96
 OpenMP threads          :                                              15
 Total cores             :                                             992
                                                                           
---------------------------------------------------------------------------

XCFun DFT library Copyright 2009-2020 Ulf Ekstrom and contributors.
See http://dftlibs.org/xcfun/ for more information.

This is free software; see the source code for copying conditions.
There is ABSOLUTELY NO WARRANTY; not even for MERCHANTABILITY or
FITNESS FOR A PARTICULAR PURPOSE. For details see the documentation.
Scientific users of this library should cite
U. Ekstrom, L. Visscher, R. Bast, A. J. Thorvaldsen and K. Ruud;
J.Chem.Theor.Comp. 2010, DOI: 10.1021/ct100117s

---------------------------------------------------------------------------

 MRCPP version         : 1.4.1
 Git branch            : HEAD
 Git commit hash       : 75d41879b1908a94a452
 Git commit author     : Stig Rune Jensen
 Git commit date       : Thu Jan 6 11:38:53 2022 +0100

 Linear algebra        : EIGEN v3.4.0
 Parallelization       : MPI/OpenMP (15 threads)

---------------------------------------------------------------------------


                                                                           
===========================================================================
                         MultiResolution Analysis
---------------------------------------------------------------------------
 polynomial order      : 9
 polynomial type       : Interpolating
---------------------------------------------------------------------------
 total boxes           : 8
 boxes                 : [          2           2           2 ]
 unit lengths          : [   64.00000    64.00000    64.00000 ]
 scaling factor        : [    1.00000     1.00000     1.00000 ]
 lower bounds          : [  -64.00000   -64.00000   -64.00000 ]
 upper bounds          : [   64.00000    64.00000    64.00000 ]
 total length          : [  128.00000   128.00000   128.00000 ]
===========================================================================


                                                                           
***************************************************************************
***                                                                     ***
***                        Initializing Molecule                        ***
***                                                                     ***
***************************************************************************
                                                                           
                                                                           
===========================================================================
                                 Molecule
---------------------------------------------------------------------------
 Charge                  :                                               0
 Multiplicity            :                                               1
---------------------------------------------------------------------------
    N    Atom            :               x               y               z
---------------------------------------------------------------------------
    0      Cr            :      -13.477718        3.504679        5.403052
    1       C            :      -10.532562        3.587139        7.426259
    2       C            :      -11.733115        1.539925        2.982647
    3       C            :      -12.368365        6.355381        3.785959
    4       C            :      -15.175854        5.589105        7.754465
    5       O            :      -16.186576        6.963571        9.138835
    6       O            :       -8.684004        3.733086        8.603515
    7       O            :      -10.618704        0.433214        1.446463
    8       O            :      -11.661953        8.173963        2.756300
    9       C            :      -16.379711        3.533544        3.317735
   10       O            :      -18.123379        3.658755        1.987756
   11       C            :      -15.982368       -4.072388        8.055880
   12       C            :      -15.910334       -1.998032        6.053195
   13       O            :      -14.779229        0.145465        7.308145
   14       C            :      -14.677357       -0.234676       10.009643
   15       C            :      -16.338513       -2.542564       10.496614
   16       H            :      -14.160088       -5.109018        8.099177
   17       H            :      -17.508350       -5.462066        7.715211
   18       H            :      -17.832431       -1.457476        5.390585
   19       H            :      -14.742861       -2.471739        4.379890
   20       H            :      -15.355310        1.511161       10.947796
   21       H            :      -12.675126       -0.554538       10.569403
   22       H            :      -18.343042       -1.966610       10.713899
   23       H            :      -15.775808       -3.584431       12.221057
---------------------------------------------------------------------------
 Center of mass          :      -13.853975        2.551217        5.945810
===========================================================================


                                                                           
***************************************************************************
***                                                                     ***
***                 Computing Ground State Wavefunction                 ***
***                                                                     ***
***************************************************************************
                                                                           
                                                                           
~~~~~~~~~~~~~~~~~~~~~~~~~~~~~~~~~~~~~~~~~~~~~~~~~~~~~~~~~~~~~~~~~~~~~~~~~~~
 Calculation             : Compute initial orbitals
 Method                  : Diagonalize SAD Hamiltonian
 Precision               : 1.00000e-06
 Screening               : 1.20000e+01 StdDev
 Restricted              : True
 Functional              : LDA (SVWN5)
 AO basis                : 3-21G
~~~~~~~~~~~~~~~~~~~~~~~~~~~~~~~~~~~~~~~~~~~~~~~~~~~~~~~~~~~~~~~~~~~~~~~~~~~


===========================================================================
                            Molecular Orbitals
---------------------------------------------------------------------------
 Alpha electrons         :                                              67
 Beta electrons          :                                              67
 Total electrons         :                                             134
---------------------------------------------------------------------------
    n  Occ Spin          :                                            Norm
---------------------------------------------------------------------------
    0    2    p          :                              1.000000000040e+00
    1    2    p          :                              9.999999999973e-01
    2    2    p          :                              1.000000000002e+00
    3    2    p          :                              1.000000000003e+00
    4    2    p          :                              9.999999999993e-01
    5    2    p          :                              9.999999999973e-01
    6    2    p          :                              9.999999999991e-01
    7    2    p          :                              1.000000000000e+00
    8    2    p          :                              9.999999999979e-01
    9    2    p          :                              1.000000000000e+00
   10    2    p          :                              1.000000000021e+00
   11    2    p          :                              1.000000000021e+00
   12    2    p          :                              9.999999999998e-01
   13    2    p          :                              1.000000000035e+00
   14    2    p          :                              9.999999999934e-01
   15    2    p          :                              1.000000000014e+00
   16    2    p          :                              1.000000000001e+00
   17    2    p          :                              9.999999999986e-01
   18    2    p          :                              1.000000000004e+00
   19    2    p          :                              1.000000000036e+00
   20    2    p          :                              9.999999999984e-01
   21    2    p          :                              9.999999999722e-01
   22    2    p          :                              1.000000000069e+00
   23    2    p          :                              9.999999997590e-01
   24    2    p          :                              9.999999989943e-01
   25    2    p          :                              1.000000000151e+00
   26    2    p          :                              9.999999983909e-01
   27    2    p          :                              1.000000000072e+00
   28    2    p          :                              1.000000000579e+00
   29    2    p          :                              9.999999999189e-01
   30    2    p          :                              1.000000000016e+00
   31    2    p          :                              1.000000000003e+00
   32    2    p          :                              9.999999999107e-01
   33    2    p          :                              9.999999999636e-01
   34    2    p          :                              1.000000001685e+00
   35    2    p          :                              1.000000000212e+00
   36    2    p          :                              9.999999996654e-01
   37    2    p          :                              9.999999979516e-01
   38    2    p          :                              9.999999999096e-01
   39    2    p          :                              1.000000003372e+00
   40    2    p          :                              9.999999918482e-01
   41    2    p          :                              1.000000001577e+00
   42    2    p          :                              1.000000000030e+00
   43    2    p          :                              1.000000001951e+00
   44    2    p          :                              9.999999973406e-01
   45    2    p          :                              9.999999963394e-01
   46    2    p          :                              1.000000000995e+00
   47    2    p          :                              9.999999996811e-01
   48    2    p          :                              9.999999990367e-01
   49    2    p          :                              9.999999991502e-01
   50    2    p          :                              9.999999997289e-01
   51    2    p          :                              1.000000001880e+00
   52    2    p          :                              9.999999915827e-01
   53    2    p          :                              9.999999999623e-01
   54    2    p          :                              1.000000004224e+00
   55    2    p          :                              9.999999925959e-01
   56    2    p          :                              9.999999989449e-01
   57    2    p          :                              1.000000000149e+00
   58    2    p          :                              9.999999922744e-01
   59    2    p          :                              1.000000000062e+00
   60    2    p          :                              9.999999992831e-01
   61    2    p          :                              9.999999989645e-01
   62    2    p          :                              1.000000000146e+00
   63    2    p          :                              9.999999996542e-01
   64    2    p          :                              9.999999975749e-01
   65    2    p          :                              1.000000002182e+00
   66    2    p          :                              9.999999997474e-01
===========================================================================


~~~~~~~~~~~~~~~~~~~~~~~~~~~~~~~~~~~~~~~~~~~~~~~~~~~~~~~~~~~~~~~~~~~~~~~~~~~
 Calculation             : Compute initial energy
 Method                  : DFT (PBE)
 Relativity              : None
 Precision               : 1.00000e-06
 Localization            : On
~~~~~~~~~~~~~~~~~~~~~~~~~~~~~~~~~~~~~~~~~~~~~~~~~~~~~~~~~~~~~~~~~~~~~~~~~~~


===========================================================================
                        Molecular Energy (initial)
---------------------------------------------------------------------------
 Kinetic energy          :            (au)               1826.287666461226
 E-N energy              :            (au)              -7190.164710336807
 Coulomb energy          :            (au)               2252.594456412511
 Exchange energy         :            (au)                  0.000000000000
 X-C energy              :            (au)               -150.463361872475
 Ext. field (el)         :            (au)                  0.000000000000
---------------------------------------------------------------------------
 N-N energy              :            (au)               1428.894267772147
 Ext. field (nuc)        :            (au)                  0.000000000000
 Tot. Reac. Energy       :            (au)                  0.000000000000
 El. Reac. Energy        :            (au)                  0.000000000000
 Nuc. Reac. Energy       :            (au)                  0.000000000000
---------------------------------------------------------------------------
 Electronic energy       :            (au)              -3261.745949335545
 Nuclear energy          :            (au)               1428.894267772147
---------------------------------------------------------------------------
 Total energy            :            (au)             -1.832851681563e+03
                         :      (kcal/mol)             -1.150131794733e+06
                         :        (kJ/mol)             -4.812151429165e+06
                         :            (eV)             -4.987443503863e+04
===========================================================================


===========================================================================
                        Orbital Energies (initial)
---------------------------------------------------------------------------
    n  Occ Spin          :                                         Epsilon
---------------------------------------------------------------------------
    0    2    p          :            (au)               -213.216990100164
    1    2    p          :            (au)                -24.314650423215
    2    2    p          :            (au)                -20.647995192356
    3    2    p          :            (au)                -20.641669846861
    4    2    p          :            (au)                -20.636464441057
    5    2    p          :            (au)                -18.717835446565
    6    2    p          :            (au)                -18.678233207730
    7    2    p          :            (au)                -18.656885446717
    8    2    p          :            (au)                -18.644650438247
    9    2    p          :            (au)                -18.620247754989
   10    2    p          :            (au)                -18.565914178629
   11    2    p          :            (au)                 -9.950427844721
   12    2    p          :            (au)                 -9.944010927744
   13    2    p          :            (au)                 -9.884153054455
   14    2    p          :            (au)                 -9.841479063988
   15    2    p          :            (au)                 -9.796339207261
   16    2    p          :            (au)                 -9.764957389080
   17    2    p          :            (au)                 -9.728960578454
   18    2    p          :            (au)                 -9.591873036080
   19    2    p          :            (au)                 -9.558465804517
   20    2    p          :            (au)                 -2.767123843505
   21    2    p          :            (au)                 -1.755157213276
   22    2    p          :            (au)                 -1.741470660241
   23    2    p          :            (au)                 -1.731426417724
   24    2    p          :            (au)                 -1.041189108486
   25    2    p          :            (au)                 -1.033786375801
   26    2    p          :            (au)                 -1.018625678332
   27    2    p          :            (au)                 -1.013724880671
   28    2    p          :            (au)                 -0.964369280736
   29    2    p          :            (au)                 -0.902242153278
   30    2    p          :            (au)                 -0.626382769805
   31    2    p          :            (au)                 -0.612491520180
   32    2    p          :            (au)                 -0.491034687667
   33    2    p          :            (au)                 -0.482806604999
   34    2    p          :            (au)                 -0.467093702415
   35    2    p          :            (au)                 -0.455624020666
   36    2    p          :            (au)                 -0.450105131925
   37    2    p          :            (au)                 -0.438062753854
   38    2    p          :            (au)                 -0.407263913954
   39    2    p          :            (au)                 -0.406726065795
   40    2    p          :            (au)                 -0.396130401831
   41    2    p          :            (au)                 -0.392317224790
   42    2    p          :            (au)                 -0.382209206257
   43    2    p          :            (au)                 -0.377604986794
   44    2    p          :            (au)                 -0.376728494457
   45    2    p          :            (au)                 -0.372444728926
   46    2    p          :            (au)                 -0.367065417969
   47    2    p          :            (au)                 -0.363710083799
   48    2    p          :            (au)                 -0.359315194765
   49    2    p          :            (au)                 -0.354227327599
   50    2    p          :            (au)                 -0.347104948656
   51    2    p          :            (au)                 -0.343561328514
   52    2    p          :            (au)                 -0.336758424124
   53    2    p          :            (au)                 -0.325006321232
   54    2    p          :            (au)                 -0.320656743896
   55    2    p          :            (au)                 -0.301361026874
   56    2    p          :            (au)                 -0.291776886455
   57    2    p          :            (au)                 -0.286362069999
   58    2    p          :            (au)                 -0.282567248370
   59    2    p          :            (au)                 -0.239061083732
   60    2    p          :            (au)                 -0.233994112068
   61    2    p          :            (au)                 -0.219632302702
   62    2    p          :            (au)                 -0.196911202289
   63    2    p          :            (au)                 -0.180725188028
   64    2    p          :            (au)                 -0.179439377400
   65    2    p          :            (au)                 -0.158880144884
   66    2    p          :            (au)                 -0.140494815026
---------------------------------------------------------------------------
 Sum occupied            :            (au)              -1052.669912915156
===========================================================================


~~~~~~~~~~~~~~~~~~~~~~~~~~~~~~~~~~~~~~~~~~~~~~~~~~~~~~~~~~~~~~~~~~~~~~~~~~~
 Calculation             : Optimize ground state orbitals
 Method                  : DFT (PBE)
 Relativity              : None
 Checkpointing           : Off
 Max iterations          : 500
 KAIN solver             : 6
 Localization            : First two iterations
 Diagonalization         : Off
 Start precision         : 1.00000e-06
 Final precision         : 1.00000e-06
 Helmholtz precision     : Dynamic
 Energy threshold        : Off
 Orbital threshold       : 5.00000e-05
~~~~~~~~~~~~~~~~~~~~~~~~~~~~~~~~~~~~~~~~~~~~~~~~~~~~~~~~~~~~~~~~~~~~~~~~~~~


===========================================================================
 Iter           MO residual             Total energy                Update
---------------------------------------------------------------------------
    0          8.185353e+00       -1832.851681563398         -1.832852e+03
    1          4.484888e-01       -1842.597892351351         -9.746211e+00
    2          1.519520e-01       -1842.937105141189         -3.392128e-01
    3          7.527474e-02       -1842.987800522878         -5.069538e-02
    4          4.441793e-02       -1843.001470531077         -1.367001e-02
    5          5.114531e-02       -1843.011702483153         -1.023195e-02
    6          2.755607e-02       -1843.015000134461         -3.297651e-03
    7          2.350992e-02       -1843.017421619680         -2.421485e-03
    8          2.264439e-02       -1843.018861438307         -1.439819e-03
    9          1.286930e-02       -1843.019405906786         -5.444685e-04
   10          9.748929e-03       -1843.019742022822         -3.361160e-04
   11          1.207839e-02       -1843.020126716431         -3.846936e-04
   12          8.603955e-03       -1843.020341481037         -2.147646e-04
   13          7.207767e-03       -1843.020498881956         -1.574009e-04
   14          7.252002e-03       -1843.020619846055         -1.209641e-04
   15          6.073176e-03       -1843.020701363313         -8.151726e-05
   16          3.745600e-03       -1843.020743576899         -4.221359e-05
   17          3.572786e-03       -1843.020779459815         -3.588292e-05
   18          2.579501e-03       -1843.020802685249         -2.322543e-05
   19          2.141525e-03       -1843.020819139291         -1.645404e-05
   20          1.825041e-03       -1843.020832364600         -1.322531e-05
   21          1.999830e-03       -1843.020844061949         -1.169735e-05
   22          1.304648e-03       -1843.020850235932         -6.173982e-06
   23          1.175030e-03       -1843.020854697917         -4.461986e-06
   24          1.223452e-03       -1843.020859415947         -4.718030e-06
   25          1.427409e-03       -1843.020864593648         -5.177701e-06
   26          1.086904e-03       -1843.020868049396         -3.455748e-06
   27          1.046008e-03       -1843.020871066816         -3.017420e-06
   28          1.043481e-03       -1843.020873826496         -2.759680e-06
   29          1.213790e-03       -1843.020876407167         -2.580670e-06
   30          8.202304e-04       -1843.020877808544         -1.401378e-06
   31          7.502069e-04       -1843.020878939519         -1.130974e-06
   32          5.995474e-04       -1843.020879789310         -8.497914e-07
   33          7.348920e-04       -1843.020880683407         -8.940965e-07
   34          5.871078e-04       -1843.020881238338         -5.549314e-07
   35          4.855648e-04       -1843.020881674207         -4.358694e-07
   36          4.250883e-04       -1843.020881994444         -3.202367e-07
   37          3.609658e-04       -1843.020882200484         -2.060401e-07
   38          2.923487e-04       -1843.020882340330         -1.398453e-07
   39          2.235512e-04       -1843.020882427783         -8.745383e-08
   40          2.053562e-04       -1843.020882500030         -7.224708e-08
   41          1.342984e-04       -1843.020882537100         -3.706919e-08
   42          1.144993e-04       -1843.020882568614         -3.151445e-08
---------------------------------------------------------------------------
                      SCF converged in 42 iterations!
===========================================================================


                                                                           
***************************************************************************
***                                                                     ***
***                    Printing Molecular Properties                    ***
***                                                                     ***
***************************************************************************
                                                                           
                                                                           
===========================================================================
                                 Molecule
---------------------------------------------------------------------------
 Charge                  :                                               0
 Multiplicity            :                                               1
---------------------------------------------------------------------------
    N    Atom            :               x               y               z
---------------------------------------------------------------------------
    0      Cr            :      -13.477718        3.504679        5.403052
    1       C            :      -10.532562        3.587139        7.426259
    2       C            :      -11.733115        1.539925        2.982647
    3       C            :      -12.368365        6.355381        3.785959
    4       C            :      -15.175854        5.589105        7.754465
    5       O            :      -16.186576        6.963571        9.138835
    6       O            :       -8.684004        3.733086        8.603515
    7       O            :      -10.618704        0.433214        1.446463
    8       O            :      -11.661953        8.173963        2.756300
    9       C            :      -16.379711        3.533544        3.317735
   10       O            :      -18.123379        3.658755        1.987756
   11       C            :      -15.982368       -4.072388        8.055880
   12       C            :      -15.910334       -1.998032        6.053195
   13       O            :      -14.779229        0.145465        7.308145
   14       C            :      -14.677357       -0.234676       10.009643
   15       C            :      -16.338513       -2.542564       10.496614
   16       H            :      -14.160088       -5.109018        8.099177
   17       H            :      -17.508350       -5.462066        7.715211
   18       H            :      -17.832431       -1.457476        5.390585
   19       H            :      -14.742861       -2.471739        4.379890
   20       H            :      -15.355310        1.511161       10.947796
   21       H            :      -12.675126       -0.554538       10.569403
   22       H            :      -18.343042       -1.966610       10.713899
   23       H            :      -15.775808       -3.584431       12.221057
---------------------------------------------------------------------------
 Center of mass          :      -13.853975        2.551217        5.945810
===========================================================================


===========================================================================
                         Molecular Energy (final)
---------------------------------------------------------------------------
 Kinetic energy          :            (au)               1838.958861648821
 E-N energy              :            (au)              -7210.464686179720
 Coulomb energy          :            (au)               2250.104755640632
 Exchange energy         :            (au)                  0.000000000000
 X-C energy              :            (au)               -150.514081450495
 Ext. field (el)         :            (au)                  0.000000000000
---------------------------------------------------------------------------
 N-N energy              :            (au)               1428.894267772147
 Ext. field (nuc)        :            (au)                  0.000000000000
 Tot. Reac. Energy       :            (au)                  0.000000000000
 El. Reac. Energy        :            (au)                  0.000000000000
 Nuc. Reac. Energy       :            (au)                  0.000000000000
---------------------------------------------------------------------------
 Electronic energy       :            (au)              -3271.915150340762
 Nuclear energy          :            (au)               1428.894267772147
---------------------------------------------------------------------------
 Total energy            :            (au)             -1.843020882569e+03
                         :      (kcal/mol)             -1.156513064708e+06
                         :        (kJ/mol)             -4.838850662738e+06
                         :            (eV)             -5.015115309500e+04
===========================================================================


===========================================================================
                         Orbital Energies (final)
---------------------------------------------------------------------------
    n  Occ Spin          :                                         Epsilon
---------------------------------------------------------------------------
    0    2    p          :            (au)               -214.442546418731
    1    2    p          :            (au)                -24.257385425989
    2    2    p          :            (au)                -20.621956095337
    3    2    p          :            (au)                -20.621912885977
    4    2    p          :            (au)                -20.621198099665
    5    2    p          :            (au)                -18.822577259611
    6    2    p          :            (au)                -18.822520517452
    7    2    p          :            (au)                -18.822415646910
    8    2    p          :            (au)                -18.822345489054
    9    2    p          :            (au)                -18.813759621975
   10    2    p          :            (au)                -18.797328436505
   11    2    p          :            (au)                 -9.990891660998
   12    2    p          :            (au)                 -9.990869886275
   13    2    p          :            (au)                 -9.990809162821
   14    2    p          :            (au)                 -9.990770627492
   15    2    p          :            (au)                 -9.975266160892
   16    2    p          :            (au)                 -9.968239801292
   17    2    p          :            (au)                 -9.968226164313
   18    2    p          :            (au)                 -9.924161024662
   19    2    p          :            (au)                 -9.924040507601
   20    2    p          :            (au)                 -2.720883596300
   21    2    p          :            (au)                 -1.714142873361
   22    2    p          :            (au)                 -1.714069488010
   23    2    p          :            (au)                 -1.711191302123
   24    2    p          :            (au)                 -1.032303866256
   25    2    p          :            (au)                 -1.031733922639
   26    2    p          :            (au)                 -1.031601170760
   27    2    p          :            (au)                 -1.031230381450
   28    2    p          :            (au)                 -1.007505267217
   29    2    p          :            (au)                 -0.997808894205
   30    2    p          :            (au)                 -0.749307435418
   31    2    p          :            (au)                 -0.708630573632
   32    2    p          :            (au)                 -0.573667737288
   33    2    p          :            (au)                 -0.567368537780
   34    2    p          :            (au)                 -0.538284577728
   35    2    p          :            (au)                 -0.501060398939
   36    2    p          :            (au)                 -0.499326076055
   37    2    p          :            (au)                 -0.497103159658
   38    2    p          :            (au)                 -0.489650628469
   39    2    p          :            (au)                 -0.487748293774
   40    2    p          :            (au)                 -0.483304461222
   41    2    p          :            (au)                 -0.430393663104
   42    2    p          :            (au)                 -0.426592902149
   43    2    p          :            (au)                 -0.418653694086
   44    2    p          :            (au)                 -0.416456482356
   45    2    p          :            (au)                 -0.412949654022
   46    2    p          :            (au)                 -0.412594965394
   47    2    p          :            (au)                 -0.408475949491
   48    2    p          :            (au)                 -0.407328533556
   49    2    p          :            (au)                 -0.406135344368
   50    2    p          :            (au)                 -0.398049382211
   51    2    p          :            (au)                 -0.393082909597
   52    2    p          :            (au)                 -0.391933906838
   53    2    p          :            (au)                 -0.388721093180
   54    2    p          :            (au)                 -0.381522945935
   55    2    p          :            (au)                 -0.380322478210
   56    2    p          :            (au)                 -0.371095320744
   57    2    p          :            (au)                 -0.352745612940
   58    2    p          :            (au)                 -0.352635572258
   59    2    p          :            (au)                 -0.347912029604
   60    2    p          :            (au)                 -0.341396359635
   61    2    p          :            (au)                 -0.336861322769
   62    2    p          :            (au)                 -0.323623071255
   63    2    p          :            (au)                 -0.264678651315
   64    2    p          :            (au)                 -0.217224635257
   65    2    p          :            (au)                 -0.202785669974
   66    2    p          :            (au)                 -0.196584154027
---------------------------------------------------------------------------
 Sum occupied            :            (au)              -1065.315799680225
===========================================================================


===========================================================================
                           Dipole Moment (dip-1)
---------------------------------------------------------------------------
 r_O                     :        0.000000        0.000000        0.000000
---------------------------------------------------------------------------
 Electronic vector       :     1864.022258     -322.609252     -807.692926
 Magnitude               :            (au)                     2056.945203
                         :         (Debye)                     5228.233218
---------------------------------------------------------------------------
 Nuclear vector          :    -1864.878074      320.426609      808.932753
 Magnitude               :            (au)                     2057.866770
                         :         (Debye)                     5230.575606
---------------------------------------------------------------------------
 Total vector            :       -0.855816       -2.182643        1.239827
 Magnitude               :            (au)                        2.652079
                         :         (Debye)                        6.740913
===========================================================================


                                                                           
                                                                           
***************************************************************************
***                                                                     ***
***                            Exiting MRChem                           ***
***                                                                     ***
***                       Wall time :  0h 34m 16s                       ***
***                                                                     ***
***************************************************************************
                                                                           
                                                                           
