Starting job 382817 on b[4238-4245] at Thu Jun 23 10:26:46 CEST 2022

Copying Cr-THF_Fragment1_mw6.out to /cluster/home/ambr/projects/zora/reaction_energies/calcs_nrel
Copying Cr-THF_Fragment1_mw6.json to /cluster/home/ambr/projects/zora/reaction_energies/calcs_nrel

Task and CPU usage stats:
JobID           JobName  AllocCPUS   NTasks     MinCPU MinCPUTask     AveCPU    Elapsed ExitCode 
------------ ---------- ---------- -------- ---------- ---------- ---------- ---------- -------- 
382817       Cr-THF_Fr+       1024                                             00:26:56      0:0 
382817.batch      batch        128        1   17:54:59          0   17:54:59   00:26:56      0:0 
382817.exte+     extern       1024        8   00:00:00          1   00:00:00   00:26:57      0:0 
382817.0          orted        896        7   06:41:55          6   16:43:33   00:26:06      0:0 

Memory usage stats:
JobID            MaxRSS MaxRSSTask     AveRSS MaxPages   MaxPagesTask   AvePages 
------------ ---------- ---------- ---------- -------- -------------- ---------- 
382817                                                                           
382817.batch  55175291K          0  55175291K     1120              0          0 
382817.exte+       862K          4    858.50K        3              6          2 
382817.0      59436243K          1 555232118+     1129              2       1038 

Disk usage stats:
JobID         MaxDiskRead MaxDiskReadTask    AveDiskRead MaxDiskWrite MaxDiskWriteTask   AveDiskWrite 
------------ ------------ --------------- -------------- ------------ ---------------- -------------- 
382817                                                                                                
382817.batch     3022.87M               0       3022.87M     3556.12M                0       3556.12M 
382817.exte+        0.00M               1          0.00M            0                1              0 
382817.0           46.21M               6         46.13M      110.76M                0        104.32M 

Job 382817 completed at Thu Jun 23 10:53:44 CEST 2022
