Starting job 382820 on b[2101-2104,2114-2117] at Thu Jun 23 10:26:46 CEST 2022

Copying Fe-MeOH_Fragment1_mw6.out to /cluster/home/ambr/projects/zora/reaction_energies/calcs_nrel
Copying Fe-MeOH_Fragment1_mw6.json to /cluster/home/ambr/projects/zora/reaction_energies/calcs_nrel

Task and CPU usage stats:
JobID           JobName  AllocCPUS   NTasks     MinCPU MinCPUTask     AveCPU    Elapsed ExitCode 
------------ ---------- ---------- -------- ---------- ---------- ---------- ---------- -------- 
382820       Fe-MeOH_F+       1024                                             01:32:01      0:0 
382820.batch      batch        128        1 2-22:13:10          0 2-22:13:10   01:32:01      0:0 
382820.exte+     extern       1024        8   00:00:00          6   00:00:00   01:32:02      0:0 
382820.0          orted        896        7 2-08:44:28          6 2-21:04:23   01:29:50      0:0 

Memory usage stats:
JobID            MaxRSS MaxRSSTask     AveRSS MaxPages   MaxPagesTask   AvePages 
------------ ---------- ---------- ---------- -------- -------------- ---------- 
382820                                                                           
382820.batch 176803845K          0 176803845K     1898              0          0 
382820.exte+       863K          4       861K        3              6          2 
382820.0     198265637K          4 187688612+     2004              6        267 

Disk usage stats:
JobID         MaxDiskRead MaxDiskReadTask    AveDiskRead MaxDiskWrite MaxDiskWriteTask   AveDiskWrite 
------------ ------------ --------------- -------------- ------------ ---------------- -------------- 
382820                                                                                                
382820.batch    17174.46M               0      17174.46M    19635.81M                0      19635.81M 
382820.exte+        0.00M               6          0.00M            0                6              0 
382820.0           47.21M               0         46.97M     3641.80M                4       2581.86M 

Job 382820 completed at Thu Jun 23 11:58:50 CEST 2022
