                                                                           
                                                                           
***************************************************************************
***                                                                     ***
***                                                                     ***
***          __  __ ____   ____ _                                       ***
***         |  \/  |  _ \ / ___| |__   ___ _ __ ___                     ***
***         | |\/| | |_) | |   | '_ \ / _ \ '_ ` _ \                    ***
***         | |  | |  _ <| |___| | | |  __/ | | | | |                   ***
***         |_|  |_|_| \_\\____|_| |_|\___|_| |_| |_|                   ***
***                                                                     ***
***         VERSION            1.1.0-alpha                              ***
***                                                                     ***
***         Git branch         master                                   ***
***         Git commit hash    f6df85f5f746c23b4022                     ***
***         Git commit author  Stig Rune Jensen                         ***
***         Git commit date    Thu May 19 15:46:21 2022 +0200           ***
***                                                                     ***
***         Contact: luca.frediani@uit.no                               ***
***                                                                     ***
***         Radovan Bast            Magnar Bjorgve                      ***
***         Roberto Di Remigio      Antoine Durdek                      ***
***         Luca Frediani           Gabriel Gerez                       ***
***         Stig Rune Jensen        Jonas Juselius                      ***
***         Rune Monstad            Peter Wind                          ***
***                                                                     ***
***************************************************************************

---------------------------------------------------------------------------

 MPI processes           :       (32 bank)                              96
 OpenMP threads          :                                              15
 Total cores             :                                             992
                                                                           
---------------------------------------------------------------------------

XCFun DFT library Copyright 2009-2020 Ulf Ekstrom and contributors.
See http://dftlibs.org/xcfun/ for more information.

This is free software; see the source code for copying conditions.
There is ABSOLUTELY NO WARRANTY; not even for MERCHANTABILITY or
FITNESS FOR A PARTICULAR PURPOSE. For details see the documentation.
Scientific users of this library should cite
U. Ekstrom, L. Visscher, R. Bast, A. J. Thorvaldsen and K. Ruud;
J.Chem.Theor.Comp. 2010, DOI: 10.1021/ct100117s

---------------------------------------------------------------------------

 MRCPP version         : 1.4.1
 Git branch            : HEAD
 Git commit hash       : 75d41879b1908a94a452
 Git commit author     : Stig Rune Jensen
 Git commit date       : Thu Jan 6 11:38:53 2022 +0100

 Linear algebra        : EIGEN v3.4.0
 Parallelization       : MPI/OpenMP (15 threads)

---------------------------------------------------------------------------


                                                                           
===========================================================================
                         MultiResolution Analysis
---------------------------------------------------------------------------
 polynomial order      : 9
 polynomial type       : Interpolating
---------------------------------------------------------------------------
 total boxes           : 8
 boxes                 : [          2           2           2 ]
 unit lengths          : [   64.00000    64.00000    64.00000 ]
 scaling factor        : [    1.00000     1.00000     1.00000 ]
 lower bounds          : [  -64.00000   -64.00000   -64.00000 ]
 upper bounds          : [   64.00000    64.00000    64.00000 ]
 total length          : [  128.00000   128.00000   128.00000 ]
===========================================================================


                                                                           
***************************************************************************
***                                                                     ***
***                        Initializing Molecule                        ***
***                                                                     ***
***************************************************************************
                                                                           
                                                                           
===========================================================================
                                 Molecule
---------------------------------------------------------------------------
 Charge                  :                                               0
 Multiplicity            :                                               1
---------------------------------------------------------------------------
    N    Atom            :               x               y               z
---------------------------------------------------------------------------
    0       C            :      -14.293722       -0.693129        8.745176
    1       O            :      -14.755943        0.921886        6.675662
    2       H            :      -14.339193       -2.746526        8.247313
    3       H            :      -15.622387       -0.402922       10.362829
    4       H            :      -12.365300       -0.275609        9.452344
    5       H            :      -16.449182        0.551059        6.059475
---------------------------------------------------------------------------
 Center of mass          :      -14.574888        0.110093        7.684806
===========================================================================


                                                                           
***************************************************************************
***                                                                     ***
***                 Computing Ground State Wavefunction                 ***
***                                                                     ***
***************************************************************************
                                                                           
                                                                           
~~~~~~~~~~~~~~~~~~~~~~~~~~~~~~~~~~~~~~~~~~~~~~~~~~~~~~~~~~~~~~~~~~~~~~~~~~~
 Calculation             : Compute initial orbitals
 Method                  : Diagonalize SAD Hamiltonian
 Precision               : 1.00000e-06
 Screening               : 1.20000e+01 StdDev
 Restricted              : True
 Functional              : LDA (SVWN5)
 AO basis                : 3-21G
~~~~~~~~~~~~~~~~~~~~~~~~~~~~~~~~~~~~~~~~~~~~~~~~~~~~~~~~~~~~~~~~~~~~~~~~~~~


===========================================================================
                            Molecular Orbitals
---------------------------------------------------------------------------
 Alpha electrons         :                                               9
 Beta electrons          :                                               9
 Total electrons         :                                              18
---------------------------------------------------------------------------
    n  Occ Spin          :                                            Norm
---------------------------------------------------------------------------
    0    2    p          :                              9.999999999996e-01
    1    2    p          :                              9.999999999999e-01
    2    2    p          :                              1.000000000000e+00
    3    2    p          :                              1.000000000038e+00
    4    2    p          :                              9.999999999997e-01
    5    2    p          :                              1.000000000023e+00
    6    2    p          :                              9.999999999093e-01
    7    2    p          :                              9.999999999127e-01
    8    2    p          :                              9.999999999731e-01
===========================================================================


~~~~~~~~~~~~~~~~~~~~~~~~~~~~~~~~~~~~~~~~~~~~~~~~~~~~~~~~~~~~~~~~~~~~~~~~~~~
 Calculation             : Compute initial energy
 Method                  : DFT (PBE)
 Relativity              : None
 Precision               : 1.00000e-06
 Localization            : On
~~~~~~~~~~~~~~~~~~~~~~~~~~~~~~~~~~~~~~~~~~~~~~~~~~~~~~~~~~~~~~~~~~~~~~~~~~~


===========================================================================
                        Molecular Energy (initial)
---------------------------------------------------------------------------
 Kinetic energy          :            (au)                115.704494514642
 E-N energy              :            (au)               -354.024839499588
 Coulomb energy          :            (au)                 98.935833540613
 Exchange energy         :            (au)                  0.000000000000
 X-C energy              :            (au)                -15.571609319600
 Ext. field (el)         :            (au)                  0.000000000000
---------------------------------------------------------------------------
 N-N energy              :            (au)                 40.115254449990
 Ext. field (nuc)        :            (au)                  0.000000000000
 Tot. Reac. Energy       :            (au)                  0.000000000000
 El. Reac. Energy        :            (au)                  0.000000000000
 Nuc. Reac. Energy       :            (au)                  0.000000000000
---------------------------------------------------------------------------
 Electronic energy       :            (au)               -154.956120763933
 Nuclear energy          :            (au)                 40.115254449990
---------------------------------------------------------------------------
 Total energy            :            (au)             -1.148408663139e+02
                         :      (kcal/mol)             -7.206373162161e+04
                         :        (kJ/mol)             -3.015146531048e+05
                         :            (eV)             -3.124979170093e+03
===========================================================================


===========================================================================
                        Orbital Energies (initial)
---------------------------------------------------------------------------
    n  Occ Spin          :                                         Epsilon
---------------------------------------------------------------------------
    0    2    p          :            (au)                -18.296724626193
    1    2    p          :            (au)                 -9.642733389233
    2    2    p          :            (au)                 -0.776837549383
    3    2    p          :            (au)                 -0.511938481588
    4    2    p          :            (au)                 -0.325902480647
    5    2    p          :            (au)                 -0.295230558194
    6    2    p          :            (au)                 -0.259868218433
    7    2    p          :            (au)                 -0.100216238945
    8    2    p          :            (au)                 -0.031204134449
---------------------------------------------------------------------------
 Sum occupied            :            (au)                -60.481311354131
===========================================================================


~~~~~~~~~~~~~~~~~~~~~~~~~~~~~~~~~~~~~~~~~~~~~~~~~~~~~~~~~~~~~~~~~~~~~~~~~~~
 Calculation             : Optimize ground state orbitals
 Method                  : DFT (PBE)
 Relativity              : None
 Checkpointing           : Off
 Max iterations          : 500
 KAIN solver             : 6
 Localization            : First two iterations
 Diagonalization         : Off
 Start precision         : 1.00000e-06
 Final precision         : 1.00000e-06
 Helmholtz precision     : Dynamic
 Energy threshold        : Off
 Orbital threshold       : 5.00000e-05
~~~~~~~~~~~~~~~~~~~~~~~~~~~~~~~~~~~~~~~~~~~~~~~~~~~~~~~~~~~~~~~~~~~~~~~~~~~


===========================================================================
 Iter           MO residual             Total energy                Update
---------------------------------------------------------------------------
    0          3.000000e+00        -114.840866313943         -1.148409e+02
    1          3.231907e-01        -115.561537440406         -7.206711e-01
    2          1.889664e-01        -115.621102174572         -5.956473e-02
    3          1.325669e-01        -115.628457762762         -7.355588e-03
    4          6.255679e-02        -115.641498754525         -1.304099e-02
    5          1.148412e-02        -115.642120512159         -6.217576e-04
    6          1.035961e-02        -115.642395787247         -2.752751e-04
    7          3.278003e-03        -115.642444697347         -4.891010e-05
    8          3.410065e-03        -115.642478478494         -3.378115e-05
    9          1.988684e-03        -115.642488430370         -9.951876e-06
   10          1.061131e-03        -115.642491806027         -3.375656e-06
   11          6.470451e-04        -115.642493199572         -1.393545e-06
   12          5.388377e-04        -115.642494084976         -8.854042e-07
   13          2.763337e-04        -115.642494357042         -2.720662e-07
   14          2.188570e-04        -115.642494482234         -1.251920e-07
   15          1.208636e-04        -115.642494531040         -4.880584e-08
   16          8.780629e-05        -115.642494554870         -2.383004e-08
   17          5.856801e-05        -115.642494566754         -1.188434e-08
---------------------------------------------------------------------------
                      SCF converged in 17 iterations!
===========================================================================


                                                                           
***************************************************************************
***                                                                     ***
***                    Printing Molecular Properties                    ***
***                                                                     ***
***************************************************************************
                                                                           
                                                                           
===========================================================================
                                 Molecule
---------------------------------------------------------------------------
 Charge                  :                                               0
 Multiplicity            :                                               1
---------------------------------------------------------------------------
    N    Atom            :               x               y               z
---------------------------------------------------------------------------
    0       C            :      -14.293722       -0.693129        8.745176
    1       O            :      -14.755943        0.921886        6.675662
    2       H            :      -14.339193       -2.746526        8.247313
    3       H            :      -15.622387       -0.402922       10.362829
    4       H            :      -12.365300       -0.275609        9.452344
    5       H            :      -16.449182        0.551059        6.059475
---------------------------------------------------------------------------
 Center of mass          :      -14.574888        0.110093        7.684806
===========================================================================


===========================================================================
                         Molecular Energy (final)
---------------------------------------------------------------------------
 Kinetic energy          :            (au)                115.131216586917
 E-N energy              :            (au)               -351.701588660057
 Coulomb energy          :            (au)                 96.146010154493
 Exchange energy         :            (au)                  0.000000000000
 X-C energy              :            (au)                -15.333387098098
 Ext. field (el)         :            (au)                  0.000000000000
---------------------------------------------------------------------------
 N-N energy              :            (au)                 40.115254449990
 Ext. field (nuc)        :            (au)                  0.000000000000
 Tot. Reac. Energy       :            (au)                  0.000000000000
 El. Reac. Energy        :            (au)                  0.000000000000
 Nuc. Reac. Energy       :            (au)                  0.000000000000
---------------------------------------------------------------------------
 Electronic energy       :            (au)               -155.757749016744
 Nuclear energy          :            (au)                 40.115254449990
---------------------------------------------------------------------------
 Total energy            :            (au)             -1.156424945668e+02
                         :      (kcal/mol)             -7.256676094492e+04
                         :        (kJ/mol)             -3.036193277936e+05
                         :            (eV)             -3.146792586106e+03
===========================================================================


===========================================================================
                         Orbital Energies (final)
---------------------------------------------------------------------------
    n  Occ Spin          :                                         Epsilon
---------------------------------------------------------------------------
    0    2    p          :            (au)                -18.756810152991
    1    2    p          :            (au)                 -9.928759811991
    2    2    p          :            (au)                 -0.938931706235
    3    2    p          :            (au)                 -0.614507126253
    4    2    p          :            (au)                 -0.461624688385
    5    2    p          :            (au)                 -0.387502680967
    6    2    p          :            (au)                 -0.380455834350
    7    2    p          :            (au)                 -0.294730201235
    8    2    p          :            (au)                 -0.232753368212
---------------------------------------------------------------------------
 Sum occupied            :            (au)                -63.992151141242
===========================================================================


===========================================================================
                           Dipole Moment (dip-1)
---------------------------------------------------------------------------
 r_O                     :        0.000000        0.000000        0.000000
---------------------------------------------------------------------------
 Electronic vector       :      262.170429       -0.744106     -139.805243
 Magnitude               :            (au)                      297.118484
                         :         (Debye)                      755.199858
---------------------------------------------------------------------------
 Nuclear vector          :     -262.585941        0.342316      139.998311
 Magnitude               :            (au)                      297.575236
                         :         (Debye)                      756.360806
---------------------------------------------------------------------------
 Total vector            :       -0.415513       -0.401790        0.193068
 Magnitude               :            (au)                        0.609394
                         :         (Debye)                        1.548925
===========================================================================


                                                                           
                                                                           
***************************************************************************
***                                                                     ***
***                            Exiting MRChem                           ***
***                                                                     ***
***                       Wall time :  0h  2m 58s                       ***
***                                                                     ***
***************************************************************************
                                                                           
                                                                           
