Starting job 382819 on b[3237-3244] at Thu Jun 23 10:26:46 CEST 2022

Copying Fe-MeOH_Complex_mw6.out to /cluster/home/ambr/projects/zora/reaction_energies/calcs_nrel
Copying Fe-MeOH_Complex_mw6.json to /cluster/home/ambr/projects/zora/reaction_energies/calcs_nrel

Task and CPU usage stats:
JobID           JobName  AllocCPUS   NTasks     MinCPU MinCPUTask     AveCPU    Elapsed ExitCode 
------------ ---------- ---------- -------- ---------- ---------- ---------- ---------- -------- 
382819       Fe-MeOH_C+       1024                                             01:24:51      0:0 
382819.batch      batch        128        1 2-16:00:13          0 2-16:00:13   01:24:51      0:0 
382819.exte+     extern       1024        8   00:00:00          5   00:00:00   01:24:53      0:0 
382819.0          orted        896        7 2-08:01:24          6 2-15:49:05   01:21:59      0:0 

Memory usage stats:
JobID            MaxRSS MaxRSSTask     AveRSS MaxPages   MaxPagesTask   AvePages 
------------ ---------- ---------- ---------- -------- -------------- ---------- 
382819                                                                           
382819.batch 190413407K          0 190413407K     1956              0          0 
382819.exte+       855K          7       852K        1              5          1 
382819.0     202328213K          4 198230627+     1838              6       1513 

Disk usage stats:
JobID         MaxDiskRead MaxDiskReadTask    AveDiskRead MaxDiskWrite MaxDiskWriteTask   AveDiskWrite 
------------ ------------ --------------- -------------- ------------ ---------------- -------------- 
382819                                                                                                
382819.batch    19405.31M               0      19405.31M    22072.30M                0      22072.30M 
382819.exte+        0.00M               5          0.00M            0                5              0 
382819.0           46.94M               1         46.78M     3129.02M                5       2701.34M 

Job 382819 completed at Thu Jun 23 11:51:40 CEST 2022
