Starting job 382821 on b[2133-2135,2137,2142-2145] at Thu Jun 23 10:26:47 CEST 2022

Copying Fe-MeOH_Fragment2_mw6.out to /cluster/home/ambr/projects/zora/reaction_energies/calcs_nrel
Copying Fe-MeOH_Fragment2_mw6.json to /cluster/home/ambr/projects/zora/reaction_energies/calcs_nrel

Task and CPU usage stats:
JobID           JobName  AllocCPUS   NTasks     MinCPU MinCPUTask     AveCPU    Elapsed ExitCode 
------------ ---------- ---------- -------- ---------- ---------- ---------- ---------- -------- 
382821       Fe-MeOH_F+       1024                                             00:03:17      0:0 
382821.batch      batch        128        1   03:27:57          0   03:27:57   00:03:17      0:0 
382821.exte+     extern       1024        8   00:00:00          7   00:00:00   00:03:17      0:0 
382821.0          orted        896        7   00:49:00          6   00:51:31   00:03:03      0:0 

Memory usage stats:
JobID            MaxRSS MaxRSSTask     AveRSS MaxPages   MaxPagesTask   AvePages 
------------ ---------- ---------- ---------- -------- -------------- ---------- 
382821                                                                           
382821.batch  21236376K          0  21236376K     1015              0          0 
382821.exte+       861K          2    859.50K        3              7          3 
382821.0      14532842K          0 138329485+      793              5        777 

Disk usage stats:
JobID         MaxDiskRead MaxDiskReadTask    AveDiskRead MaxDiskWrite MaxDiskWriteTask   AveDiskWrite 
------------ ------------ --------------- -------------- ------------ ---------------- -------------- 
382821                                                                                                
382821.batch      145.01M               0        145.01M      596.45M                0        596.45M 
382821.exte+        0.00M               7          0.00M            0                7              0 
382821.0           45.53M               1         45.52M       98.48M                0         98.47M 

Job 382821 completed at Thu Jun 23 10:30:04 CEST 2022
