Starting job 382823 on b[1382-1383,1385-1390] at Thu Jun 23 10:26:46 CEST 2022

Copying Ni-Alkene1_Fragment2_mw6.out to /cluster/home/ambr/projects/zora/reaction_energies/calcs_nrel
Copying Ni-Alkene1_Fragment2_mw6.json to /cluster/home/ambr/projects/zora/reaction_energies/calcs_nrel

Task and CPU usage stats:
JobID           JobName  AllocCPUS   NTasks     MinCPU MinCPUTask     AveCPU    Elapsed ExitCode 
------------ ---------- ---------- -------- ---------- ---------- ---------- ---------- -------- 
382823       Ni-Alkene+       1024                                             00:02:56      0:0 
382823.batch      batch        128        1   03:09:38          0   03:09:38   00:02:56      0:0 
382823.exte+     extern       1024        8   00:00:00          1   00:00:00   00:02:56      0:0 
382823.0          orted        896        7   00:42:21          5   00:42:29   00:02:48      0:0 

Memory usage stats:
JobID            MaxRSS MaxRSSTask     AveRSS MaxPages   MaxPagesTask   AvePages 
------------ ---------- ---------- ---------- -------- -------------- ---------- 
382823                                                                           
382823.batch  22975278K          0  22975278K     1021              0       1021 
382823.exte+       856K          1     872704        3              1          1 
382823.0      12954299K          6 132311117+      801              6        778 

Disk usage stats:
JobID         MaxDiskRead MaxDiskReadTask    AveDiskRead MaxDiskWrite MaxDiskWriteTask   AveDiskWrite 
------------ ------------ --------------- -------------- ------------ ---------------- -------------- 
382823                                                                                                
382823.batch       55.88M               0         55.88M       98.58M                0         98.58M 
382823.exte+        0.00M               1          0.00M            0                1              0 
382823.0           45.51M               6         45.51M       98.48M                0         98.47M 

Job 382823 completed at Thu Jun 23 10:29:43 CEST 2022
