                                                                           
                                                                           
***************************************************************************
***                                                                     ***
***                                                                     ***
***          __  __ ____   ____ _                                       ***
***         |  \/  |  _ \ / ___| |__   ___ _ __ ___                     ***
***         | |\/| | |_) | |   | '_ \ / _ \ '_ ` _ \                    ***
***         | |  | |  _ <| |___| | | |  __/ | | | | |                   ***
***         |_|  |_|_| \_\\____|_| |_|\___|_| |_| |_|                   ***
***                                                                     ***
***         VERSION            1.1.0-alpha                              ***
***                                                                     ***
***         Git branch         master                                   ***
***         Git commit hash    f6df85f5f746c23b4022                     ***
***         Git commit author  Stig Rune Jensen                         ***
***         Git commit date    Thu May 19 15:46:21 2022 +0200           ***
***                                                                     ***
***         Contact: luca.frediani@uit.no                               ***
***                                                                     ***
***         Radovan Bast            Magnar Bjorgve                      ***
***         Roberto Di Remigio      Antoine Durdek                      ***
***         Luca Frediani           Gabriel Gerez                       ***
***         Stig Rune Jensen        Jonas Juselius                      ***
***         Rune Monstad            Peter Wind                          ***
***                                                                     ***
***************************************************************************

---------------------------------------------------------------------------

 MPI processes           :       (32 bank)                              96
 OpenMP threads          :                                              15
 Total cores             :                                             992
                                                                           
---------------------------------------------------------------------------

XCFun DFT library Copyright 2009-2020 Ulf Ekstrom and contributors.
See http://dftlibs.org/xcfun/ for more information.

This is free software; see the source code for copying conditions.
There is ABSOLUTELY NO WARRANTY; not even for MERCHANTABILITY or
FITNESS FOR A PARTICULAR PURPOSE. For details see the documentation.
Scientific users of this library should cite
U. Ekstrom, L. Visscher, R. Bast, A. J. Thorvaldsen and K. Ruud;
J.Chem.Theor.Comp. 2010, DOI: 10.1021/ct100117s

---------------------------------------------------------------------------

 MRCPP version         : 1.4.1
 Git branch            : HEAD
 Git commit hash       : 75d41879b1908a94a452
 Git commit author     : Stig Rune Jensen
 Git commit date       : Thu Jan 6 11:38:53 2022 +0100

 Linear algebra        : EIGEN v3.4.0
 Parallelization       : MPI/OpenMP (15 threads)

---------------------------------------------------------------------------


                                                                           
===========================================================================
                         MultiResolution Analysis
---------------------------------------------------------------------------
 polynomial order      : 9
 polynomial type       : Interpolating
---------------------------------------------------------------------------
 total boxes           : 8
 boxes                 : [          2           2           2 ]
 unit lengths          : [   64.00000    64.00000    64.00000 ]
 scaling factor        : [    1.00000     1.00000     1.00000 ]
 lower bounds          : [  -64.00000   -64.00000   -64.00000 ]
 upper bounds          : [   64.00000    64.00000    64.00000 ]
 total length          : [  128.00000   128.00000   128.00000 ]
===========================================================================


                                                                           
***************************************************************************
***                                                                     ***
***                        Initializing Molecule                        ***
***                                                                     ***
***************************************************************************
                                                                           
                                                                           
===========================================================================
                                 Molecule
---------------------------------------------------------------------------
 Charge                  :                                               0
 Multiplicity            :                                               1
---------------------------------------------------------------------------
    N    Atom            :               x               y               z
---------------------------------------------------------------------------
    0      Ni            :       -0.413209        4.885626       -1.507002
    1       C            :        1.373738        3.610471        1.106348
    2       C            :       -1.763664        2.318552       -3.263595
    3       C            :       -2.923667        6.952338       -0.465748
    4       O            :       -2.664274        0.647048       -4.348256
    5       O            :        2.436494        2.769787        2.822831
    6       O            :       -4.558225        8.206240        0.267944
    7       C            :        2.226657        7.708832       -2.682595
    8       C            :        1.710633        6.136436       -4.719874
    9       H            :        1.289307        9.556415       -2.499873
   10       H            :        3.958303        7.459199       -1.557975
   11       H            :        0.326821        6.690766       -6.170933
   12       H            :        3.004470        4.587786       -5.225350
---------------------------------------------------------------------------
 Center of mass          :       -0.495894        4.814710       -1.432046
===========================================================================


                                                                           
***************************************************************************
***                                                                     ***
***                 Computing Ground State Wavefunction                 ***
***                                                                     ***
***************************************************************************
                                                                           
                                                                           
~~~~~~~~~~~~~~~~~~~~~~~~~~~~~~~~~~~~~~~~~~~~~~~~~~~~~~~~~~~~~~~~~~~~~~~~~~~
 Calculation             : Compute initial orbitals
 Method                  : Diagonalize SAD Hamiltonian
 Precision               : 1.00000e-06
 Screening               : 1.20000e+01 StdDev
 Restricted              : True
 Functional              : LDA (SVWN5)
 AO basis                : 3-21G
~~~~~~~~~~~~~~~~~~~~~~~~~~~~~~~~~~~~~~~~~~~~~~~~~~~~~~~~~~~~~~~~~~~~~~~~~~~


===========================================================================
                            Molecular Orbitals
---------------------------------------------------------------------------
 Alpha electrons         :                                              43
 Beta electrons          :                                              43
 Total electrons         :                                              86
---------------------------------------------------------------------------
    n  Occ Spin          :                                            Norm
---------------------------------------------------------------------------
    0    2    p          :                              1.000000000001e+00
    1    2    p          :                              9.999999999942e-01
    2    2    p          :                              9.999999999983e-01
    3    2    p          :                              9.999999999900e-01
    4    2    p          :                              9.999999999975e-01
    5    2    p          :                              9.999999999709e-01
    6    2    p          :                              1.000000000174e+00
    7    2    p          :                              1.000000000048e+00
    8    2    p          :                              9.999999881543e-01
    9    2    p          :                              9.999999968998e-01
   10    2    p          :                              1.000000000001e+00
   11    2    p          :                              1.000000000009e+00
   12    2    p          :                              9.999999998988e-01
   13    2    p          :                              9.999999999749e-01
   14    2    p          :                              1.000000000011e+00
   15    2    p          :                              1.000000000049e+00
   16    2    p          :                              1.000000000145e+00
   17    2    p          :                              9.999999989437e-01
   18    2    p          :                              9.999999963171e-01
   19    2    p          :                              9.999999999235e-01
   20    2    p          :                              1.000000000033e+00
   21    2    p          :                              1.000000000247e+00
   22    2    p          :                              1.000000001067e+00
   23    2    p          :                              1.000000008771e+00
   24    2    p          :                              9.999999838269e-01
   25    2    p          :                              1.000000004998e+00
   26    2    p          :                              1.000000002244e+00
   27    2    p          :                              1.000000013715e+00
   28    2    p          :                              9.999999886213e-01
   29    2    p          :                              9.999999980064e-01
   30    2    p          :                              9.999999945561e-01
   31    2    p          :                              9.999999987677e-01
   32    2    p          :                              1.000000000586e+00
   33    2    p          :                              9.999999995809e-01
   34    2    p          :                              9.999989976758e-01
   35    2    p          :                              1.000000001048e+00
   36    2    p          :                              9.999999997140e-01
   37    2    p          :                              9.999999922671e-01
   38    2    p          :                              1.000000003243e+00
   39    2    p          :                              9.999999957148e-01
   40    2    p          :                              9.999998997719e-01
   41    2    p          :                              9.999999494943e-01
   42    2    p          :                              9.999999994750e-01
===========================================================================


~~~~~~~~~~~~~~~~~~~~~~~~~~~~~~~~~~~~~~~~~~~~~~~~~~~~~~~~~~~~~~~~~~~~~~~~~~~
 Calculation             : Compute initial energy
 Method                  : DFT (PBE)
 Relativity              : None
 Precision               : 1.00000e-06
 Localization            : On
~~~~~~~~~~~~~~~~~~~~~~~~~~~~~~~~~~~~~~~~~~~~~~~~~~~~~~~~~~~~~~~~~~~~~~~~~~~


===========================================================================
                        Molecular Energy (initial)
---------------------------------------------------------------------------
 Kinetic energy          :            (au)               1903.416502475509
 E-N energy              :            (au)              -5820.814666336576
 Coulomb energy          :            (au)               1470.521222772118
 Exchange energy         :            (au)                  0.000000000000
 X-C energy              :            (au)               -115.467928801273
 Ext. field (el)         :            (au)                  0.000000000000
---------------------------------------------------------------------------
 N-N energy              :            (au)                646.322249214860
 Ext. field (nuc)        :            (au)                  0.000000000000
 Tot. Reac. Energy       :            (au)                  0.000000000000
 El. Reac. Energy        :            (au)                  0.000000000000
 Nuc. Reac. Energy       :            (au)                  0.000000000000
---------------------------------------------------------------------------
 Electronic energy       :            (au)              -2562.344869890221
 Nuclear energy          :            (au)                646.322249214860
---------------------------------------------------------------------------
 Total energy            :            (au)             -1.916022620675e+03
                         :      (kcal/mol)             -1.202322346993e+06
                         :        (kJ/mol)             -5.030516699818e+06
                         :            (eV)             -5.213763158725e+04
===========================================================================


===========================================================================
                        Orbital Energies (initial)
---------------------------------------------------------------------------
    n  Occ Spin          :                                         Epsilon
---------------------------------------------------------------------------
    0    2    p          :            (au)               -297.744674151336
    1    2    p          :            (au)                -36.391041434240
    2    2    p          :            (au)                -31.853523228510
    3    2    p          :            (au)                -31.839384702281
    4    2    p          :            (au)                -31.834368661445
    5    2    p          :            (au)                -18.847864583124
    6    2    p          :            (au)                -18.775333365105
    7    2    p          :            (au)                -18.516844078388
    8    2    p          :            (au)                -10.040090167237
    9    2    p          :            (au)                 -9.863053327621
   10    2    p          :            (au)                 -9.813137254260
   11    2    p          :            (au)                 -9.568503678579
   12    2    p          :            (au)                 -9.523715558659
   13    2    p          :            (au)                 -4.681839022664
   14    2    p          :            (au)                 -3.284612831904
   15    2    p          :            (au)                 -3.259596607232
   16    2    p          :            (au)                 -3.253615200456
   17    2    p          :            (au)                 -1.144472654710
   18    2    p          :            (au)                 -1.067398918589
   19    2    p          :            (au)                 -0.937465308532
   20    2    p          :            (au)                 -0.800356213503
   21    2    p          :            (au)                 -0.769397859628
   22    2    p          :            (au)                 -0.720190043008
   23    2    p          :            (au)                 -0.700074779513
   24    2    p          :            (au)                 -0.656991868188
   25    2    p          :            (au)                 -0.598637917782
   26    2    p          :            (au)                 -0.552788239595
   27    2    p          :            (au)                 -0.511697505929
   28    2    p          :            (au)                 -0.478849492030
   29    2    p          :            (au)                 -0.476066353791
   30    2    p          :            (au)                 -0.467923168317
   31    2    p          :            (au)                 -0.428889287913
   32    2    p          :            (au)                 -0.421653799240
   33    2    p          :            (au)                 -0.409778388581
   34    2    p          :            (au)                 -0.400748443063
   35    2    p          :            (au)                 -0.350978386780
   36    2    p          :            (au)                 -0.317273719753
   37    2    p          :            (au)                 -0.296897817958
   38    2    p          :            (au)                 -0.285180218615
   39    2    p          :            (au)                 -0.277879516953
   40    2    p          :            (au)                 -0.250025742611
   41    2    p          :            (au)                 -0.224007886257
   42    2    p          :            (au)                 -0.166037790146
---------------------------------------------------------------------------
 Sum occupied            :            (au)              -1125.605718348049
===========================================================================


~~~~~~~~~~~~~~~~~~~~~~~~~~~~~~~~~~~~~~~~~~~~~~~~~~~~~~~~~~~~~~~~~~~~~~~~~~~
 Calculation             : Optimize ground state orbitals
 Method                  : DFT (PBE)
 Relativity              : None
 Checkpointing           : Off
 Max iterations          : 500
 KAIN solver             : 6
 Localization            : First two iterations
 Diagonalization         : Off
 Start precision         : 1.00000e-06
 Final precision         : 1.00000e-06
 Helmholtz precision     : Dynamic
 Energy threshold        : Off
 Orbital threshold       : 5.00000e-05
~~~~~~~~~~~~~~~~~~~~~~~~~~~~~~~~~~~~~~~~~~~~~~~~~~~~~~~~~~~~~~~~~~~~~~~~~~~


===========================================================================
 Iter           MO residual             Total energy                Update
---------------------------------------------------------------------------
    0          6.557439e+00       -1916.022620675361         -1.916023e+03
    1          4.957502e-01       -1926.019757716210         -9.997137e+00
    2          2.246264e-01       -1926.413053580086         -3.932959e-01
    3          1.356568e-01       -1926.494562210713         -8.150863e-02
    4          7.268495e-02       -1926.535387921157         -4.082571e-02
    5          5.934591e-02       -1926.552873056349         -1.748514e-02
    6          6.162106e-02       -1926.569193488756         -1.632043e-02
    7          2.622727e-02       -1926.572767857542         -3.574369e-03
    8          3.357937e-02       -1926.576156390527         -3.388533e-03
    9          2.105436e-02       -1926.577085101757         -9.287112e-04
   10          1.798331e-02       -1926.578220253510         -1.135152e-03
   11          1.023369e-02       -1926.578561616444         -3.413629e-04
   12          1.180793e-02       -1926.578835719572         -2.741031e-04
   13          7.315955e-03       -1926.578982576735         -1.468572e-04
   14          7.248679e-03       -1926.579121419923         -1.388432e-04
   15          6.435950e-03       -1926.579237640132         -1.162202e-04
   16          5.128013e-03       -1926.579302526633         -6.488650e-05
   17          3.955190e-03       -1926.579354804135         -5.227750e-05
   18          3.398791e-03       -1926.579389506106         -3.470197e-05
   19          4.068566e-03       -1926.579425730459         -3.622435e-05
   20          2.906953e-03       -1926.579436790360         -1.105990e-05
   21          2.585021e-03       -1926.579453708333         -1.691797e-05
   22          2.120953e-03       -1926.579465616979         -1.190865e-05
   23          2.115046e-03       -1926.579473905758         -8.288779e-06
   24          1.556378e-03       -1926.579478976247         -5.070489e-06
   25          1.325342e-03       -1926.579483208005         -4.231758e-06
   26          1.195656e-03       -1926.579487126439         -3.918434e-06
   27          1.135264e-03       -1926.579488898340         -1.771901e-06
   28          8.600072e-04       -1926.579490345629         -1.447289e-06
   29          7.396983e-04       -1926.579491918489         -1.572861e-06
   30          8.376802e-04       -1926.579493275408         -1.356919e-06
   31          5.908027e-04       -1926.579494036299         -7.608905e-07
   32          4.748961e-04       -1926.579494657399         -6.211003e-07
   33          4.584722e-04       -1926.579495246257         -5.888578e-07
   34          4.438057e-04       -1926.579495677202         -4.309450e-07
   35          4.656872e-04       -1926.579495922821         -2.456186e-07
   36          3.688503e-04       -1926.579496223724         -3.009031e-07
   37          4.511687e-04       -1926.579496612947         -3.892233e-07
   38          2.898330e-04       -1926.579496794412         -1.814651e-07
   39          2.582271e-04       -1926.579496917592         -1.231801e-07
   40          2.064252e-04       -1926.579497055178         -1.375861e-07
   41          2.243027e-04       -1926.579497148171         -9.299265e-08
   42          1.985122e-04       -1926.579497217430         -6.925893e-08
   43          1.635363e-04       -1926.579497263516         -4.608592e-08
   44          1.926783e-04       -1926.579497346313         -8.279676e-08
   45          1.411421e-04       -1926.579497390724         -4.441154e-08
   46          1.376183e-04       -1926.579497432450         -4.172580e-08
   47          1.226975e-04       -1926.579497469125         -3.667492e-08
   48          1.193944e-04       -1926.579497506375         -3.725063e-08
   49          1.142354e-04       -1926.579497531040         -2.466459e-08
---------------------------------------------------------------------------
                      SCF converged in 49 iterations!
===========================================================================


                                                                           
***************************************************************************
***                                                                     ***
***                    Printing Molecular Properties                    ***
***                                                                     ***
***************************************************************************
                                                                           
                                                                           
===========================================================================
                                 Molecule
---------------------------------------------------------------------------
 Charge                  :                                               0
 Multiplicity            :                                               1
---------------------------------------------------------------------------
    N    Atom            :               x               y               z
---------------------------------------------------------------------------
    0      Ni            :       -0.413209        4.885626       -1.507002
    1       C            :        1.373738        3.610471        1.106348
    2       C            :       -1.763664        2.318552       -3.263595
    3       C            :       -2.923667        6.952338       -0.465748
    4       O            :       -2.664274        0.647048       -4.348256
    5       O            :        2.436494        2.769787        2.822831
    6       O            :       -4.558225        8.206240        0.267944
    7       C            :        2.226657        7.708832       -2.682595
    8       C            :        1.710633        6.136436       -4.719874
    9       H            :        1.289307        9.556415       -2.499873
   10       H            :        3.958303        7.459199       -1.557975
   11       H            :        0.326821        6.690766       -6.170933
   12       H            :        3.004470        4.587786       -5.225350
---------------------------------------------------------------------------
 Center of mass          :       -0.495894        4.814710       -1.432046
===========================================================================


===========================================================================
                         Molecular Energy (final)
---------------------------------------------------------------------------
 Kinetic energy          :            (au)               1923.744811952356
 E-N energy              :            (au)              -5874.962573922042
 Coulomb energy          :            (au)               1494.867962169397
 Exchange energy         :            (au)                  0.000000000000
 X-C energy              :            (au)               -116.551946945611
 Ext. field (el)         :            (au)                  0.000000000000
---------------------------------------------------------------------------
 N-N energy              :            (au)                646.322249214860
 Ext. field (nuc)        :            (au)                  0.000000000000
 Tot. Reac. Energy       :            (au)                  0.000000000000
 El. Reac. Energy        :            (au)                  0.000000000000
 Nuc. Reac. Energy       :            (au)                  0.000000000000
---------------------------------------------------------------------------
 Electronic energy       :            (au)              -2572.901746745900
 Nuclear energy          :            (au)                646.322249214860
---------------------------------------------------------------------------
 Total energy            :            (au)             -1.926579497531e+03
                         :      (kcal/mol)             -1.208946887236e+06
                         :        (kJ/mol)             -5.058233776197e+06
                         :            (eV)             -5.242489884092e+04
===========================================================================


===========================================================================
                         Orbital Energies (final)
---------------------------------------------------------------------------
    n  Occ Spin          :                                         Epsilon
---------------------------------------------------------------------------
    0    2    p          :            (au)               -298.374760454592
    1    2    p          :            (au)                -35.278920089392
    2    2    p          :            (au)                -30.787144812132
    3    2    p          :            (au)                -30.782320619970
    4    2    p          :            (au)                -30.780428512970
    5    2    p          :            (au)                -18.833815940570
    6    2    p          :            (au)                -18.832657240535
    7    2    p          :            (au)                -18.832540219660
    8    2    p          :            (au)                -10.004440365885
    9    2    p          :            (au)                -10.000714467026
   10    2    p          :            (au)                -10.000691165642
   11    2    p          :            (au)                 -9.921776482063
   12    2    p          :            (au)                 -9.921346539115
   13    2    p          :            (au)                 -3.868152625698
   14    2    p          :            (au)                 -2.504737933584
   15    2    p          :            (au)                 -2.497169553615
   16    2    p          :            (au)                 -2.492522907428
   17    2    p          :            (au)                 -1.043987588724
   18    2    p          :            (au)                 -1.042447004602
   19    2    p          :            (au)                 -1.042278178757
   20    2    p          :            (au)                 -0.718882065139
   21    2    p          :            (au)                 -0.549331738660
   22    2    p          :            (au)                 -0.527686634654
   23    2    p          :            (au)                 -0.509272731532
   24    2    p          :            (au)                 -0.509057870452
   25    2    p          :            (au)                 -0.443472895150
   26    2    p          :            (au)                 -0.433404730416
   27    2    p          :            (au)                 -0.418327172521
   28    2    p          :            (au)                 -0.418247627512
   29    2    p          :            (au)                 -0.415642934650
   30    2    p          :            (au)                 -0.410834653130
   31    2    p          :            (au)                 -0.408975503904
   32    2    p          :            (au)                 -0.407390780365
   33    2    p          :            (au)                 -0.404647319691
   34    2    p          :            (au)                 -0.400123906533
   35    2    p          :            (au)                 -0.399230131055
   36    2    p          :            (au)                 -0.336103270314
   37    2    p          :            (au)                 -0.307817214975
   38    2    p          :            (au)                 -0.269839079221
   39    2    p          :            (au)                 -0.265384095233
   40    2    p          :            (au)                 -0.234191535119
   41    2    p          :            (au)                 -0.226497733610
   42    2    p          :            (au)                 -0.218259725197
---------------------------------------------------------------------------
 Sum occupied            :            (au)              -1112.150948101982
===========================================================================


===========================================================================
                           Dipole Moment (dip-1)
---------------------------------------------------------------------------
 r_O                     :        0.000000        0.000000        0.000000
---------------------------------------------------------------------------
 Electronic vector       :       38.034556     -418.021596      127.376118
 Magnitude               :            (au)                      438.649470
                         :         (Debye)                     1114.935743
---------------------------------------------------------------------------
 Nuclear vector          :      -37.536826      418.436065     -127.862808
 Magnitude               :            (au)                      439.143088
                         :         (Debye)                     1116.190395
---------------------------------------------------------------------------
 Total vector            :        0.497730        0.414470       -0.486690
 Magnitude               :            (au)                        0.810177
                         :         (Debye)                        2.059265
===========================================================================


                                                                           
                                                                           
***************************************************************************
***                                                                     ***
***                            Exiting MRChem                           ***
***                                                                     ***
***                       Wall time :  0h 24m 54s                       ***
***                                                                     ***
***************************************************************************
                                                                           
                                                                           
