Starting job 382822 on b[1349-1351,1353,1378-1381] at Thu Jun 23 10:26:46 CEST 2022

Copying Ni-Alkene1_Complex_mw6.out to /cluster/home/ambr/projects/zora/reaction_energies/calcs_nrel
Copying Ni-Alkene1_Complex_mw6.json to /cluster/home/ambr/projects/zora/reaction_energies/calcs_nrel

Task and CPU usage stats:
JobID           JobName  AllocCPUS   NTasks     MinCPU MinCPUTask     AveCPU    Elapsed ExitCode 
------------ ---------- ---------- -------- ---------- ---------- ---------- ---------- -------- 
382822       Ni-Alkene+       1024                                             00:25:36      0:0 
382822.batch      batch        128        1   16:55:40          0   16:55:40   00:25:36      0:0 
382822.exte+     extern       1024        8   00:00:00          3   00:00:00   00:25:37      0:0 
382822.0          orted        896        7   06:17:58          6   14:53:33   00:24:58      0:0 

Memory usage stats:
JobID            MaxRSS MaxRSSTask     AveRSS MaxPages   MaxPagesTask   AvePages 
------------ ---------- ---------- ---------- -------- -------------- ---------- 
382822                                                                           
382822.batch  50725265K          0  50725265K     1222              0          0 
382822.exte+       861K          2     782208        3              3          2 
382822.0      53433757K          2 476849845+     1184              5        994 

Disk usage stats:
JobID         MaxDiskRead MaxDiskReadTask    AveDiskRead MaxDiskWrite MaxDiskWriteTask   AveDiskWrite 
------------ ------------ --------------- -------------- ------------ ---------------- -------------- 
382822                                                                                                
382822.batch     3661.65M               0       3661.65M     4167.55M                0       4167.55M 
382822.exte+        0.00M               3          0.00M            0                3              0 
382822.0           46.09M               4         46.04M      902.23M                2        517.69M 

Job 382822 completed at Thu Jun 23 10:52:23 CEST 2022
