                                                                           
                                                                           
***************************************************************************
***                                                                     ***
***                                                                     ***
***          __  __ ____   ____ _                                       ***
***         |  \/  |  _ \ / ___| |__   ___ _ __ ___                     ***
***         | |\/| | |_) | |   | '_ \ / _ \ '_ ` _ \                    ***
***         | |  | |  _ <| |___| | | |  __/ | | | | |                   ***
***         |_|  |_|_| \_\\____|_| |_|\___|_| |_| |_|                   ***
***                                                                     ***
***         VERSION            1.1.0-alpha                              ***
***                                                                     ***
***         Git branch         master                                   ***
***         Git commit hash    f6df85f5f746c23b4022                     ***
***         Git commit author  Stig Rune Jensen                         ***
***         Git commit date    Thu May 19 15:46:21 2022 +0200           ***
***                                                                     ***
***         Contact: luca.frediani@uit.no                               ***
***                                                                     ***
***         Radovan Bast            Magnar Bjorgve                      ***
***         Roberto Di Remigio      Antoine Durdek                      ***
***         Luca Frediani           Gabriel Gerez                       ***
***         Stig Rune Jensen        Jonas Juselius                      ***
***         Rune Monstad            Peter Wind                          ***
***                                                                     ***
***************************************************************************

---------------------------------------------------------------------------

 MPI processes           :       (32 bank)                              96
 OpenMP threads          :                                              15
 Total cores             :                                             992
                                                                           
---------------------------------------------------------------------------

XCFun DFT library Copyright 2009-2020 Ulf Ekstrom and contributors.
See http://dftlibs.org/xcfun/ for more information.

This is free software; see the source code for copying conditions.
There is ABSOLUTELY NO WARRANTY; not even for MERCHANTABILITY or
FITNESS FOR A PARTICULAR PURPOSE. For details see the documentation.
Scientific users of this library should cite
U. Ekstrom, L. Visscher, R. Bast, A. J. Thorvaldsen and K. Ruud;
J.Chem.Theor.Comp. 2010, DOI: 10.1021/ct100117s

---------------------------------------------------------------------------

 MRCPP version         : 1.4.1
 Git branch            : HEAD
 Git commit hash       : 75d41879b1908a94a452
 Git commit author     : Stig Rune Jensen
 Git commit date       : Thu Jan 6 11:38:53 2022 +0100

 Linear algebra        : EIGEN v3.4.0
 Parallelization       : MPI/OpenMP (15 threads)

---------------------------------------------------------------------------


                                                                           
===========================================================================
                         MultiResolution Analysis
---------------------------------------------------------------------------
 polynomial order      : 9
 polynomial type       : Interpolating
---------------------------------------------------------------------------
 total boxes           : 8
 boxes                 : [          2           2           2 ]
 unit lengths          : [   64.00000    64.00000    64.00000 ]
 scaling factor        : [    1.00000     1.00000     1.00000 ]
 lower bounds          : [  -64.00000   -64.00000   -64.00000 ]
 upper bounds          : [   64.00000    64.00000    64.00000 ]
 total length          : [  128.00000   128.00000   128.00000 ]
===========================================================================


                                                                           
***************************************************************************
***                                                                     ***
***                        Initializing Molecule                        ***
***                                                                     ***
***************************************************************************
                                                                           
                                                                           
===========================================================================
                                 Molecule
---------------------------------------------------------------------------
 Charge                  :                                               0
 Multiplicity            :                                               1
---------------------------------------------------------------------------
    N    Atom            :               x               y               z
---------------------------------------------------------------------------
    0      Ni            :       -0.156345        4.610180       -1.808821
    1       C            :        2.107258        3.179997        0.255548
    2       C            :       -2.224914        2.348879       -3.234950
    3       C            :       -1.855668        7.125269       -0.315454
    4       O            :       -3.657593        0.826502       -3.896404
    5       O            :        3.347219        2.165316        1.755161
    6       O            :       -3.057652        8.559104        0.827545
    7       H            :        5.212159        7.321171       -2.698096
    8       H            :        4.854697        8.828859       -5.763884
    9       C            :        3.831728        8.080252       -4.089432
   10       H            :        2.871293        4.829826       -5.629770
   11       O            :        1.999128        6.233027       -4.815752
   12       H            :        2.783260        9.646254       -3.186528
---------------------------------------------------------------------------
 Center of mass          :        0.040570        4.777970       -1.775746
===========================================================================


                                                                           
***************************************************************************
***                                                                     ***
***                 Computing Ground State Wavefunction                 ***
***                                                                     ***
***************************************************************************
                                                                           
                                                                           
~~~~~~~~~~~~~~~~~~~~~~~~~~~~~~~~~~~~~~~~~~~~~~~~~~~~~~~~~~~~~~~~~~~~~~~~~~~
 Calculation             : Compute initial orbitals
 Method                  : Diagonalize SAD Hamiltonian
 Precision               : 1.00000e-06
 Screening               : 1.20000e+01 StdDev
 Restricted              : True
 Functional              : LDA (SVWN5)
 AO basis                : 3-21G
~~~~~~~~~~~~~~~~~~~~~~~~~~~~~~~~~~~~~~~~~~~~~~~~~~~~~~~~~~~~~~~~~~~~~~~~~~~


===========================================================================
                            Molecular Orbitals
---------------------------------------------------------------------------
 Alpha electrons         :                                              44
 Beta electrons          :                                              44
 Total electrons         :                                              88
---------------------------------------------------------------------------
    n  Occ Spin          :                                            Norm
---------------------------------------------------------------------------
    0    2    p          :                              1.000000000018e+00
    1    2    p          :                              1.000000000063e+00
    2    2    p          :                              1.000000000002e+00
    3    2    p          :                              1.000000000007e+00
    4    2    p          :                              9.999999999921e-01
    5    2    p          :                              9.999999999998e-01
    6    2    p          :                              9.999999999933e-01
    7    2    p          :                              1.000000000001e+00
    8    2    p          :                              1.000000000015e+00
    9    2    p          :                              9.999999997960e-01
   10    2    p          :                              1.000000000086e+00
   11    2    p          :                              1.000000000003e+00
   12    2    p          :                              9.999999999434e-01
   13    2    p          :                              9.999999999683e-01
   14    2    p          :                              9.999999999874e-01
   15    2    p          :                              9.999999999824e-01
   16    2    p          :                              1.000000000014e+00
   17    2    p          :                              9.999999996290e-01
   18    2    p          :                              9.999999994224e-01
   19    2    p          :                              9.999999997711e-01
   20    2    p          :                              9.999999999487e-01
   21    2    p          :                              9.999999995982e-01
   22    2    p          :                              9.999999946699e-01
   23    2    p          :                              9.999999977835e-01
   24    2    p          :                              1.000000008580e+00
   25    2    p          :                              1.000000002718e+00
   26    2    p          :                              1.000000004976e+00
   27    2    p          :                              9.999999981960e-01
   28    2    p          :                              9.999999908847e-01
   29    2    p          :                              9.999999938184e-01
   30    2    p          :                              1.000000003048e+00
   31    2    p          :                              1.000000003775e+00
   32    2    p          :                              9.999999987545e-01
   33    2    p          :                              9.999999998995e-01
   34    2    p          :                              1.000000000661e+00
   35    2    p          :                              1.000000003142e+00
   36    2    p          :                              9.999999995264e-01
   37    2    p          :                              9.999999959148e-01
   38    2    p          :                              9.999999918932e-01
   39    2    p          :                              9.999999164178e-01
   40    2    p          :                              1.000000001796e+00
   41    2    p          :                              9.999999420381e-01
   42    2    p          :                              1.000000001912e+00
   43    2    p          :                              9.999999907646e-01
===========================================================================


~~~~~~~~~~~~~~~~~~~~~~~~~~~~~~~~~~~~~~~~~~~~~~~~~~~~~~~~~~~~~~~~~~~~~~~~~~~
 Calculation             : Compute initial energy
 Method                  : DFT (PBE)
 Relativity              : None
 Precision               : 1.00000e-06
 Localization            : On
~~~~~~~~~~~~~~~~~~~~~~~~~~~~~~~~~~~~~~~~~~~~~~~~~~~~~~~~~~~~~~~~~~~~~~~~~~~


===========================================================================
                        Molecular Energy (initial)
---------------------------------------------------------------------------
 Kinetic energy          :            (au)               1941.728971394421
 E-N energy              :            (au)              -5937.909653886066
 Coulomb energy          :            (au)               1504.563031483374
 Exchange energy         :            (au)                  0.000000000000
 X-C energy              :            (au)               -118.746334098700
 Ext. field (el)         :            (au)                  0.000000000000
---------------------------------------------------------------------------
 N-N energy              :            (au)                657.251029193085
 Ext. field (nuc)        :            (au)                  0.000000000000
 Tot. Reac. Energy       :            (au)                  0.000000000000
 El. Reac. Energy        :            (au)                  0.000000000000
 Nuc. Reac. Energy       :            (au)                  0.000000000000
---------------------------------------------------------------------------
 Electronic energy       :            (au)              -2610.363985106971
 Nuclear energy          :            (au)                657.251029193085
---------------------------------------------------------------------------
 Total energy            :            (au)             -1.953112955914e+03
                         :      (kcal/mol)             -1.225596883751e+06
                         :        (kJ/mol)             -5.127897361615e+06
                         :            (eV)             -5.314691102542e+04
===========================================================================


===========================================================================
                        Orbital Energies (initial)
---------------------------------------------------------------------------
    n  Occ Spin          :                                         Epsilon
---------------------------------------------------------------------------
    0    2    p          :            (au)               -297.492268269801
    1    2    p          :            (au)                -36.146639025583
    2    2    p          :            (au)                -31.600802983409
    3    2    p          :            (au)                -31.597622169524
    4    2    p          :            (au)                -31.588553238941
    5    2    p          :            (au)                -18.720809960594
    6    2    p          :            (au)                -18.718902712138
    7    2    p          :            (au)                -18.717615956382
    8    2    p          :            (au)                -18.508800158321
    9    2    p          :            (au)                 -9.887595334805
   10    2    p          :            (au)                 -9.808773633334
   11    2    p          :            (au)                 -9.791167564711
   12    2    p          :            (au)                 -9.786607406184
   13    2    p          :            (au)                 -4.512899086340
   14    2    p          :            (au)                 -3.110441940565
   15    2    p          :            (au)                 -3.107085990736
   16    2    p          :            (au)                 -3.090386609133
   17    2    p          :            (au)                 -1.039004193773
   18    2    p          :            (au)                 -1.016800784158
   19    2    p          :            (au)                 -1.016355119989
   20    2    p          :            (au)                 -0.919014149204
   21    2    p          :            (au)                 -0.669080882438
   22    2    p          :            (au)                 -0.648686423065
   23    2    p          :            (au)                 -0.641311310463
   24    2    p          :            (au)                 -0.631410395806
   25    2    p          :            (au)                 -0.599222770981
   26    2    p          :            (au)                 -0.592848694941
   27    2    p          :            (au)                 -0.517981804271
   28    2    p          :            (au)                 -0.490647560919
   29    2    p          :            (au)                 -0.450124373016
   30    2    p          :            (au)                 -0.435975477901
   31    2    p          :            (au)                 -0.409990076262
   32    2    p          :            (au)                 -0.404020919597
   33    2    p          :            (au)                 -0.388942770296
   34    2    p          :            (au)                 -0.379207886033
   35    2    p          :            (au)                 -0.369925083463
   36    2    p          :            (au)                 -0.363530307298
   37    2    p          :            (au)                 -0.353023830997
   38    2    p          :            (au)                 -0.335166317766
   39    2    p          :            (au)                 -0.325339263429
   40    2    p          :            (au)                 -0.288601775601
   41    2    p          :            (au)                 -0.271972623748
   42    2    p          :            (au)                 -0.264786004091
   43    2    p          :            (au)                 -0.259025469034
---------------------------------------------------------------------------
 Sum occupied            :            (au)              -1140.537936618084
===========================================================================


~~~~~~~~~~~~~~~~~~~~~~~~~~~~~~~~~~~~~~~~~~~~~~~~~~~~~~~~~~~~~~~~~~~~~~~~~~~
 Calculation             : Optimize ground state orbitals
 Method                  : DFT (PBE)
 Relativity              : None
 Checkpointing           : Off
 Max iterations          : 500
 KAIN solver             : 6
 Localization            : First two iterations
 Diagonalization         : Off
 Start precision         : 1.00000e-06
 Final precision         : 1.00000e-06
 Helmholtz precision     : Dynamic
 Energy threshold        : Off
 Orbital threshold       : 5.00000e-05
~~~~~~~~~~~~~~~~~~~~~~~~~~~~~~~~~~~~~~~~~~~~~~~~~~~~~~~~~~~~~~~~~~~~~~~~~~~


===========================================================================
 Iter           MO residual             Total energy                Update
---------------------------------------------------------------------------
    0          6.633250e+00       -1953.112955913886         -1.953113e+03
    1          4.223049e-01       -1963.163760605098         -1.005080e+01
    2          1.888246e-01       -1963.543529614257         -3.797690e-01
    3          1.214421e-01       -1963.617112009986         -7.358240e-02
    4          7.102021e-02       -1963.652866791822         -3.575478e-02
    5          6.446157e-02       -1963.669397165748         -1.653037e-02
    6          6.694953e-02       -1963.687274641352         -1.787748e-02
    7          2.737035e-02       -1963.690951988916         -3.677348e-03
    8          3.545225e-02       -1963.694627618815         -3.675630e-03
    9          1.942276e-02       -1963.695490246269         -8.626275e-04
   10          1.932041e-02       -1963.696899719605         -1.409473e-03
   11          1.169798e-02       -1963.697279270770         -3.795512e-04
   12          1.402623e-02       -1963.697618962168         -3.396914e-04
   13          8.319963e-03       -1963.697832434637         -2.134725e-04
   14          9.921348e-03       -1963.698039765048         -2.073304e-04
   15          9.478000e-03       -1963.698256877485         -2.171124e-04
   16          6.937635e-03       -1963.698374540682         -1.176632e-04
   17          7.437839e-03       -1963.698499970217         -1.254295e-04
   18          6.404886e-03       -1963.698589951117         -8.998090e-05
   19          8.091716e-03       -1963.698690707176         -1.007561e-04
   20          4.128237e-03       -1963.698714101256         -2.339408e-05
   21          6.854196e-03       -1963.698783034160         -6.893290e-05
   22          4.757761e-03       -1963.698827305128         -4.427097e-05
   23          3.552027e-03       -1963.698850783252         -2.347812e-05
   24          3.486265e-03       -1963.698873193276         -2.241002e-05
   25          3.198227e-03       -1963.698888786777         -1.559350e-05
   26          3.003533e-03       -1963.698904891573         -1.610480e-05
   27          2.218235e-03       -1963.698905166380         -2.748075e-07
   28          2.275669e-03       -1963.698918302858         -1.313648e-05
   29          1.766411e-03       -1963.698924100448         -5.797590e-06
   30          1.402782e-03       -1963.698927024721         -2.924273e-06
   31          1.112670e-03       -1963.698930382699         -3.357978e-06
   32          9.585108e-04       -1963.698932492866         -2.110167e-06
   33          8.999957e-04       -1963.698934324852         -1.831987e-06
   34          8.712593e-04       -1963.698935082913         -7.580602e-07
   35          7.614454e-04       -1963.698935671715         -5.888028e-07
   36          7.870005e-04       -1963.698937045701         -1.373985e-06
   37          7.738189e-04       -1963.698938084128         -1.038427e-06
   38          5.695246e-04       -1963.698939061313         -9.771852e-07
   39          6.758898e-04       -1963.698940048318         -9.870046e-07
   40          5.447401e-04       -1963.698940886287         -8.379693e-07
   41          7.264496e-04       -1963.698941440548         -5.542606e-07
   42          4.464278e-04       -1963.698941965135         -5.245870e-07
   43          6.913033e-04       -1963.698942697847         -7.327121e-07
   44          6.985721e-04       -1963.698943244555         -5.467086e-07
   45          4.213789e-04       -1963.698943627827         -3.832715e-07
   46          5.226064e-04       -1963.698944117921         -4.900940e-07
   47          4.021531e-04       -1963.698945433107         -1.315187e-06
   48          4.074244e-04       -1963.698945688444         -2.553370e-07
   49          2.956734e-04       -1963.698945763305         -7.486051e-08
   50          3.940188e-04       -1963.698946038929         -2.756242e-07
   51          3.941984e-04       -1963.698946225910         -1.869807e-07
   52          2.061863e-04       -1963.698946315365         -8.945563e-08
   53          2.707759e-04       -1963.698946454615         -1.392491e-07
   54          1.804500e-04       -1963.698946543775         -8.916049e-08
   55          2.153516e-04       -1963.698946615599         -7.182371e-08
   56          1.678096e-04       -1963.698946651886         -3.628702e-08
   57          1.741663e-04       -1963.698946720872         -6.898654e-08
   58          2.342132e-04       -1963.698946779648         -5.877564e-08
   59          1.194299e-04       -1963.698946797239         -1.759099e-08
   60          1.864132e-04       -1963.698946851898         -5.465881e-08
   61          1.322021e-04       -1963.698946882722         -3.082414e-08
   62          1.247917e-04       -1963.698946908971         -2.624938e-08
   63          8.478714e-05       -1963.698946922546         -1.357512e-08
---------------------------------------------------------------------------
                      SCF converged in 63 iterations!
===========================================================================


                                                                           
***************************************************************************
***                                                                     ***
***                    Printing Molecular Properties                    ***
***                                                                     ***
***************************************************************************
                                                                           
                                                                           
===========================================================================
                                 Molecule
---------------------------------------------------------------------------
 Charge                  :                                               0
 Multiplicity            :                                               1
---------------------------------------------------------------------------
    N    Atom            :               x               y               z
---------------------------------------------------------------------------
    0      Ni            :       -0.156345        4.610180       -1.808821
    1       C            :        2.107258        3.179997        0.255548
    2       C            :       -2.224914        2.348879       -3.234950
    3       C            :       -1.855668        7.125269       -0.315454
    4       O            :       -3.657593        0.826502       -3.896404
    5       O            :        3.347219        2.165316        1.755161
    6       O            :       -3.057652        8.559104        0.827545
    7       H            :        5.212159        7.321171       -2.698096
    8       H            :        4.854697        8.828859       -5.763884
    9       C            :        3.831728        8.080252       -4.089432
   10       H            :        2.871293        4.829826       -5.629770
   11       O            :        1.999128        6.233027       -4.815752
   12       H            :        2.783260        9.646254       -3.186528
---------------------------------------------------------------------------
 Center of mass          :        0.040570        4.777970       -1.775746
===========================================================================


===========================================================================
                         Molecular Energy (final)
---------------------------------------------------------------------------
 Kinetic energy          :            (au)               1960.853158798062
 E-N energy              :            (au)              -5987.306450413225
 Coulomb energy          :            (au)               1525.226182345580
 Exchange energy         :            (au)                  0.000000000000
 X-C energy              :            (au)               -119.722866846048
 Ext. field (el)         :            (au)                  0.000000000000
---------------------------------------------------------------------------
 N-N energy              :            (au)                657.251029193085
 Ext. field (nuc)        :            (au)                  0.000000000000
 Tot. Reac. Energy       :            (au)                  0.000000000000
 El. Reac. Energy        :            (au)                  0.000000000000
 Nuc. Reac. Energy       :            (au)                  0.000000000000
---------------------------------------------------------------------------
 Electronic energy       :            (au)              -2620.949976115632
 Nuclear energy          :            (au)                657.251029193085
---------------------------------------------------------------------------
 Total energy            :            (au)             -1.963698946923e+03
                         :      (kcal/mol)             -1.232239693402e+06
                         :        (kJ/mol)             -5.155690877192e+06
                         :            (eV)             -5.343497051555e+04
===========================================================================


===========================================================================
                         Orbital Energies (final)
---------------------------------------------------------------------------
    n  Occ Spin          :                                         Epsilon
---------------------------------------------------------------------------
    0    2    p          :            (au)               -298.353815951350
    1    2    p          :            (au)                -35.254854191026
    2    2    p          :            (au)                -30.762006665629
    3    2    p          :            (au)                -30.761803909865
    4    2    p          :            (au)                -30.754827846986
    5    2    p          :            (au)                -18.822259315195
    6    2    p          :            (au)                -18.821269438390
    7    2    p          :            (au)                -18.820913395752
    8    2    p          :            (au)                -18.817462044128
    9    2    p          :            (au)                 -9.989660934063
   10    2    p          :            (au)                 -9.988645634086
   11    2    p          :            (au)                 -9.988502736090
   12    2    p          :            (au)                 -9.961961880514
   13    2    p          :            (au)                 -3.846769903193
   14    2    p          :            (au)                 -2.481959364890
   15    2    p          :            (au)                 -2.481626568018
   16    2    p          :            (au)                 -2.467803178335
   17    2    p          :            (au)                 -1.030591119839
   18    2    p          :            (au)                 -1.029875357563
   19    2    p          :            (au)                 -1.029454118698
   20    2    p          :            (au)                 -0.990822671768
   21    2    p          :            (au)                 -0.655857695409
   22    2    p          :            (au)                 -0.518253015733
   23    2    p          :            (au)                 -0.506789554793
   24    2    p          :            (au)                 -0.499510514679
   25    2    p          :            (au)                 -0.498162105431
   26    2    p          :            (au)                 -0.441672687243
   27    2    p          :            (au)                 -0.426410615578
   28    2    p          :            (au)                 -0.417273552581
   29    2    p          :            (au)                 -0.405397738004
   30    2    p          :            (au)                 -0.404899117019
   31    2    p          :            (au)                 -0.402543887125
   32    2    p          :            (au)                 -0.399791229798
   33    2    p          :            (au)                 -0.399569290190
   34    2    p          :            (au)                 -0.395496559945
   35    2    p          :            (au)                 -0.389354820559
   36    2    p          :            (au)                 -0.389289704165
   37    2    p          :            (au)                 -0.350606904840
   38    2    p          :            (au)                 -0.298787125714
   39    2    p          :            (au)                 -0.246747560868
   40    2    p          :            (au)                 -0.245903993089
   41    2    p          :            (au)                 -0.213261145807
   42    2    p          :            (au)                 -0.210387972920
   43    2    p          :            (au)                 -0.206930804234
---------------------------------------------------------------------------
 Sum occupied            :            (au)              -1130.759567642209
===========================================================================


===========================================================================
                           Dipole Moment (dip-1)
---------------------------------------------------------------------------
 r_O                     :        0.000000        0.000000        0.000000
---------------------------------------------------------------------------
 Electronic vector       :      -10.258872     -425.830440      160.258171
 Magnitude               :            (au)                      455.103823
                         :         (Debye)                     1156.758537
---------------------------------------------------------------------------
 Nuclear vector          :       11.542995      426.389118     -161.266599
 Magnitude               :            (au)                      456.012978
                         :         (Debye)                     1159.069379
---------------------------------------------------------------------------
 Total vector            :        1.284123        0.558678       -1.008427
 Magnitude               :            (au)                        1.725694
                         :         (Debye)                        4.386276
===========================================================================


                                                                           
                                                                           
***************************************************************************
***                                                                     ***
***                            Exiting MRChem                           ***
***                                                                     ***
***                       Wall time :  0h 30m 24s                       ***
***                                                                     ***
***************************************************************************
                                                                           
                                                                           
