Starting job 382824 on b[4249-4256] at Thu Jun 23 10:26:47 CEST 2022

Copying Ni-MeOH_Complex_mw6.out to /cluster/home/ambr/projects/zora/reaction_energies/calcs_nrel
Copying Ni-MeOH_Complex_mw6.json to /cluster/home/ambr/projects/zora/reaction_energies/calcs_nrel

Task and CPU usage stats:
JobID           JobName  AllocCPUS   NTasks     MinCPU MinCPUTask     AveCPU    Elapsed ExitCode 
------------ ---------- ---------- -------- ---------- ---------- ---------- ---------- -------- 
382824       Ni-MeOH_C+       1024                                             00:31:32      0:0 
382824.batch      batch        128        1   21:29:45          0   21:29:45   00:31:32      0:0 
382824.exte+     extern       1024        8   00:00:00          2   00:00:00   00:31:33      0:0 
382824.0          orted        896        7   07:48:20          6   19:13:47   00:30:29      0:0 

Memory usage stats:
JobID            MaxRSS MaxRSSTask     AveRSS MaxPages   MaxPagesTask   AvePages 
------------ ---------- ---------- ---------- -------- -------------- ---------- 
382824                                                                           
382824.batch  44437394K          0  44437394K     1173              0          0 
382824.exte+       873K          7    863.50K        3              2          3 
382824.0      61037906K          1 549190811+     1170              1       1021 

Disk usage stats:
JobID         MaxDiskRead MaxDiskReadTask    AveDiskRead MaxDiskWrite MaxDiskWriteTask   AveDiskWrite 
------------ ------------ --------------- -------------- ------------ ---------------- -------------- 
382824                                                                                                
382824.batch     4002.89M               0       4002.89M     4540.21M                0       4540.21M 
382824.exte+        0.00M               2          0.00M            0                2              0 
382824.0           46.31M               6         46.23M      110.75M                1        106.07M 

Job 382824 completed at Thu Jun 23 10:58:20 CEST 2022
