Starting job 382826 on b[4349-4356] at Thu Jun 23 10:26:47 CEST 2022

Copying Ni-NHC1_Fragment1_mw6.out to /cluster/home/ambr/projects/zora/reaction_energies/calcs_nrel
Copying Ni-NHC1_Fragment1_mw6.json to /cluster/home/ambr/projects/zora/reaction_energies/calcs_nrel

Task and CPU usage stats:
JobID           JobName  AllocCPUS   NTasks     MinCPU MinCPUTask     AveCPU    Elapsed ExitCode 
------------ ---------- ---------- -------- ---------- ---------- ---------- ---------- -------- 
382826       Ni-NHC1_F+       1024                                             00:23:58      0:0 
382826.batch      batch        128        1   17:05:22          0   17:05:22   00:23:58      0:0 
382826.exte+     extern       1024        8   00:00:00          2   00:00:00   00:23:59      0:0 
382826.0          orted        896        7   05:45:16          6   12:21:31   00:22:58      0:0 

Memory usage stats:
JobID            MaxRSS MaxRSSTask     AveRSS MaxPages   MaxPagesTask   AvePages 
------------ ---------- ---------- ---------- -------- -------------- ---------- 
382826                                                                           
382826.batch  37808782K          0  37808782K     1159              0          0 
382826.exte+       871K          2     879744        3              2          1 
382826.0      46159032K          2 389290673+     1395              6       1096 

Disk usage stats:
JobID         MaxDiskRead MaxDiskReadTask    AveDiskRead MaxDiskWrite MaxDiskWriteTask   AveDiskWrite 
------------ ------------ --------------- -------------- ------------ ---------------- -------------- 
382826                                                                                                
382826.batch     2348.41M               0       2348.41M     2870.05M                0       2870.05M 
382826.exte+        0.00M               2          0.00M            0                2              0 
382826.0           46.03M               6         45.97M      811.89M                1        407.66M 

Job 382826 completed at Thu Jun 23 10:50:45 CEST 2022
