                                                                           
                                                                           
***************************************************************************
***                                                                     ***
***                                                                     ***
***          __  __ ____   ____ _                                       ***
***         |  \/  |  _ \ / ___| |__   ___ _ __ ___                     ***
***         | |\/| | |_) | |   | '_ \ / _ \ '_ ` _ \                    ***
***         | |  | |  _ <| |___| | | |  __/ | | | | |                   ***
***         |_|  |_|_| \_\\____|_| |_|\___|_| |_| |_|                   ***
***                                                                     ***
***         VERSION            1.1.0-alpha                              ***
***                                                                     ***
***         Git branch         master                                   ***
***         Git commit hash    f6df85f5f746c23b4022                     ***
***         Git commit author  Stig Rune Jensen                         ***
***         Git commit date    Thu May 19 15:46:21 2022 +0200           ***
***                                                                     ***
***         Contact: luca.frediani@uit.no                               ***
***                                                                     ***
***         Radovan Bast            Magnar Bjorgve                      ***
***         Roberto Di Remigio      Antoine Durdek                      ***
***         Luca Frediani           Gabriel Gerez                       ***
***         Stig Rune Jensen        Jonas Juselius                      ***
***         Rune Monstad            Peter Wind                          ***
***                                                                     ***
***************************************************************************

---------------------------------------------------------------------------

 MPI processes           :       (32 bank)                              96
 OpenMP threads          :                                              15
 Total cores             :                                             992
                                                                           
---------------------------------------------------------------------------

XCFun DFT library Copyright 2009-2020 Ulf Ekstrom and contributors.
See http://dftlibs.org/xcfun/ for more information.

This is free software; see the source code for copying conditions.
There is ABSOLUTELY NO WARRANTY; not even for MERCHANTABILITY or
FITNESS FOR A PARTICULAR PURPOSE. For details see the documentation.
Scientific users of this library should cite
U. Ekstrom, L. Visscher, R. Bast, A. J. Thorvaldsen and K. Ruud;
J.Chem.Theor.Comp. 2010, DOI: 10.1021/ct100117s

---------------------------------------------------------------------------

 MRCPP version         : 1.4.1
 Git branch            : HEAD
 Git commit hash       : 75d41879b1908a94a452
 Git commit author     : Stig Rune Jensen
 Git commit date       : Thu Jan 6 11:38:53 2022 +0100

 Linear algebra        : EIGEN v3.4.0
 Parallelization       : MPI/OpenMP (15 threads)

---------------------------------------------------------------------------


                                                                           
===========================================================================
                         MultiResolution Analysis
---------------------------------------------------------------------------
 polynomial order      : 9
 polynomial type       : Interpolating
---------------------------------------------------------------------------
 total boxes           : 8
 boxes                 : [          2           2           2 ]
 unit lengths          : [   64.00000    64.00000    64.00000 ]
 scaling factor        : [    1.00000     1.00000     1.00000 ]
 lower bounds          : [  -64.00000   -64.00000   -64.00000 ]
 upper bounds          : [   64.00000    64.00000    64.00000 ]
 total length          : [  128.00000   128.00000   128.00000 ]
===========================================================================


                                                                           
***************************************************************************
***                                                                     ***
***                        Initializing Molecule                        ***
***                                                                     ***
***************************************************************************
                                                                           
                                                                           
===========================================================================
                                 Molecule
---------------------------------------------------------------------------
 Charge                  :                                               0
 Multiplicity            :                                               1
---------------------------------------------------------------------------
    N    Atom            :               x               y               z
---------------------------------------------------------------------------
    0      Ni            :        0.139936        5.083150       -1.785186
    1       C            :        2.022812        3.392206        0.471717
    2       C            :       -1.757757        2.989522       -3.660125
    3       C            :       -1.901503        7.336688       -0.283844
    4       O            :       -3.049651        1.632389       -4.809162
    5       O            :        3.264744        2.306547        1.921298
    6       O            :       -3.283753        8.731047        0.704171
    7       H            :        1.029511       11.740388       -1.765917
    8       H            :        1.288498        3.476792       -8.202460
    9       C            :        2.934881       10.895407       -1.564453
   10       C            :        5.147202        9.892442       -5.648278
   11       N            :        3.518685        9.256574       -3.690025
   12       H            :        4.359128       12.420276       -1.456482
   13       C            :        5.211600        7.851806       -7.238870
   14       C            :        2.526169        6.879157       -3.994135
   15       H            :        6.127696       11.710132       -5.739949
   16       N            :        3.620041        6.044795       -6.193460
   17       C            :        3.166215        3.563075       -7.279597
   18       H            :        6.259431        7.536744       -8.992883
   19       H            :        4.649333        3.144926       -8.690584
   20       H            :        2.968695        9.776749        0.199491
   21       H            :        3.214216        2.126392       -5.763769
---------------------------------------------------------------------------
 Center of mass          :        1.246065        5.911468       -2.803276
===========================================================================


                                                                           
***************************************************************************
***                                                                     ***
***                 Computing Ground State Wavefunction                 ***
***                                                                     ***
***************************************************************************
                                                                           
                                                                           
~~~~~~~~~~~~~~~~~~~~~~~~~~~~~~~~~~~~~~~~~~~~~~~~~~~~~~~~~~~~~~~~~~~~~~~~~~~
 Calculation             : Compute initial orbitals
 Method                  : Diagonalize SAD Hamiltonian
 Precision               : 1.00000e-06
 Screening               : 1.20000e+01 StdDev
 Restricted              : True
 Functional              : LDA (SVWN5)
 AO basis                : 3-21G
~~~~~~~~~~~~~~~~~~~~~~~~~~~~~~~~~~~~~~~~~~~~~~~~~~~~~~~~~~~~~~~~~~~~~~~~~~~


===========================================================================
                            Molecular Orbitals
---------------------------------------------------------------------------
 Alpha electrons         :                                              61
 Beta electrons          :                                              61
 Total electrons         :                                             122
---------------------------------------------------------------------------
    n  Occ Spin          :                                            Norm
---------------------------------------------------------------------------
    0    2    p          :                              9.999999999426e-01
    1    2    p          :                              9.999999999141e-01
    2    2    p          :                              1.000000000001e+00
    3    2    p          :                              1.000000000004e+00
    4    2    p          :                              1.000000000002e+00
    5    2    p          :                              9.999999998766e-01
    6    2    p          :                              1.000000000001e+00
    7    2    p          :                              9.999999999859e-01
    8    2    p          :                              1.000000000004e+00
    9    2    p          :                              1.000000000004e+00
   10    2    p          :                              1.000000000973e+00
   11    2    p          :                              9.999999997196e-01
   12    2    p          :                              1.000000000005e+00
   13    2    p          :                              1.000000000808e+00
   14    2    p          :                              1.000000000009e+00
   15    2    p          :                              9.999999999988e-01
   16    2    p          :                              9.999999999977e-01
   17    2    p          :                              9.999999999948e-01
   18    2    p          :                              9.999999998773e-01
   19    2    p          :                              9.999999999848e-01
   20    2    p          :                              1.000000000014e+00
   21    2    p          :                              9.999999997264e-01
   22    2    p          :                              9.999999990613e-01
   23    2    p          :                              9.999999999037e-01
   24    2    p          :                              1.000000000420e+00
   25    2    p          :                              1.000000001815e+00
   26    2    p          :                              9.999999985450e-01
   27    2    p          :                              9.999999960454e-01
   28    2    p          :                              9.999999918066e-01
   29    2    p          :                              1.000000014166e+00
   30    2    p          :                              9.999999993038e-01
   31    2    p          :                              1.000000002086e+00
   32    2    p          :                              1.000000002560e+00
   33    2    p          :                              1.000000000901e+00
   34    2    p          :                              1.000000014847e+00
   35    2    p          :                              1.000000000100e+00
   36    2    p          :                              9.999999963313e-01
   37    2    p          :                              9.999999822916e-01
   38    2    p          :                              1.000000002160e+00
   39    2    p          :                              1.000000000195e+00
   40    2    p          :                              9.999999941756e-01
   41    2    p          :                              1.000000008747e+00
   42    2    p          :                              1.000000001055e+00
   43    2    p          :                              1.000000001738e+00
   44    2    p          :                              9.999999840315e-01
   45    2    p          :                              1.000000004149e+00
   46    2    p          :                              9.999999914639e-01
   47    2    p          :                              1.000000008924e+00
   48    2    p          :                              1.000000000824e+00
   49    2    p          :                              1.000000010202e+00
   50    2    p          :                              9.999999969878e-01
   51    2    p          :                              9.999999997469e-01
   52    2    p          :                              9.999999995011e-01
   53    2    p          :                              9.999999981293e-01
   54    2    p          :                              9.999999982769e-01
   55    2    p          :                              9.999999895115e-01
   56    2    p          :                              9.999999948388e-01
   57    2    p          :                              1.000000009050e+00
   58    2    p          :                              9.999999996444e-01
   59    2    p          :                              1.000000004295e+00
   60    2    p          :                              9.999999965444e-01
===========================================================================


~~~~~~~~~~~~~~~~~~~~~~~~~~~~~~~~~~~~~~~~~~~~~~~~~~~~~~~~~~~~~~~~~~~~~~~~~~~
 Calculation             : Compute initial energy
 Method                  : DFT (PBE)
 Relativity              : None
 Precision               : 1.00000e-06
 Localization            : On
~~~~~~~~~~~~~~~~~~~~~~~~~~~~~~~~~~~~~~~~~~~~~~~~~~~~~~~~~~~~~~~~~~~~~~~~~~~


===========================================================================
                        Molecular Energy (initial)
---------------------------------------------------------------------------
 Kinetic energy          :            (au)               2128.736714211964
 E-N energy              :            (au)              -7465.000634178250
 Coulomb energy          :            (au)               2140.725576319149
 Exchange energy         :            (au)                  0.000000000000
 X-C energy              :            (au)               -146.953527728342
 Ext. field (el)         :            (au)                  0.000000000000
---------------------------------------------------------------------------
 N-N energy              :            (au)               1201.567233657700
 Ext. field (nuc)        :            (au)                  0.000000000000
 Tot. Reac. Energy       :            (au)                  0.000000000000
 El. Reac. Energy        :            (au)                  0.000000000000
 Nuc. Reac. Energy       :            (au)                  0.000000000000
---------------------------------------------------------------------------
 Electronic energy       :            (au)              -3342.491871375479
 Nuclear energy          :            (au)               1201.567233657700
---------------------------------------------------------------------------
 Total energy            :            (au)             -2.140924637718e+03
                         :      (kcal/mol)             -1.343450493423e+06
                         :        (kJ/mol)             -5.620996864482e+06
                         :            (eV)             -5.825752724049e+04
===========================================================================


===========================================================================
                        Orbital Energies (initial)
---------------------------------------------------------------------------
    n  Occ Spin          :                                         Epsilon
---------------------------------------------------------------------------
    0    2    p          :            (au)               -297.391760400859
    1    2    p          :            (au)                -36.049487011839
    2    2    p          :            (au)                -31.503559267756
    3    2    p          :            (au)                -31.497428598301
    4    2    p          :            (au)                -31.492143406445
    5    2    p          :            (au)                -18.780485176801
    6    2    p          :            (au)                -18.676964828680
    7    2    p          :            (au)                -18.525497361536
    8    2    p          :            (au)                -14.092434760108
    9    2    p          :            (au)                -13.942561535697
   10    2    p          :            (au)                 -9.922794768158
   11    2    p          :            (au)                 -9.803835906729
   12    2    p          :            (au)                 -9.800744809461
   13    2    p          :            (au)                 -9.773595040123
   14    2    p          :            (au)                 -9.755933641205
   15    2    p          :            (au)                 -9.740740759037
   16    2    p          :            (au)                 -9.720510812324
   17    2    p          :            (au)                 -9.660191182815
   18    2    p          :            (au)                 -4.421862842953
   19    2    p          :            (au)                 -3.020335962856
   20    2    p          :            (au)                 -3.013868879160
   21    2    p          :            (au)                 -3.000964787296
   22    2    p          :            (au)                 -1.071695079733
   23    2    p          :            (au)                 -0.994114815109
   24    2    p          :            (au)                 -0.955368679278
   25    2    p          :            (au)                 -0.906759984599
   26    2    p          :            (au)                 -0.832286520506
   27    2    p          :            (au)                 -0.677354354810
   28    2    p          :            (au)                 -0.652606750675
   29    2    p          :            (au)                 -0.602792471044
   30    2    p          :            (au)                 -0.586761394795
   31    2    p          :            (au)                 -0.574305400311
   32    2    p          :            (au)                 -0.565168456497
   33    2    p          :            (au)                 -0.549184510504
   34    2    p          :            (au)                 -0.537553257192
   35    2    p          :            (au)                 -0.533403087472
   36    2    p          :            (au)                 -0.500813773554
   37    2    p          :            (au)                 -0.483503700879
   38    2    p          :            (au)                 -0.456345616247
   39    2    p          :            (au)                 -0.442409363163
   40    2    p          :            (au)                 -0.420159106206
   41    2    p          :            (au)                 -0.412895707360
   42    2    p          :            (au)                 -0.410719415316
   43    2    p          :            (au)                 -0.401391638178
   44    2    p          :            (au)                 -0.391986064926
   45    2    p          :            (au)                 -0.377797131848
   46    2    p          :            (au)                 -0.360001369887
   47    2    p          :            (au)                 -0.353130274968
   48    2    p          :            (au)                 -0.350698547630
   49    2    p          :            (au)                 -0.342601692737
   50    2    p          :            (au)                 -0.335390359100
   51    2    p          :            (au)                 -0.320155685885
   52    2    p          :            (au)                 -0.305143766099
   53    2    p          :            (au)                 -0.299204875735
   54    2    p          :            (au)                 -0.291644915656
   55    2    p          :            (au)                 -0.272384298921
   56    2    p          :            (au)                 -0.249380791947
   57    2    p          :            (au)                 -0.246761194977
   58    2    p          :            (au)                 -0.227674135958
   59    2    p          :            (au)                 -0.219679458890
   60    2    p          :            (au)                 -0.174201591412
---------------------------------------------------------------------------
 Sum occupied            :            (au)              -1244.546261960282
===========================================================================


~~~~~~~~~~~~~~~~~~~~~~~~~~~~~~~~~~~~~~~~~~~~~~~~~~~~~~~~~~~~~~~~~~~~~~~~~~~
 Calculation             : Optimize ground state orbitals
 Method                  : DFT (PBE)
 Relativity              : None
 Checkpointing           : Off
 Max iterations          : 500
 KAIN solver             : 6
 Localization            : First two iterations
 Diagonalization         : Off
 Start precision         : 1.00000e-06
 Final precision         : 1.00000e-06
 Helmholtz precision     : Dynamic
 Energy threshold        : Off
 Orbital threshold       : 5.00000e-05
~~~~~~~~~~~~~~~~~~~~~~~~~~~~~~~~~~~~~~~~~~~~~~~~~~~~~~~~~~~~~~~~~~~~~~~~~~~


===========================================================================
 Iter           MO residual             Total energy                Update
---------------------------------------------------------------------------
    0          7.810250e+00       -2140.924637717779         -2.140925e+03
    1          4.637333e-01       -2152.084018270863         -1.115938e+01
    2          2.034625e-01       -2152.490001013132         -4.059827e-01
    3          1.407641e-01       -2152.565994828843         -7.599382e-02
    4          7.986646e-02       -2152.609190211474         -4.319538e-02
    5          6.721517e-02       -2152.626030288342         -1.684008e-02
    6          6.483094e-02       -2152.642290086037         -1.625980e-02
    7          2.806837e-02       -2152.645726686233         -3.436600e-03
    8          3.832534e-02       -2152.649106872346         -3.380186e-03
    9          1.843887e-02       -2152.649903025887         -7.961535e-04
   10          1.888936e-02       -2152.651069448273         -1.166422e-03
   11          1.154728e-02       -2152.651407103774         -3.376555e-04
   12          1.007605e-02       -2152.651713950451         -3.068467e-04
   13          1.024783e-02       -2152.651847757464         -1.338070e-04
   14          6.794083e-03       -2152.652010092811         -1.623353e-04
   15          6.760162e-03       -2152.652140937974         -1.308452e-04
   16          5.682125e-03       -2152.652206222899         -6.528492e-05
   17          4.305399e-03       -2152.652270938829         -6.471593e-05
   18          4.455277e-03       -2152.652319781893         -4.884306e-05
   19          3.464038e-03       -2152.652353982379         -3.420049e-05
   20          4.221268e-03       -2152.652384854687         -3.087231e-05
   21          2.485225e-03       -2152.652397603608         -1.274892e-05
   22          3.459863e-03       -2152.652418959833         -2.135622e-05
   23          2.544577e-03       -2152.652431597365         -1.263753e-05
   24          2.004422e-03       -2152.652438960773         -7.363409e-06
   25          2.026931e-03       -2152.652447304009         -8.343235e-06
   26          1.696714e-03       -2152.652451894837         -4.590828e-06
   27          1.338580e-03       -2152.652456820736         -4.925899e-06
   28          1.663156e-03       -2152.652457311168         -4.904318e-07
   29          9.004889e-04       -2152.652461233754         -3.922586e-06
   30          1.122145e-03       -2152.652462780793         -1.547039e-06
   31          6.163179e-04       -2152.652463716514         -9.357213e-07
   32          5.764046e-04       -2152.652464581540         -8.650259e-07
   33          5.430581e-04       -2152.652465151417         -5.698766e-07
   34          4.365682e-04       -2152.652465614118         -4.627009e-07
   35          6.435775e-04       -2152.652466185200         -5.710822e-07
   36          3.603371e-04       -2152.652466343802         -1.586022e-07
   37          6.098072e-04       -2152.652466963291         -6.194891e-07
   38          3.144541e-04       -2152.652467205791         -2.424995e-07
   39          3.414230e-04       -2152.652467489232         -2.834408e-07
   40          2.881542e-04       -2152.652467709119         -2.198876e-07
   41          2.054721e-04       -2152.652467847666         -1.385470e-07
   42          4.057119e-04       -2152.652468067656         -2.199895e-07
   43          2.476356e-04       -2152.652468051958          1.569788e-08
   44          3.979062e-04       -2152.652468327085         -2.751271e-07
   45          2.005764e-04       -2152.652468378772         -5.168749e-08
   46          1.717503e-04       -2152.652468455080         -7.630751e-08
   47          1.354056e-04       -2152.652468503836         -4.875619e-08
   48          1.291763e-04       -2152.652468531357         -2.752131e-08
   49          1.419588e-04       -2152.652468572602         -4.124422e-08
   50          1.349557e-04       -2152.652468575722         -3.120022e-09
   51          8.912982e-05       -2152.652468608691         -3.296964e-08
---------------------------------------------------------------------------
                      SCF converged in 51 iterations!
===========================================================================


                                                                           
***************************************************************************
***                                                                     ***
***                    Printing Molecular Properties                    ***
***                                                                     ***
***************************************************************************
                                                                           
                                                                           
===========================================================================
                                 Molecule
---------------------------------------------------------------------------
 Charge                  :                                               0
 Multiplicity            :                                               1
---------------------------------------------------------------------------
    N    Atom            :               x               y               z
---------------------------------------------------------------------------
    0      Ni            :        0.139936        5.083150       -1.785186
    1       C            :        2.022812        3.392206        0.471717
    2       C            :       -1.757757        2.989522       -3.660125
    3       C            :       -1.901503        7.336688       -0.283844
    4       O            :       -3.049651        1.632389       -4.809162
    5       O            :        3.264744        2.306547        1.921298
    6       O            :       -3.283753        8.731047        0.704171
    7       H            :        1.029511       11.740388       -1.765917
    8       H            :        1.288498        3.476792       -8.202460
    9       C            :        2.934881       10.895407       -1.564453
   10       C            :        5.147202        9.892442       -5.648278
   11       N            :        3.518685        9.256574       -3.690025
   12       H            :        4.359128       12.420276       -1.456482
   13       C            :        5.211600        7.851806       -7.238870
   14       C            :        2.526169        6.879157       -3.994135
   15       H            :        6.127696       11.710132       -5.739949
   16       N            :        3.620041        6.044795       -6.193460
   17       C            :        3.166215        3.563075       -7.279597
   18       H            :        6.259431        7.536744       -8.992883
   19       H            :        4.649333        3.144926       -8.690584
   20       H            :        2.968695        9.776749        0.199491
   21       H            :        3.214216        2.126392       -5.763769
---------------------------------------------------------------------------
 Center of mass          :        1.246065        5.911468       -2.803276
===========================================================================


===========================================================================
                         Molecular Energy (final)
---------------------------------------------------------------------------
 Kinetic energy          :            (au)               2148.744730368435
 E-N energy              :            (au)              -7512.542982272166
 Coulomb energy          :            (au)               2157.476112985516
 Exchange energy         :            (au)                  0.000000000000
 X-C energy              :            (au)               -147.897563348177
 Ext. field (el)         :            (au)                  0.000000000000
---------------------------------------------------------------------------
 N-N energy              :            (au)               1201.567233657700
 Ext. field (nuc)        :            (au)                  0.000000000000
 Tot. Reac. Energy       :            (au)                  0.000000000000
 El. Reac. Energy        :            (au)                  0.000000000000
 Nuc. Reac. Energy       :            (au)                  0.000000000000
---------------------------------------------------------------------------
 Electronic energy       :            (au)              -3354.219702266392
 Nuclear energy          :            (au)               1201.567233657700
---------------------------------------------------------------------------
 Total energy            :            (au)             -2.152652468609e+03
                         :      (kcal/mol)             -1.350809818417e+06
                         :        (kJ/mol)             -5.651788280257e+06
                         :            (eV)             -5.857665777669e+04
===========================================================================


===========================================================================
                         Orbital Energies (final)
---------------------------------------------------------------------------
    n  Occ Spin          :                                         Epsilon
---------------------------------------------------------------------------
    0    2    p          :            (au)               -298.347166827174
    1    2    p          :            (au)                -35.253671140446
    2    2    p          :            (au)                -30.759753717573
    3    2    p          :            (au)                -30.758299321944
    4    2    p          :            (au)                -30.755387716374
    5    2    p          :            (au)                -18.805171787610
    6    2    p          :            (au)                -18.805140546231
    7    2    p          :            (au)                -18.804751781126
    8    2    p          :            (au)                -14.066095808523
    9    2    p          :            (au)                -14.066095666824
   10    2    p          :            (au)                 -9.974880909383
   11    2    p          :            (au)                 -9.974680812047
   12    2    p          :            (au)                 -9.974649826023
   13    2    p          :            (au)                 -9.949823875308
   14    2    p          :            (au)                 -9.941608483421
   15    2    p          :            (au)                 -9.941106336605
   16    2    p          :            (au)                 -9.940764320116
   17    2    p          :            (au)                 -9.940761945202
   18    2    p          :            (au)                 -3.841052888983
   19    2    p          :            (au)                 -2.474926680362
   20    2    p          :            (au)                 -2.472441637836
   21    2    p          :            (au)                 -2.464968253555
   22    2    p          :            (au)                 -1.014257364951
   23    2    p          :            (au)                 -1.014029573740
   24    2    p          :            (au)                 -1.013834524572
   25    2    p          :            (au)                 -0.966552322764
   26    2    p          :            (au)                 -0.865706838797
   27    2    p          :            (au)                 -0.728222063843
   28    2    p          :            (au)                 -0.687328194745
   29    2    p          :            (au)                 -0.642455864522
   30    2    p          :            (au)                 -0.571663139816
   31    2    p          :            (au)                 -0.541885676224
   32    2    p          :            (au)                 -0.503619709517
   33    2    p          :            (au)                 -0.496375204703
   34    2    p          :            (au)                 -0.485018454080
   35    2    p          :            (au)                 -0.484671125714
   36    2    p          :            (au)                 -0.449401218441
   37    2    p          :            (au)                 -0.435033927219
   38    2    p          :            (au)                 -0.418972520492
   39    2    p          :            (au)                 -0.415818640654
   40    2    p          :            (au)                 -0.414947400860
   41    2    p          :            (au)                 -0.407027921799
   42    2    p          :            (au)                 -0.392420755486
   43    2    p          :            (au)                 -0.389806506991
   44    2    p          :            (au)                 -0.389245755666
   45    2    p          :            (au)                 -0.384592721630
   46    2    p          :            (au)                 -0.384108557883
   47    2    p          :            (au)                 -0.381151311552
   48    2    p          :            (au)                 -0.375521829139
   49    2    p          :            (au)                 -0.375371383570
   50    2    p          :            (au)                 -0.367023200613
   51    2    p          :            (au)                 -0.364305324437
   52    2    p          :            (au)                 -0.356290875467
   53    2    p          :            (au)                 -0.307919795117
   54    2    p          :            (au)                 -0.268632708709
   55    2    p          :            (au)                 -0.250349461866
   56    2    p          :            (au)                 -0.237709692855
   57    2    p          :            (au)                 -0.229645962869
   58    2    p          :            (au)                 -0.194912888695
   59    2    p          :            (au)                 -0.192482858158
   60    2    p          :            (au)                 -0.190160709801
---------------------------------------------------------------------------
 Sum occupied            :            (au)              -1239.803348541251
===========================================================================


===========================================================================
                           Dipole Moment (dip-1)
---------------------------------------------------------------------------
 r_O                     :        0.000000        0.000000        0.000000
---------------------------------------------------------------------------
 Electronic vector       :     -161.663325     -728.318834      350.748368
 Magnitude               :            (au)                      824.383268
                         :         (Debye)                     2095.373265
---------------------------------------------------------------------------
 Nuclear vector          :      163.334233      729.531854     -352.237234
 Magnitude               :            (au)                      826.417490
                         :         (Debye)                     2100.543741
---------------------------------------------------------------------------
 Total vector            :        1.670908        1.213020       -1.488866
 Magnitude               :            (au)                        2.545598
                         :         (Debye)                        6.470266
===========================================================================


                                                                           
                                                                           
***************************************************************************
***                                                                     ***
***                            Exiting MRChem                           ***
***                                                                     ***
***                       Wall time :  0h 33m 55s                       ***
***                                                                     ***
***************************************************************************
                                                                           
                                                                           
