Starting job 382827 on b[4357-4362,4365-4366] at Thu Jun 23 10:26:47 CEST 2022

Copying Ni-NHC1_Fragment2_mw6.out to /cluster/home/ambr/projects/zora/reaction_energies/calcs_nrel
Copying Ni-NHC1_Fragment2_mw6.json to /cluster/home/ambr/projects/zora/reaction_energies/calcs_nrel

Task and CPU usage stats:
JobID           JobName  AllocCPUS   NTasks     MinCPU MinCPUTask     AveCPU    Elapsed ExitCode 
------------ ---------- ---------- -------- ---------- ---------- ---------- ---------- -------- 
382827       Ni-NHC1_F+       1024                                             00:07:41      0:0 
382827.batch      batch        128        1   06:11:13          0   06:11:13   00:07:41      0:0 
382827.exte+     extern       1024        8   00:00:00          6   00:00:00   00:07:42      0:0 
382827.0          orted        896        7   01:55:45          6   03:39:23   00:07:07      0:0 

Memory usage stats:
JobID            MaxRSS MaxRSSTask     AveRSS MaxPages   MaxPagesTask   AvePages 
------------ ---------- ---------- ---------- -------- -------------- ---------- 
382827                                                                           
382827.batch  49017140K          0  49017140K     1050              0          0 
382827.exte+       858K          3     873344        1              6          1 
382827.0      45964245K          1  29564268K      804              4        793 

Disk usage stats:
JobID         MaxDiskRead MaxDiskReadTask    AveDiskRead MaxDiskWrite MaxDiskWriteTask   AveDiskWrite 
------------ ------------ --------------- -------------- ------------ ---------------- -------------- 
382827                                                                                                
382827.batch     1070.89M               0       1070.89M     1726.05M                0       1726.05M 
382827.exte+        0.00M               6          0.00M            0                6              0 
382827.0           45.68M               3         45.66M      102.56M                1         99.05M 

Job 382827 completed at Thu Jun 23 10:34:28 CEST 2022
