Starting job 382825 on b[4257-4260,4277-4280] at Thu Jun 23 10:26:47 CEST 2022

Copying Ni-NHC1_Complex_mw6.out to /cluster/home/ambr/projects/zora/reaction_energies/calcs_nrel
Copying Ni-NHC1_Complex_mw6.json to /cluster/home/ambr/projects/zora/reaction_energies/calcs_nrel

Task and CPU usage stats:
JobID           JobName  AllocCPUS   NTasks     MinCPU MinCPUTask     AveCPU    Elapsed ExitCode 
------------ ---------- ---------- -------- ---------- ---------- ---------- ---------- -------- 
382825       Ni-NHC1_C+       1024                                             00:35:49      0:0 
382825.batch      batch        128        1   20:39:54          0   20:39:54   00:35:49      0:0 
382825.exte+     extern       1024        8   00:00:00          6   00:00:00   00:35:50      0:0 
382825.0          orted        896        7   20:57:35          0 1-01:23:02   00:34:00      0:0 

Memory usage stats:
JobID            MaxRSS MaxRSSTask     AveRSS MaxPages   MaxPagesTask   AvePages 
------------ ---------- ---------- ---------- -------- -------------- ---------- 
382825                                                                           
382825.batch  76581889K          0  76581889K     1502              0          0 
382825.exte+       873K          2       867K        3              6          3 
382825.0      90482987K          2 879968253+     1292              4       1161 

Disk usage stats:
JobID         MaxDiskRead MaxDiskReadTask    AveDiskRead MaxDiskWrite MaxDiskWriteTask   AveDiskWrite 
------------ ------------ --------------- -------------- ------------ ---------------- -------------- 
382825                                                                                                
382825.batch     6484.37M               0       6484.37M     7049.31M                0       7049.31M 
382825.exte+        0.00M               6          0.00M            0                6              0 
382825.0           46.44M               1         46.38M     1216.34M                5       1027.07M 

Job 382825 completed at Thu Jun 23 11:02:37 CEST 2022
