                                                                           
                                                                           
***************************************************************************
***                                                                     ***
***                                                                     ***
***          __  __ ____   ____ _                                       ***
***         |  \/  |  _ \ / ___| |__   ___ _ __ ___                     ***
***         | |\/| | |_) | |   | '_ \ / _ \ '_ ` _ \                    ***
***         | |  | |  _ <| |___| | | |  __/ | | | | |                   ***
***         |_|  |_|_| \_\\____|_| |_|\___|_| |_| |_|                   ***
***                                                                     ***
***         VERSION            1.1.0-alpha                              ***
***                                                                     ***
***         Git branch         master                                   ***
***         Git commit hash    f6df85f5f746c23b4022                     ***
***         Git commit author  Stig Rune Jensen                         ***
***         Git commit date    Thu May 19 15:46:21 2022 +0200           ***
***                                                                     ***
***         Contact: luca.frediani@uit.no                               ***
***                                                                     ***
***         Radovan Bast            Magnar Bjorgve                      ***
***         Roberto Di Remigio      Antoine Durdek                      ***
***         Luca Frediani           Gabriel Gerez                       ***
***         Stig Rune Jensen        Jonas Juselius                      ***
***         Rune Monstad            Peter Wind                          ***
***                                                                     ***
***************************************************************************

---------------------------------------------------------------------------

 MPI processes           :       (32 bank)                              96
 OpenMP threads          :                                              15
 Total cores             :                                             992
                                                                           
---------------------------------------------------------------------------

XCFun DFT library Copyright 2009-2020 Ulf Ekstrom and contributors.
See http://dftlibs.org/xcfun/ for more information.

This is free software; see the source code for copying conditions.
There is ABSOLUTELY NO WARRANTY; not even for MERCHANTABILITY or
FITNESS FOR A PARTICULAR PURPOSE. For details see the documentation.
Scientific users of this library should cite
U. Ekstrom, L. Visscher, R. Bast, A. J. Thorvaldsen and K. Ruud;
J.Chem.Theor.Comp. 2010, DOI: 10.1021/ct100117s

---------------------------------------------------------------------------

 MRCPP version         : 1.4.1
 Git branch            : HEAD
 Git commit hash       : 75d41879b1908a94a452
 Git commit author     : Stig Rune Jensen
 Git commit date       : Thu Jan 6 11:38:53 2022 +0100

 Linear algebra        : EIGEN v3.4.0
 Parallelization       : MPI/OpenMP (15 threads)

---------------------------------------------------------------------------


                                                                           
===========================================================================
                         MultiResolution Analysis
---------------------------------------------------------------------------
 polynomial order      : 9
 polynomial type       : Interpolating
---------------------------------------------------------------------------
 total boxes           : 8
 boxes                 : [          2           2           2 ]
 unit lengths          : [   64.00000    64.00000    64.00000 ]
 scaling factor        : [    1.00000     1.00000     1.00000 ]
 lower bounds          : [  -64.00000   -64.00000   -64.00000 ]
 upper bounds          : [   64.00000    64.00000    64.00000 ]
 total length          : [  128.00000   128.00000   128.00000 ]
===========================================================================


                                                                           
***************************************************************************
***                                                                     ***
***                        Initializing Molecule                        ***
***                                                                     ***
***************************************************************************
                                                                           
                                                                           
===========================================================================
                                 Molecule
---------------------------------------------------------------------------
 Charge                  :                                               0
 Multiplicity            :                                               1
---------------------------------------------------------------------------
    N    Atom            :               x               y               z
---------------------------------------------------------------------------
    0       C            :       -3.713949        4.300002        0.514695
    1       C            :       -1.123858        4.325445        0.513920
    2       N            :       -4.411167        1.878133       -0.243845
    3       N            :       -0.379659        1.917709       -0.244978
    4       C            :       -2.380189        0.332981       -0.736001
    5       C            :        2.233252        1.127203       -0.501605
    6       H            :        3.240189        2.295492       -1.922479
    7       H            :        2.224616       -0.863242       -1.129438
    8       H            :        3.249290        1.270132        1.327340
    9       C            :       -7.008208        1.036598       -0.499283
   10       H            :       -8.038145        2.184062       -1.920648
   11       H            :       -8.026349        1.160881        1.329849
   12       H            :       -6.960891       -0.953705       -1.125844
   13       H            :       -5.076403        5.785773        0.985804
   14       H            :        0.209427        5.837680        0.984277
---------------------------------------------------------------------------
 Center of mass          :       -2.397555        2.117986       -0.175142
===========================================================================


                                                                           
***************************************************************************
***                                                                     ***
***                 Computing Ground State Wavefunction                 ***
***                                                                     ***
***************************************************************************
                                                                           
                                                                           
~~~~~~~~~~~~~~~~~~~~~~~~~~~~~~~~~~~~~~~~~~~~~~~~~~~~~~~~~~~~~~~~~~~~~~~~~~~
 Calculation             : Compute initial orbitals
 Method                  : Diagonalize SAD Hamiltonian
 Precision               : 1.00000e-06
 Screening               : 1.20000e+01 StdDev
 Restricted              : True
 Functional              : LDA (SVWN5)
 AO basis                : 3-21G
~~~~~~~~~~~~~~~~~~~~~~~~~~~~~~~~~~~~~~~~~~~~~~~~~~~~~~~~~~~~~~~~~~~~~~~~~~~


===========================================================================
                            Molecular Orbitals
---------------------------------------------------------------------------
 Alpha electrons         :                                              26
 Beta electrons          :                                              26
 Total electrons         :                                              52
---------------------------------------------------------------------------
    n  Occ Spin          :                                            Norm
---------------------------------------------------------------------------
    0    2    p          :                              1.000000000170e+00
    1    2    p          :                              9.999999997025e-01
    2    2    p          :                              9.999999983198e-01
    3    2    p          :                              1.000000018811e+00
    4    2    p          :                              1.000000002639e+00
    5    2    p          :                              9.999999974177e-01
    6    2    p          :                              9.999999999908e-01
    7    2    p          :                              9.999999988071e-01
    8    2    p          :                              1.000000008805e+00
    9    2    p          :                              9.999999629012e-01
   10    2    p          :                              9.999999717576e-01
   11    2    p          :                              1.000000094862e+00
   12    2    p          :                              1.000000018264e+00
   13    2    p          :                              9.999999262112e-01
   14    2    p          :                              9.999998811706e-01
   15    2    p          :                              9.999999919043e-01
   16    2    p          :                              9.999999853672e-01
   17    2    p          :                              1.000000076923e+00
   18    2    p          :                              9.999999798273e-01
   19    2    p          :                              1.000000086254e+00
   20    2    p          :                              9.999999744760e-01
   21    2    p          :                              9.999999917557e-01
   22    2    p          :                              1.000000050144e+00
   23    2    p          :                              1.000000012441e+00
   24    2    p          :                              9.999999582568e-01
   25    2    p          :                              9.999999866830e-01
===========================================================================


~~~~~~~~~~~~~~~~~~~~~~~~~~~~~~~~~~~~~~~~~~~~~~~~~~~~~~~~~~~~~~~~~~~~~~~~~~~
 Calculation             : Compute initial energy
 Method                  : DFT (PBE)
 Relativity              : None
 Precision               : 1.00000e-06
 Localization            : On
~~~~~~~~~~~~~~~~~~~~~~~~~~~~~~~~~~~~~~~~~~~~~~~~~~~~~~~~~~~~~~~~~~~~~~~~~~~


===========================================================================
                        Molecular Energy (initial)
---------------------------------------------------------------------------
 Kinetic energy          :            (au)                300.996564297662
 E-N energy              :            (au)              -1292.952292491992
 Coulomb energy          :            (au)                439.365225493263
 Exchange energy         :            (au)                  0.000000000000
 X-C energy              :            (au)                -43.523033820965
 Ext. field (el)         :            (au)                  0.000000000000
---------------------------------------------------------------------------
 N-N energy              :            (au)                293.534619318448
 Ext. field (nuc)        :            (au)                  0.000000000000
 Tot. Reac. Energy       :            (au)                  0.000000000000
 El. Reac. Energy        :            (au)                  0.000000000000
 Nuc. Reac. Energy       :            (au)                  0.000000000000
---------------------------------------------------------------------------
 Electronic energy       :            (au)               -596.113536522031
 Nuclear energy          :            (au)                293.534619318448
---------------------------------------------------------------------------
 Total energy            :            (au)             -3.025789172036e+02
                         :      (kcal/mol)             -1.898711371970e+05
                         :        (kJ/mol)             -7.944208380322e+05
                         :            (eV)             -8.233591785920e+03
===========================================================================


===========================================================================
                        Orbital Energies (initial)
---------------------------------------------------------------------------
    n  Occ Spin          :                                         Epsilon
---------------------------------------------------------------------------
    0    2    p          :            (au)                -14.113379007589
    1    2    p          :            (au)                -14.113033345275
    2    2    p          :            (au)                 -9.722663850364
    3    2    p          :            (au)                 -9.721262646758
    4    2    p          :            (au)                 -9.664398860021
    5    2    p          :            (au)                 -9.664297306895
    6    2    p          :            (au)                 -9.600001353357
    7    2    p          :            (au)                 -0.931523282593
    8    2    p          :            (au)                 -0.835010742617
    9    2    p          :            (au)                 -0.653497204060
   10    2    p          :            (au)                 -0.611837162203
   11    2    p          :            (au)                 -0.570678524936
   12    2    p          :            (au)                 -0.498728694945
   13    2    p          :            (au)                 -0.462592932177
   14    2    p          :            (au)                 -0.426657597113
   15    2    p          :            (au)                 -0.383900182296
   16    2    p          :            (au)                 -0.367354138155
   17    2    p          :            (au)                 -0.356804760770
   18    2    p          :            (au)                 -0.350386591397
   19    2    p          :            (au)                 -0.328944195605
   20    2    p          :            (au)                 -0.281401044177
   21    2    p          :            (au)                 -0.277375070017
   22    2    p          :            (au)                 -0.273113227561
   23    2    p          :            (au)                 -0.224089753142
   24    2    p          :            (au)                 -0.122139607221
   25    2    p          :            (au)                 -0.027433840991
---------------------------------------------------------------------------
 Sum occupied            :            (au)               -169.165009844472
===========================================================================


~~~~~~~~~~~~~~~~~~~~~~~~~~~~~~~~~~~~~~~~~~~~~~~~~~~~~~~~~~~~~~~~~~~~~~~~~~~
 Calculation             : Optimize ground state orbitals
 Method                  : DFT (PBE)
 Relativity              : None
 Checkpointing           : Off
 Max iterations          : 500
 KAIN solver             : 6
 Localization            : First two iterations
 Diagonalization         : Off
 Start precision         : 1.00000e-06
 Final precision         : 1.00000e-06
 Helmholtz precision     : Dynamic
 Energy threshold        : Off
 Orbital threshold       : 5.00000e-05
~~~~~~~~~~~~~~~~~~~~~~~~~~~~~~~~~~~~~~~~~~~~~~~~~~~~~~~~~~~~~~~~~~~~~~~~~~~


===========================================================================
 Iter           MO residual             Total energy                Update
---------------------------------------------------------------------------
    0          5.099020e+00        -302.578917203583         -3.025789e+02
    1          3.883975e-01        -304.439809719028         -1.860893e+00
    2          1.748081e-01        -304.527454827646         -8.764511e-02
    3          7.438389e-02        -304.541057139740         -1.360231e-02
    4          3.621093e-02        -304.544935857828         -3.878718e-03
    5          3.069152e-02        -304.547616935251         -2.681077e-03
    6          1.346538e-02        -304.548232992969         -6.160577e-04
    7          1.145560e-02        -304.548715181816         -4.821888e-04
    8          1.189339e-02        -304.548958932924         -2.437511e-04
    9          5.766195e-03        -304.549030341690         -7.140877e-05
   10          3.746759e-03        -304.549072417283         -4.207559e-05
   11          3.279597e-03        -304.549096545655         -2.412837e-05
   12          1.605118e-03        -304.549103658673         -7.113019e-06
   13          1.291179e-03        -304.549107332277         -3.673603e-06
   14          7.624127e-04        -304.549108725117         -1.392840e-06
   15          3.539842e-04        -304.549109264639         -5.395218e-07
   16          3.336868e-04        -304.549109694614         -4.299750e-07
   17          2.438702e-04        -304.549109877627         -1.830126e-07
   18          1.600437e-04        -304.549109949890         -7.226379e-08
   19          1.190597e-04        -304.549110000183         -5.029267e-08
---------------------------------------------------------------------------
                      SCF converged in 19 iterations!
===========================================================================


                                                                           
***************************************************************************
***                                                                     ***
***                    Printing Molecular Properties                    ***
***                                                                     ***
***************************************************************************
                                                                           
                                                                           
===========================================================================
                                 Molecule
---------------------------------------------------------------------------
 Charge                  :                                               0
 Multiplicity            :                                               1
---------------------------------------------------------------------------
    N    Atom            :               x               y               z
---------------------------------------------------------------------------
    0       C            :       -3.713949        4.300002        0.514695
    1       C            :       -1.123858        4.325445        0.513920
    2       N            :       -4.411167        1.878133       -0.243845
    3       N            :       -0.379659        1.917709       -0.244978
    4       C            :       -2.380189        0.332981       -0.736001
    5       C            :        2.233252        1.127203       -0.501605
    6       H            :        3.240189        2.295492       -1.922479
    7       H            :        2.224616       -0.863242       -1.129438
    8       H            :        3.249290        1.270132        1.327340
    9       C            :       -7.008208        1.036598       -0.499283
   10       H            :       -8.038145        2.184062       -1.920648
   11       H            :       -8.026349        1.160881        1.329849
   12       H            :       -6.960891       -0.953705       -1.125844
   13       H            :       -5.076403        5.785773        0.985804
   14       H            :        0.209427        5.837680        0.984277
---------------------------------------------------------------------------
 Center of mass          :       -2.397555        2.117986       -0.175142
===========================================================================


===========================================================================
                         Molecular Energy (final)
---------------------------------------------------------------------------
 Kinetic energy          :            (au)                303.002864750460
 E-N energy              :            (au)              -1295.004741293082
 Coulomb energy          :            (au)                437.399403691867
 Exchange energy         :            (au)                  0.000000000000
 X-C energy              :            (au)                -43.481256467877
 Ext. field (el)         :            (au)                  0.000000000000
---------------------------------------------------------------------------
 N-N energy              :            (au)                293.534619318448
 Ext. field (nuc)        :            (au)                  0.000000000000
 Tot. Reac. Energy       :            (au)                  0.000000000000
 El. Reac. Energy        :            (au)                  0.000000000000
 Nuc. Reac. Energy       :            (au)                  0.000000000000
---------------------------------------------------------------------------
 Electronic energy       :            (au)               -598.083729318631
 Nuclear energy          :            (au)                293.534619318448
---------------------------------------------------------------------------
 Total energy            :            (au)             -3.045491100002e+02
                         :      (kcal/mol)             -1.911074518426e+05
                         :        (kJ/mol)             -7.995935785094e+05
                         :            (eV)             -8.287203463087e+03
===========================================================================


===========================================================================
                         Orbital Energies (final)
---------------------------------------------------------------------------
    n  Occ Spin          :                                         Epsilon
---------------------------------------------------------------------------
    0    2    p          :            (au)                -14.034346678577
    1    2    p          :            (au)                -14.034346246835
    2    2    p          :            (au)                 -9.920067959800
    3    2    p          :            (au)                 -9.920067662628
    4    2    p          :            (au)                 -9.915940055840
    5    2    p          :            (au)                 -9.915442970143
    6    2    p          :            (au)                 -9.891103815966
    7    2    p          :            (au)                 -0.933386072885
    8    2    p          :            (au)                 -0.834851724015
    9    2    p          :            (au)                 -0.702539719946
   10    2    p          :            (au)                 -0.655566802087
   11    2    p          :            (au)                 -0.617527953578
   12    2    p          :            (au)                 -0.538329034319
   13    2    p          :            (au)                 -0.512330029472
   14    2    p          :            (au)                 -0.471279958366
   15    2    p          :            (au)                 -0.422361565245
   16    2    p          :            (au)                 -0.408738730137
   17    2    p          :            (au)                 -0.395368415494
   18    2    p          :            (au)                 -0.389164741767
   19    2    p          :            (au)                 -0.387864813673
   20    2    p          :            (au)                 -0.345208557250
   21    2    p          :            (au)                 -0.337050534415
   22    2    p          :            (au)                 -0.333401763521
   23    2    p          :            (au)                 -0.240275567462
   24    2    p          :            (au)                 -0.204040658836
   25    2    p          :            (au)                 -0.177107562613
---------------------------------------------------------------------------
 Sum occupied            :            (au)               -173.075419189739
===========================================================================


===========================================================================
                           Dipole Moment (dip-1)
---------------------------------------------------------------------------
 r_O                     :        0.000000        0.000000        0.000000
---------------------------------------------------------------------------
 Electronic vector       :      124.662871     -109.107931        9.429635
 Magnitude               :            (au)                      165.934596
                         :         (Debye)                      421.763674
---------------------------------------------------------------------------
 Nuclear vector          :     -124.671763      110.021338       -9.142538
 Magnitude               :            (au)                      166.527263
                         :         (Debye)                      423.270085
---------------------------------------------------------------------------
 Total vector            :       -0.008892        0.913407        0.287097
 Magnitude               :            (au)                        0.957505
                         :         (Debye)                        2.433735
===========================================================================


                                                                           
                                                                           
***************************************************************************
***                                                                     ***
***                            Exiting MRChem                           ***
***                                                                     ***
***                       Wall time :  0h  7m  2s                       ***
***                                                                     ***
***************************************************************************
                                                                           
                                                                           
