                                                                           
                                                                           
***************************************************************************
***                                                                     ***
***                                                                     ***
***          __  __ ____   ____ _                                       ***
***         |  \/  |  _ \ / ___| |__   ___ _ __ ___                     ***
***         | |\/| | |_) | |   | '_ \ / _ \ '_ ` _ \                    ***
***         | |  | |  _ <| |___| | | |  __/ | | | | |                   ***
***         |_|  |_|_| \_\\____|_| |_|\___|_| |_| |_|                   ***
***                                                                     ***
***         VERSION            1.1.0-alpha                              ***
***                                                                     ***
***         Git branch         master                                   ***
***         Git commit hash    f6df85f5f746c23b4022                     ***
***         Git commit author  Stig Rune Jensen                         ***
***         Git commit date    Thu May 19 15:46:21 2022 +0200           ***
***                                                                     ***
***         Contact: luca.frediani@uit.no                               ***
***                                                                     ***
***         Radovan Bast            Magnar Bjorgve                      ***
***         Roberto Di Remigio      Antoine Durdek                      ***
***         Luca Frediani           Gabriel Gerez                       ***
***         Stig Rune Jensen        Jonas Juselius                      ***
***         Rune Monstad            Peter Wind                          ***
***                                                                     ***
***************************************************************************

---------------------------------------------------------------------------

 MPI processes           :       (32 bank)                              96
 OpenMP threads          :                                              15
 Total cores             :                                             992
                                                                           
---------------------------------------------------------------------------

XCFun DFT library Copyright 2009-2020 Ulf Ekstrom and contributors.
See http://dftlibs.org/xcfun/ for more information.

This is free software; see the source code for copying conditions.
There is ABSOLUTELY NO WARRANTY; not even for MERCHANTABILITY or
FITNESS FOR A PARTICULAR PURPOSE. For details see the documentation.
Scientific users of this library should cite
U. Ekstrom, L. Visscher, R. Bast, A. J. Thorvaldsen and K. Ruud;
J.Chem.Theor.Comp. 2010, DOI: 10.1021/ct100117s

---------------------------------------------------------------------------

 MRCPP version         : 1.4.1
 Git branch            : HEAD
 Git commit hash       : 75d41879b1908a94a452
 Git commit author     : Stig Rune Jensen
 Git commit date       : Thu Jan 6 11:38:53 2022 +0100

 Linear algebra        : EIGEN v3.4.0
 Parallelization       : MPI/OpenMP (15 threads)

---------------------------------------------------------------------------


                                                                           
===========================================================================
                         MultiResolution Analysis
---------------------------------------------------------------------------
 polynomial order      : 9
 polynomial type       : Interpolating
---------------------------------------------------------------------------
 total boxes           : 8
 boxes                 : [          2           2           2 ]
 unit lengths          : [   64.00000    64.00000    64.00000 ]
 scaling factor        : [    1.00000     1.00000     1.00000 ]
 lower bounds          : [  -64.00000   -64.00000   -64.00000 ]
 upper bounds          : [   64.00000    64.00000    64.00000 ]
 total length          : [  128.00000   128.00000   128.00000 ]
===========================================================================


                                                                           
***************************************************************************
***                                                                     ***
***                        Initializing Molecule                        ***
***                                                                     ***
***************************************************************************
                                                                           
                                                                           
===========================================================================
                                 Molecule
---------------------------------------------------------------------------
 Charge                  :                                               0
 Multiplicity            :                                               1
---------------------------------------------------------------------------
    N    Atom            :               x               y               z
---------------------------------------------------------------------------
    0      Ni            :       -1.121071        4.555555       -1.015524
    1       C            :        1.790007        4.244013        0.677873
    2       C            :       -1.655204        2.732735       -3.813700
    3       C            :       -3.507783        6.677703        0.097036
    4       O            :       -2.006659        1.547221       -5.616037
    5       O            :        3.671825        4.043808        1.771509
    6       O            :       -5.053014        8.045747        0.816828
---------------------------------------------------------------------------
 Center of mass          :       -1.124654        4.551176       -1.012753
===========================================================================


                                                                           
***************************************************************************
***                                                                     ***
***                 Computing Ground State Wavefunction                 ***
***                                                                     ***
***************************************************************************
                                                                           
                                                                           
~~~~~~~~~~~~~~~~~~~~~~~~~~~~~~~~~~~~~~~~~~~~~~~~~~~~~~~~~~~~~~~~~~~~~~~~~~~
 Calculation             : Compute initial orbitals
 Method                  : Diagonalize SAD Hamiltonian
 Precision               : 1.00000e-06
 Screening               : 1.20000e+01 StdDev
 Restricted              : True
 Functional              : LDA (SVWN5)
 AO basis                : 3-21G
~~~~~~~~~~~~~~~~~~~~~~~~~~~~~~~~~~~~~~~~~~~~~~~~~~~~~~~~~~~~~~~~~~~~~~~~~~~


===========================================================================
                            Molecular Orbitals
---------------------------------------------------------------------------
 Alpha electrons         :                                              35
 Beta electrons          :                                              35
 Total electrons         :                                              70
---------------------------------------------------------------------------
    n  Occ Spin          :                                            Norm
---------------------------------------------------------------------------
    0    2    p          :                              9.999999999318e-01
    1    2    p          :                              9.999999960118e-01
    2    2    p          :                              9.999999994029e-01
    3    2    p          :                              9.999999999441e-01
    4    2    p          :                              9.999999999361e-01
    5    2    p          :                              1.000000000046e+00
    6    2    p          :                              1.000000000001e+00
    7    2    p          :                              1.000000000002e+00
    8    2    p          :                              1.000000000126e+00
    9    2    p          :                              9.999999999588e-01
   10    2    p          :                              1.000000000014e+00
   11    2    p          :                              1.000000028881e+00
   12    2    p          :                              1.000000004773e+00
   13    2    p          :                              1.000000002164e+00
   14    2    p          :                              1.000000000853e+00
   15    2    p          :                              9.999999968400e-01
   16    2    p          :                              9.999999999768e-01
   17    2    p          :                              9.999999999896e-01
   18    2    p          :                              1.000000012306e+00
   19    2    p          :                              1.000000000612e+00
   20    2    p          :                              1.000000001033e+00
   21    2    p          :                              1.000000003362e+00
   22    2    p          :                              9.999999961273e-01
   23    2    p          :                              9.999999986500e-01
   24    2    p          :                              9.999999907989e-01
   25    2    p          :                              1.000000006840e+00
   26    2    p          :                              9.999999993292e-01
   27    2    p          :                              1.000000000084e+00
   28    2    p          :                              1.000000000729e+00
   29    2    p          :                              9.999999998427e-01
   30    2    p          :                              1.000000003136e+00
   31    2    p          :                              9.999999997450e-01
   32    2    p          :                              9.999999882688e-01
   33    2    p          :                              9.999999938013e-01
   34    2    p          :                              9.999999885879e-01
===========================================================================


~~~~~~~~~~~~~~~~~~~~~~~~~~~~~~~~~~~~~~~~~~~~~~~~~~~~~~~~~~~~~~~~~~~~~~~~~~~
 Calculation             : Compute initial energy
 Method                  : DFT (PBE)
 Relativity              : None
 Precision               : 1.00000e-06
 Localization            : On
~~~~~~~~~~~~~~~~~~~~~~~~~~~~~~~~~~~~~~~~~~~~~~~~~~~~~~~~~~~~~~~~~~~~~~~~~~~


===========================================================================
                        Molecular Energy (initial)
---------------------------------------------------------------------------
 Kinetic energy          :            (au)               1831.862138814706
 E-N energy              :            (au)              -5189.657860532646
 Coulomb energy          :            (au)               1212.471042959330
 Exchange energy         :            (au)                  0.000000000000
 X-C energy              :            (au)               -103.804460707105
 Ext. field (el)         :            (au)                  0.000000000000
---------------------------------------------------------------------------
 N-N energy              :            (au)                410.740235436595
 Ext. field (nuc)        :            (au)                  0.000000000000
 Tot. Reac. Energy       :            (au)                  0.000000000000
 El. Reac. Energy        :            (au)                  0.000000000000
 Nuc. Reac. Energy       :            (au)                  0.000000000000
---------------------------------------------------------------------------
 Electronic energy       :            (au)              -2249.129139465714
 Nuclear energy          :            (au)                410.740235436595
---------------------------------------------------------------------------
 Total energy            :            (au)             -1.838388904029e+03
                         :      (kcal/mol)             -1.153606454291e+06
                         :        (kJ/mol)             -4.826689404752e+06
                         :            (eV)             -5.002511053787e+04
===========================================================================


===========================================================================
                        Orbital Energies (initial)
---------------------------------------------------------------------------
    n  Occ Spin          :                                         Epsilon
---------------------------------------------------------------------------
    0    2    p          :            (au)               -296.879880993450
    1    2    p          :            (au)                -35.554663380229
    2    2    p          :            (au)                -31.007890646253
    3    2    p          :            (au)                -31.002612845806
    4    2    p          :            (au)                -30.982620080679
    5    2    p          :            (au)                -18.894515297772
    6    2    p          :            (au)                -18.719955375021
    7    2    p          :            (au)                -18.564614828962
    8    2    p          :            (au)                 -9.984271575862
    9    2    p          :            (au)                 -9.954202325874
   10    2    p          :            (au)                 -9.778923505503
   11    2    p          :            (au)                 -4.104982632222
   12    2    p          :            (au)                 -2.726518488044
   13    2    p          :            (au)                 -2.718411572694
   14    2    p          :            (au)                 -2.682036662992
   15    2    p          :            (au)                 -1.153084595453
   16    2    p          :            (au)                 -1.066429089160
   17    2    p          :            (au)                 -0.952712269584
   18    2    p          :            (au)                 -0.571952885904
   19    2    p          :            (au)                 -0.519976186270
   20    2    p          :            (au)                 -0.488054036929
   21    2    p          :            (au)                 -0.485458505948
   22    2    p          :            (au)                 -0.481008520709
   23    2    p          :            (au)                 -0.446027544241
   24    2    p          :            (au)                 -0.429393299979
   25    2    p          :            (au)                 -0.419120109815
   26    2    p          :            (au)                 -0.407674225272
   27    2    p          :            (au)                 -0.366280158030
   28    2    p          :            (au)                 -0.362379287579
   29    2    p          :            (au)                 -0.354829733088
   30    2    p          :            (au)                 -0.349243993272
   31    2    p          :            (au)                 -0.324522329932
   32    2    p          :            (au)                 -0.294144763807
   33    2    p          :            (au)                 -0.270862854943
   34    2    p          :            (au)                 -0.267050388249
---------------------------------------------------------------------------
 Sum occupied            :            (au)              -1067.132609979058
===========================================================================


~~~~~~~~~~~~~~~~~~~~~~~~~~~~~~~~~~~~~~~~~~~~~~~~~~~~~~~~~~~~~~~~~~~~~~~~~~~
 Calculation             : Optimize ground state orbitals
 Method                  : DFT (PBE)
 Relativity              : None
 Checkpointing           : Off
 Max iterations          : 500
 KAIN solver             : 6
 Localization            : First two iterations
 Diagonalization         : Off
 Start precision         : 1.00000e-06
 Final precision         : 1.00000e-06
 Helmholtz precision     : Dynamic
 Energy threshold        : Off
 Orbital threshold       : 5.00000e-05
~~~~~~~~~~~~~~~~~~~~~~~~~~~~~~~~~~~~~~~~~~~~~~~~~~~~~~~~~~~~~~~~~~~~~~~~~~~


===========================================================================
 Iter           MO residual             Total energy                Update
---------------------------------------------------------------------------
    0          5.916080e+00       -1838.388904029119         -1.838389e+03
    1          3.099874e-01       -1847.602068176401         -9.213164e+00
    2          1.245284e-01       -1847.930176198700         -3.281080e-01
    3          8.008377e-02       -1847.991158138841         -6.098194e-02
    4          5.169530e-02       -1848.011959878524         -2.080174e-02
    5          8.071743e-02       -1848.030293531082         -1.833365e-02
    6          3.571457e-02       -1848.036975070844         -6.681540e-03
    7          2.936220e-02       -1848.039990802574         -3.015732e-03
    8          3.021766e-02       -1848.042544160425         -2.553358e-03
    9          1.466721e-02       -1848.043298077884         -7.539175e-04
   10          1.143434e-02       -1848.043817968411         -5.198905e-04
   11          1.189068e-02       -1848.044192762855         -3.747944e-04
   12          9.734546e-03       -1848.044413252331         -2.204895e-04
   13          7.351113e-03       -1848.044526385414         -1.131331e-04
   14          6.896730e-03       -1848.044653309496         -1.269241e-04
   15          6.198071e-03       -1848.044734850026         -8.154053e-05
   16          8.244168e-03       -1848.044860533475         -1.256834e-04
   17          4.972860e-03       -1848.044896851636         -3.631816e-05
   18          5.163557e-03       -1848.044947332314         -5.048068e-05
   19          3.876561e-03       -1848.044970878018         -2.354570e-05
   20          3.030858e-03       -1848.044989069919         -1.819190e-05
   21          3.606078e-03       -1848.045003705250         -1.463533e-05
   22          2.473810e-03       -1848.045015398831         -1.169358e-05
   23          2.516893e-03       -1848.045028068328         -1.266950e-05
   24          1.698288e-03       -1848.045033327222         -5.258894e-06
   25          1.684045e-03       -1848.045039795811         -6.468589e-06
   26          1.530812e-03       -1848.045044043315         -4.247504e-06
   27          1.683395e-03       -1848.045047050928         -3.007613e-06
   28          8.640873e-04       -1848.045050066645         -3.015717e-06
   29          9.741456e-04       -1848.045051536500         -1.469855e-06
   30          8.438431e-04       -1848.045053201156         -1.664656e-06
   31          7.021178e-04       -1848.045054146665         -9.455084e-07
   32          6.263724e-04       -1848.045055092172         -9.455071e-07
   33          6.177441e-04       -1848.045055863551         -7.713797e-07
   34          5.212888e-04       -1848.045056620022         -7.564709e-07
   35          4.503394e-04       -1848.045056828180         -2.081574e-07
   36          5.185998e-04       -1848.045057463460         -6.352807e-07
   37          4.744361e-04       -1848.045057993702         -5.302418e-07
   38          4.790624e-04       -1848.045058342273         -3.485711e-07
   39          3.870673e-04       -1848.045058659147         -3.168739e-07
   40          3.228505e-04       -1848.045058939381         -2.802335e-07
   41          4.647195e-04       -1848.045059148771         -2.093907e-07
   42          3.360206e-04       -1848.045059315444         -1.666726e-07
   43          3.903292e-04       -1848.045059501706         -1.862622e-07
   44          3.253271e-04       -1848.045059661984         -1.602775e-07
   45          3.064351e-04       -1848.045059776026         -1.140420e-07
   46          2.201953e-04       -1848.045059876195         -1.001690e-07
   47          2.484256e-04       -1848.045059945836         -6.964092e-08
   48          2.410713e-04       -1848.045060042462         -9.662654e-08
   49          1.685283e-04       -1848.045060084497         -4.203457e-08
   50          1.726744e-04       -1848.045060139503         -5.500624e-08
   51          1.260585e-04       -1848.045060184247         -4.474396e-08
   52          1.425062e-04       -1848.045060224435         -4.018830e-08
   53          1.235867e-04       -1848.045060249151         -2.471597e-08
   54          1.071717e-04       -1848.045060282525         -3.337345e-08
---------------------------------------------------------------------------
                      SCF converged in 54 iterations!
===========================================================================


                                                                           
***************************************************************************
***                                                                     ***
***                    Printing Molecular Properties                    ***
***                                                                     ***
***************************************************************************
                                                                           
                                                                           
===========================================================================
                                 Molecule
---------------------------------------------------------------------------
 Charge                  :                                               0
 Multiplicity            :                                               1
---------------------------------------------------------------------------
    N    Atom            :               x               y               z
---------------------------------------------------------------------------
    0      Ni            :       -1.121071        4.555555       -1.015524
    1       C            :        1.790007        4.244013        0.677873
    2       C            :       -1.655204        2.732735       -3.813700
    3       C            :       -3.507783        6.677703        0.097036
    4       O            :       -2.006659        1.547221       -5.616037
    5       O            :        3.671825        4.043808        1.771509
    6       O            :       -5.053014        8.045747        0.816828
---------------------------------------------------------------------------
 Center of mass          :       -1.124654        4.551176       -1.012753
===========================================================================


===========================================================================
                         Molecular Energy (final)
---------------------------------------------------------------------------
 Kinetic energy          :            (au)               1845.697440379442
 E-N energy              :            (au)              -5222.416367862865
 Coulomb energy          :            (au)               1222.301676484252
 Exchange energy         :            (au)                  0.000000000000
 X-C energy              :            (au)               -104.368044719949
 Ext. field (el)         :            (au)                  0.000000000000
---------------------------------------------------------------------------
 N-N energy              :            (au)                410.740235436595
 Ext. field (nuc)        :            (au)                  0.000000000000
 Tot. Reac. Energy       :            (au)                  0.000000000000
 El. Reac. Energy        :            (au)                  0.000000000000
 Nuc. Reac. Energy       :            (au)                  0.000000000000
---------------------------------------------------------------------------
 Electronic energy       :            (au)              -2258.785295719119
 Nuclear energy          :            (au)                410.740235436595
---------------------------------------------------------------------------
 Total energy            :            (au)             -1.848045060283e+03
                         :      (kcal/mol)             -1.159665783823e+06
                         :        (kJ/mol)             -4.852041639514e+06
                         :            (eV)             -5.028786793534e+04
===========================================================================


===========================================================================
                         Orbital Energies (final)
---------------------------------------------------------------------------
    n  Occ Spin          :                                         Epsilon
---------------------------------------------------------------------------
    0    2    p          :            (au)               -298.365263294824
    1    2    p          :            (au)                -35.264209421551
    2    2    p          :            (au)                -30.772917193811
    3    2    p          :            (au)                -30.772900051352
    4    2    p          :            (au)                -30.761668815417
    5    2    p          :            (au)                -18.845326649942
    6    2    p          :            (au)                -18.845319635773
    7    2    p          :            (au)                -18.845279373729
    8    2    p          :            (au)                -10.009636286065
    9    2    p          :            (au)                -10.009619022958
   10    2    p          :            (au)                -10.009584930338
   11    2    p          :            (au)                 -3.856337137059
   12    2    p          :            (au)                 -2.494419967834
   13    2    p          :            (au)                 -2.494394956993
   14    2    p          :            (au)                 -2.472005851530
   15    2    p          :            (au)                 -1.053708686313
   16    2    p          :            (au)                 -1.053573066289
   17    2    p          :            (au)                 -1.053544390478
   18    2    p          :            (au)                 -0.536327552641
   19    2    p          :            (au)                 -0.519293562555
   20    2    p          :            (au)                 -0.519270079986
   21    2    p          :            (au)                 -0.442473713280
   22    2    p          :            (au)                 -0.424794344040
   23    2    p          :            (au)                 -0.424773831233
   24    2    p          :            (au)                 -0.424268764049
   25    2    p          :            (au)                 -0.424051938467
   26    2    p          :            (au)                 -0.424020934816
   27    2    p          :            (au)                 -0.417534679653
   28    2    p          :            (au)                 -0.408884851646
   29    2    p          :            (au)                 -0.408853654862
   30    2    p          :            (au)                 -0.252224987146
   31    2    p          :            (au)                 -0.252203538492
   32    2    p          :            (au)                 -0.238562118817
   33    2    p          :            (au)                 -0.238475687518
   34    2    p          :            (au)                 -0.227843357169
---------------------------------------------------------------------------
 Sum occupied            :            (au)              -1067.127132657250
===========================================================================


===========================================================================
                           Dipole Moment (dip-1)
---------------------------------------------------------------------------
 r_O                     :        0.000000        0.000000        0.000000
---------------------------------------------------------------------------
 Electronic vector       :       78.732421     -318.573322       70.887479
 Magnitude               :            (au)                      335.727256
                         :         (Debye)                      853.333568
---------------------------------------------------------------------------
 Nuclear vector          :      -78.730639      318.576455      -70.889013
 Magnitude               :            (au)                      335.730135
                         :         (Debye)                      853.340886
---------------------------------------------------------------------------
 Total vector            :        0.001782        0.003133       -0.001534
 Magnitude               :            (au)                        0.003917
                         :         (Debye)                        0.009956
===========================================================================


                                                                           
                                                                           
***************************************************************************
***                                                                     ***
***                            Exiting MRChem                           ***
***                                                                     ***
***                       Wall time :  0h 22m 53s                       ***
***                                                                     ***
***************************************************************************
                                                                           
                                                                           
