                                                                           
                                                                           
***************************************************************************
***                                                                     ***
***                                                                     ***
***          __  __ ____   ____ _                                       ***
***         |  \/  |  _ \ / ___| |__   ___ _ __ ___                     ***
***         | |\/| | |_) | |   | '_ \ / _ \ '_ ` _ \                    ***
***         | |  | |  _ <| |___| | | |  __/ | | | | |                   ***
***         |_|  |_|_| \_\\____|_| |_|\___|_| |_| |_|                   ***
***                                                                     ***
***         VERSION            1.1.0-alpha                              ***
***                                                                     ***
***         Git branch         master                                   ***
***         Git commit hash    f6df85f5f746c23b4022                     ***
***         Git commit author  Stig Rune Jensen                         ***
***         Git commit date    Thu May 19 15:46:21 2022 +0200           ***
***                                                                     ***
***         Contact: luca.frediani@uit.no                               ***
***                                                                     ***
***         Radovan Bast            Magnar Bjorgve                      ***
***         Roberto Di Remigio      Antoine Durdek                      ***
***         Luca Frediani           Gabriel Gerez                       ***
***         Stig Rune Jensen        Jonas Juselius                      ***
***         Rune Monstad            Peter Wind                          ***
***                                                                     ***
***************************************************************************

---------------------------------------------------------------------------

 MPI processes           :       (32 bank)                              96
 OpenMP threads          :                                              15
 Total cores             :                                             992
                                                                           
---------------------------------------------------------------------------

XCFun DFT library Copyright 2009-2020 Ulf Ekstrom and contributors.
See http://dftlibs.org/xcfun/ for more information.

This is free software; see the source code for copying conditions.
There is ABSOLUTELY NO WARRANTY; not even for MERCHANTABILITY or
FITNESS FOR A PARTICULAR PURPOSE. For details see the documentation.
Scientific users of this library should cite
U. Ekstrom, L. Visscher, R. Bast, A. J. Thorvaldsen and K. Ruud;
J.Chem.Theor.Comp. 2010, DOI: 10.1021/ct100117s

---------------------------------------------------------------------------

 MRCPP version         : 1.4.1
 Git branch            : HEAD
 Git commit hash       : 75d41879b1908a94a452
 Git commit author     : Stig Rune Jensen
 Git commit date       : Thu Jan 6 11:38:53 2022 +0100

 Linear algebra        : EIGEN v3.4.0
 Parallelization       : MPI/OpenMP (15 threads)

---------------------------------------------------------------------------


                                                                           
===========================================================================
                         MultiResolution Analysis
---------------------------------------------------------------------------
 polynomial order      : 9
 polynomial type       : Interpolating
---------------------------------------------------------------------------
 total boxes           : 8
 boxes                 : [          2           2           2 ]
 unit lengths          : [   64.00000    64.00000    64.00000 ]
 scaling factor        : [    1.00000     1.00000     1.00000 ]
 lower bounds          : [  -64.00000   -64.00000   -64.00000 ]
 upper bounds          : [   64.00000    64.00000    64.00000 ]
 total length          : [  128.00000   128.00000   128.00000 ]
===========================================================================


                                                                           
***************************************************************************
***                                                                     ***
***                        Initializing Molecule                        ***
***                                                                     ***
***************************************************************************
                                                                           
                                                                           
===========================================================================
                                 Molecule
---------------------------------------------------------------------------
 Charge                  :                                               0
 Multiplicity            :                                               1
---------------------------------------------------------------------------
    N    Atom            :               x               y               z
---------------------------------------------------------------------------
    0      Ni            :        0.119487        4.749333       -1.413402
    1       C            :        1.516496        3.116650        1.200755
    2       C            :       -1.168531        2.632574       -3.717785
    3       C            :       -2.145047        7.043300       -0.387112
    4       O            :       -2.187889        1.175805       -5.004240
    5       O            :        2.151026        1.957573        2.951102
    6       O            :       -3.766818        8.303869        0.382208
    7       C            :        4.739979        8.994605       -6.694954
    8       C            :        2.324049        8.535517       -5.194700
    9       O            :        3.028280        6.702335       -3.303700
   10       C            :        5.263122        5.330010       -4.098264
   11       C            :        5.898287        6.332083       -6.737465
   12       H            :        5.990802       10.335080       -5.676284
   13       H            :        4.373021        9.769449       -8.603526
   14       H            :        0.792780        7.741331       -6.402933
   15       H            :        1.575863       10.219078       -4.199699
   16       H            :        4.834936        3.279024       -4.061658
   17       H            :        6.783079        5.718273       -2.701167
   18       H            :        4.962831        5.164506       -8.206663
   19       H            :        7.953870        6.322175       -7.126297
---------------------------------------------------------------------------
 Center of mass          :        1.068253        5.270508       -2.409978
===========================================================================


                                                                           
***************************************************************************
***                                                                     ***
***                 Computing Ground State Wavefunction                 ***
***                                                                     ***
***************************************************************************
                                                                           
                                                                           
~~~~~~~~~~~~~~~~~~~~~~~~~~~~~~~~~~~~~~~~~~~~~~~~~~~~~~~~~~~~~~~~~~~~~~~~~~~
 Calculation             : Compute initial orbitals
 Method                  : Diagonalize SAD Hamiltonian
 Precision               : 1.00000e-06
 Screening               : 1.20000e+01 StdDev
 Restricted              : True
 Functional              : LDA (SVWN5)
 AO basis                : 3-21G
~~~~~~~~~~~~~~~~~~~~~~~~~~~~~~~~~~~~~~~~~~~~~~~~~~~~~~~~~~~~~~~~~~~~~~~~~~~


===========================================================================
                            Molecular Orbitals
---------------------------------------------------------------------------
 Alpha electrons         :                                              55
 Beta electrons          :                                              55
 Total electrons         :                                             110
---------------------------------------------------------------------------
    n  Occ Spin          :                                            Norm
---------------------------------------------------------------------------
    0    2    p          :                              1.000000000005e+00
    1    2    p          :                              1.000000000002e+00
    2    2    p          :                              1.000000000033e+00
    3    2    p          :                              1.000000000004e+00
    4    2    p          :                              9.999999999966e-01
    5    2    p          :                              9.999999999907e-01
    6    2    p          :                              1.000000000132e+00
    7    2    p          :                              1.000000000013e+00
    8    2    p          :                              9.999999999999e-01
    9    2    p          :                              9.999999999729e-01
   10    2    p          :                              1.000000000054e+00
   11    2    p          :                              9.999999999722e-01
   12    2    p          :                              9.999999998621e-01
   13    2    p          :                              1.000000000096e+00
   14    2    p          :                              1.000000000013e+00
   15    2    p          :                              1.000000000006e+00
   16    2    p          :                              9.999999999568e-01
   17    2    p          :                              9.999999999002e-01
   18    2    p          :                              9.999999999079e-01
   19    2    p          :                              9.999999998076e-01
   20    2    p          :                              9.999999996022e-01
   21    2    p          :                              9.999999963731e-01
   22    2    p          :                              1.000000000115e+00
   23    2    p          :                              9.999999995582e-01
   24    2    p          :                              9.999999992741e-01
   25    2    p          :                              1.000000000024e+00
   26    2    p          :                              1.000000000738e+00
   27    2    p          :                              9.999999989755e-01
   28    2    p          :                              9.999999997217e-01
   29    2    p          :                              1.000000010055e+00
   30    2    p          :                              9.999999978645e-01
   31    2    p          :                              9.999999999765e-01
   32    2    p          :                              1.000000000907e+00
   33    2    p          :                              1.000000002382e+00
   34    2    p          :                              1.000000000495e+00
   35    2    p          :                              9.999999996032e-01
   36    2    p          :                              9.999999993929e-01
   37    2    p          :                              1.000000001053e+00
   38    2    p          :                              1.000000000103e+00
   39    2    p          :                              1.000000001008e+00
   40    2    p          :                              9.999999938333e-01
   41    2    p          :                              1.000000001902e+00
   42    2    p          :                              9.999999965399e-01
   43    2    p          :                              1.000000005983e+00
   44    2    p          :                              9.999999988248e-01
   45    2    p          :                              9.999999998986e-01
   46    2    p          :                              9.999999966319e-01
   47    2    p          :                              9.999999996638e-01
   48    2    p          :                              9.999999995158e-01
   49    2    p          :                              9.999999952309e-01
   50    2    p          :                              9.999999968418e-01
   51    2    p          :                              9.999999999273e-01
   52    2    p          :                              1.000000000418e+00
   53    2    p          :                              1.000000002805e+00
   54    2    p          :                              9.999999920849e-01
===========================================================================


~~~~~~~~~~~~~~~~~~~~~~~~~~~~~~~~~~~~~~~~~~~~~~~~~~~~~~~~~~~~~~~~~~~~~~~~~~~
 Calculation             : Compute initial energy
 Method                  : DFT (PBE)
 Relativity              : None
 Precision               : 1.00000e-06
 Localization            : On
~~~~~~~~~~~~~~~~~~~~~~~~~~~~~~~~~~~~~~~~~~~~~~~~~~~~~~~~~~~~~~~~~~~~~~~~~~~


===========================================================================
                        Molecular Energy (initial)
---------------------------------------------------------------------------
 Kinetic energy          :            (au)               2059.363086583095
 E-N energy              :            (au)              -6868.378317789324
 Coulomb energy          :            (au)               1892.858698006747
 Exchange energy         :            (au)                  0.000000000000
 X-C energy              :            (au)               -136.644548700486
 Ext. field (el)         :            (au)                  0.000000000000
---------------------------------------------------------------------------
 N-N energy              :            (au)                983.729703836193
 Ext. field (nuc)        :            (au)                  0.000000000000
 Tot. Reac. Energy       :            (au)                  0.000000000000
 El. Reac. Energy        :            (au)                  0.000000000000
 Nuc. Reac. Energy       :            (au)                  0.000000000000
---------------------------------------------------------------------------
 Electronic energy       :            (au)              -3052.801081899968
 Nuclear energy          :            (au)                983.729703836193
---------------------------------------------------------------------------
 Total energy            :            (au)             -2.069071378064e+03
                         :      (kcal/mol)             -1.298361892248e+06
                         :        (kJ/mol)             -5.432346157164e+06
                         :            (eV)             -5.630230043901e+04
===========================================================================


===========================================================================
                        Orbital Energies (initial)
---------------------------------------------------------------------------
    n  Occ Spin          :                                         Epsilon
---------------------------------------------------------------------------
    0    2    p          :            (au)               -297.239591407680
    1    2    p          :            (au)                -35.901018581369
    2    2    p          :            (au)                -31.356260897752
    3    2    p          :            (au)                -31.349241241834
    4    2    p          :            (au)                -31.337432112746
    5    2    p          :            (au)                -18.824742545084
    6    2    p          :            (au)                -18.730544066700
    7    2    p          :            (au)                -18.688670381056
    8    2    p          :            (au)                -18.466272949341
    9    2    p          :            (au)                 -9.965265654570
   10    2    p          :            (au)                 -9.816561947196
   11    2    p          :            (au)                 -9.801701647161
   12    2    p          :            (au)                 -9.797023499870
   13    2    p          :            (au)                 -9.699304499593
   14    2    p          :            (au)                 -9.684770238598
   15    2    p          :            (au)                 -9.629048858960
   16    2    p          :            (au)                 -4.338498138085
   17    2    p          :            (au)                 -2.946383677514
   18    2    p          :            (au)                 -2.937653260027
   19    2    p          :            (au)                 -2.915312198151
   20    2    p          :            (au)                 -1.106481225682
   21    2    p          :            (au)                 -1.006199911948
   22    2    p          :            (au)                 -0.983013651252
   23    2    p          :            (au)                 -0.875902121910
   24    2    p          :            (au)                 -0.663755138563
   25    2    p          :            (au)                 -0.659986871750
   26    2    p          :            (au)                 -0.581598613122
   27    2    p          :            (au)                 -0.541892636464
   28    2    p          :            (au)                 -0.535111050911
   29    2    p          :            (au)                 -0.522430666362
   30    2    p          :            (au)                 -0.510363420503
   31    2    p          :            (au)                 -0.507548459351
   32    2    p          :            (au)                 -0.498980319069
   33    2    p          :            (au)                 -0.495285169441
   34    2    p          :            (au)                 -0.471262784430
   35    2    p          :            (au)                 -0.441452730008
   36    2    p          :            (au)                 -0.440529816535
   37    2    p          :            (au)                 -0.438175077793
   38    2    p          :            (au)                 -0.422138881697
   39    2    p          :            (au)                 -0.390561885526
   40    2    p          :            (au)                 -0.388510640987
   41    2    p          :            (au)                 -0.364585718344
   42    2    p          :            (au)                 -0.357629667424
   43    2    p          :            (au)                 -0.354449473328
   44    2    p          :            (au)                 -0.331365804975
   45    2    p          :            (au)                 -0.322144498317
   46    2    p          :            (au)                 -0.298629542539
   47    2    p          :            (au)                 -0.290976759071
   48    2    p          :            (au)                 -0.269201925836
   49    2    p          :            (au)                 -0.253439174518
   50    2    p          :            (au)                 -0.241607321734
   51    2    p          :            (au)                 -0.237220530779
   52    2    p          :            (au)                 -0.229185833546
   53    2    p          :            (au)                 -0.222923694645
   54    2    p          :            (au)                 -0.217437225847
---------------------------------------------------------------------------
 Sum occupied            :            (au)              -1199.794552094990
===========================================================================


~~~~~~~~~~~~~~~~~~~~~~~~~~~~~~~~~~~~~~~~~~~~~~~~~~~~~~~~~~~~~~~~~~~~~~~~~~~
 Calculation             : Optimize ground state orbitals
 Method                  : DFT (PBE)
 Relativity              : None
 Checkpointing           : Off
 Max iterations          : 500
 KAIN solver             : 6
 Localization            : First two iterations
 Diagonalization         : Off
 Start precision         : 1.00000e-06
 Final precision         : 1.00000e-06
 Helmholtz precision     : Dynamic
 Energy threshold        : Off
 Orbital threshold       : 5.00000e-05
~~~~~~~~~~~~~~~~~~~~~~~~~~~~~~~~~~~~~~~~~~~~~~~~~~~~~~~~~~~~~~~~~~~~~~~~~~~


===========================================================================
 Iter           MO residual             Total energy                Update
---------------------------------------------------------------------------
    0          7.416198e+00       -2069.071378063775         -2.069071e+03
    1          4.375501e-01       -2079.767296098779         -1.069592e+01
    2          1.845992e-01       -2080.163377017078         -3.960809e-01
    3          1.172055e-01       -2080.239909611023         -7.653259e-02
    4          6.594944e-02       -2080.271299680877         -3.139007e-02
    5          8.246675e-02       -2080.291688798583         -2.038912e-02
    6          5.599413e-02       -2080.305275204370         -1.358641e-02
    7          3.206565e-02       -2080.309301551342         -4.026347e-03
    8          4.302515e-02       -2080.313405967552         -4.104416e-03
    9          2.093111e-02       -2080.314418923800         -1.012956e-03
   10          1.852351e-02       -2080.315570304972         -1.151381e-03
   11          1.267801e-02       -2080.316020449421         -4.501444e-04
   12          1.417960e-02       -2080.316415499699         -3.950503e-04
   13          8.597159e-03       -2080.316558081438         -1.425817e-04
   14          8.828386e-03       -2080.316780720676         -2.226392e-04
   15          7.577676e-03       -2080.316933413866         -1.526932e-04
   16          7.523827e-03       -2080.317064558120         -1.311443e-04
   17          5.541456e-03       -2080.317136005985         -7.144786e-05
   18          5.614553e-03       -2080.317213648738         -7.764275e-05
   19          5.057346e-03       -2080.317270228067         -5.657933e-05
   20          4.280564e-03       -2080.317297095552         -2.686749e-05
   21          4.257019e-03       -2080.317329571944         -3.247639e-05
   22          3.382899e-03       -2080.317358277217         -2.870527e-05
   23          4.303084e-03       -2080.317383962198         -2.568498e-05
   24          2.688272e-03       -2080.317396010507         -1.204831e-05
   25          2.520952e-03       -2080.317409744326         -1.373382e-05
   26          2.357589e-03       -2080.317419383035         -9.638709e-06
   27          2.107292e-03       -2080.317425038124         -5.655089e-06
   28          1.713263e-03       -2080.317430042313         -5.004189e-06
   29          1.416307e-03       -2080.317433928765         -3.886452e-06
   30          1.550197e-03       -2080.317438052673         -4.123908e-06
   31          9.317967e-04       -2080.317439843737         -1.791064e-06
   32          1.032879e-03       -2080.317441519842         -1.676106e-06
   33          7.220799e-04       -2080.317443090188         -1.570345e-06
   34          7.579102e-04       -2080.317444134517         -1.044329e-06
   35          6.962108e-04       -2080.317444879599         -7.450822e-07
   36          6.307102e-04       -2080.317445725518         -8.459192e-07
   37          7.003967e-04       -2080.317446766240         -1.040722e-06
   38          5.200775e-04       -2080.317447225199         -4.589592e-07
   39          5.665606e-04       -2080.317447912636         -6.874370e-07
   40          4.236851e-04       -2080.317448370500         -4.578633e-07
   41          4.992838e-04       -2080.317448851588         -4.810881e-07
   42          4.379809e-04       -2080.317449210592         -3.590039e-07
   43          4.202413e-04       -2080.317449542659         -3.320674e-07
   44          4.656272e-04       -2080.317449953174         -4.105145e-07
   45          3.473568e-04       -2080.317450200965         -2.477914e-07
   46          4.108130e-04       -2080.317450493917         -2.929523e-07
   47          2.961924e-04       -2080.317450697168         -2.032507e-07
   48          3.547854e-04       -2080.317450929053         -2.318852e-07
   49          3.040299e-04       -2080.317451090208         -1.611547e-07
   50          2.547990e-04       -2080.317451224407         -1.341991e-07
   51          2.927673e-04       -2080.317451381340         -1.569324e-07
   52          2.471277e-04       -2080.317451475989         -9.464975e-08
   53          2.612668e-04       -2080.317451597390         -1.214007e-07
   54          1.981074e-04       -2080.317451670147         -7.275730e-08
   55          2.325906e-04       -2080.317451756519         -8.637198e-08
   56          1.749547e-04       -2080.317451815376         -5.885613e-08
   57          1.638821e-04       -2080.317451854479         -3.910372e-08
   58          1.826303e-04       -2080.317451906552         -5.207312e-08
   59          1.482462e-04       -2080.317451940386         -3.383411e-08
   60          1.602032e-04       -2080.317451974940         -3.455398e-08
   61          1.139513e-04       -2080.317451998324         -2.338402e-08
---------------------------------------------------------------------------
                      SCF converged in 61 iterations!
===========================================================================


                                                                           
***************************************************************************
***                                                                     ***
***                    Printing Molecular Properties                    ***
***                                                                     ***
***************************************************************************
                                                                           
                                                                           
===========================================================================
                                 Molecule
---------------------------------------------------------------------------
 Charge                  :                                               0
 Multiplicity            :                                               1
---------------------------------------------------------------------------
    N    Atom            :               x               y               z
---------------------------------------------------------------------------
    0      Ni            :        0.119487        4.749333       -1.413402
    1       C            :        1.516496        3.116650        1.200755
    2       C            :       -1.168531        2.632574       -3.717785
    3       C            :       -2.145047        7.043300       -0.387112
    4       O            :       -2.187889        1.175805       -5.004240
    5       O            :        2.151026        1.957573        2.951102
    6       O            :       -3.766818        8.303869        0.382208
    7       C            :        4.739979        8.994605       -6.694954
    8       C            :        2.324049        8.535517       -5.194700
    9       O            :        3.028280        6.702335       -3.303700
   10       C            :        5.263122        5.330010       -4.098264
   11       C            :        5.898287        6.332083       -6.737465
   12       H            :        5.990802       10.335080       -5.676284
   13       H            :        4.373021        9.769449       -8.603526
   14       H            :        0.792780        7.741331       -6.402933
   15       H            :        1.575863       10.219078       -4.199699
   16       H            :        4.834936        3.279024       -4.061658
   17       H            :        6.783079        5.718273       -2.701167
   18       H            :        4.962831        5.164506       -8.206663
   19       H            :        7.953870        6.322175       -7.126297
---------------------------------------------------------------------------
 Center of mass          :        1.068253        5.270508       -2.409978
===========================================================================


===========================================================================
                         Molecular Energy (final)
---------------------------------------------------------------------------
 Kinetic energy          :            (au)               2076.829999341673
 E-N energy              :            (au)              -6910.430429131038
 Coulomb energy          :            (au)               1906.915819306565
 Exchange energy         :            (au)                  0.000000000000
 X-C energy              :            (au)               -137.362545351717
 Ext. field (el)         :            (au)                  0.000000000000
---------------------------------------------------------------------------
 N-N energy              :            (au)                983.729703836193
 Ext. field (nuc)        :            (au)                  0.000000000000
 Tot. Reac. Energy       :            (au)                  0.000000000000
 El. Reac. Energy        :            (au)                  0.000000000000
 Nuc. Reac. Energy       :            (au)                  0.000000000000
---------------------------------------------------------------------------
 Electronic energy       :            (au)              -3064.047155834518
 Nuclear energy          :            (au)                983.729703836193
---------------------------------------------------------------------------
 Total energy            :            (au)             -2.080317451998e+03
                         :      (kcal/mol)             -1.305418910188e+06
                         :        (kJ/mol)             -5.461872720225e+06
                         :            (eV)             -5.660832170060e+04
===========================================================================


===========================================================================
                         Orbital Energies (final)
---------------------------------------------------------------------------
    n  Occ Spin          :                                         Epsilon
---------------------------------------------------------------------------
    0    2    p          :            (au)               -298.348436995515
    1    2    p          :            (au)                -35.249609732884
    2    2    p          :            (au)                -30.756608744009
    3    2    p          :            (au)                -30.756555293926
    4    2    p          :            (au)                -30.749690645463
    5    2    p          :            (au)                -18.817213001540
    6    2    p          :            (au)                -18.815954834320
    7    2    p          :            (au)                -18.815816047060
    8    2    p          :            (au)                -18.800954493023
    9    2    p          :            (au)                 -9.984561183234
   10    2    p          :            (au)                 -9.983479204893
   11    2    p          :            (au)                 -9.983288235084
   12    2    p          :            (au)                 -9.957726357481
   13    2    p          :            (au)                 -9.957611876497
   14    2    p          :            (au)                 -9.916183642756
   15    2    p          :            (au)                 -9.915779703913
   16    2    p          :            (au)                 -3.841420121107
   17    2    p          :            (au)                 -2.476358026380
   18    2    p          :            (au)                 -2.476251706486
   19    2    p          :            (au)                 -2.462623966695
   20    2    p          :            (au)                 -1.025689769696
   21    2    p          :            (au)                 -1.024655010052
   22    2    p          :            (au)                 -1.024451730021
   23    2    p          :            (au)                 -0.985038202389
   24    2    p          :            (au)                 -0.740067508806
   25    2    p          :            (au)                 -0.697018747293
   26    2    p          :            (au)                 -0.563583469829
   27    2    p          :            (au)                 -0.557347516278
   28    2    p          :            (au)                 -0.513866321232
   29    2    p          :            (au)                 -0.494955493354
   30    2    p          :            (au)                 -0.493663042981
   31    2    p          :            (au)                 -0.479055254092
   32    2    p          :            (au)                 -0.477494384688
   33    2    p          :            (au)                 -0.420521052781
   34    2    p          :            (au)                 -0.414995481721
   35    2    p          :            (au)                 -0.403978835173
   36    2    p          :            (au)                 -0.400242153496
   37    2    p          :            (au)                 -0.399939066908
   38    2    p          :            (au)                 -0.398491612322
   39    2    p          :            (au)                 -0.395242000259
   40    2    p          :            (au)                 -0.394595610052
   41    2    p          :            (au)                 -0.390619462974
   42    2    p          :            (au)                 -0.386610579716
   43    2    p          :            (au)                 -0.383997564870
   44    2    p          :            (au)                 -0.381883326485
   45    2    p          :            (au)                 -0.350534394925
   46    2    p          :            (au)                 -0.338300673406
   47    2    p          :            (au)                 -0.329556897841
   48    2    p          :            (au)                 -0.315779039052
   49    2    p          :            (au)                 -0.260007213653
   50    2    p          :            (au)                 -0.241303679215
   51    2    p          :            (au)                 -0.237869892009
   52    2    p          :            (au)                 -0.206818812904
   53    2    p          :            (au)                 -0.203633656084
   54    2    p          :            (au)                 -0.199462171903
---------------------------------------------------------------------------
 Sum occupied            :            (au)              -1197.194786881455
===========================================================================


===========================================================================
                           Dipole Moment (dip-1)
---------------------------------------------------------------------------
 r_O                     :        0.000000        0.000000        0.000000
---------------------------------------------------------------------------
 Electronic vector       :     -131.545213     -587.716813      278.799749
 Magnitude               :            (au)                      663.659925
                         :         (Debye)                     1686.855274
---------------------------------------------------------------------------
 Nuclear vector          :      132.979759      588.555336     -280.127674
 Magnitude               :            (au)                      665.246205
                         :         (Debye)                     1690.887195
---------------------------------------------------------------------------
 Total vector            :        1.434546        0.838522       -1.327924
 Magnitude               :            (au)                        2.127069
                         :         (Debye)                        5.406471
===========================================================================


                                                                           
                                                                           
***************************************************************************
***                                                                     ***
***                            Exiting MRChem                           ***
***                                                                     ***
***                       Wall time :  0h 34m 35s                       ***
***                                                                     ***
***************************************************************************
                                                                           
                                                                           
