Starting job 382828 on b[4367-4374] at Thu Jun 23 10:26:47 CEST 2022

Copying Ni-THF_Complex_mw6.out to /cluster/home/ambr/projects/zora/reaction_energies/calcs_nrel
Copying Ni-THF_Complex_mw6.json to /cluster/home/ambr/projects/zora/reaction_energies/calcs_nrel

Task and CPU usage stats:
JobID           JobName  AllocCPUS   NTasks     MinCPU MinCPUTask     AveCPU    Elapsed ExitCode 
------------ ---------- ---------- -------- ---------- ---------- ---------- ---------- -------- 
382828       Ni-THF_Co+       1024                                             00:35:43      0:0 
382828.batch      batch        128        1   22:33:33          0   22:33:33   00:35:43      0:0 
382828.exte+     extern       1024        8   00:00:00          4   00:00:00   00:35:44      0:0 
382828.0          orted        896        7   09:02:39          6 1-01:03:03   00:34:41      0:0 

Memory usage stats:
JobID            MaxRSS MaxRSSTask     AveRSS MaxPages   MaxPagesTask   AvePages 
------------ ---------- ---------- ---------- -------- -------------- ---------- 
382828                                                                           
382828.batch  64212156K          0  64212156K     1275              0          0 
382828.exte+       858K          0       853K        3              1          1 
382828.0      75746222K          1 724527408+     1434              6       1010 

Disk usage stats:
JobID         MaxDiskRead MaxDiskReadTask    AveDiskRead MaxDiskWrite MaxDiskWriteTask   AveDiskWrite 
------------ ------------ --------------- -------------- ------------ ---------------- -------------- 
382828                                                                                                
382828.batch     5402.49M               0       5402.49M     5970.82M                0       5970.82M 
382828.exte+        0.00M               4          0.00M            0                4              0 
382828.0           46.46M               1         32.01M     1080.91M                2        724.29M 

Job 382828 completed at Thu Jun 23 11:02:31 CEST 2022
