Starting job 382905 on b[4349-4356] at Thu Jun 23 11:29:02 CEST 2022

Copying Cr-Alkene1_Complex_mw6.out to /cluster/home/ambr/projects/zora/reaction_energies/calcs_zora
Copying Cr-Alkene1_Complex_mw6.json to /cluster/home/ambr/projects/zora/reaction_energies/calcs_zora

Task and CPU usage stats:
JobID           JobName  AllocCPUS   NTasks     MinCPU MinCPUTask     AveCPU    Elapsed ExitCode 
------------ ---------- ---------- -------- ---------- ---------- ---------- ---------- -------- 
382905       Cr-Alkene+       1024                                             00:15:35      0:0 
382905.batch      batch        128        1   10:05:12          0   10:05:12   00:15:35      0:0 
382905.exte+     extern       1024        8   00:00:00          3   00:00:00   00:15:36      0:0 
382905.0          orted        896        7   05:12:56          6   11:12:08   00:12:47      0:0 

Memory usage stats:
JobID            MaxRSS MaxRSSTask     AveRSS MaxPages   MaxPagesTask   AvePages 
------------ ---------- ---------- ---------- -------- -------------- ---------- 
382905                                                                           
382905.batch  99248405K          0  99248405K     1043              0          0 
382905.exte+       871K          2     880256        3              3          1 
382905.0     107140397K          3 102360688K      829              3        808 

Disk usage stats:
JobID         MaxDiskRead MaxDiskReadTask    AveDiskRead MaxDiskWrite MaxDiskWriteTask   AveDiskWrite 
------------ ------------ --------------- -------------- ------------ ---------------- -------------- 
382905                                                                                                
382905.batch    11983.47M               0      11983.47M    12038.99M                0      12038.99M 
382905.exte+        0.00M               3          0.00M            0                3              0 
382905.0         1002.16M               1        780.97M      131.22M                4        111.34M 

Job 382905 completed at Thu Jun 23 11:44:39 CEST 2022
