                                                                           
                                                                           
***************************************************************************
***                                                                     ***
***                                                                     ***
***          __  __ ____   ____ _                                       ***
***         |  \/  |  _ \ / ___| |__   ___ _ __ ___                     ***
***         | |\/| | |_) | |   | '_ \ / _ \ '_ ` _ \                    ***
***         | |  | |  _ <| |___| | | |  __/ | | | | |                   ***
***         |_|  |_|_| \_\\____|_| |_|\___|_| |_| |_|                   ***
***                                                                     ***
***         VERSION            1.1.0-alpha                              ***
***                                                                     ***
***         Git branch         master                                   ***
***         Git commit hash    f6df85f5f746c23b4022                     ***
***         Git commit author  Stig Rune Jensen                         ***
***         Git commit date    Thu May 19 15:46:21 2022 +0200           ***
***                                                                     ***
***         Contact: luca.frediani@uit.no                               ***
***                                                                     ***
***         Radovan Bast            Magnar Bjorgve                      ***
***         Roberto Di Remigio      Antoine Durdek                      ***
***         Luca Frediani           Gabriel Gerez                       ***
***         Stig Rune Jensen        Jonas Juselius                      ***
***         Rune Monstad            Peter Wind                          ***
***                                                                     ***
***************************************************************************

---------------------------------------------------------------------------

 MPI processes           :       (32 bank)                              96
 OpenMP threads          :                                              15
 Total cores             :                                             992
                                                                           
---------------------------------------------------------------------------

XCFun DFT library Copyright 2009-2020 Ulf Ekstrom and contributors.
See http://dftlibs.org/xcfun/ for more information.

This is free software; see the source code for copying conditions.
There is ABSOLUTELY NO WARRANTY; not even for MERCHANTABILITY or
FITNESS FOR A PARTICULAR PURPOSE. For details see the documentation.
Scientific users of this library should cite
U. Ekstrom, L. Visscher, R. Bast, A. J. Thorvaldsen and K. Ruud;
J.Chem.Theor.Comp. 2010, DOI: 10.1021/ct100117s

---------------------------------------------------------------------------

 MRCPP version         : 1.4.1
 Git branch            : HEAD
 Git commit hash       : 75d41879b1908a94a452
 Git commit author     : Stig Rune Jensen
 Git commit date       : Thu Jan 6 11:38:53 2022 +0100

 Linear algebra        : EIGEN v3.4.0
 Parallelization       : MPI/OpenMP (15 threads)

---------------------------------------------------------------------------


                                                                           
===========================================================================
                         MultiResolution Analysis
---------------------------------------------------------------------------
 polynomial order      : 9
 polynomial type       : Interpolating
---------------------------------------------------------------------------
 total boxes           : 8
 boxes                 : [          2           2           2 ]
 unit lengths          : [   64.00000    64.00000    64.00000 ]
 scaling factor        : [    1.00000     1.00000     1.00000 ]
 lower bounds          : [  -64.00000   -64.00000   -64.00000 ]
 upper bounds          : [   64.00000    64.00000    64.00000 ]
 total length          : [  128.00000   128.00000   128.00000 ]
===========================================================================


                                                                           
***************************************************************************
***                                                                     ***
***                        Initializing Molecule                        ***
***                                                                     ***
***************************************************************************
                                                                           
                                                                           
===========================================================================
                                 Molecule
---------------------------------------------------------------------------
 Charge                  :                                               0
 Multiplicity            :                                               1
---------------------------------------------------------------------------
    N    Atom            :               x               y               z
---------------------------------------------------------------------------
    0      Cr            :      -13.097221        4.283486        4.934950
    1       C            :      -10.940598        5.261332        7.607559
    2       C            :      -10.372809        2.604558        3.347472
    3       C            :      -12.229140        7.275924        3.369799
    4       C            :      -15.846074        5.876914        6.567628
    5       O            :      -17.522091        6.896285        7.549206
    6       O            :       -9.598042        5.934441        9.205973
    7       O            :       -8.687630        1.614234        2.351968
    8       O            :      -11.682500        9.162925        2.383041
    9       C            :      -15.166734        3.610010        2.104176
   10       O            :      -16.414110        3.272286        0.332040
   11       C            :      -13.421593        0.797434        7.925334
   12       C            :      -14.972007        0.191817        5.905606
   13       H            :      -14.311952       -1.082499        4.400787
   14       H            :      -17.020714        0.536648        5.994514
   15       H            :      -11.499477        0.016282        8.064438
   16       H            :      -14.208189        1.635409        9.658288
---------------------------------------------------------------------------
 Center of mass          :      -13.072762        4.368902        4.890545
===========================================================================


                                                                           
***************************************************************************
***                                                                     ***
***                 Computing Ground State Wavefunction                 ***
***                                                                     ***
***************************************************************************
                                                                           
                                                                           
~~~~~~~~~~~~~~~~~~~~~~~~~~~~~~~~~~~~~~~~~~~~~~~~~~~~~~~~~~~~~~~~~~~~~~~~~~~
 Calculation             : Compute initial orbitals
 Method                  : Project MW molecular orbitals
 Precision               : 1.00000e-06
 Restricted              : True
 MO file                 : initial_guess/phi_p_scf
~~~~~~~~~~~~~~~~~~~~~~~~~~~~~~~~~~~~~~~~~~~~~~~~~~~~~~~~~~~~~~~~~~~~~~~~~~~


===========================================================================
                            Molecular Orbitals
---------------------------------------------------------------------------
 Alpha electrons         :                                              55
 Beta electrons          :                                              55
 Total electrons         :                                             110
---------------------------------------------------------------------------
    n  Occ Spin          :                                            Norm
---------------------------------------------------------------------------
    0    2    p          :                              9.999999999985e-01
    1    2    p          :                              9.999999999977e-01
    2    2    p          :                              9.999999999983e-01
    3    2    p          :                              9.999999999978e-01
    4    2    p          :                              9.999999999975e-01
    5    2    p          :                              9.999999999979e-01
    6    2    p          :                              9.999999999972e-01
    7    2    p          :                              9.999999999996e-01
    8    2    p          :                              9.999999999972e-01
    9    2    p          :                              9.999999999958e-01
   10    2    p          :                              9.999999999974e-01
   11    2    p          :                              9.999999999979e-01
   12    2    p          :                              9.999999999979e-01
   13    2    p          :                              9.999999999978e-01
   14    2    p          :                              9.999999999979e-01
   15    2    p          :                              9.999999999958e-01
   16    2    p          :                              9.999999999983e-01
   17    2    p          :                              9.999999999976e-01
   18    2    p          :                              1.000000000016e+00
   19    2    p          :                              9.999999999966e-01
   20    2    p          :                              9.999999999944e-01
   21    2    p          :                              9.999999999979e-01
   22    2    p          :                              9.999999999274e-01
   23    2    p          :                              9.999999999977e-01
   24    2    p          :                              9.999999999977e-01
   25    2    p          :                              9.999999999979e-01
   26    2    p          :                              9.999999999978e-01
   27    2    p          :                              1.000000000028e+00
   28    2    p          :                              9.999999999967e-01
   29    2    p          :                              9.999999999977e-01
   30    2    p          :                              9.999999999945e-01
   31    2    p          :                              9.999999999978e-01
   32    2    p          :                              9.999999999953e-01
   33    2    p          :                              9.999999999979e-01
   34    2    p          :                              1.000000000008e+00
   35    2    p          :                              9.999999999982e-01
   36    2    p          :                              9.999999999977e-01
   37    2    p          :                              9.999999999979e-01
   38    2    p          :                              9.999999999978e-01
   39    2    p          :                              9.999999999978e-01
   40    2    p          :                              9.999999999979e-01
   41    2    p          :                              9.999999999667e-01
   42    2    p          :                              9.999999999544e-01
   43    2    p          :                              9.999999999979e-01
   44    2    p          :                              9.999999999382e-01
   45    2    p          :                              9.999999999843e-01
   46    2    p          :                              1.000000000008e+00
   47    2    p          :                              9.999999999981e-01
   48    2    p          :                              9.999999999979e-01
   49    2    p          :                              9.999999999960e-01
   50    2    p          :                              9.999999999896e-01
   51    2    p          :                              9.999999999985e-01
   52    2    p          :                              9.999999999989e-01
   53    2    p          :                              9.999999999953e-01
   54    2    p          :                              9.999999999723e-01
===========================================================================


~~~~~~~~~~~~~~~~~~~~~~~~~~~~~~~~~~~~~~~~~~~~~~~~~~~~~~~~~~~~~~~~~~~~~~~~~~~
 Calculation             : Compute initial energy
 Method                  : DFT (PBE)
 Relativity              : ZORA (V_nuc + J + V_xc)
 Precision               : 1.00000e-06
 Localization            : On
~~~~~~~~~~~~~~~~~~~~~~~~~~~~~~~~~~~~~~~~~~~~~~~~~~~~~~~~~~~~~~~~~~~~~~~~~~~


===========================================================================
                        Molecular Energy (initial)
---------------------------------------------------------------------------
 Kinetic energy          :            (au)               1675.629476053721
 E-N energy              :            (au)              -6045.032543133781
 Coulomb energy          :            (au)               1773.234081065186
 Exchange energy         :            (au)                  0.000000000000
 X-C energy              :            (au)               -129.680474732633
 Ext. field (el)         :            (au)                  0.000000000000
---------------------------------------------------------------------------
 N-N energy              :            (au)               1026.405415187233
 Ext. field (nuc)        :            (au)                  0.000000000000
 Tot. Reac. Energy       :            (au)                  0.000000000000
 El. Reac. Energy        :            (au)                  0.000000000000
 Nuc. Reac. Energy       :            (au)                  0.000000000000
---------------------------------------------------------------------------
 Electronic energy       :            (au)              -2725.849460747507
 Nuclear energy          :            (au)               1026.405415187233
---------------------------------------------------------------------------
 Total energy            :            (au)             -1.699444045560e+03
                         :      (kcal/mol)             -1.066417239229e+06
                         :        (kJ/mol)             -4.461889728935e+06
                         :            (eV)             -4.624422832719e+04
===========================================================================


===========================================================================
                        Orbital Energies (initial)
---------------------------------------------------------------------------
    n  Occ Spin          :                                         Epsilon
---------------------------------------------------------------------------
    0    2    p          :            (au)               -218.041219404405
    1    2    p          :            (au)                -24.720466621145
    2    2    p          :            (au)                -20.838280670692
    3    2    p          :            (au)                -20.837214217272
    4    2    p          :            (au)                -20.836657553127
    5    2    p          :            (au)                -18.872728575821
    6    2    p          :            (au)                -18.872718664795
    7    2    p          :            (au)                -18.871052133767
    8    2    p          :            (au)                -18.871043084656
    9    2    p          :            (au)                -18.858800431778
   10    2    p          :            (au)                -10.017774231476
   11    2    p          :            (au)                -10.017774056428
   12    2    p          :            (au)                -10.014210812718
   13    2    p          :            (au)                -10.014208899199
   14    2    p          :            (au)                -10.008975448241
   15    2    p          :            (au)                 -9.952147600773
   16    2    p          :            (au)                 -9.951710714233
   17    2    p          :            (au)                 -2.801180825082
   18    2    p          :            (au)                 -1.756626728637
   19    2    p          :            (au)                 -1.753473846894
   20    2    p          :            (au)                 -1.752979778242
   21    2    p          :            (au)                 -1.046427686058
   22    2    p          :            (au)                 -1.046026719512
   23    2    p          :            (au)                 -1.045438461600
   24    2    p          :            (au)                 -1.045231222730
   25    2    p          :            (au)                 -1.033066405317
   26    2    p          :            (au)                 -0.732385108992
   27    2    p          :            (au)                 -0.566482952175
   28    2    p          :            (au)                 -0.551423900446
   29    2    p          :            (au)                 -0.512945837839
   30    2    p          :            (au)                 -0.510493979867
   31    2    p          :            (au)                 -0.509516109466
   32    2    p          :            (au)                 -0.502732675992
   33    2    p          :            (au)                 -0.459974840201
   34    2    p          :            (au)                 -0.443334575600
   35    2    p          :            (au)                 -0.431347924422
   36    2    p          :            (au)                 -0.427840162730
   37    2    p          :            (au)                 -0.427518743566
   38    2    p          :            (au)                 -0.425756201362
   39    2    p          :            (au)                 -0.417795633164
   40    2    p          :            (au)                 -0.414712584504
   41    2    p          :            (au)                 -0.413794170889
   42    2    p          :            (au)                 -0.407575424758
   43    2    p          :            (au)                 -0.403819584239
   44    2    p          :            (au)                 -0.400963175197
   45    2    p          :            (au)                 -0.399489148579
   46    2    p          :            (au)                 -0.399415087914
   47    2    p          :            (au)                 -0.381782895596
   48    2    p          :            (au)                 -0.364659960243
   49    2    p          :            (au)                 -0.362030396799
   50    2    p          :            (au)                 -0.352569832195
   51    2    p          :            (au)                 -0.305505487812
   52    2    p          :            (au)                 -0.230900573481
   53    2    p          :            (au)                 -0.229908638976
   54    2    p          :            (au)                 -0.218665446707
---------------------------------------------------------------------------
 Sum occupied            :            (au)               -990.165551696623
===========================================================================


~~~~~~~~~~~~~~~~~~~~~~~~~~~~~~~~~~~~~~~~~~~~~~~~~~~~~~~~~~~~~~~~~~~~~~~~~~~
 Calculation             : Optimize ground state orbitals
 Method                  : DFT (PBE)
 Relativity              : ZORA (V_nuc + J + V_xc)
 Checkpointing           : Off
 Max iterations          : 500
 KAIN solver             : 6
 Localization            : First two iterations
 Diagonalization         : Off
 Start precision         : 1.00000e-06
 Final precision         : 1.00000e-06
 Helmholtz precision     : Dynamic
 Energy threshold        : Off
 Orbital threshold       : 5.00000e-05
~~~~~~~~~~~~~~~~~~~~~~~~~~~~~~~~~~~~~~~~~~~~~~~~~~~~~~~~~~~~~~~~~~~~~~~~~~~


===========================================================================
 Iter           MO residual             Total energy                Update
---------------------------------------------------------------------------
    0          7.416198e+00       -1699.444045560274         -1.699444e+03
    1          1.380147e-02       -1699.797833761750         -3.537882e-01
    2          6.824317e-03       -1699.839374329224         -4.154057e-02
    3          4.306480e-03       -1699.850682122174         -1.130779e-02
    4          4.193048e-03       -1699.851753349203         -1.071227e-03
    5          2.943854e-03       -1699.852061495842         -3.081466e-04
    6          1.165468e-03       -1699.852277570197         -2.160744e-04
    7          1.143950e-03       -1699.852621416521         -3.438463e-04
    8          4.796541e-04       -1699.852801519309         -1.801028e-04
    9          4.177517e-04       -1699.852893371455         -9.185215e-05
   10          4.835800e-04       -1699.852669918332          2.234531e-04
   11          2.735797e-04       -1699.852848120935         -1.782026e-04
   12          1.768668e-04       -1699.852814939227          3.318171e-05
   13          2.008057e-04       -1699.852830149924         -1.521070e-05
   14          1.792599e-04       -1699.852816522502          1.362742e-05
---------------------------------------------------------------------------
                      SCF converged in 14 iterations!
===========================================================================


                                                                           
***************************************************************************
***                                                                     ***
***                    Printing Molecular Properties                    ***
***                                                                     ***
***************************************************************************
                                                                           
                                                                           
===========================================================================
                                 Molecule
---------------------------------------------------------------------------
 Charge                  :                                               0
 Multiplicity            :                                               1
---------------------------------------------------------------------------
    N    Atom            :               x               y               z
---------------------------------------------------------------------------
    0      Cr            :      -13.097221        4.283486        4.934950
    1       C            :      -10.940598        5.261332        7.607559
    2       C            :      -10.372809        2.604558        3.347472
    3       C            :      -12.229140        7.275924        3.369799
    4       C            :      -15.846074        5.876914        6.567628
    5       O            :      -17.522091        6.896285        7.549206
    6       O            :       -9.598042        5.934441        9.205973
    7       O            :       -8.687630        1.614234        2.351968
    8       O            :      -11.682500        9.162925        2.383041
    9       C            :      -15.166734        3.610010        2.104176
   10       O            :      -16.414110        3.272286        0.332040
   11       C            :      -13.421593        0.797434        7.925334
   12       C            :      -14.972007        0.191817        5.905606
   13       H            :      -14.311952       -1.082499        4.400787
   14       H            :      -17.020714        0.536648        5.994514
   15       H            :      -11.499477        0.016282        8.064438
   16       H            :      -14.208189        1.635409        9.658288
---------------------------------------------------------------------------
 Center of mass          :      -13.072762        4.368902        4.890545
===========================================================================


===========================================================================
                         Molecular Energy (final)
---------------------------------------------------------------------------
 Kinetic energy          :            (au)               1708.717832488097
 E-N energy              :            (au)              -6080.378990194296
 Coulomb energy          :            (au)               1775.575821628118
 Exchange energy         :            (au)                  0.000000000000
 X-C energy              :            (au)               -130.172895631654
 Ext. field (el)         :            (au)                  0.000000000000
---------------------------------------------------------------------------
 N-N energy              :            (au)               1026.405415187233
 Ext. field (nuc)        :            (au)                  0.000000000000
 Tot. Reac. Energy       :            (au)                  0.000000000000
 El. Reac. Energy        :            (au)                  0.000000000000
 Nuc. Reac. Energy       :            (au)                  0.000000000000
---------------------------------------------------------------------------
 Electronic energy       :            (au)              -2726.258231709735
 Nuclear energy          :            (au)               1026.405415187233
---------------------------------------------------------------------------
 Total energy            :            (au)             -1.699852816523e+03
                         :      (kcal/mol)             -1.066673746881e+06
                         :        (kJ/mol)             -4.462962956949e+06
                         :            (eV)             -4.625535155172e+04
===========================================================================


===========================================================================
                         Orbital Energies (final)
---------------------------------------------------------------------------
    n  Occ Spin          :                                         Epsilon
---------------------------------------------------------------------------
    0    2    p          :            (au)               -217.710477095873
    1    2    p          :            (au)                -24.642806278863
    2    2    p          :            (au)                -20.721801921839
    3    2    p          :            (au)                -20.720757725746
    4    2    p          :            (au)                -20.720198007262
    5    2    p          :            (au)                -18.862952796094
    6    2    p          :            (au)                -18.862944049286
    7    2    p          :            (au)                -18.861339893218
    8    2    p          :            (au)                -18.861335256098
    9    2    p          :            (au)                -18.848952231523
   10    2    p          :            (au)                -10.014182453121
   11    2    p          :            (au)                -10.014182094115
   12    2    p          :            (au)                -10.010564412785
   13    2    p          :            (au)                -10.010563482923
   14    2    p          :            (au)                -10.005216923174
   15    2    p          :            (au)                 -9.948866616283
   16    2    p          :            (au)                 -9.948429757669
   17    2    p          :            (au)                 -2.793691652571
   18    2    p          :            (au)                 -1.745541335507
   19    2    p          :            (au)                 -1.742399187123
   20    2    p          :            (au)                 -1.741944157306
   21    2    p          :            (au)                 -1.045302278894
   22    2    p          :            (au)                 -1.044881121477
   23    2    p          :            (au)                 -1.044351166681
   24    2    p          :            (au)                 -1.044128032334
   25    2    p          :            (au)                 -1.031855387369
   26    2    p          :            (au)                 -0.732222021871
   27    2    p          :            (au)                 -0.566323423728
   28    2    p          :            (au)                 -0.550927580847
   29    2    p          :            (au)                 -0.512009005787
   30    2    p          :            (au)                 -0.509602535284
   31    2    p          :            (au)                 -0.508616034198
   32    2    p          :            (au)                 -0.501760866943
   33    2    p          :            (au)                 -0.459803241805
   34    2    p          :            (au)                 -0.442570630050
   35    2    p          :            (au)                 -0.430594067049
   36    2    p          :            (au)                 -0.427189774914
   37    2    p          :            (au)                 -0.426703879873
   38    2    p          :            (au)                 -0.424923376318
   39    2    p          :            (au)                 -0.416965278199
   40    2    p          :            (au)                 -0.414036781500
   41    2    p          :            (au)                 -0.412997661613
   42    2    p          :            (au)                 -0.406852060646
   43    2    p          :            (au)                 -0.402917672044
   44    2    p          :            (au)                 -0.400248923904
   45    2    p          :            (au)                 -0.398570065435
   46    2    p          :            (au)                 -0.398469977834
   47    2    p          :            (au)                 -0.380775029509
   48    2    p          :            (au)                 -0.363823169341
   49    2    p          :            (au)                 -0.361197098727
   50    2    p          :            (au)                 -0.352486399785
   51    2    p          :            (au)                 -0.305191569874
   52    2    p          :            (au)                 -0.228954384041
   53    2    p          :            (au)                 -0.228056083749
   54    2    p          :            (au)                 -0.216548197921
---------------------------------------------------------------------------
 Sum occupied            :            (au)               -988.362004215847
===========================================================================


===========================================================================
                           Dipole Moment (dip-1)
---------------------------------------------------------------------------
 r_O                     :        0.000000        0.000000        0.000000
---------------------------------------------------------------------------
 Electronic vector       :     1439.988226     -473.742499     -541.533924
 Magnitude               :            (au)                     1609.738189
                         :         (Debye)                     4091.546366
---------------------------------------------------------------------------
 Nuclear vector          :    -1440.302349      472.658799      542.100096
 Magnitude               :            (au)                     1609.891211
                         :         (Debye)                     4091.935309
---------------------------------------------------------------------------
 Total vector            :       -0.314123       -1.083700        0.566173
 Magnitude               :            (au)                        1.262391
                         :         (Debye)                        3.208677
===========================================================================


                                                                           
                                                                           
***************************************************************************
***                                                                     ***
***                            Exiting MRChem                           ***
***                                                                     ***
***                       Wall time :  0h 12m 43s                       ***
***                                                                     ***
***************************************************************************
                                                                           
                                                                           
