Starting job 382906 on b[4357-4362,4365-4366] at Thu Jun 23 11:29:02 CEST 2022

Copying Cr-Alkene1_Fragment2_mw6.out to /cluster/home/ambr/projects/zora/reaction_energies/calcs_zora
Copying Cr-Alkene1_Fragment2_mw6.json to /cluster/home/ambr/projects/zora/reaction_energies/calcs_zora

Task and CPU usage stats:
JobID           JobName  AllocCPUS   NTasks     MinCPU MinCPUTask     AveCPU    Elapsed ExitCode 
------------ ---------- ---------- -------- ---------- ---------- ---------- ---------- -------- 
382906       Cr-Alkene+       1024                                             00:01:58      0:0 
382906.batch      batch        128        1   02:10:38          0   02:10:38   00:01:58      0:0 
382906.exte+     extern       1024        8   00:00:00          2   00:00:00   00:01:59      0:0 
382906.0          orted        896        7   00:35:33          3   00:35:36   00:01:49      0:0 

Memory usage stats:
JobID            MaxRSS MaxRSSTask     AveRSS MaxPages   MaxPagesTask   AvePages 
------------ ---------- ---------- ---------- -------- -------------- ---------- 
382906                                                                           
382906.batch  39711015K          0  39711015K     1010              0       1010 
382906.exte+       856K          3     872320        1              2          1 
382906.0      24177747K          1 241762807+      800              4        781 

Disk usage stats:
JobID         MaxDiskRead MaxDiskReadTask    AveDiskRead MaxDiskWrite MaxDiskWriteTask   AveDiskWrite 
------------ ------------ --------------- -------------- ------------ ---------------- -------------- 
382906                                                                                                
382906.batch     1051.53M               0       1051.53M      596.41M                0        596.41M 
382906.exte+        0.00M               2          0.00M            0                2              0 
382906.0           45.47M               0         45.46M       98.48M                0         98.47M 

Job 382906 completed at Thu Jun 23 11:31:01 CEST 2022
