                                                                           
                                                                           
***************************************************************************
***                                                                     ***
***                                                                     ***
***          __  __ ____   ____ _                                       ***
***         |  \/  |  _ \ / ___| |__   ___ _ __ ___                     ***
***         | |\/| | |_) | |   | '_ \ / _ \ '_ ` _ \                    ***
***         | |  | |  _ <| |___| | | |  __/ | | | | |                   ***
***         |_|  |_|_| \_\\____|_| |_|\___|_| |_| |_|                   ***
***                                                                     ***
***         VERSION            1.1.0-alpha                              ***
***                                                                     ***
***         Git branch         master                                   ***
***         Git commit hash    f6df85f5f746c23b4022                     ***
***         Git commit author  Stig Rune Jensen                         ***
***         Git commit date    Thu May 19 15:46:21 2022 +0200           ***
***                                                                     ***
***         Contact: luca.frediani@uit.no                               ***
***                                                                     ***
***         Radovan Bast            Magnar Bjorgve                      ***
***         Roberto Di Remigio      Antoine Durdek                      ***
***         Luca Frediani           Gabriel Gerez                       ***
***         Stig Rune Jensen        Jonas Juselius                      ***
***         Rune Monstad            Peter Wind                          ***
***                                                                     ***
***************************************************************************

---------------------------------------------------------------------------

 MPI processes           :       (32 bank)                              96
 OpenMP threads          :                                              15
 Total cores             :                                             992
                                                                           
---------------------------------------------------------------------------

XCFun DFT library Copyright 2009-2020 Ulf Ekstrom and contributors.
See http://dftlibs.org/xcfun/ for more information.

This is free software; see the source code for copying conditions.
There is ABSOLUTELY NO WARRANTY; not even for MERCHANTABILITY or
FITNESS FOR A PARTICULAR PURPOSE. For details see the documentation.
Scientific users of this library should cite
U. Ekstrom, L. Visscher, R. Bast, A. J. Thorvaldsen and K. Ruud;
J.Chem.Theor.Comp. 2010, DOI: 10.1021/ct100117s

---------------------------------------------------------------------------

 MRCPP version         : 1.4.1
 Git branch            : HEAD
 Git commit hash       : 75d41879b1908a94a452
 Git commit author     : Stig Rune Jensen
 Git commit date       : Thu Jan 6 11:38:53 2022 +0100

 Linear algebra        : EIGEN v3.4.0
 Parallelization       : MPI/OpenMP (15 threads)

---------------------------------------------------------------------------


                                                                           
===========================================================================
                         MultiResolution Analysis
---------------------------------------------------------------------------
 polynomial order      : 9
 polynomial type       : Interpolating
---------------------------------------------------------------------------
 total boxes           : 8
 boxes                 : [          2           2           2 ]
 unit lengths          : [   64.00000    64.00000    64.00000 ]
 scaling factor        : [    1.00000     1.00000     1.00000 ]
 lower bounds          : [  -64.00000   -64.00000   -64.00000 ]
 upper bounds          : [   64.00000    64.00000    64.00000 ]
 total length          : [  128.00000   128.00000   128.00000 ]
===========================================================================


                                                                           
***************************************************************************
***                                                                     ***
***                        Initializing Molecule                        ***
***                                                                     ***
***************************************************************************
                                                                           
                                                                           
===========================================================================
                                 Molecule
---------------------------------------------------------------------------
 Charge                  :                                               0
 Multiplicity            :                                               1
---------------------------------------------------------------------------
    N    Atom            :               x               y               z
---------------------------------------------------------------------------
    0      Cr            :      -13.211945        4.164174        5.029317
    1       C            :      -10.781228        4.732039        7.592283
    2       C            :      -10.781921        2.355321        3.126083
    3       C            :      -12.276045        7.075584        3.479832
    4       C            :      -15.648648        5.951817        6.944025
    5       O            :      -17.115274        7.121539        8.075497
    6       O            :       -9.269205        5.155575        9.119988
    7       O            :       -9.270301        1.324602        1.921052
    8       O            :      -11.674756        8.946067        2.484330
    9       C            :      -15.649412        3.574925        2.477644
   10       O            :      -17.116737        3.290195        0.875975
---------------------------------------------------------------------------
 Center of mass          :      -13.019836        4.761566        4.711419
===========================================================================


                                                                           
***************************************************************************
***                                                                     ***
***                 Computing Ground State Wavefunction                 ***
***                                                                     ***
***************************************************************************
                                                                           
                                                                           
~~~~~~~~~~~~~~~~~~~~~~~~~~~~~~~~~~~~~~~~~~~~~~~~~~~~~~~~~~~~~~~~~~~~~~~~~~~
 Calculation             : Compute initial orbitals
 Method                  : Project MW molecular orbitals
 Precision               : 1.00000e-06
 Restricted              : True
 MO file                 : initial_guess/phi_p_scf
~~~~~~~~~~~~~~~~~~~~~~~~~~~~~~~~~~~~~~~~~~~~~~~~~~~~~~~~~~~~~~~~~~~~~~~~~~~


===========================================================================
                            Molecular Orbitals
---------------------------------------------------------------------------
 Alpha electrons         :                                              47
 Beta electrons          :                                              47
 Total electrons         :                                              94
---------------------------------------------------------------------------
    n  Occ Spin          :                                            Norm
---------------------------------------------------------------------------
    0    2    p          :                              9.999999999978e-01
    1    2    p          :                              9.999999999877e-01
    2    2    p          :                              9.999999999979e-01
    3    2    p          :                              9.999999999975e-01
    4    2    p          :                              9.999999999978e-01
    5    2    p          :                              9.999999999978e-01
    6    2    p          :                              9.999999999034e-01
    7    2    p          :                              9.999999999978e-01
    8    2    p          :                              9.999999999961e-01
    9    2    p          :                              9.999999999922e-01
   10    2    p          :                              9.999999999979e-01
   11    2    p          :                              9.999999999979e-01
   12    2    p          :                              9.999999999979e-01
   13    2    p          :                              9.999999999979e-01
   14    2    p          :                              9.999999999977e-01
   15    2    p          :                              9.999999999981e-01
   16    2    p          :                              9.999999999956e-01
   17    2    p          :                              9.999999999976e-01
   18    2    p          :                              9.999999999976e-01
   19    2    p          :                              9.999999999984e-01
   20    2    p          :                              9.999999999979e-01
   21    2    p          :                              9.999999999983e-01
   22    2    p          :                              9.999999999979e-01
   23    2    p          :                              9.999999999885e-01
   24    2    p          :                              9.999999999979e-01
   25    2    p          :                              9.999999999987e-01
   26    2    p          :                              9.999999999979e-01
   27    2    p          :                              9.999999999979e-01
   28    2    p          :                              9.999999999948e-01
   29    2    p          :                              9.999999999979e-01
   30    2    p          :                              9.999999999983e-01
   31    2    p          :                              9.999999999974e-01
   32    2    p          :                              9.999999999980e-01
   33    2    p          :                              9.999999999979e-01
   34    2    p          :                              9.999999999955e-01
   35    2    p          :                              9.999999999974e-01
   36    2    p          :                              1.000000000013e+00
   37    2    p          :                              9.999999999990e-01
   38    2    p          :                              9.999999999982e-01
   39    2    p          :                              9.999999999981e-01
   40    2    p          :                              9.999999999979e-01
   41    2    p          :                              9.999999999979e-01
   42    2    p          :                              9.999999999984e-01
   43    2    p          :                              9.999999999948e-01
   44    2    p          :                              9.999999999961e-01
   45    2    p          :                              1.000000000010e+00
   46    2    p          :                              9.999999999966e-01
===========================================================================


~~~~~~~~~~~~~~~~~~~~~~~~~~~~~~~~~~~~~~~~~~~~~~~~~~~~~~~~~~~~~~~~~~~~~~~~~~~
 Calculation             : Compute initial energy
 Method                  : DFT (PBE)
 Relativity              : ZORA (V_nuc + J + V_xc)
 Precision               : 1.00000e-06
 Localization            : On
~~~~~~~~~~~~~~~~~~~~~~~~~~~~~~~~~~~~~~~~~~~~~~~~~~~~~~~~~~~~~~~~~~~~~~~~~~~


===========================================================================
                        Molecular Energy (initial)
---------------------------------------------------------------------------
 Kinetic energy          :            (au)               1597.689947382190
 E-N energy              :            (au)              -5323.146796336035
 Coulomb energy          :            (au)               1465.816999363103
 Exchange energy         :            (au)                  0.000000000000
 X-C energy              :            (au)               -117.510898916661
 Ext. field (el)         :            (au)                  0.000000000000
---------------------------------------------------------------------------
 N-N energy              :            (au)                756.304858541680
 Ext. field (nuc)        :            (au)                  0.000000000000
 Tot. Reac. Energy       :            (au)                  0.000000000000
 El. Reac. Energy        :            (au)                  0.000000000000
 Nuc. Reac. Energy       :            (au)                  0.000000000000
---------------------------------------------------------------------------
 Electronic energy       :            (au)              -2377.150748507402
 Nuclear energy          :            (au)                756.304858541680
---------------------------------------------------------------------------
 Total energy            :            (au)             -1.620845889966e+03
                         :      (kcal/mol)             -1.017096151950e+06
                         :        (kJ/mol)             -4.255530299757e+06
                         :            (eV)             -4.410546355708e+04
===========================================================================


===========================================================================
                        Orbital Energies (initial)
---------------------------------------------------------------------------
    n  Occ Spin          :                                         Epsilon
---------------------------------------------------------------------------
    0    2    p          :            (au)               -218.050488356158
    1    2    p          :            (au)                -24.726083351489
    2    2    p          :            (au)                -20.843576671933
    3    2    p          :            (au)                -20.843234893695
    4    2    p          :            (au)                -20.843230017424
    5    2    p          :            (au)                -18.882779725464
    6    2    p          :            (au)                -18.882763123849
    7    2    p          :            (au)                -18.882761987296
    8    2    p          :            (au)                -18.882753610269
    9    2    p          :            (au)                -18.858121767560
   10    2    p          :            (au)                -10.023728429760
   11    2    p          :            (au)                -10.023716354241
   12    2    p          :            (au)                -10.023715074170
   13    2    p          :            (au)                -10.023714950445
   14    2    p          :            (au)                -10.010050900542
   15    2    p          :            (au)                 -2.809592312868
   16    2    p          :            (au)                 -1.764360978262
   17    2    p          :            (au)                 -1.762762881462
   18    2    p          :            (au)                 -1.762753730734
   19    2    p          :            (au)                 -1.056203718521
   20    2    p          :            (au)                 -1.055618721500
   21    2    p          :            (au)                 -1.055613428213
   22    2    p          :            (au)                 -1.055198934445
   23    2    p          :            (au)                 -1.032309831997
   24    2    p          :            (au)                 -0.558775116817
   25    2    p          :            (au)                 -0.520368619743
   26    2    p          :            (au)                 -0.520362375889
   27    2    p          :            (au)                 -0.517807951683
   28    2    p          :            (au)                 -0.505910015224
   29    2    p          :            (au)                 -0.449998838497
   30    2    p          :            (au)                 -0.439257618026
   31    2    p          :            (au)                 -0.433283311308
   32    2    p          :            (au)                 -0.433278935390
   33    2    p          :            (au)                 -0.430295357387
   34    2    p          :            (au)                 -0.427460805775
   35    2    p          :            (au)                 -0.427455614969
   36    2    p          :            (au)                 -0.420231012679
   37    2    p          :            (au)                 -0.412778601067
   38    2    p          :            (au)                 -0.412365088578
   39    2    p          :            (au)                 -0.403589671034
   40    2    p          :            (au)                 -0.403587871784
   41    2    p          :            (au)                 -0.389874928061
   42    2    p          :            (au)                 -0.372637214531
   43    2    p          :            (au)                 -0.372630311000
   44    2    p          :            (au)                 -0.240085468194
   45    2    p          :            (au)                 -0.230427191979
   46    2    p          :            (au)                 -0.230422137316
---------------------------------------------------------------------------
 Sum occupied            :            (au)               -945.416035618451
===========================================================================


~~~~~~~~~~~~~~~~~~~~~~~~~~~~~~~~~~~~~~~~~~~~~~~~~~~~~~~~~~~~~~~~~~~~~~~~~~~
 Calculation             : Optimize ground state orbitals
 Method                  : DFT (PBE)
 Relativity              : ZORA (V_nuc + J + V_xc)
 Checkpointing           : Off
 Max iterations          : 500
 KAIN solver             : 6
 Localization            : First two iterations
 Diagonalization         : Off
 Start precision         : 1.00000e-06
 Final precision         : 1.00000e-06
 Helmholtz precision     : Dynamic
 Energy threshold        : Off
 Orbital threshold       : 5.00000e-05
~~~~~~~~~~~~~~~~~~~~~~~~~~~~~~~~~~~~~~~~~~~~~~~~~~~~~~~~~~~~~~~~~~~~~~~~~~~


===========================================================================
 Iter           MO residual             Total energy                Update
---------------------------------------------------------------------------
    0          6.855655e+00       -1620.845889965723         -1.620846e+03
    1          1.379013e-02       -1621.199604808017         -3.537148e-01
    2          6.864890e-03       -1621.241441098166         -4.183629e-02
    3          4.393341e-03       -1621.252557251128         -1.111615e-02
    4          4.177680e-03       -1621.254115093286         -1.557842e-03
    5          3.267956e-03       -1621.253803927239          3.111660e-04
    6          1.144882e-03       -1621.254152031332         -3.481041e-04
    7          1.127653e-03       -1621.254232735265         -8.070393e-05
    8          5.099313e-04       -1621.254566970901         -3.342356e-04
    9          4.082932e-04       -1621.254572396840         -5.425939e-06
   10          4.243637e-04       -1621.254492519182          7.987766e-05
   11          3.270671e-04       -1621.254510173954         -1.765477e-05
   12          1.371473e-04       -1621.254535209199         -2.503525e-05
   13          1.628181e-04       -1621.254546361314         -1.115211e-05
   14          1.293852e-04       -1621.254526656848          1.970447e-05
---------------------------------------------------------------------------
                      SCF converged in 14 iterations!
===========================================================================


                                                                           
***************************************************************************
***                                                                     ***
***                    Printing Molecular Properties                    ***
***                                                                     ***
***************************************************************************
                                                                           
                                                                           
===========================================================================
                                 Molecule
---------------------------------------------------------------------------
 Charge                  :                                               0
 Multiplicity            :                                               1
---------------------------------------------------------------------------
    N    Atom            :               x               y               z
---------------------------------------------------------------------------
    0      Cr            :      -13.211945        4.164174        5.029317
    1       C            :      -10.781228        4.732039        7.592283
    2       C            :      -10.781921        2.355321        3.126083
    3       C            :      -12.276045        7.075584        3.479832
    4       C            :      -15.648648        5.951817        6.944025
    5       O            :      -17.115274        7.121539        8.075497
    6       O            :       -9.269205        5.155575        9.119988
    7       O            :       -9.270301        1.324602        1.921052
    8       O            :      -11.674756        8.946067        2.484330
    9       C            :      -15.649412        3.574925        2.477644
   10       O            :      -17.116737        3.290195        0.875975
---------------------------------------------------------------------------
 Center of mass          :      -13.019836        4.761566        4.711419
===========================================================================


===========================================================================
                         Molecular Energy (final)
---------------------------------------------------------------------------
 Kinetic energy          :            (au)               1630.619684649866
 E-N energy              :            (au)              -5358.321006637350
 Coulomb energy          :            (au)               1468.137903046643
 Exchange energy         :            (au)                  0.000000000000
 X-C energy              :            (au)               -117.995966257687
 Ext. field (el)         :            (au)                  0.000000000000
---------------------------------------------------------------------------
 N-N energy              :            (au)                756.304858541680
 Ext. field (nuc)        :            (au)                  0.000000000000
 Tot. Reac. Energy       :            (au)                  0.000000000000
 El. Reac. Energy        :            (au)                  0.000000000000
 Nuc. Reac. Energy       :            (au)                  0.000000000000
---------------------------------------------------------------------------
 Electronic energy       :            (au)              -2377.559385198528
 Nuclear energy          :            (au)                756.304858541680
---------------------------------------------------------------------------
 Total energy            :            (au)             -1.621254526657e+03
                         :      (kcal/mol)             -1.017352575345e+06
                         :        (kJ/mol)             -4.256603175243e+06
                         :            (eV)             -4.411658312792e+04
===========================================================================


===========================================================================
                         Orbital Energies (final)
---------------------------------------------------------------------------
    n  Occ Spin          :                                         Epsilon
---------------------------------------------------------------------------
    0    2    p          :            (au)               -217.719907020873
    1    2    p          :            (au)                -24.648544465423
    2    2    p          :            (au)                -20.727260296352
    3    2    p          :            (au)                -20.726875750152
    4    2    p          :            (au)                -20.726874173544
    5    2    p          :            (au)                -18.873075847558
    6    2    p          :            (au)                -18.873064246052
    7    2    p          :            (au)                -18.873063307906
    8    2    p          :            (au)                -18.873061068256
    9    2    p          :            (au)                -18.848181914982
   10    2    p          :            (au)                -10.020177108705
   11    2    p          :            (au)                -10.020169434655
   12    2    p          :            (au)                -10.020169097653
   13    2    p          :            (au)                -10.020168303387
   14    2    p          :            (au)                -10.006187268652
   15    2    p          :            (au)                 -2.802216630066
   16    2    p          :            (au)                 -1.753516263478
   17    2    p          :            (au)                 -1.751776672781
   18    2    p          :            (au)                 -1.751772450007
   19    2    p          :            (au)                 -1.055136368462
   20    2    p          :            (au)                 -1.054546050422
   21    2    p          :            (au)                 -1.054542358423
   22    2    p          :            (au)                 -1.054126668467
   23    2    p          :            (au)                 -1.031023562351
   24    2    p          :            (au)                 -0.558328246741
   25    2    p          :            (au)                 -0.519476616789
   26    2    p          :            (au)                 -0.519471455324
   27    2    p          :            (au)                 -0.516957582535
   28    2    p          :            (au)                 -0.504883196975
   29    2    p          :            (au)                 -0.449271158858
   30    2    p          :            (au)                 -0.438539459889
   31    2    p          :            (au)                 -0.432481384005
   32    2    p          :            (au)                 -0.432477207480
   33    2    p          :            (au)                 -0.429474113374
   34    2    p          :            (au)                 -0.426677223934
   35    2    p          :            (au)                 -0.426672076369
   36    2    p          :            (au)                 -0.419400694659
   37    2    p          :            (au)                 -0.411921006293
   38    2    p          :            (au)                 -0.411525058607
   39    2    p          :            (au)                 -0.402634389776
   40    2    p          :            (au)                 -0.402633374250
   41    2    p          :            (au)                 -0.388769545513
   42    2    p          :            (au)                 -0.371828572224
   43    2    p          :            (au)                 -0.371822025064
   44    2    p          :            (au)                 -0.238219799054
   45    2    p          :            (au)                 -0.228381190282
   46    2    p          :            (au)                 -0.228376701180
---------------------------------------------------------------------------
 Sum occupied            :            (au)               -943.631316815567
===========================================================================


===========================================================================
                           Dipole Moment (dip-1)
---------------------------------------------------------------------------
 r_O                     :        0.000000        0.000000        0.000000
---------------------------------------------------------------------------
 Electronic vector       :     1223.245450     -449.512449     -441.849090
 Magnitude               :            (au)                     1376.089201
                         :         (Debye)                     3497.669875
---------------------------------------------------------------------------
 Nuclear vector          :    -1223.480374      448.782115      442.237563
 Magnitude               :            (au)                     1376.184462
                         :         (Debye)                     3497.912005
---------------------------------------------------------------------------
 Total vector            :       -0.234924       -0.730333        0.388473
 Magnitude               :            (au)                        0.859935
                         :         (Debye)                        2.185736
===========================================================================


                                                                           
                                                                           
***************************************************************************
***                                                                     ***
***                            Exiting MRChem                           ***
***                                                                     ***
***                       Wall time :  0h 10m 43s                       ***
***                                                                     ***
***************************************************************************
                                                                           
                                                                           
