Starting job 382907 on b[4367-4374] at Thu Jun 23 11:29:03 CEST 2022

Copying Cr-MeOH_Complex_mw6.out to /cluster/home/ambr/projects/zora/reaction_energies/calcs_zora
Copying Cr-MeOH_Complex_mw6.json to /cluster/home/ambr/projects/zora/reaction_energies/calcs_zora

Task and CPU usage stats:
JobID           JobName  AllocCPUS   NTasks     MinCPU MinCPUTask     AveCPU    Elapsed ExitCode 
------------ ---------- ---------- -------- ---------- ---------- ---------- ---------- -------- 
382907       Cr-MeOH_C+       1024                                             00:15:28      0:0 
382907.batch      batch        128        1   10:51:05          0   10:51:05   00:15:28      0:0 
382907.exte+     extern       1024        8   00:00:00          2   00:00:00   00:15:29      0:0 
382907.0          orted        896        7   05:37:32          6   12:02:33   00:13:47      0:0 

Memory usage stats:
JobID            MaxRSS MaxRSSTask     AveRSS MaxPages   MaxPagesTask   AvePages 
------------ ---------- ---------- ---------- -------- -------------- ---------- 
382907                                                                           
382907.batch 100569007K          0 100569007K     1460              0          0 
382907.exte+       856K          1    852.50K        3              1          1 
382907.0     108625478K          5 106533176+      982              2        901 

Disk usage stats:
JobID         MaxDiskRead MaxDiskReadTask    AveDiskRead MaxDiskWrite MaxDiskWriteTask   AveDiskWrite 
------------ ------------ --------------- -------------- ------------ ---------------- -------------- 
382907                                                                                                
382907.batch    10099.17M               0      10099.17M    10154.54M                0      10154.54M 
382907.exte+        0.00M               2          0.00M            0                2              0 
382907.0         1002.17M               5        780.43M     1072.35M                4        818.05M 

Job 382907 completed at Thu Jun 23 11:44:32 CEST 2022
