                                                                           
                                                                           
***************************************************************************
***                                                                     ***
***                                                                     ***
***          __  __ ____   ____ _                                       ***
***         |  \/  |  _ \ / ___| |__   ___ _ __ ___                     ***
***         | |\/| | |_) | |   | '_ \ / _ \ '_ ` _ \                    ***
***         | |  | |  _ <| |___| | | |  __/ | | | | |                   ***
***         |_|  |_|_| \_\\____|_| |_|\___|_| |_| |_|                   ***
***                                                                     ***
***         VERSION            1.1.0-alpha                              ***
***                                                                     ***
***         Git branch         master                                   ***
***         Git commit hash    f6df85f5f746c23b4022                     ***
***         Git commit author  Stig Rune Jensen                         ***
***         Git commit date    Thu May 19 15:46:21 2022 +0200           ***
***                                                                     ***
***         Contact: luca.frediani@uit.no                               ***
***                                                                     ***
***         Radovan Bast            Magnar Bjorgve                      ***
***         Roberto Di Remigio      Antoine Durdek                      ***
***         Luca Frediani           Gabriel Gerez                       ***
***         Stig Rune Jensen        Jonas Juselius                      ***
***         Rune Monstad            Peter Wind                          ***
***                                                                     ***
***************************************************************************

---------------------------------------------------------------------------

 MPI processes           :       (32 bank)                              96
 OpenMP threads          :                                              15
 Total cores             :                                             992
                                                                           
---------------------------------------------------------------------------

XCFun DFT library Copyright 2009-2020 Ulf Ekstrom and contributors.
See http://dftlibs.org/xcfun/ for more information.

This is free software; see the source code for copying conditions.
There is ABSOLUTELY NO WARRANTY; not even for MERCHANTABILITY or
FITNESS FOR A PARTICULAR PURPOSE. For details see the documentation.
Scientific users of this library should cite
U. Ekstrom, L. Visscher, R. Bast, A. J. Thorvaldsen and K. Ruud;
J.Chem.Theor.Comp. 2010, DOI: 10.1021/ct100117s

---------------------------------------------------------------------------

 MRCPP version         : 1.4.1
 Git branch            : HEAD
 Git commit hash       : 75d41879b1908a94a452
 Git commit author     : Stig Rune Jensen
 Git commit date       : Thu Jan 6 11:38:53 2022 +0100

 Linear algebra        : EIGEN v3.4.0
 Parallelization       : MPI/OpenMP (15 threads)

---------------------------------------------------------------------------


                                                                           
===========================================================================
                         MultiResolution Analysis
---------------------------------------------------------------------------
 polynomial order      : 9
 polynomial type       : Interpolating
---------------------------------------------------------------------------
 total boxes           : 8
 boxes                 : [          2           2           2 ]
 unit lengths          : [   64.00000    64.00000    64.00000 ]
 scaling factor        : [    1.00000     1.00000     1.00000 ]
 lower bounds          : [  -64.00000   -64.00000   -64.00000 ]
 upper bounds          : [   64.00000    64.00000    64.00000 ]
 total length          : [  128.00000   128.00000   128.00000 ]
===========================================================================


                                                                           
***************************************************************************
***                                                                     ***
***                        Initializing Molecule                        ***
***                                                                     ***
***************************************************************************
                                                                           
                                                                           
===========================================================================
                                 Molecule
---------------------------------------------------------------------------
 Charge                  :                                               0
 Multiplicity            :                                               1
---------------------------------------------------------------------------
    N    Atom            :               x               y               z
---------------------------------------------------------------------------
    0      Cr            :      -13.537053        4.189251        5.168435
    1       C            :      -11.548226        4.811262        8.062394
    2       C            :      -10.896369        2.245705        3.750073
    3       C            :      -12.149750        6.974871        3.655331
    4       C            :      -16.089055        6.315880        6.463563
    5       O            :      -17.599758        7.730645        7.204220
    6       O            :      -10.287945        5.280392        9.801095
    7       O            :       -9.225567        1.166250        2.819046
    8       O            :      -11.263835        8.751490        2.696307
    9       C            :      -15.528184        3.580470        2.249783
   10       O            :      -16.712781        3.272599        0.431664
   11       C            :      -13.791006       -1.023527        8.129097
   12       O            :      -15.298070        0.857747        6.901212
   13       H            :      -15.004845       -2.574244        8.851746
   14       H            :      -12.649260       -0.221397        9.699594
   15       H            :      -12.492800       -1.799325        6.688134
   16       H            :      -16.546686        1.488539        8.097136
---------------------------------------------------------------------------
 Center of mass          :      -13.423555        4.117677        5.212439
===========================================================================


                                                                           
***************************************************************************
***                                                                     ***
***                 Computing Ground State Wavefunction                 ***
***                                                                     ***
***************************************************************************
                                                                           
                                                                           
~~~~~~~~~~~~~~~~~~~~~~~~~~~~~~~~~~~~~~~~~~~~~~~~~~~~~~~~~~~~~~~~~~~~~~~~~~~
 Calculation             : Compute initial orbitals
 Method                  : Project MW molecular orbitals
 Precision               : 1.00000e-06
 Restricted              : True
 MO file                 : initial_guess/phi_p_scf
~~~~~~~~~~~~~~~~~~~~~~~~~~~~~~~~~~~~~~~~~~~~~~~~~~~~~~~~~~~~~~~~~~~~~~~~~~~


===========================================================================
                            Molecular Orbitals
---------------------------------------------------------------------------
 Alpha electrons         :                                              56
 Beta electrons          :                                              56
 Total electrons         :                                             112
---------------------------------------------------------------------------
    n  Occ Spin          :                                            Norm
---------------------------------------------------------------------------
    0    2    p          :                              9.999999999978e-01
    1    2    p          :                              9.999999999961e-01
    2    2    p          :                              9.999999999979e-01
    3    2    p          :                              9.999999999979e-01
    4    2    p          :                              9.999999999979e-01
    5    2    p          :                              9.999999999981e-01
    6    2    p          :                              9.999999999968e-01
    7    2    p          :                              9.999999999980e-01
    8    2    p          :                              9.999999999810e-01
    9    2    p          :                              9.999999999971e-01
   10    2    p          :                              9.999999999973e-01
   11    2    p          :                              9.999999999978e-01
   12    2    p          :                              9.999999999966e-01
   13    2    p          :                              9.999999999998e-01
   14    2    p          :                              9.999999999979e-01
   15    2    p          :                              9.999999999978e-01
   16    2    p          :                              9.999999999958e-01
   17    2    p          :                              1.000000000006e+00
   18    2    p          :                              9.999999999999e-01
   19    2    p          :                              9.999999999975e-01
   20    2    p          :                              9.999999999963e-01
   21    2    p          :                              9.999999999979e-01
   22    2    p          :                              1.000000000001e+00
   23    2    p          :                              9.999999999960e-01
   24    2    p          :                              9.999999999981e-01
   25    2    p          :                              9.999999999972e-01
   26    2    p          :                              9.999999999979e-01
   27    2    p          :                              9.999999999967e-01
   28    2    p          :                              9.999999999979e-01
   29    2    p          :                              9.999999999979e-01
   30    2    p          :                              9.999999999979e-01
   31    2    p          :                              9.999999999985e-01
   32    2    p          :                              9.999999999947e-01
   33    2    p          :                              9.999999999980e-01
   34    2    p          :                              9.999999999957e-01
   35    2    p          :                              9.999999999985e-01
   36    2    p          :                              9.999999999984e-01
   37    2    p          :                              9.999999999996e-01
   38    2    p          :                              9.999999999956e-01
   39    2    p          :                              9.999999999979e-01
   40    2    p          :                              9.999999999979e-01
   41    2    p          :                              9.999999999978e-01
   42    2    p          :                              9.999999999979e-01
   43    2    p          :                              9.999999999974e-01
   44    2    p          :                              9.999999999979e-01
   45    2    p          :                              9.999999999980e-01
   46    2    p          :                              9.999999999974e-01
   47    2    p          :                              9.999999999979e-01
   48    2    p          :                              9.999999999981e-01
   49    2    p          :                              9.999999999971e-01
   50    2    p          :                              9.999999999979e-01
   51    2    p          :                              1.000000000006e+00
   52    2    p          :                              9.999999999976e-01
   53    2    p          :                              9.999999999978e-01
   54    2    p          :                              1.000000000010e+00
   55    2    p          :                              1.000000000037e+00
===========================================================================


~~~~~~~~~~~~~~~~~~~~~~~~~~~~~~~~~~~~~~~~~~~~~~~~~~~~~~~~~~~~~~~~~~~~~~~~~~~
 Calculation             : Compute initial energy
 Method                  : DFT (PBE)
 Relativity              : ZORA (V_nuc + J + V_xc)
 Precision               : 1.00000e-06
 Localization            : On
~~~~~~~~~~~~~~~~~~~~~~~~~~~~~~~~~~~~~~~~~~~~~~~~~~~~~~~~~~~~~~~~~~~~~~~~~~~


===========================================================================
                        Molecular Energy (initial)
---------------------------------------------------------------------------
 Kinetic energy          :            (au)               1712.752573446888
 E-N energy              :            (au)              -6186.502254180783
 Coulomb energy          :            (au)               1817.991792826232
 Exchange energy         :            (au)                  0.000000000000
 X-C energy              :            (au)               -132.869561108534
 Ext. field (el)         :            (au)                  0.000000000000
---------------------------------------------------------------------------
 N-N energy              :            (au)               1052.000250456979
 Ext. field (nuc)        :            (au)                  0.000000000000
 Tot. Reac. Energy       :            (au)                  0.000000000000
 El. Reac. Energy        :            (au)                  0.000000000000
 Nuc. Reac. Energy       :            (au)                  0.000000000000
---------------------------------------------------------------------------
 Electronic energy       :            (au)              -2788.627449016198
 Nuclear energy          :            (au)               1052.000250456979
---------------------------------------------------------------------------
 Total energy            :            (au)             -1.736627198559e+03
                         :      (kcal/mol)             -1.089750020011e+06
                         :        (kJ/mol)             -4.559514083728e+06
                         :            (eV)             -4.725603346528e+04
===========================================================================


===========================================================================
                        Orbital Energies (initial)
---------------------------------------------------------------------------
    n  Occ Spin          :                                         Epsilon
---------------------------------------------------------------------------
    0    2    p          :            (au)               -218.031180623972
    1    2    p          :            (au)                -24.709793869075
    2    2    p          :            (au)                -20.827093539672
    3    2    p          :            (au)                -20.826897052825
    4    2    p          :            (au)                -20.826316779793
    5    2    p          :            (au)                -18.871794971464
    6    2    p          :            (au)                -18.867056337182
    7    2    p          :            (au)                -18.866733421922
    8    2    p          :            (au)                -18.866566647578
    9    2    p          :            (au)                -18.866031770681
   10    2    p          :            (au)                -18.841839946510
   11    2    p          :            (au)                -10.008453906224
   12    2    p          :            (au)                -10.008305339202
   13    2    p          :            (au)                -10.007793527141
   14    2    p          :            (au)                -10.007430297190
   15    2    p          :            (au)                 -9.992989716901
   16    2    p          :            (au)                 -9.984570879537
   17    2    p          :            (au)                 -2.791498634869
   18    2    p          :            (au)                 -1.746056281481
   19    2    p          :            (au)                 -1.745386851120
   20    2    p          :            (au)                 -1.743083153382
   21    2    p          :            (au)                 -1.040535775386
   22    2    p          :            (au)                 -1.039578080280
   23    2    p          :            (au)                 -1.039381869322
   24    2    p          :            (au)                 -1.038611215399
   25    2    p          :            (au)                 -1.015901412237
   26    2    p          :            (au)                 -1.007855974158
   27    2    p          :            (au)                 -0.669743772361
   28    2    p          :            (au)                 -0.545788593899
   29    2    p          :            (au)                 -0.522424842843
   30    2    p          :            (au)                 -0.506376678823
   31    2    p          :            (au)                 -0.505417301095
   32    2    p          :            (au)                 -0.503638833813
   33    2    p          :            (au)                 -0.490406788900
   34    2    p          :            (au)                 -0.456488527450
   35    2    p          :            (au)                 -0.442086804021
   36    2    p          :            (au)                 -0.431162004473
   37    2    p          :            (au)                 -0.424320282315
   38    2    p          :            (au)                 -0.419312707750
   39    2    p          :            (au)                 -0.418259177582
   40    2    p          :            (au)                 -0.412878336190
   41    2    p          :            (au)                 -0.411187878221
   42    2    p          :            (au)                 -0.409743299146
   43    2    p          :            (au)                 -0.405351028780
   44    2    p          :            (au)                 -0.397817945820
   45    2    p          :            (au)                 -0.396385940429
   46    2    p          :            (au)                 -0.387939320813
   47    2    p          :            (au)                 -0.387265707317
   48    2    p          :            (au)                 -0.373708565077
   49    2    p          :            (au)                 -0.361142392465
   50    2    p          :            (au)                 -0.355632433175
   51    2    p          :            (au)                 -0.352358482671
   52    2    p          :            (au)                 -0.307249230410
   53    2    p          :            (au)                 -0.224552668553
   54    2    p          :            (au)                 -0.211142818596
   55    2    p          :            (au)                 -0.207280272434
---------------------------------------------------------------------------
 Sum occupied            :            (au)              -1009.111601019850
===========================================================================


~~~~~~~~~~~~~~~~~~~~~~~~~~~~~~~~~~~~~~~~~~~~~~~~~~~~~~~~~~~~~~~~~~~~~~~~~~~
 Calculation             : Optimize ground state orbitals
 Method                  : DFT (PBE)
 Relativity              : ZORA (V_nuc + J + V_xc)
 Checkpointing           : Off
 Max iterations          : 500
 KAIN solver             : 6
 Localization            : First two iterations
 Diagonalization         : Off
 Start precision         : 1.00000e-06
 Final precision         : 1.00000e-06
 Helmholtz precision     : Dynamic
 Energy threshold        : Off
 Orbital threshold       : 5.00000e-05
~~~~~~~~~~~~~~~~~~~~~~~~~~~~~~~~~~~~~~~~~~~~~~~~~~~~~~~~~~~~~~~~~~~~~~~~~~~


===========================================================================
 Iter           MO residual             Total energy                Update
---------------------------------------------------------------------------
    0          7.483315e+00       -1736.627198559219         -1.736627e+03
    1          1.387051e-02       -1736.981317902106         -3.541193e-01
    2          6.891933e-03       -1737.022871325679         -4.155342e-02
    3          4.434858e-03       -1737.034189262052         -1.131794e-02
    4          4.105553e-03       -1737.035594868717         -1.405607e-03
    5          3.332275e-03       -1737.035494001012          1.008677e-04
    6          1.168397e-03       -1737.035910126723         -4.161257e-04
    7          1.184983e-03       -1737.035974312521         -6.418580e-05
    8          5.598290e-04       -1737.036370825996         -3.965135e-04
    9          4.074475e-04       -1737.036381901558         -1.107556e-05
   10          4.120966e-04       -1737.036282364609          9.953695e-05
   11          3.700157e-04       -1737.036332843596         -5.047899e-05
   12          1.502211e-04       -1737.036328193350          4.650246e-06
   13          1.864320e-04       -1737.036359840573         -3.164722e-05
   14          1.473384e-04       -1737.036326247824          3.359275e-05
   15          1.261427e-04       -1737.036364801008         -3.855318e-05
---------------------------------------------------------------------------
                      SCF converged in 15 iterations!
===========================================================================


                                                                           
***************************************************************************
***                                                                     ***
***                    Printing Molecular Properties                    ***
***                                                                     ***
***************************************************************************
                                                                           
                                                                           
===========================================================================
                                 Molecule
---------------------------------------------------------------------------
 Charge                  :                                               0
 Multiplicity            :                                               1
---------------------------------------------------------------------------
    N    Atom            :               x               y               z
---------------------------------------------------------------------------
    0      Cr            :      -13.537053        4.189251        5.168435
    1       C            :      -11.548226        4.811262        8.062394
    2       C            :      -10.896369        2.245705        3.750073
    3       C            :      -12.149750        6.974871        3.655331
    4       C            :      -16.089055        6.315880        6.463563
    5       O            :      -17.599758        7.730645        7.204220
    6       O            :      -10.287945        5.280392        9.801095
    7       O            :       -9.225567        1.166250        2.819046
    8       O            :      -11.263835        8.751490        2.696307
    9       C            :      -15.528184        3.580470        2.249783
   10       O            :      -16.712781        3.272599        0.431664
   11       C            :      -13.791006       -1.023527        8.129097
   12       O            :      -15.298070        0.857747        6.901212
   13       H            :      -15.004845       -2.574244        8.851746
   14       H            :      -12.649260       -0.221397        9.699594
   15       H            :      -12.492800       -1.799325        6.688134
   16       H            :      -16.546686        1.488539        8.097136
---------------------------------------------------------------------------
 Center of mass          :      -13.423555        4.117677        5.212439
===========================================================================


===========================================================================
                         Molecular Energy (final)
---------------------------------------------------------------------------
 Kinetic energy          :            (au)               1746.001122555583
 E-N energy              :            (au)              -6222.020326351154
 Coulomb energy          :            (au)               1820.350195945804
 Exchange energy         :            (au)                  0.000000000000
 X-C energy              :            (au)               -133.367607408219
 Ext. field (el)         :            (au)                  0.000000000000
---------------------------------------------------------------------------
 N-N energy              :            (au)               1052.000250456979
 Ext. field (nuc)        :            (au)                  0.000000000000
 Tot. Reac. Energy       :            (au)                  0.000000000000
 El. Reac. Energy        :            (au)                  0.000000000000
 Nuc. Reac. Energy       :            (au)                  0.000000000000
---------------------------------------------------------------------------
 Electronic energy       :            (au)              -2789.036615257987
 Nuclear energy          :            (au)               1052.000250456979
---------------------------------------------------------------------------
 Total energy            :            (au)             -1.737036364801e+03
                         :      (kcal/mol)             -1.090006775705e+06
                         :        (kJ/mol)             -4.560588349548e+06
                         :            (eV)             -4.726716744593e+04
===========================================================================


===========================================================================
                         Orbital Energies (final)
---------------------------------------------------------------------------
    n  Occ Spin          :                                         Epsilon
---------------------------------------------------------------------------
    0    2    p          :            (au)               -217.700724134091
    1    2    p          :            (au)                -24.632172383085
    2    2    p          :            (au)                -20.710657719560
    3    2    p          :            (au)                -20.710468135214
    4    2    p          :            (au)                -20.709915054675
    5    2    p          :            (au)                -18.862852060472
    6    2    p          :            (au)                -18.857296732086
    7    2    p          :            (au)                -18.856939114407
    8    2    p          :            (au)                -18.856792401784
    9    2    p          :            (au)                -18.856242783418
   10    2    p          :            (au)                -18.831854213633
   11    2    p          :            (au)                -10.004788808567
   12    2    p          :            (au)                -10.004664071168
   13    2    p          :            (au)                -10.004161697666
   14    2    p          :            (au)                -10.003768256369
   15    2    p          :            (au)                 -9.989090152597
   16    2    p          :            (au)                 -9.981358135731
   17    2    p          :            (au)                 -2.784018428048
   18    2    p          :            (au)                 -1.734972606333
   19    2    p          :            (au)                 -1.734311820815
   20    2    p          :            (au)                 -1.732095472825
   21    2    p          :            (au)                 -1.039402831283
   22    2    p          :            (au)                 -1.038435419021
   23    2    p          :            (au)                 -1.038223508504
   24    2    p          :            (au)                 -1.037454103158
   25    2    p          :            (au)                 -1.014563066817
   26    2    p          :            (au)                 -1.007433928212
   27    2    p          :            (au)                 -0.669638469529
   28    2    p          :            (au)                 -0.545290275681
   29    2    p          :            (au)                 -0.522190153081
   30    2    p          :            (au)                 -0.505420416745
   31    2    p          :            (au)                 -0.504499794766
   32    2    p          :            (au)                 -0.502713852919
   33    2    p          :            (au)                 -0.489329072312
   34    2    p          :            (au)                 -0.456215787114
   35    2    p          :            (au)                 -0.441907666673
   36    2    p          :            (au)                 -0.430406000024
   37    2    p          :            (au)                 -0.423530644433
   38    2    p          :            (au)                 -0.418440011481
   39    2    p          :            (au)                 -0.417389994083
   40    2    p          :            (au)                 -0.412027049363
   41    2    p          :            (au)                 -0.410354824339
   42    2    p          :            (au)                 -0.408933271324
   43    2    p          :            (au)                 -0.404468027764
   44    2    p          :            (au)                 -0.396887310806
   45    2    p          :            (au)                 -0.395473680152
   46    2    p          :            (au)                 -0.386932028114
   47    2    p          :            (au)                 -0.386253509339
   48    2    p          :            (au)                 -0.372883274458
   49    2    p          :            (au)                 -0.360566844156
   50    2    p          :            (au)                 -0.354739817179
   51    2    p          :            (au)                 -0.351672955184
   52    2    p          :            (au)                 -0.306935316491
   53    2    p          :            (au)                 -0.222635745813
   54    2    p          :            (au)                 -0.209052149339
   55    2    p          :            (au)                 -0.205171814917
---------------------------------------------------------------------------
 Sum occupied            :            (au)              -1007.293233594238
===========================================================================


===========================================================================
                           Dipole Moment (dip-1)
---------------------------------------------------------------------------
 r_O                     :        0.000000        0.000000        0.000000
---------------------------------------------------------------------------
 Electronic vector       :     1504.022472     -452.957653     -588.865179
 Magnitude               :            (au)                     1677.503035
                         :         (Debye)                     4263.787423
---------------------------------------------------------------------------
 Nuclear vector          :    -1504.702057      451.336541      590.068842
 Magnitude               :            (au)                     1678.098386
                         :         (Debye)                     4265.300656
---------------------------------------------------------------------------
 Total vector            :       -0.679586       -1.621112        1.203663
 Magnitude               :            (au)                        2.130410
                         :         (Debye)                        5.414962
===========================================================================


                                                                           
                                                                           
***************************************************************************
***                                                                     ***
***                            Exiting MRChem                           ***
***                                                                     ***
***                       Wall time :  0h 13m 42s                       ***
***                                                                     ***
***************************************************************************
                                                                           
                                                                           
