Starting job 382910 on b[1178,2133-2134,2137,2142-2145] at Thu Jun 23 11:29:03 CEST 2022

Copying Cr-THF_Fragment2_mw6.out to /cluster/home/ambr/projects/zora/reaction_energies/calcs_zora
Copying Cr-THF_Fragment2_mw6.json to /cluster/home/ambr/projects/zora/reaction_energies/calcs_zora

Task and CPU usage stats:
JobID           JobName  AllocCPUS   NTasks     MinCPU MinCPUTask     AveCPU    Elapsed ExitCode 
------------ ---------- ---------- -------- ---------- ---------- ---------- ---------- -------- 
382910       Cr-THF_Fr+       1024                                             00:05:09      0:0 
382910.batch      batch        128        1   04:48:35          0   04:48:35   00:05:09      0:0 
382910.exte+     extern       1024        8   00:00:00          5   00:00:00   00:05:10      0:0 
382910.0          orted        896        7   01:55:56          2   02:41:26   00:04:46      0:0 

Memory usage stats:
JobID            MaxRSS MaxRSSTask     AveRSS MaxPages   MaxPagesTask   AvePages 
------------ ---------- ---------- ---------- -------- -------------- ---------- 
382910                                                                           
382910.batch  56758037K          0  56758037K     1057              0          0 
382910.exte+       860K          7    855.50K        3              5          2 
382910.0      67687861K          0 533167281+      788              5        772 

Disk usage stats:
JobID         MaxDiskRead MaxDiskReadTask    AveDiskRead MaxDiskWrite MaxDiskWriteTask   AveDiskWrite 
------------ ------------ --------------- -------------- ------------ ---------------- -------------- 
382910                                                                                                
382910.batch     2826.90M               0       2826.90M     2870.65M                0       2870.65M 
382910.exte+        0.00M               5          0.00M            0                5              0 
382910.0          715.81M               0        189.44M       98.48M                0         98.47M 

Job 382910 completed at Thu Jun 23 11:34:12 CEST 2022
