                                                                           
                                                                           
***************************************************************************
***                                                                     ***
***                                                                     ***
***          __  __ ____   ____ _                                       ***
***         |  \/  |  _ \ / ___| |__   ___ _ __ ___                     ***
***         | |\/| | |_) | |   | '_ \ / _ \ '_ ` _ \                    ***
***         | |  | |  _ <| |___| | | |  __/ | | | | |                   ***
***         |_|  |_|_| \_\\____|_| |_|\___|_| |_| |_|                   ***
***                                                                     ***
***         VERSION            1.1.0-alpha                              ***
***                                                                     ***
***         Git branch         master                                   ***
***         Git commit hash    f6df85f5f746c23b4022                     ***
***         Git commit author  Stig Rune Jensen                         ***
***         Git commit date    Thu May 19 15:46:21 2022 +0200           ***
***                                                                     ***
***         Contact: luca.frediani@uit.no                               ***
***                                                                     ***
***         Radovan Bast            Magnar Bjorgve                      ***
***         Roberto Di Remigio      Antoine Durdek                      ***
***         Luca Frediani           Gabriel Gerez                       ***
***         Stig Rune Jensen        Jonas Juselius                      ***
***         Rune Monstad            Peter Wind                          ***
***                                                                     ***
***************************************************************************

---------------------------------------------------------------------------

 MPI processes           :       (32 bank)                              96
 OpenMP threads          :                                              15
 Total cores             :                                             992
                                                                           
---------------------------------------------------------------------------

XCFun DFT library Copyright 2009-2020 Ulf Ekstrom and contributors.
See http://dftlibs.org/xcfun/ for more information.

This is free software; see the source code for copying conditions.
There is ABSOLUTELY NO WARRANTY; not even for MERCHANTABILITY or
FITNESS FOR A PARTICULAR PURPOSE. For details see the documentation.
Scientific users of this library should cite
U. Ekstrom, L. Visscher, R. Bast, A. J. Thorvaldsen and K. Ruud;
J.Chem.Theor.Comp. 2010, DOI: 10.1021/ct100117s

---------------------------------------------------------------------------

 MRCPP version         : 1.4.1
 Git branch            : HEAD
 Git commit hash       : 75d41879b1908a94a452
 Git commit author     : Stig Rune Jensen
 Git commit date       : Thu Jan 6 11:38:53 2022 +0100

 Linear algebra        : EIGEN v3.4.0
 Parallelization       : MPI/OpenMP (15 threads)

---------------------------------------------------------------------------


                                                                           
===========================================================================
                         MultiResolution Analysis
---------------------------------------------------------------------------
 polynomial order      : 9
 polynomial type       : Interpolating
---------------------------------------------------------------------------
 total boxes           : 8
 boxes                 : [          2           2           2 ]
 unit lengths          : [   64.00000    64.00000    64.00000 ]
 scaling factor        : [    1.00000     1.00000     1.00000 ]
 lower bounds          : [  -64.00000   -64.00000   -64.00000 ]
 upper bounds          : [   64.00000    64.00000    64.00000 ]
 total length          : [  128.00000   128.00000   128.00000 ]
===========================================================================


                                                                           
***************************************************************************
***                                                                     ***
***                        Initializing Molecule                        ***
***                                                                     ***
***************************************************************************
                                                                           
                                                                           
===========================================================================
                                 Molecule
---------------------------------------------------------------------------
 Charge                  :                                               0
 Multiplicity            :                                               1
---------------------------------------------------------------------------
    N    Atom            :               x               y               z
---------------------------------------------------------------------------
    0      Cr            :      -13.477718        3.504679        5.403052
    1       C            :      -10.532562        3.587139        7.426259
    2       C            :      -11.733115        1.539925        2.982647
    3       C            :      -12.368365        6.355381        3.785959
    4       C            :      -15.175854        5.589105        7.754465
    5       O            :      -16.186576        6.963571        9.138835
    6       O            :       -8.684004        3.733086        8.603515
    7       O            :      -10.618704        0.433214        1.446463
    8       O            :      -11.661953        8.173963        2.756300
    9       C            :      -16.379711        3.533544        3.317735
   10       O            :      -18.123379        3.658755        1.987756
   11       C            :      -15.982368       -4.072388        8.055880
   12       C            :      -15.910334       -1.998032        6.053195
   13       O            :      -14.779229        0.145465        7.308145
   14       C            :      -14.677357       -0.234676       10.009643
   15       C            :      -16.338513       -2.542564       10.496614
   16       H            :      -14.160088       -5.109018        8.099177
   17       H            :      -17.508350       -5.462066        7.715211
   18       H            :      -17.832431       -1.457476        5.390585
   19       H            :      -14.742861       -2.471739        4.379890
   20       H            :      -15.355310        1.511161       10.947796
   21       H            :      -12.675126       -0.554538       10.569403
   22       H            :      -18.343042       -1.966610       10.713899
   23       H            :      -15.775808       -3.584431       12.221057
---------------------------------------------------------------------------
 Center of mass          :      -13.853975        2.551217        5.945810
===========================================================================


                                                                           
***************************************************************************
***                                                                     ***
***                 Computing Ground State Wavefunction                 ***
***                                                                     ***
***************************************************************************
                                                                           
                                                                           
~~~~~~~~~~~~~~~~~~~~~~~~~~~~~~~~~~~~~~~~~~~~~~~~~~~~~~~~~~~~~~~~~~~~~~~~~~~
 Calculation             : Compute initial orbitals
 Method                  : Project MW molecular orbitals
 Precision               : 1.00000e-06
 Restricted              : True
 MO file                 : initial_guess/phi_p_scf
~~~~~~~~~~~~~~~~~~~~~~~~~~~~~~~~~~~~~~~~~~~~~~~~~~~~~~~~~~~~~~~~~~~~~~~~~~~


===========================================================================
                            Molecular Orbitals
---------------------------------------------------------------------------
 Alpha electrons         :                                              67
 Beta electrons          :                                              67
 Total electrons         :                                             134
---------------------------------------------------------------------------
    n  Occ Spin          :                                            Norm
---------------------------------------------------------------------------
    0    2    p          :                              9.999999999980e-01
    1    2    p          :                              9.999999999978e-01
    2    2    p          :                              9.999999999973e-01
    3    2    p          :                              9.999999999979e-01
    4    2    p          :                              9.999999999978e-01
    5    2    p          :                              9.999999999988e-01
    6    2    p          :                              9.999999999978e-01
    7    2    p          :                              9.999999999963e-01
    8    2    p          :                              9.999999999977e-01
    9    2    p          :                              9.999999999975e-01
   10    2    p          :                              9.999999999972e-01
   11    2    p          :                              9.999999999978e-01
   12    2    p          :                              9.999999999978e-01
   13    2    p          :                              9.999999999983e-01
   14    2    p          :                              9.999999999978e-01
   15    2    p          :                              9.999999999979e-01
   16    2    p          :                              9.999999999979e-01
   17    2    p          :                              9.999999999978e-01
   18    2    p          :                              9.999999999931e-01
   19    2    p          :                              9.999999999974e-01
   20    2    p          :                              9.999999999970e-01
   21    2    p          :                              9.999999999978e-01
   22    2    p          :                              9.999999999813e-01
   23    2    p          :                              9.999999999994e-01
   24    2    p          :                              9.999999999979e-01
   25    2    p          :                              9.999999999967e-01
   26    2    p          :                              9.999999999978e-01
   27    2    p          :                              9.999999999978e-01
   28    2    p          :                              1.000000000003e+00
   29    2    p          :                              9.999999999979e-01
   30    2    p          :                              9.999999999979e-01
   31    2    p          :                              9.999999999979e-01
   32    2    p          :                              9.999999999979e-01
   33    2    p          :                              9.999999999978e-01
   34    2    p          :                              9.999999999978e-01
   35    2    p          :                              9.999999999979e-01
   36    2    p          :                              9.999999999978e-01
   37    2    p          :                              9.999999999951e-01
   38    2    p          :                              9.999999999979e-01
   39    2    p          :                              9.999999999968e-01
   40    2    p          :                              9.999999999975e-01
   41    2    p          :                              9.999999999981e-01
   42    2    p          :                              1.000000000003e+00
   43    2    p          :                              9.999999999979e-01
   44    2    p          :                              9.999999999961e-01
   45    2    p          :                              9.999999999984e-01
   46    2    p          :                              9.999999999979e-01
   47    2    p          :                              9.999999999976e-01
   48    2    p          :                              9.999999999979e-01
   49    2    p          :                              9.999999999977e-01
   50    2    p          :                              9.999999999975e-01
   51    2    p          :                              9.999999999978e-01
   52    2    p          :                              9.999999999979e-01
   53    2    p          :                              9.999999999934e-01
   54    2    p          :                              1.000000000005e+00
   55    2    p          :                              9.999999999932e-01
   56    2    p          :                              1.000000000000e+00
   57    2    p          :                              9.999999999979e-01
   58    2    p          :                              9.999999999982e-01
   59    2    p          :                              9.999999999979e-01
   60    2    p          :                              9.999999999979e-01
   61    2    p          :                              9.999999999989e-01
   62    2    p          :                              9.999999999971e-01
   63    2    p          :                              9.999999999977e-01
   64    2    p          :                              9.999999999971e-01
   65    2    p          :                              9.999999999980e-01
   66    2    p          :                              9.999999999978e-01
===========================================================================


~~~~~~~~~~~~~~~~~~~~~~~~~~~~~~~~~~~~~~~~~~~~~~~~~~~~~~~~~~~~~~~~~~~~~~~~~~~
 Calculation             : Compute initial energy
 Method                  : DFT (PBE)
 Relativity              : ZORA (V_nuc + J + V_xc)
 Precision               : 1.00000e-06
 Localization            : On
~~~~~~~~~~~~~~~~~~~~~~~~~~~~~~~~~~~~~~~~~~~~~~~~~~~~~~~~~~~~~~~~~~~~~~~~~~~


===========================================================================
                        Molecular Energy (initial)
---------------------------------------------------------------------------
 Kinetic energy          :            (au)               1828.659310425425
 E-N energy              :            (au)              -7210.464684513589
 Coulomb energy          :            (au)               2250.104755628144
 Exchange energy         :            (au)                  0.000000000000
 X-C energy              :            (au)               -150.514081319757
 Ext. field (el)         :            (au)                  0.000000000000
---------------------------------------------------------------------------
 N-N energy              :            (au)               1428.894267772147
 Ext. field (nuc)        :            (au)                  0.000000000000
 Tot. Reac. Energy       :            (au)                  0.000000000000
 El. Reac. Energy        :            (au)                  0.000000000000
 Nuc. Reac. Energy       :            (au)                  0.000000000000
---------------------------------------------------------------------------
 Electronic energy       :            (au)              -3282.214699779778
 Nuclear energy          :            (au)               1428.894267772147
---------------------------------------------------------------------------
 Total energy            :            (au)             -1.853320432008e+03
                         :      (kcal/mol)             -1.162976129559e+06
                         :        (kJ/mol)             -4.865892126077e+06
                         :            (eV)             -5.043141811294e+04
===========================================================================


===========================================================================
                        Orbital Energies (initial)
---------------------------------------------------------------------------
    n  Occ Spin          :                                         Epsilon
---------------------------------------------------------------------------
    0    2    p          :            (au)               -218.025286702378
    1    2    p          :            (au)                -24.704207676555
    2    2    p          :            (au)                -20.821422066573
    3    2    p          :            (au)                -20.821379230809
    4    2    p          :            (au)                -20.820669277375
    5    2    p          :            (au)                -18.861064226498
    6    2    p          :            (au)                -18.861006898879
    7    2    p          :            (au)                -18.860902269146
    8    2    p          :            (au)                -18.860832315616
    9    2    p          :            (au)                -18.852246923227
   10    2    p          :            (au)                -18.835796366769
   11    2    p          :            (au)                -10.002454607701
   12    2    p          :            (au)                -10.002432804076
   13    2    p          :            (au)                -10.002372097787
   14    2    p          :            (au)                -10.002333778668
   15    2    p          :            (au)                 -9.986823169707
   16    2    p          :            (au)                 -9.979802480430
   17    2    p          :            (au)                 -9.979788819287
   18    2    p          :            (au)                 -9.935702211432
   19    2    p          :            (au)                 -9.935582457420
   20    2    p          :            (au)                 -2.785598768917
   21    2    p          :            (au)                 -1.739863451616
   22    2    p          :            (au)                 -1.739789588158
   23    2    p          :            (au)                 -1.736977939275
   24    2    p          :            (au)                 -1.034563953076
   25    2    p          :            (au)                 -1.033999301433
   26    2    p          :            (au)                 -1.033866952784
   27    2    p          :            (au)                 -1.033497168140
   28    2    p          :            (au)                 -1.009758792235
   29    2    p          :            (au)                 -0.999909891369
   30    2    p          :            (au)                 -0.750178351047
   31    2    p          :            (au)                 -0.709310024215
   32    2    p          :            (au)                 -0.574173378413
   33    2    p          :            (au)                 -0.568088638031
   34    2    p          :            (au)                 -0.540879204558
   35    2    p          :            (au)                 -0.502521848008
   36    2    p          :            (au)                 -0.500866512201
   37    2    p          :            (au)                 -0.498462549093
   38    2    p          :            (au)                 -0.490126898435
   39    2    p          :            (au)                 -0.488040838892
   40    2    p          :            (au)                 -0.484834424056
   41    2    p          :            (au)                 -0.430776804595
   42    2    p          :            (au)                 -0.428446709674
   43    2    p          :            (au)                 -0.419110729840
   44    2    p          :            (au)                 -0.416636884577
   45    2    p          :            (au)                 -0.413576296380
   46    2    p          :            (au)                 -0.413223830533
   47    2    p          :            (au)                 -0.409120393028
   48    2    p          :            (au)                 -0.407871514159
   49    2    p          :            (au)                 -0.406717440023
   50    2    p          :            (au)                 -0.398559289643
   51    2    p          :            (au)                 -0.393397077755
   52    2    p          :            (au)                 -0.392490393267
   53    2    p          :            (au)                 -0.389599915315
   54    2    p          :            (au)                 -0.382155616770
   55    2    p          :            (au)                 -0.380917092610
   56    2    p          :            (au)                 -0.371958282113
   57    2    p          :            (au)                 -0.353497696915
   58    2    p          :            (au)                 -0.353473912938
   59    2    p          :            (au)                 -0.349259586614
   60    2    p          :            (au)                 -0.342117077066
   61    2    p          :            (au)                 -0.337417205226
   62    2    p          :            (au)                 -0.323740430608
   63    2    p          :            (au)                 -0.265235431604
   64    2    p          :            (au)                 -0.218608131900
   65    2    p          :            (au)                 -0.204301410667
   66    2    p          :            (au)                 -0.198050390130
---------------------------------------------------------------------------
 Sum occupied            :            (au)              -1075.615348796473
===========================================================================


~~~~~~~~~~~~~~~~~~~~~~~~~~~~~~~~~~~~~~~~~~~~~~~~~~~~~~~~~~~~~~~~~~~~~~~~~~~
 Calculation             : Optimize ground state orbitals
 Method                  : DFT (PBE)
 Relativity              : ZORA (V_nuc + J + V_xc)
 Checkpointing           : Off
 Max iterations          : 500
 KAIN solver             : 6
 Localization            : First two iterations
 Diagonalization         : Off
 Start precision         : 1.00000e-06
 Final precision         : 1.00000e-06
 Helmholtz precision     : Dynamic
 Energy threshold        : Off
 Orbital threshold       : 5.00000e-05
~~~~~~~~~~~~~~~~~~~~~~~~~~~~~~~~~~~~~~~~~~~~~~~~~~~~~~~~~~~~~~~~~~~~~~~~~~~


===========================================================================
 Iter           MO residual             Total energy                Update
---------------------------------------------------------------------------
    0          8.185353e+00       -1853.320432007630         -1.853320e+03
    1          1.391552e-02       -1853.674748185399         -3.543162e-01
    2          6.906471e-03       -1853.716334565193         -4.158638e-02
    3          4.450178e-03       -1853.727644412200         -1.130985e-02
    4          4.088037e-03       -1853.729084935671         -1.440523e-03
    5          3.349620e-03       -1853.728950887128          1.340485e-04
    6          1.162845e-03       -1853.729369038030         -4.181509e-04
    7          1.178354e-03       -1853.729427178560         -5.814053e-05
    8          5.512093e-04       -1853.729816735181         -3.895566e-04
    9          4.078267e-04       -1853.729833448941         -1.671376e-05
   10          4.158127e-04       -1853.729726410639          1.070383e-04
   11          3.635193e-04       -1853.729783758228         -5.734759e-05
   12          1.500275e-04       -1853.729777567688          6.190540e-06
   13          1.867354e-04       -1853.729808657351         -3.108966e-05
   14          1.515660e-04       -1853.729773409797          3.524755e-05
   15          1.250881e-04       -1853.729813961504         -4.055171e-05
---------------------------------------------------------------------------
                      SCF converged in 15 iterations!
===========================================================================


                                                                           
***************************************************************************
***                                                                     ***
***                    Printing Molecular Properties                    ***
***                                                                     ***
***************************************************************************
                                                                           
                                                                           
===========================================================================
                                 Molecule
---------------------------------------------------------------------------
 Charge                  :                                               0
 Multiplicity            :                                               1
---------------------------------------------------------------------------
    N    Atom            :               x               y               z
---------------------------------------------------------------------------
    0      Cr            :      -13.477718        3.504679        5.403052
    1       C            :      -10.532562        3.587139        7.426259
    2       C            :      -11.733115        1.539925        2.982647
    3       C            :      -12.368365        6.355381        3.785959
    4       C            :      -15.175854        5.589105        7.754465
    5       O            :      -16.186576        6.963571        9.138835
    6       O            :       -8.684004        3.733086        8.603515
    7       O            :      -10.618704        0.433214        1.446463
    8       O            :      -11.661953        8.173963        2.756300
    9       C            :      -16.379711        3.533544        3.317735
   10       O            :      -18.123379        3.658755        1.987756
   11       C            :      -15.982368       -4.072388        8.055880
   12       C            :      -15.910334       -1.998032        6.053195
   13       O            :      -14.779229        0.145465        7.308145
   14       C            :      -14.677357       -0.234676       10.009643
   15       C            :      -16.338513       -2.542564       10.496614
   16       H            :      -14.160088       -5.109018        8.099177
   17       H            :      -17.508350       -5.462066        7.715211
   18       H            :      -17.832431       -1.457476        5.390585
   19       H            :      -14.742861       -2.471739        4.379890
   20       H            :      -15.355310        1.511161       10.947796
   21       H            :      -12.675126       -0.554538       10.569403
   22       H            :      -18.343042       -1.966610       10.713899
   23       H            :      -15.775808       -3.584431       12.221057
---------------------------------------------------------------------------
 Center of mass          :      -13.853975        2.551217        5.945810
===========================================================================


===========================================================================
                         Molecular Energy (final)
---------------------------------------------------------------------------
 Kinetic energy          :            (au)               1862.145314992316
 E-N energy              :            (au)              -7246.236395325534
 Coulomb energy          :            (au)               2252.489717935247
 Exchange energy         :            (au)                  0.000000000000
 X-C energy              :            (au)               -151.022719335679
 Ext. field (el)         :            (au)                  0.000000000000
---------------------------------------------------------------------------
 N-N energy              :            (au)               1428.894267772147
 Ext. field (nuc)        :            (au)                  0.000000000000
 Tot. Reac. Energy       :            (au)                  0.000000000000
 El. Reac. Energy        :            (au)                  0.000000000000
 Nuc. Reac. Energy       :            (au)                  0.000000000000
---------------------------------------------------------------------------
 Electronic energy       :            (au)              -3282.624081733651
 Nuclear energy          :            (au)               1428.894267772147
---------------------------------------------------------------------------
 Total energy            :            (au)             -1.853729813962e+03
                         :      (kcal/mol)             -1.163233020614e+06
                         :        (kJ/mol)             -4.866966958249e+06
                         :            (eV)             -5.044255796341e+04
===========================================================================


===========================================================================
                         Orbital Energies (final)
---------------------------------------------------------------------------
    n  Occ Spin          :                                         Epsilon
---------------------------------------------------------------------------
    0    2    p          :            (au)               -217.694816985740
    1    2    p          :            (au)                -24.626563055173
    2    2    p          :            (au)                -20.704968962798
    3    2    p          :            (au)                -20.704920350415
    4    2    p          :            (au)                -20.704249190540
    5    2    p          :            (au)                -18.851275409879
    6    2    p          :            (au)                -18.851224582149
    7    2    p          :            (au)                -18.851110195121
    8    2    p          :            (au)                -18.851042235729
    9    2    p          :            (au)                -18.843189705083
   10    2    p          :            (au)                -18.825793479620
   11    2    p          :            (au)                 -9.998791337767
   12    2    p          :            (au)                 -9.998769729729
   13    2    p          :            (au)                 -9.998710934939
   14    2    p          :            (au)                 -9.998674268465
   15    2    p          :            (au)                 -9.982903298918
   16    2    p          :            (au)                 -9.976559470895
   17    2    p          :            (au)                 -9.976548551423
   18    2    p          :            (au)                 -9.932465697240
   19    2    p          :            (au)                 -9.932346315419
   20    2    p          :            (au)                 -2.778095863258
   21    2    p          :            (au)                 -1.728758688930
   22    2    p          :            (au)                 -1.728682444498
   23    2    p          :            (au)                 -1.725972692869
   24    2    p          :            (au)                 -1.033410105114
   25    2    p          :            (au)                 -1.032841088922
   26    2    p          :            (au)                 -1.032706575725
   27    2    p          :            (au)                 -1.032337424593
   28    2    p          :            (au)                 -1.008404169627
   29    2    p          :            (au)                 -0.999390102845
   30    2    p          :            (au)                 -0.749995985192
   31    2    p          :            (au)                 -0.709128520181
   32    2    p          :            (au)                 -0.574017466340
   33    2    p          :            (au)                 -0.567969277378
   34    2    p          :            (au)                 -0.540380092607
   35    2    p          :            (au)                 -0.501618263232
   36    2    p          :            (au)                 -0.499893485019
   37    2    p          :            (au)                 -0.497523656181
   38    2    p          :            (au)                 -0.489921494147
   39    2    p          :            (au)                 -0.487855067443
   40    2    p          :            (au)                 -0.483740937282
   41    2    p          :            (au)                 -0.430524551579
   42    2    p          :            (au)                 -0.427647999022
   43    2    p          :            (au)                 -0.418373603940
   44    2    p          :            (au)                 -0.416466719999
   45    2    p          :            (au)                 -0.412715473782
   46    2    p          :            (au)                 -0.412342617888
   47    2    p          :            (au)                 -0.408252598154
   48    2    p          :            (au)                 -0.407137934793
   49    2    p          :            (au)                 -0.405878148063
   50    2    p          :            (au)                 -0.397704645365
   51    2    p          :            (au)                 -0.393067150949
   52    2    p          :            (au)                 -0.391552504799
   53    2    p          :            (au)                 -0.388686268687
   54    2    p          :            (au)                 -0.381134443341
   55    2    p          :            (au)                 -0.379935152776
   56    2    p          :            (au)                 -0.371155831187
   57    2    p          :            (au)                 -0.352978419028
   58    2    p          :            (au)                 -0.352873850956
   59    2    p          :            (au)                 -0.348388975076
   60    2    p          :            (au)                 -0.341708835207
   61    2    p          :            (au)                 -0.337165418154
   62    2    p          :            (au)                 -0.323717542648
   63    2    p          :            (au)                 -0.264803960663
   64    2    p          :            (au)                 -0.216676068899
   65    2    p          :            (au)                 -0.202184228232
   66    2    p          :            (au)                 -0.196007701577
---------------------------------------------------------------------------
 Sum occupied            :            (au)              -1073.773295606381
===========================================================================


===========================================================================
                           Dipole Moment (dip-1)
---------------------------------------------------------------------------
 r_O                     :        0.000000        0.000000        0.000000
---------------------------------------------------------------------------
 Electronic vector       :     1864.018929     -322.617637     -807.688104
 Magnitude               :            (au)                     2056.941609
                         :         (Debye)                     5228.224081
---------------------------------------------------------------------------
 Nuclear vector          :    -1864.878074      320.426609      808.932753
 Magnitude               :            (au)                     2057.866770
                         :         (Debye)                     5230.575606
---------------------------------------------------------------------------
 Total vector            :       -0.859145       -2.191028        1.244649
 Magnitude               :            (au)                        2.662308
                         :         (Debye)                        6.766912
===========================================================================


                                                                           
                                                                           
***************************************************************************
***                                                                     ***
***                            Exiting MRChem                           ***
***                                                                     ***
***                       Wall time :  0h 19m 19s                       ***
***                                                                     ***
***************************************************************************
                                                                           
                                                                           
