Starting job 382909 on b[4384-4387,4390-4393] at Thu Jun 23 11:29:03 CEST 2022

Copying Cr-THF_Fragment1_mw6.out to /cluster/home/ambr/projects/zora/reaction_energies/calcs_zora
Copying Cr-THF_Fragment1_mw6.json to /cluster/home/ambr/projects/zora/reaction_energies/calcs_zora

Task and CPU usage stats:
JobID           JobName  AllocCPUS   NTasks     MinCPU MinCPUTask     AveCPU    Elapsed ExitCode 
------------ ---------- ---------- -------- ---------- ---------- ---------- ---------- -------- 
382909       Cr-THF_Fr+       1024                                             00:12:28      0:0 
382909.batch      batch        128        1   08:46:30          0   08:46:30   00:12:28      0:0 
382909.exte+     extern       1024        8   00:00:00          7   00:00:00   00:12:29      0:0 
382909.0          orted        896        7   04:16:34          6   08:41:06   00:10:47      0:0 

Memory usage stats:
JobID            MaxRSS MaxRSSTask     AveRSS MaxPages   MaxPagesTask   AvePages 
------------ ---------- ---------- ---------- -------- -------------- ---------- 
382909                                                                           
382909.batch  81226516K          0  81226516K     1126              0          0 
382909.exte+       859K          5     873600        3              4          1 
382909.0      87389695K          1  80379169K      894              6        862 

Disk usage stats:
JobID         MaxDiskRead MaxDiskReadTask    AveDiskRead MaxDiskWrite MaxDiskWriteTask   AveDiskWrite 
------------ ------------ --------------- -------------- ------------ ---------------- -------------- 
382909                                                                                                
382909.batch     8380.89M               0       8380.89M     8436.32M                0       8436.32M 
382909.exte+        0.00M               7          0.00M            0                7              0 
382909.0          868.85M               1        572.61M      131.22M                3        108.41M 

Job 382909 completed at Thu Jun 23 11:41:32 CEST 2022
