Starting job 382908 on b[4375-4379,4381-4383] at Thu Jun 23 11:29:03 CEST 2022

Copying Cr-THF_Complex_mw6.out to /cluster/home/ambr/projects/zora/reaction_energies/calcs_zora
Copying Cr-THF_Complex_mw6.json to /cluster/home/ambr/projects/zora/reaction_energies/calcs_zora

Task and CPU usage stats:
JobID           JobName  AllocCPUS   NTasks     MinCPU MinCPUTask     AveCPU    Elapsed ExitCode 
------------ ---------- ---------- -------- ---------- ---------- ---------- ---------- -------- 
382908       Cr-THF_Co+       1024                                             00:21:43      0:0 
382908.batch      batch        128        1   16:15:10          0   16:15:10   00:21:43      0:0 
382908.exte+     extern       1024        8   00:00:00          1   00:00:00   00:21:44      0:0 
382908.0          orted        896        7   12:33:48          0   15:40:01   00:19:24      0:0 

Memory usage stats:
JobID            MaxRSS MaxRSSTask     AveRSS MaxPages   MaxPagesTask   AvePages 
------------ ---------- ---------- ---------- -------- -------------- ---------- 
382908                                                                           
382908.batch 131516494K          0 131516494K     1108              0          0 
382908.exte+       855K          3     871680        1              1          1 
382908.0     131461199K          5 128950621K     1121              5        910 

Disk usage stats:
JobID         MaxDiskRead MaxDiskReadTask    AveDiskRead MaxDiskWrite MaxDiskWriteTask   AveDiskWrite 
------------ ------------ --------------- -------------- ------------ ---------------- -------------- 
382908                                                                                                
382908.batch    16801.10M               0      16801.10M    16913.73M                0      16913.73M 
382908.exte+        0.00M               1          0.00M            0                1              0 
382908.0         1143.38M               5       1016.26M     1254.23M                6       1103.87M 

Job 382908 completed at Thu Jun 23 11:50:47 CEST 2022
