                                                                           
                                                                           
***************************************************************************
***                                                                     ***
***                                                                     ***
***          __  __ ____   ____ _                                       ***
***         |  \/  |  _ \ / ___| |__   ___ _ __ ___                     ***
***         | |\/| | |_) | |   | '_ \ / _ \ '_ ` _ \                    ***
***         | |  | |  _ <| |___| | | |  __/ | | | | |                   ***
***         |_|  |_|_| \_\\____|_| |_|\___|_| |_| |_|                   ***
***                                                                     ***
***         VERSION            1.1.0-alpha                              ***
***                                                                     ***
***         Git branch         master                                   ***
***         Git commit hash    f6df85f5f746c23b4022                     ***
***         Git commit author  Stig Rune Jensen                         ***
***         Git commit date    Thu May 19 15:46:21 2022 +0200           ***
***                                                                     ***
***         Contact: luca.frediani@uit.no                               ***
***                                                                     ***
***         Radovan Bast            Magnar Bjorgve                      ***
***         Roberto Di Remigio      Antoine Durdek                      ***
***         Luca Frediani           Gabriel Gerez                       ***
***         Stig Rune Jensen        Jonas Juselius                      ***
***         Rune Monstad            Peter Wind                          ***
***                                                                     ***
***************************************************************************

---------------------------------------------------------------------------

 MPI processes           :       (32 bank)                              96
 OpenMP threads          :                                              15
 Total cores             :                                             992
                                                                           
---------------------------------------------------------------------------

XCFun DFT library Copyright 2009-2020 Ulf Ekstrom and contributors.
See http://dftlibs.org/xcfun/ for more information.

This is free software; see the source code for copying conditions.
There is ABSOLUTELY NO WARRANTY; not even for MERCHANTABILITY or
FITNESS FOR A PARTICULAR PURPOSE. For details see the documentation.
Scientific users of this library should cite
U. Ekstrom, L. Visscher, R. Bast, A. J. Thorvaldsen and K. Ruud;
J.Chem.Theor.Comp. 2010, DOI: 10.1021/ct100117s

---------------------------------------------------------------------------

 MRCPP version         : 1.4.1
 Git branch            : HEAD
 Git commit hash       : 75d41879b1908a94a452
 Git commit author     : Stig Rune Jensen
 Git commit date       : Thu Jan 6 11:38:53 2022 +0100

 Linear algebra        : EIGEN v3.4.0
 Parallelization       : MPI/OpenMP (15 threads)

---------------------------------------------------------------------------


                                                                           
===========================================================================
                         MultiResolution Analysis
---------------------------------------------------------------------------
 polynomial order      : 9
 polynomial type       : Interpolating
---------------------------------------------------------------------------
 total boxes           : 8
 boxes                 : [          2           2           2 ]
 unit lengths          : [   64.00000    64.00000    64.00000 ]
 scaling factor        : [    1.00000     1.00000     1.00000 ]
 lower bounds          : [  -64.00000   -64.00000   -64.00000 ]
 upper bounds          : [   64.00000    64.00000    64.00000 ]
 total length          : [  128.00000   128.00000   128.00000 ]
===========================================================================


                                                                           
***************************************************************************
***                                                                     ***
***                        Initializing Molecule                        ***
***                                                                     ***
***************************************************************************
                                                                           
                                                                           
===========================================================================
                                 Molecule
---------------------------------------------------------------------------
 Charge                  :                                               0
 Multiplicity            :                                               1
---------------------------------------------------------------------------
    N    Atom            :               x               y               z
---------------------------------------------------------------------------
    0       C            :      -16.910445       -4.319674        8.392529
    1       C            :      -16.771372       -2.071389        6.570444
    2       O            :      -14.710726       -0.542291        7.408637
    3       C            :      -13.918116       -1.331410        9.865361
    4       C            :      -15.984543       -3.103611       10.856667
    5       H            :      -15.590052       -5.835586        7.790215
    6       H            :      -18.826338       -5.152319        8.528572
    7       H            :      -18.564906       -0.956230        6.617296
    8       H            :      -16.440092       -2.645499        4.576765
    9       H            :      -13.633044        0.361529       11.076414
   10       H            :      -12.064879       -2.337542        9.739095
   11       H            :      -17.531590       -2.000963       11.748320
   12       H            :      -15.281202       -4.481440       12.267119
---------------------------------------------------------------------------
 Center of mass          :      -15.643767       -2.245824        8.599237
===========================================================================


                                                                           
***************************************************************************
***                                                                     ***
***                 Computing Ground State Wavefunction                 ***
***                                                                     ***
***************************************************************************
                                                                           
                                                                           
~~~~~~~~~~~~~~~~~~~~~~~~~~~~~~~~~~~~~~~~~~~~~~~~~~~~~~~~~~~~~~~~~~~~~~~~~~~
 Calculation             : Compute initial orbitals
 Method                  : Project MW molecular orbitals
 Precision               : 1.00000e-06
 Restricted              : True
 MO file                 : initial_guess/phi_p_scf
~~~~~~~~~~~~~~~~~~~~~~~~~~~~~~~~~~~~~~~~~~~~~~~~~~~~~~~~~~~~~~~~~~~~~~~~~~~


===========================================================================
                            Molecular Orbitals
---------------------------------------------------------------------------
 Alpha electrons         :                                              20
 Beta electrons          :                                              20
 Total electrons         :                                              40
---------------------------------------------------------------------------
    n  Occ Spin          :                                            Norm
---------------------------------------------------------------------------
    0    2    p          :                              9.999999999992e-01
    1    2    p          :                              9.999999999979e-01
    2    2    p          :                              9.999999999979e-01
    3    2    p          :                              9.999999999977e-01
    4    2    p          :                              9.999999999979e-01
    5    2    p          :                              9.999999999935e-01
    6    2    p          :                              9.999999999974e-01
    7    2    p          :                              9.999999999979e-01
    8    2    p          :                              9.999999999979e-01
    9    2    p          :                              9.999999999967e-01
   10    2    p          :                              1.000000000001e+00
   11    2    p          :                              9.999999999979e-01
   12    2    p          :                              9.999999999933e-01
   13    2    p          :                              9.999999999988e-01
   14    2    p          :                              9.999999999980e-01
   15    2    p          :                              9.999999999961e-01
   16    2    p          :                              9.999999999979e-01
   17    2    p          :                              9.999999999979e-01
   18    2    p          :                              9.999999999979e-01
   19    2    p          :                              9.999999999980e-01
===========================================================================


~~~~~~~~~~~~~~~~~~~~~~~~~~~~~~~~~~~~~~~~~~~~~~~~~~~~~~~~~~~~~~~~~~~~~~~~~~~
 Calculation             : Compute initial energy
 Method                  : DFT (PBE)
 Relativity              : ZORA (V_nuc + J + V_xc)
 Precision               : 1.00000e-06
 Localization            : On
~~~~~~~~~~~~~~~~~~~~~~~~~~~~~~~~~~~~~~~~~~~~~~~~~~~~~~~~~~~~~~~~~~~~~~~~~~~


===========================================================================
                        Molecular Energy (initial)
---------------------------------------------------------------------------
 Kinetic energy          :            (au)                230.920080248012
 E-N energy              :            (au)               -921.590967640035
 Coulomb energy          :            (au)                301.252045866636
 Exchange energy         :            (au)                  0.000000000000
 X-C energy              :            (au)                -32.971536205085
 Ext. field (el)         :            (au)                  0.000000000000
---------------------------------------------------------------------------
 N-N energy              :            (au)                189.946799010740
 Ext. field (nuc)        :            (au)                  0.000000000000
 Tot. Reac. Energy       :            (au)                  0.000000000000
 El. Reac. Energy        :            (au)                  0.000000000000
 Nuc. Reac. Energy       :            (au)                  0.000000000000
---------------------------------------------------------------------------
 Electronic energy       :            (au)               -422.390377730472
 Nuclear energy          :            (au)                189.946799010740
---------------------------------------------------------------------------
 Total energy            :            (au)             -2.324435787197e+02
                         :      (kcal/mol)             -1.458605478318e+05
                         :        (kJ/mol)             -6.102805321281e+05
                         :            (eV)             -6.325112000942e+03
===========================================================================


===========================================================================
                        Orbital Energies (initial)
---------------------------------------------------------------------------
    n  Occ Spin          :                                         Epsilon
---------------------------------------------------------------------------
    0    2    p          :            (au)                -18.785413593140
    1    2    p          :            (au)                 -9.940351324211
    2    2    p          :            (au)                 -9.940343571587
    3    2    p          :            (au)                 -9.904165853092
    4    2    p          :            (au)                 -9.904047673765
    5    2    p          :            (au)                 -0.946840167313
    6    2    p          :            (au)                 -0.713177223706
    7    2    p          :            (au)                 -0.666500053882
    8    2    p          :            (au)                 -0.536561868169
    9    2    p          :            (au)                 -0.527835765155
   10    2    p          :            (au)                 -0.449813662205
   11    2    p          :            (au)                 -0.441813909093
   12    2    p          :            (au)                 -0.386156451008
   13    2    p          :            (au)                 -0.376645887832
   14    2    p          :            (au)                 -0.355456162131
   15    2    p          :            (au)                 -0.316384124322
   16    2    p          :            (au)                 -0.310276895837
   17    2    p          :            (au)                 -0.291668686628
   18    2    p          :            (au)                 -0.275292517606
   19    2    p          :            (au)                 -0.204099040041
---------------------------------------------------------------------------
 Sum occupied            :            (au)               -130.545688861450
===========================================================================


~~~~~~~~~~~~~~~~~~~~~~~~~~~~~~~~~~~~~~~~~~~~~~~~~~~~~~~~~~~~~~~~~~~~~~~~~~~
 Calculation             : Optimize ground state orbitals
 Method                  : DFT (PBE)
 Relativity              : ZORA (V_nuc + J + V_xc)
 Checkpointing           : Off
 Max iterations          : 500
 KAIN solver             : 6
 Localization            : First two iterations
 Diagonalization         : Off
 Start precision         : 1.00000e-06
 Final precision         : 1.00000e-06
 Helmholtz precision     : Dynamic
 Energy threshold        : Off
 Orbital threshold       : 5.00000e-05
~~~~~~~~~~~~~~~~~~~~~~~~~~~~~~~~~~~~~~~~~~~~~~~~~~~~~~~~~~~~~~~~~~~~~~~~~~~


===========================================================================
 Iter           MO residual             Total energy                Update
---------------------------------------------------------------------------
    0          4.472136e+00        -232.443578719732         -2.324436e+02
    1          1.795185e-03        -232.444235048092         -6.563284e-04
    2          8.108191e-04        -232.444305735020         -7.068693e-05
    3          4.886626e-04        -232.444313342450         -7.607430e-06
    4          2.769527e-04        -232.444315020719         -1.678270e-06
    5          2.977214e-04        -232.444314524029          4.966903e-07
    6          1.270003e-04        -232.444314550777         -2.674813e-08
    7          1.292691e-04        -232.444315083769         -5.329919e-07
    8          3.430506e-05        -232.444315148058         -6.428849e-08
---------------------------------------------------------------------------
                      SCF converged in 8 iterations!
===========================================================================


                                                                           
***************************************************************************
***                                                                     ***
***                    Printing Molecular Properties                    ***
***                                                                     ***
***************************************************************************
                                                                           
                                                                           
===========================================================================
                                 Molecule
---------------------------------------------------------------------------
 Charge                  :                                               0
 Multiplicity            :                                               1
---------------------------------------------------------------------------
    N    Atom            :               x               y               z
---------------------------------------------------------------------------
    0       C            :      -16.910445       -4.319674        8.392529
    1       C            :      -16.771372       -2.071389        6.570444
    2       O            :      -14.710726       -0.542291        7.408637
    3       C            :      -13.918116       -1.331410        9.865361
    4       C            :      -15.984543       -3.103611       10.856667
    5       H            :      -15.590052       -5.835586        7.790215
    6       H            :      -18.826338       -5.152319        8.528572
    7       H            :      -18.564906       -0.956230        6.617296
    8       H            :      -16.440092       -2.645499        4.576765
    9       H            :      -13.633044        0.361529       11.076414
   10       H            :      -12.064879       -2.337542        9.739095
   11       H            :      -17.531590       -2.000963       11.748320
   12       H            :      -15.281202       -4.481440       12.267119
---------------------------------------------------------------------------
 Center of mass          :      -15.643767       -2.245824        8.599237
===========================================================================


===========================================================================
                         Molecular Energy (final)
---------------------------------------------------------------------------
 Kinetic energy          :            (au)                231.512659251822
 E-N energy              :            (au)               -922.225995776579
 Coulomb energy          :            (au)                301.317400359840
 Exchange energy         :            (au)                  0.000000000000
 X-C energy              :            (au)                -32.995177993881
 Ext. field (el)         :            (au)                  0.000000000000
---------------------------------------------------------------------------
 N-N energy              :            (au)                189.946799010740
 Ext. field (nuc)        :            (au)                  0.000000000000
 Tot. Reac. Energy       :            (au)                  0.000000000000
 El. Reac. Energy        :            (au)                  0.000000000000
 Nuc. Reac. Energy       :            (au)                  0.000000000000
---------------------------------------------------------------------------
 Electronic energy       :            (au)               -422.391114158797
 Nuclear energy          :            (au)                189.946799010740
---------------------------------------------------------------------------
 Total energy            :            (au)             -2.324443151481e+02
                         :      (kcal/mol)             -1.458610099475e+05
                         :        (kJ/mol)             -6.102824656204e+05
                         :            (eV)             -6.325132040178e+03
===========================================================================


===========================================================================
                         Orbital Energies (final)
---------------------------------------------------------------------------
    n  Occ Spin          :                                         Epsilon
---------------------------------------------------------------------------
    0    2    p          :            (au)                -18.775875292143
    1    2    p          :            (au)                 -9.936892509166
    2    2    p          :            (au)                 -9.936892352136
    3    2    p          :            (au)                 -9.900761897795
    4    2    p          :            (au)                 -9.900644016060
    5    2    p          :            (au)                 -0.945970521742
    6    2    p          :            (au)                 -0.712779145240
    7    2    p          :            (au)                 -0.666110596757
    8    2    p          :            (au)                 -0.536212620126
    9    2    p          :            (au)                 -0.527521117618
   10    2    p          :            (au)                 -0.449511382012
   11    2    p          :            (au)                 -0.441467536531
   12    2    p          :            (au)                 -0.385681180946
   13    2    p          :            (au)                 -0.376443056786
   14    2    p          :            (au)                 -0.355135332971
   15    2    p          :            (au)                 -0.316053394293
   16    2    p          :            (au)                 -0.310007899149
   17    2    p          :            (au)                 -0.291493424095
   18    2    p          :            (au)                 -0.274645627949
   19    2    p          :            (au)                 -0.203418493574
---------------------------------------------------------------------------
 Sum occupied            :            (au)               -130.487034794181
===========================================================================


===========================================================================
                           Dipole Moment (dip-1)
---------------------------------------------------------------------------
 r_O                     :        0.000000        0.000000        0.000000
---------------------------------------------------------------------------
 Electronic vector       :      626.847330       91.836150     -345.368785
 Magnitude               :            (au)                      721.561537
                         :         (Debye)                     1834.026493
---------------------------------------------------------------------------
 Nuclear vector          :     -627.124771      -92.342882      345.722896
 Magnitude               :            (au)                      722.036707
                         :         (Debye)                     1835.234255
---------------------------------------------------------------------------
 Total vector            :       -0.277440       -0.506733        0.354111
 Magnitude               :            (au)                        0.677603
                         :         (Debye)                        1.722295
===========================================================================


                                                                           
                                                                           
***************************************************************************
***                                                                     ***
***                            Exiting MRChem                           ***
***                                                                     ***
***                       Wall time :  0h  4m 42s                       ***
***                                                                     ***
***************************************************************************
                                                                           
                                                                           
