Starting job 382911 on b[3146-3148,4277-4280,4293] at Thu Jun 23 11:29:03 CEST 2022

Copying Fe-MeOH_Fragment2_mw6.out to /cluster/home/ambr/projects/zora/reaction_energies/calcs_zora
Copying Fe-MeOH_Fragment2_mw6.json to /cluster/home/ambr/projects/zora/reaction_energies/calcs_zora

Task and CPU usage stats:
JobID           JobName  AllocCPUS   NTasks     MinCPU MinCPUTask     AveCPU    Elapsed ExitCode 
------------ ---------- ---------- -------- ---------- ---------- ---------- ---------- -------- 
382911       Fe-MeOH_F+       1024                                             00:03:02      0:0 
382911.batch      batch        128        1   03:14:37          0   03:14:37   00:03:02      0:0 
382911.exte+     extern       1024        8   00:00:00          5   00:00:00   00:03:02      0:0 
382911.0          orted        896        7   01:01:02          6   01:03:08   00:02:49      0:0 

Memory usage stats:
JobID            MaxRSS MaxRSSTask     AveRSS MaxPages   MaxPagesTask   AvePages 
------------ ---------- ---------- ---------- -------- -------------- ---------- 
382911                                                                           
382911.batch  36993726K          0  36993726K     1039              0        536 
382911.exte+       873K          5     792832        3              5          2 
382911.0      25943088K          0 256855026+      807              0        773 

Disk usage stats:
JobID         MaxDiskRead MaxDiskReadTask    AveDiskRead MaxDiskWrite MaxDiskWriteTask   AveDiskWrite 
------------ ------------ --------------- -------------- ------------ ---------------- -------------- 
382911                                                                                                
382911.batch      921.44M               0        921.44M      968.84M                0        968.84M 
382911.exte+        0.00M               5          0.00M            0                5              0 
382911.0           96.44M               0         52.76M       98.48M                0         98.47M 

Job 382911 completed at Thu Jun 23 11:32:05 CEST 2022
