                                                                           
                                                                           
***************************************************************************
***                                                                     ***
***                                                                     ***
***          __  __ ____   ____ _                                       ***
***         |  \/  |  _ \ / ___| |__   ___ _ __ ___                     ***
***         | |\/| | |_) | |   | '_ \ / _ \ '_ ` _ \                    ***
***         | |  | |  _ <| |___| | | |  __/ | | | | |                   ***
***         |_|  |_|_| \_\\____|_| |_|\___|_| |_| |_|                   ***
***                                                                     ***
***         VERSION            1.1.0-alpha                              ***
***                                                                     ***
***         Git branch         master                                   ***
***         Git commit hash    f6df85f5f746c23b4022                     ***
***         Git commit author  Stig Rune Jensen                         ***
***         Git commit date    Thu May 19 15:46:21 2022 +0200           ***
***                                                                     ***
***         Contact: luca.frediani@uit.no                               ***
***                                                                     ***
***         Radovan Bast            Magnar Bjorgve                      ***
***         Roberto Di Remigio      Antoine Durdek                      ***
***         Luca Frediani           Gabriel Gerez                       ***
***         Stig Rune Jensen        Jonas Juselius                      ***
***         Rune Monstad            Peter Wind                          ***
***                                                                     ***
***************************************************************************

---------------------------------------------------------------------------

 MPI processes           :       (32 bank)                              96
 OpenMP threads          :                                              15
 Total cores             :                                             992
                                                                           
---------------------------------------------------------------------------

XCFun DFT library Copyright 2009-2020 Ulf Ekstrom and contributors.
See http://dftlibs.org/xcfun/ for more information.

This is free software; see the source code for copying conditions.
There is ABSOLUTELY NO WARRANTY; not even for MERCHANTABILITY or
FITNESS FOR A PARTICULAR PURPOSE. For details see the documentation.
Scientific users of this library should cite
U. Ekstrom, L. Visscher, R. Bast, A. J. Thorvaldsen and K. Ruud;
J.Chem.Theor.Comp. 2010, DOI: 10.1021/ct100117s

---------------------------------------------------------------------------

 MRCPP version         : 1.4.1
 Git branch            : HEAD
 Git commit hash       : 75d41879b1908a94a452
 Git commit author     : Stig Rune Jensen
 Git commit date       : Thu Jan 6 11:38:53 2022 +0100

 Linear algebra        : EIGEN v3.4.0
 Parallelization       : MPI/OpenMP (15 threads)

---------------------------------------------------------------------------


                                                                           
===========================================================================
                         MultiResolution Analysis
---------------------------------------------------------------------------
 polynomial order      : 9
 polynomial type       : Interpolating
---------------------------------------------------------------------------
 total boxes           : 8
 boxes                 : [          2           2           2 ]
 unit lengths          : [   64.00000    64.00000    64.00000 ]
 scaling factor        : [    1.00000     1.00000     1.00000 ]
 lower bounds          : [  -64.00000   -64.00000   -64.00000 ]
 upper bounds          : [   64.00000    64.00000    64.00000 ]
 total length          : [  128.00000   128.00000   128.00000 ]
===========================================================================


                                                                           
***************************************************************************
***                                                                     ***
***                        Initializing Molecule                        ***
***                                                                     ***
***************************************************************************
                                                                           
                                                                           
===========================================================================
                                 Molecule
---------------------------------------------------------------------------
 Charge                  :                                               0
 Multiplicity            :                                               1
---------------------------------------------------------------------------
    N    Atom            :               x               y               z
---------------------------------------------------------------------------
    0       C            :      -14.293722       -0.693129        8.745176
    1       O            :      -14.755943        0.921886        6.675662
    2       H            :      -14.339193       -2.746526        8.247313
    3       H            :      -15.622387       -0.402922       10.362829
    4       H            :      -12.365300       -0.275609        9.452344
    5       H            :      -16.449182        0.551059        6.059475
---------------------------------------------------------------------------
 Center of mass          :      -14.574888        0.110093        7.684806
===========================================================================


                                                                           
***************************************************************************
***                                                                     ***
***                 Computing Ground State Wavefunction                 ***
***                                                                     ***
***************************************************************************
                                                                           
                                                                           
~~~~~~~~~~~~~~~~~~~~~~~~~~~~~~~~~~~~~~~~~~~~~~~~~~~~~~~~~~~~~~~~~~~~~~~~~~~
 Calculation             : Compute initial orbitals
 Method                  : Project MW molecular orbitals
 Precision               : 1.00000e-06
 Restricted              : True
 MO file                 : initial_guess/phi_p_scf
~~~~~~~~~~~~~~~~~~~~~~~~~~~~~~~~~~~~~~~~~~~~~~~~~~~~~~~~~~~~~~~~~~~~~~~~~~~


===========================================================================
                            Molecular Orbitals
---------------------------------------------------------------------------
 Alpha electrons         :                                               9
 Beta electrons          :                                               9
 Total electrons         :                                              18
---------------------------------------------------------------------------
    n  Occ Spin          :                                            Norm
---------------------------------------------------------------------------
    0    2    p          :                              1.000000000001e+00
    1    2    p          :                              9.999999999986e-01
    2    2    p          :                              9.999999999979e-01
    3    2    p          :                              9.999999999979e-01
    4    2    p          :                              9.999999999979e-01
    5    2    p          :                              9.999999999975e-01
    6    2    p          :                              9.999999999981e-01
    7    2    p          :                              9.999999999972e-01
    8    2    p          :                              9.999999999980e-01
===========================================================================


~~~~~~~~~~~~~~~~~~~~~~~~~~~~~~~~~~~~~~~~~~~~~~~~~~~~~~~~~~~~~~~~~~~~~~~~~~~
 Calculation             : Compute initial energy
 Method                  : DFT (PBE)
 Relativity              : ZORA (V_nuc + J + V_xc)
 Precision               : 1.00000e-06
 Localization            : On
~~~~~~~~~~~~~~~~~~~~~~~~~~~~~~~~~~~~~~~~~~~~~~~~~~~~~~~~~~~~~~~~~~~~~~~~~~~


===========================================================================
                        Molecular Energy (initial)
---------------------------------------------------------------------------
 Kinetic energy          :            (au)                115.021298200403
 E-N energy              :            (au)               -351.701588474664
 Coulomb energy          :            (au)                 96.146010153526
 Exchange energy         :            (au)                  0.000000000000
 X-C energy              :            (au)                -15.333387080985
 Ext. field (el)         :            (au)                  0.000000000000
---------------------------------------------------------------------------
 N-N energy              :            (au)                 40.115254449990
 Ext. field (nuc)        :            (au)                  0.000000000000
 Tot. Reac. Energy       :            (au)                  0.000000000000
 El. Reac. Energy        :            (au)                  0.000000000000
 Nuc. Reac. Energy       :            (au)                  0.000000000000
---------------------------------------------------------------------------
 Electronic energy       :            (au)               -155.867667201720
 Nuclear energy          :            (au)                 40.115254449990
---------------------------------------------------------------------------
 Total energy            :            (au)             -1.157524127517e+02
                         :      (kcal/mol)             -7.263573564737e+04
                         :        (kJ/mol)             -3.039079179486e+05
                         :            (eV)             -3.149783612292e+03
===========================================================================


===========================================================================
                        Orbital Energies (initial)
---------------------------------------------------------------------------
    n  Occ Spin          :                                         Epsilon
---------------------------------------------------------------------------
    0    2    p          :            (au)                -18.795252618873
    1    2    p          :            (au)                 -9.940305939544
    2    2    p          :            (au)                 -0.941095359463
    3    2    p          :            (au)                 -0.615224926461
    4    2    p          :            (au)                 -0.462060772214
    5    2    p          :            (au)                 -0.387702299008
    6    2    p          :            (au)                 -0.380834880592
    7    2    p          :            (au)                 -0.295260468782
    8    2    p          :            (au)                 -0.233296846503
---------------------------------------------------------------------------
 Sum occupied            :            (au)                -64.102068222882
===========================================================================


~~~~~~~~~~~~~~~~~~~~~~~~~~~~~~~~~~~~~~~~~~~~~~~~~~~~~~~~~~~~~~~~~~~~~~~~~~~
 Calculation             : Optimize ground state orbitals
 Method                  : DFT (PBE)
 Relativity              : ZORA (V_nuc + J + V_xc)
 Checkpointing           : Off
 Max iterations          : 500
 KAIN solver             : 6
 Localization            : First two iterations
 Diagonalization         : Off
 Start precision         : 1.00000e-06
 Final precision         : 1.00000e-06
 Helmholtz precision     : Dynamic
 Energy threshold        : Off
 Orbital threshold       : 5.00000e-05
~~~~~~~~~~~~~~~~~~~~~~~~~~~~~~~~~~~~~~~~~~~~~~~~~~~~~~~~~~~~~~~~~~~~~~~~~~~


===========================================================================
 Iter           MO residual             Total energy                Update
---------------------------------------------------------------------------
    0          3.000000e+00        -115.752412751730         -1.157524e+02
    1          1.519532e-03        -115.752871702106         -4.589504e-04
    2          7.722816e-04        -115.752922574801         -5.087270e-05
    3          5.438961e-04        -115.752927803610         -5.228809e-06
    4          2.734608e-04        -115.752929277253         -1.473642e-06
    5          2.669252e-04        -115.752929103310          1.739429e-07
    6          1.032479e-04        -115.752929023639          7.967046e-08
    7          9.977377e-05        -115.752929387595         -3.639556e-07
    8          2.882559e-05        -115.752929449684         -6.208947e-08
---------------------------------------------------------------------------
                      SCF converged in 8 iterations!
===========================================================================


                                                                           
***************************************************************************
***                                                                     ***
***                    Printing Molecular Properties                    ***
***                                                                     ***
***************************************************************************
                                                                           
                                                                           
===========================================================================
                                 Molecule
---------------------------------------------------------------------------
 Charge                  :                                               0
 Multiplicity            :                                               1
---------------------------------------------------------------------------
    N    Atom            :               x               y               z
---------------------------------------------------------------------------
    0       C            :      -14.293722       -0.693129        8.745176
    1       O            :      -14.755943        0.921886        6.675662
    2       H            :      -14.339193       -2.746526        8.247313
    3       H            :      -15.622387       -0.402922       10.362829
    4       H            :      -12.365300       -0.275609        9.452344
    5       H            :      -16.449182        0.551059        6.059475
---------------------------------------------------------------------------
 Center of mass          :      -14.574888        0.110093        7.684806
===========================================================================


===========================================================================
                         Molecular Energy (final)
---------------------------------------------------------------------------
 Kinetic energy          :            (au)                115.375768232978
 E-N energy              :            (au)               -352.081009945196
 Coulomb energy          :            (au)                 96.183565118144
 Exchange energy         :            (au)                  0.000000000000
 X-C energy              :            (au)                -15.346507305601
 Ext. field (el)         :            (au)                  0.000000000000
---------------------------------------------------------------------------
 N-N energy              :            (au)                 40.115254449990
 Ext. field (nuc)        :            (au)                  0.000000000000
 Tot. Reac. Energy       :            (au)                  0.000000000000
 El. Reac. Energy        :            (au)                  0.000000000000
 Nuc. Reac. Energy       :            (au)                  0.000000000000
---------------------------------------------------------------------------
 Electronic energy       :            (au)               -155.868183899674
 Nuclear energy          :            (au)                 40.115254449990
---------------------------------------------------------------------------
 Total energy            :            (au)             -1.157529294497e+02
                         :      (kcal/mol)             -7.263605988023e+04
                         :        (kJ/mol)             -3.039092745389e+05
                         :            (eV)             -3.149797672360e+03
===========================================================================


===========================================================================
                         Orbital Energies (final)
---------------------------------------------------------------------------
    n  Occ Spin          :                                         Epsilon
---------------------------------------------------------------------------
    0    2    p          :            (au)                -18.785727822235
    1    2    p          :            (au)                 -9.936855253724
    2    2    p          :            (au)                 -0.940198400496
    3    2    p          :            (au)                 -0.614827687878
    4    2    p          :            (au)                 -0.461510843169
    5    2    p          :            (au)                 -0.387373873264
    6    2    p          :            (au)                 -0.380365527845
    7    2    p          :            (au)                 -0.294735540128
    8    2    p          :            (au)                 -0.232580890233
---------------------------------------------------------------------------
 Sum occupied            :            (au)                -64.068351677944
===========================================================================


===========================================================================
                           Dipole Moment (dip-1)
---------------------------------------------------------------------------
 r_O                     :        0.000000        0.000000        0.000000
---------------------------------------------------------------------------
 Electronic vector       :      262.171454       -0.743114     -139.805691
 Magnitude               :            (au)                      297.119597
                         :         (Debye)                      755.202688
---------------------------------------------------------------------------
 Nuclear vector          :     -262.585941        0.342316      139.998311
 Magnitude               :            (au)                      297.575236
                         :         (Debye)                      756.360806
---------------------------------------------------------------------------
 Total vector            :       -0.414487       -0.400797        0.192620
 Magnitude               :            (au)                        0.607899
                         :         (Debye)                        1.545124
===========================================================================


                                                                           
                                                                           
***************************************************************************
***                                                                     ***
***                            Exiting MRChem                           ***
***                                                                     ***
***                       Wall time :  0h  2m 46s                       ***
***                                                                     ***
***************************************************************************
                                                                           
                                                                           
