Starting job 383086 on b[1337,1341,1346,1348,4186-4188,4394] at Thu Jun 23 16:25:53 CEST 2022

Copying Fe-MeOH_Complex_mw6.out to /cluster/home/ambr/projects/zora/reaction_energies/calcs_zora
Copying Fe-MeOH_Complex_mw6.json to /cluster/home/ambr/projects/zora/reaction_energies/calcs_zora

Task and CPU usage stats:
JobID           JobName  AllocCPUS   NTasks     MinCPU MinCPUTask     AveCPU    Elapsed ExitCode 
------------ ---------- ---------- -------- ---------- ---------- ---------- ---------- -------- 
383086       Fe-MeOH_C+       1024                                             00:08:06      0:0 
383086.batch      batch        128        1   05:38:17          0   05:38:17   00:08:06      0:0 
383086.exte+     extern       1024        8   00:00:00          5   00:00:00   00:08:07      0:0 
383086.0          orted        896        7   05:04:11          6   04:23:59   00:05:26    0:125 

Memory usage stats:
JobID            MaxRSS MaxRSSTask     AveRSS MaxPages   MaxPagesTask   AvePages 
------------ ---------- ---------- ---------- -------- -------------- ---------- 
383086                                                                           
383086.batch 236854389K          0 236854389K     1032              0       1032 
383086.exte+       867K          0     877952        3              5          2 
383086.0     252595560K          4 256198280+     1522              5        994 

Disk usage stats:
JobID         MaxDiskRead MaxDiskReadTask    AveDiskRead MaxDiskWrite MaxDiskWriteTask   AveDiskWrite 
------------ ------------ --------------- -------------- ------------ ---------------- -------------- 
383086                                                                                                
383086.batch    23947.37M               0      23947.37M    21444.18M                0      21444.18M 
383086.exte+        0.00M               5          0.00M            0                5              0 
383086.0         3667.70M               4       2720.73M      221.28M                5        166.31M 

Job 383086 completed at Thu Jun 23 16:34:00 CEST 2022
Starting job 383423 on b[4185-4192] at Fri Jun 24 11:10:59 CEST 2022

Copying Fe-MeOH_Complex_mw6.out to /cluster/home/ambr/projects/zora/reaction_energies/calcs_zora
Copying Fe-MeOH_Complex_mw6.json to /cluster/home/ambr/projects/zora/reaction_energies/calcs_zora

Task and CPU usage stats:
JobID           JobName  AllocCPUS   NTasks     MinCPU MinCPUTask     AveCPU    Elapsed ExitCode 
------------ ---------- ---------- -------- ---------- ---------- ---------- ---------- -------- 
383423       Fe-MeOH_C+       1024                                             00:06:29      0:0 
383423.batch      batch        128        1   05:38:55          0   05:38:55   00:06:29      0:0 
383423.exte+     extern       1024        8   00:00:00          4   00:00:00   00:06:29      0:0 
383423.0          orted        896        7   05:06:13          6   05:34:08   00:05:27      1:0 

Memory usage stats:
JobID            MaxRSS MaxRSSTask     AveRSS MaxPages   MaxPagesTask   AvePages 
------------ ---------- ---------- ---------- -------- -------------- ---------- 
383423                                                                           
383423.batch 245498911K          0 245498911K     1111              0       1111 
383423.exte+       861K          7     785280        3              4          3 
383423.0     251279718K          0 252888940+    65288              5      10552 

Disk usage stats:
JobID         MaxDiskRead MaxDiskReadTask    AveDiskRead MaxDiskWrite MaxDiskWriteTask   AveDiskWrite 
------------ ------------ --------------- -------------- ------------ ---------------- -------------- 
383423                                                                                                
383423.batch    23947.97M               0      23947.97M    21489.21M                0      21489.21M 
383423.exte+        0.00M               4          0.00M            0                4              0 
383423.0         3667.62M               4       2720.68M      196.72M                5        154.03M 

Job 383423 completed at Fri Jun 24 11:17:29 CEST 2022
Starting job 383464 on b[1349-1350,1353,1378-1383,1385-1391] at Fri Jun 24 12:03:34 CEST 2022

Copying Fe-MeOH_Complex_mw6.out to /cluster/home/ambr/projects/zora/reaction_energies/calcs_zora
Copying Fe-MeOH_Complex_mw6.json to /cluster/home/ambr/projects/zora/reaction_energies/calcs_zora

Task and CPU usage stats:
JobID           JobName  AllocCPUS   NTasks     MinCPU MinCPUTask     AveCPU    Elapsed ExitCode 
------------ ---------- ---------- -------- ---------- ---------- ---------- ---------- -------- 
383464       Fe-MeOH_C+       2048                                             00:15:15      0:0 
383464.batch      batch        128        1   09:46:01          0   09:46:01   00:15:15      0:0 
383464.exte+     extern       2048       16   00:00:00         13   00:00:00   00:15:15      0:0 
383464.0          orted       1920       15   08:01:04         14   11:54:46   00:14:22    0:125 

Memory usage stats:
JobID            MaxRSS MaxRSSTask     AveRSS MaxPages   MaxPagesTask   AvePages 
------------ ---------- ---------- ---------- -------- -------------- ---------- 
383464                                                                           
383464.batch 230399646K          0 230399646K     1078              0        530 
383464.exte+       862K          1     873600        3              2          1 
383464.0     249471734K         12 246920453+     1984             13        768 

Disk usage stats:
JobID         MaxDiskRead MaxDiskReadTask    AveDiskRead MaxDiskWrite MaxDiskWriteTask   AveDiskWrite 
------------ ------------ --------------- -------------- ------------ ---------------- -------------- 
383464                                                                                                
383464.batch    22173.79M               0      21325.89M    21423.79M                0      21308.92M 
383464.exte+        0.00M              13          0.00M            0               13              0 
383464.0         1892.40M              12       1399.06M      188.53M               12         67.01M 

Job 383464 completed at Fri Jun 24 12:18:49 CEST 2022
Starting job 383491 on b[5158-5161,5166-5167,5169-5172,5174-5175,5177-5183,5188-5192] at Fri Jun 24 12:33:54 CEST 2022

Copying Fe-MeOH_Complex_mw6.out to /cluster/home/ambr/projects/zora/reaction_energies/calcs_zora
Copying Fe-MeOH_Complex_mw6.json to /cluster/home/ambr/projects/zora/reaction_energies/calcs_zora

Task and CPU usage stats:
JobID           JobName  AllocCPUS   NTasks     MinCPU MinCPUTask     AveCPU    Elapsed ExitCode 
------------ ---------- ---------- -------- ---------- ---------- ---------- ---------- -------- 
383491       Fe-MeOH_C+       3072                                             00:15:11      0:0 
383491.batch      batch        128        1   09:41:21          0   09:41:21   00:15:11      0:0 
383491.exte+     extern       3072       24   00:00:00         15   00:00:00   00:15:11      0:0 
383491.0          orted       2944       23   06:01:27         17   09:46:39   00:14:01      1:0 

Memory usage stats:
JobID            MaxRSS MaxRSSTask     AveRSS MaxPages   MaxPagesTask   AvePages 
------------ ---------- ---------- ---------- -------- -------------- ---------- 
383491                                                                           
383491.batch 226636912K          0 226636912K     1072              0       1072 
383491.exte+       871K         12     879744        3             15          2 
383491.0     245750516K          4 235713308+      891             22        283 

Disk usage stats:
JobID         MaxDiskRead MaxDiskReadTask    AveDiskRead MaxDiskWrite MaxDiskWriteTask   AveDiskWrite 
------------ ------------ --------------- -------------- ------------ ---------------- -------------- 
383491                                                                                                
383491.batch    22175.13M               0      22175.13M    21419.75M                0      21419.75M 
383491.exte+        0.00M              15          0.00M            0               15              0 
383491.0         1892.37M              12        111.76M      123.03M               12          3.75M 

Job 383491 completed at Fri Jun 24 12:49:06 CEST 2022
Starting job 383650 on b[5261-5263,5265-5285] at Fri Jun 24 13:29:59 CEST 2022

Copying Fe-MeOH_Complex_mw6.out to /cluster/home/ambr/projects/zora/reaction_energies/calcs_zora
Copying Fe-MeOH_Complex_mw6.json to /cluster/home/ambr/projects/zora/reaction_energies/calcs_zora

Task and CPU usage stats:
JobID           JobName  AllocCPUS   NTasks     MinCPU MinCPUTask     AveCPU    Elapsed ExitCode 
------------ ---------- ---------- -------- ---------- ---------- ---------- ---------- -------- 
383650       Fe-MeOH_C+       3072                                             00:43:46      0:0 
383650.batch      batch        128        1   12:10:14          0   12:10:14   00:43:46      0:0 
383650.exte+     extern       3072       24   00:00:00         18   00:00:00   00:43:48      0:0 
383650.0          orted       2944       23   07:23:37         22   11:16:12   00:41:45      0:0 

Memory usage stats:
JobID            MaxRSS MaxRSSTask     AveRSS MaxPages   MaxPagesTask   AvePages 
------------ ---------- ---------- ---------- -------- -------------- ---------- 
383650                                                                           
383650.batch 104565931K          0 104565931K     1295              0          0 
383650.exte+       864K          8     878421        3             18          2 
383650.0     121561089K         14 977465504+     7411             18       1553 

Disk usage stats:
JobID         MaxDiskRead MaxDiskReadTask    AveDiskRead MaxDiskWrite MaxDiskWriteTask   AveDiskWrite 
------------ ------------ --------------- -------------- ------------ ---------------- -------------- 
383650                                                                                                
383650.batch    42357.60M               0      42357.60M    42414.61M                0      42414.61M 
383650.exte+        0.00M              18          0.00M            0               18              0 
383650.0         1466.05M              14        906.39M     1602.45M               14        934.85M 

Job 383650 completed at Fri Jun 24 14:13:48 CEST 2022
