The following modules were not unloaded:
  (Use "module --force purge" to unload all):

  1) StdEnv
--------------------------------------------------------------------------
Primary job  terminated normally, but 1 process returned
a non-zero exit code. Per user-direction, the job has been aborted.
--------------------------------------------------------------------------
--------------------------------------------------------------------------
mpirun noticed that process rank 54 with PID 256932 on node b4188 exited on signal 9 (Killed).
--------------------------------------------------------------------------
cp: cannot stat 'orbitals/*': No such file or directory
cp: cannot stat 'checkpoint/*': No such file or directory
The following modules were not unloaded:
  (Use "module --force purge" to unload all):

  1) StdEnv
--------------------------------------------------------------------------
Primary job  terminated normally, but 1 process returned
a non-zero exit code. Per user-direction, the job has been aborted.
--------------------------------------------------------------------------
--------------------------------------------------------------------------
mpirun noticed that process rank 61 with PID 112203 on node b4190 exited on signal 9 (Killed).
--------------------------------------------------------------------------
cp: cannot stat 'orbitals/*': No such file or directory
cp: cannot stat 'checkpoint/*': No such file or directory
The following modules were not unloaded:
  (Use "module --force purge" to unload all):

  1) StdEnv
--------------------------------------------------------------------------
Primary job  terminated normally, but 1 process returned
a non-zero exit code. Per user-direction, the job has been aborted.
--------------------------------------------------------------------------
--------------------------------------------------------------------------
mpirun noticed that process rank 77 with PID 35113 on node b1389 exited on signal 9 (Killed).
--------------------------------------------------------------------------
cp: cannot stat 'orbitals/*': No such file or directory
cp: cannot stat 'checkpoint/*': No such file or directory
The following modules were not unloaded:
  (Use "module --force purge" to unload all):

  1) StdEnv
--------------------------------------------------------------------------
Primary job  terminated normally, but 1 process returned
a non-zero exit code. Per user-direction, the job has been aborted.
--------------------------------------------------------------------------
--------------------------------------------------------------------------
mpirun noticed that process rank 109 with PID 114424 on node b5178 exited on signal 9 (Killed).
--------------------------------------------------------------------------
cp: cannot stat 'orbitals/*': No such file or directory
cp: cannot stat 'checkpoint/*': No such file or directory
The following modules were not unloaded:
  (Use "module --force purge" to unload all):

  1) StdEnv
cp: cannot stat 'checkpoint/*': No such file or directory
