Starting job 383082 on b[1337,1341,1346,1348,4186-4188,4394] at Thu Jun 23 16:17:53 CEST 2022

Copying Fe-MeOH_Fragment1_mw6.out to /cluster/home/ambr/projects/zora/reaction_energies/calcs_zora
Copying Fe-MeOH_Fragment1_mw6.json to /cluster/home/ambr/projects/zora/reaction_energies/calcs_zora

Task and CPU usage stats:
JobID           JobName  AllocCPUS   NTasks     MinCPU MinCPUTask     AveCPU    Elapsed ExitCode 
------------ ---------- ---------- -------- ---------- ---------- ---------- ---------- -------- 
383082       Fe-MeOH_F+       1024                                             00:07:42      0:0 
383082.batch      batch        128        1   05:15:18          0   05:15:18   00:07:42      0:0 
383082.exte+     extern       1024        8   00:00:00          5   00:00:00   00:07:42      0:0 
383082.0          orted        896        7                                    00:05:18      0:0 

Memory usage stats:
JobID            MaxRSS MaxRSSTask     AveRSS MaxPages   MaxPagesTask   AvePages 
------------ ---------- ---------- ---------- -------- -------------- ---------- 
383082                                                                           
383082.batch 218749911K          0 218749911K     1052              0        480 
383082.exte+       860K          5    675.50K        3              6          2 
383082.0                                                                         

Disk usage stats:
JobID         MaxDiskRead MaxDiskReadTask    AveDiskRead MaxDiskWrite MaxDiskWriteTask   AveDiskWrite 
------------ ------------ --------------- -------------- ------------ ---------------- -------------- 
383082                                                                                                
383082.batch    21285.76M               0      21285.76M    19045.35M                0      19045.35M 
383082.exte+        0.00M               5          0.00M            0                5              0 
383082.0                                                                                              

Job 383082 completed at Thu Jun 23 16:25:36 CEST 2022
Starting job 383095 on b[2313,2320,2347,3236,3323,3325-3326,3328-3329,3332,4185-4189,4394] at Thu Jun 23 16:41:25 CEST 2022

Copying Fe-MeOH_Fragment1_mw6.out to /cluster/home/ambr/projects/zora/reaction_energies/calcs_zora
Copying Fe-MeOH_Fragment1_mw6.json to /cluster/home/ambr/projects/zora/reaction_energies/calcs_zora

Task and CPU usage stats:
JobID           JobName  AllocCPUS   NTasks     MinCPU MinCPUTask     AveCPU    Elapsed ExitCode 
------------ ---------- ---------- -------- ---------- ---------- ---------- ---------- -------- 
383095       Fe-MeOH_F+       2048                                             00:35:07      0:0 
383095.batch      batch        128        1   18:32:18          0   18:32:18   00:35:07      0:0 
383095.exte+     extern       2048       16   00:00:00         15   00:00:00   00:35:09      0:0 
383095.0          orted       1920       15   11:47:23         14   21:38:43   00:27:09      0:0 

Memory usage stats:
JobID            MaxRSS MaxRSSTask     AveRSS MaxPages   MaxPagesTask   AvePages 
------------ ---------- ---------- ---------- -------- -------------- ---------- 
383095                                                                           
383095.batch 214930405K          0 214930405K     1211              0          0 
383095.exte+       871K          2     878400        3             12          2 
383095.0     231375587K          6 227415706+     1691             13       1012 

Disk usage stats:
JobID         MaxDiskRead MaxDiskReadTask    AveDiskRead MaxDiskWrite MaxDiskWriteTask   AveDiskWrite 
------------ ------------ --------------- -------------- ------------ ---------------- -------------- 
383095                                                                                                
383095.batch    37611.72M               0      37611.72M    37702.94M                0      37702.94M 
383095.exte+        0.00M              15          0.00M            0               15              0 
383095.0         1708.50M               6       1257.44M     1801.11M               12       1226.56M 

Job 383095 completed at Thu Jun 23 17:16:34 CEST 2022
