                                                                           
                                                                           
***************************************************************************
***                                                                     ***
***                                                                     ***
***          __  __ ____   ____ _                                       ***
***         |  \/  |  _ \ / ___| |__   ___ _ __ ___                     ***
***         | |\/| | |_) | |   | '_ \ / _ \ '_ ` _ \                    ***
***         | |  | |  _ <| |___| | | |  __/ | | | | |                   ***
***         |_|  |_|_| \_\\____|_| |_|\___|_| |_| |_|                   ***
***                                                                     ***
***         VERSION            1.1.0-alpha                              ***
***                                                                     ***
***         Git branch         master                                   ***
***         Git commit hash    f6df85f5f746c23b4022                     ***
***         Git commit author  Stig Rune Jensen                         ***
***         Git commit date    Thu May 19 15:46:21 2022 +0200           ***
***                                                                     ***
***         Contact: luca.frediani@uit.no                               ***
***                                                                     ***
***         Radovan Bast            Magnar Bjorgve                      ***
***         Roberto Di Remigio      Antoine Durdek                      ***
***         Luca Frediani           Gabriel Gerez                       ***
***         Stig Rune Jensen        Jonas Juselius                      ***
***         Rune Monstad            Peter Wind                          ***
***                                                                     ***
***************************************************************************

---------------------------------------------------------------------------

 MPI processes           :       (32 bank)                              96
 OpenMP threads          :                                              15
 Total cores             :                                             992
                                                                           
---------------------------------------------------------------------------

XCFun DFT library Copyright 2009-2020 Ulf Ekstrom and contributors.
See http://dftlibs.org/xcfun/ for more information.

This is free software; see the source code for copying conditions.
There is ABSOLUTELY NO WARRANTY; not even for MERCHANTABILITY or
FITNESS FOR A PARTICULAR PURPOSE. For details see the documentation.
Scientific users of this library should cite
U. Ekstrom, L. Visscher, R. Bast, A. J. Thorvaldsen and K. Ruud;
J.Chem.Theor.Comp. 2010, DOI: 10.1021/ct100117s

---------------------------------------------------------------------------

 MRCPP version         : 1.4.1
 Git branch            : HEAD
 Git commit hash       : 75d41879b1908a94a452
 Git commit author     : Stig Rune Jensen
 Git commit date       : Thu Jan 6 11:38:53 2022 +0100

 Linear algebra        : EIGEN v3.4.0
 Parallelization       : MPI/OpenMP (15 threads)

---------------------------------------------------------------------------


                                                                           
===========================================================================
                         MultiResolution Analysis
---------------------------------------------------------------------------
 polynomial order      : 9
 polynomial type       : Interpolating
---------------------------------------------------------------------------
 total boxes           : 8
 boxes                 : [          2           2           2 ]
 unit lengths          : [   64.00000    64.00000    64.00000 ]
 scaling factor        : [    1.00000     1.00000     1.00000 ]
 lower bounds          : [  -64.00000   -64.00000   -64.00000 ]
 upper bounds          : [   64.00000    64.00000    64.00000 ]
 total length          : [  128.00000   128.00000   128.00000 ]
===========================================================================


                                                                           
***************************************************************************
***                                                                     ***
***                        Initializing Molecule                        ***
***                                                                     ***
***************************************************************************
                                                                           
                                                                           
===========================================================================
                                 Molecule
---------------------------------------------------------------------------
 Charge                  :                                               0
 Multiplicity            :                                               1
---------------------------------------------------------------------------
    N    Atom            :               x               y               z
---------------------------------------------------------------------------
    0      Ni            :       -0.413209        4.885626       -1.507002
    1       C            :        1.373738        3.610471        1.106348
    2       C            :       -1.763664        2.318552       -3.263595
    3       C            :       -2.923667        6.952338       -0.465748
    4       O            :       -2.664274        0.647048       -4.348256
    5       O            :        2.436494        2.769787        2.822831
    6       O            :       -4.558225        8.206240        0.267944
    7       C            :        2.226657        7.708832       -2.682595
    8       C            :        1.710633        6.136436       -4.719874
    9       H            :        1.289307        9.556415       -2.499873
   10       H            :        3.958303        7.459199       -1.557975
   11       H            :        0.326821        6.690766       -6.170933
   12       H            :        3.004470        4.587786       -5.225350
---------------------------------------------------------------------------
 Center of mass          :       -0.495894        4.814710       -1.432046
===========================================================================


                                                                           
***************************************************************************
***                                                                     ***
***                 Computing Ground State Wavefunction                 ***
***                                                                     ***
***************************************************************************
                                                                           
                                                                           
~~~~~~~~~~~~~~~~~~~~~~~~~~~~~~~~~~~~~~~~~~~~~~~~~~~~~~~~~~~~~~~~~~~~~~~~~~~
 Calculation             : Compute initial orbitals
 Method                  : Project MW molecular orbitals
 Precision               : 1.00000e-06
 Restricted              : True
 MO file                 : initial_guess/phi_p_scf
~~~~~~~~~~~~~~~~~~~~~~~~~~~~~~~~~~~~~~~~~~~~~~~~~~~~~~~~~~~~~~~~~~~~~~~~~~~


===========================================================================
                            Molecular Orbitals
---------------------------------------------------------------------------
 Alpha electrons         :                                              43
 Beta electrons          :                                              43
 Total electrons         :                                              86
---------------------------------------------------------------------------
    n  Occ Spin          :                                            Norm
---------------------------------------------------------------------------
    0    2    p          :                              9.999999999978e-01
    1    2    p          :                              9.999999999979e-01
    2    2    p          :                              9.999999999978e-01
    3    2    p          :                              9.999999999969e-01
    4    2    p          :                              9.999999999978e-01
    5    2    p          :                              9.999999999991e-01
    6    2    p          :                              9.999999999977e-01
    7    2    p          :                              9.999999999942e-01
    8    2    p          :                              9.999999999978e-01
    9    2    p          :                              9.999999999956e-01
   10    2    p          :                              9.999999999979e-01
   11    2    p          :                              9.999999999955e-01
   12    2    p          :                              9.999999999979e-01
   13    2    p          :                              9.999999999999e-01
   14    2    p          :                              9.999999999984e-01
   15    2    p          :                              1.000000000002e+00
   16    2    p          :                              9.999999999943e-01
   17    2    p          :                              9.999999999979e-01
   18    2    p          :                              9.999999999979e-01
   19    2    p          :                              9.999999999979e-01
   20    2    p          :                              9.999999999980e-01
   21    2    p          :                              9.999999999979e-01
   22    2    p          :                              9.999999999979e-01
   23    2    p          :                              9.999999999983e-01
   24    2    p          :                              9.999999999982e-01
   25    2    p          :                              9.999999999911e-01
   26    2    p          :                              9.999999999979e-01
   27    2    p          :                              9.999999999979e-01
   28    2    p          :                              9.999999999994e-01
   29    2    p          :                              9.999999999992e-01
   30    2    p          :                              9.999999999979e-01
   31    2    p          :                              9.999999999979e-01
   32    2    p          :                              1.000000000009e+00
   33    2    p          :                              9.999999999963e-01
   34    2    p          :                              9.999999999980e-01
   35    2    p          :                              9.999999999979e-01
   36    2    p          :                              9.999999999937e-01
   37    2    p          :                              9.999999999969e-01
   38    2    p          :                              9.999999999979e-01
   39    2    p          :                              9.999999999996e-01
   40    2    p          :                              9.999999999976e-01
   41    2    p          :                              9.999999999985e-01
   42    2    p          :                              9.999999999984e-01
===========================================================================


~~~~~~~~~~~~~~~~~~~~~~~~~~~~~~~~~~~~~~~~~~~~~~~~~~~~~~~~~~~~~~~~~~~~~~~~~~~
 Calculation             : Compute initial energy
 Method                  : DFT (PBE)
 Relativity              : ZORA (V_nuc + J + V_xc)
 Precision               : 1.00000e-06
 Localization            : On
~~~~~~~~~~~~~~~~~~~~~~~~~~~~~~~~~~~~~~~~~~~~~~~~~~~~~~~~~~~~~~~~~~~~~~~~~~~


===========================================================================
                        Molecular Energy (initial)
---------------------------------------------------------------------------
 Kinetic energy          :            (au)               1905.156877492416
 E-N energy              :            (au)              -5874.962573439223
 Coulomb energy          :            (au)               1494.867962356053
 Exchange energy         :            (au)                  0.000000000000
 X-C energy              :            (au)               -116.551947103359
 Ext. field (el)         :            (au)                  0.000000000000
---------------------------------------------------------------------------
 N-N energy              :            (au)                646.322249214860
 Ext. field (nuc)        :            (au)                  0.000000000000
 Tot. Reac. Energy       :            (au)                  0.000000000000
 El. Reac. Energy        :            (au)                  0.000000000000
 Nuc. Reac. Energy       :            (au)                  0.000000000000
---------------------------------------------------------------------------
 Electronic energy       :            (au)              -2591.489680694113
 Nuclear energy          :            (au)                646.322249214860
---------------------------------------------------------------------------
 Total energy            :            (au)             -1.945167431479e+03
                         :      (kcal/mol)             -1.220610991892e+06
                         :        (kJ/mol)             -5.107036390077e+06
                         :            (eV)             -5.293070229110e+04
===========================================================================


===========================================================================
                        Orbital Energies (initial)
---------------------------------------------------------------------------
    n  Occ Spin          :                                         Epsilon
---------------------------------------------------------------------------
    0    2    p          :            (au)               -305.060203612061
    1    2    p          :            (au)                -36.150520254651
    2    2    p          :            (au)                -31.191624236635
    3    2    p          :            (au)                -31.186842357840
    4    2    p          :            (au)                -31.184960028733
    5    2    p          :            (au)                -18.872311099779
    6    2    p          :            (au)                -18.871149846051
    7    2    p          :            (au)                -18.871033483238
    8    2    p          :            (au)                -10.016009534746
    9    2    p          :            (au)                -10.012281677397
   10    2    p          :            (au)                -10.012258417549
   11    2    p          :            (au)                 -9.933314775492
   12    2    p          :            (au)                 -9.932887541266
   13    2    p          :            (au)                 -3.998379417974
   14    2    p          :            (au)                 -2.560139588202
   15    2    p          :            (au)                 -2.552535479877
   16    2    p          :            (au)                 -2.547939499526
   17    2    p          :            (au)                 -1.046258561667
   18    2    p          :            (au)                 -1.044719047803
   19    2    p          :            (au)                 -1.044550233285
   20    2    p          :            (au)                 -0.719846176261
   21    2    p          :            (au)                 -0.549885467986
   22    2    p          :            (au)                 -0.530343551373
   23    2    p          :            (au)                 -0.510884838858
   24    2    p          :            (au)                 -0.510659017179
   25    2    p          :            (au)                 -0.443708526404
   26    2    p          :            (au)                 -0.436245955406
   27    2    p          :            (au)                 -0.418921956341
   28    2    p          :            (au)                 -0.418876171901
   29    2    p          :            (au)                 -0.416258766271
   30    2    p          :            (au)                 -0.411410052686
   31    2    p          :            (au)                 -0.409530079705
   32    2    p          :            (au)                 -0.407943349469
   33    2    p          :            (au)                 -0.406677988332
   34    2    p          :            (au)                 -0.402313593597
   35    2    p          :            (au)                 -0.400010719498
   36    2    p          :            (au)                 -0.336267412468
   37    2    p          :            (au)                 -0.309971394124
   38    2    p          :            (au)                 -0.275454696014
   39    2    p          :            (au)                 -0.271100442343
   40    2    p          :            (au)                 -0.238848759833
   41    2    p          :            (au)                 -0.230850858407
   42    2    p          :            (au)                 -0.223509675901
---------------------------------------------------------------------------
 Sum occupied            :            (au)              -1130.738876288254
===========================================================================


~~~~~~~~~~~~~~~~~~~~~~~~~~~~~~~~~~~~~~~~~~~~~~~~~~~~~~~~~~~~~~~~~~~~~~~~~~~
 Calculation             : Optimize ground state orbitals
 Method                  : DFT (PBE)
 Relativity              : ZORA (V_nuc + J + V_xc)
 Checkpointing           : Off
 Max iterations          : 500
 KAIN solver             : 6
 Localization            : First two iterations
 Diagonalization         : Off
 Start precision         : 1.00000e-06
 Final precision         : 1.00000e-06
 Helmholtz precision     : Dynamic
 Energy threshold        : Off
 Orbital threshold       : 5.00000e-05
~~~~~~~~~~~~~~~~~~~~~~~~~~~~~~~~~~~~~~~~~~~~~~~~~~~~~~~~~~~~~~~~~~~~~~~~~~~


===========================================================================
 Iter           MO residual             Total energy                Update
---------------------------------------------------------------------------
    0          6.557439e+00       -1945.167431479254         -1.945167e+03
    1          2.001599e-02       -1946.066114480994         -8.986830e-01
    2          1.247401e-02       -1946.175153584696         -1.090391e-01
    3          9.559846e-03       -1946.205439482345         -3.028590e-02
    4          6.358548e-03       -1946.210243666216         -4.804184e-03
    5          6.402854e-03       -1946.211019597467         -7.759313e-04
    6          2.944967e-03       -1946.210817939489          2.016580e-04
    7          1.399383e-03       -1946.211202872977         -3.849335e-04
    8          1.540196e-03       -1946.211610216602         -4.073436e-04
    9          7.938703e-04       -1946.211715424712         -1.052081e-04
   10          8.302625e-04       -1946.211869377539         -1.539528e-04
   11          8.362250e-04       -1946.211717743907          1.516336e-04
   12          5.335554e-04       -1946.211688946731          2.879718e-05
   13          3.753669e-04       -1946.211786846205         -9.789947e-05
   14          3.246893e-04       -1946.211747045265          3.980094e-05
   15          2.468185e-04       -1946.211758570370         -1.152510e-05
   16          2.783012e-04       -1946.211741867321          1.670305e-05
   17          2.124805e-04       -1946.211767506530         -2.563921e-05
   18          1.921858e-04       -1946.211775322298         -7.815768e-06
   19          1.239526e-04       -1946.211784543552         -9.221254e-06
---------------------------------------------------------------------------
                      SCF converged in 19 iterations!
===========================================================================


                                                                           
***************************************************************************
***                                                                     ***
***                    Printing Molecular Properties                    ***
***                                                                     ***
***************************************************************************
                                                                           
                                                                           
===========================================================================
                                 Molecule
---------------------------------------------------------------------------
 Charge                  :                                               0
 Multiplicity            :                                               1
---------------------------------------------------------------------------
    N    Atom            :               x               y               z
---------------------------------------------------------------------------
    0      Ni            :       -0.413209        4.885626       -1.507002
    1       C            :        1.373738        3.610471        1.106348
    2       C            :       -1.763664        2.318552       -3.263595
    3       C            :       -2.923667        6.952338       -0.465748
    4       O            :       -2.664274        0.647048       -4.348256
    5       O            :        2.436494        2.769787        2.822831
    6       O            :       -4.558225        8.206240        0.267944
    7       C            :        2.226657        7.708832       -2.682595
    8       C            :        1.710633        6.136436       -4.719874
    9       H            :        1.289307        9.556415       -2.499873
   10       H            :        3.958303        7.459199       -1.557975
   11       H            :        0.326821        6.690766       -6.170933
   12       H            :        3.004470        4.587786       -5.225350
---------------------------------------------------------------------------
 Center of mass          :       -0.495894        4.814710       -1.432046
===========================================================================


===========================================================================
                         Molecular Energy (final)
---------------------------------------------------------------------------
 Kinetic energy          :            (au)               1966.156165796044
 E-N energy              :            (au)              -5940.050043722056
 Coulomb energy          :            (au)               1498.644589657353
 Exchange energy         :            (au)                  0.000000000000
 X-C energy              :            (au)               -117.284745489752
 Ext. field (el)         :            (au)                  0.000000000000
---------------------------------------------------------------------------
 N-N energy              :            (au)                646.322249214860
 Ext. field (nuc)        :            (au)                  0.000000000000
 Tot. Reac. Energy       :            (au)                  0.000000000000
 El. Reac. Energy        :            (au)                  0.000000000000
 Nuc. Reac. Energy       :            (au)                  0.000000000000
---------------------------------------------------------------------------
 Electronic energy       :            (au)              -2592.534033758412
 Nuclear energy          :            (au)                646.322249214860
---------------------------------------------------------------------------
 Total energy            :            (au)             -1.946211784544e+03
                         :      (kcal/mol)             -1.221266333334e+06
                         :        (kJ/mol)             -5.109778338670e+06
                         :            (eV)             -5.295912058571e+04
===========================================================================


===========================================================================
                         Orbital Energies (final)
---------------------------------------------------------------------------
    n  Occ Spin          :                                         Epsilon
---------------------------------------------------------------------------
    0    2    p          :            (au)               -304.647040937001
    1    2    p          :            (au)                -36.043184774695
    2    2    p          :            (au)                -30.994089920444
    3    2    p          :            (au)                -30.989269310179
    4    2    p          :            (au)                -30.987413410759
    5    2    p          :            (au)                -18.862569093772
    6    2    p          :            (au)                -18.861317728722
    7    2    p          :            (au)                -18.861281925285
    8    2    p          :            (au)                -10.013006685972
    9    2    p          :            (au)                -10.009273383735
   10    2    p          :            (au)                -10.009215371847
   11    2    p          :            (au)                 -9.930298669940
   12    2    p          :            (au)                 -9.929872437445
   13    2    p          :            (au)                 -3.990790656571
   14    2    p          :            (au)                 -2.541101870597
   15    2    p          :            (au)                 -2.533436979833
   16    2    p          :            (au)                 -2.528814392712
   17    2    p          :            (au)                 -1.045229290481
   18    2    p          :            (au)                 -1.043630576281
   19    2    p          :            (au)                 -1.043488902096
   20    2    p          :            (au)                 -0.719789559730
   21    2    p          :            (au)                 -0.549754835492
   22    2    p          :            (au)                 -0.529823762624
   23    2    p          :            (au)                 -0.509881556030
   24    2    p          :            (au)                 -0.509673949684
   25    2    p          :            (au)                 -0.443565018985
   26    2    p          :            (au)                 -0.435722104192
   27    2    p          :            (au)                 -0.418078388808
   28    2    p          :            (au)                 -0.417977460110
   29    2    p          :            (au)                 -0.415347429117
   30    2    p          :            (au)                 -0.410559623399
   31    2    p          :            (au)                 -0.408646504583
   32    2    p          :            (au)                 -0.407057382125
   33    2    p          :            (au)                 -0.405025960912
   34    2    p          :            (au)                 -0.400531865374
   35    2    p          :            (au)                 -0.399523039146
   36    2    p          :            (au)                 -0.336179015033
   37    2    p          :            (au)                 -0.308116368545
   38    2    p          :            (au)                 -0.268703379199
   39    2    p          :            (au)                 -0.264234371798
   40    2    p          :            (au)                 -0.233713375244
   41    2    p          :            (au)                 -0.226056197481
   42    2    p          :            (au)                 -0.217553493891
---------------------------------------------------------------------------
 Sum occupied            :            (au)              -1128.199681919740
===========================================================================


===========================================================================
                           Dipole Moment (dip-1)
---------------------------------------------------------------------------
 r_O                     :        0.000000        0.000000        0.000000
---------------------------------------------------------------------------
 Electronic vector       :       38.039080     -418.018917      127.372222
 Magnitude               :            (au)                      438.646178
                         :         (Debye)                     1114.927377
---------------------------------------------------------------------------
 Nuclear vector          :      -37.536826      418.436065     -127.862808
 Magnitude               :            (au)                      439.143088
                         :         (Debye)                     1116.190395
---------------------------------------------------------------------------
 Total vector            :        0.502254        0.417148       -0.490585
 Magnitude               :            (au)                        0.816667
                         :         (Debye)                        2.075761
===========================================================================


                                                                           
                                                                           
***************************************************************************
***                                                                     ***
***                            Exiting MRChem                           ***
***                                                                     ***
***                       Wall time :  0h 13m 28s                       ***
***                                                                     ***
***************************************************************************
                                                                           
                                                                           
