                                                                           
                                                                           
***************************************************************************
***                                                                     ***
***                                                                     ***
***          __  __ ____   ____ _                                       ***
***         |  \/  |  _ \ / ___| |__   ___ _ __ ___                     ***
***         | |\/| | |_) | |   | '_ \ / _ \ '_ ` _ \                    ***
***         | |  | |  _ <| |___| | | |  __/ | | | | |                   ***
***         |_|  |_|_| \_\\____|_| |_|\___|_| |_| |_|                   ***
***                                                                     ***
***         VERSION            1.1.0-alpha                              ***
***                                                                     ***
***         Git branch         master                                   ***
***         Git commit hash    f6df85f5f746c23b4022                     ***
***         Git commit author  Stig Rune Jensen                         ***
***         Git commit date    Thu May 19 15:46:21 2022 +0200           ***
***                                                                     ***
***         Contact: luca.frediani@uit.no                               ***
***                                                                     ***
***         Radovan Bast            Magnar Bjorgve                      ***
***         Roberto Di Remigio      Antoine Durdek                      ***
***         Luca Frediani           Gabriel Gerez                       ***
***         Stig Rune Jensen        Jonas Juselius                      ***
***         Rune Monstad            Peter Wind                          ***
***                                                                     ***
***************************************************************************

---------------------------------------------------------------------------

 MPI processes           :       (32 bank)                              96
 OpenMP threads          :                                              15
 Total cores             :                                             992
                                                                           
---------------------------------------------------------------------------

XCFun DFT library Copyright 2009-2020 Ulf Ekstrom and contributors.
See http://dftlibs.org/xcfun/ for more information.

This is free software; see the source code for copying conditions.
There is ABSOLUTELY NO WARRANTY; not even for MERCHANTABILITY or
FITNESS FOR A PARTICULAR PURPOSE. For details see the documentation.
Scientific users of this library should cite
U. Ekstrom, L. Visscher, R. Bast, A. J. Thorvaldsen and K. Ruud;
J.Chem.Theor.Comp. 2010, DOI: 10.1021/ct100117s

---------------------------------------------------------------------------

 MRCPP version         : 1.4.1
 Git branch            : HEAD
 Git commit hash       : 75d41879b1908a94a452
 Git commit author     : Stig Rune Jensen
 Git commit date       : Thu Jan 6 11:38:53 2022 +0100

 Linear algebra        : EIGEN v3.4.0
 Parallelization       : MPI/OpenMP (15 threads)

---------------------------------------------------------------------------


                                                                           
===========================================================================
                         MultiResolution Analysis
---------------------------------------------------------------------------
 polynomial order      : 9
 polynomial type       : Interpolating
---------------------------------------------------------------------------
 total boxes           : 8
 boxes                 : [          2           2           2 ]
 unit lengths          : [   64.00000    64.00000    64.00000 ]
 scaling factor        : [    1.00000     1.00000     1.00000 ]
 lower bounds          : [  -64.00000   -64.00000   -64.00000 ]
 upper bounds          : [   64.00000    64.00000    64.00000 ]
 total length          : [  128.00000   128.00000   128.00000 ]
===========================================================================


                                                                           
***************************************************************************
***                                                                     ***
***                        Initializing Molecule                        ***
***                                                                     ***
***************************************************************************
                                                                           
                                                                           
===========================================================================
                                 Molecule
---------------------------------------------------------------------------
 Charge                  :                                               0
 Multiplicity            :                                               1
---------------------------------------------------------------------------
    N    Atom            :               x               y               z
---------------------------------------------------------------------------
    0       C            :      -11.605642        3.048402       -0.000000
    1       C            :       -9.072295        3.061441       -0.000000
    2       H            :      -12.692306        1.321368        0.420283
    3       H            :      -12.710030        4.764156       -0.420283
    4       H            :       -7.967907        1.345687        0.420281
    5       H            :       -7.985631        4.788473       -0.420283
---------------------------------------------------------------------------
 Center of mass          :      -10.338968        3.054922       -0.000000
===========================================================================


                                                                           
***************************************************************************
***                                                                     ***
***                 Computing Ground State Wavefunction                 ***
***                                                                     ***
***************************************************************************
                                                                           
                                                                           
~~~~~~~~~~~~~~~~~~~~~~~~~~~~~~~~~~~~~~~~~~~~~~~~~~~~~~~~~~~~~~~~~~~~~~~~~~~
 Calculation             : Compute initial orbitals
 Method                  : Project MW molecular orbitals
 Precision               : 1.00000e-06
 Restricted              : True
 MO file                 : initial_guess/phi_p_scf
~~~~~~~~~~~~~~~~~~~~~~~~~~~~~~~~~~~~~~~~~~~~~~~~~~~~~~~~~~~~~~~~~~~~~~~~~~~


===========================================================================
                            Molecular Orbitals
---------------------------------------------------------------------------
 Alpha electrons         :                                               8
 Beta electrons          :                                               8
 Total electrons         :                                              16
---------------------------------------------------------------------------
    n  Occ Spin          :                                            Norm
---------------------------------------------------------------------------
    0    2    p          :                              9.999999999979e-01
    1    2    p          :                              9.999999999979e-01
    2    2    p          :                              9.999999999979e-01
    3    2    p          :                              9.999999999960e-01
    4    2    p          :                              9.999999999960e-01
    5    2    p          :                              9.999999999979e-01
    6    2    p          :                              9.999999999944e-01
    7    2    p          :                              9.999999999979e-01
===========================================================================


~~~~~~~~~~~~~~~~~~~~~~~~~~~~~~~~~~~~~~~~~~~~~~~~~~~~~~~~~~~~~~~~~~~~~~~~~~~
 Calculation             : Compute initial energy
 Method                  : DFT (PBE)
 Relativity              : ZORA (V_nuc + J + V_xc)
 Precision               : 1.00000e-06
 Localization            : On
~~~~~~~~~~~~~~~~~~~~~~~~~~~~~~~~~~~~~~~~~~~~~~~~~~~~~~~~~~~~~~~~~~~~~~~~~~~


===========================================================================
                        Molecular Energy (initial)
---------------------------------------------------------------------------
 Kinetic energy          :            (au)                 77.978437175824
 E-N energy              :            (au)               -247.668236762394
 Coulomb energy          :            (au)                 70.277789560311
 Exchange energy         :            (au)                  0.000000000000
 X-C energy              :            (au)                -12.145600919596
 Ext. field (el)         :            (au)                  0.000000000000
---------------------------------------------------------------------------
 N-N energy              :            (au)                 32.999679159111
 Ext. field (nuc)        :            (au)                  0.000000000000
 Tot. Reac. Energy       :            (au)                  0.000000000000
 El. Reac. Energy        :            (au)                  0.000000000000
 Nuc. Reac. Energy       :            (au)                  0.000000000000
---------------------------------------------------------------------------
 Electronic energy       :            (au)               -111.557610945855
 Nuclear energy          :            (au)                 32.999679159111
---------------------------------------------------------------------------
 Total energy            :            (au)             -7.855793178674e+01
                         :      (kcal/mol)             -4.929584645898e+04
                         :        (kJ/mol)             -2.062538215844e+05
                         :            (eV)             -2.137670224535e+03
===========================================================================


===========================================================================
                        Orbital Energies (initial)
---------------------------------------------------------------------------
    n  Occ Spin          :                                         Epsilon
---------------------------------------------------------------------------
    0    2    p          :            (au)                 -9.903044794711
    1    2    p          :            (au)                 -9.902401397317
    2    2    p          :            (au)                 -0.688407629861
    3    2    p          :            (au)                 -0.520742594236
    4    2    p          :            (au)                 -0.418139427151
    5    2    p          :            (au)                 -0.373342414676
    6    2    p          :            (au)                 -0.311889082555
    7    2    p          :            (au)                 -0.247926757718
---------------------------------------------------------------------------
 Sum occupied            :            (au)                -44.731788196449
===========================================================================


~~~~~~~~~~~~~~~~~~~~~~~~~~~~~~~~~~~~~~~~~~~~~~~~~~~~~~~~~~~~~~~~~~~~~~~~~~~
 Calculation             : Optimize ground state orbitals
 Method                  : DFT (PBE)
 Relativity              : ZORA (V_nuc + J + V_xc)
 Checkpointing           : Off
 Max iterations          : 500
 KAIN solver             : 6
 Localization            : First two iterations
 Diagonalization         : Off
 Start precision         : 1.00000e-06
 Final precision         : 1.00000e-06
 Helmholtz precision     : Dynamic
 Energy threshold        : Off
 Orbital threshold       : 5.00000e-05
~~~~~~~~~~~~~~~~~~~~~~~~~~~~~~~~~~~~~~~~~~~~~~~~~~~~~~~~~~~~~~~~~~~~~~~~~~~


===========================================================================
 Iter           MO residual             Total energy                Update
---------------------------------------------------------------------------
    0          2.828427e+00         -78.557931786744         -7.855793e+01
    1          8.614686e-04         -78.558062780756         -1.309940e-04
    2          3.355895e-04         -78.558076115584         -1.333483e-05
    3          1.454945e-04         -78.558077654649         -1.539065e-06
    4          1.081454e-04         -78.558077724796         -7.014637e-08
---------------------------------------------------------------------------
                      SCF converged in 4 iterations!
===========================================================================


                                                                           
***************************************************************************
***                                                                     ***
***                    Printing Molecular Properties                    ***
***                                                                     ***
***************************************************************************
                                                                           
                                                                           
===========================================================================
                                 Molecule
---------------------------------------------------------------------------
 Charge                  :                                               0
 Multiplicity            :                                               1
---------------------------------------------------------------------------
    N    Atom            :               x               y               z
---------------------------------------------------------------------------
    0       C            :      -11.605642        3.048402       -0.000000
    1       C            :       -9.072295        3.061441       -0.000000
    2       H            :      -12.692306        1.321368        0.420283
    3       H            :      -12.710030        4.764156       -0.420283
    4       H            :       -7.967907        1.345687        0.420281
    5       H            :       -7.985631        4.788473       -0.420283
---------------------------------------------------------------------------
 Center of mass          :      -10.338968        3.054922       -0.000000
===========================================================================


===========================================================================
                         Molecular Energy (final)
---------------------------------------------------------------------------
 Kinetic energy          :            (au)                 78.136922901186
 E-N energy              :            (au)               -247.837917836888
 Coulomb energy          :            (au)                 70.295885641229
 Exchange energy         :            (au)                  0.000000000000
 X-C energy              :            (au)                -12.152647589433
 Ext. field (el)         :            (au)                  0.000000000000
---------------------------------------------------------------------------
 N-N energy              :            (au)                 32.999679159111
 Ext. field (nuc)        :            (au)                  0.000000000000
 Tot. Reac. Energy       :            (au)                  0.000000000000
 El. Reac. Energy        :            (au)                  0.000000000000
 Nuc. Reac. Energy       :            (au)                  0.000000000000
---------------------------------------------------------------------------
 Electronic energy       :            (au)               -111.557756883906
 Nuclear energy          :            (au)                 32.999679159111
---------------------------------------------------------------------------
 Total energy            :            (au)             -7.855807772480e+01
                         :      (kcal/mol)             -4.929593803649e+04
                         :        (kJ/mol)             -2.062542047447e+05
                         :            (eV)             -2.137674195712e+03
===========================================================================


===========================================================================
                         Orbital Energies (final)
---------------------------------------------------------------------------
    n  Occ Spin          :                                         Epsilon
---------------------------------------------------------------------------
    0    2    p          :            (au)                 -9.899650721790
    1    2    p          :            (au)                 -9.899006722178
    2    2    p          :            (au)                 -0.688096706880
    3    2    p          :            (au)                 -0.520529852872
    4    2    p          :            (au)                 -0.417972215596
    5    2    p          :            (au)                 -0.373096362014
    6    2    p          :            (au)                 -0.311756696511
    7    2    p          :            (au)                 -0.247696143055
---------------------------------------------------------------------------
 Sum occupied            :            (au)                -44.715610841791
===========================================================================


===========================================================================
                           Dipole Moment (dip-1)
---------------------------------------------------------------------------
 r_O                     :        0.000000        0.000000        0.000000
---------------------------------------------------------------------------
 Electronic vector       :      165.423496      -48.878747        0.000001
 Magnitude               :            (au)                      172.493666
                         :         (Debye)                      438.435168
---------------------------------------------------------------------------
 Nuclear vector          :     -165.423496       48.878747       -0.000002
 Magnitude               :            (au)                      172.493666
                         :         (Debye)                      438.435167
---------------------------------------------------------------------------
 Total vector            :        0.000000       -0.000000       -0.000001
 Magnitude               :            (au)                        0.000001
                         :         (Debye)                        0.000002
===========================================================================


                                                                           
                                                                           
***************************************************************************
***                                                                     ***
***                            Exiting MRChem                           ***
***                                                                     ***
***                       Wall time :  0h  1m 46s                       ***
***                                                                     ***
***************************************************************************
                                                                           
                                                                           
