Starting job 382912 on b[1379-1381,1391,3245-3246,3248,4148] at Thu Jun 23 11:29:03 CEST 2022

Copying Ni-Alkene1_Complex_mw6.out to /cluster/home/ambr/projects/zora/reaction_energies/calcs_zora
Copying Ni-Alkene1_Complex_mw6.json to /cluster/home/ambr/projects/zora/reaction_energies/calcs_zora

Task and CPU usage stats:
JobID           JobName  AllocCPUS   NTasks     MinCPU MinCPUTask     AveCPU    Elapsed ExitCode 
------------ ---------- ---------- -------- ---------- ---------- ---------- ---------- -------- 
382912       Ni-Alkene+       1024                                             00:14:59      0:0 
382912.batch      batch        128        1   11:12:33          0   11:12:33   00:14:59      0:0 
382912.exte+     extern       1024        8   00:00:00          7   00:00:00   00:15:00      0:0 
382912.0          orted        896        7   05:23:02          6   10:35:26   00:13:32      0:0 

Memory usage stats:
JobID            MaxRSS MaxRSSTask     AveRSS MaxPages   MaxPagesTask   AvePages 
------------ ---------- ---------- ---------- -------- -------------- ---------- 
382912                                                                           
382912.batch  77348101K          0  77348101K     1187              0          0 
382912.exte+       863K          7    762.50K        3              7          2 
382912.0      83914819K          2 772256940+      980              0        917 

Disk usage stats:
JobID         MaxDiskRead MaxDiskReadTask    AveDiskRead MaxDiskWrite MaxDiskWriteTask   AveDiskWrite 
------------ ------------ --------------- -------------- ------------ ---------------- -------------- 
382912                                                                                                
382912.batch     7096.72M               0       7096.72M     7163.96M                0       7163.96M 
382912.exte+        0.00M               7          0.00M            0                7              0 
382912.0          845.36M               2        523.93M      942.99M                2        584.89M 

Job 382912 completed at Thu Jun 23 11:44:02 CEST 2022
