Starting job 382913 on b[2395-2396,3354,3356-3357,4246-4248] at Thu Jun 23 11:29:03 CEST 2022

Copying Ni-Alkene1_Fragment2_mw6.out to /cluster/home/ambr/projects/zora/reaction_energies/calcs_zora
Copying Ni-Alkene1_Fragment2_mw6.json to /cluster/home/ambr/projects/zora/reaction_energies/calcs_zora

Task and CPU usage stats:
JobID           JobName  AllocCPUS   NTasks     MinCPU MinCPUTask     AveCPU    Elapsed ExitCode 
------------ ---------- ---------- -------- ---------- ---------- ---------- ---------- -------- 
382913       Ni-Alkene+       1024                                             00:02:01      0:0 
382913.batch      batch        128        1   02:09:15          0   02:09:15   00:02:01      0:0 
382913.exte+     extern       1024        8   00:00:00          7   00:00:00   00:02:01      0:0 
382913.0          orted        896        7   00:35:29          3   00:35:33   00:01:49      0:0 

Memory usage stats:
JobID            MaxRSS MaxRSSTask     AveRSS MaxPages   MaxPagesTask   AvePages 
------------ ---------- ---------- ---------- -------- -------------- ---------- 
382913                                                                           
382913.batch  39467593K          0  39467593K     1025              0       1025 
382913.exte+       868K          0     877696        3              7          3 
382913.0      24834257K          0 254058694+      783              6        772 

Disk usage stats:
JobID         MaxDiskRead MaxDiskReadTask    AveDiskRead MaxDiskWrite MaxDiskWriteTask   AveDiskWrite 
------------ ------------ --------------- -------------- ------------ ---------------- -------------- 
382913                                                                                                
382913.batch     1050.91M               0       1050.91M      596.41M                0        596.41M 
382913.exte+        0.00M               7          0.00M            0                7              0 
382913.0           45.47M               4         45.46M       98.48M                0         98.47M 

Job 382913 completed at Thu Jun 23 11:31:04 CEST 2022
