Starting job 382914 on b[4357-4362,4365-4366] at Thu Jun 23 11:31:03 CEST 2022

Copying Ni-MeOH_Complex_mw6.out to /cluster/home/ambr/projects/zora/reaction_energies/calcs_zora
Copying Ni-MeOH_Complex_mw6.json to /cluster/home/ambr/projects/zora/reaction_energies/calcs_zora

Task and CPU usage stats:
JobID           JobName  AllocCPUS   NTasks     MinCPU MinCPUTask     AveCPU    Elapsed ExitCode 
------------ ---------- ---------- -------- ---------- ---------- ---------- ---------- -------- 
382914       Ni-MeOH_C+       1024                                             00:15:34      0:0 
382914.batch      batch        128        1   11:43:58          0   11:43:58   00:15:34      0:0 
382914.exte+     extern       1024        8   00:00:00          1   00:00:00   00:15:34      0:0 
382914.0          orted        896        7   05:32:02          6   10:59:32   00:14:10      0:0 

Memory usage stats:
JobID            MaxRSS MaxRSSTask     AveRSS MaxPages   MaxPagesTask   AvePages 
------------ ---------- ---------- ---------- -------- -------------- ---------- 
382914                                                                           
382914.batch  74012123K          0  74012123K     1109              0          0 
382914.exte+       854K          7     872320        1              1          1 
382914.0      84349608K          1 786904880+      845              0        814 

Disk usage stats:
JobID         MaxDiskRead MaxDiskReadTask    AveDiskRead MaxDiskWrite MaxDiskWriteTask   AveDiskWrite 
------------ ------------ --------------- -------------- ------------ ---------------- -------------- 
382914                                                                                                
382914.batch     8577.60M               0       8577.60M     8656.48M                0       8656.48M 
382914.exte+        0.00M               1          0.00M            0                1              0 
382914.0          864.98M               1        549.71M      941.43M                1        598.11M 

Job 382914 completed at Thu Jun 23 11:46:38 CEST 2022
