                                                                           
                                                                           
***************************************************************************
***                                                                     ***
***                                                                     ***
***          __  __ ____   ____ _                                       ***
***         |  \/  |  _ \ / ___| |__   ___ _ __ ___                     ***
***         | |\/| | |_) | |   | '_ \ / _ \ '_ ` _ \                    ***
***         | |  | |  _ <| |___| | | |  __/ | | | | |                   ***
***         |_|  |_|_| \_\\____|_| |_|\___|_| |_| |_|                   ***
***                                                                     ***
***         VERSION            1.1.0-alpha                              ***
***                                                                     ***
***         Git branch         master                                   ***
***         Git commit hash    f6df85f5f746c23b4022                     ***
***         Git commit author  Stig Rune Jensen                         ***
***         Git commit date    Thu May 19 15:46:21 2022 +0200           ***
***                                                                     ***
***         Contact: luca.frediani@uit.no                               ***
***                                                                     ***
***         Radovan Bast            Magnar Bjorgve                      ***
***         Roberto Di Remigio      Antoine Durdek                      ***
***         Luca Frediani           Gabriel Gerez                       ***
***         Stig Rune Jensen        Jonas Juselius                      ***
***         Rune Monstad            Peter Wind                          ***
***                                                                     ***
***************************************************************************

---------------------------------------------------------------------------

 MPI processes           :       (32 bank)                              96
 OpenMP threads          :                                              15
 Total cores             :                                             992
                                                                           
---------------------------------------------------------------------------

XCFun DFT library Copyright 2009-2020 Ulf Ekstrom and contributors.
See http://dftlibs.org/xcfun/ for more information.

This is free software; see the source code for copying conditions.
There is ABSOLUTELY NO WARRANTY; not even for MERCHANTABILITY or
FITNESS FOR A PARTICULAR PURPOSE. For details see the documentation.
Scientific users of this library should cite
U. Ekstrom, L. Visscher, R. Bast, A. J. Thorvaldsen and K. Ruud;
J.Chem.Theor.Comp. 2010, DOI: 10.1021/ct100117s

---------------------------------------------------------------------------

 MRCPP version         : 1.4.1
 Git branch            : HEAD
 Git commit hash       : 75d41879b1908a94a452
 Git commit author     : Stig Rune Jensen
 Git commit date       : Thu Jan 6 11:38:53 2022 +0100

 Linear algebra        : EIGEN v3.4.0
 Parallelization       : MPI/OpenMP (15 threads)

---------------------------------------------------------------------------


                                                                           
===========================================================================
                         MultiResolution Analysis
---------------------------------------------------------------------------
 polynomial order      : 9
 polynomial type       : Interpolating
---------------------------------------------------------------------------
 total boxes           : 8
 boxes                 : [          2           2           2 ]
 unit lengths          : [   64.00000    64.00000    64.00000 ]
 scaling factor        : [    1.00000     1.00000     1.00000 ]
 lower bounds          : [  -64.00000   -64.00000   -64.00000 ]
 upper bounds          : [   64.00000    64.00000    64.00000 ]
 total length          : [  128.00000   128.00000   128.00000 ]
===========================================================================


                                                                           
***************************************************************************
***                                                                     ***
***                        Initializing Molecule                        ***
***                                                                     ***
***************************************************************************
                                                                           
                                                                           
===========================================================================
                                 Molecule
---------------------------------------------------------------------------
 Charge                  :                                               0
 Multiplicity            :                                               1
---------------------------------------------------------------------------
    N    Atom            :               x               y               z
---------------------------------------------------------------------------
    0      Ni            :       -0.156345        4.610180       -1.808821
    1       C            :        2.107258        3.179997        0.255548
    2       C            :       -2.224914        2.348879       -3.234950
    3       C            :       -1.855668        7.125269       -0.315454
    4       O            :       -3.657593        0.826502       -3.896404
    5       O            :        3.347219        2.165316        1.755161
    6       O            :       -3.057652        8.559104        0.827545
    7       H            :        5.212159        7.321171       -2.698096
    8       H            :        4.854697        8.828859       -5.763884
    9       C            :        3.831728        8.080252       -4.089432
   10       H            :        2.871293        4.829826       -5.629770
   11       O            :        1.999128        6.233027       -4.815752
   12       H            :        2.783260        9.646254       -3.186528
---------------------------------------------------------------------------
 Center of mass          :        0.040570        4.777970       -1.775746
===========================================================================


                                                                           
***************************************************************************
***                                                                     ***
***                 Computing Ground State Wavefunction                 ***
***                                                                     ***
***************************************************************************
                                                                           
                                                                           
~~~~~~~~~~~~~~~~~~~~~~~~~~~~~~~~~~~~~~~~~~~~~~~~~~~~~~~~~~~~~~~~~~~~~~~~~~~
 Calculation             : Compute initial orbitals
 Method                  : Project MW molecular orbitals
 Precision               : 1.00000e-06
 Restricted              : True
 MO file                 : initial_guess/phi_p_scf
~~~~~~~~~~~~~~~~~~~~~~~~~~~~~~~~~~~~~~~~~~~~~~~~~~~~~~~~~~~~~~~~~~~~~~~~~~~


===========================================================================
                            Molecular Orbitals
---------------------------------------------------------------------------
 Alpha electrons         :                                              44
 Beta electrons          :                                              44
 Total electrons         :                                              88
---------------------------------------------------------------------------
    n  Occ Spin          :                                            Norm
---------------------------------------------------------------------------
    0    2    p          :                              9.999999999973e-01
    1    2    p          :                              9.999999999978e-01
    2    2    p          :                              9.999999999979e-01
    3    2    p          :                              9.999999999955e-01
    4    2    p          :                              9.999999999978e-01
    5    2    p          :                              9.999999999978e-01
    6    2    p          :                              9.999999999977e-01
    7    2    p          :                              9.999999999978e-01
    8    2    p          :                              9.999999999979e-01
    9    2    p          :                              9.999999999979e-01
   10    2    p          :                              9.999999999932e-01
   11    2    p          :                              9.999999999979e-01
   12    2    p          :                              9.999999999950e-01
   13    2    p          :                              1.000000000001e+00
   14    2    p          :                              9.999999999979e-01
   15    2    p          :                              9.999999999940e-01
   16    2    p          :                              1.000000000005e+00
   17    2    p          :                              9.999999999979e-01
   18    2    p          :                              9.999999999980e-01
   19    2    p          :                              9.999999999979e-01
   20    2    p          :                              9.999999999945e-01
   21    2    p          :                              9.999999999979e-01
   22    2    p          :                              9.999999999979e-01
   23    2    p          :                              9.999999999978e-01
   24    2    p          :                              9.999999999979e-01
   25    2    p          :                              9.999999999979e-01
   26    2    p          :                              9.999999999983e-01
   27    2    p          :                              1.000000000001e+00
   28    2    p          :                              9.999999999979e-01
   29    2    p          :                              9.999999999974e-01
   30    2    p          :                              9.999999999998e-01
   31    2    p          :                              9.999999999978e-01
   32    2    p          :                              1.000000000002e+00
   33    2    p          :                              9.999999999945e-01
   34    2    p          :                              9.999999999979e-01
   35    2    p          :                              9.999999999979e-01
   36    2    p          :                              9.999999999977e-01
   37    2    p          :                              9.999999999979e-01
   38    2    p          :                              9.999999999979e-01
   39    2    p          :                              9.999999999949e-01
   40    2    p          :                              9.999999999985e-01
   41    2    p          :                              9.999999999962e-01
   42    2    p          :                              9.999999999988e-01
   43    2    p          :                              9.999999999960e-01
===========================================================================


~~~~~~~~~~~~~~~~~~~~~~~~~~~~~~~~~~~~~~~~~~~~~~~~~~~~~~~~~~~~~~~~~~~~~~~~~~~
 Calculation             : Compute initial energy
 Method                  : DFT (PBE)
 Relativity              : ZORA (V_nuc + J + V_xc)
 Precision               : 1.00000e-06
 Localization            : On
~~~~~~~~~~~~~~~~~~~~~~~~~~~~~~~~~~~~~~~~~~~~~~~~~~~~~~~~~~~~~~~~~~~~~~~~~~~


===========================================================================
                        Molecular Energy (initial)
---------------------------------------------------------------------------
 Kinetic energy          :            (au)               1942.206840362743
 E-N energy              :            (au)              -5987.306449576731
 Coulomb energy          :            (au)               1525.226182622127
 Exchange energy         :            (au)                  0.000000000000
 X-C energy              :            (au)               -119.722869820621
 Ext. field (el)         :            (au)                  0.000000000000
---------------------------------------------------------------------------
 N-N energy              :            (au)                657.251029193085
 Ext. field (nuc)        :            (au)                  0.000000000000
 Tot. Reac. Energy       :            (au)                  0.000000000000
 El. Reac. Energy        :            (au)                  0.000000000000
 Nuc. Reac. Energy       :            (au)                  0.000000000000
---------------------------------------------------------------------------
 Electronic energy       :            (au)              -2639.596296412482
 Nuclear energy          :            (au)                657.251029193085
---------------------------------------------------------------------------
 Total energy            :            (au)             -1.982345267219e+03
                         :      (kcal/mol)             -1.243940436044e+06
                         :        (kJ/mol)             -5.204646784409e+06
                         :            (eV)             -5.394236273921e+04
===========================================================================


===========================================================================
                        Orbital Energies (initial)
---------------------------------------------------------------------------
    n  Occ Spin          :                                         Epsilon
---------------------------------------------------------------------------
    0    2    p          :            (au)               -305.039076406926
    1    2    p          :            (au)                -36.126430350187
    2    2    p          :            (au)                -31.166474474988
    3    2    p          :            (au)                -31.166273542449
    4    2    p          :            (au)                -31.159341793328
    5    2    p          :            (au)                -18.860746079250
    6    2    p          :            (au)                -18.859754954588
    7    2    p          :            (au)                -18.859398719577
    8    2    p          :            (au)                -18.855952118105
    9    2    p          :            (au)                -10.001224061654
   10    2    p          :            (au)                -10.000207992201
   11    2    p          :            (au)                -10.000065144545
   12    2    p          :            (au)                 -9.973521505108
   13    2    p          :            (au)                 -3.976873062353
   14    2    p          :            (au)                 -2.537255415578
   15    2    p          :            (au)                 -2.536921560669
   16    2    p          :            (au)                 -2.523156502816
   17    2    p          :            (au)                 -1.032860795990
   18    2    p          :            (au)                 -1.032145691085
   19    2    p          :            (au)                 -1.031724427642
   20    2    p          :            (au)                 -0.993060359678
   21    2    p          :            (au)                 -0.656583161039
   22    2    p          :            (au)                 -0.520996189650
   23    2    p          :            (au)                 -0.507396181569
   24    2    p          :            (au)                 -0.501116673461
   25    2    p          :            (au)                 -0.499725067404
   26    2    p          :            (au)                 -0.442744835961
   27    2    p          :            (au)                 -0.426805477161
   28    2    p          :            (au)                 -0.419523070439
   29    2    p          :            (au)                 -0.406019088393
   30    2    p          :            (au)                 -0.405523987428
   31    2    p          :            (au)                 -0.403233860875
   32    2    p          :            (au)                 -0.400443614542
   33    2    p          :            (au)                 -0.400220043642
   34    2    p          :            (au)                 -0.396038029682
   35    2    p          :            (au)                 -0.391509706387
   36    2    p          :            (au)                 -0.391503850982
   37    2    p          :            (au)                 -0.351223723093
   38    2    p          :            (au)                 -0.299856144101
   39    2    p          :            (au)                 -0.252425533135
   40    2    p          :            (au)                 -0.251478382770
   41    2    p          :            (au)                 -0.218764887760
   42    2    p          :            (au)                 -0.215402495821
   43    2    p          :            (au)                 -0.211942411662
---------------------------------------------------------------------------
 Sum occupied            :            (au)              -1149.405882751354
===========================================================================


~~~~~~~~~~~~~~~~~~~~~~~~~~~~~~~~~~~~~~~~~~~~~~~~~~~~~~~~~~~~~~~~~~~~~~~~~~~
 Calculation             : Optimize ground state orbitals
 Method                  : DFT (PBE)
 Relativity              : ZORA (V_nuc + J + V_xc)
 Checkpointing           : Off
 Max iterations          : 500
 KAIN solver             : 6
 Localization            : First two iterations
 Diagonalization         : Off
 Start precision         : 1.00000e-06
 Final precision         : 1.00000e-06
 Helmholtz precision     : Dynamic
 Energy threshold        : Off
 Orbital threshold       : 5.00000e-05
~~~~~~~~~~~~~~~~~~~~~~~~~~~~~~~~~~~~~~~~~~~~~~~~~~~~~~~~~~~~~~~~~~~~~~~~~~~


===========================================================================
 Iter           MO residual             Total energy                Update
---------------------------------------------------------------------------
    0          6.633250e+00       -1982.345267219397         -1.982345e+03
    1          2.013599e-02       -1983.244288972960         -8.990218e-01
    2          1.255765e-02       -1983.353528210968         -1.092392e-01
    3          1.007473e-02       -1983.383608585008         -3.008037e-02
    4          6.760710e-03       -1983.388167489367         -4.558904e-03
    5          6.372589e-03       -1983.389358327924         -1.190839e-03
    6          3.234749e-03       -1983.388955526952          4.028010e-04
    7          1.286541e-03       -1983.389343207642         -3.876807e-04
    8          1.445742e-03       -1983.389709400375         -3.661927e-04
    9          7.813019e-04       -1983.389852060710         -1.426603e-04
   10          8.951515e-04       -1983.389981714452         -1.296537e-04
   11          7.431659e-04       -1983.389947738066          3.397639e-05
   12          6.664237e-04       -1983.389818575200          1.291629e-04
   13          3.867900e-04       -1983.389938880341         -1.203051e-04
   14          3.914725e-04       -1983.389895168083          4.371226e-05
   15          2.290257e-04       -1983.389900056255         -4.888172e-06
   16          2.265935e-04       -1983.389890661613          9.394641e-06
   17          2.054919e-04       -1983.389901382843         -1.072123e-05
   18          1.845380e-04       -1983.389907523177         -6.140334e-06
   19          1.415559e-04       -1983.389915683906         -8.160729e-06
---------------------------------------------------------------------------
                      SCF converged in 19 iterations!
===========================================================================


                                                                           
***************************************************************************
***                                                                     ***
***                    Printing Molecular Properties                    ***
***                                                                     ***
***************************************************************************
                                                                           
                                                                           
===========================================================================
                                 Molecule
---------------------------------------------------------------------------
 Charge                  :                                               0
 Multiplicity            :                                               1
---------------------------------------------------------------------------
    N    Atom            :               x               y               z
---------------------------------------------------------------------------
    0      Ni            :       -0.156345        4.610180       -1.808821
    1       C            :        2.107258        3.179997        0.255548
    2       C            :       -2.224914        2.348879       -3.234950
    3       C            :       -1.855668        7.125269       -0.315454
    4       O            :       -3.657593        0.826502       -3.896404
    5       O            :        3.347219        2.165316        1.755161
    6       O            :       -3.057652        8.559104        0.827545
    7       H            :        5.212159        7.321171       -2.698096
    8       H            :        4.854697        8.828859       -5.763884
    9       C            :        3.831728        8.080252       -4.089432
   10       H            :        2.871293        4.829826       -5.629770
   11       O            :        1.999128        6.233027       -4.815752
   12       H            :        2.783260        9.646254       -3.186528
---------------------------------------------------------------------------
 Center of mass          :        0.040570        4.777970       -1.775746
===========================================================================


===========================================================================
                         Molecular Energy (final)
---------------------------------------------------------------------------
 Kinetic energy          :            (au)               2003.395367656258
 E-N energy              :            (au)              -6052.593096694951
 Coulomb energy          :            (au)               1529.017982903216
 Exchange energy         :            (au)                  0.000000000000
 X-C energy              :            (au)               -120.461198741515
 Ext. field (el)         :            (au)                  0.000000000000
---------------------------------------------------------------------------
 N-N energy              :            (au)                657.251029193085
 Ext. field (nuc)        :            (au)                  0.000000000000
 Tot. Reac. Energy       :            (au)                  0.000000000000
 El. Reac. Energy        :            (au)                  0.000000000000
 Nuc. Reac. Energy       :            (au)                  0.000000000000
---------------------------------------------------------------------------
 Electronic energy       :            (au)              -2640.640944876991
 Nuclear energy          :            (au)                657.251029193085
---------------------------------------------------------------------------
 Total energy            :            (au)             -1.983389915684e+03
                         :      (kcal/mol)             -1.244595962853e+06
                         :        (kJ/mol)             -5.207389508576e+06
                         :            (eV)             -5.397078907207e+04
===========================================================================


===========================================================================
                         Orbital Energies (final)
---------------------------------------------------------------------------
    n  Occ Spin          :                                         Epsilon
---------------------------------------------------------------------------
    0    2    p          :            (au)               -304.625949361097
    1    2    p          :            (au)                -36.019064518660
    2    2    p          :            (au)                -30.968887244754
    3    2    p          :            (au)                -30.968680646507
    4    2    p          :            (au)                -30.961783209230
    5    2    p          :            (au)                -18.850861497601
    6    2    p          :            (au)                -18.849919206422
    7    2    p          :            (au)                -18.849554057105
    8    2    p          :            (au)                -18.847455155988
    9    2    p          :            (au)                 -9.998119358223
   10    2    p          :            (au)                 -9.997161569642
   11    2    p          :            (au)                 -9.997011392364
   12    2    p          :            (au)                 -9.970397480681
   13    2    p          :            (au)                 -3.969283341904
   14    2    p          :            (au)                 -2.518224369349
   15    2    p          :            (au)                 -2.517884541671
   16    2    p          :            (au)                 -2.504037327065
   17    2    p          :            (au)                 -1.031710366216
   18    2    p          :            (au)                 -1.031035446387
   19    2    p          :            (au)                 -1.030606686580
   20    2    p          :            (au)                 -0.992869289917
   21    2    p          :            (au)                 -0.656590602108
   22    2    p          :            (au)                 -0.520487989552
   23    2    p          :            (au)                 -0.507292467357
   24    2    p          :            (au)                 -0.500070860738
   25    2    p          :            (au)                 -0.498722292873
   26    2    p          :            (au)                 -0.442674199731
   27    2    p          :            (au)                 -0.426758925199
   28    2    p          :            (au)                 -0.418904470599
   29    2    p          :            (au)                 -0.405043437113
   30    2    p          :            (au)                 -0.404565644190
   31    2    p          :            (au)                 -0.402293390201
   32    2    p          :            (au)                 -0.399412584409
   33    2    p          :            (au)                 -0.399190067938
   34    2    p          :            (au)                 -0.395097158981
   35    2    p          :            (au)                 -0.389815016490
   36    2    p          :            (au)                 -0.389771134249
   37    2    p          :            (au)                 -0.351099916730
   38    2    p          :            (au)                 -0.299265984714
   39    2    p          :            (au)                 -0.245615758097
   40    2    p          :            (au)                 -0.244814965358
   41    2    p          :            (au)                 -0.212462599310
   42    2    p          :            (au)                 -0.209828719063
   43    2    p          :            (au)                 -0.206321913645
---------------------------------------------------------------------------
 Sum occupied            :            (au)              -1146.853192332015
===========================================================================


===========================================================================
                           Dipole Moment (dip-1)
---------------------------------------------------------------------------
 r_O                     :        0.000000        0.000000        0.000000
---------------------------------------------------------------------------
 Electronic vector       :      -10.252736     -425.824555      160.250732
 Magnitude               :            (au)                      455.095558
                         :         (Debye)                     1156.737530
---------------------------------------------------------------------------
 Nuclear vector          :       11.542995      426.389118     -161.266599
 Magnitude               :            (au)                      456.012978
                         :         (Debye)                     1159.069379
---------------------------------------------------------------------------
 Total vector            :        1.290259        0.564563       -1.015867
 Magnitude               :            (au)                        1.736516
                         :         (Debye)                        4.413783
===========================================================================


                                                                           
                                                                           
***************************************************************************
***                                                                     ***
***                            Exiting MRChem                           ***
***                                                                     ***
***                       Wall time :  0h 14m  5s                       ***
***                                                                     ***
***************************************************************************
                                                                           
                                                                           
