                                                                           
                                                                           
***************************************************************************
***                                                                     ***
***                                                                     ***
***          __  __ ____   ____ _                                       ***
***         |  \/  |  _ \ / ___| |__   ___ _ __ ___                     ***
***         | |\/| | |_) | |   | '_ \ / _ \ '_ ` _ \                    ***
***         | |  | |  _ <| |___| | | |  __/ | | | | |                   ***
***         |_|  |_|_| \_\\____|_| |_|\___|_| |_| |_|                   ***
***                                                                     ***
***         VERSION            1.1.0-alpha                              ***
***                                                                     ***
***         Git branch         master                                   ***
***         Git commit hash    f6df85f5f746c23b4022                     ***
***         Git commit author  Stig Rune Jensen                         ***
***         Git commit date    Thu May 19 15:46:21 2022 +0200           ***
***                                                                     ***
***         Contact: luca.frediani@uit.no                               ***
***                                                                     ***
***         Radovan Bast            Magnar Bjorgve                      ***
***         Roberto Di Remigio      Antoine Durdek                      ***
***         Luca Frediani           Gabriel Gerez                       ***
***         Stig Rune Jensen        Jonas Juselius                      ***
***         Rune Monstad            Peter Wind                          ***
***                                                                     ***
***************************************************************************

---------------------------------------------------------------------------

 MPI processes           :       (32 bank)                              96
 OpenMP threads          :                                              15
 Total cores             :                                             992
                                                                           
---------------------------------------------------------------------------

XCFun DFT library Copyright 2009-2020 Ulf Ekstrom and contributors.
See http://dftlibs.org/xcfun/ for more information.

This is free software; see the source code for copying conditions.
There is ABSOLUTELY NO WARRANTY; not even for MERCHANTABILITY or
FITNESS FOR A PARTICULAR PURPOSE. For details see the documentation.
Scientific users of this library should cite
U. Ekstrom, L. Visscher, R. Bast, A. J. Thorvaldsen and K. Ruud;
J.Chem.Theor.Comp. 2010, DOI: 10.1021/ct100117s

---------------------------------------------------------------------------

 MRCPP version         : 1.4.1
 Git branch            : HEAD
 Git commit hash       : 75d41879b1908a94a452
 Git commit author     : Stig Rune Jensen
 Git commit date       : Thu Jan 6 11:38:53 2022 +0100

 Linear algebra        : EIGEN v3.4.0
 Parallelization       : MPI/OpenMP (15 threads)

---------------------------------------------------------------------------


                                                                           
===========================================================================
                         MultiResolution Analysis
---------------------------------------------------------------------------
 polynomial order      : 9
 polynomial type       : Interpolating
---------------------------------------------------------------------------
 total boxes           : 8
 boxes                 : [          2           2           2 ]
 unit lengths          : [   64.00000    64.00000    64.00000 ]
 scaling factor        : [    1.00000     1.00000     1.00000 ]
 lower bounds          : [  -64.00000   -64.00000   -64.00000 ]
 upper bounds          : [   64.00000    64.00000    64.00000 ]
 total length          : [  128.00000   128.00000   128.00000 ]
===========================================================================


                                                                           
***************************************************************************
***                                                                     ***
***                        Initializing Molecule                        ***
***                                                                     ***
***************************************************************************
                                                                           
                                                                           
===========================================================================
                                 Molecule
---------------------------------------------------------------------------
 Charge                  :                                               0
 Multiplicity            :                                               1
---------------------------------------------------------------------------
    N    Atom            :               x               y               z
---------------------------------------------------------------------------
    0      Ni            :        0.139936        5.083150       -1.785186
    1       C            :        2.022812        3.392206        0.471717
    2       C            :       -1.757757        2.989522       -3.660125
    3       C            :       -1.901503        7.336688       -0.283844
    4       O            :       -3.049651        1.632389       -4.809162
    5       O            :        3.264744        2.306547        1.921298
    6       O            :       -3.283753        8.731047        0.704171
    7       H            :        1.029511       11.740388       -1.765917
    8       H            :        1.288498        3.476792       -8.202460
    9       C            :        2.934881       10.895407       -1.564453
   10       C            :        5.147202        9.892442       -5.648278
   11       N            :        3.518685        9.256574       -3.690025
   12       H            :        4.359128       12.420276       -1.456482
   13       C            :        5.211600        7.851806       -7.238870
   14       C            :        2.526169        6.879157       -3.994135
   15       H            :        6.127696       11.710132       -5.739949
   16       N            :        3.620041        6.044795       -6.193460
   17       C            :        3.166215        3.563075       -7.279597
   18       H            :        6.259431        7.536744       -8.992883
   19       H            :        4.649333        3.144926       -8.690584
   20       H            :        2.968695        9.776749        0.199491
   21       H            :        3.214216        2.126392       -5.763769
---------------------------------------------------------------------------
 Center of mass          :        1.246065        5.911468       -2.803276
===========================================================================


                                                                           
***************************************************************************
***                                                                     ***
***                 Computing Ground State Wavefunction                 ***
***                                                                     ***
***************************************************************************
                                                                           
                                                                           
~~~~~~~~~~~~~~~~~~~~~~~~~~~~~~~~~~~~~~~~~~~~~~~~~~~~~~~~~~~~~~~~~~~~~~~~~~~
 Calculation             : Compute initial orbitals
 Method                  : Project MW molecular orbitals
 Precision               : 1.00000e-06
 Restricted              : True
 MO file                 : initial_guess/phi_p_scf
~~~~~~~~~~~~~~~~~~~~~~~~~~~~~~~~~~~~~~~~~~~~~~~~~~~~~~~~~~~~~~~~~~~~~~~~~~~


===========================================================================
                            Molecular Orbitals
---------------------------------------------------------------------------
 Alpha electrons         :                                              61
 Beta electrons          :                                              61
 Total electrons         :                                             122
---------------------------------------------------------------------------
    n  Occ Spin          :                                            Norm
---------------------------------------------------------------------------
    0    2    p          :                              9.999999999981e-01
    1    2    p          :                              9.999999999946e-01
    2    2    p          :                              9.999999999969e-01
    3    2    p          :                              9.999999999996e-01
    4    2    p          :                              9.999999999983e-01
    5    2    p          :                              9.999999999977e-01
    6    2    p          :                              9.999999999978e-01
    7    2    p          :                              1.000000000000e+00
    8    2    p          :                              9.999999999961e-01
    9    2    p          :                              9.999999999974e-01
   10    2    p          :                              9.999999999976e-01
   11    2    p          :                              9.999999999977e-01
   12    2    p          :                              9.999999999680e-01
   13    2    p          :                              9.999999999979e-01
   14    2    p          :                              9.999999999958e-01
   15    2    p          :                              9.999999999978e-01
   16    2    p          :                              9.999999999956e-01
   17    2    p          :                              9.999999999963e-01
   18    2    p          :                              1.000000000006e+00
   19    2    p          :                              1.000000000029e+00
   20    2    p          :                              1.000000000000e+00
   21    2    p          :                              1.000000000004e+00
   22    2    p          :                              1.000000000023e+00
   23    2    p          :                              9.999999999982e-01
   24    2    p          :                              9.999999999979e-01
   25    2    p          :                              9.999999999979e-01
   26    2    p          :                              9.999999999946e-01
   27    2    p          :                              9.999999999959e-01
   28    2    p          :                              9.999999999979e-01
   29    2    p          :                              9.999999999978e-01
   30    2    p          :                              9.999999999759e-01
   31    2    p          :                              9.999999999978e-01
   32    2    p          :                              9.999999999981e-01
   33    2    p          :                              9.999999999979e-01
   34    2    p          :                              9.999999999979e-01
   35    2    p          :                              9.999999999979e-01
   36    2    p          :                              9.999999999967e-01
   37    2    p          :                              9.999999999979e-01
   38    2    p          :                              9.999999999976e-01
   39    2    p          :                              9.999999999982e-01
   40    2    p          :                              9.999999999987e-01
   41    2    p          :                              9.999999999958e-01
   42    2    p          :                              9.999999999979e-01
   43    2    p          :                              9.999999999962e-01
   44    2    p          :                              9.999999999977e-01
   45    2    p          :                              9.999999999979e-01
   46    2    p          :                              9.999999999979e-01
   47    2    p          :                              9.999999999954e-01
   48    2    p          :                              1.000000000004e+00
   49    2    p          :                              9.999999999979e-01
   50    2    p          :                              9.999999999979e-01
   51    2    p          :                              9.999999999980e-01
   52    2    p          :                              9.999999999919e-01
   53    2    p          :                              9.999999999976e-01
   54    2    p          :                              9.999999999915e-01
   55    2    p          :                              9.999999999979e-01
   56    2    p          :                              1.000000000004e+00
   57    2    p          :                              9.999999999988e-01
   58    2    p          :                              9.999999999994e-01
   59    2    p          :                              9.999999999961e-01
   60    2    p          :                              9.999999999974e-01
===========================================================================


~~~~~~~~~~~~~~~~~~~~~~~~~~~~~~~~~~~~~~~~~~~~~~~~~~~~~~~~~~~~~~~~~~~~~~~~~~~
 Calculation             : Compute initial energy
 Method                  : DFT (PBE)
 Relativity              : ZORA (V_nuc + J + V_xc)
 Precision               : 1.00000e-06
 Localization            : On
~~~~~~~~~~~~~~~~~~~~~~~~~~~~~~~~~~~~~~~~~~~~~~~~~~~~~~~~~~~~~~~~~~~~~~~~~~~


===========================================================================
                        Molecular Energy (initial)
---------------------------------------------------------------------------
 Kinetic energy          :            (au)               2129.986534468793
 E-N energy              :            (au)              -7512.542981509040
 Coulomb energy          :            (au)               2157.476113591360
 Exchange energy         :            (au)                  0.000000000000
 X-C energy              :            (au)               -147.897565147543
 Ext. field (el)         :            (au)                  0.000000000000
---------------------------------------------------------------------------
 N-N energy              :            (au)               1201.567233657700
 Ext. field (nuc)        :            (au)                  0.000000000000
 Tot. Reac. Energy       :            (au)                  0.000000000000
 El. Reac. Energy        :            (au)                  0.000000000000
 Nuc. Reac. Energy       :            (au)                  0.000000000000
---------------------------------------------------------------------------
 Electronic energy       :            (au)              -3372.977898596432
 Nuclear energy          :            (au)               1201.567233657700
---------------------------------------------------------------------------
 Total energy            :            (au)             -2.171410664939e+03
                         :      (kcal/mol)             -1.362580764331e+06
                         :        (kJ/mol)             -5.701037917959e+06
                         :            (eV)             -5.908709430231e+04
===========================================================================


===========================================================================
                        Orbital Energies (initial)
---------------------------------------------------------------------------
    n  Occ Spin          :                                         Epsilon
---------------------------------------------------------------------------
    0    2    p          :            (au)               -305.032325334769
    1    2    p          :            (au)                -36.125213584081
    2    2    p          :            (au)                -31.164188287336
    3    2    p          :            (au)                -31.162746010165
    4    2    p          :            (au)                -31.159857977719
    5    2    p          :            (au)                -18.843644894548
    6    2    p          :            (au)                -18.843613721517
    7    2    p          :            (au)                -18.843224647386
    8    2    p          :            (au)                -14.088177122314
    9    2    p          :            (au)                -14.088176861050
   10    2    p          :            (au)                 -9.986437900220
   11    2    p          :            (au)                 -9.986237640807
   12    2    p          :            (au)                 -9.986206630117
   13    2    p          :            (au)                 -9.961377347725
   14    2    p          :            (au)                 -9.953153307770
   15    2    p          :            (au)                 -9.952654391572
   16    2    p          :            (au)                 -9.952313470135
   17    2    p          :            (au)                 -9.952311206092
   18    2    p          :            (au)                 -3.971358153783
   19    2    p          :            (au)                 -2.530340535673
   20    2    p          :            (au)                 -2.527850984660
   21    2    p          :            (au)                 -2.520455911260
   22    2    p          :            (au)                 -1.016522800622
   23    2    p          :            (au)                 -1.016295288808
   24    2    p          :            (au)                 -1.016101125190
   25    2    p          :            (au)                 -0.967695069441
   26    2    p          :            (au)                 -0.866953482468
   27    2    p          :            (au)                 -0.728932109759
   28    2    p          :            (au)                 -0.688018300558
   29    2    p          :            (au)                 -0.643134739614
   30    2    p          :            (au)                 -0.572160251189
   31    2    p          :            (au)                 -0.542619917217
   32    2    p          :            (au)                 -0.505880398368
   33    2    p          :            (au)                 -0.496990668851
   34    2    p          :            (au)                 -0.486617116798
   35    2    p          :            (au)                 -0.486280381684
   36    2    p          :            (au)                 -0.449608171926
   37    2    p          :            (au)                 -0.435334313170
   38    2    p          :            (au)                 -0.419239098748
   39    2    p          :            (au)                 -0.416081360097
   40    2    p          :            (au)                 -0.415126775357
   41    2    p          :            (au)                 -0.409926363911
   42    2    p          :            (au)                 -0.392995850995
   43    2    p          :            (au)                 -0.390421086693
   44    2    p          :            (au)                 -0.389827739434
   45    2    p          :            (au)                 -0.385122563868
   46    2    p          :            (au)                 -0.384681842659
   47    2    p          :            (au)                 -0.381716567343
   48    2    p          :            (au)                 -0.377639110302
   49    2    p          :            (au)                 -0.377541074647
   50    2    p          :            (au)                 -0.367449706443
   51    2    p          :            (au)                 -0.364699848742
   52    2    p          :            (au)                 -0.356448808753
   53    2    p          :            (au)                 -0.310884105281
   54    2    p          :            (au)                 -0.268930762521
   55    2    p          :            (au)                 -0.253801561444
   56    2    p          :            (au)                 -0.243477096870
   57    2    p          :            (au)                 -0.232796964592
   58    2    p          :            (au)                 -0.199932838922
   59    2    p          :            (au)                 -0.196765977703
   60    2    p          :            (au)                 -0.194254274631
---------------------------------------------------------------------------
 Sum occupied            :            (au)              -1258.561542872622
===========================================================================


~~~~~~~~~~~~~~~~~~~~~~~~~~~~~~~~~~~~~~~~~~~~~~~~~~~~~~~~~~~~~~~~~~~~~~~~~~~
 Calculation             : Optimize ground state orbitals
 Method                  : DFT (PBE)
 Relativity              : ZORA (V_nuc + J + V_xc)
 Checkpointing           : Off
 Max iterations          : 500
 KAIN solver             : 6
 Localization            : First two iterations
 Diagonalization         : Off
 Start precision         : 1.00000e-06
 Final precision         : 1.00000e-06
 Helmholtz precision     : Dynamic
 Energy threshold        : Off
 Orbital threshold       : 5.00000e-05
~~~~~~~~~~~~~~~~~~~~~~~~~~~~~~~~~~~~~~~~~~~~~~~~~~~~~~~~~~~~~~~~~~~~~~~~~~~


===========================================================================
 Iter           MO residual             Total energy                Update
---------------------------------------------------------------------------
    0          7.810250e+00       -2171.410664938731         -2.171411e+03
    1          2.021678e-02       -2172.309932977490         -8.992680e-01
    2          1.292824e-02       -2172.419071463486         -1.091385e-01
    3          1.022141e-02       -2172.449222499941         -3.015104e-02
    4          6.777853e-03       -2172.453874547744         -4.652048e-03
    5          6.295581e-03       -2172.455076663130         -1.202115e-03
    6          3.276787e-03       -2172.454686892615          3.897705e-04
    7          1.313502e-03       -2172.455064647227         -3.777546e-04
    8          1.549679e-03       -2172.455405342053         -3.406948e-04
    9          7.957040e-04       -2172.455552955546         -1.476135e-04
   10          9.038602e-04       -2172.455691999043         -1.390435e-04
   11          7.095883e-04       -2172.455650927069          4.107197e-05
   12          5.938482e-04       -2172.455532611932          1.183151e-04
   13          3.562786e-04       -2172.455649425123         -1.168132e-04
   14          3.775933e-04       -2172.455604177813          4.524731e-05
   15          2.387618e-04       -2172.455611519804         -7.341991e-06
   16          2.475633e-04       -2172.455596873818          1.464599e-05
   17          2.210262e-04       -2172.455615566990         -1.869317e-05
   18          2.050951e-04       -2172.455622387472         -6.820483e-06
   19          1.397544e-04       -2172.455631986830         -9.599357e-06
   20          1.023111e-04       -2172.455631467044          5.197862e-07
---------------------------------------------------------------------------
                      SCF converged in 20 iterations!
===========================================================================


                                                                           
***************************************************************************
***                                                                     ***
***                    Printing Molecular Properties                    ***
***                                                                     ***
***************************************************************************
                                                                           
                                                                           
===========================================================================
                                 Molecule
---------------------------------------------------------------------------
 Charge                  :                                               0
 Multiplicity            :                                               1
---------------------------------------------------------------------------
    N    Atom            :               x               y               z
---------------------------------------------------------------------------
    0      Ni            :        0.139936        5.083150       -1.785186
    1       C            :        2.022812        3.392206        0.471717
    2       C            :       -1.757757        2.989522       -3.660125
    3       C            :       -1.901503        7.336688       -0.283844
    4       O            :       -3.049651        1.632389       -4.809162
    5       O            :        3.264744        2.306547        1.921298
    6       O            :       -3.283753        8.731047        0.704171
    7       H            :        1.029511       11.740388       -1.765917
    8       H            :        1.288498        3.476792       -8.202460
    9       C            :        2.934881       10.895407       -1.564453
   10       C            :        5.147202        9.892442       -5.648278
   11       N            :        3.518685        9.256574       -3.690025
   12       H            :        4.359128       12.420276       -1.456482
   13       C            :        5.211600        7.851806       -7.238870
   14       C            :        2.526169        6.879157       -3.994135
   15       H            :        6.127696       11.710132       -5.739949
   16       N            :        3.620041        6.044795       -6.193460
   17       C            :        3.166215        3.563075       -7.279597
   18       H            :        6.259431        7.536744       -8.992883
   19       H            :        4.649333        3.144926       -8.690584
   20       H            :        2.968695        9.776749        0.199491
   21       H            :        3.214216        2.126392       -5.763769
---------------------------------------------------------------------------
 Center of mass          :        1.246065        5.911468       -2.803276
===========================================================================


===========================================================================
                         Molecular Energy (final)
---------------------------------------------------------------------------
 Kinetic energy          :            (au)               2191.541503421537
 E-N energy              :            (au)              -7578.219270237244
 Coulomb energy          :            (au)               2161.307601241367
 Exchange energy         :            (au)                  0.000000000000
 X-C energy              :            (au)               -148.652699550404
 Ext. field (el)         :            (au)                  0.000000000000
---------------------------------------------------------------------------
 N-N energy              :            (au)               1201.567233657700
 Ext. field (nuc)        :            (au)                  0.000000000000
 Tot. Reac. Energy       :            (au)                  0.000000000000
 El. Reac. Energy        :            (au)                  0.000000000000
 Nuc. Reac. Energy       :            (au)                  0.000000000000
---------------------------------------------------------------------------
 Electronic energy       :            (au)              -3374.022865124744
 Nuclear energy          :            (au)               1201.567233657700
---------------------------------------------------------------------------
 Total energy            :            (au)             -2.172455631467e+03
                         :      (kcal/mol)             -1.363236490727e+06
                         :        (kJ/mol)             -5.703781477203e+06
                         :            (eV)             -5.911552929012e+04
===========================================================================


===========================================================================
                         Orbital Energies (final)
---------------------------------------------------------------------------
    n  Occ Spin          :                                         Epsilon
---------------------------------------------------------------------------
    0    2    p          :            (au)               -304.619209770462
    1    2    p          :            (au)                -36.017920298688
    2    2    p          :            (au)                -30.966707271474
    3    2    p          :            (au)                -30.965246788785
    4    2    p          :            (au)                -30.962362880921
    5    2    p          :            (au)                -18.833803984874
    6    2    p          :            (au)                -18.833789454148
    7    2    p          :            (au)                -18.833428496207
    8    2    p          :            (au)                -14.082424911197
    9    2    p          :            (au)                -14.082421723184
   10    2    p          :            (au)                 -9.983370697657
   11    2    p          :            (au)                 -9.983128723313
   12    2    p          :            (au)                 -9.983115340487
   13    2    p          :            (au)                 -9.959099948305
   14    2    p          :            (au)                 -9.949945465561
   15    2    p          :            (au)                 -9.949446136792
   16    2    p          :            (au)                 -9.949005044352
   17    2    p          :            (au)                 -9.948999110102
   18    2    p          :            (au)                 -3.963765520301
   19    2    p          :            (au)                 -2.511284655381
   20    2    p          :            (au)                 -2.508752134277
   21    2    p          :            (au)                 -2.501319143840
   22    2    p          :            (au)                 -1.015411658156
   23    2    p          :            (au)                 -1.015180777697
   24    2    p          :            (au)                 -1.015017899687
   25    2    p          :            (au)                 -0.967415836414
   26    2    p          :            (au)                 -0.866575537368
   27    2    p          :            (au)                 -0.728688011308
   28    2    p          :            (au)                 -0.687870444259
   29    2    p          :            (au)                 -0.642894852257
   30    2    p          :            (au)                 -0.572005044630
   31    2    p          :            (au)                 -0.542422898624
   32    2    p          :            (au)                 -0.505431099940
   33    2    p          :            (au)                 -0.496727057970
   34    2    p          :            (au)                 -0.485572052681
   35    2    p          :            (au)                 -0.485260344444
   36    2    p          :            (au)                 -0.449432168589
   37    2    p          :            (au)                 -0.435178786470
   38    2    p          :            (au)                 -0.418998144444
   39    2    p          :            (au)                 -0.415926521261
   40    2    p          :            (au)                 -0.414939199005
   41    2    p          :            (au)                 -0.409431333025
   42    2    p          :            (au)                 -0.392115469300
   43    2    p          :            (au)                 -0.389494860074
   44    2    p          :            (au)                 -0.388929461952
   45    2    p          :            (au)                 -0.384291693871
   46    2    p          :            (au)                 -0.383795514960
   47    2    p          :            (au)                 -0.380783667780
   48    2    p          :            (au)                 -0.375812466630
   49    2    p          :            (au)                 -0.375768208866
   50    2    p          :            (au)                 -0.367119196364
   51    2    p          :            (au)                 -0.364379749871
   52    2    p          :            (au)                 -0.356324919783
   53    2    p          :            (au)                 -0.308730412026
   54    2    p          :            (au)                 -0.268645865651
   55    2    p          :            (au)                 -0.249864265254
   56    2    p          :            (au)                 -0.236521861424
   57    2    p          :            (au)                 -0.229093418942
   58    2    p          :            (au)                 -0.194337060202
   59    2    p          :            (au)                 -0.192010094854
   60    2    p          :            (au)                 -0.189900045569
---------------------------------------------------------------------------
 Sum occupied            :            (au)              -1255.973690803819
===========================================================================


===========================================================================
                           Dipole Moment (dip-1)
---------------------------------------------------------------------------
 r_O                     :        0.000000        0.000000        0.000000
---------------------------------------------------------------------------
 Electronic vector       :     -161.657085     -728.314975      350.743386
 Magnitude               :            (au)                      824.376515
                         :         (Debye)                     2095.356101
---------------------------------------------------------------------------
 Nuclear vector          :      163.334233      729.531854     -352.237234
 Magnitude               :            (au)                      826.417490
                         :         (Debye)                     2100.543741
---------------------------------------------------------------------------
 Total vector            :        1.677148        1.216880       -1.493848
 Magnitude               :            (au)                        2.554448
                         :         (Debye)                        6.492758
===========================================================================


                                                                           
                                                                           
***************************************************************************
***                                                                     ***
***                            Exiting MRChem                           ***
***                                                                     ***
***                       Wall time :  0h 20m 16s                       ***
***                                                                     ***
***************************************************************************
                                                                           
                                                                           
