Starting job 382917 on b[1178,2133-2134,2137,2142-2145] at Thu Jun 23 11:34:33 CEST 2022

Copying Ni-NHC1_Fragment2_mw6.out to /cluster/home/ambr/projects/zora/reaction_energies/calcs_zora
Copying Ni-NHC1_Fragment2_mw6.json to /cluster/home/ambr/projects/zora/reaction_energies/calcs_zora

Task and CPU usage stats:
JobID           JobName  AllocCPUS   NTasks     MinCPU MinCPUTask     AveCPU    Elapsed ExitCode 
------------ ---------- ---------- -------- ---------- ---------- ---------- ---------- -------- 
382917       Ni-NHC1_F+       1024                                             00:06:53      0:0 
382917.batch      batch        128        1   05:26:44          0   05:26:44   00:06:53      0:0 
382917.exte+     extern       1024        8   00:00:00          6   00:00:00   00:06:54      0:0 
382917.0          orted        896        7   02:21:28          4   03:41:52   00:05:54      0:0 

Memory usage stats:
JobID            MaxRSS MaxRSSTask     AveRSS MaxPages   MaxPagesTask   AvePages 
------------ ---------- ---------- ---------- -------- -------------- ---------- 
382917                                                                           
382917.batch  74324422K          0  74324422K     1017              0          0 
382917.exte+       860K          7     877824        3              6          2 
382917.0      82094767K          0 682275088+      796              0        766 

Disk usage stats:
JobID         MaxDiskRead MaxDiskReadTask    AveDiskRead MaxDiskWrite MaxDiskWriteTask   AveDiskWrite 
------------ ------------ --------------- -------------- ------------ ---------------- -------------- 
382917                                                                                                
382917.batch     4852.96M               0       4852.96M     4900.61M                0       4900.61M 
382917.exte+        0.00M               6          0.00M            0                6              0 
382917.0          876.55M               1        313.21M      937.33M                1        354.39M 

Job 382917 completed at Thu Jun 23 11:41:27 CEST 2022
