Starting job 382915 on b[2395-2396,4246-4248,4394-4396] at Thu Jun 23 11:31:33 CEST 2022

Copying Ni-NHC1_Complex_mw6.out to /cluster/home/ambr/projects/zora/reaction_energies/calcs_zora
Copying Ni-NHC1_Complex_mw6.json to /cluster/home/ambr/projects/zora/reaction_energies/calcs_zora

Task and CPU usage stats:
JobID           JobName  AllocCPUS   NTasks     MinCPU MinCPUTask     AveCPU    Elapsed ExitCode 
------------ ---------- ---------- -------- ---------- ---------- ---------- ---------- -------- 
382915       Ni-NHC1_C+       1024                                             00:22:18      0:0 
382915.batch      batch        128        1   14:55:03          0   14:55:03   00:22:18      0:0 
382915.exte+     extern       1024        8   00:00:00          6   00:00:00   00:22:19      0:0 
382915.0          orted        896        7   15:38:47          0   18:31:03   00:20:19      0:0 

Memory usage stats:
JobID            MaxRSS MaxRSSTask     AveRSS MaxPages   MaxPagesTask   AvePages 
------------ ---------- ---------- ---------- -------- -------------- ---------- 
382915                                                                           
382915.batch 112520564K          0 112520564K     1074              0          0 
382915.exte+       868K          0     876800        3              1          2 
382915.0     124147070K          5 123232424+      973              2        851 

Disk usage stats:
JobID         MaxDiskRead MaxDiskReadTask    AveDiskRead MaxDiskWrite MaxDiskWriteTask   AveDiskWrite 
------------ ------------ --------------- -------------- ------------ ---------------- -------------- 
382915                                                                                                
382915.batch    14621.74M               0      14621.74M    14685.03M                0      14685.03M 
382915.exte+        0.00M               6          0.00M            0                6              0 
382915.0         1147.38M               2        982.71M     1103.37M                1        751.18M 

Job 382915 completed at Thu Jun 23 11:53:54 CEST 2022
