                                                                           
                                                                           
***************************************************************************
***                                                                     ***
***                                                                     ***
***          __  __ ____   ____ _                                       ***
***         |  \/  |  _ \ / ___| |__   ___ _ __ ___                     ***
***         | |\/| | |_) | |   | '_ \ / _ \ '_ ` _ \                    ***
***         | |  | |  _ <| |___| | | |  __/ | | | | |                   ***
***         |_|  |_|_| \_\\____|_| |_|\___|_| |_| |_|                   ***
***                                                                     ***
***         VERSION            1.1.0-alpha                              ***
***                                                                     ***
***         Git branch         master                                   ***
***         Git commit hash    f6df85f5f746c23b4022                     ***
***         Git commit author  Stig Rune Jensen                         ***
***         Git commit date    Thu May 19 15:46:21 2022 +0200           ***
***                                                                     ***
***         Contact: luca.frediani@uit.no                               ***
***                                                                     ***
***         Radovan Bast            Magnar Bjorgve                      ***
***         Roberto Di Remigio      Antoine Durdek                      ***
***         Luca Frediani           Gabriel Gerez                       ***
***         Stig Rune Jensen        Jonas Juselius                      ***
***         Rune Monstad            Peter Wind                          ***
***                                                                     ***
***************************************************************************

---------------------------------------------------------------------------

 MPI processes           :       (32 bank)                              96
 OpenMP threads          :                                              15
 Total cores             :                                             992
                                                                           
---------------------------------------------------------------------------

XCFun DFT library Copyright 2009-2020 Ulf Ekstrom and contributors.
See http://dftlibs.org/xcfun/ for more information.

This is free software; see the source code for copying conditions.
There is ABSOLUTELY NO WARRANTY; not even for MERCHANTABILITY or
FITNESS FOR A PARTICULAR PURPOSE. For details see the documentation.
Scientific users of this library should cite
U. Ekstrom, L. Visscher, R. Bast, A. J. Thorvaldsen and K. Ruud;
J.Chem.Theor.Comp. 2010, DOI: 10.1021/ct100117s

---------------------------------------------------------------------------

 MRCPP version         : 1.4.1
 Git branch            : HEAD
 Git commit hash       : 75d41879b1908a94a452
 Git commit author     : Stig Rune Jensen
 Git commit date       : Thu Jan 6 11:38:53 2022 +0100

 Linear algebra        : EIGEN v3.4.0
 Parallelization       : MPI/OpenMP (15 threads)

---------------------------------------------------------------------------


                                                                           
===========================================================================
                         MultiResolution Analysis
---------------------------------------------------------------------------
 polynomial order      : 9
 polynomial type       : Interpolating
---------------------------------------------------------------------------
 total boxes           : 8
 boxes                 : [          2           2           2 ]
 unit lengths          : [   64.00000    64.00000    64.00000 ]
 scaling factor        : [    1.00000     1.00000     1.00000 ]
 lower bounds          : [  -64.00000   -64.00000   -64.00000 ]
 upper bounds          : [   64.00000    64.00000    64.00000 ]
 total length          : [  128.00000   128.00000   128.00000 ]
===========================================================================


                                                                           
***************************************************************************
***                                                                     ***
***                        Initializing Molecule                        ***
***                                                                     ***
***************************************************************************
                                                                           
                                                                           
===========================================================================
                                 Molecule
---------------------------------------------------------------------------
 Charge                  :                                               0
 Multiplicity            :                                               1
---------------------------------------------------------------------------
    N    Atom            :               x               y               z
---------------------------------------------------------------------------
    0       C            :       -3.713949        4.300002        0.514695
    1       C            :       -1.123858        4.325445        0.513920
    2       N            :       -4.411167        1.878133       -0.243845
    3       N            :       -0.379659        1.917709       -0.244978
    4       C            :       -2.380189        0.332981       -0.736001
    5       C            :        2.233252        1.127203       -0.501605
    6       H            :        3.240189        2.295492       -1.922479
    7       H            :        2.224616       -0.863242       -1.129438
    8       H            :        3.249290        1.270132        1.327340
    9       C            :       -7.008208        1.036598       -0.499283
   10       H            :       -8.038145        2.184062       -1.920648
   11       H            :       -8.026349        1.160881        1.329849
   12       H            :       -6.960891       -0.953705       -1.125844
   13       H            :       -5.076403        5.785773        0.985804
   14       H            :        0.209427        5.837680        0.984277
---------------------------------------------------------------------------
 Center of mass          :       -2.397555        2.117986       -0.175142
===========================================================================


                                                                           
***************************************************************************
***                                                                     ***
***                 Computing Ground State Wavefunction                 ***
***                                                                     ***
***************************************************************************
                                                                           
                                                                           
~~~~~~~~~~~~~~~~~~~~~~~~~~~~~~~~~~~~~~~~~~~~~~~~~~~~~~~~~~~~~~~~~~~~~~~~~~~
 Calculation             : Compute initial orbitals
 Method                  : Project MW molecular orbitals
 Precision               : 1.00000e-06
 Restricted              : True
 MO file                 : initial_guess/phi_p_scf
~~~~~~~~~~~~~~~~~~~~~~~~~~~~~~~~~~~~~~~~~~~~~~~~~~~~~~~~~~~~~~~~~~~~~~~~~~~


===========================================================================
                            Molecular Orbitals
---------------------------------------------------------------------------
 Alpha electrons         :                                              26
 Beta electrons          :                                              26
 Total electrons         :                                              52
---------------------------------------------------------------------------
    n  Occ Spin          :                                            Norm
---------------------------------------------------------------------------
    0    2    p          :                              9.999999999979e-01
    1    2    p          :                              9.999999999986e-01
    2    2    p          :                              9.999999999912e-01
    3    2    p          :                              1.000000000003e+00
    4    2    p          :                              9.999999999980e-01
    5    2    p          :                              9.999999999979e-01
    6    2    p          :                              9.999999999960e-01
    7    2    p          :                              9.999999999986e-01
    8    2    p          :                              9.999999999970e-01
    9    2    p          :                              1.000000000001e+00
   10    2    p          :                              9.999999999979e-01
   11    2    p          :                              9.999999999971e-01
   12    2    p          :                              9.999999999978e-01
   13    2    p          :                              9.999999999978e-01
   14    2    p          :                              9.999999999804e-01
   15    2    p          :                              9.999999999979e-01
   16    2    p          :                              9.999999999979e-01
   17    2    p          :                              9.999999999962e-01
   18    2    p          :                              9.999999999983e-01
   19    2    p          :                              9.999999999959e-01
   20    2    p          :                              9.999999999981e-01
   21    2    p          :                              9.999999999979e-01
   22    2    p          :                              9.999999999979e-01
   23    2    p          :                              9.999999999979e-01
   24    2    p          :                              9.999999999932e-01
   25    2    p          :                              9.999999999961e-01
===========================================================================


~~~~~~~~~~~~~~~~~~~~~~~~~~~~~~~~~~~~~~~~~~~~~~~~~~~~~~~~~~~~~~~~~~~~~~~~~~~
 Calculation             : Compute initial energy
 Method                  : DFT (PBE)
 Relativity              : ZORA (V_nuc + J + V_xc)
 Precision               : 1.00000e-06
 Localization            : On
~~~~~~~~~~~~~~~~~~~~~~~~~~~~~~~~~~~~~~~~~~~~~~~~~~~~~~~~~~~~~~~~~~~~~~~~~~~


===========================================================================
                        Molecular Energy (initial)
---------------------------------------------------------------------------
 Kinetic energy          :            (au)                302.782936654538
 E-N energy              :            (au)              -1295.004741146158
 Coulomb energy          :            (au)                437.399403722775
 Exchange energy         :            (au)                  0.000000000000
 X-C energy              :            (au)                -43.481256805925
 Ext. field (el)         :            (au)                  0.000000000000
---------------------------------------------------------------------------
 N-N energy              :            (au)                293.534619318448
 Ext. field (nuc)        :            (au)                  0.000000000000
 Tot. Reac. Energy       :            (au)                  0.000000000000
 El. Reac. Energy        :            (au)                  0.000000000000
 Nuc. Reac. Energy       :            (au)                  0.000000000000
---------------------------------------------------------------------------
 Electronic energy       :            (au)               -598.303657574770
 Nuclear energy          :            (au)                293.534619318448
---------------------------------------------------------------------------
 Total energy            :            (au)             -3.047690382563e+02
                         :      (kcal/mol)             -1.912454589069e+05
                         :        (kJ/mol)             -8.001710000666e+05
                         :            (eV)             -8.293188015811e+03
===========================================================================


===========================================================================
                        Orbital Energies (initial)
---------------------------------------------------------------------------
    n  Occ Spin          :                                         Epsilon
---------------------------------------------------------------------------
    0    2    p          :            (au)                -14.056409181665
    1    2    p          :            (au)                -14.056408664737
    2    2    p          :            (au)                 -9.931608396295
    3    2    p          :            (au)                 -9.931608051424
    4    2    p          :            (au)                 -9.927474217558
    5    2    p          :            (au)                 -9.926980320363
    6    2    p          :            (au)                 -9.902631027736
    7    2    p          :            (au)                 -0.934523208573
    8    2    p          :            (au)                 -0.836083547063
    9    2    p          :            (au)                 -0.703231900166
   10    2    p          :            (au)                 -0.656228417132
   11    2    p          :            (au)                 -0.618207778880
   12    2    p          :            (au)                 -0.538832798856
   13    2    p          :            (au)                 -0.512843985197
   14    2    p          :            (au)                 -0.471530236996
   15    2    p          :            (au)                 -0.422542856418
   16    2    p          :            (au)                 -0.408982860019
   17    2    p          :            (au)                 -0.395509394051
   18    2    p          :            (au)                 -0.389469802413
   19    2    p          :            (au)                 -0.388078677810
   20    2    p          :            (au)                 -0.345376191908
   21    2    p          :            (au)                 -0.337233063108
   22    2    p          :            (au)                 -0.333554418613
   23    2    p          :            (au)                 -0.240572867491
   24    2    p          :            (au)                 -0.204232381193
   25    2    p          :            (au)                 -0.177519704704
---------------------------------------------------------------------------
 Sum occupied            :            (au)               -173.295347900736
===========================================================================


~~~~~~~~~~~~~~~~~~~~~~~~~~~~~~~~~~~~~~~~~~~~~~~~~~~~~~~~~~~~~~~~~~~~~~~~~~~
 Calculation             : Optimize ground state orbitals
 Method                  : DFT (PBE)
 Relativity              : ZORA (V_nuc + J + V_xc)
 Checkpointing           : Off
 Max iterations          : 500
 KAIN solver             : 6
 Localization            : First two iterations
 Diagonalization         : Off
 Start precision         : 1.00000e-06
 Final precision         : 1.00000e-06
 Helmholtz precision     : Dynamic
 Energy threshold        : Off
 Orbital threshold       : 5.00000e-05
~~~~~~~~~~~~~~~~~~~~~~~~~~~~~~~~~~~~~~~~~~~~~~~~~~~~~~~~~~~~~~~~~~~~~~~~~~~


===========================================================================
 Iter           MO residual             Total energy                Update
---------------------------------------------------------------------------
    0          5.099020e+00        -304.769038256321         -3.047690e+02
    1          1.818632e-03        -304.769709400652         -6.711443e-04
    2          7.286438e-04        -304.769779057461         -6.965681e-05
    3          3.437793e-04        -304.769787310984         -8.253522e-06
    4          3.079681e-04        -304.769788065100         -7.541164e-07
    5          1.837493e-04        -304.769787710797          3.543032e-07
    6          1.373260e-04        -304.769787939846         -2.290495e-07
    7          9.489937e-05        -304.769788310511         -3.706650e-07
    8          3.768671e-05        -304.769788325633         -1.512126e-08
---------------------------------------------------------------------------
                      SCF converged in 8 iterations!
===========================================================================


                                                                           
***************************************************************************
***                                                                     ***
***                    Printing Molecular Properties                    ***
***                                                                     ***
***************************************************************************
                                                                           
                                                                           
===========================================================================
                                 Molecule
---------------------------------------------------------------------------
 Charge                  :                                               0
 Multiplicity            :                                               1
---------------------------------------------------------------------------
    N    Atom            :               x               y               z
---------------------------------------------------------------------------
    0       C            :       -3.713949        4.300002        0.514695
    1       C            :       -1.123858        4.325445        0.513920
    2       N            :       -4.411167        1.878133       -0.243845
    3       N            :       -0.379659        1.917709       -0.244978
    4       C            :       -2.380189        0.332981       -0.736001
    5       C            :        2.233252        1.127203       -0.501605
    6       H            :        3.240189        2.295492       -1.922479
    7       H            :        2.224616       -0.863242       -1.129438
    8       H            :        3.249290        1.270132        1.327340
    9       C            :       -7.008208        1.036598       -0.499283
   10       H            :       -8.038145        2.184062       -1.920648
   11       H            :       -8.026349        1.160881        1.329849
   12       H            :       -6.960891       -0.953705       -1.125844
   13       H            :       -5.076403        5.785773        0.985804
   14       H            :        0.209427        5.837680        0.984277
---------------------------------------------------------------------------
 Center of mass          :       -2.397555        2.117986       -0.175142
===========================================================================


===========================================================================
                         Molecular Energy (final)
---------------------------------------------------------------------------
 Kinetic energy          :            (au)                303.489003657451
 E-N energy              :            (au)              -1295.762192687756
 Coulomb energy          :            (au)                437.479676059373
 Exchange energy         :            (au)                  0.000000000000
 X-C energy              :            (au)                -43.510894673149
 Ext. field (el)         :            (au)                  0.000000000000
---------------------------------------------------------------------------
 N-N energy              :            (au)                293.534619318448
 Ext. field (nuc)        :            (au)                  0.000000000000
 Tot. Reac. Energy       :            (au)                  0.000000000000
 El. Reac. Energy        :            (au)                  0.000000000000
 Nuc. Reac. Energy       :            (au)                  0.000000000000
---------------------------------------------------------------------------
 Electronic energy       :            (au)               -598.304407644081
 Nuclear energy          :            (au)                293.534619318448
---------------------------------------------------------------------------
 Total energy            :            (au)             -3.047697883256e+02
                         :      (kcal/mol)             -1.912459295825e+05
                         :        (kJ/mol)             -8.001729693733e+05
                         :            (eV)             -8.293208426237e+03
===========================================================================


===========================================================================
                         Orbital Energies (final)
---------------------------------------------------------------------------
    n  Occ Spin          :                                         Epsilon
---------------------------------------------------------------------------
    0    2    p          :            (au)                -14.050412757619
    1    2    p          :            (au)                -14.050411925961
    2    2    p          :            (au)                 -9.928222139046
    3    2    p          :            (au)                 -9.928221434884
    4    2    p          :            (au)                 -9.924044616571
    5    2    p          :            (au)                 -9.923550305743
    6    2    p          :            (au)                 -9.899216961347
    7    2    p          :            (au)                 -0.933944693115
    8    2    p          :            (au)                 -0.835491720249
    9    2    p          :            (au)                 -0.702821392371
   10    2    p          :            (au)                 -0.655807466722
   11    2    p          :            (au)                 -0.617846594976
   12    2    p          :            (au)                 -0.538426223128
   13    2    p          :            (au)                 -0.512432742253
   14    2    p          :            (au)                 -0.471202702434
   15    2    p          :            (au)                 -0.422209355961
   16    2    p          :            (au)                 -0.408694638994
   17    2    p          :            (au)                 -0.395270800969
   18    2    p          :            (au)                 -0.389010143362
   19    2    p          :            (au)                 -0.387789113089
   20    2    p          :            (au)                 -0.345128246818
   21    2    p          :            (au)                 -0.336967192514
   22    2    p          :            (au)                 -0.333290531171
   23    2    p          :            (au)                 -0.240101772083
   24    2    p          :            (au)                 -0.203902976869
   25    2    p          :            (au)                 -0.177226593671
---------------------------------------------------------------------------
 Sum occupied            :            (au)               -173.223290083843
===========================================================================


===========================================================================
                           Dipole Moment (dip-1)
---------------------------------------------------------------------------
 r_O                     :        0.000000        0.000000        0.000000
---------------------------------------------------------------------------
 Electronic vector       :      124.662887     -109.109537        9.429049
 Magnitude               :            (au)                      165.935631
                         :         (Debye)                      421.766305
---------------------------------------------------------------------------
 Nuclear vector          :     -124.671763      110.021338       -9.142538
 Magnitude               :            (au)                      166.527263
                         :         (Debye)                      423.270085
---------------------------------------------------------------------------
 Total vector            :       -0.008876        0.911801        0.286511
 Magnitude               :            (au)                        0.955797
                         :         (Debye)                        2.429394
===========================================================================


                                                                           
                                                                           
***************************************************************************
***                                                                     ***
***                            Exiting MRChem                           ***
***                                                                     ***
***                       Wall time :  0h  5m 46s                       ***
***                                                                     ***
***************************************************************************
                                                                           
                                                                           
