Starting job 382916 on b[3146-3148,4277-4280,4293] at Thu Jun 23 11:32:33 CEST 2022

Copying Ni-NHC1_Fragment1_mw6.out to /cluster/home/ambr/projects/zora/reaction_energies/calcs_zora
Copying Ni-NHC1_Fragment1_mw6.json to /cluster/home/ambr/projects/zora/reaction_energies/calcs_zora

Task and CPU usage stats:
JobID           JobName  AllocCPUS   NTasks     MinCPU MinCPUTask     AveCPU    Elapsed ExitCode 
------------ ---------- ---------- -------- ---------- ---------- ---------- ---------- -------- 
382916       Ni-NHC1_F+       1024                                             00:12:15      0:0 
382916.batch      batch        128        1   10:04:43          0   10:04:43   00:12:15      0:0 
382916.exte+     extern       1024        8   00:00:00          5   00:00:00   00:12:15      0:0 
382916.0          orted        896        7   04:12:13          6   07:51:43   00:11:01      0:0 

Memory usage stats:
JobID            MaxRSS MaxRSSTask     AveRSS MaxPages   MaxPagesTask   AvePages 
------------ ---------- ---------- ---------- -------- -------------- ---------- 
382916                                                                           
382916.batch  62010773K          0  62010773K     1087              0          0 
382916.exte+       873K          6     883968        3              5          2 
382916.0      67787265K          1 576910074+      892              0        825 

Disk usage stats:
JobID         MaxDiskRead MaxDiskReadTask    AveDiskRead MaxDiskWrite MaxDiskWriteTask   AveDiskWrite 
------------ ------------ --------------- -------------- ------------ ---------------- -------------- 
382916                                                                                                
382916.batch     6170.16M               0       6170.16M     6245.16M                0       6245.16M 
382916.exte+        0.00M               5          0.00M            0                5              0 
382916.0          759.10M               1        379.41M      815.81M                1        438.38M 

Job 382916 completed at Thu Jun 23 11:44:49 CEST 2022
