                                                                           
                                                                           
***************************************************************************
***                                                                     ***
***                                                                     ***
***          __  __ ____   ____ _                                       ***
***         |  \/  |  _ \ / ___| |__   ___ _ __ ___                     ***
***         | |\/| | |_) | |   | '_ \ / _ \ '_ ` _ \                    ***
***         | |  | |  _ <| |___| | | |  __/ | | | | |                   ***
***         |_|  |_|_| \_\\____|_| |_|\___|_| |_| |_|                   ***
***                                                                     ***
***         VERSION            1.1.0-alpha                              ***
***                                                                     ***
***         Git branch         master                                   ***
***         Git commit hash    f6df85f5f746c23b4022                     ***
***         Git commit author  Stig Rune Jensen                         ***
***         Git commit date    Thu May 19 15:46:21 2022 +0200           ***
***                                                                     ***
***         Contact: luca.frediani@uit.no                               ***
***                                                                     ***
***         Radovan Bast            Magnar Bjorgve                      ***
***         Roberto Di Remigio      Antoine Durdek                      ***
***         Luca Frediani           Gabriel Gerez                       ***
***         Stig Rune Jensen        Jonas Juselius                      ***
***         Rune Monstad            Peter Wind                          ***
***                                                                     ***
***************************************************************************

---------------------------------------------------------------------------

 MPI processes           :       (32 bank)                              96
 OpenMP threads          :                                              15
 Total cores             :                                             992
                                                                           
---------------------------------------------------------------------------

XCFun DFT library Copyright 2009-2020 Ulf Ekstrom and contributors.
See http://dftlibs.org/xcfun/ for more information.

This is free software; see the source code for copying conditions.
There is ABSOLUTELY NO WARRANTY; not even for MERCHANTABILITY or
FITNESS FOR A PARTICULAR PURPOSE. For details see the documentation.
Scientific users of this library should cite
U. Ekstrom, L. Visscher, R. Bast, A. J. Thorvaldsen and K. Ruud;
J.Chem.Theor.Comp. 2010, DOI: 10.1021/ct100117s

---------------------------------------------------------------------------

 MRCPP version         : 1.4.1
 Git branch            : HEAD
 Git commit hash       : 75d41879b1908a94a452
 Git commit author     : Stig Rune Jensen
 Git commit date       : Thu Jan 6 11:38:53 2022 +0100

 Linear algebra        : EIGEN v3.4.0
 Parallelization       : MPI/OpenMP (15 threads)

---------------------------------------------------------------------------


                                                                           
===========================================================================
                         MultiResolution Analysis
---------------------------------------------------------------------------
 polynomial order      : 9
 polynomial type       : Interpolating
---------------------------------------------------------------------------
 total boxes           : 8
 boxes                 : [          2           2           2 ]
 unit lengths          : [   64.00000    64.00000    64.00000 ]
 scaling factor        : [    1.00000     1.00000     1.00000 ]
 lower bounds          : [  -64.00000   -64.00000   -64.00000 ]
 upper bounds          : [   64.00000    64.00000    64.00000 ]
 total length          : [  128.00000   128.00000   128.00000 ]
===========================================================================


                                                                           
***************************************************************************
***                                                                     ***
***                        Initializing Molecule                        ***
***                                                                     ***
***************************************************************************
                                                                           
                                                                           
===========================================================================
                                 Molecule
---------------------------------------------------------------------------
 Charge                  :                                               0
 Multiplicity            :                                               1
---------------------------------------------------------------------------
    N    Atom            :               x               y               z
---------------------------------------------------------------------------
    0      Ni            :       -1.121071        4.555555       -1.015524
    1       C            :        1.790007        4.244013        0.677873
    2       C            :       -1.655204        2.732735       -3.813700
    3       C            :       -3.507783        6.677703        0.097036
    4       O            :       -2.006659        1.547221       -5.616037
    5       O            :        3.671825        4.043808        1.771509
    6       O            :       -5.053014        8.045747        0.816828
---------------------------------------------------------------------------
 Center of mass          :       -1.124654        4.551176       -1.012753
===========================================================================


                                                                           
***************************************************************************
***                                                                     ***
***                 Computing Ground State Wavefunction                 ***
***                                                                     ***
***************************************************************************
                                                                           
                                                                           
~~~~~~~~~~~~~~~~~~~~~~~~~~~~~~~~~~~~~~~~~~~~~~~~~~~~~~~~~~~~~~~~~~~~~~~~~~~
 Calculation             : Compute initial orbitals
 Method                  : Project MW molecular orbitals
 Precision               : 1.00000e-06
 Restricted              : True
 MO file                 : initial_guess/phi_p_scf
~~~~~~~~~~~~~~~~~~~~~~~~~~~~~~~~~~~~~~~~~~~~~~~~~~~~~~~~~~~~~~~~~~~~~~~~~~~


===========================================================================
                            Molecular Orbitals
---------------------------------------------------------------------------
 Alpha electrons         :                                              35
 Beta electrons          :                                              35
 Total electrons         :                                              70
---------------------------------------------------------------------------
    n  Occ Spin          :                                            Norm
---------------------------------------------------------------------------
    0    2    p          :                              1.000000000022e+00
    1    2    p          :                              9.999999999347e-01
    2    2    p          :                              9.999999998681e-01
    3    2    p          :                              9.999999999953e-01
    4    2    p          :                              9.999999999753e-01
    5    2    p          :                              9.999999999979e-01
    6    2    p          :                              9.999999999976e-01
    7    2    p          :                              9.999999999978e-01
    8    2    p          :                              9.999999999979e-01
    9    2    p          :                              9.999999999981e-01
   10    2    p          :                              9.999999999962e-01
   11    2    p          :                              9.999999999974e-01
   12    2    p          :                              9.999999999987e-01
   13    2    p          :                              9.999999999970e-01
   14    2    p          :                              9.999999999980e-01
   15    2    p          :                              9.999999999976e-01
   16    2    p          :                              9.999999999979e-01
   17    2    p          :                              9.999999999981e-01
   18    2    p          :                              9.999999999980e-01
   19    2    p          :                              9.999999999980e-01
   20    2    p          :                              9.999999999979e-01
   21    2    p          :                              9.999999999955e-01
   22    2    p          :                              9.999999999982e-01
   23    2    p          :                              9.999999999977e-01
   24    2    p          :                              1.000000000002e+00
   25    2    p          :                              9.999999999970e-01
   26    2    p          :                              9.999999999979e-01
   27    2    p          :                              9.999999999977e-01
   28    2    p          :                              9.999999999971e-01
   29    2    p          :                              9.999999999976e-01
   30    2    p          :                              9.999999999977e-01
   31    2    p          :                              9.999999999983e-01
   32    2    p          :                              9.999999999977e-01
   33    2    p          :                              9.999999999973e-01
   34    2    p          :                              9.999999999979e-01
===========================================================================


~~~~~~~~~~~~~~~~~~~~~~~~~~~~~~~~~~~~~~~~~~~~~~~~~~~~~~~~~~~~~~~~~~~~~~~~~~~
 Calculation             : Compute initial energy
 Method                  : DFT (PBE)
 Relativity              : ZORA (V_nuc + J + V_xc)
 Precision               : 1.00000e-06
 Localization            : On
~~~~~~~~~~~~~~~~~~~~~~~~~~~~~~~~~~~~~~~~~~~~~~~~~~~~~~~~~~~~~~~~~~~~~~~~~~~


===========================================================================
                        Molecular Energy (initial)
---------------------------------------------------------------------------
 Kinetic energy          :            (au)               1827.160890550063
 E-N energy              :            (au)              -5222.416378545130
 Coulomb energy          :            (au)               1222.301676980472
 Exchange energy         :            (au)                  0.000000000000
 X-C energy              :            (au)               -104.368044930957
 Ext. field (el)         :            (au)                  0.000000000000
---------------------------------------------------------------------------
 N-N energy              :            (au)                410.740235436595
 Ext. field (nuc)        :            (au)                  0.000000000000
 Tot. Reac. Energy       :            (au)                  0.000000000000
 El. Reac. Energy        :            (au)                  0.000000000000
 Nuc. Reac. Energy       :            (au)                  0.000000000000
---------------------------------------------------------------------------
 Electronic energy       :            (au)              -2277.321855945552
 Nuclear energy          :            (au)                410.740235436595
---------------------------------------------------------------------------
 Total energy            :            (au)             -1.866581620509e+03
                         :      (kcal/mol)             -1.171297650981e+06
                         :        (kJ/mol)             -4.900709371706e+06
                         :            (eV)             -5.079227343533e+04
===========================================================================


===========================================================================
                        Orbital Energies (initial)
---------------------------------------------------------------------------
    n  Occ Spin          :                                         Epsilon
---------------------------------------------------------------------------
    0    2    p          :            (au)               -305.050641289016
    1    2    p          :            (au)                -36.135828576819
    2    2    p          :            (au)                -31.177413155877
    3    2    p          :            (au)                -31.177396121492
    4    2    p          :            (au)                -31.166224269199
    5    2    p          :            (au)                -18.883830492232
    6    2    p          :            (au)                -18.883823905756
    7    2    p          :            (au)                -18.883783102089
    8    2    p          :            (au)                -10.021204992424
    9    2    p          :            (au)                -10.021189790714
   10    2    p          :            (au)                -10.021155840970
   11    2    p          :            (au)                 -3.986396874002
   12    2    p          :            (au)                 -2.549671910980
   13    2    p          :            (au)                 -2.549646748744
   14    2    p          :            (au)                 -2.527335608981
   15    2    p          :            (au)                 -1.055985200984
   16    2    p          :            (au)                 -1.055849188466
   17    2    p          :            (au)                 -1.055820467688
   18    2    p          :            (au)                 -0.539023604203
   19    2    p          :            (au)                 -0.520929779988
   20    2    p          :            (au)                 -0.520906350090
   21    2    p          :            (au)                 -0.445392677269
   22    2    p          :            (au)                 -0.425470394171
   23    2    p          :            (au)                 -0.425450531262
   24    2    p          :            (au)                 -0.424826539982
   25    2    p          :            (au)                 -0.424634263967
   26    2    p          :            (au)                 -0.424603123152
   27    2    p          :            (au)                 -0.418071862527
   28    2    p          :            (au)                 -0.411049597307
   29    2    p          :            (au)                 -0.411019332295
   30    2    p          :            (au)                 -0.258114401266
   31    2    p          :            (au)                 -0.258093560686
   32    2    p          :            (au)                 -0.243281727371
   33    2    p          :            (au)                 -0.243193651727
   34    2    p          :            (au)                 -0.234576800027
---------------------------------------------------------------------------
 Sum occupied            :            (au)              -1085.663671467447
===========================================================================


~~~~~~~~~~~~~~~~~~~~~~~~~~~~~~~~~~~~~~~~~~~~~~~~~~~~~~~~~~~~~~~~~~~~~~~~~~~
 Calculation             : Optimize ground state orbitals
 Method                  : DFT (PBE)
 Relativity              : ZORA (V_nuc + J + V_xc)
 Checkpointing           : Off
 Max iterations          : 500
 KAIN solver             : 6
 Localization            : First two iterations
 Diagonalization         : Off
 Start precision         : 1.00000e-06
 Final precision         : 1.00000e-06
 Helmholtz precision     : Dynamic
 Energy threshold        : Off
 Orbital threshold       : 5.00000e-05
~~~~~~~~~~~~~~~~~~~~~~~~~~~~~~~~~~~~~~~~~~~~~~~~~~~~~~~~~~~~~~~~~~~~~~~~~~~


===========================================================================
 Iter           MO residual             Total energy                Update
---------------------------------------------------------------------------
    0          5.916080e+00       -1866.581620508957         -1.866582e+03
    1          1.998263e-02       -1867.480722669905         -8.991022e-01
    2          1.247072e-02       -1867.590839227277         -1.101166e-01
    3          9.708320e-03       -1867.619942289787         -2.910306e-02
    4          6.631183e-03       -1867.624179677572         -4.237388e-03
    5          6.526436e-03       -1867.625455028097         -1.275351e-03
    6          3.154028e-03       -1867.624804079328          6.509488e-04
    7          1.494136e-03       -1867.625306104946         -5.020256e-04
    8          1.677992e-03       -1867.625529376452         -2.232715e-04
    9          8.972463e-04       -1867.625820780987         -2.914045e-04
   10          9.600380e-04       -1867.625912466518         -9.168553e-05
   11          9.022622e-04       -1867.625842452670          7.001385e-05
   12          5.884813e-04       -1867.625660792953          1.816597e-04
   13          3.775937e-04       -1867.625866753708         -2.059608e-04
   14          2.984787e-04       -1867.625821964648          4.478906e-05
   15          2.005793e-04       -1867.625839955802         -1.799115e-05
   16          1.909526e-04       -1867.625825982929          1.397287e-05
   17          1.556539e-04       -1867.625840330260         -1.434733e-05
   18          1.358522e-04       -1867.625848458064         -8.127804e-06
   19          9.502040e-05       -1867.625855950513         -7.492449e-06
---------------------------------------------------------------------------
                      SCF converged in 19 iterations!
===========================================================================


                                                                           
***************************************************************************
***                                                                     ***
***                    Printing Molecular Properties                    ***
***                                                                     ***
***************************************************************************
                                                                           
                                                                           
===========================================================================
                                 Molecule
---------------------------------------------------------------------------
 Charge                  :                                               0
 Multiplicity            :                                               1
---------------------------------------------------------------------------
    N    Atom            :               x               y               z
---------------------------------------------------------------------------
    0      Ni            :       -1.121071        4.555555       -1.015524
    1       C            :        1.790007        4.244013        0.677873
    2       C            :       -1.655204        2.732735       -3.813700
    3       C            :       -3.507783        6.677703        0.097036
    4       O            :       -2.006659        1.547221       -5.616037
    5       O            :        3.671825        4.043808        1.771509
    6       O            :       -5.053014        8.045747        0.816828
---------------------------------------------------------------------------
 Center of mass          :       -1.124654        4.551176       -1.012753
===========================================================================


===========================================================================
                         Molecular Energy (final)
---------------------------------------------------------------------------
 Kinetic energy          :            (au)               1887.993328159160
 E-N energy              :            (au)              -5287.321314286966
 Coulomb energy          :            (au)               1226.055138405928
 Exchange energy         :            (au)                  0.000000000000
 X-C energy              :            (au)               -105.093243665230
 Ext. field (el)         :            (au)                  0.000000000000
---------------------------------------------------------------------------
 N-N energy              :            (au)                410.740235436595
 Ext. field (nuc)        :            (au)                  0.000000000000
 Tot. Reac. Energy       :            (au)                  0.000000000000
 El. Reac. Energy        :            (au)                  0.000000000000
 Nuc. Reac. Energy       :            (au)                  0.000000000000
---------------------------------------------------------------------------
 Electronic energy       :            (au)              -2278.366091387108
 Nuclear energy          :            (au)                410.740235436595
---------------------------------------------------------------------------
 Total energy            :            (au)             -1.867625855951e+03
                         :      (kcal/mol)             -1.171952918614e+06
                         :        (kJ/mol)             -4.903451011481e+06
                         :            (eV)             -5.082068852926e+04
===========================================================================


===========================================================================
                         Orbital Energies (final)
---------------------------------------------------------------------------
    n  Occ Spin          :                                         Epsilon
---------------------------------------------------------------------------
    0    2    p          :            (au)               -304.637515538253
    1    2    p          :            (au)                -36.028441023556
    2    2    p          :            (au)                -30.979780178064
    3    2    p          :            (au)                -30.979768893961
    4    2    p          :            (au)                -30.968670779286
    5    2    p          :            (au)                -18.874293852351
    6    2    p          :            (au)                -18.874290358823
    7    2    p          :            (au)                -18.874277965396
    8    2    p          :            (au)                -10.018416599612
    9    2    p          :            (au)                -10.018409376825
   10    2    p          :            (au)                -10.018400382369
   11    2    p          :            (au)                 -3.978734333352
   12    2    p          :            (au)                 -2.530680079435
   13    2    p          :            (au)                 -2.530656599323
   14    2    p          :            (au)                 -2.507970218907
   15    2    p          :            (au)                 -1.055152073456
   16    2    p          :            (au)                 -1.055007511610
   17    2    p          :            (au)                 -1.054998188334
   18    2    p          :            (au)                 -0.538686458173
   19    2    p          :            (au)                 -0.520135020819
   20    2    p          :            (au)                 -0.520127973648
   21    2    p          :            (au)                 -0.444982622292
   22    2    p          :            (au)                 -0.424676112890
   23    2    p          :            (au)                 -0.424665174466
   24    2    p          :            (au)                 -0.424192268223
   25    2    p          :            (au)                 -0.423930208798
   26    2    p          :            (au)                 -0.423916799321
   27    2    p          :            (au)                 -0.417396411195
   28    2    p          :            (au)                 -0.409712054583
   29    2    p          :            (au)                 -0.409685562332
   30    2    p          :            (au)                 -0.250959796641
   31    2    p          :            (au)                 -0.250929293813
   32    2    p          :            (au)                 -0.238202371671
   33    2    p          :            (au)                 -0.238116220201
   34    2    p          :            (au)                 -0.227006668056
---------------------------------------------------------------------------
 Sum occupied            :            (au)              -1083.145569940069
===========================================================================


===========================================================================
                           Dipole Moment (dip-1)
---------------------------------------------------------------------------
 r_O                     :        0.000000        0.000000        0.000000
---------------------------------------------------------------------------
 Electronic vector       :       78.732341     -318.573808       70.887315
 Magnitude               :            (au)                      335.727663
                         :         (Debye)                      853.334605
---------------------------------------------------------------------------
 Nuclear vector          :      -78.730639      318.576455      -70.889013
 Magnitude               :            (au)                      335.730135
                         :         (Debye)                      853.340886
---------------------------------------------------------------------------
 Total vector            :        0.001702        0.002647       -0.001698
 Magnitude               :            (au)                        0.003576
                         :         (Debye)                        0.009090
===========================================================================


                                                                           
                                                                           
***************************************************************************
***                                                                     ***
***                            Exiting MRChem                           ***
***                                                                     ***
***                       Wall time :  0h 10m 58s                       ***
***                                                                     ***
***************************************************************************
                                                                           
                                                                           
