                                                                           
                                                                           
***************************************************************************
***                                                                     ***
***                                                                     ***
***          __  __ ____   ____ _                                       ***
***         |  \/  |  _ \ / ___| |__   ___ _ __ ___                     ***
***         | |\/| | |_) | |   | '_ \ / _ \ '_ ` _ \                    ***
***         | |  | |  _ <| |___| | | |  __/ | | | | |                   ***
***         |_|  |_|_| \_\\____|_| |_|\___|_| |_| |_|                   ***
***                                                                     ***
***         VERSION            1.1.0-alpha                              ***
***                                                                     ***
***         Git branch         master                                   ***
***         Git commit hash    f6df85f5f746c23b4022                     ***
***         Git commit author  Stig Rune Jensen                         ***
***         Git commit date    Thu May 19 15:46:21 2022 +0200           ***
***                                                                     ***
***         Contact: luca.frediani@uit.no                               ***
***                                                                     ***
***         Radovan Bast            Magnar Bjorgve                      ***
***         Roberto Di Remigio      Antoine Durdek                      ***
***         Luca Frediani           Gabriel Gerez                       ***
***         Stig Rune Jensen        Jonas Juselius                      ***
***         Rune Monstad            Peter Wind                          ***
***                                                                     ***
***************************************************************************

---------------------------------------------------------------------------

 MPI processes           :       (32 bank)                              96
 OpenMP threads          :                                              15
 Total cores             :                                             992
                                                                           
---------------------------------------------------------------------------

XCFun DFT library Copyright 2009-2020 Ulf Ekstrom and contributors.
See http://dftlibs.org/xcfun/ for more information.

This is free software; see the source code for copying conditions.
There is ABSOLUTELY NO WARRANTY; not even for MERCHANTABILITY or
FITNESS FOR A PARTICULAR PURPOSE. For details see the documentation.
Scientific users of this library should cite
U. Ekstrom, L. Visscher, R. Bast, A. J. Thorvaldsen and K. Ruud;
J.Chem.Theor.Comp. 2010, DOI: 10.1021/ct100117s

---------------------------------------------------------------------------

 MRCPP version         : 1.4.1
 Git branch            : HEAD
 Git commit hash       : 75d41879b1908a94a452
 Git commit author     : Stig Rune Jensen
 Git commit date       : Thu Jan 6 11:38:53 2022 +0100

 Linear algebra        : EIGEN v3.4.0
 Parallelization       : MPI/OpenMP (15 threads)

---------------------------------------------------------------------------


                                                                           
===========================================================================
                         MultiResolution Analysis
---------------------------------------------------------------------------
 polynomial order      : 9
 polynomial type       : Interpolating
---------------------------------------------------------------------------
 total boxes           : 8
 boxes                 : [          2           2           2 ]
 unit lengths          : [   64.00000    64.00000    64.00000 ]
 scaling factor        : [    1.00000     1.00000     1.00000 ]
 lower bounds          : [  -64.00000   -64.00000   -64.00000 ]
 upper bounds          : [   64.00000    64.00000    64.00000 ]
 total length          : [  128.00000   128.00000   128.00000 ]
===========================================================================


                                                                           
***************************************************************************
***                                                                     ***
***                        Initializing Molecule                        ***
***                                                                     ***
***************************************************************************
                                                                           
                                                                           
===========================================================================
                                 Molecule
---------------------------------------------------------------------------
 Charge                  :                                               0
 Multiplicity            :                                               1
---------------------------------------------------------------------------
    N    Atom            :               x               y               z
---------------------------------------------------------------------------
    0      Ni            :        0.119487        4.749333       -1.413402
    1       C            :        1.516496        3.116650        1.200755
    2       C            :       -1.168531        2.632574       -3.717785
    3       C            :       -2.145047        7.043300       -0.387112
    4       O            :       -2.187889        1.175805       -5.004240
    5       O            :        2.151026        1.957573        2.951102
    6       O            :       -3.766818        8.303869        0.382208
    7       C            :        4.739979        8.994605       -6.694954
    8       C            :        2.324049        8.535517       -5.194700
    9       O            :        3.028280        6.702335       -3.303700
   10       C            :        5.263122        5.330010       -4.098264
   11       C            :        5.898287        6.332083       -6.737465
   12       H            :        5.990802       10.335080       -5.676284
   13       H            :        4.373021        9.769449       -8.603526
   14       H            :        0.792780        7.741331       -6.402933
   15       H            :        1.575863       10.219078       -4.199699
   16       H            :        4.834936        3.279024       -4.061658
   17       H            :        6.783079        5.718273       -2.701167
   18       H            :        4.962831        5.164506       -8.206663
   19       H            :        7.953870        6.322175       -7.126297
---------------------------------------------------------------------------
 Center of mass          :        1.068253        5.270508       -2.409978
===========================================================================


                                                                           
***************************************************************************
***                                                                     ***
***                 Computing Ground State Wavefunction                 ***
***                                                                     ***
***************************************************************************
                                                                           
                                                                           
~~~~~~~~~~~~~~~~~~~~~~~~~~~~~~~~~~~~~~~~~~~~~~~~~~~~~~~~~~~~~~~~~~~~~~~~~~~
 Calculation             : Compute initial orbitals
 Method                  : Project MW molecular orbitals
 Precision               : 1.00000e-06
 Restricted              : True
 MO file                 : initial_guess/phi_p_scf
~~~~~~~~~~~~~~~~~~~~~~~~~~~~~~~~~~~~~~~~~~~~~~~~~~~~~~~~~~~~~~~~~~~~~~~~~~~


===========================================================================
                            Molecular Orbitals
---------------------------------------------------------------------------
 Alpha electrons         :                                              55
 Beta electrons          :                                              55
 Total electrons         :                                             110
---------------------------------------------------------------------------
    n  Occ Spin          :                                            Norm
---------------------------------------------------------------------------
    0    2    p          :                              9.999999999977e-01
    1    2    p          :                              9.999999999933e-01
    2    2    p          :                              9.999999999972e-01
    3    2    p          :                              9.999999999980e-01
    4    2    p          :                              9.999999999965e-01
    5    2    p          :                              9.999999999978e-01
    6    2    p          :                              1.000000000000e+00
    7    2    p          :                              9.999999999978e-01
    8    2    p          :                              9.999999999976e-01
    9    2    p          :                              9.999999999981e-01
   10    2    p          :                              9.999999999978e-01
   11    2    p          :                              9.999999999913e-01
   12    2    p          :                              9.999999999891e-01
   13    2    p          :                              9.999999999978e-01
   14    2    p          :                              9.999999999971e-01
   15    2    p          :                              1.000000000000e+00
   16    2    p          :                              9.999999999991e-01
   17    2    p          :                              9.999999999927e-01
   18    2    p          :                              9.999999999979e-01
   19    2    p          :                              9.999999999952e-01
   20    2    p          :                              9.999999999979e-01
   21    2    p          :                              9.999999999997e-01
   22    2    p          :                              9.999999999978e-01
   23    2    p          :                              9.999999999965e-01
   24    2    p          :                              9.999999999984e-01
   25    2    p          :                              9.999999999790e-01
   26    2    p          :                              9.999999999941e-01
   27    2    p          :                              9.999999999979e-01
   28    2    p          :                              9.999999999979e-01
   29    2    p          :                              9.999999999979e-01
   30    2    p          :                              9.999999999979e-01
   31    2    p          :                              9.999999999965e-01
   32    2    p          :                              9.999999999948e-01
   33    2    p          :                              9.999999999979e-01
   34    2    p          :                              9.999999999967e-01
   35    2    p          :                              9.999999999975e-01
   36    2    p          :                              9.999999999931e-01
   37    2    p          :                              9.999999999980e-01
   38    2    p          :                              9.999999999988e-01
   39    2    p          :                              9.999999999979e-01
   40    2    p          :                              9.999999999975e-01
   41    2    p          :                              9.999999999979e-01
   42    2    p          :                              9.999999999964e-01
   43    2    p          :                              9.999999999978e-01
   44    2    p          :                              9.999999999979e-01
   45    2    p          :                              9.999999999929e-01
   46    2    p          :                              9.999999999979e-01
   47    2    p          :                              9.999999999979e-01
   48    2    p          :                              9.999999999895e-01
   49    2    p          :                              9.999999999980e-01
   50    2    p          :                              9.999999999990e-01
   51    2    p          :                              9.999999999934e-01
   52    2    p          :                              9.999999999975e-01
   53    2    p          :                              9.999999999976e-01
   54    2    p          :                              9.999999999967e-01
===========================================================================


~~~~~~~~~~~~~~~~~~~~~~~~~~~~~~~~~~~~~~~~~~~~~~~~~~~~~~~~~~~~~~~~~~~~~~~~~~~
 Calculation             : Compute initial energy
 Method                  : DFT (PBE)
 Relativity              : ZORA (V_nuc + J + V_xc)
 Precision               : 1.00000e-06
 Localization            : On
~~~~~~~~~~~~~~~~~~~~~~~~~~~~~~~~~~~~~~~~~~~~~~~~~~~~~~~~~~~~~~~~~~~~~~~~~~~


===========================================================================
                        Molecular Energy (initial)
---------------------------------------------------------------------------
 Kinetic energy          :            (au)               2058.109685177732
 E-N energy              :            (au)              -6910.430428268853
 Coulomb energy          :            (au)               1906.915819639758
 Exchange energy         :            (au)                  0.000000000000
 X-C energy              :            (au)               -137.362545620764
 Ext. field (el)         :            (au)                  0.000000000000
---------------------------------------------------------------------------
 N-N energy              :            (au)                983.729703836193
 Ext. field (nuc)        :            (au)                  0.000000000000
 Tot. Reac. Energy       :            (au)                  0.000000000000
 El. Reac. Energy        :            (au)                  0.000000000000
 Nuc. Reac. Energy       :            (au)                  0.000000000000
---------------------------------------------------------------------------
 Electronic energy       :            (au)              -3082.767469072126
 Nuclear energy          :            (au)                983.729703836193
---------------------------------------------------------------------------
 Total energy            :            (au)             -2.099037765236e+03
                         :      (kcal/mol)             -1.317166084102e+06
                         :        (kJ/mol)             -5.511022895881e+06
                         :            (eV)             -5.711772737475e+04
===========================================================================


===========================================================================
                        Orbital Energies (initial)
---------------------------------------------------------------------------
    n  Occ Spin          :                                         Epsilon
---------------------------------------------------------------------------
    0    2    p          :            (au)               -305.033643682277
    1    2    p          :            (au)                -36.121174656671
    2    2    p          :            (au)                -31.161066581468
    3    2    p          :            (au)                -31.161013789551
    4    2    p          :            (au)                -31.154193852603
    5    2    p          :            (au)                -18.855695195142
    6    2    p          :            (au)                -18.854436200963
    7    2    p          :            (au)                -18.854297531133
    8    2    p          :            (au)                -18.839432154262
    9    2    p          :            (au)                 -9.996121844583
   10    2    p          :            (au)                 -9.995039486954
   11    2    p          :            (au)                 -9.994848369084
   12    2    p          :            (au)                 -9.969284398483
   13    2    p          :            (au)                 -9.969170080229
   14    2    p          :            (au)                 -9.927721775139
   15    2    p          :            (au)                 -9.927317690323
   16    2    p          :            (au)                 -3.971529269856
   17    2    p          :            (au)                 -2.531657071004
   18    2    p          :            (au)                 -2.531551044682
   19    2    p          :            (au)                 -2.517981222801
   20    2    p          :            (au)                 -1.027959064018
   21    2    p          :            (au)                 -1.026924637116
   22    2    p          :            (au)                 -1.026721478255
   23    2    p          :            (au)                 -0.987119683343
   24    2    p          :            (au)                 -0.740936734385
   25    2    p          :            (au)                 -0.697696123465
   26    2    p          :            (au)                 -0.564088896628
   27    2    p          :            (au)                 -0.558056331587
   28    2    p          :            (au)                 -0.516576274521
   29    2    p          :            (au)                 -0.496561090991
   30    2    p          :            (au)                 -0.495278872144
   31    2    p          :            (au)                 -0.479447241159
   32    2    p          :            (au)                 -0.477806822856
   33    2    p          :            (au)                 -0.421442717578
   34    2    p          :            (au)                 -0.417190279267
   35    2    p          :            (au)                 -0.404229627872
   36    2    p          :            (au)                 -0.400861600092
   37    2    p          :            (au)                 -0.400501965533
   38    2    p          :            (au)                 -0.399113383451
   39    2    p          :            (au)                 -0.395845076439
   40    2    p          :            (au)                 -0.395208855803
   41    2    p          :            (au)                 -0.391158664319
   42    2    p          :            (au)                 -0.388109297744
   43    2    p          :            (au)                 -0.386205180340
   44    2    p          :            (au)                 -0.382900973567
   45    2    p          :            (au)                 -0.351249301786
   46    2    p          :            (au)                 -0.338511375396
   47    2    p          :            (au)                 -0.330087508086
   48    2    p          :            (au)                 -0.315894935831
   49    2    p          :            (au)                 -0.261918734456
   50    2    p          :            (au)                 -0.246975039850
   51    2    p          :            (au)                 -0.242660943165
   52    2    p          :            (au)                 -0.212208003950
   53    2    p          :            (au)                 -0.208645554568
   54    2    p          :            (au)                 -0.204280590155
---------------------------------------------------------------------------
 Sum occupied            :            (au)              -1215.915097513860
===========================================================================


~~~~~~~~~~~~~~~~~~~~~~~~~~~~~~~~~~~~~~~~~~~~~~~~~~~~~~~~~~~~~~~~~~~~~~~~~~~
 Calculation             : Optimize ground state orbitals
 Method                  : DFT (PBE)
 Relativity              : ZORA (V_nuc + J + V_xc)
 Checkpointing           : Off
 Max iterations          : 500
 KAIN solver             : 6
 Localization            : First two iterations
 Diagonalization         : Off
 Start precision         : 1.00000e-06
 Final precision         : 1.00000e-06
 Helmholtz precision     : Dynamic
 Energy threshold        : Off
 Orbital threshold       : 5.00000e-05
~~~~~~~~~~~~~~~~~~~~~~~~~~~~~~~~~~~~~~~~~~~~~~~~~~~~~~~~~~~~~~~~~~~~~~~~~~~


===========================================================================
 Iter           MO residual             Total energy                Update
---------------------------------------------------------------------------
    0          7.416198e+00       -2099.037765235933         -2.099038e+03
    1          2.017915e-02       -2099.937032492048         -8.992673e-01
    2          1.260255e-02       -2100.045396482598         -1.083640e-01
    3          1.016080e-02       -2100.076069179309         -3.067270e-02
    4          6.807639e-03       -2100.080940100335         -4.870921e-03
    5          6.352196e-03       -2100.081864237379         -9.241370e-04
    6          3.315074e-03       -2100.081719203278          1.450341e-04
    7          1.284153e-03       -2100.082095192130         -3.759889e-04
    8          1.466086e-03       -2100.082448834131         -3.536420e-04
    9          8.072071e-04       -2100.082571640798         -1.228067e-04
   10          9.380466e-04       -2100.082755903180         -1.842624e-04
   11          7.049424e-04       -2100.082707112578          4.879060e-05
   12          6.929213e-04       -2100.082589022811          1.180898e-04
   13          3.988182e-04       -2100.082743278094         -1.542553e-04
   14          4.183145e-04       -2100.082684959651          5.831844e-05
   15          2.507902e-04       -2100.082704008362         -1.904871e-05
   16          2.371693e-04       -2100.082668545438          3.546292e-05
   17          2.198527e-04       -2100.082707672052         -3.912661e-05
   18          2.028665e-04       -2100.082706458112          1.213940e-06
   19          1.674777e-04       -2100.082720170354         -1.371224e-05
   20          1.132820e-04       -2100.082718273045          1.897309e-06
---------------------------------------------------------------------------
                      SCF converged in 20 iterations!
===========================================================================


                                                                           
***************************************************************************
***                                                                     ***
***                    Printing Molecular Properties                    ***
***                                                                     ***
***************************************************************************
                                                                           
                                                                           
===========================================================================
                                 Molecule
---------------------------------------------------------------------------
 Charge                  :                                               0
 Multiplicity            :                                               1
---------------------------------------------------------------------------
    N    Atom            :               x               y               z
---------------------------------------------------------------------------
    0      Ni            :        0.119487        4.749333       -1.413402
    1       C            :        1.516496        3.116650        1.200755
    2       C            :       -1.168531        2.632574       -3.717785
    3       C            :       -2.145047        7.043300       -0.387112
    4       O            :       -2.187889        1.175805       -5.004240
    5       O            :        2.151026        1.957573        2.951102
    6       O            :       -3.766818        8.303869        0.382208
    7       C            :        4.739979        8.994605       -6.694954
    8       C            :        2.324049        8.535517       -5.194700
    9       O            :        3.028280        6.702335       -3.303700
   10       C            :        5.263122        5.330010       -4.098264
   11       C            :        5.898287        6.332083       -6.737465
   12       H            :        5.990802       10.335080       -5.676284
   13       H            :        4.373021        9.769449       -8.603526
   14       H            :        0.792780        7.741331       -6.402933
   15       H            :        1.575863       10.219078       -4.199699
   16       H            :        4.834936        3.279024       -4.061658
   17       H            :        6.783079        5.718273       -2.701167
   18       H            :        4.962831        5.164506       -8.206663
   19       H            :        7.953870        6.322175       -7.126297
---------------------------------------------------------------------------
 Center of mass          :        1.068253        5.270508       -2.409978
===========================================================================


===========================================================================
                         Molecular Energy (final)
---------------------------------------------------------------------------
 Kinetic energy          :            (au)               2119.555091229679
 E-N energy              :            (au)              -6975.988450626455
 Coulomb energy          :            (au)               1910.732465694058
 Exchange energy         :            (au)                  0.000000000000
 X-C energy              :            (au)               -138.111528406520
 Ext. field (el)         :            (au)                  0.000000000000
---------------------------------------------------------------------------
 N-N energy              :            (au)                983.729703836193
 Ext. field (nuc)        :            (au)                  0.000000000000
 Tot. Reac. Energy       :            (au)                  0.000000000000
 El. Reac. Energy        :            (au)                  0.000000000000
 Nuc. Reac. Energy       :            (au)                  0.000000000000
---------------------------------------------------------------------------
 Electronic energy       :            (au)              -3083.812422109238
 Nuclear energy          :            (au)                983.729703836193
---------------------------------------------------------------------------
 Total energy            :            (au)             -2.100082718273e+03
                         :      (kcal/mol)             -1.317821802032e+06
                         :        (kJ/mol)             -5.513766419704e+06
                         :            (eV)             -5.714616199545e+04
===========================================================================


===========================================================================
                         Orbital Energies (final)
---------------------------------------------------------------------------
    n  Occ Spin          :                                         Epsilon
---------------------------------------------------------------------------
    0    2    p          :            (au)               -304.620541726762
    1    2    p          :            (au)                -36.013831659526
    2    2    p          :            (au)                -30.963501961398
    3    2    p          :            (au)                -30.963438309563
    4    2    p          :            (au)                -30.956669770244
    5    2    p          :            (au)                -18.845796039220
    6    2    p          :            (au)                -18.844555639031
    7    2    p          :            (au)                -18.844405619226
    8    2    p          :            (au)                -18.830859213896
    9    2    p          :            (au)                 -9.992994764273
   10    2    p          :            (au)                 -9.991943310352
   11    2    p          :            (au)                 -9.991745011642
   12    2    p          :            (au)                 -9.966121557929
   13    2    p          :            (au)                 -9.966004884326
   14    2    p          :            (au)                 -9.924552528087
   15    2    p          :            (au)                 -9.924159553257
   16    2    p          :            (au)                 -3.963945762115
   17    2    p          :            (au)                 -2.512620248872
   18    2    p          :            (au)                 -2.512501879124
   19    2    p          :            (au)                 -2.498893653006
   20    2    p          :            (au)                 -1.026790838854
   21    2    p          :            (au)                 -1.025771110770
   22    2    p          :            (au)                 -1.025561777488
   23    2    p          :            (au)                 -0.986831408936
   24    2    p          :            (au)                 -0.740848066800
   25    2    p          :            (au)                 -0.697614046439
   26    2    p          :            (au)                 -0.564028234113
   27    2    p          :            (au)                 -0.558009961166
   28    2    p          :            (au)                 -0.516059253343
   29    2    p          :            (au)                 -0.495488083041
   30    2    p          :            (au)                 -0.494194152011
   31    2    p          :            (au)                 -0.479365790304
   32    2    p          :            (au)                 -0.477760362961
   33    2    p          :            (au)                 -0.421202109186
   34    2    p          :            (au)                 -0.416712420886
   35    2    p          :            (au)                 -0.404081359011
   36    2    p          :            (au)                 -0.399873199692
   37    2    p          :            (au)                 -0.399615922208
   38    2    p          :            (au)                 -0.398191905781
   39    2    p          :            (au)                 -0.394843806254
   40    2    p          :            (au)                 -0.394180538975
   41    2    p          :            (au)                 -0.390188054657
   42    2    p          :            (au)                 -0.386974999515
   43    2    p          :            (au)                 -0.384439027044
   44    2    p          :            (au)                 -0.382159898277
   45    2    p          :            (au)                 -0.350918507573
   46    2    p          :            (au)                 -0.338466449052
   47    2    p          :            (au)                 -0.329885402610
   48    2    p          :            (au)                 -0.315938131753
   49    2    p          :            (au)                 -0.260098146537
   50    2    p          :            (au)                 -0.240177344105
   51    2    p          :            (au)                 -0.236971667774
   52    2    p          :            (au)                 -0.206036050211
   53    2    p          :            (au)                 -0.203056302843
   54    2    p          :            (au)                 -0.198846477792
---------------------------------------------------------------------------
 Sum occupied            :            (au)              -1213.340527799618
===========================================================================


===========================================================================
                           Dipole Moment (dip-1)
---------------------------------------------------------------------------
 r_O                     :        0.000000        0.000000        0.000000
---------------------------------------------------------------------------
 Electronic vector       :     -131.535805     -587.710918      278.792042
 Magnitude               :            (au)                      663.649601
                         :         (Debye)                     1686.829034
---------------------------------------------------------------------------
 Nuclear vector          :      132.979759      588.555336     -280.127674
 Magnitude               :            (au)                      665.246205
                         :         (Debye)                     1690.887195
---------------------------------------------------------------------------
 Total vector            :        1.443954        0.844418       -1.335632
 Magnitude               :            (au)                        2.140551
                         :         (Debye)                        5.440738
===========================================================================


                                                                           
                                                                           
***************************************************************************
***                                                                     ***
***                            Exiting MRChem                           ***
***                                                                     ***
***                       Wall time :  0h 17m 43s                       ***
***                                                                     ***
***************************************************************************
                                                                           
                                                                           
