Starting job 382918 on b[3101-3108] at Thu Jun 23 11:36:33 CEST 2022

Copying Ni-THF_Complex_mw6.out to /cluster/home/ambr/projects/zora/reaction_energies/calcs_zora
Copying Ni-THF_Complex_mw6.json to /cluster/home/ambr/projects/zora/reaction_energies/calcs_zora

Task and CPU usage stats:
JobID           JobName  AllocCPUS   NTasks     MinCPU MinCPUTask     AveCPU    Elapsed ExitCode 
------------ ---------- ---------- -------- ---------- ---------- ---------- ---------- -------- 
382918       Ni-THF_Co+       1024                                             00:19:36      0:0 
382918.batch      batch        128        1   13:47:11          0   13:47:11   00:19:36      0:0 
382918.exte+     extern       1024        8   00:00:00          6   00:00:00   00:19:37      0:0 
382918.0          orted        896        7   07:18:26          6   15:33:06   00:17:48      0:0 

Memory usage stats:
JobID            MaxRSS MaxRSSTask     AveRSS MaxPages   MaxPagesTask   AvePages 
------------ ---------- ---------- ---------- -------- -------------- ---------- 
382918                                                                           
382918.batch 100461860K          0 100461860K     1061              0          0 
382918.exte+       860K          6     874112        1              6          1 
382918.0     110199078K          2 106518967+      872              1        819 

Disk usage stats:
JobID         MaxDiskRead MaxDiskReadTask    AveDiskRead MaxDiskWrite MaxDiskWriteTask   AveDiskWrite 
------------ ------------ --------------- -------------- ------------ ---------------- -------------- 
382918                                                                                                
382918.batch    11620.81M               0      11620.81M    11680.03M                0      11680.03M 
382918.exte+        0.00M               6          0.00M            0                6              0 
382918.0         1061.05M               2        799.56M     1117.82M                2        849.97M 

Job 382918 completed at Thu Jun 23 11:56:11 CEST 2022
