Starting job 181626 on b[3149-3152] at Fri May 7 11:47:23 CEST 2021

Copying Ar_137.035989.out to /cluster/home/ambr/projects/zora/mini-benchmark-gto-mw/noble-ions/calcs
Copying Ar_137.035989.json to /cluster/home/ambr/projects/zora/mini-benchmark-gto-mw/noble-ions/calcs

Task and CPU usage stats:
       JobID    JobName  AllocCPUS   NTasks     MinCPU MinCPUTask     AveCPU    Elapsed ExitCode 
------------ ---------- ---------- -------- ---------- ---------- ---------- ---------- -------- 
181626       Ar_137.03+        512                                             00:05:29      1:0 
181626.batch      batch        128        1   01:36:13          0   01:36:13   00:05:29      1:0 
181626.exte+     extern        512        4   00:00:00          1   00:00:00   00:05:29      0:0 
181626.0          orted         48        3   00:38:25          2   00:43:58   00:05:16      0:0 

Memory usage stats:
       JobID     MaxRSS MaxRSSTask     AveRSS MaxPages   MaxPagesTask   AvePages 
------------ ---------- ---------- ---------- -------- -------------- ---------- 
181626                                                                           
181626.batch  22409120K          0  22409120K       72              0         72 
181626.exte+       802K          1     817408        3              1          2 
181626.0      16996718K          0  11113299K       54              0         48 

Disk usage stats:
       JobID  MaxDiskRead MaxDiskReadTask    AveDiskRead MaxDiskWrite MaxDiskWriteTask   AveDiskWrite 
------------ ------------ --------------- -------------- ------------ ---------------- -------------- 
181626                                                                                                
181626.batch      256.16M               0        256.16M      125.60M                0        125.60M 
181626.exte+        0.00M               1          0.00M            0                1              0 
181626.0           28.75M               0         28.58M       25.41M                1         19.98M 

Job 181626 completed at Fri May 7 11:52:53 CEST 2021
