                                                                           
                                                                           
***************************************************************************
***                                                                     ***
***                                                                     ***
***          __  __ ____   ____ _                                       ***
***         |  \/  |  _ \ / ___| |__   ___ _ __ ___                     ***
***         | |\/| | |_) | |   | '_ \ / _ \ '_ ` _ \                    ***
***         | |  | |  _ <| |___| | | |  __/ | | | | |                   ***
***         |_|  |_|_| \_\\____|_| |_|\___|_| |_| |_|                   ***
***                                                                     ***
***         VERSION            1.1.0-alpha                              ***
***                                                                     ***
***         Git branch         new-zora                                 ***
***         Git commit hash    dd0292b4cc5a484bb89f                     ***
***         Git commit author  Anders Brakestad                         ***
***         Git commit date    Tue May 4 16:46:31 2021 +0200            ***
***                                                                     ***
***         Contact: luca.frediani@uit.no                               ***
***                                                                     ***
***         Radovan Bast            Magnar Bjorgve                      ***
***         Roberto Di Remigio      Antoine Durdek                      ***
***         Luca Frediani           Gabriel Gerez                       ***
***         Stig Rune Jensen        Jonas Juselius                      ***
***         Rune Monstad            Peter Wind                          ***
***                                                                     ***
***************************************************************************

---------------------------------------------------------------------------

 MPI processes           :       (10 bank)                              32
 OpenMP threads          :                                              16
 Total cores             :                                             362
                                                                           
---------------------------------------------------------------------------

XCFun DFT library Copyright 2009-2020 Ulf Ekstrom and contributors.
See http://dftlibs.org/xcfun/ for more information.

This is free software; see the source code for copying conditions.
There is ABSOLUTELY NO WARRANTY; not even for MERCHANTABILITY or
FITNESS FOR A PARTICULAR PURPOSE. For details see the documentation.
Scientific users of this library should cite
U. Ekstrom, L. Visscher, R. Bast, A. J. Thorvaldsen and K. Ruud;
J.Chem.Theor.Comp. 2010, DOI: 10.1021/ct100117s

---------------------------------------------------------------------------

 MRCPP version         : 1.4.0-alpha
 Git branch            : HEAD
 Git commit hash       : 2797a7a18efb69942a6e
 Git commit author     : Stig Rune Jensen
 Git commit date       : Fri Mar 12 12:48:07 2021 +0100

 Linear algebra        : EIGEN v3.3.7
 Parallelization       : MPI/OpenMP (16 threads)

---------------------------------------------------------------------------


                                                                           
===========================================================================
                         MultiResolution Analysis
---------------------------------------------------------------------------
 polynomial order      : 11
 polynomial type       : Interpolating
---------------------------------------------------------------------------
 total boxes           : 8
 boxes                 : [          2           2           2 ]
 unit lengths          : [   32.00000    32.00000    32.00000 ]
 scaling factor        : [    1.00000     1.00000     1.00000 ]
 lower bounds          : [  -32.00000   -32.00000   -32.00000 ]
 upper bounds          : [   32.00000    32.00000    32.00000 ]
 total length          : [   64.00000    64.00000    64.00000 ]
===========================================================================


                                                                           
***************************************************************************
***                                                                     ***
***                        Initializing Molecule                        ***
***                                                                     ***
***************************************************************************
                                                                           
                                                                           
===========================================================================
                                 Molecule
---------------------------------------------------------------------------
 Charge                  :                                              16
 Multiplicity            :                                               1
---------------------------------------------------------------------------
    N    Atom            :               x               y               z
---------------------------------------------------------------------------
    0      Ar            :        0.000000        0.000000        0.000000
---------------------------------------------------------------------------
 Center of mass          :        0.000000        0.000000        0.000000
===========================================================================


                                                                           
***************************************************************************
***                                                                     ***
***                 Computing Ground State Wavefunction                 ***
***                                                                     ***
***************************************************************************
                                                                           
                                                                           
~~~~~~~~~~~~~~~~~~~~~~~~~~~~~~~~~~~~~~~~~~~~~~~~~~~~~~~~~~~~~~~~~~~~~~~~~~~
 Calculation             : Compute initial orbitals
 Method                  : Project MW molecular orbitals
 Precision               : 1.00000e-07
 Restricted              : True
 MO file                 : initial_guess/phi_p_scf
~~~~~~~~~~~~~~~~~~~~~~~~~~~~~~~~~~~~~~~~~~~~~~~~~~~~~~~~~~~~~~~~~~~~~~~~~~~


===========================================================================
                            Molecular Orbitals
---------------------------------------------------------------------------
 Alpha electrons         :                                               1
 Beta electrons          :                                               1
 Total electrons         :                                               2
---------------------------------------------------------------------------
    n  Occ Spin          :                                            Norm
---------------------------------------------------------------------------
    0    2    p          :                              9.999999999968e-01
===========================================================================


~~~~~~~~~~~~~~~~~~~~~~~~~~~~~~~~~~~~~~~~~~~~~~~~~~~~~~~~~~~~~~~~~~~~~~~~~~~
 Calculation             : Compute initial energy
 Method                  : DFT (SVWN5)
 Precision               : 1.00000e-07
 Localization            : On
~~~~~~~~~~~~~~~~~~~~~~~~~~~~~~~~~~~~~~~~~~~~~~~~~~~~~~~~~~~~~~~~~~~~~~~~~~~


===========================================================================
                        Molecular Energy (initial)
---------------------------------------------------------------------------
 Kinetic energy          :            (au)                311.314208004562
 E-N energy              :            (au)               -635.207859879768
 Coulomb energy          :            (au)                 21.987610673691
 Exchange energy         :            (au)                  0.000000000000
 X-C energy              :            (au)                 -9.670992721267
 Ext. field (el)         :            (au)                  0.000000000000
---------------------------------------------------------------------------
 N-N energy              :            (au)                  0.000000000000
 Ext. field (nuc)        :            (au)                  0.000000000000
 Tot. Reac. Energy       :            (au)                  0.000000000000
 El. Reac. Energy        :            (au)                  0.000000000000
 Nuc. Reac. Energy       :            (au)                  0.000000000000
---------------------------------------------------------------------------
 Electronic energy       :            (au)               -311.577033922782
 Nuclear energy          :            (au)                  0.000000000000
---------------------------------------------------------------------------
 Total energy            :            (au)             -3.115770339228e+02
                         :      (kcal/mol)             -1.955175391095e+05
                         :        (kJ/mol)             -8.180453841650e+05
                         :            (eV)             -8.478442642810e+03
===========================================================================


===========================================================================
                        Orbital Energies (initial)
---------------------------------------------------------------------------
    n  Occ Spin          :                                         Epsilon
---------------------------------------------------------------------------
    0    2    p          :            (au)               -146.376610308927
---------------------------------------------------------------------------
 Sum occupied            :            (au)               -292.753220617854
===========================================================================


~~~~~~~~~~~~~~~~~~~~~~~~~~~~~~~~~~~~~~~~~~~~~~~~~~~~~~~~~~~~~~~~~~~~~~~~~~~
 Calculation             : Optimize ground state orbitals
 Method                  : DFT (SVWN5)
 Checkpointing           : Off
 Max iterations          : 100
 KAIN solver             : 10
 Localization            : Every 5 iterations
 Diagonalization         : Off
 Start precision         : 1.00000e-07
 Final precision         : 1.00000e-07
 Helmholtz precision     : Dynamic
 Energy threshold        : 1.00000e-07
 Orbital threshold       : 1.00000e-06
 ZORA                    : On
 Speed of Light          : 1.09629e+03
 ZORA terms              : [1, 1]
~~~~~~~~~~~~~~~~~~~~~~~~~~~~~~~~~~~~~~~~~~~~~~~~~~~~~~~~~~~~~~~~~~~~~~~~~~~


===========================================================================
 Iter           MO residual             Total energy                Update
---------------------------------------------------------------------------
    0          1.000000e+00        -311.577033922782         -3.115770e+02
    1          6.679798e-05        -311.577048825387         -1.490260e-05
    2          3.528819e-05        -311.577051380970         -2.555583e-06
    3          1.796210e-05        -311.577051923639         -5.426693e-07
    4          1.781849e-05        -311.577052085014         -1.613751e-07
    5          5.620708e-07        -311.577052081886          3.128264e-09
---------------------------------------------------------------------------
                      SCF converged in 5 iterations!
===========================================================================


                                                                           
***************************************************************************
***                                                                     ***
***                    Printing Molecular Properties                    ***
***                                                                     ***
***************************************************************************
                                                                           
                                                                           
===========================================================================
                                 Molecule
---------------------------------------------------------------------------
 Charge                  :                                              16
 Multiplicity            :                                               1
---------------------------------------------------------------------------
    N    Atom            :               x               y               z
---------------------------------------------------------------------------
    0      Ar            :        0.000000        0.000000        0.000000
---------------------------------------------------------------------------
 Center of mass          :        0.000000        0.000000        0.000000
===========================================================================


===========================================================================
                         Molecular Energy (final)
---------------------------------------------------------------------------
 Kinetic energy          :            (au)                311.438961047570
 E-N energy              :            (au)               -635.334639982665
 Coulomb energy          :            (au)                 21.991215651036
 Exchange energy         :            (au)                  0.000000000000
 X-C energy              :            (au)                 -9.672588797827
 Ext. field (el)         :            (au)                  0.000000000000
---------------------------------------------------------------------------
 N-N energy              :            (au)                  0.000000000000
 Ext. field (nuc)        :            (au)                  0.000000000000
 Tot. Reac. Energy       :            (au)                  0.000000000000
 El. Reac. Energy        :            (au)                  0.000000000000
 Nuc. Reac. Energy       :            (au)                  0.000000000000
---------------------------------------------------------------------------
 Electronic energy       :            (au)               -311.577052081886
 Nuclear energy          :            (au)                  0.000000000000
---------------------------------------------------------------------------
 Total energy            :            (au)             -3.115770520819e+02
                         :      (kcal/mol)             -1.955175505045e+05
                         :        (kJ/mol)             -8.180454318417e+05
                         :            (eV)             -8.478443136944e+03
===========================================================================


===========================================================================
                         Orbital Energies (final)
---------------------------------------------------------------------------
    n  Occ Spin          :                                         Epsilon
---------------------------------------------------------------------------
    0    2    p          :            (au)               -146.375081499901
---------------------------------------------------------------------------
 Sum occupied            :            (au)               -292.750162999803
===========================================================================


===========================================================================
                           Dipole Moment (dip-1)
---------------------------------------------------------------------------
 r_O                     :        0.000000        0.000000        0.000000
---------------------------------------------------------------------------
 Electronic vector       :       -0.000000       -0.000000       -0.000000
 Magnitude               :            (au)                        0.000000
                         :         (Debye)                        0.000000
---------------------------------------------------------------------------
 Nuclear vector          :        0.000000        0.000000        0.000000
 Magnitude               :            (au)                        0.000000
                         :         (Debye)                        0.000000
---------------------------------------------------------------------------
 Total vector            :        0.000000        0.000000        0.000000
 Magnitude               :            (au)                        0.000000
                         :         (Debye)                        0.000000
===========================================================================


                                                                           
                                                                           
***************************************************************************
***                                                                     ***
***                            Exiting MRChem                           ***
***                                                                     ***
***                       Wall time :  0h  1m 53s                       ***
***                                                                     ***
***************************************************************************
                                                                           
                                                                           
