Starting job 181625 on b[1187-1189,1194] at Fri May 7 11:47:23 CEST 2021

Copying Ar_1096.287912.out to /cluster/home/ambr/projects/zora/mini-benchmark-gto-mw/noble-ions/calcs
Copying Ar_1096.287912.json to /cluster/home/ambr/projects/zora/mini-benchmark-gto-mw/noble-ions/calcs

Task and CPU usage stats:
       JobID    JobName  AllocCPUS   NTasks     MinCPU MinCPUTask     AveCPU    Elapsed ExitCode 
------------ ---------- ---------- -------- ---------- ---------- ---------- ---------- -------- 
181625       Ar_1096.2+        512                                             00:02:29      1:0 
181625.batch      batch        128        1   00:37:31          0   00:37:31   00:02:29      1:0 
181625.exte+     extern        512        4   00:00:00          1   00:00:00   00:02:29      0:0 
181625.0          orted         48        3   00:14:23          2   00:16:18   00:02:16      0:0 

Memory usage stats:
       JobID     MaxRSS MaxRSSTask     AveRSS MaxPages   MaxPagesTask   AvePages 
------------ ---------- ---------- ---------- -------- -------------- ---------- 
181625                                                                           
181625.batch  20351669K          0  20351669K       84              0         84 
181625.exte+       800K          1       633K        3              1          2 
181625.0      16535792K          0  10753034K       56              0         49 

Disk usage stats:
       JobID  MaxDiskRead MaxDiskReadTask    AveDiskRead MaxDiskWrite MaxDiskWriteTask   AveDiskWrite 
------------ ------------ --------------- -------------- ------------ ---------------- -------------- 
181625                                                                                                
181625.batch      256.16M               0        256.16M      125.57M                0        125.57M 
181625.exte+        0.00M               1          0.00M            0                1              0 
181625.0           28.74M               0         28.57M       25.41M                1         19.96M 

Job 181625 completed at Fri May 7 11:49:53 CEST 2021
