Starting job 181627 on b[3153-3156] at Fri May 7 11:47:23 CEST 2021

Copying Ar_2192.575824.out to /cluster/home/ambr/projects/zora/mini-benchmark-gto-mw/noble-ions/calcs
Copying Ar_2192.575824.json to /cluster/home/ambr/projects/zora/mini-benchmark-gto-mw/noble-ions/calcs

Task and CPU usage stats:
       JobID    JobName  AllocCPUS   NTasks     MinCPU MinCPUTask     AveCPU    Elapsed ExitCode 
------------ ---------- ---------- -------- ---------- ---------- ---------- ---------- -------- 
181627       Ar_2192.5+        512                                             00:02:25      1:0 
181627.batch      batch        128        1   00:38:14          0   00:38:14   00:02:25      1:0 
181627.exte+     extern        512        4   00:00:00          2   00:00:00   00:02:25      0:0 
181627.0          orted         48        3   00:14:44          2   00:16:44   00:02:12      0:0 

Memory usage stats:
       JobID     MaxRSS MaxRSSTask     AveRSS MaxPages   MaxPagesTask   AvePages 
------------ ---------- ---------- ---------- -------- -------------- ---------- 
181627                                                                           
181627.batch  19553781K          0  19553781K       84              0         84 
181627.exte+       800K          2     816896        3              2          2 
181627.0      16590017K          0 110162725+       62              1         48 

Disk usage stats:
       JobID  MaxDiskRead MaxDiskReadTask    AveDiskRead MaxDiskWrite MaxDiskWriteTask   AveDiskWrite 
------------ ------------ --------------- -------------- ------------ ---------------- -------------- 
181627                                                                                                
181627.batch      256.15M               0        256.15M      125.56M                0        125.56M 
181627.exte+        0.00M               2          0.00M            0                2              0 
181627.0           28.75M               0         28.57M       25.40M                1         19.96M 

Job 181627 completed at Fri May 7 11:49:49 CEST 2021
