Starting job 181628 on b[3157-3160] at Fri May 7 11:47:23 CEST 2021

Copying Ar_274.071978.out to /cluster/home/ambr/projects/zora/mini-benchmark-gto-mw/noble-ions/calcs
Copying Ar_274.071978.json to /cluster/home/ambr/projects/zora/mini-benchmark-gto-mw/noble-ions/calcs

Task and CPU usage stats:
       JobID    JobName  AllocCPUS   NTasks     MinCPU MinCPUTask     AveCPU    Elapsed ExitCode 
------------ ---------- ---------- -------- ---------- ---------- ---------- ---------- -------- 
181628       Ar_274.07+        512                                             00:02:45      1:0 
181628.batch      batch        128        1   00:44:24          0   00:44:24   00:02:45      1:0 
181628.exte+     extern        512        4   00:00:00          3   00:00:00   00:02:45      0:0 
181628.0          orted         48        3   00:17:14          2   00:19:36   00:02:32      0:0 

Memory usage stats:
       JobID     MaxRSS MaxRSSTask     AveRSS MaxPages   MaxPagesTask   AvePages 
------------ ---------- ---------- ---------- -------- -------------- ---------- 
181628                                                                           
181628.batch  20778053K          0  20778053K       71              0         71 
181628.exte+       814K          2     825088        3              3          2 
181628.0      16690977K          0  10856365K       58              0         53 

Disk usage stats:
       JobID  MaxDiskRead MaxDiskReadTask    AveDiskRead MaxDiskWrite MaxDiskWriteTask   AveDiskWrite 
------------ ------------ --------------- -------------- ------------ ---------------- -------------- 
181628                                                                                                
181628.batch      256.15M               0        256.15M      125.57M                0        125.57M 
181628.exte+        0.00M               3          0.00M            0                3              0 
181628.0           28.75M               0         28.57M       25.41M                1         19.97M 

Job 181628 completed at Fri May 7 11:50:08 CEST 2021
