Starting job 181629 on b[3161-3164] at Fri May 7 11:47:26 CEST 2021


Task and CPU usage stats:
       JobID    JobName  AllocCPUS   NTasks     MinCPU MinCPUTask     AveCPU    Elapsed ExitCode 
------------ ---------- ---------- -------- ---------- ---------- ---------- ---------- -------- 
181629       Ar_34.258+        512                                             01:00:02      0:0 
181629.batch      batch        128        1   17:29:29          0   17:29:29   01:00:06     0:15 
181629.exte+     extern        512        4   00:00:00          2   00:00:00   01:00:03      0:0 
181629.0          orted         48        3                                    00:59:52      0:0 

Memory usage stats:
       JobID     MaxRSS MaxRSSTask     AveRSS MaxPages   MaxPagesTask   AvePages 
------------ ---------- ---------- ---------- -------- -------------- ---------- 
181629                                                                           
181629.batch 120664101K          0 120664101K       86              0         86 
181629.exte+       808K          1       634K        3              2          2 
181629.0                                                                         

Disk usage stats:
       JobID  MaxDiskRead MaxDiskReadTask    AveDiskRead MaxDiskWrite MaxDiskWriteTask   AveDiskWrite 
------------ ------------ --------------- -------------- ------------ ---------------- -------------- 
181629                                                                                                
181629.batch      256.19M               0        256.19M      126.70M                0        126.70M 
181629.exte+        0.00M               2          0.00M            0                2              0 
181629.0                                                                                              

Job 181629 completed at Fri May 7 12:47:32 CEST 2021
