Starting job 181630 on b[3165-3168] at Fri May 7 11:47:26 CEST 2021

Copying Ar_4385.151648.out to /cluster/home/ambr/projects/zora/mini-benchmark-gto-mw/noble-ions/calcs
Copying Ar_4385.151648.json to /cluster/home/ambr/projects/zora/mini-benchmark-gto-mw/noble-ions/calcs

Task and CPU usage stats:
       JobID    JobName  AllocCPUS   NTasks     MinCPU MinCPUTask     AveCPU    Elapsed ExitCode 
------------ ---------- ---------- -------- ---------- ---------- ---------- ---------- -------- 
181630       Ar_4385.1+        512                                             00:02:24      1:0 
181630.batch      batch        128        1   00:38:51          0   00:38:51   00:02:24      1:0 
181630.exte+     extern        512        4   00:00:00          1   00:00:00   00:02:24      0:0 
181630.0          orted         48        3   00:14:30          2   00:16:38   00:02:13      0:0 

Memory usage stats:
       JobID     MaxRSS MaxRSSTask     AveRSS MaxPages   MaxPagesTask   AvePages 
------------ ---------- ---------- ---------- -------- -------------- ---------- 
181630                                                                           
181630.batch  19599950K          0  19599950K       93              0         93 
181630.exte+       801K          3       798K        3              1          2 
181630.0      16560247K          0 110312628+       55              2         50 

Disk usage stats:
       JobID  MaxDiskRead MaxDiskReadTask    AveDiskRead MaxDiskWrite MaxDiskWriteTask   AveDiskWrite 
------------ ------------ --------------- -------------- ------------ ---------------- -------------- 
181630                                                                                                
181630.batch      256.16M               0        256.16M      125.56M                0        125.56M 
181630.exte+        0.00M               1          0.00M            0                1              0 
181630.0           28.75M               0         28.57M       25.40M                1         19.96M 

Job 181630 completed at Fri May 7 11:49:50 CEST 2021
