Starting job 181631 on b[3174-3177] at Fri May 7 11:47:26 CEST 2021

Copying Ar_548.143956.out to /cluster/home/ambr/projects/zora/mini-benchmark-gto-mw/noble-ions/calcs
Copying Ar_548.143956.json to /cluster/home/ambr/projects/zora/mini-benchmark-gto-mw/noble-ions/calcs

Task and CPU usage stats:
       JobID    JobName  AllocCPUS   NTasks     MinCPU MinCPUTask     AveCPU    Elapsed ExitCode 
------------ ---------- ---------- -------- ---------- ---------- ---------- ---------- -------- 
181631       Ar_548.14+        512                                             00:02:32      1:0 
181631.batch      batch        128        1   00:40:11          0   00:00:00   00:02:32      1:0 
181631.exte+     extern        512        4   00:00:00          2   00:00:00   00:02:32      0:0 
181631.0          orted         48        3   00:16:12          2   00:18:26   00:02:22      0:0 

Memory usage stats:
       JobID     MaxRSS MaxRSSTask     AveRSS MaxPages   MaxPagesTask   AvePages 
------------ ---------- ---------- ---------- -------- -------------- ---------- 
181631                                                                           
181631.batch  20239983K          0  20239983K       73              0          0 
181631.exte+       799K          2     816384        3              1          2 
181631.0      16596520K          0 110331180+       58              1         46 

Disk usage stats:
       JobID  MaxDiskRead MaxDiskReadTask    AveDiskRead MaxDiskWrite MaxDiskWriteTask   AveDiskWrite 
------------ ------------ --------------- -------------- ------------ ---------------- -------------- 
181631                                                                                                
181631.batch      298.61M               0        298.61M      272.71M                0        272.71M 
181631.exte+        0.00M               2          0.00M            0                2              0 
181631.0           28.74M               0         28.57M       25.40M                1         19.97M 

Job 181631 completed at Fri May 7 11:49:58 CEST 2021
