Starting job 181632 on b[3178,3182-3184] at Fri May 7 11:47:26 CEST 2021

Copying Ar_68.5179945.out to /cluster/home/ambr/projects/zora/mini-benchmark-gto-mw/noble-ions/calcs
Copying Ar_68.5179945.json to /cluster/home/ambr/projects/zora/mini-benchmark-gto-mw/noble-ions/calcs

Task and CPU usage stats:
       JobID    JobName  AllocCPUS   NTasks     MinCPU MinCPUTask     AveCPU    Elapsed ExitCode 
------------ ---------- ---------- -------- ---------- ---------- ---------- ---------- -------- 
181632       Ar_68.517+        512                                             00:10:55      1:0 
181632.batch      batch        128        1   03:24:19          0   03:24:19   00:10:55      1:0 
181632.exte+     extern        512        4   00:00:00          2   00:00:00   00:10:55      0:0 
181632.0          orted         48        3   01:22:35          2   01:34:44   00:10:44      0:0 

Memory usage stats:
       JobID     MaxRSS MaxRSSTask     AveRSS MaxPages   MaxPagesTask   AvePages 
------------ ---------- ---------- ---------- -------- -------------- ---------- 
181632                                                                           
181632.batch  25948014K          0  25948014K       95              0         95 
181632.exte+       798K          0     815872        1              2          1 
181632.0      18784337K          0 125440672+       50              0         48 

Disk usage stats:
       JobID  MaxDiskRead MaxDiskReadTask    AveDiskRead MaxDiskWrite MaxDiskWriteTask   AveDiskWrite 
------------ ------------ --------------- -------------- ------------ ---------------- -------------- 
181632                                                                                                
181632.batch      256.17M               0        256.17M      125.65M                0        125.65M 
181632.exte+        0.00M               2          0.00M            0                2              0 
181632.0           28.76M               0         28.58M       29.53M                1         21.36M 

Job 181632 completed at Fri May 7 11:58:21 CEST 2021
