Starting job 181610 on b[5175-5178] at Fri May 7 11:47:20 CEST 2021

Copying He_137.035989.out to /cluster/home/ambr/projects/zora/mini-benchmark-gto-mw/noble-ions/calcs
Copying He_137.035989.json to /cluster/home/ambr/projects/zora/mini-benchmark-gto-mw/noble-ions/calcs

Task and CPU usage stats:
       JobID    JobName  AllocCPUS   NTasks     MinCPU MinCPUTask     AveCPU    Elapsed ExitCode 
------------ ---------- ---------- -------- ---------- ---------- ---------- ---------- -------- 
181610       He_137.03+        512                                             00:01:57      1:0 
181610.batch      batch        128        1   00:26:49          0   00:26:49   00:01:57      1:0 
181610.exte+     extern        512        4   00:00:00          2   00:00:00   00:01:57      0:0 
181610.0          orted         48        3   00:10:43          2   00:12:18   00:01:41      0:0 

Memory usage stats:
       JobID     MaxRSS MaxRSSTask     AveRSS MaxPages   MaxPagesTask   AvePages 
------------ ---------- ---------- ---------- -------- -------------- ---------- 
181610                                                                           
181610.batch  15874236K          0  15874236K       69              0         69 
181610.exte+       815K          2    635.50K        3              2          2 
181610.0      13327569K          0 9061022037       48              1         42 

Disk usage stats:
       JobID  MaxDiskRead MaxDiskReadTask    AveDiskRead MaxDiskWrite MaxDiskWriteTask   AveDiskWrite 
------------ ------------ --------------- -------------- ------------ ---------------- -------------- 
181610                                                                                                
181610.batch      202.04M               0        202.04M       98.51M                0         98.51M 
181610.exte+        0.00M               2          0.00M            0                2              0 
181610.0           28.75M               0         28.56M       21.31M                1         18.60M 

Job 181610 completed at Fri May 7 11:49:18 CEST 2021
