Starting job 181609 on b[2286-2288,2291] at Fri May 7 11:47:20 CEST 2021

Copying He_1096.287912.out to /cluster/home/ambr/projects/zora/mini-benchmark-gto-mw/noble-ions/calcs
Copying He_1096.287912.json to /cluster/home/ambr/projects/zora/mini-benchmark-gto-mw/noble-ions/calcs

Task and CPU usage stats:
       JobID    JobName  AllocCPUS   NTasks     MinCPU MinCPUTask     AveCPU    Elapsed ExitCode 
------------ ---------- ---------- -------- ---------- ---------- ---------- ---------- -------- 
181609       He_1096.2+        512                                             00:01:35      1:0 
181609.batch      batch        128        1   00:19:28          0   00:19:28   00:01:35      1:0 
181609.exte+     extern        512        4   00:00:00          2   00:00:00   00:01:35      0:0 
181609.0          orted         48        3   00:06:23          2   00:07:18   00:01:18      0:0 

Memory usage stats:
       JobID     MaxRSS MaxRSSTask     AveRSS MaxPages   MaxPagesTask   AvePages 
------------ ---------- ---------- ---------- -------- -------------- ---------- 
181609                                                                           
181609.batch  14949533K          0  14949533K       84              0         84 
181609.exte+       801K          2    796.50K        1              2          1 
181609.0      13267357K          0 8999720277       68              0         57 

Disk usage stats:
       JobID  MaxDiskRead MaxDiskReadTask    AveDiskRead MaxDiskWrite MaxDiskWriteTask   AveDiskWrite 
------------ ------------ --------------- -------------- ------------ ---------------- -------------- 
181609                                                                                                
181609.batch      202.04M               0        202.04M       98.49M                0         98.49M 
181609.exte+        0.00M               2          0.00M            0                2              0 
181609.0           28.74M               0         28.57M       21.29M                1         18.59M 

Job 181609 completed at Fri May 7 11:48:55 CEST 2021
