Starting job 181612 on b[2218-2221] at Fri May 7 11:47:23 CEST 2021

Copying He_274.071978.out to /cluster/home/ambr/projects/zora/mini-benchmark-gto-mw/noble-ions/calcs
Copying He_274.071978.json to /cluster/home/ambr/projects/zora/mini-benchmark-gto-mw/noble-ions/calcs

Task and CPU usage stats:
       JobID    JobName  AllocCPUS   NTasks     MinCPU MinCPUTask     AveCPU    Elapsed ExitCode 
------------ ---------- ---------- -------- ---------- ---------- ---------- ---------- -------- 
181612       He_274.07+        512                                             00:01:38      1:0 
181612.batch      batch        128        1   00:21:07          0   00:21:07   00:01:38      1:0 
181612.exte+     extern        512        4   00:00:00          2   00:00:00   00:01:38      0:0 
181612.0          orted         48        3   00:07:46          2   00:09:04   00:01:25      0:0 

Memory usage stats:
       JobID     MaxRSS MaxRSSTask     AveRSS MaxPages   MaxPagesTask   AvePages 
------------ ---------- ---------- ---------- -------- -------------- ---------- 
181612                                                                           
181612.batch  15438491K          0  15438491K       85              0         85 
181612.exte+       805K          3    801.50K        3              2          3 
181612.0      13393361K          0   8874947K       45              1         41 

Disk usage stats:
       JobID  MaxDiskRead MaxDiskReadTask    AveDiskRead MaxDiskWrite MaxDiskWriteTask   AveDiskWrite 
------------ ------------ --------------- -------------- ------------ ---------------- -------------- 
181612                                                                                                
181612.batch      202.04M               0        202.04M       98.49M                0         98.49M 
181612.exte+        0.00M               2          0.00M            0                2              0 
181612.0           28.75M               0         28.57M       21.30M                1         18.59M 

Job 181612 completed at Fri May 7 11:49:01 CEST 2021
