Starting job 181611 on b[2189-2192] at Fri May 7 11:47:20 CEST 2021

Copying He_2192.575824.out to /cluster/home/ambr/projects/zora/mini-benchmark-gto-mw/noble-ions/calcs
Copying He_2192.575824.json to /cluster/home/ambr/projects/zora/mini-benchmark-gto-mw/noble-ions/calcs

Task and CPU usage stats:
       JobID    JobName  AllocCPUS   NTasks     MinCPU MinCPUTask     AveCPU    Elapsed ExitCode 
------------ ---------- ---------- -------- ---------- ---------- ---------- ---------- -------- 
181611       He_2192.5+        512                                             00:01:22      1:0 
181611.batch      batch        128        1   00:17:01          0   00:17:01   00:01:22      1:0 
181611.exte+     extern        512        4   00:00:00          2   00:00:00   00:01:22      0:0 
181611.0          orted         48        3   00:05:31          2   00:06:11   00:01:06      0:0 

Memory usage stats:
       JobID     MaxRSS MaxRSSTask     AveRSS MaxPages   MaxPagesTask   AvePages 
------------ ---------- ---------- ---------- -------- -------------- ---------- 
181611                                                                           
181611.batch  14949707K          0  14949707K       78              0         78 
181611.exte+       816K          0     825088        3              2          3 
181611.0      13115101K          0   8678502K       48              2         44 

Disk usage stats:
       JobID  MaxDiskRead MaxDiskReadTask    AveDiskRead MaxDiskWrite MaxDiskWriteTask   AveDiskWrite 
------------ ------------ --------------- -------------- ------------ ---------------- -------------- 
181611                                                                                                
181611.batch      202.04M               0        202.04M       98.49M                0         98.49M 
181611.exte+        0.00M               2          0.00M            0                2              0 
181611.0           28.74M               0         28.57M       21.29M                1         18.58M 

Job 181611 completed at Fri May 7 11:48:43 CEST 2021
