Starting job 181613 on b[2240-2243] at Fri May 7 11:47:23 CEST 2021

Copying He_34.25899725.out to /cluster/home/ambr/projects/zora/mini-benchmark-gto-mw/noble-ions/calcs
Copying He_34.25899725.json to /cluster/home/ambr/projects/zora/mini-benchmark-gto-mw/noble-ions/calcs

Task and CPU usage stats:
       JobID    JobName  AllocCPUS   NTasks     MinCPU MinCPUTask     AveCPU    Elapsed ExitCode 
------------ ---------- ---------- -------- ---------- ---------- ---------- ---------- -------- 
181613       He_34.258+        512                                             00:01:53      1:0 
181613.batch      batch        128        1   00:28:24          0   00:28:24   00:01:53      1:0 
181613.exte+     extern        512        4   00:00:00          3   00:00:00   00:01:53      0:0 
181613.0          orted         48        3   00:09:31          2   00:00:00   00:01:40      0:0 

Memory usage stats:
       JobID     MaxRSS MaxRSSTask     AveRSS MaxPages   MaxPagesTask   AvePages 
------------ ---------- ---------- ---------- -------- -------------- ---------- 
181613                                                                           
181613.batch  15454096K          0  15454096K       89              0         89 
181613.exte+       799K          3     476416        3              0          1 
181613.0      13402576K          0   8874343K       54              0          0 

Disk usage stats:
       JobID  MaxDiskRead MaxDiskReadTask    AveDiskRead MaxDiskWrite MaxDiskWriteTask   AveDiskWrite 
------------ ------------ --------------- -------------- ------------ ---------------- -------------- 
181613                                                                                                
181613.batch      202.04M               0        202.04M       98.52M                0         98.52M 
181613.exte+        0.00M               3          0.00M            0                3              0 
181613.0           28.88M               0         28.71M       21.44M                1         18.74M 

Job 181613 completed at Fri May 7 11:49:16 CEST 2021
