Starting job 181614 on b[3133-3136] at Fri May 7 11:47:23 CEST 2021

Copying He_4385.151648.out to /cluster/home/ambr/projects/zora/mini-benchmark-gto-mw/noble-ions/calcs
Copying He_4385.151648.json to /cluster/home/ambr/projects/zora/mini-benchmark-gto-mw/noble-ions/calcs

Task and CPU usage stats:
       JobID    JobName  AllocCPUS   NTasks     MinCPU MinCPUTask     AveCPU    Elapsed ExitCode 
------------ ---------- ---------- -------- ---------- ---------- ---------- ---------- -------- 
181614       He_4385.1+        512                                             00:01:22      1:0 
181614.batch      batch        128        1   00:17:02          0   00:17:02   00:01:22      1:0 
181614.exte+     extern        512        4   00:00:00          3   00:00:00   00:01:22      0:0 
181614.0          orted         48        3   00:05:04          2   00:05:40   00:01:09      0:0 

Memory usage stats:
       JobID     MaxRSS MaxRSSTask     AveRSS MaxPages   MaxPagesTask   AvePages 
------------ ---------- ---------- ---------- -------- -------------- ---------- 
181614                                                                           
181614.batch  15756377K          0  15756377K       77              0         77 
181614.exte+       801K          2     816896        1              3          1 
181614.0      11131947K          0 7770338645       54              2         45 

Disk usage stats:
       JobID  MaxDiskRead MaxDiskReadTask    AveDiskRead MaxDiskWrite MaxDiskWriteTask   AveDiskWrite 
------------ ------------ --------------- -------------- ------------ ---------------- -------------- 
181614                                                                                                
181614.batch      202.04M               0        202.04M       98.49M                0         98.49M 
181614.exte+        0.00M               3          0.00M            0                3              0 
181614.0           28.74M               0         28.58M       21.29M                1         18.58M 

Job 181614 completed at Fri May 7 11:48:46 CEST 2021
