Starting job 181615 on b[3137-3140] at Fri May 7 11:47:23 CEST 2021

Copying He_548.143956.out to /cluster/home/ambr/projects/zora/mini-benchmark-gto-mw/noble-ions/calcs
Copying He_548.143956.json to /cluster/home/ambr/projects/zora/mini-benchmark-gto-mw/noble-ions/calcs

Task and CPU usage stats:
       JobID    JobName  AllocCPUS   NTasks     MinCPU MinCPUTask     AveCPU    Elapsed ExitCode 
------------ ---------- ---------- -------- ---------- ---------- ---------- ---------- -------- 
181615       He_548.14+        512                                             00:01:30      1:0 
181615.batch      batch        128        1   00:17:35          0   00:17:35   00:01:30      1:0 
181615.exte+     extern        512        4   00:00:00          3   00:00:00   00:01:30      0:0 
181615.0          orted         48        3   00:06:43          2   00:07:32   00:01:17      0:0 

Memory usage stats:
       JobID     MaxRSS MaxRSSTask     AveRSS MaxPages   MaxPagesTask   AvePages 
------------ ---------- ---------- ---------- -------- -------------- ---------- 
181615                                                                           
181615.batch  14972009K          0  14972009K       76              0         76 
181615.exte+       799K          2     815360        1              3          1 
181615.0      13256859K          0 8971428522       57              2         53 

Disk usage stats:
       JobID  MaxDiskRead MaxDiskReadTask    AveDiskRead MaxDiskWrite MaxDiskWriteTask   AveDiskWrite 
------------ ------------ --------------- -------------- ------------ ---------------- -------------- 
181615                                                                                                
181615.batch      202.04M               0        202.04M       98.49M                0         98.49M 
181615.exte+        0.00M               3          0.00M            0                3              0 
181615.0           28.74M               0         28.57M       21.29M                1         18.59M 

Job 181615 completed at Fri May 7 11:48:54 CEST 2021
