Starting job 181616 on b[3141-3144] at Fri May 7 11:47:23 CEST 2021

Copying He_68.5179945.out to /cluster/home/ambr/projects/zora/mini-benchmark-gto-mw/noble-ions/calcs
Copying He_68.5179945.json to /cluster/home/ambr/projects/zora/mini-benchmark-gto-mw/noble-ions/calcs

Task and CPU usage stats:
       JobID    JobName  AllocCPUS   NTasks     MinCPU MinCPUTask     AveCPU    Elapsed ExitCode 
------------ ---------- ---------- -------- ---------- ---------- ---------- ---------- -------- 
181616       He_68.517+        512                                             00:01:56      1:0 
181616.batch      batch        128        1   00:27:21          0   00:27:21   00:01:56      1:0 
181616.exte+     extern        512        4   00:00:00          2   00:00:00   00:01:56      0:0 
181616.0          orted         48        3   00:10:28          2   00:12:02   00:01:43      0:0 

Memory usage stats:
       JobID     MaxRSS MaxRSSTask     AveRSS MaxPages   MaxPagesTask   AvePages 
------------ ---------- ---------- ---------- -------- -------------- ---------- 
181616                                                                           
181616.batch  15622992K          0  15622992K       69              0         69 
181616.exte+       801K          1     816896        1              2          1 
181616.0      13365579K          0   8842692K       72              0         54 

Disk usage stats:
       JobID  MaxDiskRead MaxDiskReadTask    AveDiskRead MaxDiskWrite MaxDiskWriteTask   AveDiskWrite 
------------ ------------ --------------- -------------- ------------ ---------------- -------------- 
181616                                                                                                
181616.batch      202.05M               0        202.05M       98.50M                0         98.50M 
181616.exte+        0.00M               2          0.00M            0                2              0 
181616.0           28.75M               0         28.57M       21.31M                1         18.60M 

Job 181616 completed at Fri May 7 11:49:20 CEST 2021
