Starting job 181633 on b[4205-4208] at Fri May 7 11:47:27 CEST 2021

Copying Kr_1096.287912.out to /cluster/home/ambr/projects/zora/mini-benchmark-gto-mw/noble-ions/calcs
Copying Kr_1096.287912.json to /cluster/home/ambr/projects/zora/mini-benchmark-gto-mw/noble-ions/calcs

Task and CPU usage stats:
       JobID    JobName  AllocCPUS   NTasks     MinCPU MinCPUTask     AveCPU    Elapsed ExitCode 
------------ ---------- ---------- -------- ---------- ---------- ---------- ---------- -------- 
181633       Kr_1096.2+        512                                             00:02:45      1:0 
181633.batch      batch        128        1   00:46:14          0   00:46:14   00:02:45      1:0 
181633.exte+     extern        512        4   00:00:00          2   00:00:00   00:02:45      0:0 
181633.0          orted         48        3   00:17:14          2   00:19:35   00:02:35      0:0 

Memory usage stats:
       JobID     MaxRSS MaxRSSTask     AveRSS MaxPages   MaxPagesTask   AvePages 
------------ ---------- ---------- ---------- -------- -------------- ---------- 
181633                                                                           
181633.batch  20908297K          0  20908297K       67              0         67 
181633.exte+       802K          2     819968        3              1          1 
181633.0      17242273K          0 114088912+       50              1         42 

Disk usage stats:
       JobID  MaxDiskRead MaxDiskReadTask    AveDiskRead MaxDiskWrite MaxDiskWriteTask   AveDiskWrite 
------------ ------------ --------------- -------------- ------------ ---------------- -------------- 
181633                                                                                                
181633.batch      269.69M               0        269.69M      132.34M                0        132.34M 
181633.exte+        0.00M               2          0.00M            0                2              0 
181633.0           28.76M               0         28.58M       25.40M                1         19.97M 

Job 181633 completed at Fri May 7 11:50:11 CEST 2021
