Copying Kr_137.035989.out to /cluster/home/ambr/projects/zora/mini-benchmark-gto-mw/noble-ions/calcs
Copying Kr_137.035989.json to /cluster/home/ambr/projects/zora/mini-benchmark-gto-mw/noble-ions/calcs

Task and CPU usage stats:
       JobID    JobName  AllocCPUS   NTasks     MinCPU MinCPUTask     AveCPU    Elapsed ExitCode 
------------ ---------- ---------- -------- ---------- ---------- ---------- ---------- -------- 
181583       Kr_137.03+        512                                             00:18:31      1:0 
181583.batch      batch        128        1   05:46:12          0   05:46:12   00:18:31      1:0 
181583.exte+     extern        512        4   00:00:00          1   00:00:00   00:18:31      0:0 
181583.0          orted         48        3   02:26:09          2   02:42:54   00:18:23      0:0 

Memory usage stats:
       JobID     MaxRSS MaxRSSTask     AveRSS MaxPages   MaxPagesTask   AvePages 
------------ ---------- ---------- ---------- -------- -------------- ---------- 
181583                                                                           
181583.batch  50874801K          0  50874801K       85              0         85 
181583.exte+       814K          0     823552        3              1          3 
181583.0      27323605K          0  17659840K       48              0         41 

Disk usage stats:
       JobID  MaxDiskRead MaxDiskReadTask    AveDiskRead MaxDiskWrite MaxDiskWriteTask   AveDiskWrite 
------------ ------------ --------------- -------------- ------------ ---------------- -------------- 
181583                                                                                                
181583.batch      269.70M               0        269.70M      281.31M                0        281.31M 
181583.exte+        0.00M               1          0.00M            0                1              0 
181583.0           28.76M               0         28.58M       33.68M                1         22.78M 

Job 181583 completed at Fri May 7 11:45:00 CEST 2021
Starting job 181634 on b[4209-4212] at Fri May 7 11:47:27 CEST 2021

Copying Kr_137.035989.out to /cluster/home/ambr/projects/zora/mini-benchmark-gto-mw/noble-ions/calcs
Copying Kr_137.035989.json to /cluster/home/ambr/projects/zora/mini-benchmark-gto-mw/noble-ions/calcs

Task and CPU usage stats:
       JobID    JobName  AllocCPUS   NTasks     MinCPU MinCPUTask     AveCPU    Elapsed ExitCode 
------------ ---------- ---------- -------- ---------- ---------- ---------- ---------- -------- 
181634       Kr_137.03+        512                                             00:12:03      1:0 
181634.batch      batch        128        1   03:42:26          0   03:42:26   00:12:03      1:0 
181634.exte+     extern        512        4   00:00:00          1   00:00:00   00:12:03      0:0 
181634.0          orted         48        3   01:32:10          2   01:44:03   00:11:52      0:0 

Memory usage stats:
       JobID     MaxRSS MaxRSSTask     AveRSS MaxPages   MaxPagesTask   AvePages 
------------ ---------- ---------- ---------- -------- -------------- ---------- 
181634                                                                           
181634.batch  25377457K          0  25377457K       96              0         96 
181634.exte+       802K          2    799.50K        3              1          2 
181634.0      17993077K          0 120840185+       57              1         50 

Disk usage stats:
       JobID  MaxDiskRead MaxDiskReadTask    AveDiskRead MaxDiskWrite MaxDiskWriteTask   AveDiskWrite 
------------ ------------ --------------- -------------- ------------ ---------------- -------------- 
181634                                                                                                
181634.batch      269.70M               0        269.70M      274.46M                0        274.46M 
181634.exte+        0.00M               1          0.00M            0                1              0 
181634.0           28.75M               0         28.58M       25.41M                1         20.00M 

Job 181634 completed at Fri May 7 11:59:29 CEST 2021
