Starting job 181635 on b[4213,4224,4227-4228] at Fri May 7 11:47:27 CEST 2021

Copying Kr_2192.575824.out to /cluster/home/ambr/projects/zora/mini-benchmark-gto-mw/noble-ions/calcs
Copying Kr_2192.575824.json to /cluster/home/ambr/projects/zora/mini-benchmark-gto-mw/noble-ions/calcs

Task and CPU usage stats:
       JobID    JobName  AllocCPUS   NTasks     MinCPU MinCPUTask     AveCPU    Elapsed ExitCode 
------------ ---------- ---------- -------- ---------- ---------- ---------- ---------- -------- 
181635       Kr_2192.5+        512                                             00:02:32      1:0 
181635.batch      batch        128        1   00:39:29          0   00:39:29   00:02:32      1:0 
181635.exte+     extern        512        4   00:00:00          3   00:00:00   00:02:32      0:0 
181635.0          orted         48        3   00:15:59          2   00:18:09   00:02:22      0:0 

Memory usage stats:
       JobID     MaxRSS MaxRSSTask     AveRSS MaxPages   MaxPagesTask   AvePages 
------------ ---------- ---------- ---------- -------- -------------- ---------- 
181635                                                                           
181635.batch  21049231K          0  21049231K       77              0         77 
181635.exte+       802K          2     647936        3              3          2 
181635.0      17232847K          0 114047412+       46              1         40 

Disk usage stats:
       JobID  MaxDiskRead MaxDiskReadTask    AveDiskRead MaxDiskWrite MaxDiskWriteTask   AveDiskWrite 
------------ ------------ --------------- -------------- ------------ ---------------- -------------- 
181635                                                                                                
181635.batch      269.68M               0        269.68M      132.34M                0        132.34M 
181635.exte+        0.00M               3          0.00M            0                3              0 
181635.0           28.75M               0         28.57M       25.40M                1         19.97M 

Job 181635 completed at Fri May 7 11:49:58 CEST 2021
