Starting job 181636 on b[4229-4232] at Fri May 7 11:47:27 CEST 2021

Copying Kr_274.071978.out to /cluster/home/ambr/projects/zora/mini-benchmark-gto-mw/noble-ions/calcs
Copying Kr_274.071978.json to /cluster/home/ambr/projects/zora/mini-benchmark-gto-mw/noble-ions/calcs

Task and CPU usage stats:
       JobID    JobName  AllocCPUS   NTasks     MinCPU MinCPUTask     AveCPU    Elapsed ExitCode 
------------ ---------- ---------- -------- ---------- ---------- ---------- ---------- -------- 
181636       Kr_274.07+        512                                             00:05:55      1:0 
181636.batch      batch        128        1   01:45:31          0   01:45:31   00:05:55      1:0 
181636.exte+     extern        512        4   00:00:00          1   00:00:00   00:05:56      0:0 
181636.0          orted         48        3   00:42:27          2   00:48:12   00:05:45      0:0 

Memory usage stats:
       JobID     MaxRSS MaxRSSTask     AveRSS MaxPages   MaxPagesTask   AvePages 
------------ ---------- ---------- ---------- -------- -------------- ---------- 
181636                                                                           
181636.batch  23267856K          0  23267856K       79              0         79 
181636.exte+       802K          1     817920        3              2          2 
181636.0      17664910K          0  11552019K       51              2         48 

Disk usage stats:
       JobID  MaxDiskRead MaxDiskReadTask    AveDiskRead MaxDiskWrite MaxDiskWriteTask   AveDiskWrite 
------------ ------------ --------------- -------------- ------------ ---------------- -------------- 
181636                                                                                                
181636.batch      269.68M               0        269.68M      132.37M                0        132.37M 
181636.exte+        0.00M               1          0.00M            0                1              0 
181636.0           28.75M               0         28.57M       25.40M                1         19.98M 

Job 181636 completed at Fri May 7 11:53:22 CEST 2021
