Starting job 181637 on b[4233-4236] at Fri May 7 11:47:26 CEST 2021

Copying Kr_34.25899725.out to /cluster/home/ambr/projects/zora/mini-benchmark-gto-mw/noble-ions/calcs
Copying Kr_34.25899725.json to /cluster/home/ambr/projects/zora/mini-benchmark-gto-mw/noble-ions/calcs

Task and CPU usage stats:
       JobID    JobName  AllocCPUS   NTasks     MinCPU MinCPUTask     AveCPU    Elapsed ExitCode 
------------ ---------- ---------- -------- ---------- ---------- ---------- ---------- -------- 
181637       Kr_34.258+        512                                             00:48:25      1:0 
181637.batch      batch        128        1   12:59:45          0   06:27:11   00:48:25      1:0 
181637.exte+     extern        512        4   00:00:00          1   00:00:00   00:48:25      0:0 
181637.0          orted         48        3   06:22:50          2   06:44:15   00:48:15      0:0 

Memory usage stats:
       JobID     MaxRSS MaxRSSTask     AveRSS MaxPages   MaxPagesTask   AvePages 
------------ ---------- ---------- ---------- -------- -------------- ---------- 
181637                                                                           
181637.batch 254887442K          0 254887442K    18976              0       2648 
181637.exte+       812K          3       802K        3              2          2 
181637.0     224306946K          0 150965818+     3251              0       1115 

Disk usage stats:
       JobID  MaxDiskRead MaxDiskReadTask    AveDiskRead MaxDiskWrite MaxDiskWriteTask   AveDiskWrite 
------------ ------------ --------------- -------------- ------------ ---------------- -------------- 
181637                                                                                                
181637.batch      269.71M               0        269.71M      134.22M                0        134.22M 
181637.exte+        0.00M               1          0.00M            0                1              0 
181637.0           28.77M               0         28.58M       34.90M                1         23.71M 

Job 181637 completed at Fri May 7 12:35:52 CEST 2021
