                                                                           
                                                                           
***************************************************************************
***                                                                     ***
***                                                                     ***
***          __  __ ____   ____ _                                       ***
***         |  \/  |  _ \ / ___| |__   ___ _ __ ___                     ***
***         | |\/| | |_) | |   | '_ \ / _ \ '_ ` _ \                    ***
***         | |  | |  _ <| |___| | | |  __/ | | | | |                   ***
***         |_|  |_|_| \_\\____|_| |_|\___|_| |_| |_|                   ***
***                                                                     ***
***         VERSION            1.1.0-alpha                              ***
***                                                                     ***
***         Git branch         new-zora                                 ***
***         Git commit hash    dd0292b4cc5a484bb89f                     ***
***         Git commit author  Anders Brakestad                         ***
***         Git commit date    Tue May 4 16:46:31 2021 +0200            ***
***                                                                     ***
***         Contact: luca.frediani@uit.no                               ***
***                                                                     ***
***         Radovan Bast            Magnar Bjorgve                      ***
***         Roberto Di Remigio      Antoine Durdek                      ***
***         Luca Frediani           Gabriel Gerez                       ***
***         Stig Rune Jensen        Jonas Juselius                      ***
***         Rune Monstad            Peter Wind                          ***
***                                                                     ***
***************************************************************************

---------------------------------------------------------------------------

 MPI processes           :       (10 bank)                              32
 OpenMP threads          :                                              16
 Total cores             :                                             362
                                                                           
---------------------------------------------------------------------------

XCFun DFT library Copyright 2009-2020 Ulf Ekstrom and contributors.
See http://dftlibs.org/xcfun/ for more information.

This is free software; see the source code for copying conditions.
There is ABSOLUTELY NO WARRANTY; not even for MERCHANTABILITY or
FITNESS FOR A PARTICULAR PURPOSE. For details see the documentation.
Scientific users of this library should cite
U. Ekstrom, L. Visscher, R. Bast, A. J. Thorvaldsen and K. Ruud;
J.Chem.Theor.Comp. 2010, DOI: 10.1021/ct100117s

---------------------------------------------------------------------------

 MRCPP version         : 1.4.0-alpha
 Git branch            : HEAD
 Git commit hash       : 2797a7a18efb69942a6e
 Git commit author     : Stig Rune Jensen
 Git commit date       : Fri Mar 12 12:48:07 2021 +0100

 Linear algebra        : EIGEN v3.3.7
 Parallelization       : MPI/OpenMP (16 threads)

---------------------------------------------------------------------------


                                                                           
===========================================================================
                         MultiResolution Analysis
---------------------------------------------------------------------------
 polynomial order      : 11
 polynomial type       : Interpolating
---------------------------------------------------------------------------
 total boxes           : 8
 boxes                 : [          2           2           2 ]
 unit lengths          : [   32.00000    32.00000    32.00000 ]
 scaling factor        : [    1.00000     1.00000     1.00000 ]
 lower bounds          : [  -32.00000   -32.00000   -32.00000 ]
 upper bounds          : [   32.00000    32.00000    32.00000 ]
 total length          : [   64.00000    64.00000    64.00000 ]
===========================================================================


                                                                           
***************************************************************************
***                                                                     ***
***                        Initializing Molecule                        ***
***                                                                     ***
***************************************************************************
                                                                           
                                                                           
===========================================================================
                                 Molecule
---------------------------------------------------------------------------
 Charge                  :                                              34
 Multiplicity            :                                               1
---------------------------------------------------------------------------
    N    Atom            :               x               y               z
---------------------------------------------------------------------------
    0      Kr            :        0.000000        0.000000        0.000000
---------------------------------------------------------------------------
 Center of mass          :        0.000000        0.000000        0.000000
===========================================================================


                                                                           
***************************************************************************
***                                                                     ***
***                 Computing Ground State Wavefunction                 ***
***                                                                     ***
***************************************************************************
                                                                           
                                                                           
~~~~~~~~~~~~~~~~~~~~~~~~~~~~~~~~~~~~~~~~~~~~~~~~~~~~~~~~~~~~~~~~~~~~~~~~~~~
 Calculation             : Compute initial orbitals
 Method                  : Project MW molecular orbitals
 Precision               : 1.00000e-07
 Restricted              : True
 MO file                 : initial_guess/phi_p_scf
~~~~~~~~~~~~~~~~~~~~~~~~~~~~~~~~~~~~~~~~~~~~~~~~~~~~~~~~~~~~~~~~~~~~~~~~~~~


===========================================================================
                            Molecular Orbitals
---------------------------------------------------------------------------
 Alpha electrons         :                                               1
 Beta electrons          :                                               1
 Total electrons         :                                               2
---------------------------------------------------------------------------
    n  Occ Spin          :                                            Norm
---------------------------------------------------------------------------
    0    2    p          :                              9.999999999968e-01
===========================================================================


~~~~~~~~~~~~~~~~~~~~~~~~~~~~~~~~~~~~~~~~~~~~~~~~~~~~~~~~~~~~~~~~~~~~~~~~~~~
 Calculation             : Compute initial energy
 Method                  : DFT (SVWN5)
 Precision               : 1.00000e-07
 Localization            : On
~~~~~~~~~~~~~~~~~~~~~~~~~~~~~~~~~~~~~~~~~~~~~~~~~~~~~~~~~~~~~~~~~~~~~~~~~~~


===========================================================================
                        Molecular Energy (initial)
---------------------------------------------------------------------------
 Kinetic energy          :            (au)                868.375544369347
 E-N energy              :            (au)              -2566.358317830312
 Coulomb energy          :            (au)                 44.486834885202
 Exchange energy         :            (au)                  0.000000000000
 X-C energy              :            (au)                -19.361023174878
 Ext. field (el)         :            (au)                  0.000000000000
---------------------------------------------------------------------------
 N-N energy              :            (au)                  0.000000000000
 Ext. field (nuc)        :            (au)                  0.000000000000
 Tot. Reac. Energy       :            (au)                  0.000000000000
 El. Reac. Energy        :            (au)                  0.000000000000
 Nuc. Reac. Energy       :            (au)                  0.000000000000
---------------------------------------------------------------------------
 Electronic energy       :            (au)              -1672.856961750640
 Nuclear energy          :            (au)                  0.000000000000
---------------------------------------------------------------------------
 Total energy            :            (au)             -1.672856961751e+03
                         :      (kcal/mol)             -1.049733583781e+06
                         :        (kJ/mol)             -4.392085317391e+06
                         :            (eV)             -4.552075491977e+04
===========================================================================


===========================================================================
                        Orbital Energies (initial)
---------------------------------------------------------------------------
    n  Occ Spin          :                                         Epsilon
---------------------------------------------------------------------------
    0    2    p          :            (au)               -817.375409289510
---------------------------------------------------------------------------
 Sum occupied            :            (au)              -1634.750818579020
===========================================================================


~~~~~~~~~~~~~~~~~~~~~~~~~~~~~~~~~~~~~~~~~~~~~~~~~~~~~~~~~~~~~~~~~~~~~~~~~~~
 Calculation             : Optimize ground state orbitals
 Method                  : DFT (SVWN5)
 Checkpointing           : Off
 Max iterations          : 100
 KAIN solver             : 10
 Localization            : Every 5 iterations
 Diagonalization         : Off
 Start precision         : 1.00000e-07
 Final precision         : 1.00000e-07
 Helmholtz precision     : Dynamic
 Energy threshold        : 1.00000e-07
 Orbital threshold       : 1.00000e-06
 ZORA                    : On
 Speed of Light          : 3.42590e+01
 ZORA terms              : [1, 1]
~~~~~~~~~~~~~~~~~~~~~~~~~~~~~~~~~~~~~~~~~~~~~~~~~~~~~~~~~~~~~~~~~~~~~~~~~~~


===========================================================================
 Iter           MO residual             Total energy                Update
---------------------------------------------------------------------------
    0          1.000000e+00       -1672.856961750640         -1.672857e+03
    1          1.416317e-01       -1898.390749985405         -2.255338e+02
    2          1.204018e-01       -2097.433204218213         -1.990425e+02
    3          1.000712e-01       -2269.319464750573         -1.718863e+02
    4          4.457523e-01       -2736.882633360150         -4.675632e+02
    5          1.955316e-01       -2701.345291960574          3.553734e+01
    6          4.393281e-02       -2791.632436974593         -9.028715e+01
    7          2.633193e-01       -3162.548544246960         -3.709161e+02
    8          1.373995e-01       -3079.121851400011          8.342669e+01
    9          1.873208e-01       -3378.997959574515         -2.998761e+02
   10          6.294221e-02       -3409.404219160246         -3.040626e+01
   11          1.631690e-02       -3443.691646210611         -3.428743e+01
   12          6.379969e-02       -3585.090410778396         -1.413988e+02
   13          2.869264e-02       -3687.338791722028         -1.022484e+02
   14          1.114027e-01       -3879.519549416391         -1.921808e+02
   15          7.399764e-02       -3815.047580915590          6.447197e+01
   16          5.901325e-03       -3833.276702607500         -1.822912e+01
   17          2.521633e-02       -3921.293228935090         -8.801653e+01
   18          1.019310e-01       -4204.710569736169         -2.834173e+02
   19          9.462886e-02       -3980.251383897504          2.244592e+02
   20          1.879085e-01       -4290.869204472544         -3.106178e+02
   21          3.273960e-02       -4326.488690741930         -3.561949e+01
   22          2.564149e-02       -4361.555253169685         -3.506656e+01
   23          1.025727e-02       -4395.462652869742         -3.390740e+01
   24          5.912663e-03       -4420.901129419953         -2.543848e+01
   25          3.099218e-03       -4448.427726944681         -2.752660e+01
   26          8.998378e-04       -4456.531862270193         -8.104135e+00
   27          7.909580e-03       -4392.153951817081          6.437791e+01
   28          1.992200e-02       -4274.982402925612          1.171715e+02
   29          5.646343e-02       -4589.551519450245         -3.145691e+02
   30          2.839812e-02       -4500.763967840922          8.878755e+01
   31          3.950442e-03       -4508.473130374283         -7.709163e+00
   32          6.462604e-03       -4527.317919259915         -1.884479e+01
   33          1.000878e-02       -4575.013238289657         -4.769532e+01
   34          4.465847e-02       -4774.807529600434         -1.997943e+02
   35          3.041570e-02       -4681.114039823002          9.369349e+01
   36          3.529073e-03       -4687.475374609438         -6.361335e+00
   37          5.694827e-03       -4703.360121288075         -1.588475e+01
   38          9.958747e-03       -4749.734394161744         -4.637427e+01
   39          5.240908e-02       -4965.497580576263         -2.157632e+02
   40          4.374544e-02       -4813.224313203696          1.522733e+02
   41          2.461207e-03       -4818.891230798848         -5.666918e+00
   42          4.738909e-03       -4834.963411574468         -1.607218e+01
   43          1.223304e-02       -4895.622098988968         -6.065869e+01
