Starting job 181638 on b[4237-4240] at Fri May 7 11:47:27 CEST 2021

Copying Kr_4385.151648.out to /cluster/home/ambr/projects/zora/mini-benchmark-gto-mw/noble-ions/calcs
Copying Kr_4385.151648.json to /cluster/home/ambr/projects/zora/mini-benchmark-gto-mw/noble-ions/calcs

Task and CPU usage stats:
       JobID    JobName  AllocCPUS   NTasks     MinCPU MinCPUTask     AveCPU    Elapsed ExitCode 
------------ ---------- ---------- -------- ---------- ---------- ---------- ---------- -------- 
181638       Kr_4385.1+        512                                             00:02:33      1:0 
181638.batch      batch        128        1   00:42:39          0   00:42:39   00:02:33      1:0 
181638.exte+     extern        512        4   00:00:00          1   00:00:00   00:02:34      0:0 
181638.0          orted         48        3   00:16:00          2   00:18:03   00:02:23      0:0 

Memory usage stats:
       JobID     MaxRSS MaxRSSTask     AveRSS MaxPages   MaxPagesTask   AvePages 
------------ ---------- ---------- ---------- -------- -------------- ---------- 
181638                                                                           
181638.batch  20968228K          0  20968228K       77              0         77 
181638.exte+       800K          3     817408        3              2          1 
181638.0      17265038K          0 114479557+       65              1         62 

Disk usage stats:
       JobID  MaxDiskRead MaxDiskReadTask    AveDiskRead MaxDiskWrite MaxDiskWriteTask   AveDiskWrite 
------------ ------------ --------------- -------------- ------------ ---------------- -------------- 
181638                                                                                                
181638.batch      269.69M               0        269.69M      247.33M                0        247.33M 
181638.exte+        0.00M               1          0.00M            0                1              0 
181638.0           28.74M               0         28.57M       25.41M                1         19.97M 

Job 181638 completed at Fri May 7 11:50:00 CEST 2021
