Starting job 181639 on b[4241-4242,4244-4245] at Fri May 7 11:47:27 CEST 2021

Copying Kr_548.143956.out to /cluster/home/ambr/projects/zora/mini-benchmark-gto-mw/noble-ions/calcs
Copying Kr_548.143956.json to /cluster/home/ambr/projects/zora/mini-benchmark-gto-mw/noble-ions/calcs

Task and CPU usage stats:
       JobID    JobName  AllocCPUS   NTasks     MinCPU MinCPUTask     AveCPU    Elapsed ExitCode 
------------ ---------- ---------- -------- ---------- ---------- ---------- ---------- -------- 
181639       Kr_548.14+        512                                             00:02:52      1:0 
181639.batch      batch        128        1   00:45:43          0   00:45:43   00:02:52      1:0 
181639.exte+     extern        512        4   00:00:00          2   00:00:00   00:02:52      0:0 
181639.0          orted         48        3   00:18:27          2   00:20:50   00:02:42      0:0 

Memory usage stats:
       JobID     MaxRSS MaxRSSTask     AveRSS MaxPages   MaxPagesTask   AvePages 
------------ ---------- ---------- ---------- -------- -------------- ---------- 
181639                                                                           
181639.batch  21418350K          0  21418350K       80              0         80 
181639.exte+       816K          2     824064        3              2          2 
181639.0      17389400K          0 115234614+       45              2         43 

Disk usage stats:
       JobID  MaxDiskRead MaxDiskReadTask    AveDiskRead MaxDiskWrite MaxDiskWriteTask   AveDiskWrite 
------------ ------------ --------------- -------------- ------------ ---------------- -------------- 
181639                                                                                                
181639.batch      269.69M               0        269.69M      132.34M                0        132.34M 
181639.exte+        0.00M               2          0.00M            0                2              0 
181639.0           28.75M               0         28.57M       25.41M                1         19.97M 

Job 181639 completed at Fri May 7 11:50:18 CEST 2021
