Starting job 181640 on b[3301-3304] at Fri May 7 11:47:27 CEST 2021


Task and CPU usage stats:
       JobID    JobName  AllocCPUS   NTasks     MinCPU MinCPUTask     AveCPU    Elapsed ExitCode 
------------ ---------- ---------- -------- ---------- ---------- ---------- ---------- -------- 
181640       Kr_68.517+        512                                             01:00:02      0:0 
181640.batch      batch        128        1   16:57:13          0   16:57:13   01:00:06     0:15 
181640.exte+     extern        512        4   00:00:00          3   00:00:00   01:00:02      0:0 
181640.0          orted         48        3                                    00:59:52      0:0 

Memory usage stats:
       JobID     MaxRSS MaxRSSTask     AveRSS MaxPages   MaxPagesTask   AvePages 
------------ ---------- ---------- ---------- -------- -------------- ---------- 
181640                                                                           
181640.batch 214130280K          0 214130280K       79              0         79 
181640.exte+       803K          2     819456        3              0          1 
181640.0                                                                         

Disk usage stats:
       JobID  MaxDiskRead MaxDiskReadTask    AveDiskRead MaxDiskWrite MaxDiskWriteTask   AveDiskWrite 
------------ ------------ --------------- -------------- ------------ ---------------- -------------- 
181640                                                                                                
181640.batch      269.69M               0        269.69M      134.18M                0        134.18M 
181640.exte+        0.00M               3          0.00M            0                3              0 
181640.0           28.76M               0         28.58M       35.07M                1         23.74M 

Job 181640 completed at Fri May 7 12:47:33 CEST 2021
