Starting job 181618 on b[2337-2340] at Fri May 7 11:47:23 CEST 2021

Copying Ne_137.035989.out to /cluster/home/ambr/projects/zora/mini-benchmark-gto-mw/noble-ions/calcs
Copying Ne_137.035989.json to /cluster/home/ambr/projects/zora/mini-benchmark-gto-mw/noble-ions/calcs

Task and CPU usage stats:
       JobID    JobName  AllocCPUS   NTasks     MinCPU MinCPUTask     AveCPU    Elapsed ExitCode 
------------ ---------- ---------- -------- ---------- ---------- ---------- ---------- -------- 
181618       Ne_137.03+        512                                             00:02:35      1:0 
181618.batch      batch        128        1   00:41:04          0   00:41:04   00:02:35      1:0 
181618.exte+     extern        512        4   00:00:00          2   00:00:00   00:02:35      0:0 
181618.0          orted         48        3   00:15:46          2   00:17:54   00:02:22      0:0 

Memory usage stats:
       JobID     MaxRSS MaxRSSTask     AveRSS MaxPages   MaxPagesTask   AvePages 
------------ ---------- ---------- ---------- -------- -------------- ---------- 
181618                                                                           
181618.batch  19257441K          0  19257441K       82              0         82 
181618.exte+       801K          3       798K        1              2          1 
181618.0      15625150K          0 105378689+       65              1         55 

Disk usage stats:
       JobID  MaxDiskRead MaxDiskReadTask    AveDiskRead MaxDiskWrite MaxDiskWriteTask   AveDiskWrite 
------------ ------------ --------------- -------------- ------------ ---------------- -------------- 
181618                                                                                                
181618.batch      242.63M               0        242.63M      118.82M                0        118.82M 
181618.exte+        0.00M               2          0.00M            0                2              0 
181618.0           28.75M               0         28.57M       25.41M                1         19.97M 

Job 181618 completed at Fri May 7 11:49:58 CEST 2021
