Starting job 181617 on b[2333-2336] at Fri May 7 11:47:23 CEST 2021

Copying Ne_1096.287912.out to /cluster/home/ambr/projects/zora/mini-benchmark-gto-mw/noble-ions/calcs
Copying Ne_1096.287912.json to /cluster/home/ambr/projects/zora/mini-benchmark-gto-mw/noble-ions/calcs

Task and CPU usage stats:
       JobID    JobName  AllocCPUS   NTasks     MinCPU MinCPUTask     AveCPU    Elapsed ExitCode 
------------ ---------- ---------- -------- ---------- ---------- ---------- ---------- -------- 
181617       Ne_1096.2+        512                                             00:02:16      1:0 
181617.batch      batch        128        1   00:35:19          0   00:35:19   00:02:16      1:0 
181617.exte+     extern        512        4   00:00:00          3   00:00:00   00:02:16      0:0 
181617.0          orted         48        3   00:13:31          2   00:15:23   00:02:03      0:0 

Memory usage stats:
       JobID     MaxRSS MaxRSSTask     AveRSS MaxPages   MaxPagesTask   AvePages 
------------ ---------- ---------- ---------- -------- -------------- ---------- 
181617                                                                           
181617.batch  16799274K          0  16799274K       86              0         86 
181617.exte+       799K          3     817920        1              3          1 
181617.0      15484746K          0  10201038K       60              2         53 

Disk usage stats:
       JobID  MaxDiskRead MaxDiskReadTask    AveDiskRead MaxDiskWrite MaxDiskWriteTask   AveDiskWrite 
------------ ------------ --------------- -------------- ------------ ---------------- -------------- 
181617                                                                                                
181617.batch      242.63M               0        242.63M      118.80M                0        118.80M 
181617.exte+        0.00M               3          0.00M            0                3              0 
181617.0           28.74M               0         28.57M       21.32M                1         18.60M 

Job 181617 completed at Fri May 7 11:49:40 CEST 2021
