Starting job 181619 on b[2341,2343-2345] at Fri May 7 11:47:23 CEST 2021

Copying Ne_2192.575824.out to /cluster/home/ambr/projects/zora/mini-benchmark-gto-mw/noble-ions/calcs
Copying Ne_2192.575824.json to /cluster/home/ambr/projects/zora/mini-benchmark-gto-mw/noble-ions/calcs

Task and CPU usage stats:
       JobID    JobName  AllocCPUS   NTasks     MinCPU MinCPUTask     AveCPU    Elapsed ExitCode 
------------ ---------- ---------- -------- ---------- ---------- ---------- ---------- -------- 
181619       Ne_2192.5+        512                                             00:02:20      1:0 
181619.batch      batch        128        1   00:34:36          0   00:34:36   00:02:20      1:0 
181619.exte+     extern        512        4   00:00:00          3   00:00:00   00:02:20      0:0 
181619.0          orted         48        3   00:13:14          2   00:15:00   00:02:07      0:0 

Memory usage stats:
       JobID     MaxRSS MaxRSSTask     AveRSS MaxPages   MaxPagesTask   AvePages 
------------ ---------- ---------- ---------- -------- -------------- ---------- 
181619                                                                           
181619.batch  18807384K          0  18807384K       76              0         76 
181619.exte+       798K          0       629K        1              3          1 
181619.0      15517597K          0 104674604+       52              0         47 

Disk usage stats:
       JobID  MaxDiskRead MaxDiskReadTask    AveDiskRead MaxDiskWrite MaxDiskWriteTask   AveDiskWrite 
------------ ------------ --------------- -------------- ------------ ---------------- -------------- 
181619                                                                                                
181619.batch      242.63M               0        242.63M      118.81M                0        118.81M 
181619.exte+        0.00M               3          0.00M            0                3              0 
181619.0           28.75M               0         28.57M       21.32M                1         18.60M 

Job 181619 completed at Fri May 7 11:49:43 CEST 2021
