Starting job 181620 on b[1158-1161] at Fri May 7 11:47:23 CEST 2021

Copying Ne_274.071978.out to /cluster/home/ambr/projects/zora/mini-benchmark-gto-mw/noble-ions/calcs
Copying Ne_274.071978.json to /cluster/home/ambr/projects/zora/mini-benchmark-gto-mw/noble-ions/calcs

Task and CPU usage stats:
       JobID    JobName  AllocCPUS   NTasks     MinCPU MinCPUTask     AveCPU    Elapsed ExitCode 
------------ ---------- ---------- -------- ---------- ---------- ---------- ---------- -------- 
181620       Ne_274.07+        512                                             00:02:29      1:0 
181620.batch      batch        128        1   00:38:58          0   00:38:58   00:02:29      1:0 
181620.exte+     extern        512        4   00:00:00          3   00:00:00   00:02:29      0:0 
181620.0          orted         48        3   00:14:39          2   00:16:54   00:02:15      0:0 

Memory usage stats:
       JobID     MaxRSS MaxRSSTask     AveRSS MaxPages   MaxPagesTask   AvePages 
------------ ---------- ---------- ---------- -------- -------------- ---------- 
181620                                                                           
181620.batch  18218070K          0  18218070K       86              0         86 
181620.exte+       805K          1     817920        3              1          1 
181620.0      15518916K          0  10200051K       74              1         56 

Disk usage stats:
       JobID  MaxDiskRead MaxDiskReadTask    AveDiskRead MaxDiskWrite MaxDiskWriteTask   AveDiskWrite 
------------ ------------ --------------- -------------- ------------ ---------------- -------------- 
181620                                                                                                
181620.batch      242.64M               0        242.64M      118.81M                0        118.81M 
181620.exte+        0.00M               3          0.00M            0                3              0 
181620.0           28.75M               0         28.57M       21.30M                1         18.60M 

Job 181620 completed at Fri May 7 11:49:52 CEST 2021
