                                                                           
                                                                           
***************************************************************************
***                                                                     ***
***                                                                     ***
***          __  __ ____   ____ _                                       ***
***         |  \/  |  _ \ / ___| |__   ___ _ __ ___                     ***
***         | |\/| | |_) | |   | '_ \ / _ \ '_ ` _ \                    ***
***         | |  | |  _ <| |___| | | |  __/ | | | | |                   ***
***         |_|  |_|_| \_\\____|_| |_|\___|_| |_| |_|                   ***
***                                                                     ***
***         VERSION            1.1.0-alpha                              ***
***                                                                     ***
***         Git branch         new-zora                                 ***
***         Git commit hash    dd0292b4cc5a484bb89f                     ***
***         Git commit author  Anders Brakestad                         ***
***         Git commit date    Tue May 4 16:46:31 2021 +0200            ***
***                                                                     ***
***         Contact: luca.frediani@uit.no                               ***
***                                                                     ***
***         Radovan Bast            Magnar Bjorgve                      ***
***         Roberto Di Remigio      Antoine Durdek                      ***
***         Luca Frediani           Gabriel Gerez                       ***
***         Stig Rune Jensen        Jonas Juselius                      ***
***         Rune Monstad            Peter Wind                          ***
***                                                                     ***
***************************************************************************

---------------------------------------------------------------------------

 MPI processes           :       (no bank)                               1
 OpenMP threads          :                                              18
 Total cores             :                                              18
                                                                           
---------------------------------------------------------------------------

XCFun DFT library Copyright 2009-2020 Ulf Ekstrom and contributors.
See http://dftlibs.org/xcfun/ for more information.

This is free software; see the source code for copying conditions.
There is ABSOLUTELY NO WARRANTY; not even for MERCHANTABILITY or
FITNESS FOR A PARTICULAR PURPOSE. For details see the documentation.
Scientific users of this library should cite
U. Ekstrom, L. Visscher, R. Bast, A. J. Thorvaldsen and K. Ruud;
J.Chem.Theor.Comp. 2010, DOI: 10.1021/ct100117s

---------------------------------------------------------------------------

 MRCPP version         : 1.4.0-alpha
 Git branch            : HEAD
 Git commit hash       : 2797a7a18efb69942a6e
 Git commit author     : Stig Rune Jensen
 Git commit date       : Fri Mar 12 12:48:07 2021 +0100

 Linear algebra        : EIGEN v3.3.7
 Parallelization       : OpenMP (18 threads)

---------------------------------------------------------------------------


                                                                           
===========================================================================
                         MultiResolution Analysis
---------------------------------------------------------------------------
 polynomial order      : 11
 polynomial type       : Interpolating
---------------------------------------------------------------------------
 total boxes           : 8
 boxes                 : [          2           2           2 ]
 unit lengths          : [   32.00000    32.00000    32.00000 ]
 scaling factor        : [    1.00000     1.00000     1.00000 ]
 lower bounds          : [  -32.00000   -32.00000   -32.00000 ]
 upper bounds          : [   32.00000    32.00000    32.00000 ]
 total length          : [   64.00000    64.00000    64.00000 ]
===========================================================================


                                                                           
***************************************************************************
***                                                                     ***
***                        Initializing Molecule                        ***
***                                                                     ***
***************************************************************************
                                                                           
                                                                           
===========================================================================
                                 Molecule
---------------------------------------------------------------------------
 Charge                  :                                               0
 Multiplicity            :                                               1
---------------------------------------------------------------------------
    N    Atom            :               x               y               z
---------------------------------------------------------------------------
    0      Ne            :        0.000000        0.000000        0.000000
---------------------------------------------------------------------------
 Center of mass          :        0.000000        0.000000        0.000000
===========================================================================


                                                                           
***************************************************************************
***                                                                     ***
***                 Computing Ground State Wavefunction                 ***
***                                                                     ***
***************************************************************************
                                                                           
                                                                           
~~~~~~~~~~~~~~~~~~~~~~~~~~~~~~~~~~~~~~~~~~~~~~~~~~~~~~~~~~~~~~~~~~~~~~~~~~~
 Calculation             : Compute initial orbitals
 Method                  : Project MW molecular orbitals
 Precision               : 1.00000e-07
 Restricted              : True
 MO file                 : orbitals/phi_p_scf
~~~~~~~~~~~~~~~~~~~~~~~~~~~~~~~~~~~~~~~~~~~~~~~~~~~~~~~~~~~~~~~~~~~~~~~~~~~


===========================================================================
                            Molecular Orbitals
---------------------------------------------------------------------------
 Alpha electrons         :                                               5
 Beta electrons          :                                               5
 Total electrons         :                                              10
---------------------------------------------------------------------------
    n  Occ Spin          :                                            Norm
---------------------------------------------------------------------------
    0    2    p          :                              9.999999999968e-01
    1    2    p          :                              9.999999999968e-01
    2    2    p          :                              9.999999999968e-01
    3    2    p          :                              9.999999999968e-01
    4    2    p          :                              9.999999999968e-01
===========================================================================


~~~~~~~~~~~~~~~~~~~~~~~~~~~~~~~~~~~~~~~~~~~~~~~~~~~~~~~~~~~~~~~~~~~~~~~~~~~
 Calculation             : Compute initial energy
 Method                  : DFT (SVWN5)
 Precision               : 1.00000e-07
 Localization            : On
~~~~~~~~~~~~~~~~~~~~~~~~~~~~~~~~~~~~~~~~~~~~~~~~~~~~~~~~~~~~~~~~~~~~~~~~~~~


===========================================================================
                        Molecular Energy (initial)
---------------------------------------------------------------------------
 Kinetic energy          :            (au)                127.721162246658
 E-N energy              :            (au)               -310.045468736844
 Coulomb energy          :            (au)                 65.732565030292
 Exchange energy         :            (au)                  0.000000000000
 X-C energy              :            (au)                -11.711869052649
 Ext. field (el)         :            (au)                  0.000000000000
---------------------------------------------------------------------------
 N-N energy              :            (au)                  0.000000000000
 Ext. field (nuc)        :            (au)                  0.000000000000
 Tot. Reac. Energy       :            (au)                  0.000000000000
 El. Reac. Energy        :            (au)                  0.000000000000
 Nuc. Reac. Energy       :            (au)                  0.000000000000
---------------------------------------------------------------------------
 Electronic energy       :            (au)               -128.303610512544
 Nuclear energy          :            (au)                  0.000000000000
---------------------------------------------------------------------------
 Total energy            :            (au)             -1.283036105125e+02
                         :      (kcal/mol)             -8.051173050351e+04
                         :        (kJ/mol)             -3.368610806453e+05
                         :            (eV)             -3.491318948962e+03
===========================================================================


===========================================================================
                        Orbital Energies (initial)
---------------------------------------------------------------------------
    n  Occ Spin          :                                         Epsilon
---------------------------------------------------------------------------
    0    2    p          :            (au)                -30.334015577805
    1    2    p          :            (au)                 -1.324982453217
    2    2    p          :            (au)                 -0.498676908692
    3    2    p          :            (au)                 -0.498676908691
    4    2    p          :            (au)                 -0.498676908691
---------------------------------------------------------------------------
 Sum occupied            :            (au)                -66.310057514192
===========================================================================


~~~~~~~~~~~~~~~~~~~~~~~~~~~~~~~~~~~~~~~~~~~~~~~~~~~~~~~~~~~~~~~~~~~~~~~~~~~
 Calculation             : Optimize ground state orbitals
 Method                  : DFT (SVWN5)
 Checkpointing           : Off
 Max iterations          : 100
 KAIN solver             : 10
 Localization            : First two iterations
 Diagonalization         : Off
 Start precision         : 1.00000e-07
 Final precision         : 1.00000e-07
 Helmholtz precision     : Dynamic
 Energy threshold        : 1.00000e-07
 Orbital threshold       : 1.00000e-06
 ZORA                    : On
 Speed of Light          : 2.74072e+02
 ZORA terms              : [1, 1]
~~~~~~~~~~~~~~~~~~~~~~~~~~~~~~~~~~~~~~~~~~~~~~~~~~~~~~~~~~~~~~~~~~~~~~~~~~~


===========================================================================
 Iter           MO residual             Total energy                Update
---------------------------------------------------------------------------
    0          2.236068e+00        -128.303610512544         -1.283036e+02
    1          6.469042e-04        -128.303679356942         -6.884440e-05
    2          3.927698e-04        -128.303688416073         -9.059131e-06
    3          3.409189e-04        -128.303689793954         -1.377882e-06
    4          1.724451e-04        -128.303690064730         -2.707753e-07
    5          4.372055e-05        -128.303690171992         -1.072618e-07
    6          2.299660e-05        -128.303690183580         -1.158867e-08
    7          3.869368e-06        -128.303690183654         -7.392487e-11
    8          1.048160e-06        -128.303690183639          1.489298e-11
---------------------------------------------------------------------------
                      SCF converged in 8 iterations!
===========================================================================


                                                                           
***************************************************************************
***                                                                     ***
***                    Printing Molecular Properties                    ***
***                                                                     ***
***************************************************************************
                                                                           
                                                                           
===========================================================================
                                 Molecule
---------------------------------------------------------------------------
 Charge                  :                                               0
 Multiplicity            :                                               1
---------------------------------------------------------------------------
    N    Atom            :               x               y               z
---------------------------------------------------------------------------
    0      Ne            :        0.000000        0.000000        0.000000
---------------------------------------------------------------------------
 Center of mass          :        0.000000        0.000000        0.000000
===========================================================================


===========================================================================
                         Molecular Energy (final)
---------------------------------------------------------------------------
 Kinetic energy          :            (au)                127.879089612107
 E-N energy              :            (au)               -310.217392849862
 Coulomb energy          :            (au)                 65.750802036897
 Exchange energy         :            (au)                  0.000000000000
 X-C energy              :            (au)                -11.716188982781
 Ext. field (el)         :            (au)                  0.000000000000
---------------------------------------------------------------------------
 N-N energy              :            (au)                  0.000000000000
 Ext. field (nuc)        :            (au)                  0.000000000000
 Tot. Reac. Energy       :            (au)                  0.000000000000
 El. Reac. Energy        :            (au)                  0.000000000000
 Nuc. Reac. Energy       :            (au)                  0.000000000000
---------------------------------------------------------------------------
 Electronic energy       :            (au)               -128.303690183639
 Nuclear energy          :            (au)                  0.000000000000
---------------------------------------------------------------------------
 Total energy            :            (au)             -1.283036901836e+02
                         :      (kcal/mol)             -8.051178049788e+04
                         :        (kJ/mol)             -3.368612898217e+05
                         :            (eV)             -3.491321116923e+03
===========================================================================


===========================================================================
                         Orbital Energies (final)
---------------------------------------------------------------------------
    n  Occ Spin          :                                         Epsilon
---------------------------------------------------------------------------
    0    2    p          :            (au)                -30.328725957660
    1    2    p          :            (au)                 -1.324179796149
    2    2    p          :            (au)                 -0.497918407055
    3    2    p          :            (au)                 -0.497918407054
    4    2    p          :            (au)                 -0.497918407054
---------------------------------------------------------------------------
 Sum occupied            :            (au)                -66.293321949944
===========================================================================


===========================================================================
                           Dipole Moment (dip-1)
---------------------------------------------------------------------------
 r_O                     :        0.000000        0.000000        0.000000
---------------------------------------------------------------------------
 Electronic vector       :        0.000000        0.000000       -0.000000
 Magnitude               :            (au)                        0.000000
                         :         (Debye)                        0.000000
---------------------------------------------------------------------------
 Nuclear vector          :        0.000000        0.000000        0.000000
 Magnitude               :            (au)                        0.000000
                         :         (Debye)                        0.000000
---------------------------------------------------------------------------
 Total vector            :        0.000000        0.000000        0.000000
 Magnitude               :            (au)                        0.000000
                         :         (Debye)                        0.000000
===========================================================================


                                                                           
                                                                           
***************************************************************************
***                                                                     ***
***                            Exiting MRChem                           ***
***                                                                     ***
***                       Wall time :  0h  6m 29s                       ***
***                                                                     ***
***************************************************************************
                                                                           
                                                                           
