Starting job 181621 on b[1162-1164,1166] at Fri May 7 11:47:23 CEST 2021

Copying Ne_34.25899725.out to /cluster/home/ambr/projects/zora/mini-benchmark-gto-mw/noble-ions/calcs
Copying Ne_34.25899725.json to /cluster/home/ambr/projects/zora/mini-benchmark-gto-mw/noble-ions/calcs

Task and CPU usage stats:
       JobID    JobName  AllocCPUS   NTasks     MinCPU MinCPUTask     AveCPU    Elapsed ExitCode 
------------ ---------- ---------- -------- ---------- ---------- ---------- ---------- -------- 
181621       Ne_34.258+        512                                             00:07:30      1:0 
181621.batch      batch        128        1   02:15:23          0   02:15:23   00:07:30      1:0 
181621.exte+     extern        512        4   00:00:00          1   00:00:00   00:07:30      0:0 
181621.0          orted         48        3   00:54:50          2   01:02:29   00:07:16      0:0 

Memory usage stats:
       JobID     MaxRSS MaxRSSTask     AveRSS MaxPages   MaxPagesTask   AvePages 
------------ ---------- ---------- ---------- -------- -------------- ---------- 
181621                                                                           
181621.batch  22106260K          0  22106260K       91              0         91 
181621.exte+       800K          0     644864        3              3          2 
181621.0      16084015K          0 109186464+       66              1         57 

Disk usage stats:
       JobID  MaxDiskRead MaxDiskReadTask    AveDiskRead MaxDiskWrite MaxDiskWriteTask   AveDiskWrite 
------------ ------------ --------------- -------------- ------------ ---------------- -------------- 
181621                                                                                                
181621.batch      242.63M               0        242.63M      118.85M                0        118.85M 
181621.exte+        0.00M               1          0.00M            0                1              0 
181621.0           28.75M               0         28.58M       25.41M                1         19.98M 

Job 181621 completed at Fri May 7 11:54:53 CEST 2021
