Starting job 181622 on b[1167-1170] at Fri May 7 11:47:23 CEST 2021

Copying Ne_4385.151648.out to /cluster/home/ambr/projects/zora/mini-benchmark-gto-mw/noble-ions/calcs
Copying Ne_4385.151648.json to /cluster/home/ambr/projects/zora/mini-benchmark-gto-mw/noble-ions/calcs

Task and CPU usage stats:
       JobID    JobName  AllocCPUS   NTasks     MinCPU MinCPUTask     AveCPU    Elapsed ExitCode 
------------ ---------- ---------- -------- ---------- ---------- ---------- ---------- -------- 
181622       Ne_4385.1+        512                                             00:01:46      1:0 
181622.batch      batch        128        1   00:24:54          0   00:24:54   00:01:46      1:0 
181622.exte+     extern        512        4   00:00:00          3   00:00:00   00:01:46      0:0 
181622.0          orted         48        3   00:09:18          2   00:10:32   00:01:33      0:0 

Memory usage stats:
       JobID     MaxRSS MaxRSSTask     AveRSS MaxPages   MaxPagesTask   AvePages 
------------ ---------- ---------- ---------- -------- -------------- ---------- 
181622                                                                           
181622.batch  16774741K          0  16774741K       76              0         76 
181622.exte+       801K          3     654592        3              3          2 
181622.0      15501512K          0 103892452+       59              1         46 

Disk usage stats:
       JobID  MaxDiskRead MaxDiskReadTask    AveDiskRead MaxDiskWrite MaxDiskWriteTask   AveDiskWrite 
------------ ------------ --------------- -------------- ------------ ---------------- -------------- 
181622                                                                                                
181622.batch      242.62M               0        242.62M      118.79M                0        118.79M 
181622.exte+        0.00M               3          0.00M            0                3              0 
181622.0           28.74M               0         28.57M       21.30M                1         18.59M 

Job 181622 completed at Fri May 7 11:49:10 CEST 2021
