Starting job 181623 on b[1171-1173,1182] at Fri May 7 11:47:23 CEST 2021

Copying Ne_548.143956.out to /cluster/home/ambr/projects/zora/mini-benchmark-gto-mw/noble-ions/calcs
Copying Ne_548.143956.json to /cluster/home/ambr/projects/zora/mini-benchmark-gto-mw/noble-ions/calcs

Task and CPU usage stats:
       JobID    JobName  AllocCPUS   NTasks     MinCPU MinCPUTask     AveCPU    Elapsed ExitCode 
------------ ---------- ---------- -------- ---------- ---------- ---------- ---------- -------- 
181623       Ne_548.14+        512                                             00:02:17      1:0 
181623.batch      batch        128        1   00:35:31          0   00:35:31   00:02:17      1:0 
181623.exte+     extern        512        4   00:00:00          1   00:00:00   00:02:17      0:0 
181623.0          orted         48        3   00:13:23          2   00:15:22   00:02:03      0:0 

Memory usage stats:
       JobID     MaxRSS MaxRSSTask     AveRSS MaxPages   MaxPagesTask   AvePages 
------------ ---------- ---------- ---------- -------- -------------- ---------- 
181623                                                                           
181623.batch  16759537K          0  16759537K       85              0         85 
181623.exte+       800K          1       800K        3              1          3 
181623.0      15557041K          0 104388532+       50              1         45 

Disk usage stats:
       JobID  MaxDiskRead MaxDiskReadTask    AveDiskRead MaxDiskWrite MaxDiskWriteTask   AveDiskWrite 
------------ ------------ --------------- -------------- ------------ ---------------- -------------- 
181623                                                                                                
181623.batch      242.64M               0        242.64M      118.79M                0        118.79M 
181623.exte+        0.00M               1          0.00M            0                1              0 
181623.0           28.74M               0         28.57M       21.31M                1         18.60M 

Job 181623 completed at Fri May 7 11:49:40 CEST 2021
