Starting job 181624 on b[1183-1186] at Fri May 7 11:47:23 CEST 2021

Copying Ne_68.5179945.out to /cluster/home/ambr/projects/zora/mini-benchmark-gto-mw/noble-ions/calcs
Copying Ne_68.5179945.json to /cluster/home/ambr/projects/zora/mini-benchmark-gto-mw/noble-ions/calcs

Task and CPU usage stats:
       JobID    JobName  AllocCPUS   NTasks     MinCPU MinCPUTask     AveCPU    Elapsed ExitCode 
------------ ---------- ---------- -------- ---------- ---------- ---------- ---------- -------- 
181624       Ne_68.517+        512                                             00:03:38      1:0 
181624.batch      batch        128        1   01:01:50          0   01:01:50   00:03:38      1:0 
181624.exte+     extern        512        4   00:00:00          2   00:00:00   00:03:38      0:0 
181624.0          orted         48        3   00:24:05          2   00:27:34   00:03:25      0:0 

Memory usage stats:
       JobID     MaxRSS MaxRSSTask     AveRSS MaxPages   MaxPagesTask   AvePages 
------------ ---------- ---------- ---------- -------- -------------- ---------- 
181624                                                                           
181624.batch  20291355K          0  20291355K       90              0         90 
181624.exte+       802K          1       799K        1              2          1 
181624.0      15738526K          0  10405960K       54              1         44 

Disk usage stats:
       JobID  MaxDiskRead MaxDiskReadTask    AveDiskRead MaxDiskWrite MaxDiskWriteTask   AveDiskWrite 
------------ ------------ --------------- -------------- ------------ ---------------- -------------- 
181624                                                                                                
181624.batch      242.63M               0        242.63M      118.82M                0        118.82M 
181624.exte+        0.00M               2          0.00M            0                2              0 
181624.0           28.75M               0         28.57M       25.40M                1         19.97M 

Job 181624 completed at Fri May 7 11:51:02 CEST 2021
