                                                                           
                                                                           
***************************************************************************
***                                                                     ***
***                                                                     ***
***          __  __ ____   ____ _                                       ***
***         |  \/  |  _ \ / ___| |__   ___ _ __ ___                     ***
***         | |\/| | |_) | |   | '_ \ / _ \ '_ ` _ \                    ***
***         | |  | |  _ <| |___| | | |  __/ | | | | |                   ***
***         |_|  |_|_| \_\\____|_| |_|\___|_| |_| |_|                   ***
***                                                                     ***
***         VERSION            1.1.0-alpha                              ***
***                                                                     ***
***         Git branch         master                                   ***
***         Git commit hash    b4f78495f92d8a9b9e61                     ***
***         Git commit author  Stig Rune Jensen                         ***
***         Git commit date    Mon Mar 21 16:08:34 2022 +0100           ***
***                                                                     ***
***         Contact: luca.frediani@uit.no                               ***
***                                                                     ***
***         Radovan Bast            Magnar Bjorgve                      ***
***         Roberto Di Remigio      Antoine Durdek                      ***
***         Luca Frediani           Gabriel Gerez                       ***
***         Stig Rune Jensen        Jonas Juselius                      ***
***         Rune Monstad            Peter Wind                          ***
***                                                                     ***
***************************************************************************

---------------------------------------------------------------------------

 MPI processes           :       (no bank)                               1
 OpenMP threads          :                                              18
 Total cores             :                                              18
                                                                           
---------------------------------------------------------------------------

XCFun DFT library Copyright 2009-2020 Ulf Ekstrom and contributors.
See http://dftlibs.org/xcfun/ for more information.

This is free software; see the source code for copying conditions.
There is ABSOLUTELY NO WARRANTY; not even for MERCHANTABILITY or
FITNESS FOR A PARTICULAR PURPOSE. For details see the documentation.
Scientific users of this library should cite
U. Ekstrom, L. Visscher, R. Bast, A. J. Thorvaldsen and K. Ruud;
J.Chem.Theor.Comp. 2010, DOI: 10.1021/ct100117s

---------------------------------------------------------------------------

 MRCPP version         : 1.4.1
 Git branch            : HEAD
 Git commit hash       : 75d41879b1908a94a452
 Git commit author     : Stig Rune Jensen
 Git commit date       : Thu Jan 6 11:38:53 2022 +0100

 Linear algebra        : EIGEN v3.4.0
 Parallelization       : OpenMP (18 threads)

---------------------------------------------------------------------------


                                                                           
===========================================================================
                         MultiResolution Analysis
---------------------------------------------------------------------------
 polynomial order      : 9
 polynomial type       : Interpolating
---------------------------------------------------------------------------
 total boxes           : 8
 boxes                 : [          2           2           2 ]
 unit lengths          : [   64.00000    64.00000    64.00000 ]
 scaling factor        : [    1.00000     1.00000     1.00000 ]
 lower bounds          : [  -64.00000   -64.00000   -64.00000 ]
 upper bounds          : [   64.00000    64.00000    64.00000 ]
 total length          : [  128.00000   128.00000   128.00000 ]
===========================================================================


                                                                           
***************************************************************************
***                                                                     ***
***                        Initializing Molecule                        ***
***                                                                     ***
***************************************************************************
                                                                           
                                                                           
===========================================================================
                                 Molecule
---------------------------------------------------------------------------
 Charge                  :                                               0
 Multiplicity            :                                               1
---------------------------------------------------------------------------
    N    Atom            :               x               y               z
---------------------------------------------------------------------------
    0      Ar            :        0.000000        0.000000        0.000000
---------------------------------------------------------------------------
 Center of mass          :        0.000000        0.000000        0.000000
===========================================================================


                                                                           
***************************************************************************
***                                                                     ***
***                 Computing Ground State Wavefunction                 ***
***                                                                     ***
***************************************************************************
                                                                           
                                                                           
~~~~~~~~~~~~~~~~~~~~~~~~~~~~~~~~~~~~~~~~~~~~~~~~~~~~~~~~~~~~~~~~~~~~~~~~~~~
 Calculation             : Compute initial orbitals
 Method                  : Diagonalize SAD Hamiltonian
 Precision               : 1.00000e-05
 Screening               : 1.20000e+01 StdDev
 Restricted              : True
 Functional              : LDA (SVWN5)
 AO basis                : 3-21G
~~~~~~~~~~~~~~~~~~~~~~~~~~~~~~~~~~~~~~~~~~~~~~~~~~~~~~~~~~~~~~~~~~~~~~~~~~~


===========================================================================
                            Molecular Orbitals
---------------------------------------------------------------------------
 Alpha electrons         :                                               9
 Beta electrons          :                                               9
 Total electrons         :                                              18
---------------------------------------------------------------------------
    n  Occ Spin          :                                            Norm
---------------------------------------------------------------------------
    0    2    p          :                              1.000000000000e+00
    1    2    p          :                              1.000000000000e+00
    2    2    p          :                              1.000000000000e+00
    3    2    p          :                              1.000000000000e+00
    4    2    p          :                              1.000000000000e+00
    5    2    p          :                              1.000000000000e+00
    6    2    p          :                              1.000000000000e+00
    7    2    p          :                              1.000000000000e+00
    8    2    p          :                              1.000000000000e+00
===========================================================================


~~~~~~~~~~~~~~~~~~~~~~~~~~~~~~~~~~~~~~~~~~~~~~~~~~~~~~~~~~~~~~~~~~~~~~~~~~~
 Calculation             : Compute initial energy
 Method                  : DFT (PBE)
 Relativity              : ZORA (V_nuc + J + V_xc)
 Precision               : 1.00000e-05
 Localization            : On
~~~~~~~~~~~~~~~~~~~~~~~~~~~~~~~~~~~~~~~~~~~~~~~~~~~~~~~~~~~~~~~~~~~~~~~~~~~


===========================================================================
                        Molecular Energy (initial)
---------------------------------------------------------------------------
 Kinetic energy          :            (au)                520.836318137704
 E-N energy              :            (au)              -1249.103522315761
 Coulomb energy          :            (au)                231.454053728185
 Exchange energy         :            (au)                  0.000000000000
 X-C energy              :            (au)                -30.637673530165
 Ext. field (el)         :            (au)                  0.000000000000
---------------------------------------------------------------------------
 N-N energy              :            (au)                  0.000000000000
 Ext. field (nuc)        :            (au)                  0.000000000000
 Tot. Reac. Energy       :            (au)                  0.000000000000
 El. Reac. Energy        :            (au)                  0.000000000000
 Nuc. Reac. Energy       :            (au)                  0.000000000000
---------------------------------------------------------------------------
 Electronic energy       :            (au)               -527.450823980037
 Nuclear energy          :            (au)                  0.000000000000
---------------------------------------------------------------------------
 Total energy            :            (au)             -5.274508239800e+02
                         :      (kcal/mol)             -3.309803864793e+05
                         :        (kJ/mol)             -1.384821937928e+06
                         :            (eV)             -1.435266746626e+04
===========================================================================


===========================================================================
                        Orbital Energies (initial)
---------------------------------------------------------------------------
    n  Occ Spin          :                                         Epsilon
---------------------------------------------------------------------------
    0    2    p          :            (au)               -114.392615003085
    1    2    p          :            (au)                -10.858683226227
    2    2    p          :            (au)                 -8.413805006620
    3    2    p          :            (au)                 -8.413805006620
    4    2    p          :            (au)                 -8.413805006620
    5    2    p          :            (au)                 -0.883375275732
    6    2    p          :            (au)                 -0.372881415632
    7    2    p          :            (au)                 -0.372881415632
    8    2    p          :            (au)                 -0.372881415632
---------------------------------------------------------------------------
 Sum occupied            :            (au)               -304.989465543599
===========================================================================


~~~~~~~~~~~~~~~~~~~~~~~~~~~~~~~~~~~~~~~~~~~~~~~~~~~~~~~~~~~~~~~~~~~~~~~~~~~
 Calculation             : Optimize ground state orbitals
 Method                  : DFT (PBE)
 Relativity              : ZORA (V_nuc + J + V_xc)
 Checkpointing           : Off
 Max iterations          : 100
 KAIN solver             : 6
 Localization            : First two iterations
 Diagonalization         : Off
 Start precision         : 1.00000e-06
 Final precision         : 1.00000e-06
 Helmholtz precision     : Dynamic
 Energy threshold        : Off
 Orbital threshold       : 1.00000e-05
~~~~~~~~~~~~~~~~~~~~~~~~~~~~~~~~~~~~~~~~~~~~~~~~~~~~~~~~~~~~~~~~~~~~~~~~~~~


===========================================================================
 Iter           MO residual             Total energy                Update
---------------------------------------------------------------------------
    0          3.000000e+00        -527.450823980037         -5.274508e+02
    1          8.643446e-02        -530.131150522773         -2.680327e+00
    2          3.115154e-02        -530.210515476816         -7.936495e-02
    3          1.370238e-02        -530.221881023166         -1.136555e-02
    4          6.980761e-03        -530.223871695414         -1.990672e-03
    5          3.861924e-03        -530.224656518549         -7.848231e-04
    6          8.281035e-04        -530.224738940906         -8.242236e-05
    7          4.572708e-04        -530.224733253259          5.687647e-06
    8          1.306629e-04        -530.224733245631          7.628387e-09
    9          4.191451e-05        -530.224733913228         -6.675974e-07
   10          2.472214e-05        -530.224734470052         -5.568238e-07
   11          1.122699e-05        -530.224734619927         -1.498755e-07
---------------------------------------------------------------------------
                      SCF converged in 11 iterations!
===========================================================================


                                                                           
***************************************************************************
***                                                                     ***
***                    Printing Molecular Properties                    ***
***                                                                     ***
***************************************************************************
                                                                           
                                                                           
===========================================================================
                                 Molecule
---------------------------------------------------------------------------
 Charge                  :                                               0
 Multiplicity            :                                               1
---------------------------------------------------------------------------
    N    Atom            :               x               y               z
---------------------------------------------------------------------------
    0      Ar            :        0.000000        0.000000        0.000000
---------------------------------------------------------------------------
 Center of mass          :        0.000000        0.000000        0.000000
===========================================================================


===========================================================================
                         Molecular Energy (final)
---------------------------------------------------------------------------
 Kinetic energy          :            (au)                532.991508053880
 E-N energy              :            (au)              -1264.825412156768
 Coulomb energy          :            (au)                232.457153982441
 Exchange energy         :            (au)                  0.000000000000
 X-C energy              :            (au)                -30.847984499481
 Ext. field (el)         :            (au)                  0.000000000000
---------------------------------------------------------------------------
 N-N energy              :            (au)                  0.000000000000
 Ext. field (nuc)        :            (au)                  0.000000000000
 Tot. Reac. Energy       :            (au)                  0.000000000000
 El. Reac. Energy        :            (au)                  0.000000000000
 Nuc. Reac. Energy       :            (au)                  0.000000000000
---------------------------------------------------------------------------
 Electronic energy       :            (au)               -530.224734619927
 Nuclear energy          :            (au)                  0.000000000000
---------------------------------------------------------------------------
 Total energy            :            (au)             -5.302247346199e+02
                         :      (kcal/mol)             -3.327210416720e+05
                         :        (kJ/mol)             -1.392104839259e+06
                         :            (eV)             -1.442814941678e+04
===========================================================================


===========================================================================
                         Orbital Energies (final)
---------------------------------------------------------------------------
    n  Occ Spin          :                                         Epsilon
---------------------------------------------------------------------------
    0    2    p          :            (au)               -115.111894550327
    1    2    p          :            (au)                -10.918705863667
    2    2    p          :            (au)                 -8.450814371953
    3    2    p          :            (au)                 -8.450814371302
    4    2    p          :            (au)                 -8.450814370288
    5    2    p          :            (au)                 -0.892514474399
    6    2    p          :            (au)                 -0.377389678505
    7    2    p          :            (au)                 -0.377389678475
    8    2    p          :            (au)                 -0.377389678409
---------------------------------------------------------------------------
 Sum occupied            :            (au)               -306.815454074649
===========================================================================


===========================================================================
                           Dipole Moment (dip-1)
---------------------------------------------------------------------------
 r_O                     :        0.000000        0.000000        0.000000
---------------------------------------------------------------------------
 Electronic vector       :       -0.000000       -0.000000       -0.000000
 Magnitude               :            (au)                        0.000000
                         :         (Debye)                        0.000000
---------------------------------------------------------------------------
 Nuclear vector          :        0.000000        0.000000        0.000000
 Magnitude               :            (au)                        0.000000
                         :         (Debye)                        0.000000
---------------------------------------------------------------------------
 Total vector            :       -0.000000       -0.000000       -0.000000
 Magnitude               :            (au)                        0.000000
                         :         (Debye)                        0.000000
===========================================================================


                                                                           
                                                                           
***************************************************************************
***                                                                     ***
***                            Exiting MRChem                           ***
***                                                                     ***
***                       Wall time :  0h  9m 11s                       ***
***                                                                     ***
***************************************************************************
                                                                           
                                                                           
