                                                                           
                                                                           
***************************************************************************
***                                                                     ***
***                                                                     ***
***          __  __ ____   ____ _                                       ***
***         |  \/  |  _ \ / ___| |__   ___ _ __ ___                     ***
***         | |\/| | |_) | |   | '_ \ / _ \ '_ ` _ \                    ***
***         | |  | |  _ <| |___| | | |  __/ | | | | |                   ***
***         |_|  |_|_| \_\\____|_| |_|\___|_| |_| |_|                   ***
***                                                                     ***
***         VERSION            1.1.0-alpha                              ***
***                                                                     ***
***         Git branch         master                                   ***
***         Git commit hash    b4f78495f92d8a9b9e61                     ***
***         Git commit author  Stig Rune Jensen                         ***
***         Git commit date    Mon Mar 21 16:08:34 2022 +0100           ***
***                                                                     ***
***         Contact: luca.frediani@uit.no                               ***
***                                                                     ***
***         Radovan Bast            Magnar Bjorgve                      ***
***         Roberto Di Remigio      Antoine Durdek                      ***
***         Luca Frediani           Gabriel Gerez                       ***
***         Stig Rune Jensen        Jonas Juselius                      ***
***         Rune Monstad            Peter Wind                          ***
***                                                                     ***
***************************************************************************

---------------------------------------------------------------------------

 MPI processes           :       (no bank)                               1
 OpenMP threads          :                                              18
 Total cores             :                                              18
                                                                           
---------------------------------------------------------------------------

XCFun DFT library Copyright 2009-2020 Ulf Ekstrom and contributors.
See http://dftlibs.org/xcfun/ for more information.

This is free software; see the source code for copying conditions.
There is ABSOLUTELY NO WARRANTY; not even for MERCHANTABILITY or
FITNESS FOR A PARTICULAR PURPOSE. For details see the documentation.
Scientific users of this library should cite
U. Ekstrom, L. Visscher, R. Bast, A. J. Thorvaldsen and K. Ruud;
J.Chem.Theor.Comp. 2010, DOI: 10.1021/ct100117s

---------------------------------------------------------------------------

 MRCPP version         : 1.4.1
 Git branch            : HEAD
 Git commit hash       : 75d41879b1908a94a452
 Git commit author     : Stig Rune Jensen
 Git commit date       : Thu Jan 6 11:38:53 2022 +0100

 Linear algebra        : EIGEN v3.4.0
 Parallelization       : OpenMP (18 threads)

---------------------------------------------------------------------------


                                                                           
===========================================================================
                         MultiResolution Analysis
---------------------------------------------------------------------------
 polynomial order      : 9
 polynomial type       : Interpolating
---------------------------------------------------------------------------
 total boxes           : 8
 boxes                 : [          2           2           2 ]
 unit lengths          : [  128.00000   128.00000   128.00000 ]
 scaling factor        : [    1.00000     1.00000     1.00000 ]
 lower bounds          : [ -128.00000  -128.00000  -128.00000 ]
 upper bounds          : [  128.00000   128.00000   128.00000 ]
 total length          : [  256.00000   256.00000   256.00000 ]
===========================================================================


                                                                           
***************************************************************************
***                                                                     ***
***                        Initializing Molecule                        ***
***                                                                     ***
***************************************************************************
                                                                           
                                                                           
===========================================================================
                                 Molecule
---------------------------------------------------------------------------
 Charge                  :                                               0
 Multiplicity            :                                               1
---------------------------------------------------------------------------
    N    Atom            :               x               y               z
---------------------------------------------------------------------------
    0      Kr            :        0.000000        0.000000        0.000000
---------------------------------------------------------------------------
 Center of mass          :        0.000000        0.000000        0.000000
===========================================================================


                                                                           
***************************************************************************
***                                                                     ***
***                 Computing Ground State Wavefunction                 ***
***                                                                     ***
***************************************************************************
                                                                           
                                                                           
~~~~~~~~~~~~~~~~~~~~~~~~~~~~~~~~~~~~~~~~~~~~~~~~~~~~~~~~~~~~~~~~~~~~~~~~~~~
 Calculation             : Compute initial orbitals
 Method                  : Diagonalize SAD Hamiltonian
 Precision               : 1.00000e-05
 Screening               : 1.20000e+01 StdDev
 Restricted              : True
 Functional              : LDA (SVWN5)
 AO basis                : 3-21G
~~~~~~~~~~~~~~~~~~~~~~~~~~~~~~~~~~~~~~~~~~~~~~~~~~~~~~~~~~~~~~~~~~~~~~~~~~~


===========================================================================
                            Molecular Orbitals
---------------------------------------------------------------------------
 Alpha electrons         :                                              18
 Beta electrons          :                                              18
 Total electrons         :                                              36
---------------------------------------------------------------------------
    n  Occ Spin          :                                            Norm
---------------------------------------------------------------------------
    0    2    p          :                              1.000000000000e+00
    1    2    p          :                              1.000000000000e+00
    2    2    p          :                              1.000000000000e+00
    3    2    p          :                              1.000000000000e+00
    4    2    p          :                              1.000000000000e+00
    5    2    p          :                              1.000000000000e+00
    6    2    p          :                              1.000000000000e+00
    7    2    p          :                              1.000000000000e+00
    8    2    p          :                              1.000000000000e+00
    9    2    p          :                              1.000000000000e+00
   10    2    p          :                              1.000000000000e+00
   11    2    p          :                              1.000000000000e+00
   12    2    p          :                              1.000000000000e+00
   13    2    p          :                              1.000000000000e+00
   14    2    p          :                              1.000000000000e+00
   15    2    p          :                              1.000000000000e+00
   16    2    p          :                              1.000000000000e+00
   17    2    p          :                              1.000000000000e+00
===========================================================================


~~~~~~~~~~~~~~~~~~~~~~~~~~~~~~~~~~~~~~~~~~~~~~~~~~~~~~~~~~~~~~~~~~~~~~~~~~~
 Calculation             : Compute initial energy
 Method                  : DFT (PBE)
 Relativity              : ZORA (V_nuc)
 Precision               : 1.00000e-05
 Localization            : On
~~~~~~~~~~~~~~~~~~~~~~~~~~~~~~~~~~~~~~~~~~~~~~~~~~~~~~~~~~~~~~~~~~~~~~~~~~~


===========================================================================
                        Molecular Energy (initial)
---------------------------------------------------------------------------
 Kinetic energy          :            (au)               2685.940136098182
 E-N energy              :            (au)              -6562.455971137304
 Coulomb energy          :            (au)               1173.756798920258
 Exchange energy         :            (au)                  0.000000000000
 X-C energy              :            (au)                -95.164368456361
 Ext. field (el)         :            (au)                  0.000000000000
---------------------------------------------------------------------------
 N-N energy              :            (au)                  0.000000000000
 Ext. field (nuc)        :            (au)                  0.000000000000
 Tot. Reac. Energy       :            (au)                  0.000000000000
 El. Reac. Energy        :            (au)                  0.000000000000
 Nuc. Reac. Energy       :            (au)                  0.000000000000
---------------------------------------------------------------------------
 Electronic energy       :            (au)              -2797.923404575225
 Nuclear energy          :            (au)                  0.000000000000
---------------------------------------------------------------------------
 Total energy            :            (au)             -2.797923404575e+03
                         :      (kcal/mol)             -1.755723429908e+06
                         :        (kJ/mol)             -7.345946835501e+06
                         :            (eV)             -7.613537110230e+04
===========================================================================


===========================================================================
                        Orbital Energies (initial)
---------------------------------------------------------------------------
    n  Occ Spin          :                                         Epsilon
---------------------------------------------------------------------------
    0    2    p          :            (au)               -526.912352567967
    1    2    p          :            (au)                -68.727741308745
    2    2    p          :            (au)                -61.021219820146
    3    2    p          :            (au)                -61.021219820066
    4    2    p          :            (au)                -61.021219819915
    5    2    p          :            (au)                 -9.679132071229
    6    2    p          :            (au)                 -7.185780550493
    7    2    p          :            (au)                 -7.185780550487
    8    2    p          :            (au)                 -7.185780550383
    9    2    p          :            (au)                 -2.948555977236
   10    2    p          :            (au)                 -2.948555977106
   11    2    p          :            (au)                 -2.948555597913
   12    2    p          :            (au)                 -2.948555597855
   13    2    p          :            (au)                 -2.948555597849
   14    2    p          :            (au)                 -0.820719669577
   15    2    p          :            (au)                 -0.321898640339
   16    2    p          :            (au)                 -0.321898640338
   17    2    p          :            (au)                 -0.321898638510
---------------------------------------------------------------------------
 Sum occupied            :            (au)              -1652.938842792309
===========================================================================


~~~~~~~~~~~~~~~~~~~~~~~~~~~~~~~~~~~~~~~~~~~~~~~~~~~~~~~~~~~~~~~~~~~~~~~~~~~
 Calculation             : Optimize ground state orbitals
 Method                  : DFT (PBE)
 Relativity              : ZORA (V_nuc)
 Checkpointing           : Off
 Max iterations          : 100
 KAIN solver             : 6
 Localization            : First two iterations
 Diagonalization         : Off
 Start precision         : 1.00000e-06
 Final precision         : 1.00000e-06
 Helmholtz precision     : Dynamic
 Energy threshold        : Off
 Orbital threshold       : 1.00000e-05
~~~~~~~~~~~~~~~~~~~~~~~~~~~~~~~~~~~~~~~~~~~~~~~~~~~~~~~~~~~~~~~~~~~~~~~~~~~


===========================================================================
 Iter           MO residual             Total energy                Update
---------------------------------------------------------------------------
    0          4.242641e+00       -2797.923404575225         -2.797923e+03
    1          1.627742e-01       -2817.619569240253         -1.969616e+01
    2          5.848729e-02       -2818.811495873987         -1.191927e+00
    3          2.963993e-02       -2819.054404251435         -2.429084e-01
    4          3.069193e-02       -2818.987390986145          6.701327e-02
    5          1.279325e-02       -2819.131470867901         -1.440799e-01
    6          6.762950e-03       -2819.134753971759         -3.283104e-03
    7          4.048838e-03       -2819.032339598096          1.024144e-01
    8          1.893757e-03       -2819.153670717653         -1.213311e-01
    9          1.021199e-03       -2819.137989474055          1.568124e-02
   10          8.506807e-04       -2819.116918471560          2.107100e-02
   11          6.498315e-04       -2819.148197924153         -3.127945e-02
   12          3.819036e-04       -2819.146850439964          1.347484e-03
   13          2.189005e-04       -2819.164112546506         -1.726211e-02
   14          7.412291e-05       -2819.164295520124         -1.829736e-04
   15          8.799315e-05       -2819.164549036185         -2.535161e-04
   16          4.943160e-05       -2819.164633628695         -8.459251e-05
   17          2.268086e-05       -2819.165089682602         -4.560539e-04
   18          1.201893e-05       -2819.164894386704          1.952959e-04
---------------------------------------------------------------------------
                      SCF converged in 18 iterations!
===========================================================================


                                                                           
***************************************************************************
***                                                                     ***
***                    Printing Molecular Properties                    ***
***                                                                     ***
***************************************************************************
                                                                           
                                                                           
===========================================================================
                                 Molecule
---------------------------------------------------------------------------
 Charge                  :                                               0
 Multiplicity            :                                               1
---------------------------------------------------------------------------
    N    Atom            :               x               y               z
---------------------------------------------------------------------------
    0      Kr            :        0.000000        0.000000        0.000000
---------------------------------------------------------------------------
 Center of mass          :        0.000000        0.000000        0.000000
===========================================================================


===========================================================================
                         Molecular Energy (final)
---------------------------------------------------------------------------
 Kinetic energy          :            (au)               2885.815976406042
 E-N energy              :            (au)              -6794.415257388217
 Coulomb energy          :            (au)               1186.529055723548
 Exchange energy         :            (au)                  0.000000000000
 X-C energy              :            (au)                -97.094669128076
 Ext. field (el)         :            (au)                  0.000000000000
---------------------------------------------------------------------------
 N-N energy              :            (au)                  0.000000000000
 Ext. field (nuc)        :            (au)                  0.000000000000
 Tot. Reac. Energy       :            (au)                  0.000000000000
 El. Reac. Energy        :            (au)                  0.000000000000
 Nuc. Reac. Energy       :            (au)                  0.000000000000
---------------------------------------------------------------------------
 Electronic energy       :            (au)              -2819.164894386704
 Nuclear energy          :            (au)                  0.000000000000
---------------------------------------------------------------------------
 Total energy            :            (au)             -2.819164894387e+03
                         :      (kcal/mol)             -1.769052665900e+06
                         :        (kJ/mol)             -7.401716358930e+06
                         :            (eV)             -7.671338146060e+04
===========================================================================


===========================================================================
                         Orbital Energies (final)
---------------------------------------------------------------------------
    n  Occ Spin          :                                         Epsilon
---------------------------------------------------------------------------
    0    2    p          :            (au)               -531.044800713320
    1    2    p          :            (au)                -68.978393693426
    2    2    p          :            (au)                -60.930483923541
    3    2    p          :            (au)                -60.930483876096
    4    2    p          :            (au)                -60.930483815556
    5    2    p          :            (au)                 -9.743485636232
    6    2    p          :            (au)                 -7.195801775066
    7    2    p          :            (au)                 -7.195801702739
    8    2    p          :            (au)                 -7.195801616643
    9    2    p          :            (au)                 -2.989895195986
   10    2    p          :            (au)                 -2.989895172702
   11    2    p          :            (au)                 -2.989895148757
   12    2    p          :            (au)                 -2.989894809034
   13    2    p          :            (au)                 -2.989894726417
   14    2    p          :            (au)                 -0.849985982851
   15    2    p          :            (au)                 -0.340067133512
   16    2    p          :            (au)                 -0.340067127819
   17    2    p          :            (au)                 -0.340067118361
---------------------------------------------------------------------------
 Sum occupied            :            (au)              -1661.930398336120
===========================================================================


===========================================================================
                           Dipole Moment (dip-1)
---------------------------------------------------------------------------
 r_O                     :        0.000000        0.000000        0.000000
---------------------------------------------------------------------------
 Electronic vector       :       -0.000002        0.000000        0.000001
 Magnitude               :            (au)                        0.000002
                         :         (Debye)                        0.000005
---------------------------------------------------------------------------
 Nuclear vector          :        0.000000        0.000000        0.000000
 Magnitude               :            (au)                        0.000000
                         :         (Debye)                        0.000000
---------------------------------------------------------------------------
 Total vector            :       -0.000002        0.000000        0.000001
 Magnitude               :            (au)                        0.000002
                         :         (Debye)                        0.000005
===========================================================================


                                                                           
                                                                           
***************************************************************************
***                                                                     ***
***                            Exiting MRChem                           ***
***                                                                     ***
***                       Wall time :  0h 37m 57s                       ***
***                                                                     ***
***************************************************************************
                                                                           
                                                                           
