                                                                           
                                                                           
***************************************************************************
***                                                                     ***
***                                                                     ***
***          __  __ ____   ____ _                                       ***
***         |  \/  |  _ \ / ___| |__   ___ _ __ ___                     ***
***         | |\/| | |_) | |   | '_ \ / _ \ '_ ` _ \                    ***
***         | |  | |  _ <| |___| | | |  __/ | | | | |                   ***
***         |_|  |_|_| \_\\____|_| |_|\___|_| |_| |_|                   ***
***                                                                     ***
***         VERSION            1.1.0-alpha                              ***
***                                                                     ***
***         Git branch         master                                   ***
***         Git commit hash    b4f78495f92d8a9b9e61                     ***
***         Git commit author  Stig Rune Jensen                         ***
***         Git commit date    Mon Mar 21 16:08:34 2022 +0100           ***
***                                                                     ***
***         Contact: luca.frediani@uit.no                               ***
***                                                                     ***
***         Radovan Bast            Magnar Bjorgve                      ***
***         Roberto Di Remigio      Antoine Durdek                      ***
***         Luca Frediani           Gabriel Gerez                       ***
***         Stig Rune Jensen        Jonas Juselius                      ***
***         Rune Monstad            Peter Wind                          ***
***                                                                     ***
***************************************************************************

---------------------------------------------------------------------------

 MPI processes           :       (no bank)                               1
 OpenMP threads          :                                              18
 Total cores             :                                              18
                                                                           
---------------------------------------------------------------------------

XCFun DFT library Copyright 2009-2020 Ulf Ekstrom and contributors.
See http://dftlibs.org/xcfun/ for more information.

This is free software; see the source code for copying conditions.
There is ABSOLUTELY NO WARRANTY; not even for MERCHANTABILITY or
FITNESS FOR A PARTICULAR PURPOSE. For details see the documentation.
Scientific users of this library should cite
U. Ekstrom, L. Visscher, R. Bast, A. J. Thorvaldsen and K. Ruud;
J.Chem.Theor.Comp. 2010, DOI: 10.1021/ct100117s

---------------------------------------------------------------------------

 MRCPP version         : 1.4.1
 Git branch            : HEAD
 Git commit hash       : 75d41879b1908a94a452
 Git commit author     : Stig Rune Jensen
 Git commit date       : Thu Jan 6 11:38:53 2022 +0100

 Linear algebra        : EIGEN v3.4.0
 Parallelization       : OpenMP (18 threads)

---------------------------------------------------------------------------


                                                                           
===========================================================================
                         MultiResolution Analysis
---------------------------------------------------------------------------
 polynomial order      : 9
 polynomial type       : Interpolating
---------------------------------------------------------------------------
 total boxes           : 8
 boxes                 : [          2           2           2 ]
 unit lengths          : [  128.00000   128.00000   128.00000 ]
 scaling factor        : [    1.00000     1.00000     1.00000 ]
 lower bounds          : [ -128.00000  -128.00000  -128.00000 ]
 upper bounds          : [  128.00000   128.00000   128.00000 ]
 total length          : [  256.00000   256.00000   256.00000 ]
===========================================================================


                                                                           
***************************************************************************
***                                                                     ***
***                        Initializing Molecule                        ***
***                                                                     ***
***************************************************************************
                                                                           
                                                                           
===========================================================================
                                 Molecule
---------------------------------------------------------------------------
 Charge                  :                                               0
 Multiplicity            :                                               1
---------------------------------------------------------------------------
    N    Atom            :               x               y               z
---------------------------------------------------------------------------
    0      Xe            :        0.000000        0.000000        0.000000
---------------------------------------------------------------------------
 Center of mass          :        0.000000        0.000000        0.000000
===========================================================================


                                                                           
***************************************************************************
***                                                                     ***
***                 Computing Ground State Wavefunction                 ***
***                                                                     ***
***************************************************************************
                                                                           
                                                                           
~~~~~~~~~~~~~~~~~~~~~~~~~~~~~~~~~~~~~~~~~~~~~~~~~~~~~~~~~~~~~~~~~~~~~~~~~~~
 Calculation             : Compute initial orbitals
 Method                  : Diagonalize SAD Hamiltonian
 Precision               : 1.00000e-05
 Screening               : 1.20000e+01 StdDev
 Restricted              : True
 Functional              : LDA (SVWN5)
 AO basis                : 3-21G
~~~~~~~~~~~~~~~~~~~~~~~~~~~~~~~~~~~~~~~~~~~~~~~~~~~~~~~~~~~~~~~~~~~~~~~~~~~


===========================================================================
                            Molecular Orbitals
---------------------------------------------------------------------------
 Alpha electrons         :                                              27
 Beta electrons          :                                              27
 Total electrons         :                                              54
---------------------------------------------------------------------------
    n  Occ Spin          :                                            Norm
---------------------------------------------------------------------------
    0    2    p          :                              1.000000000000e+00
    1    2    p          :                              1.000000000000e+00
    2    2    p          :                              1.000000000000e+00
    3    2    p          :                              1.000000000000e+00
    4    2    p          :                              1.000000000000e+00
    5    2    p          :                              1.000000000000e+00
    6    2    p          :                              1.000000000000e+00
    7    2    p          :                              1.000000000000e+00
    8    2    p          :                              1.000000000000e+00
    9    2    p          :                              1.000000000000e+00
   10    2    p          :                              1.000000000000e+00
   11    2    p          :                              1.000000000000e+00
   12    2    p          :                              1.000000000000e+00
   13    2    p          :                              1.000000000000e+00
   14    2    p          :                              1.000000000000e+00
   15    2    p          :                              1.000000000000e+00
   16    2    p          :                              1.000000000000e+00
   17    2    p          :                              1.000000000000e+00
   18    2    p          :                              1.000000000000e+00
   19    2    p          :                              1.000000000000e+00
   20    2    p          :                              1.000000000000e+00
   21    2    p          :                              1.000000000000e+00
   22    2    p          :                              1.000000000000e+00
   23    2    p          :                              1.000000000000e+00
   24    2    p          :                              1.000000000000e+00
   25    2    p          :                              1.000000000000e+00
   26    2    p          :                              1.000000000000e+00
===========================================================================


~~~~~~~~~~~~~~~~~~~~~~~~~~~~~~~~~~~~~~~~~~~~~~~~~~~~~~~~~~~~~~~~~~~~~~~~~~~
 Calculation             : Compute initial energy
 Method                  : DFT (PBE)
 Relativity              : ZORA (J)
 Precision               : 1.00000e-05
 Localization            : On
~~~~~~~~~~~~~~~~~~~~~~~~~~~~~~~~~~~~~~~~~~~~~~~~~~~~~~~~~~~~~~~~~~~~~~~~~~~


===========================================================================
                        Molecular Energy (initial)
---------------------------------------------------------------------------
 Kinetic energy          :            (au)               7260.127138992106
 E-N energy              :            (au)             -17115.809911235941
 Coulomb energy          :            (au)               2878.086439989891
 Exchange energy         :            (au)                  0.000000000000
 X-C energy              :            (au)               -180.990514569464
 Ext. field (el)         :            (au)                  0.000000000000
---------------------------------------------------------------------------
 N-N energy              :            (au)                  0.000000000000
 Ext. field (nuc)        :            (au)                  0.000000000000
 Tot. Reac. Energy       :            (au)                  0.000000000000
 El. Reac. Energy        :            (au)                  0.000000000000
 Nuc. Reac. Energy       :            (au)                  0.000000000000
---------------------------------------------------------------------------
 Electronic energy       :            (au)              -7158.586846823409
 Nuclear energy          :            (au)                  0.000000000000
---------------------------------------------------------------------------
 Total energy            :            (au)             -7.158586846823e+03
                         :      (kcal/mol)             -4.492081031041e+06
                         :        (kJ/mol)             -1.879486704607e+07
                         :            (eV)             -1.947950631028e+05
===========================================================================


===========================================================================
                        Orbital Energies (initial)
---------------------------------------------------------------------------
    n  Occ Spin          :                                         Epsilon
---------------------------------------------------------------------------
    0    2    p          :            (au)              -1192.251197137911
    1    2    p          :            (au)               -180.736189885188
    2    2    p          :            (au)               -169.490365417927
    3    2    p          :            (au)               -169.490365415999
    4    2    p          :            (au)               -169.490365408149
    5    2    p          :            (au)                -36.890911284226
    6    2    p          :            (au)                -32.014114741979
    7    2    p          :            (au)                -32.014114741718
    8    2    p          :            (au)                -32.014114740690
    9    2    p          :            (au)                -23.980522361320
   10    2    p          :            (au)                -23.980522361305
   11    2    p          :            (au)                -23.979608606434
   12    2    p          :            (au)                -23.979608606360
   13    2    p          :            (au)                -23.979608606162
   14    2    p          :            (au)                 -6.574276667941
   15    2    p          :            (au)                 -4.855553653844
   16    2    p          :            (au)                 -4.855553653795
   17    2    p          :            (au)                 -4.855553653600
   18    2    p          :            (au)                 -2.224720339770
   19    2    p          :            (au)                 -2.224720339767
   20    2    p          :            (au)                 -2.224554295382
   21    2    p          :            (au)                 -2.224554295368
   22    2    p          :            (au)                 -2.224554295330
   23    2    p          :            (au)                 -0.631772291289
   24    2    p          :            (au)                 -0.266584553560
   25    2    p          :            (au)                 -0.266584553559
   26    2    p          :            (au)                 -0.266584553546
---------------------------------------------------------------------------
 Sum occupied            :            (au)              -4335.974352924241
===========================================================================


~~~~~~~~~~~~~~~~~~~~~~~~~~~~~~~~~~~~~~~~~~~~~~~~~~~~~~~~~~~~~~~~~~~~~~~~~~~
 Calculation             : Optimize ground state orbitals
 Method                  : DFT (PBE)
 Relativity              : ZORA (J)
 Checkpointing           : Off
 Max iterations          : 100
 KAIN solver             : 6
 Localization            : First two iterations
 Diagonalization         : Off
 Start precision         : 1.00000e-06
 Final precision         : 1.00000e-06
 Helmholtz precision     : Dynamic
 Energy threshold        : Off
 Orbital threshold       : 1.00000e-05
~~~~~~~~~~~~~~~~~~~~~~~~~~~~~~~~~~~~~~~~~~~~~~~~~~~~~~~~~~~~~~~~~~~~~~~~~~~


===========================================================================
 Iter           MO residual             Total energy                Update
---------------------------------------------------------------------------
    0          5.196152e+00       -7158.586846823409         -7.158587e+03
    1          1.189855e-01       -7189.537399943593         -3.095055e+01
    2          3.293553e-02       -7190.505695192155         -9.682952e-01
    3          1.653739e-02       -7190.615155313704         -1.094601e-01
    4          1.277273e-02       -7190.638235053036         -2.307974e-02
    5          1.149833e-02       -7190.651286468620         -1.305142e-02
    6          5.327737e-03       -7190.650715771200          5.706974e-04
    7          3.564556e-03       -7190.649140241451          1.575530e-03
    8          1.512438e-03       -7190.648877772881          2.624686e-04
    9          7.819208e-04       -7190.648848584688          2.918819e-05
   10          5.648590e-04       -7190.649085666050         -2.370814e-04
   11          3.128203e-04       -7190.649272962452         -1.872964e-04
   12          1.389084e-04       -7190.649364671788         -9.170934e-05
   13          1.004034e-04       -7190.649396843216         -3.217143e-05
   14          6.393339e-05       -7190.649405674942         -8.831726e-06
   15          4.251420e-05       -7190.649385790121          1.988482e-05
   16          2.272401e-05       -7190.649371008848          1.478127e-05
---------------------------------------------------------------------------
                      SCF converged in 16 iterations!
===========================================================================


                                                                           
***************************************************************************
***                                                                     ***
***                    Printing Molecular Properties                    ***
***                                                                     ***
***************************************************************************
                                                                           
                                                                           
===========================================================================
                                 Molecule
---------------------------------------------------------------------------
 Charge                  :                                               0
 Multiplicity            :                                               1
---------------------------------------------------------------------------
    N    Atom            :               x               y               z
---------------------------------------------------------------------------
    0      Xe            :        0.000000        0.000000        0.000000
---------------------------------------------------------------------------
 Center of mass          :        0.000000        0.000000        0.000000
===========================================================================


===========================================================================
                         Molecular Energy (final)
---------------------------------------------------------------------------
 Kinetic energy          :            (au)               7177.975704616961
 E-N energy              :            (au)             -17055.638830169359
 Coulomb energy          :            (au)               2867.154663576803
 Exchange energy         :            (au)                  0.000000000000
 X-C energy              :            (au)               -180.140909033253
 Ext. field (el)         :            (au)                  0.000000000000
---------------------------------------------------------------------------
 N-N energy              :            (au)                  0.000000000000
 Ext. field (nuc)        :            (au)                  0.000000000000
 Tot. Reac. Energy       :            (au)                  0.000000000000
 El. Reac. Energy        :            (au)                  0.000000000000
 Nuc. Reac. Energy       :            (au)                  0.000000000000
---------------------------------------------------------------------------
 Electronic energy       :            (au)              -7190.649371008848
 Nuclear energy          :            (au)                  0.000000000000
---------------------------------------------------------------------------
 Total energy            :            (au)             -7.190649371009e+03
                         :      (kcal/mol)             -4.512200568567e+06
                         :        (kJ/mol)             -1.887904719114e+07
                         :            (eV)             -1.956675287941e+05
===========================================================================


===========================================================================
                         Orbital Energies (final)
---------------------------------------------------------------------------
    n  Occ Spin          :                                         Epsilon
---------------------------------------------------------------------------
    0    2    p          :            (au)              -1200.978641408837
    1    2    p          :            (au)               -182.118670729964
    2    2    p          :            (au)               -171.575523478392
    3    2    p          :            (au)               -171.575523257225
    4    2    p          :            (au)               -171.575523172285
    5    2    p          :            (au)                -37.184689038785
    6    2    p          :            (au)                -32.686059950815
    7    2    p          :            (au)                -32.686059619185
    8    2    p          :            (au)                -32.686059349568
    9    2    p          :            (au)                -24.299403170865
   10    2    p          :            (au)                -24.299403003524
   11    2    p          :            (au)                -24.299402886791
   12    2    p          :            (au)                -24.299402655769
   13    2    p          :            (au)                -24.299402507720
   14    2    p          :            (au)                 -6.648963326305
   15    2    p          :            (au)                 -5.046020311443
   16    2    p          :            (au)                 -5.046020021986
   17    2    p          :            (au)                 -5.046019787269
   18    2    p          :            (au)                 -2.286397148366
   19    2    p          :            (au)                 -2.286397027273
   20    2    p          :            (au)                 -2.286396902206
   21    2    p          :            (au)                 -2.286396670776
   22    2    p          :            (au)                 -2.286396504519
   23    2    p          :            (au)                 -0.660431913771
   24    2    p          :            (au)                 -0.304150160702
   25    2    p          :            (au)                 -0.304150133083
   26    2    p          :            (au)                 -0.304150058009
---------------------------------------------------------------------------
 Sum occupied            :            (au)              -4378.711308390871
===========================================================================


===========================================================================
                           Dipole Moment (dip-1)
---------------------------------------------------------------------------
 r_O                     :        0.000000        0.000000        0.000000
---------------------------------------------------------------------------
 Electronic vector       :       -0.000010       -0.000014        0.000009
 Magnitude               :            (au)                        0.000020
                         :         (Debye)                        0.000050
---------------------------------------------------------------------------
 Nuclear vector          :        0.000000        0.000000        0.000000
 Magnitude               :            (au)                        0.000000
                         :         (Debye)                        0.000000
---------------------------------------------------------------------------
 Total vector            :       -0.000010       -0.000014        0.000009
 Magnitude               :            (au)                        0.000020
                         :         (Debye)                        0.000050
===========================================================================


                                                                           
                                                                           
***************************************************************************
***                                                                     ***
***                            Exiting MRChem                           ***
***                                                                     ***
***                       Wall time :  0h 44m  5s                       ***
***                                                                     ***
***************************************************************************
                                                                           
                                                                           
