                                                                           
                                                                           
***************************************************************************
***                                                                     ***
***                                                                     ***
***          __  __ ____   ____ _                                       ***
***         |  \/  |  _ \ / ___| |__   ___ _ __ ___                     ***
***         | |\/| | |_) | |   | '_ \ / _ \ '_ ` _ \                    ***
***         | |  | |  _ <| |___| | | |  __/ | | | | |                   ***
***         |_|  |_|_| \_\\____|_| |_|\___|_| |_| |_|                   ***
***                                                                     ***
***         VERSION            1.1.0-alpha                              ***
***                                                                     ***
***         Git branch         master                                   ***
***         Git commit hash    b4f78495f92d8a9b9e61                     ***
***         Git commit author  Stig Rune Jensen                         ***
***         Git commit date    Mon Mar 21 16:08:34 2022 +0100           ***
***                                                                     ***
***         Contact: luca.frediani@uit.no                               ***
***                                                                     ***
***         Radovan Bast            Magnar Bjorgve                      ***
***         Roberto Di Remigio      Antoine Durdek                      ***
***         Luca Frediani           Gabriel Gerez                       ***
***         Stig Rune Jensen        Jonas Juselius                      ***
***         Rune Monstad            Peter Wind                          ***
***                                                                     ***
***************************************************************************

---------------------------------------------------------------------------

 MPI processes           :       (no bank)                               1
 OpenMP threads          :                                              18
 Total cores             :                                              18
                                                                           
---------------------------------------------------------------------------

XCFun DFT library Copyright 2009-2020 Ulf Ekstrom and contributors.
See http://dftlibs.org/xcfun/ for more information.

This is free software; see the source code for copying conditions.
There is ABSOLUTELY NO WARRANTY; not even for MERCHANTABILITY or
FITNESS FOR A PARTICULAR PURPOSE. For details see the documentation.
Scientific users of this library should cite
U. Ekstrom, L. Visscher, R. Bast, A. J. Thorvaldsen and K. Ruud;
J.Chem.Theor.Comp. 2010, DOI: 10.1021/ct100117s

---------------------------------------------------------------------------

 MRCPP version         : 1.4.1
 Git branch            : HEAD
 Git commit hash       : 75d41879b1908a94a452
 Git commit author     : Stig Rune Jensen
 Git commit date       : Thu Jan 6 11:38:53 2022 +0100

 Linear algebra        : EIGEN v3.4.0
 Parallelization       : OpenMP (18 threads)

---------------------------------------------------------------------------


                                                                           
===========================================================================
                         MultiResolution Analysis
---------------------------------------------------------------------------
 polynomial order      : 9
 polynomial type       : Interpolating
---------------------------------------------------------------------------
 total boxes           : 8
 boxes                 : [          2           2           2 ]
 unit lengths          : [  128.00000   128.00000   128.00000 ]
 scaling factor        : [    1.00000     1.00000     1.00000 ]
 lower bounds          : [ -128.00000  -128.00000  -128.00000 ]
 upper bounds          : [  128.00000   128.00000   128.00000 ]
 total length          : [  256.00000   256.00000   256.00000 ]
===========================================================================


                                                                           
***************************************************************************
***                                                                     ***
***                        Initializing Molecule                        ***
***                                                                     ***
***************************************************************************
                                                                           
                                                                           
===========================================================================
                                 Molecule
---------------------------------------------------------------------------
 Charge                  :                                               0
 Multiplicity            :                                               1
---------------------------------------------------------------------------
    N    Atom            :               x               y               z
---------------------------------------------------------------------------
    0      Xe            :        0.000000        0.000000        0.000000
---------------------------------------------------------------------------
 Center of mass          :        0.000000        0.000000        0.000000
===========================================================================


                                                                           
***************************************************************************
***                                                                     ***
***                 Computing Ground State Wavefunction                 ***
***                                                                     ***
***************************************************************************
                                                                           
                                                                           
~~~~~~~~~~~~~~~~~~~~~~~~~~~~~~~~~~~~~~~~~~~~~~~~~~~~~~~~~~~~~~~~~~~~~~~~~~~
 Calculation             : Compute initial orbitals
 Method                  : Diagonalize SAD Hamiltonian
 Precision               : 1.00000e-05
 Screening               : 1.20000e+01 StdDev
 Restricted              : True
 Functional              : LDA (SVWN5)
 AO basis                : 3-21G
~~~~~~~~~~~~~~~~~~~~~~~~~~~~~~~~~~~~~~~~~~~~~~~~~~~~~~~~~~~~~~~~~~~~~~~~~~~


===========================================================================
                            Molecular Orbitals
---------------------------------------------------------------------------
 Alpha electrons         :                                              27
 Beta electrons          :                                              27
 Total electrons         :                                              54
---------------------------------------------------------------------------
    n  Occ Spin          :                                            Norm
---------------------------------------------------------------------------
    0    2    p          :                              1.000000000000e+00
    1    2    p          :                              1.000000000000e+00
    2    2    p          :                              1.000000000000e+00
    3    2    p          :                              1.000000000000e+00
    4    2    p          :                              1.000000000000e+00
    5    2    p          :                              1.000000000000e+00
    6    2    p          :                              1.000000000000e+00
    7    2    p          :                              1.000000000000e+00
    8    2    p          :                              1.000000000000e+00
    9    2    p          :                              1.000000000000e+00
   10    2    p          :                              1.000000000000e+00
   11    2    p          :                              1.000000000000e+00
   12    2    p          :                              1.000000000000e+00
   13    2    p          :                              1.000000000000e+00
   14    2    p          :                              1.000000000000e+00
   15    2    p          :                              1.000000000000e+00
   16    2    p          :                              1.000000000000e+00
   17    2    p          :                              1.000000000000e+00
   18    2    p          :                              1.000000000000e+00
   19    2    p          :                              1.000000000000e+00
   20    2    p          :                              1.000000000000e+00
   21    2    p          :                              1.000000000000e+00
   22    2    p          :                              1.000000000000e+00
   23    2    p          :                              1.000000000000e+00
   24    2    p          :                              1.000000000000e+00
   25    2    p          :                              1.000000000000e+00
   26    2    p          :                              1.000000000000e+00
===========================================================================


~~~~~~~~~~~~~~~~~~~~~~~~~~~~~~~~~~~~~~~~~~~~~~~~~~~~~~~~~~~~~~~~~~~~~~~~~~~
 Calculation             : Compute initial energy
 Method                  : DFT (PBE)
 Relativity              : ZORA (J + V_xc)
 Precision               : 1.00000e-05
 Localization            : On
~~~~~~~~~~~~~~~~~~~~~~~~~~~~~~~~~~~~~~~~~~~~~~~~~~~~~~~~~~~~~~~~~~~~~~~~~~~


===========================================================================
                        Molecular Energy (initial)
---------------------------------------------------------------------------
 Kinetic energy          :            (au)               7257.354029020719
 E-N energy              :            (au)             -17115.809911235847
 Coulomb energy          :            (au)               2878.086439989889
 Exchange energy         :            (au)                  0.000000000000
 X-C energy              :            (au)               -180.990514573124
 Ext. field (el)         :            (au)                  0.000000000000
---------------------------------------------------------------------------
 N-N energy              :            (au)                  0.000000000000
 Ext. field (nuc)        :            (au)                  0.000000000000
 Tot. Reac. Energy       :            (au)                  0.000000000000
 El. Reac. Energy        :            (au)                  0.000000000000
 Nuc. Reac. Energy       :            (au)                  0.000000000000
---------------------------------------------------------------------------
 Electronic energy       :            (au)              -7161.359956798361
 Nuclear energy          :            (au)                  0.000000000000
---------------------------------------------------------------------------
 Total energy            :            (au)             -7.161359956798e+03
                         :      (kcal/mol)             -4.493821183808e+06
                         :        (kJ/mol)             -1.880214784526e+07
                         :            (eV)             -1.948705232661e+05
===========================================================================


===========================================================================
                        Orbital Energies (initial)
---------------------------------------------------------------------------
    n  Occ Spin          :                                         Epsilon
---------------------------------------------------------------------------
    0    2    p          :            (au)              -1193.001176707810
    1    2    p          :            (au)               -180.868025067282
    2    2    p          :            (au)               -169.590327199741
    3    2    p          :            (au)               -169.590327197853
    4    2    p          :            (au)               -169.590327167913
    5    2    p          :            (au)                -36.922003466493
    6    2    p          :            (au)                -32.037530612761
    7    2    p          :            (au)                -32.037530612525
    8    2    p          :            (au)                -32.037530607783
    9    2    p          :            (au)                -23.993698885659
   10    2    p          :            (au)                -23.993698884600
   11    2    p          :            (au)                -23.992787309715
   12    2    p          :            (au)                -23.992787309688
   13    2    p          :            (au)                -23.992787309492
   14    2    p          :            (au)                 -6.581621806201
   15    2    p          :            (au)                 -4.860738698182
   16    2    p          :            (au)                 -4.860738698139
   17    2    p          :            (au)                 -4.860738697205
   18    2    p          :            (au)                 -2.227110485418
   19    2    p          :            (au)                 -2.227110485213
   20    2    p          :            (au)                 -2.226949691303
   21    2    p          :            (au)                 -2.226949691298
   22    2    p          :            (au)                 -2.226949691263
   23    2    p          :            (au)                 -0.632866408524
   24    2    p          :            (au)                 -0.267139856706
   25    2    p          :            (au)                 -0.267139856435
   26    2    p          :            (au)                 -0.267139856432
---------------------------------------------------------------------------
 Sum occupied            :            (au)              -4338.747464523274
===========================================================================


~~~~~~~~~~~~~~~~~~~~~~~~~~~~~~~~~~~~~~~~~~~~~~~~~~~~~~~~~~~~~~~~~~~~~~~~~~~
 Calculation             : Optimize ground state orbitals
 Method                  : DFT (PBE)
 Relativity              : ZORA (J + V_xc)
 Checkpointing           : Off
 Max iterations          : 100
 KAIN solver             : 6
 Localization            : First two iterations
 Diagonalization         : Off
 Start precision         : 1.00000e-06
 Final precision         : 1.00000e-06
 Helmholtz precision     : Dynamic
 Energy threshold        : Off
 Orbital threshold       : 1.00000e-05
~~~~~~~~~~~~~~~~~~~~~~~~~~~~~~~~~~~~~~~~~~~~~~~~~~~~~~~~~~~~~~~~~~~~~~~~~~~


===========================================================================
 Iter           MO residual             Total energy                Update
---------------------------------------------------------------------------
    0          5.196152e+00       -7161.359956798361         -7.161360e+03
    1          1.187667e-01       -7192.560627897223         -3.120067e+01
    2          3.320865e-02       -7193.550268312417         -9.896404e-01
    3          1.686893e-02       -7193.663572206283         -1.133039e-01
    4          1.291257e-02       -7193.686602382359         -2.303018e-02
    5          1.178016e-02       -7193.699579007042         -1.297662e-02
    6          5.368247e-03       -7193.698798731499          7.802755e-04
    7          3.641099e-03       -7193.697165250225          1.633481e-03
    8          1.561588e-03       -7193.696947807333          2.174429e-04
    9          8.297574e-04       -7193.696921951945          2.585539e-05
   10          5.437641e-04       -7193.697173888218         -2.519363e-04
   11          3.145695e-04       -7193.697388907291         -2.150191e-04
   12          1.411566e-04       -7193.697490124295         -1.012170e-04
   13          9.930481e-05       -7193.697522182847         -3.205855e-05
   14          6.230739e-05       -7193.697533316062         -1.113321e-05
   15          4.348256e-05       -7193.697518319743          1.499632e-05
   16          2.289106e-05       -7193.697496938763          2.138098e-05
---------------------------------------------------------------------------
                      SCF converged in 16 iterations!
===========================================================================


                                                                           
***************************************************************************
***                                                                     ***
***                    Printing Molecular Properties                    ***
***                                                                     ***
***************************************************************************
                                                                           
                                                                           
===========================================================================
                                 Molecule
---------------------------------------------------------------------------
 Charge                  :                                               0
 Multiplicity            :                                               1
---------------------------------------------------------------------------
    N    Atom            :               x               y               z
---------------------------------------------------------------------------
    0      Xe            :        0.000000        0.000000        0.000000
---------------------------------------------------------------------------
 Center of mass          :        0.000000        0.000000        0.000000
===========================================================================


===========================================================================
                         Molecular Energy (final)
---------------------------------------------------------------------------
 Kinetic energy          :            (au)               7182.959530060749
 E-N energy              :            (au)             -17064.368393487413
 Coulomb energy          :            (au)               2867.919092273755
 Exchange energy         :            (au)                  0.000000000000
 X-C energy              :            (au)               -180.207725785853
 Ext. field (el)         :            (au)                  0.000000000000
---------------------------------------------------------------------------
 N-N energy              :            (au)                  0.000000000000
 Ext. field (nuc)        :            (au)                  0.000000000000
 Tot. Reac. Energy       :            (au)                  0.000000000000
 El. Reac. Energy        :            (au)                  0.000000000000
 Nuc. Reac. Energy       :            (au)                  0.000000000000
---------------------------------------------------------------------------
 Electronic energy       :            (au)              -7193.697496938763
 Nuclear energy          :            (au)                  0.000000000000
---------------------------------------------------------------------------
 Total energy            :            (au)             -7.193697496939e+03
                         :      (kcal/mol)             -4.514113296451e+06
                         :        (kJ/mol)             -1.888705004461e+07
                         :            (eV)             -1.957504725224e+05
===========================================================================


===========================================================================
                         Orbital Energies (final)
---------------------------------------------------------------------------
    n  Occ Spin          :                                         Epsilon
---------------------------------------------------------------------------
    0    2    p          :            (au)              -1201.760050813593
    1    2    p          :            (au)               -182.232906453806
    2    2    p          :            (au)               -171.639551821615
    3    2    p          :            (au)               -171.639551728067
    4    2    p          :            (au)               -171.639551622365
    5    2    p          :            (au)                -37.206994488020
    6    2    p          :            (au)                -32.697281070867
    7    2    p          :            (au)                -32.697280844408
    8    2    p          :            (au)                -32.697280512339
    9    2    p          :            (au)                -24.299787882865
   10    2    p          :            (au)                -24.299787811424
   11    2    p          :            (au)                -24.299787659864
   12    2    p          :            (au)                -24.299787528378
   13    2    p          :            (au)                -24.299787398238
   14    2    p          :            (au)                 -6.653173694980
   15    2    p          :            (au)                 -5.047581024052
   16    2    p          :            (au)                 -5.047580698784
   17    2    p          :            (au)                 -5.047580403564
   18    2    p          :            (au)                 -2.285714038834
   19    2    p          :            (au)                 -2.285713820362
   20    2    p          :            (au)                 -2.285713661183
   21    2    p          :            (au)                 -2.285713607386
   22    2    p          :            (au)                 -2.285713273001
   23    2    p          :            (au)                 -0.660838394240
   24    2    p          :            (au)                 -0.304156577659
   25    2    p          :            (au)                 -0.304156550261
   26    2    p          :            (au)                 -0.304156479685
---------------------------------------------------------------------------
 Sum occupied            :            (au)              -4381.014359719684
===========================================================================


===========================================================================
                           Dipole Moment (dip-1)
---------------------------------------------------------------------------
 r_O                     :        0.000000        0.000000        0.000000
---------------------------------------------------------------------------
 Electronic vector       :       -0.000007       -0.000001        0.000017
 Magnitude               :            (au)                        0.000018
                         :         (Debye)                        0.000047
---------------------------------------------------------------------------
 Nuclear vector          :        0.000000        0.000000        0.000000
 Magnitude               :            (au)                        0.000000
                         :         (Debye)                        0.000000
---------------------------------------------------------------------------
 Total vector            :       -0.000007       -0.000001        0.000017
 Magnitude               :            (au)                        0.000018
                         :         (Debye)                        0.000047
===========================================================================


                                                                           
                                                                           
***************************************************************************
***                                                                     ***
***                            Exiting MRChem                           ***
***                                                                     ***
***                       Wall time :  0h 44m 38s                       ***
***                                                                     ***
***************************************************************************
                                                                           
                                                                           
