                                                                           
                                                                           
***************************************************************************
***                                                                     ***
***                                                                     ***
***          __  __ ____   ____ _                                       ***
***         |  \/  |  _ \ / ___| |__   ___ _ __ ___                     ***
***         | |\/| | |_) | |   | '_ \ / _ \ '_ ` _ \                    ***
***         | |  | |  _ <| |___| | | |  __/ | | | | |                   ***
***         |_|  |_|_| \_\\____|_| |_|\___|_| |_| |_|                   ***
***                                                                     ***
***         VERSION            1.1.0-alpha                              ***
***                                                                     ***
***         Git branch         master                                   ***
***         Git commit hash    b4f78495f92d8a9b9e61                     ***
***         Git commit author  Stig Rune Jensen                         ***
***         Git commit date    Mon Mar 21 16:08:34 2022 +0100           ***
***                                                                     ***
***         Contact: luca.frediani@uit.no                               ***
***                                                                     ***
***         Radovan Bast            Magnar Bjorgve                      ***
***         Roberto Di Remigio      Antoine Durdek                      ***
***         Luca Frediani           Gabriel Gerez                       ***
***         Stig Rune Jensen        Jonas Juselius                      ***
***         Rune Monstad            Peter Wind                          ***
***                                                                     ***
***************************************************************************

---------------------------------------------------------------------------

 MPI processes           :       (no bank)                               1
 OpenMP threads          :                                              18
 Total cores             :                                              18
                                                                           
---------------------------------------------------------------------------

XCFun DFT library Copyright 2009-2020 Ulf Ekstrom and contributors.
See http://dftlibs.org/xcfun/ for more information.

This is free software; see the source code for copying conditions.
There is ABSOLUTELY NO WARRANTY; not even for MERCHANTABILITY or
FITNESS FOR A PARTICULAR PURPOSE. For details see the documentation.
Scientific users of this library should cite
U. Ekstrom, L. Visscher, R. Bast, A. J. Thorvaldsen and K. Ruud;
J.Chem.Theor.Comp. 2010, DOI: 10.1021/ct100117s

---------------------------------------------------------------------------

 MRCPP version         : 1.4.1
 Git branch            : HEAD
 Git commit hash       : 75d41879b1908a94a452
 Git commit author     : Stig Rune Jensen
 Git commit date       : Thu Jan 6 11:38:53 2022 +0100

 Linear algebra        : EIGEN v3.4.0
 Parallelization       : OpenMP (18 threads)

---------------------------------------------------------------------------


                                                                           
===========================================================================
                         MultiResolution Analysis
---------------------------------------------------------------------------
 polynomial order      : 9
 polynomial type       : Interpolating
---------------------------------------------------------------------------
 total boxes           : 8
 boxes                 : [          2           2           2 ]
 unit lengths          : [  128.00000   128.00000   128.00000 ]
 scaling factor        : [    1.00000     1.00000     1.00000 ]
 lower bounds          : [ -128.00000  -128.00000  -128.00000 ]
 upper bounds          : [  128.00000   128.00000   128.00000 ]
 total length          : [  256.00000   256.00000   256.00000 ]
===========================================================================


                                                                           
***************************************************************************
***                                                                     ***
***                        Initializing Molecule                        ***
***                                                                     ***
***************************************************************************
                                                                           
                                                                           
===========================================================================
                                 Molecule
---------------------------------------------------------------------------
 Charge                  :                                               0
 Multiplicity            :                                               1
---------------------------------------------------------------------------
    N    Atom            :               x               y               z
---------------------------------------------------------------------------
    0      Xe            :        0.000000        0.000000        0.000000
---------------------------------------------------------------------------
 Center of mass          :        0.000000        0.000000        0.000000
===========================================================================


                                                                           
***************************************************************************
***                                                                     ***
***                 Computing Ground State Wavefunction                 ***
***                                                                     ***
***************************************************************************
                                                                           
                                                                           
~~~~~~~~~~~~~~~~~~~~~~~~~~~~~~~~~~~~~~~~~~~~~~~~~~~~~~~~~~~~~~~~~~~~~~~~~~~
 Calculation             : Compute initial orbitals
 Method                  : Diagonalize SAD Hamiltonian
 Precision               : 1.00000e-05
 Screening               : 1.20000e+01 StdDev
 Restricted              : True
 Functional              : LDA (SVWN5)
 AO basis                : 3-21G
~~~~~~~~~~~~~~~~~~~~~~~~~~~~~~~~~~~~~~~~~~~~~~~~~~~~~~~~~~~~~~~~~~~~~~~~~~~


===========================================================================
                            Molecular Orbitals
---------------------------------------------------------------------------
 Alpha electrons         :                                              27
 Beta electrons          :                                              27
 Total electrons         :                                              54
---------------------------------------------------------------------------
    n  Occ Spin          :                                            Norm
---------------------------------------------------------------------------
    0    2    p          :                              1.000000000000e+00
    1    2    p          :                              1.000000000000e+00
    2    2    p          :                              1.000000000000e+00
    3    2    p          :                              1.000000000000e+00
    4    2    p          :                              1.000000000000e+00
    5    2    p          :                              1.000000000000e+00
    6    2    p          :                              1.000000000000e+00
    7    2    p          :                              1.000000000000e+00
    8    2    p          :                              1.000000000000e+00
    9    2    p          :                              1.000000000000e+00
   10    2    p          :                              1.000000000000e+00
   11    2    p          :                              1.000000000000e+00
   12    2    p          :                              1.000000000000e+00
   13    2    p          :                              1.000000000000e+00
   14    2    p          :                              1.000000000000e+00
   15    2    p          :                              1.000000000000e+00
   16    2    p          :                              1.000000000000e+00
   17    2    p          :                              1.000000000000e+00
   18    2    p          :                              1.000000000000e+00
   19    2    p          :                              1.000000000000e+00
   20    2    p          :                              1.000000000000e+00
   21    2    p          :                              1.000000000000e+00
   22    2    p          :                              1.000000000000e+00
   23    2    p          :                              1.000000000000e+00
   24    2    p          :                              1.000000000000e+00
   25    2    p          :                              1.000000000000e+00
   26    2    p          :                              1.000000000000e+00
===========================================================================


~~~~~~~~~~~~~~~~~~~~~~~~~~~~~~~~~~~~~~~~~~~~~~~~~~~~~~~~~~~~~~~~~~~~~~~~~~~
 Calculation             : Compute initial energy
 Method                  : DFT (PBE)
 Relativity              : ZORA (V_xc)
 Precision               : 1.00000e-05
 Localization            : On
~~~~~~~~~~~~~~~~~~~~~~~~~~~~~~~~~~~~~~~~~~~~~~~~~~~~~~~~~~~~~~~~~~~~~~~~~~~


===========================================================================
                        Molecular Energy (initial)
---------------------------------------------------------------------------
 Kinetic energy          :            (au)               7215.659416125913
 E-N energy              :            (au)             -17115.809911235843
 Coulomb energy          :            (au)               2878.086439989870
 Exchange energy         :            (au)                  0.000000000000
 X-C energy              :            (au)               -180.990514574069
 Ext. field (el)         :            (au)                  0.000000000000
---------------------------------------------------------------------------
 N-N energy              :            (au)                  0.000000000000
 Ext. field (nuc)        :            (au)                  0.000000000000
 Tot. Reac. Energy       :            (au)                  0.000000000000
 El. Reac. Energy        :            (au)                  0.000000000000
 Nuc. Reac. Energy       :            (au)                  0.000000000000
---------------------------------------------------------------------------
 Electronic energy       :            (au)              -7203.054569694131
 Nuclear energy          :            (au)                  0.000000000000
---------------------------------------------------------------------------
 Total energy            :            (au)             -7.203054569694e+03
                         :      (kcal/mol)             -4.519984948207e+06
                         :        (kJ/mol)             -1.891161703557e+07
                         :            (eV)             -1.960050914321e+05
===========================================================================


===========================================================================
                        Orbital Energies (initial)
---------------------------------------------------------------------------
    n  Occ Spin          :                                         Epsilon
---------------------------------------------------------------------------
    0    2    p          :            (au)              -1202.692043675497
    1    2    p          :            (au)               -182.705923514531
    2    2    p          :            (au)               -171.300110897130
    3    2    p          :            (au)               -171.300110873339
    4    2    p          :            (au)               -171.300110865975
    5    2    p          :            (au)                -37.399468319557
    6    2    p          :            (au)                -32.472306394944
    7    2    p          :            (au)                -32.472306386122
    8    2    p          :            (au)                -32.472306379590
    9    2    p          :            (au)                -24.318642185296
   10    2    p          :            (au)                -24.318642179378
   11    2    p          :            (au)                -24.318642169165
   12    2    p          :            (au)                -24.318624656718
   13    2    p          :            (au)                -24.318624652795
   14    2    p          :            (au)                 -6.700929488269
   15    2    p          :            (au)                 -4.961938640879
   16    2    p          :            (au)                 -4.961938637782
   17    2    p          :            (au)                 -4.961938635560
   18    2    p          :            (au)                 -2.288223581785
   19    2    p          :            (au)                 -2.288223580525
   20    2    p          :            (au)                 -2.288222896572
   21    2    p          :            (au)                 -2.288222895379
   22    2    p          :            (au)                 -2.288222892861
   23    2    p          :            (au)                 -0.650902071830
   24    2    p          :            (au)                 -0.278137235831
   25    2    p          :            (au)                 -0.278137235636
   26    2    p          :            (au)                 -0.278137235560
---------------------------------------------------------------------------
 Sum occupied            :            (au)              -4380.442076357007
===========================================================================


~~~~~~~~~~~~~~~~~~~~~~~~~~~~~~~~~~~~~~~~~~~~~~~~~~~~~~~~~~~~~~~~~~~~~~~~~~~
 Calculation             : Optimize ground state orbitals
 Method                  : DFT (PBE)
 Relativity              : ZORA (V_xc)
 Checkpointing           : Off
 Max iterations          : 100
 KAIN solver             : 6
 Localization            : First two iterations
 Diagonalization         : Off
 Start precision         : 1.00000e-06
 Final precision         : 1.00000e-06
 Helmholtz precision     : Dynamic
 Energy threshold        : Off
 Orbital threshold       : 1.00000e-05
~~~~~~~~~~~~~~~~~~~~~~~~~~~~~~~~~~~~~~~~~~~~~~~~~~~~~~~~~~~~~~~~~~~~~~~~~~~


===========================================================================
 Iter           MO residual             Total energy                Update
---------------------------------------------------------------------------
    0          5.196152e+00       -7203.054569694131         -7.203055e+03
    1          1.147372e-01       -7236.148596879828         -3.309403e+01
    2          3.194345e-02       -7237.147078182286         -9.984813e-01
    3          1.580951e-02       -7237.267584299056         -1.205061e-01
    4          1.291175e-02       -7237.294763501286         -2.717920e-02
    5          1.106992e-02       -7237.303593766458         -8.830265e-03
    6          5.002633e-03       -7237.304402920767         -8.091543e-04
    7          3.180404e-03       -7237.304789298914         -3.863781e-04
    8          1.461067e-03       -7237.304842799790         -5.350088e-05
    9          7.451620e-04       -7237.304855559493         -1.275970e-05
   10          5.436110e-04       -7237.304851860628          3.698865e-06
   11          2.871674e-04       -7237.304845805473          6.055156e-06
   12          1.215526e-04       -7237.304849557897         -3.752424e-06
   13          8.549737e-05       -7237.304852738182         -3.180286e-06
   14          5.518094e-05       -7237.304855388754         -2.650571e-06
   15          3.892396e-05       -7237.304857575762         -2.187008e-06
   16          2.199631e-05       -7237.304858150577         -5.748152e-07
---------------------------------------------------------------------------
                      SCF converged in 16 iterations!
===========================================================================


                                                                           
***************************************************************************
***                                                                     ***
***                    Printing Molecular Properties                    ***
***                                                                     ***
***************************************************************************
                                                                           
                                                                           
===========================================================================
                                 Molecule
---------------------------------------------------------------------------
 Charge                  :                                               0
 Multiplicity            :                                               1
---------------------------------------------------------------------------
    N    Atom            :               x               y               z
---------------------------------------------------------------------------
    0      Xe            :        0.000000        0.000000        0.000000
---------------------------------------------------------------------------
 Center of mass          :        0.000000        0.000000        0.000000
===========================================================================


===========================================================================
                         Molecular Energy (final)
---------------------------------------------------------------------------
 Kinetic energy          :            (au)               7236.702504694905
 E-N energy              :            (au)             -17174.817013280532
 Coulomb energy          :            (au)               2882.030869086335
 Exchange energy         :            (au)                  0.000000000000
 X-C energy              :            (au)               -181.221218651286
 Ext. field (el)         :            (au)                  0.000000000000
---------------------------------------------------------------------------
 N-N energy              :            (au)                  0.000000000000
 Ext. field (nuc)        :            (au)                  0.000000000000
 Tot. Reac. Energy       :            (au)                  0.000000000000
 El. Reac. Energy        :            (au)                  0.000000000000
 Nuc. Reac. Energy       :            (au)                  0.000000000000
---------------------------------------------------------------------------
 Electronic energy       :            (au)              -7237.304858150577
 Nuclear energy          :            (au)                  0.000000000000
---------------------------------------------------------------------------
 Total energy            :            (au)             -7.237304858151e+03
                         :      (kcal/mol)             -4.541477328529e+06
                         :        (kJ/mol)             -1.900154115490e+07
                         :            (eV)             -1.969370892194e+05
===========================================================================


===========================================================================
                         Orbital Energies (final)
---------------------------------------------------------------------------
    n  Occ Spin          :                                         Epsilon
---------------------------------------------------------------------------
    0    2    p          :            (au)              -1210.731709663938
    1    2    p          :            (au)               -183.589927330759
    2    2    p          :            (au)               -172.718300953486
    3    2    p          :            (au)               -172.718300899600
    4    2    p          :            (au)               -172.718300825694
    5    2    p          :            (au)                -37.479361083892
    6    2    p          :            (au)                -32.891574152520
    7    2    p          :            (au)                -32.891574002374
    8    2    p          :            (au)                -32.891573657267
    9    2    p          :            (au)                -24.371068044368
   10    2    p          :            (au)                -24.371067931287
   11    2    p          :            (au)                -24.371064681977
   12    2    p          :            (au)                -24.371064608954
   13    2    p          :            (au)                -24.371064382917
   14    2    p          :            (au)                 -6.702080933429
   15    2    p          :            (au)                 -5.074712092748
   16    2    p          :            (au)                 -5.074711744640
   17    2    p          :            (au)                 -5.074711533505
   18    2    p          :            (au)                 -2.283315185251
   19    2    p          :            (au)                 -2.283315147108
   20    2    p          :            (au)                 -2.283314859697
   21    2    p          :            (au)                 -2.283314765532
   22    2    p          :            (au)                 -2.283314577605
   23    2    p          :            (au)                 -0.665046778108
   24    2    p          :            (au)                 -0.304644642081
   25    2    p          :            (au)                 -0.304644597577
   26    2    p          :            (au)                 -0.304644565834
---------------------------------------------------------------------------
 Sum occupied            :            (au)              -4410.815447284292
===========================================================================


===========================================================================
                           Dipole Moment (dip-1)
---------------------------------------------------------------------------
 r_O                     :        0.000000        0.000000        0.000000
---------------------------------------------------------------------------
 Electronic vector       :       -0.000007        0.000012       -0.000001
 Magnitude               :            (au)                        0.000014
                         :         (Debye)                        0.000036
---------------------------------------------------------------------------
 Nuclear vector          :        0.000000        0.000000        0.000000
 Magnitude               :            (au)                        0.000000
                         :         (Debye)                        0.000000
---------------------------------------------------------------------------
 Total vector            :       -0.000007        0.000012       -0.000001
 Magnitude               :            (au)                        0.000014
                         :         (Debye)                        0.000036
===========================================================================


                                                                           
                                                                           
***************************************************************************
***                                                                     ***
***                            Exiting MRChem                           ***
***                                                                     ***
***                       Wall time :  0h 45m 20s                       ***
***                                                                     ***
***************************************************************************
                                                                           
                                                                           
