                                                                           
                                                                           
***************************************************************************
***                                                                     ***
***                                                                     ***
***          __  __ ____   ____ _                                       ***
***         |  \/  |  _ \ / ___| |__   ___ _ __ ___                     ***
***         | |\/| | |_) | |   | '_ \ / _ \ '_ ` _ \                    ***
***         | |  | |  _ <| |___| | | |  __/ | | | | |                   ***
***         |_|  |_|_| \_\\____|_| |_|\___|_| |_| |_|                   ***
***                                                                     ***
***         VERSION            1.1.0-alpha                              ***
***                                                                     ***
***         Git branch         master                                   ***
***         Git commit hash    b4f78495f92d8a9b9e61                     ***
***         Git commit author  Stig Rune Jensen                         ***
***         Git commit date    Mon Mar 21 16:08:34 2022 +0100           ***
***                                                                     ***
***         Contact: luca.frediani@uit.no                               ***
***                                                                     ***
***         Radovan Bast            Magnar Bjorgve                      ***
***         Roberto Di Remigio      Antoine Durdek                      ***
***         Luca Frediani           Gabriel Gerez                       ***
***         Stig Rune Jensen        Jonas Juselius                      ***
***         Rune Monstad            Peter Wind                          ***
***                                                                     ***
***************************************************************************

---------------------------------------------------------------------------

 MPI processes           :       (no bank)                               1
 OpenMP threads          :                                              18
 Total cores             :                                              18
                                                                           
---------------------------------------------------------------------------

XCFun DFT library Copyright 2009-2020 Ulf Ekstrom and contributors.
See http://dftlibs.org/xcfun/ for more information.

This is free software; see the source code for copying conditions.
There is ABSOLUTELY NO WARRANTY; not even for MERCHANTABILITY or
FITNESS FOR A PARTICULAR PURPOSE. For details see the documentation.
Scientific users of this library should cite
U. Ekstrom, L. Visscher, R. Bast, A. J. Thorvaldsen and K. Ruud;
J.Chem.Theor.Comp. 2010, DOI: 10.1021/ct100117s

---------------------------------------------------------------------------

 MRCPP version         : 1.4.1
 Git branch            : HEAD
 Git commit hash       : 75d41879b1908a94a452
 Git commit author     : Stig Rune Jensen
 Git commit date       : Thu Jan 6 11:38:53 2022 +0100

 Linear algebra        : EIGEN v3.4.0
 Parallelization       : OpenMP (18 threads)

---------------------------------------------------------------------------


                                                                           
===========================================================================
                         MultiResolution Analysis
---------------------------------------------------------------------------
 polynomial order      : 9
 polynomial type       : Interpolating
---------------------------------------------------------------------------
 total boxes           : 8
 boxes                 : [          2           2           2 ]
 unit lengths          : [  128.00000   128.00000   128.00000 ]
 scaling factor        : [    1.00000     1.00000     1.00000 ]
 lower bounds          : [ -128.00000  -128.00000  -128.00000 ]
 upper bounds          : [  128.00000   128.00000   128.00000 ]
 total length          : [  256.00000   256.00000   256.00000 ]
===========================================================================


                                                                           
***************************************************************************
***                                                                     ***
***                        Initializing Molecule                        ***
***                                                                     ***
***************************************************************************
                                                                           
                                                                           
===========================================================================
                                 Molecule
---------------------------------------------------------------------------
 Charge                  :                                               0
 Multiplicity            :                                               1
---------------------------------------------------------------------------
    N    Atom            :               x               y               z
---------------------------------------------------------------------------
    0      Xe            :        0.000000        0.000000        0.000000
---------------------------------------------------------------------------
 Center of mass          :        0.000000        0.000000        0.000000
===========================================================================


                                                                           
***************************************************************************
***                                                                     ***
***                 Computing Ground State Wavefunction                 ***
***                                                                     ***
***************************************************************************
                                                                           
                                                                           
~~~~~~~~~~~~~~~~~~~~~~~~~~~~~~~~~~~~~~~~~~~~~~~~~~~~~~~~~~~~~~~~~~~~~~~~~~~
 Calculation             : Compute initial orbitals
 Method                  : Diagonalize SAD Hamiltonian
 Precision               : 1.00000e-05
 Screening               : 1.20000e+01 StdDev
 Restricted              : True
 Functional              : LDA (SVWN5)
 AO basis                : 3-21G
~~~~~~~~~~~~~~~~~~~~~~~~~~~~~~~~~~~~~~~~~~~~~~~~~~~~~~~~~~~~~~~~~~~~~~~~~~~


===========================================================================
                            Molecular Orbitals
---------------------------------------------------------------------------
 Alpha electrons         :                                              27
 Beta electrons          :                                              27
 Total electrons         :                                              54
---------------------------------------------------------------------------
    n  Occ Spin          :                                            Norm
---------------------------------------------------------------------------
    0    2    p          :                              1.000000000000e+00
    1    2    p          :                              1.000000000000e+00
    2    2    p          :                              1.000000000000e+00
    3    2    p          :                              1.000000000000e+00
    4    2    p          :                              1.000000000000e+00
    5    2    p          :                              1.000000000000e+00
    6    2    p          :                              1.000000000000e+00
    7    2    p          :                              1.000000000000e+00
    8    2    p          :                              1.000000000000e+00
    9    2    p          :                              1.000000000000e+00
   10    2    p          :                              1.000000000000e+00
   11    2    p          :                              1.000000000000e+00
   12    2    p          :                              1.000000000000e+00
   13    2    p          :                              1.000000000000e+00
   14    2    p          :                              1.000000000000e+00
   15    2    p          :                              1.000000000000e+00
   16    2    p          :                              1.000000000000e+00
   17    2    p          :                              1.000000000000e+00
   18    2    p          :                              1.000000000000e+00
   19    2    p          :                              1.000000000000e+00
   20    2    p          :                              1.000000000000e+00
   21    2    p          :                              1.000000000000e+00
   22    2    p          :                              1.000000000000e+00
   23    2    p          :                              1.000000000000e+00
   24    2    p          :                              1.000000000000e+00
   25    2    p          :                              1.000000000000e+00
   26    2    p          :                              1.000000000000e+00
===========================================================================


~~~~~~~~~~~~~~~~~~~~~~~~~~~~~~~~~~~~~~~~~~~~~~~~~~~~~~~~~~~~~~~~~~~~~~~~~~~
 Calculation             : Compute initial energy
 Method                  : DFT (PBE)
 Relativity              : ZORA (V_nuc + V_xc)
 Precision               : 1.00000e-05
 Localization            : On
~~~~~~~~~~~~~~~~~~~~~~~~~~~~~~~~~~~~~~~~~~~~~~~~~~~~~~~~~~~~~~~~~~~~~~~~~~~


===========================================================================
                        Molecular Energy (initial)
---------------------------------------------------------------------------
 Kinetic energy          :            (au)               6913.801588759637
 E-N energy              :            (au)             -17115.809911235890
 Coulomb energy          :            (au)               2878.086439989887
 Exchange energy         :            (au)                  0.000000000000
 X-C energy              :            (au)               -180.990514574255
 Ext. field (el)         :            (au)                  0.000000000000
---------------------------------------------------------------------------
 N-N energy              :            (au)                  0.000000000000
 Ext. field (nuc)        :            (au)                  0.000000000000
 Tot. Reac. Energy       :            (au)                  0.000000000000
 El. Reac. Energy        :            (au)                  0.000000000000
 Nuc. Reac. Energy       :            (au)                  0.000000000000
---------------------------------------------------------------------------
 Electronic energy       :            (au)              -7504.912397060621
 Nuclear energy          :            (au)                  0.000000000000
---------------------------------------------------------------------------
 Total energy            :            (au)             -7.504912397061e+03
                         :      (kcal/mol)             -4.709403593171e+06
                         :        (kJ/mol)             -1.970414464662e+07
                         :            (eV)             -2.042190610029e+05
===========================================================================


===========================================================================
                        Orbital Energies (initial)
---------------------------------------------------------------------------
    n  Occ Spin          :                                         Epsilon
---------------------------------------------------------------------------
    0    2    p          :            (au)              -1298.720739513879
    1    2    p          :            (au)               -196.813228265018
    2    2    p          :            (au)               -180.041318819498
    3    2    p          :            (au)               -180.041318815231
    4    2    p          :            (au)               -180.041318807319
    5    2    p          :            (au)                -40.243800320227
    6    2    p          :            (au)                -34.279920725304
    7    2    p          :            (au)                -34.279920724836
    8    2    p          :            (au)                -34.279920723891
    9    2    p          :            (au)                -25.081934639409
   10    2    p          :            (au)                -25.081934639295
   11    2    p          :            (au)                -25.081934639102
   12    2    p          :            (au)                -25.081934208499
   13    2    p          :            (au)                -25.081934208473
   14    2    p          :            (au)                 -7.289202941220
   15    2    p          :            (au)                 -5.318318426558
   16    2    p          :            (au)                 -5.318318426485
   17    2    p          :            (au)                 -5.318318426325
   18    2    p          :            (au)                 -2.418297203870
   19    2    p          :            (au)                 -2.418297203866
   20    2    p          :            (au)                 -2.418294712329
   21    2    p          :            (au)                 -2.418294712309
   22    2    p          :            (au)                 -2.418294712276
   23    2    p          :            (au)                 -0.727433197052
   24    2    p          :            (au)                 -0.311907736461
   25    2    p          :            (au)                 -0.311907736456
   26    2    p          :            (au)                 -0.311907736439
---------------------------------------------------------------------------
 Sum occupied            :            (au)              -4682.299904443253
===========================================================================


~~~~~~~~~~~~~~~~~~~~~~~~~~~~~~~~~~~~~~~~~~~~~~~~~~~~~~~~~~~~~~~~~~~~~~~~~~~
 Calculation             : Optimize ground state orbitals
 Method                  : DFT (PBE)
 Relativity              : ZORA (V_nuc + V_xc)
 Checkpointing           : Off
 Max iterations          : 100
 KAIN solver             : 6
 Localization            : First two iterations
 Diagonalization         : Off
 Start precision         : 1.00000e-06
 Final precision         : 1.00000e-06
 Helmholtz precision     : Dynamic
 Energy threshold        : Off
 Orbital threshold       : 1.00000e-05
~~~~~~~~~~~~~~~~~~~~~~~~~~~~~~~~~~~~~~~~~~~~~~~~~~~~~~~~~~~~~~~~~~~~~~~~~~~


===========================================================================
 Iter           MO residual             Total energy                Update
---------------------------------------------------------------------------
    0          5.196152e+00       -7504.912397060621         -7.504912e+03
    1          1.381605e-01       -7598.628290274940         -9.371589e+01
    2          5.865131e-02       -7608.956126548804         -1.032784e+01
    3          3.641569e-02       -7611.436354115414         -2.480228e+00
    4          6.035914e-02       -7607.663967823819          3.772386e+00
    5          1.811918e-02       -7612.924091458140         -5.260124e+00
    6          8.683897e-03       -7611.655818236012          1.268273e+00
    7          5.614529e-03       -7612.036460738458         -3.806425e-01
    8          4.263898e-03       -7612.890820537122         -8.543598e-01
    9          3.683921e-03       -7610.547673081210          2.343147e+00
   10          4.289959e-03       -7611.199073829333         -6.514007e-01
   11          2.563438e-03       -7612.955233814696         -1.756160e+00
   12          9.689744e-04       -7612.995054862379         -3.982105e-02
   13          5.547790e-04       -7613.017133621685         -2.207876e-02
   14          5.353914e-04       -7612.996431963169          2.070166e-02
   15          3.160260e-04       -7613.018997760038         -2.256580e-02
   16          1.738088e-04       -7613.024485220360         -5.487460e-03
   17          1.352435e-04       -7613.020419797809          4.065423e-03
   18          9.834575e-05       -7613.020191691499          2.281063e-04
   19          7.119818e-05       -7613.023237182976         -3.045491e-03
   20          3.754335e-05       -7613.024063108335         -8.259254e-04
   21          4.354861e-05       -7613.022461698529          1.601410e-03
   22          2.109503e-05       -7613.022240301396          2.213971e-04
   23          1.467521e-05       -7613.023374027391         -1.133726e-03
---------------------------------------------------------------------------
                      SCF converged in 23 iterations!
===========================================================================


                                                                           
***************************************************************************
***                                                                     ***
***                    Printing Molecular Properties                    ***
***                                                                     ***
***************************************************************************
                                                                           
                                                                           
===========================================================================
                                 Molecule
---------------------------------------------------------------------------
 Charge                  :                                               0
 Multiplicity            :                                               1
---------------------------------------------------------------------------
    N    Atom            :               x               y               z
---------------------------------------------------------------------------
    0      Xe            :        0.000000        0.000000        0.000000
---------------------------------------------------------------------------
 Center of mass          :        0.000000        0.000000        0.000000
===========================================================================


===========================================================================
                         Molecular Energy (final)
---------------------------------------------------------------------------
 Kinetic energy          :            (au)               8021.975244474490
 E-N energy              :            (au)             -18399.788450582051
 Coulomb energy          :            (au)               2953.838191141761
 Exchange energy         :            (au)                  0.000000000000
 X-C energy              :            (au)               -189.048359061591
 Ext. field (el)         :            (au)                  0.000000000000
---------------------------------------------------------------------------
 N-N energy              :            (au)                  0.000000000000
 Ext. field (nuc)        :            (au)                  0.000000000000
 Tot. Reac. Energy       :            (au)                  0.000000000000
 El. Reac. Energy        :            (au)                  0.000000000000
 Nuc. Reac. Energy       :            (au)                  0.000000000000
---------------------------------------------------------------------------
 Electronic energy       :            (au)              -7613.023374027391
 Nuclear energy          :            (au)                  0.000000000000
---------------------------------------------------------------------------
 Total energy            :            (au)             -7.613023374027e+03
                         :      (kcal/mol)             -4.777244254921e+06
                         :        (kJ/mol)             -1.998798997556e+07
                         :            (eV)             -2.071609104253e+05
===========================================================================


===========================================================================
                         Orbital Energies (final)
---------------------------------------------------------------------------
    n  Occ Spin          :                                         Epsilon
---------------------------------------------------------------------------
    0    2    p          :            (au)              -1324.154028058802
    1    2    p          :            (au)               -199.581629155781
    2    2    p          :            (au)               -178.742101604515
    3    2    p          :            (au)               -178.742101525221
    4    2    p          :            (au)               -178.742101375643
    5    2    p          :            (au)                -40.580768616371
    6    2    p          :            (au)                -33.934067135358
    7    2    p          :            (au)                -33.934067049342
    8    2    p          :            (au)                -33.934066794989
    9    2    p          :            (au)                -24.117887373658
   10    2    p          :            (au)                -24.117887348558
   11    2    p          :            (au)                -24.117887258736
   12    2    p          :            (au)                -24.117887152084
   13    2    p          :            (au)                -24.117886704185
   14    2    p          :            (au)                 -7.312663996459
   15    2    p          :            (au)                 -5.218930398246
   16    2    p          :            (au)                 -5.218930244856
   17    2    p          :            (au)                 -5.218930116193
   18    2    p          :            (au)                 -2.179668646541
   19    2    p          :            (au)                 -2.179668563271
   20    2    p          :            (au)                 -2.179668524896
   21    2    p          :            (au)                 -2.179668264190
   22    2    p          :            (au)                 -2.179668235957
   23    2    p          :            (au)                 -0.730357606576
   24    2    p          :            (au)                 -0.303017704504
   25    2    p          :            (au)                 -0.303017538650
   26    2    p          :            (au)                 -0.303017331406
---------------------------------------------------------------------------
 Sum occupied            :            (au)              -4716.883148649976
===========================================================================


===========================================================================
                           Dipole Moment (dip-1)
---------------------------------------------------------------------------
 r_O                     :        0.000000        0.000000        0.000000
---------------------------------------------------------------------------
 Electronic vector       :        0.000002        0.000001       -0.000000
 Magnitude               :            (au)                        0.000002
                         :         (Debye)                        0.000006
---------------------------------------------------------------------------
 Nuclear vector          :        0.000000        0.000000        0.000000
 Magnitude               :            (au)                        0.000000
                         :         (Debye)                        0.000000
---------------------------------------------------------------------------
 Total vector            :        0.000002        0.000001       -0.000000
 Magnitude               :            (au)                        0.000002
                         :         (Debye)                        0.000006
===========================================================================


                                                                           
                                                                           
***************************************************************************
***                                                                     ***
***                            Exiting MRChem                           ***
***                                                                     ***
***                       Wall time :  1h 35m 40s                       ***
***                                                                     ***
***************************************************************************
                                                                           
                                                                           
