                                                                           
                                                                           
***************************************************************************
***                                                                     ***
***                                                                     ***
***          __  __ ____   ____ _                                       ***
***         |  \/  |  _ \ / ___| |__   ___ _ __ ___                     ***
***         | |\/| | |_) | |   | '_ \ / _ \ '_ ` _ \                    ***
***         | |  | |  _ <| |___| | | |  __/ | | | | |                   ***
***         |_|  |_|_| \_\\____|_| |_|\___|_| |_| |_|                   ***
***                                                                     ***
***         VERSION            1.1.0-alpha                              ***
***                                                                     ***
***         Git branch         master                                   ***
***         Git commit hash    b4f78495f92d8a9b9e61                     ***
***         Git commit author  Stig Rune Jensen                         ***
***         Git commit date    Mon Mar 21 16:08:34 2022 +0100           ***
***                                                                     ***
***         Contact: luca.frediani@uit.no                               ***
***                                                                     ***
***         Radovan Bast            Magnar Bjorgve                      ***
***         Roberto Di Remigio      Antoine Durdek                      ***
***         Luca Frediani           Gabriel Gerez                       ***
***         Stig Rune Jensen        Jonas Juselius                      ***
***         Rune Monstad            Peter Wind                          ***
***                                                                     ***
***************************************************************************

---------------------------------------------------------------------------

 MPI processes           :       (no bank)                               1
 OpenMP threads          :                                              18
 Total cores             :                                              18
                                                                           
---------------------------------------------------------------------------

XCFun DFT library Copyright 2009-2020 Ulf Ekstrom and contributors.
See http://dftlibs.org/xcfun/ for more information.

This is free software; see the source code for copying conditions.
There is ABSOLUTELY NO WARRANTY; not even for MERCHANTABILITY or
FITNESS FOR A PARTICULAR PURPOSE. For details see the documentation.
Scientific users of this library should cite
U. Ekstrom, L. Visscher, R. Bast, A. J. Thorvaldsen and K. Ruud;
J.Chem.Theor.Comp. 2010, DOI: 10.1021/ct100117s

---------------------------------------------------------------------------

 MRCPP version         : 1.4.1
 Git branch            : HEAD
 Git commit hash       : 75d41879b1908a94a452
 Git commit author     : Stig Rune Jensen
 Git commit date       : Thu Jan 6 11:38:53 2022 +0100

 Linear algebra        : EIGEN v3.4.0
 Parallelization       : OpenMP (18 threads)

---------------------------------------------------------------------------


                                                                           
===========================================================================
                         MultiResolution Analysis
---------------------------------------------------------------------------
 polynomial order      : 9
 polynomial type       : Interpolating
---------------------------------------------------------------------------
 total boxes           : 8
 boxes                 : [          2           2           2 ]
 unit lengths          : [  128.00000   128.00000   128.00000 ]
 scaling factor        : [    1.00000     1.00000     1.00000 ]
 lower bounds          : [ -128.00000  -128.00000  -128.00000 ]
 upper bounds          : [  128.00000   128.00000   128.00000 ]
 total length          : [  256.00000   256.00000   256.00000 ]
===========================================================================


                                                                           
***************************************************************************
***                                                                     ***
***                        Initializing Molecule                        ***
***                                                                     ***
***************************************************************************
                                                                           
                                                                           
===========================================================================
                                 Molecule
---------------------------------------------------------------------------
 Charge                  :                                               0
 Multiplicity            :                                               1
---------------------------------------------------------------------------
    N    Atom            :               x               y               z
---------------------------------------------------------------------------
    0      Xe            :        0.000000        0.000000        0.000000
---------------------------------------------------------------------------
 Center of mass          :        0.000000        0.000000        0.000000
===========================================================================


                                                                           
***************************************************************************
***                                                                     ***
***                 Computing Ground State Wavefunction                 ***
***                                                                     ***
***************************************************************************
                                                                           
                                                                           
~~~~~~~~~~~~~~~~~~~~~~~~~~~~~~~~~~~~~~~~~~~~~~~~~~~~~~~~~~~~~~~~~~~~~~~~~~~
 Calculation             : Compute initial orbitals
 Method                  : Diagonalize SAD Hamiltonian
 Precision               : 1.00000e-05
 Screening               : 1.20000e+01 StdDev
 Restricted              : True
 Functional              : LDA (SVWN5)
 AO basis                : 3-21G
~~~~~~~~~~~~~~~~~~~~~~~~~~~~~~~~~~~~~~~~~~~~~~~~~~~~~~~~~~~~~~~~~~~~~~~~~~~


===========================================================================
                            Molecular Orbitals
---------------------------------------------------------------------------
 Alpha electrons         :                                              27
 Beta electrons          :                                              27
 Total electrons         :                                              54
---------------------------------------------------------------------------
    n  Occ Spin          :                                            Norm
---------------------------------------------------------------------------
    0    2    p          :                              1.000000000000e+00
    1    2    p          :                              1.000000000000e+00
    2    2    p          :                              1.000000000000e+00
    3    2    p          :                              1.000000000000e+00
    4    2    p          :                              1.000000000000e+00
    5    2    p          :                              1.000000000000e+00
    6    2    p          :                              1.000000000000e+00
    7    2    p          :                              1.000000000000e+00
    8    2    p          :                              1.000000000000e+00
    9    2    p          :                              1.000000000000e+00
   10    2    p          :                              1.000000000000e+00
   11    2    p          :                              1.000000000000e+00
   12    2    p          :                              1.000000000000e+00
   13    2    p          :                              1.000000000000e+00
   14    2    p          :                              1.000000000000e+00
   15    2    p          :                              1.000000000000e+00
   16    2    p          :                              1.000000000000e+00
   17    2    p          :                              1.000000000000e+00
   18    2    p          :                              1.000000000000e+00
   19    2    p          :                              1.000000000000e+00
   20    2    p          :                              1.000000000000e+00
   21    2    p          :                              1.000000000000e+00
   22    2    p          :                              1.000000000000e+00
   23    2    p          :                              1.000000000000e+00
   24    2    p          :                              1.000000000000e+00
   25    2    p          :                              1.000000000000e+00
   26    2    p          :                              1.000000000000e+00
===========================================================================


~~~~~~~~~~~~~~~~~~~~~~~~~~~~~~~~~~~~~~~~~~~~~~~~~~~~~~~~~~~~~~~~~~~~~~~~~~~
 Calculation             : Compute initial energy
 Method                  : DFT (PBE)
 Relativity              : ZORA (V_nuc + J + V_xc)
 Precision               : 1.00000e-05
 Localization            : On
~~~~~~~~~~~~~~~~~~~~~~~~~~~~~~~~~~~~~~~~~~~~~~~~~~~~~~~~~~~~~~~~~~~~~~~~~~~


===========================================================================
                        Molecular Energy (initial)
---------------------------------------------------------------------------
 Kinetic energy          :            (au)               6953.470236675626
 E-N energy              :            (au)             -17115.809911235836
 Coulomb energy          :            (au)               2878.086439989882
 Exchange energy         :            (au)                  0.000000000000
 X-C energy              :            (au)               -180.990514573523
 Ext. field (el)         :            (au)                  0.000000000000
---------------------------------------------------------------------------
 N-N energy              :            (au)                  0.000000000000
 Ext. field (nuc)        :            (au)                  0.000000000000
 Tot. Reac. Energy       :            (au)                  0.000000000000
 El. Reac. Energy        :            (au)                  0.000000000000
 Nuc. Reac. Energy       :            (au)                  0.000000000000
---------------------------------------------------------------------------
 Electronic energy       :            (au)              -7465.243749143852
 Nuclear energy          :            (au)                  0.000000000000
---------------------------------------------------------------------------
 Total energy            :            (au)             -7.465243749144e+03
                         :      (kcal/mol)             -4.684511140981e+06
                         :        (kJ/mol)             -1.959999462658e+07
                         :            (eV)             -2.031396221501e+05
===========================================================================


===========================================================================
                        Orbital Energies (initial)
---------------------------------------------------------------------------
    n  Occ Spin          :                                         Epsilon
---------------------------------------------------------------------------
    0    2    p          :            (au)              -1289.530170266699
    1    2    p          :            (au)               -195.241834978797
    2    2    p          :            (au)               -178.319467137824
    3    2    p          :            (au)               -178.319467137328
    4    2    p          :            (au)               -178.319467104008
    5    2    p          :            (au)                -39.870414211281
    6    2    p          :            (au)                -33.875858813566
    7    2    p          :            (au)                -33.875858813503
    8    2    p          :            (au)                -33.875858808967
    9    2    p          :            (au)                -24.751600784084
   10    2    p          :            (au)                -24.751600784076
   11    2    p          :            (au)                -24.751600783903
   12    2    p          :            (au)                -24.751600740494
   13    2    p          :            (au)                -24.751600739392
   14    2    p          :            (au)                 -7.205286031922
   15    2    p          :            (au)                 -5.232566631509
   16    2    p          :            (au)                 -5.232566631499
   17    2    p          :            (au)                 -5.232566630706
   18    2    p          :            (au)                 -2.359747120451
   19    2    p          :            (au)                 -2.359747120252
   20    2    p          :            (au)                 -2.359745080924
   21    2    p          :            (au)                 -2.359745080923
   22    2    p          :            (au)                 -2.359745080894
   23    2    p          :            (au)                 -0.716501766813
   24    2    p          :            (au)                 -0.303670299812
   25    2    p          :            (au)                 -0.303670299811
   26    2    p          :            (au)                 -0.303670299772
---------------------------------------------------------------------------
 Sum occupied            :            (au)              -4642.631258358413
===========================================================================


~~~~~~~~~~~~~~~~~~~~~~~~~~~~~~~~~~~~~~~~~~~~~~~~~~~~~~~~~~~~~~~~~~~~~~~~~~~
 Calculation             : Optimize ground state orbitals
 Method                  : DFT (PBE)
 Relativity              : ZORA (V_nuc + J + V_xc)
 Checkpointing           : Off
 Max iterations          : 100
 KAIN solver             : 6
 Localization            : First two iterations
 Diagonalization         : Off
 Start precision         : 1.00000e-06
 Final precision         : 1.00000e-06
 Helmholtz precision     : Dynamic
 Energy threshold        : Off
 Orbital threshold       : 1.00000e-05
~~~~~~~~~~~~~~~~~~~~~~~~~~~~~~~~~~~~~~~~~~~~~~~~~~~~~~~~~~~~~~~~~~~~~~~~~~~


===========================================================================
 Iter           MO residual             Total energy                Update
---------------------------------------------------------------------------
    0          5.196152e+00       -7465.243749143852         -7.465244e+03
    1          1.308775e-01       -7553.191091755009         -8.794734e+01
    2          5.401657e-02       -7561.866783291972         -8.675692e+00
    3          3.357307e-02       -7563.766539612558         -1.899756e+00
    4          5.154666e-02       -7560.812098264499          2.954441e+00
    5          2.143989e-02       -7564.795279056760         -3.983181e+00
    6          8.249412e-03       -7563.566040331129          1.229239e+00
    7          5.343470e-03       -7564.125029126707         -5.589888e-01
    8          4.187655e-03       -7564.773994872412         -6.489657e-01
    9          3.705597e-03       -7562.392424017057          2.381571e+00
   10          3.899426e-03       -7563.883521594182         -1.491098e+00
   11          2.176759e-03       -7564.746411075299         -8.628895e-01
   12          1.057229e-03       -7564.881918559812         -1.355075e-01
   13          5.329508e-04       -7564.896416118658         -1.449756e-02
   14          5.222042e-04       -7564.869408529749          2.700759e-02
   15          3.330055e-04       -7564.893563989735         -2.415546e-02
   16          1.757947e-04       -7564.898961990472         -5.398001e-03
   17          1.315279e-04       -7564.895139230906          3.822760e-03
   18          9.157964e-05       -7564.895457510031         -3.182791e-04
   19          6.055217e-05       -7564.899702746644         -4.245237e-03
   20          3.279465e-05       -7564.900024695832         -3.219492e-04
   21          3.715970e-05       -7564.897947002845          2.077693e-03
   22          1.670738e-05       -7564.898666776810         -7.197740e-04
   23          1.053882e-05       -7564.899012837614         -3.460608e-04
---------------------------------------------------------------------------
                      SCF converged in 23 iterations!
===========================================================================


                                                                           
***************************************************************************
***                                                                     ***
***                    Printing Molecular Properties                    ***
***                                                                     ***
***************************************************************************
                                                                           
                                                                           
===========================================================================
                                 Molecule
---------------------------------------------------------------------------
 Charge                  :                                               0
 Multiplicity            :                                               1
---------------------------------------------------------------------------
    N    Atom            :               x               y               z
---------------------------------------------------------------------------
    0      Xe            :        0.000000        0.000000        0.000000
---------------------------------------------------------------------------
 Center of mass          :        0.000000        0.000000        0.000000
===========================================================================


===========================================================================
                         Molecular Energy (final)
---------------------------------------------------------------------------
 Kinetic energy          :            (au)               7959.053026937590
 E-N energy              :            (au)             -18274.916661367290
 Coulomb energy          :            (au)               2938.904903324706
 Exchange energy         :            (au)                  0.000000000000
 X-C energy              :            (au)               -187.940281732621
 Ext. field (el)         :            (au)                  0.000000000000
---------------------------------------------------------------------------
 N-N energy              :            (au)                  0.000000000000
 Ext. field (nuc)        :            (au)                  0.000000000000
 Tot. Reac. Energy       :            (au)                  0.000000000000
 El. Reac. Energy        :            (au)                  0.000000000000
 Nuc. Reac. Energy       :            (au)                  0.000000000000
---------------------------------------------------------------------------
 Electronic energy       :            (au)              -7564.899012837614
 Nuclear energy          :            (au)                  0.000000000000
---------------------------------------------------------------------------
 Total energy            :            (au)             -7.564899012838e+03
                         :      (kcal/mol)             -4.747045762584e+06
                         :        (kJ/mol)             -1.986163948354e+07
                         :            (eV)             -2.058513799027e+05
===========================================================================


===========================================================================
                         Orbital Energies (final)
---------------------------------------------------------------------------
    n  Occ Spin          :                                         Epsilon
---------------------------------------------------------------------------
    0    2    p          :            (au)              -1313.806198392100
    1    2    p          :            (au)               -198.030104653937
    2    2    p          :            (au)               -177.591812919375
    3    2    p          :            (au)               -177.591812832324
    4    2    p          :            (au)               -177.591812686404
    5    2    p          :            (au)                -40.270459860245
    6    2    p          :            (au)                -33.727374542624
    7    2    p          :            (au)                -33.727374369087
    8    2    p          :            (au)                -33.727374260564
    9    2    p          :            (au)                -24.048603854410
   10    2    p          :            (au)                -24.048603795418
   11    2    p          :            (au)                -24.048603739435
   12    2    p          :            (au)                -24.048603703173
   13    2    p          :            (au)                -24.048603371223
   14    2    p          :            (au)                 -7.256100874002
   15    2    p          :            (au)                 -5.189958144745
   16    2    p          :            (au)                 -5.189957994265
   17    2    p          :            (au)                 -5.189957837307
   18    2    p          :            (au)                 -2.182793200956
   19    2    p          :            (au)                 -2.182793132118
   20    2    p          :            (au)                 -2.182793090973
   21    2    p          :            (au)                 -2.182792928989
   22    2    p          :            (au)                 -2.182792766956
   23    2    p          :            (au)                 -0.725297520720
   24    2    p          :            (au)                 -0.302523144037
   25    2    p          :            (au)                 -0.302523006631
   26    2    p          :            (au)                 -0.302522846154
---------------------------------------------------------------------------
 Sum occupied            :            (au)              -4683.360298936349
===========================================================================


===========================================================================
                           Dipole Moment (dip-1)
---------------------------------------------------------------------------
 r_O                     :        0.000000        0.000000        0.000000
---------------------------------------------------------------------------
 Electronic vector       :        0.000004        0.000010        0.000009
 Magnitude               :            (au)                        0.000014
                         :         (Debye)                        0.000035
---------------------------------------------------------------------------
 Nuclear vector          :        0.000000        0.000000        0.000000
 Magnitude               :            (au)                        0.000000
                         :         (Debye)                        0.000000
---------------------------------------------------------------------------
 Total vector            :        0.000004        0.000010        0.000009
 Magnitude               :            (au)                        0.000014
                         :         (Debye)                        0.000035
===========================================================================


                                                                           
                                                                           
***************************************************************************
***                                                                     ***
***                            Exiting MRChem                           ***
***                                                                     ***
***                       Wall time :  1h 35m 19s                       ***
***                                                                     ***
***************************************************************************
                                                                           
                                                                           
