                                                                           
                                                                           
***************************************************************************
***                                                                     ***
***                                                                     ***
***          __  __ ____   ____ _                                       ***
***         |  \/  |  _ \ / ___| |__   ___ _ __ ___                     ***
***         | |\/| | |_) | |   | '_ \ / _ \ '_ ` _ \                    ***
***         | |  | |  _ <| |___| | | |  __/ | | | | |                   ***
***         |_|  |_|_| \_\\____|_| |_|\___|_| |_| |_|                   ***
***                                                                     ***
***         VERSION            1.1.0-alpha                              ***
***                                                                     ***
***         Git branch         master                                   ***
***         Git commit hash    b4f78495f92d8a9b9e61                     ***
***         Git commit author  Stig Rune Jensen                         ***
***         Git commit date    Mon Mar 21 16:08:34 2022 +0100           ***
***                                                                     ***
***         Contact: luca.frediani@uit.no                               ***
***                                                                     ***
***         Radovan Bast            Magnar Bjorgve                      ***
***         Roberto Di Remigio      Antoine Durdek                      ***
***         Luca Frediani           Gabriel Gerez                       ***
***         Stig Rune Jensen        Jonas Juselius                      ***
***         Rune Monstad            Peter Wind                          ***
***                                                                     ***
***************************************************************************

---------------------------------------------------------------------------

 MPI processes           :       (no bank)                               1
 OpenMP threads          :                                              18
 Total cores             :                                              18
                                                                           
---------------------------------------------------------------------------

XCFun DFT library Copyright 2009-2020 Ulf Ekstrom and contributors.
See http://dftlibs.org/xcfun/ for more information.

This is free software; see the source code for copying conditions.
There is ABSOLUTELY NO WARRANTY; not even for MERCHANTABILITY or
FITNESS FOR A PARTICULAR PURPOSE. For details see the documentation.
Scientific users of this library should cite
U. Ekstrom, L. Visscher, R. Bast, A. J. Thorvaldsen and K. Ruud;
J.Chem.Theor.Comp. 2010, DOI: 10.1021/ct100117s

---------------------------------------------------------------------------

 MRCPP version         : 1.4.1
 Git branch            : HEAD
 Git commit hash       : 75d41879b1908a94a452
 Git commit author     : Stig Rune Jensen
 Git commit date       : Thu Jan 6 11:38:53 2022 +0100

 Linear algebra        : EIGEN v3.4.0
 Parallelization       : OpenMP (18 threads)

---------------------------------------------------------------------------


                                                                           
===========================================================================
                         MultiResolution Analysis
---------------------------------------------------------------------------
 polynomial order      : 9
 polynomial type       : Interpolating
---------------------------------------------------------------------------
 total boxes           : 8
 boxes                 : [          2           2           2 ]
 unit lengths          : [  128.00000   128.00000   128.00000 ]
 scaling factor        : [    1.00000     1.00000     1.00000 ]
 lower bounds          : [ -128.00000  -128.00000  -128.00000 ]
 upper bounds          : [  128.00000   128.00000   128.00000 ]
 total length          : [  256.00000   256.00000   256.00000 ]
===========================================================================


                                                                           
***************************************************************************
***                                                                     ***
***                        Initializing Molecule                        ***
***                                                                     ***
***************************************************************************
                                                                           
                                                                           
===========================================================================
                                 Molecule
---------------------------------------------------------------------------
 Charge                  :                                               0
 Multiplicity            :                                               1
---------------------------------------------------------------------------
    N    Atom            :               x               y               z
---------------------------------------------------------------------------
    0      Xe            :        0.000000        0.000000        0.000000
---------------------------------------------------------------------------
 Center of mass          :        0.000000        0.000000        0.000000
===========================================================================


                                                                           
***************************************************************************
***                                                                     ***
***                 Computing Ground State Wavefunction                 ***
***                                                                     ***
***************************************************************************
                                                                           
                                                                           
~~~~~~~~~~~~~~~~~~~~~~~~~~~~~~~~~~~~~~~~~~~~~~~~~~~~~~~~~~~~~~~~~~~~~~~~~~~
 Calculation             : Compute initial orbitals
 Method                  : Diagonalize SAD Hamiltonian
 Precision               : 1.00000e-05
 Screening               : 1.20000e+01 StdDev
 Restricted              : True
 Functional              : LDA (SVWN5)
 AO basis                : 3-21G
~~~~~~~~~~~~~~~~~~~~~~~~~~~~~~~~~~~~~~~~~~~~~~~~~~~~~~~~~~~~~~~~~~~~~~~~~~~


===========================================================================
                            Molecular Orbitals
---------------------------------------------------------------------------
 Alpha electrons         :                                              27
 Beta electrons          :                                              27
 Total electrons         :                                              54
---------------------------------------------------------------------------
    n  Occ Spin          :                                            Norm
---------------------------------------------------------------------------
    0    2    p          :                              1.000000000000e+00
    1    2    p          :                              1.000000000000e+00
    2    2    p          :                              1.000000000000e+00
    3    2    p          :                              1.000000000000e+00
    4    2    p          :                              1.000000000000e+00
    5    2    p          :                              1.000000000000e+00
    6    2    p          :                              1.000000000000e+00
    7    2    p          :                              1.000000000000e+00
    8    2    p          :                              1.000000000000e+00
    9    2    p          :                              1.000000000000e+00
   10    2    p          :                              1.000000000000e+00
   11    2    p          :                              1.000000000000e+00
   12    2    p          :                              1.000000000000e+00
   13    2    p          :                              1.000000000000e+00
   14    2    p          :                              1.000000000000e+00
   15    2    p          :                              1.000000000000e+00
   16    2    p          :                              1.000000000000e+00
   17    2    p          :                              1.000000000000e+00
   18    2    p          :                              1.000000000000e+00
   19    2    p          :                              1.000000000000e+00
   20    2    p          :                              1.000000000000e+00
   21    2    p          :                              1.000000000000e+00
   22    2    p          :                              1.000000000000e+00
   23    2    p          :                              1.000000000000e+00
   24    2    p          :                              1.000000000000e+00
   25    2    p          :                              1.000000000000e+00
   26    2    p          :                              1.000000000000e+00
===========================================================================


~~~~~~~~~~~~~~~~~~~~~~~~~~~~~~~~~~~~~~~~~~~~~~~~~~~~~~~~~~~~~~~~~~~~~~~~~~~
 Calculation             : Compute initial energy
 Method                  : DFT (PBE)
 Relativity              : ZORA (V_nuc + J)
 Precision               : 1.00000e-05
 Localization            : On
~~~~~~~~~~~~~~~~~~~~~~~~~~~~~~~~~~~~~~~~~~~~~~~~~~~~~~~~~~~~~~~~~~~~~~~~~~~


===========================================================================
                        Molecular Energy (initial)
---------------------------------------------------------------------------
 Kinetic energy          :            (au)               6956.156292310518
 E-N energy              :            (au)             -17115.809911235818
 Coulomb energy          :            (au)               2878.086439989884
 Exchange energy         :            (au)                  0.000000000000
 X-C energy              :            (au)               -180.990514575899
 Ext. field (el)         :            (au)                  0.000000000000
---------------------------------------------------------------------------
 N-N energy              :            (au)                  0.000000000000
 Ext. field (nuc)        :            (au)                  0.000000000000
 Tot. Reac. Energy       :            (au)                  0.000000000000
 El. Reac. Energy        :            (au)                  0.000000000000
 Nuc. Reac. Energy       :            (au)                  0.000000000000
---------------------------------------------------------------------------
 Electronic energy       :            (au)              -7462.557693511316
 Nuclear energy          :            (au)                  0.000000000000
---------------------------------------------------------------------------
 Total energy            :            (au)             -7.462557693511e+03
                         :      (kcal/mol)             -4.682825615637e+06
                         :        (kJ/mol)             -1.959294238854e+07
                         :            (eV)             -2.030665308560e+05
===========================================================================


===========================================================================
                        Orbital Energies (initial)
---------------------------------------------------------------------------
    n  Occ Spin          :                                         Epsilon
---------------------------------------------------------------------------
    0    2    p          :            (au)              -1288.773994379370
    1    2    p          :            (au)               -195.128168487026
    2    2    p          :            (au)               -178.222170952314
    3    2    p          :            (au)               -178.222170951955
    4    2    p          :            (au)               -178.222170918478
    5    2    p          :            (au)                -39.846838285869
    6    2    p          :            (au)                -33.855019302547
    7    2    p          :            (au)                -33.855019302489
    8    2    p          :            (au)                -33.855019297949
    9    2    p          :            (au)                -24.738612175458
   10    2    p          :            (au)                -24.738612175449
   11    2    p          :            (au)                -24.738612175269
   12    2    p          :            (au)                -24.738612148552
   13    2    p          :            (au)                -24.738612147457
   14    2    p          :            (au)                 -7.200413884147
   15    2    p          :            (au)                 -5.228394787287
   16    2    p          :            (au)                 -5.228394787276
   17    2    p          :            (au)                 -5.228394786483
   18    2    p          :            (au)                 -2.357528467629
   19    2    p          :            (au)                 -2.357528467431
   20    2    p          :            (au)                 -2.357526444894
   21    2    p          :            (au)                 -2.357526444892
   22    2    p          :            (au)                 -2.357526444861
   23    2    p          :            (au)                 -0.715890860432
   24    2    p          :            (au)                 -0.303280706886
   25    2    p          :            (au)                 -0.303280706884
   26    2    p          :            (au)                 -0.303280706844
---------------------------------------------------------------------------
 Sum occupied            :            (au)              -4639.945200392258
===========================================================================


~~~~~~~~~~~~~~~~~~~~~~~~~~~~~~~~~~~~~~~~~~~~~~~~~~~~~~~~~~~~~~~~~~~~~~~~~~~
 Calculation             : Optimize ground state orbitals
 Method                  : DFT (PBE)
 Relativity              : ZORA (V_nuc + J)
 Checkpointing           : Off
 Max iterations          : 100
 KAIN solver             : 6
 Localization            : First two iterations
 Diagonalization         : Off
 Start precision         : 1.00000e-06
 Final precision         : 1.00000e-06
 Helmholtz precision     : Dynamic
 Energy threshold        : Off
 Orbital threshold       : 1.00000e-05
~~~~~~~~~~~~~~~~~~~~~~~~~~~~~~~~~~~~~~~~~~~~~~~~~~~~~~~~~~~~~~~~~~~~~~~~~~~


===========================================================================
 Iter           MO residual             Total energy                Update
---------------------------------------------------------------------------
    0          5.196152e+00       -7462.557693511316         -7.462558e+03
    1          1.308338e-01       -7550.409253422715         -8.785156e+01
    2          5.318041e-02       -7558.611158988267         -8.201906e+00
    3          3.240461e-02       -7560.348549688844         -1.737391e+00
    4          5.279527e-02       -7556.283048131490          4.065502e+00
    5          1.685826e-02       -7561.257342795728         -4.974295e+00
    6          8.035328e-03       -7560.092902645094          1.164440e+00
    7          5.426283e-03       -7560.262343690868         -1.694410e-01
    8          4.387359e-03       -7561.239483418527         -9.771397e-01
    9          3.726027e-03       -7558.799488903165          2.439995e+00
   10          4.322185e-03       -7559.583883821336         -7.843949e-01
   11          2.524611e-03       -7561.359773319738         -1.775889e+00
   12          8.632518e-04       -7561.364678552329         -4.905233e-03
   13          5.267543e-04       -7561.383800264062         -1.912171e-02
   14          4.482238e-04       -7561.371552515064          1.224775e-02
   15          2.888306e-04       -7561.381769929994         -1.021741e-02
   16          1.672857e-04       -7561.392555997601         -1.078607e-02
   17          1.344429e-04       -7561.380945478848          1.161052e-02
   18          9.366986e-05       -7561.390862346168         -9.916867e-03
   19          5.141505e-05       -7561.391228652659         -3.663065e-04
   20          2.997526e-05       -7561.391750355309         -5.217027e-04
   21          2.558645e-05       -7561.390057820589          1.692535e-03
   22          1.563919e-05       -7561.390279715304         -2.218947e-04
---------------------------------------------------------------------------
                      SCF converged in 22 iterations!
===========================================================================


                                                                           
***************************************************************************
***                                                                     ***
***                    Printing Molecular Properties                    ***
***                                                                     ***
***************************************************************************
                                                                           
                                                                           
===========================================================================
                                 Molecule
---------------------------------------------------------------------------
 Charge                  :                                               0
 Multiplicity            :                                               1
---------------------------------------------------------------------------
    N    Atom            :               x               y               z
---------------------------------------------------------------------------
    0      Xe            :        0.000000        0.000000        0.000000
---------------------------------------------------------------------------
 Center of mass          :        0.000000        0.000000        0.000000
===========================================================================


===========================================================================
                         Molecular Energy (final)
---------------------------------------------------------------------------
 Kinetic energy          :            (au)               7952.721095360806
 E-N energy              :            (au)             -18264.328898089861
 Coulomb energy          :            (au)               2938.080958373127
 Exchange energy         :            (au)                  0.000000000000
 X-C energy              :            (au)               -187.863435359376
 Ext. field (el)         :            (au)                  0.000000000000
---------------------------------------------------------------------------
 N-N energy              :            (au)                  0.000000000000
 Ext. field (nuc)        :            (au)                  0.000000000000
 Tot. Reac. Energy       :            (au)                  0.000000000000
 El. Reac. Energy        :            (au)                  0.000000000000
 Nuc. Reac. Energy       :            (au)                  0.000000000000
---------------------------------------------------------------------------
 Electronic energy       :            (au)              -7561.390279715304
 Nuclear energy          :            (au)                  0.000000000000
---------------------------------------------------------------------------
 Total energy            :            (au)             -7.561390279715e+03
                         :      (kcal/mol)             -4.744843999326e+06
                         :        (kJ/mol)             -1.985242730606e+07
                         :            (eV)             -2.057559024147e+05
===========================================================================


===========================================================================
                         Orbital Energies (final)
---------------------------------------------------------------------------
    n  Occ Spin          :                                         Epsilon
---------------------------------------------------------------------------
    0    2    p          :            (au)              -1312.861269754642
    1    2    p          :            (au)               -197.893411832694
    2    2    p          :            (au)               -177.524371816300
    3    2    p          :            (au)               -177.524371682303
    4    2    p          :            (au)               -177.524371631311
    5    2    p          :            (au)                -40.243832760468
    6    2    p          :            (au)                -33.715586117289
    7    2    p          :            (au)                -33.715586055780
    8    2    p          :            (au)                -33.715585800182
    9    2    p          :            (au)                -24.048496915330
   10    2    p          :            (au)                -24.048496765240
   11    2    p          :            (au)                -24.048496696381
   12    2    p          :            (au)                -24.048496648527
   13    2    p          :            (au)                -24.048496227548
   14    2    p          :            (au)                 -7.250977947993
   15    2    p          :            (au)                 -5.188316092950
   16    2    p          :            (au)                 -5.188315976004
   17    2    p          :            (au)                 -5.188315847705
   18    2    p          :            (au)                 -2.183531086358
   19    2    p          :            (au)                 -2.183531048379
   20    2    p          :            (au)                 -2.183530853302
   21    2    p          :            (au)                 -2.183530737628
   22    2    p          :            (au)                 -2.183530668201
   23    2    p          :            (au)                 -0.724773618343
   24    2    p          :            (au)                 -0.302518888848
   25    2    p          :            (au)                 -0.302518685356
   26    2    p          :            (au)                 -0.302518431297
---------------------------------------------------------------------------
 Sum occupied            :            (au)              -4680.653561172711
===========================================================================


===========================================================================
                           Dipole Moment (dip-1)
---------------------------------------------------------------------------
 r_O                     :        0.000000        0.000000        0.000000
---------------------------------------------------------------------------
 Electronic vector       :       -0.000003        0.000007        0.000005
 Magnitude               :            (au)                        0.000009
                         :         (Debye)                        0.000024
---------------------------------------------------------------------------
 Nuclear vector          :        0.000000        0.000000        0.000000
 Magnitude               :            (au)                        0.000000
                         :         (Debye)                        0.000000
---------------------------------------------------------------------------
 Total vector            :       -0.000003        0.000007        0.000005
 Magnitude               :            (au)                        0.000009
                         :         (Debye)                        0.000024
===========================================================================


                                                                           
                                                                           
***************************************************************************
***                                                                     ***
***                            Exiting MRChem                           ***
***                                                                     ***
***                       Wall time :  1h 30m 16s                       ***
***                                                                     ***
***************************************************************************
                                                                           
                                                                           
