                                                                           
                                                                           
***************************************************************************
***                                                                     ***
***                                                                     ***
***          __  __ ____   ____ _                                       ***
***         |  \/  |  _ \ / ___| |__   ___ _ __ ___                     ***
***         | |\/| | |_) | |   | '_ \ / _ \ '_ ` _ \                    ***
***         | |  | |  _ <| |___| | | |  __/ | | | | |                   ***
***         |_|  |_|_| \_\\____|_| |_|\___|_| |_| |_|                   ***
***                                                                     ***
***         VERSION            1.1.0-alpha                              ***
***                                                                     ***
***         Git branch         master                                   ***
***         Git commit hash    b4f78495f92d8a9b9e61                     ***
***         Git commit author  Stig Rune Jensen                         ***
***         Git commit date    Mon Mar 21 16:08:34 2022 +0100           ***
***                                                                     ***
***         Contact: luca.frediani@uit.no                               ***
***                                                                     ***
***         Radovan Bast            Magnar Bjorgve                      ***
***         Roberto Di Remigio      Antoine Durdek                      ***
***         Luca Frediani           Gabriel Gerez                       ***
***         Stig Rune Jensen        Jonas Juselius                      ***
***         Rune Monstad            Peter Wind                          ***
***                                                                     ***
***************************************************************************

---------------------------------------------------------------------------

 MPI processes           :       (no bank)                               1
 OpenMP threads          :                                              18
 Total cores             :                                              18
                                                                           
---------------------------------------------------------------------------

XCFun DFT library Copyright 2009-2020 Ulf Ekstrom and contributors.
See http://dftlibs.org/xcfun/ for more information.

This is free software; see the source code for copying conditions.
There is ABSOLUTELY NO WARRANTY; not even for MERCHANTABILITY or
FITNESS FOR A PARTICULAR PURPOSE. For details see the documentation.
Scientific users of this library should cite
U. Ekstrom, L. Visscher, R. Bast, A. J. Thorvaldsen and K. Ruud;
J.Chem.Theor.Comp. 2010, DOI: 10.1021/ct100117s

---------------------------------------------------------------------------

 MRCPP version         : 1.4.1
 Git branch            : HEAD
 Git commit hash       : 75d41879b1908a94a452
 Git commit author     : Stig Rune Jensen
 Git commit date       : Thu Jan 6 11:38:53 2022 +0100

 Linear algebra        : EIGEN v3.4.0
 Parallelization       : OpenMP (18 threads)

---------------------------------------------------------------------------


                                                                           
===========================================================================
                         MultiResolution Analysis
---------------------------------------------------------------------------
 polynomial order      : 9
 polynomial type       : Interpolating
---------------------------------------------------------------------------
 total boxes           : 8
 boxes                 : [          2           2           2 ]
 unit lengths          : [  128.00000   128.00000   128.00000 ]
 scaling factor        : [    1.00000     1.00000     1.00000 ]
 lower bounds          : [ -128.00000  -128.00000  -128.00000 ]
 upper bounds          : [  128.00000   128.00000   128.00000 ]
 total length          : [  256.00000   256.00000   256.00000 ]
===========================================================================


                                                                           
***************************************************************************
***                                                                     ***
***                        Initializing Molecule                        ***
***                                                                     ***
***************************************************************************
                                                                           
                                                                           
===========================================================================
                                 Molecule
---------------------------------------------------------------------------
 Charge                  :                                               0
 Multiplicity            :                                               1
---------------------------------------------------------------------------
    N    Atom            :               x               y               z
---------------------------------------------------------------------------
    0      Xe            :        0.000000        0.000000        0.000000
---------------------------------------------------------------------------
 Center of mass          :        0.000000        0.000000        0.000000
===========================================================================


                                                                           
***************************************************************************
***                                                                     ***
***                 Computing Ground State Wavefunction                 ***
***                                                                     ***
***************************************************************************
                                                                           
                                                                           
~~~~~~~~~~~~~~~~~~~~~~~~~~~~~~~~~~~~~~~~~~~~~~~~~~~~~~~~~~~~~~~~~~~~~~~~~~~
 Calculation             : Compute initial orbitals
 Method                  : Diagonalize SAD Hamiltonian
 Precision               : 1.00000e-05
 Screening               : 1.20000e+01 StdDev
 Restricted              : True
 Functional              : LDA (SVWN5)
 AO basis                : 3-21G
~~~~~~~~~~~~~~~~~~~~~~~~~~~~~~~~~~~~~~~~~~~~~~~~~~~~~~~~~~~~~~~~~~~~~~~~~~~


===========================================================================
                            Molecular Orbitals
---------------------------------------------------------------------------
 Alpha electrons         :                                              27
 Beta electrons          :                                              27
 Total electrons         :                                              54
---------------------------------------------------------------------------
    n  Occ Spin          :                                            Norm
---------------------------------------------------------------------------
    0    2    p          :                              1.000000000000e+00
    1    2    p          :                              1.000000000000e+00
    2    2    p          :                              1.000000000000e+00
    3    2    p          :                              1.000000000000e+00
    4    2    p          :                              1.000000000000e+00
    5    2    p          :                              1.000000000000e+00
    6    2    p          :                              1.000000000000e+00
    7    2    p          :                              1.000000000000e+00
    8    2    p          :                              1.000000000000e+00
    9    2    p          :                              1.000000000000e+00
   10    2    p          :                              1.000000000000e+00
   11    2    p          :                              1.000000000000e+00
   12    2    p          :                              1.000000000000e+00
   13    2    p          :                              1.000000000000e+00
   14    2    p          :                              1.000000000000e+00
   15    2    p          :                              1.000000000000e+00
   16    2    p          :                              1.000000000000e+00
   17    2    p          :                              1.000000000000e+00
   18    2    p          :                              1.000000000000e+00
   19    2    p          :                              1.000000000000e+00
   20    2    p          :                              1.000000000000e+00
   21    2    p          :                              1.000000000000e+00
   22    2    p          :                              1.000000000000e+00
   23    2    p          :                              1.000000000000e+00
   24    2    p          :                              1.000000000000e+00
   25    2    p          :                              1.000000000000e+00
   26    2    p          :                              1.000000000000e+00
===========================================================================


~~~~~~~~~~~~~~~~~~~~~~~~~~~~~~~~~~~~~~~~~~~~~~~~~~~~~~~~~~~~~~~~~~~~~~~~~~~
 Calculation             : Compute initial energy
 Method                  : DFT (PBE)
 Relativity              : ZORA (V_nuc)
 Precision               : 1.00000e-05
 Localization            : On
~~~~~~~~~~~~~~~~~~~~~~~~~~~~~~~~~~~~~~~~~~~~~~~~~~~~~~~~~~~~~~~~~~~~~~~~~~~


===========================================================================
                        Molecular Energy (initial)
---------------------------------------------------------------------------
 Kinetic energy          :            (au)               6916.453503649191
 E-N energy              :            (au)             -17115.809911235967
 Coulomb energy          :            (au)               2878.086439989883
 Exchange energy         :            (au)                  0.000000000000
 X-C energy              :            (au)               -180.990514584267
 Ext. field (el)         :            (au)                  0.000000000000
---------------------------------------------------------------------------
 N-N energy              :            (au)                  0.000000000000
 Ext. field (nuc)        :            (au)                  0.000000000000
 Tot. Reac. Energy       :            (au)                  0.000000000000
 El. Reac. Energy        :            (au)                  0.000000000000
 Nuc. Reac. Energy       :            (au)                  0.000000000000
---------------------------------------------------------------------------
 Electronic energy       :            (au)              -7502.260482181160
 Nuclear energy          :            (au)                  0.000000000000
---------------------------------------------------------------------------
 Total energy            :            (au)             -7.502260482181e+03
                         :      (kcal/mol)             -4.707739491473e+06
                         :        (kJ/mol)             -1.969718204511e+07
                         :            (eV)             -2.041468987260e+05
===========================================================================


===========================================================================
                        Orbital Energies (initial)
---------------------------------------------------------------------------
    n  Occ Spin          :                                         Epsilon
---------------------------------------------------------------------------
    0    2    p          :            (au)              -1297.972929129735
    1    2    p          :            (au)               -196.702149472730
    2    2    p          :            (au)               -179.944761448509
    3    2    p          :            (au)               -179.944761445782
    4    2    p          :            (au)               -179.944761427438
    5    2    p          :            (au)                -40.221060292141
    6    2    p          :            (au)                -34.259570964091
    7    2    p          :            (au)                -34.259570963745
    8    2    p          :            (au)                -34.259570961452
    9    2    p          :            (au)                -25.069013332355
   10    2    p          :            (au)                -25.069013332115
   11    2    p          :            (au)                -25.069013332001
   12    2    p          :            (au)                -25.069012917735
   13    2    p          :            (au)                -25.069012917264
   14    2    p          :            (au)                 -7.284579748959
   15    2    p          :            (au)                 -5.314332896419
   16    2    p          :            (au)                 -5.314332896363
   17    2    p          :            (au)                 -5.314332895977
   18    2    p          :            (au)                 -2.416143825692
   19    2    p          :            (au)                 -2.416143825609
   20    2    p          :            (au)                 -2.416141350498
   21    2    p          :            (au)                 -2.416141350456
   22    2    p          :            (au)                 -2.416141350436
   23    2    p          :            (au)                 -0.726865744724
   24    2    p          :            (au)                 -0.311546511513
   25    2    p          :            (au)                 -0.311546511494
   26    2    p          :            (au)                 -0.311546511459
---------------------------------------------------------------------------
 Sum occupied            :            (au)              -4679.647994713386
===========================================================================


~~~~~~~~~~~~~~~~~~~~~~~~~~~~~~~~~~~~~~~~~~~~~~~~~~~~~~~~~~~~~~~~~~~~~~~~~~~
 Calculation             : Optimize ground state orbitals
 Method                  : DFT (PBE)
 Relativity              : ZORA (V_nuc)
 Checkpointing           : Off
 Max iterations          : 100
 KAIN solver             : 6
 Localization            : First two iterations
 Diagonalization         : Off
 Start precision         : 1.00000e-06
 Final precision         : 1.00000e-06
 Helmholtz precision     : Dynamic
 Energy threshold        : Off
 Orbital threshold       : 1.00000e-05
~~~~~~~~~~~~~~~~~~~~~~~~~~~~~~~~~~~~~~~~~~~~~~~~~~~~~~~~~~~~~~~~~~~~~~~~~~~


===========================================================================
 Iter           MO residual             Total energy                Update
---------------------------------------------------------------------------
    0          5.196152e+00       -7502.260482181160         -7.502260e+03
    1          1.375161e-01       -7595.146160141602         -9.288568e+01
    2          5.847900e-02       -7605.422009408407         -1.027585e+01
    3          3.644313e-02       -7607.893406534053         -2.471397e+00
    4          5.950506e-02       -7604.448208034042          3.445199e+00
    5          1.978957e-02       -7609.393536046286         -4.945328e+00
    6          8.718632e-03       -7608.080517284331          1.313019e+00
    7          5.555227e-03       -7608.648238399231         -5.677211e-01
    8          4.155013e-03       -7609.351048061874         -7.028097e-01
    9          3.596981e-03       -7607.079463034785          2.271585e+00
   10          4.322729e-03       -7607.541954535426         -4.624915e-01
   11          2.627436e-03       -7609.380168541759         -1.838214e+00
   12          1.028510e-03       -7609.444644289043         -6.447575e-02
   13          5.426486e-04       -7609.469311869092         -2.466758e-02
   14          5.706988e-04       -7609.440437358194          2.887451e-02
   15          3.141653e-04       -7609.467914988576         -2.747763e-02
   16          1.785849e-04       -7609.471764644364         -3.849656e-03
   17          1.598492e-04       -7609.463357437209          8.407207e-03
   18          1.071523e-04       -7609.467110561656         -3.753124e-03
   19          6.874615e-05       -7609.471118782293         -4.008221e-03
   20          3.940843e-05       -7609.471569098965         -4.503167e-04
   21          3.416772e-05       -7609.470936060294          6.330387e-04
   22          1.570255e-05       -7609.469177430050          1.758630e-03
---------------------------------------------------------------------------
                      SCF converged in 22 iterations!
===========================================================================


                                                                           
***************************************************************************
***                                                                     ***
***                    Printing Molecular Properties                    ***
***                                                                     ***
***************************************************************************
                                                                           
                                                                           
===========================================================================
                                 Molecule
---------------------------------------------------------------------------
 Charge                  :                                               0
 Multiplicity            :                                               1
---------------------------------------------------------------------------
    N    Atom            :               x               y               z
---------------------------------------------------------------------------
    0      Xe            :        0.000000        0.000000        0.000000
---------------------------------------------------------------------------
 Center of mass          :        0.000000        0.000000        0.000000
===========================================================================


===========================================================================
                         Molecular Energy (final)
---------------------------------------------------------------------------
 Kinetic energy          :            (au)               8015.500581754442
 E-N energy              :            (au)             -18389.003245633325
 Coulomb energy          :            (au)               2953.003820720231
 Exchange energy         :            (au)                  0.000000000000
 X-C energy              :            (au)               -188.970334271398
 Ext. field (el)         :            (au)                  0.000000000000
---------------------------------------------------------------------------
 N-N energy              :            (au)                  0.000000000000
 Ext. field (nuc)        :            (au)                  0.000000000000
 Tot. Reac. Energy       :            (au)                  0.000000000000
 El. Reac. Energy        :            (au)                  0.000000000000
 Nuc. Reac. Energy       :            (au)                  0.000000000000
---------------------------------------------------------------------------
 Electronic energy       :            (au)              -7609.469177430050
 Nuclear energy          :            (au)                  0.000000000000
---------------------------------------------------------------------------
 Total energy            :            (au)             -7.609469177430e+03
                         :      (kcal/mol)             -4.775013962901e+06
                         :        (kJ/mol)             -1.997865843374e+07
                         :            (eV)             -2.070641958132e+05
===========================================================================


===========================================================================
                         Orbital Energies (final)
---------------------------------------------------------------------------
    n  Occ Spin          :                                         Epsilon
---------------------------------------------------------------------------
    0    2    p          :            (au)              -1323.196301818910
    1    2    p          :            (au)               -199.443166107214
    2    2    p          :            (au)               -178.673881768856
    3    2    p          :            (au)               -178.673881689692
    4    2    p          :            (au)               -178.673881590018
    5    2    p          :            (au)                -40.553796154378
    6    2    p          :            (au)                -33.922143883668
    7    2    p          :            (au)                -33.922143877941
    8    2    p          :            (au)                -33.922143628793
    9    2    p          :            (au)                -24.117794163981
   10    2    p          :            (au)                -24.117794139295
   11    2    p          :            (au)                -24.117794051993
   12    2    p          :            (au)                -24.117793972028
   13    2    p          :            (au)                -24.117793753758
   14    2    p          :            (au)                 -7.307472385754
   15    2    p          :            (au)                 -5.217268582793
   16    2    p          :            (au)                 -5.217268450118
   17    2    p          :            (au)                 -5.217268283480
   18    2    p          :            (au)                 -2.180414496391
   19    2    p          :            (au)                 -2.180414405174
   20    2    p          :            (au)                 -2.180414361572
   21    2    p          :            (au)                 -2.180414117994
   22    2    p          :            (au)                 -2.180414053335
   23    2    p          :            (au)                 -0.729826314181
   24    2    p          :            (au)                 -0.303013225960
   25    2    p          :            (au)                 -0.303013093319
   26    2    p          :            (au)                 -0.303012893030
---------------------------------------------------------------------------
 Sum occupied            :            (au)              -4714.141050527249
===========================================================================


===========================================================================
                           Dipole Moment (dip-1)
---------------------------------------------------------------------------
 r_O                     :        0.000000        0.000000        0.000000
---------------------------------------------------------------------------
 Electronic vector       :        0.000012        0.000004       -0.000008
 Magnitude               :            (au)                        0.000015
                         :         (Debye)                        0.000038
---------------------------------------------------------------------------
 Nuclear vector          :        0.000000        0.000000        0.000000
 Magnitude               :            (au)                        0.000000
                         :         (Debye)                        0.000000
---------------------------------------------------------------------------
 Total vector            :        0.000012        0.000004       -0.000008
 Magnitude               :            (au)                        0.000015
                         :         (Debye)                        0.000038
===========================================================================


                                                                           
                                                                           
***************************************************************************
***                                                                     ***
***                            Exiting MRChem                           ***
***                                                                     ***
***                       Wall time :  1h 29m 58s                       ***
***                                                                     ***
***************************************************************************
                                                                           
                                                                           
