                                                                           
                                                                           
***************************************************************************
***                                                                     ***
***                                                                     ***
***          __  __ ____   ____ _                                       ***
***         |  \/  |  _ \ / ___| |__   ___ _ __ ___                     ***
***         | |\/| | |_) | |   | '_ \ / _ \ '_ ` _ \                    ***
***         | |  | |  _ <| |___| | | |  __/ | | | | |                   ***
***         |_|  |_|_| \_\\____|_| |_|\___|_| |_| |_|                   ***
***                                                                     ***
***         VERSION            1.1.0-alpha                              ***
***                                                                     ***
***         Git branch         master                                   ***
***         Git commit hash    b4f78495f92d8a9b9e61                     ***
***         Git commit author  Stig Rune Jensen                         ***
***         Git commit date    Mon Mar 21 16:08:34 2022 +0100           ***
***                                                                     ***
***         Contact: luca.frediani@uit.no                               ***
***                                                                     ***
***         Radovan Bast            Magnar Bjorgve                      ***
***         Roberto Di Remigio      Antoine Durdek                      ***
***         Luca Frediani           Gabriel Gerez                       ***
***         Stig Rune Jensen        Jonas Juselius                      ***
***         Rune Monstad            Peter Wind                          ***
***                                                                     ***
***************************************************************************

---------------------------------------------------------------------------

 MPI processes           :       (no bank)                               1
 OpenMP threads          :                                              18
 Total cores             :                                              18
                                                                           
---------------------------------------------------------------------------

XCFun DFT library Copyright 2009-2020 Ulf Ekstrom and contributors.
See http://dftlibs.org/xcfun/ for more information.

This is free software; see the source code for copying conditions.
There is ABSOLUTELY NO WARRANTY; not even for MERCHANTABILITY or
FITNESS FOR A PARTICULAR PURPOSE. For details see the documentation.
Scientific users of this library should cite
U. Ekstrom, L. Visscher, R. Bast, A. J. Thorvaldsen and K. Ruud;
J.Chem.Theor.Comp. 2010, DOI: 10.1021/ct100117s

---------------------------------------------------------------------------

 MRCPP version         : 1.4.1
 Git branch            : HEAD
 Git commit hash       : 75d41879b1908a94a452
 Git commit author     : Stig Rune Jensen
 Git commit date       : Thu Jan 6 11:38:53 2022 +0100

 Linear algebra        : EIGEN v3.4.0
 Parallelization       : OpenMP (18 threads)

---------------------------------------------------------------------------


                                                                           
===========================================================================
                         MultiResolution Analysis
---------------------------------------------------------------------------
 polynomial order      : 9
 polynomial type       : Interpolating
---------------------------------------------------------------------------
 total boxes           : 8
 boxes                 : [          2           2           2 ]
 unit lengths          : [  128.00000   128.00000   128.00000 ]
 scaling factor        : [    1.00000     1.00000     1.00000 ]
 lower bounds          : [ -128.00000  -128.00000  -128.00000 ]
 upper bounds          : [  128.00000   128.00000   128.00000 ]
 total length          : [  256.00000   256.00000   256.00000 ]
===========================================================================


                                                                           
***************************************************************************
***                                                                     ***
***                        Initializing Molecule                        ***
***                                                                     ***
***************************************************************************
                                                                           
                                                                           
===========================================================================
                                 Molecule
---------------------------------------------------------------------------
 Charge                  :                                               0
 Multiplicity            :                                               1
---------------------------------------------------------------------------
    N    Atom            :               x               y               z
---------------------------------------------------------------------------
    0      Xe            :        0.000000        0.000000        0.000000
---------------------------------------------------------------------------
 Center of mass          :        0.000000        0.000000        0.000000
===========================================================================


                                                                           
***************************************************************************
***                                                                     ***
***                 Computing Ground State Wavefunction                 ***
***                                                                     ***
***************************************************************************
                                                                           
                                                                           
~~~~~~~~~~~~~~~~~~~~~~~~~~~~~~~~~~~~~~~~~~~~~~~~~~~~~~~~~~~~~~~~~~~~~~~~~~~
 Calculation             : Compute initial orbitals
 Method                  : Diagonalize SAD Hamiltonian
 Precision               : 1.00000e-05
 Screening               : 1.20000e+01 StdDev
 Restricted              : True
 Functional              : LDA (SVWN5)
 AO basis                : 3-21G
~~~~~~~~~~~~~~~~~~~~~~~~~~~~~~~~~~~~~~~~~~~~~~~~~~~~~~~~~~~~~~~~~~~~~~~~~~~


===========================================================================
                            Molecular Orbitals
---------------------------------------------------------------------------
 Alpha electrons         :                                              27
 Beta electrons          :                                              27
 Total electrons         :                                              54
---------------------------------------------------------------------------
    n  Occ Spin          :                                            Norm
---------------------------------------------------------------------------
    0    2    p          :                              1.000000000000e+00
    1    2    p          :                              1.000000000000e+00
    2    2    p          :                              1.000000000000e+00
    3    2    p          :                              1.000000000000e+00
    4    2    p          :                              1.000000000000e+00
    5    2    p          :                              1.000000000000e+00
    6    2    p          :                              1.000000000000e+00
    7    2    p          :                              1.000000000000e+00
    8    2    p          :                              1.000000000000e+00
    9    2    p          :                              1.000000000000e+00
   10    2    p          :                              1.000000000000e+00
   11    2    p          :                              1.000000000000e+00
   12    2    p          :                              1.000000000000e+00
   13    2    p          :                              1.000000000000e+00
   14    2    p          :                              1.000000000000e+00
   15    2    p          :                              1.000000000000e+00
   16    2    p          :                              1.000000000000e+00
   17    2    p          :                              1.000000000000e+00
   18    2    p          :                              1.000000000000e+00
   19    2    p          :                              1.000000000000e+00
   20    2    p          :                              1.000000000000e+00
   21    2    p          :                              1.000000000000e+00
   22    2    p          :                              1.000000000000e+00
   23    2    p          :                              1.000000000000e+00
   24    2    p          :                              1.000000000000e+00
   25    2    p          :                              1.000000000000e+00
   26    2    p          :                              1.000000000000e+00
===========================================================================


~~~~~~~~~~~~~~~~~~~~~~~~~~~~~~~~~~~~~~~~~~~~~~~~~~~~~~~~~~~~~~~~~~~~~~~~~~~
 Calculation             : Compute initial energy
 Method                  : DFT (PBE)
 Relativity              : None
 Precision               : 1.00000e-05
 Localization            : On
~~~~~~~~~~~~~~~~~~~~~~~~~~~~~~~~~~~~~~~~~~~~~~~~~~~~~~~~~~~~~~~~~~~~~~~~~~~


===========================================================================
                        Molecular Energy (initial)
---------------------------------------------------------------------------
 Kinetic energy          :            (au)               7216.094765708443
 E-N energy              :            (au)             -17115.809911235810
 Coulomb energy          :            (au)               2878.086439989886
 Exchange energy         :            (au)                  0.000000000000
 X-C energy              :            (au)               -180.990514573525
 Ext. field (el)         :            (au)                  0.000000000000
---------------------------------------------------------------------------
 N-N energy              :            (au)                  0.000000000000
 Ext. field (nuc)        :            (au)                  0.000000000000
 Tot. Reac. Energy       :            (au)                  0.000000000000
 El. Reac. Energy        :            (au)                  0.000000000000
 Nuc. Reac. Energy       :            (au)                  0.000000000000
---------------------------------------------------------------------------
 Electronic energy       :            (au)              -7202.619220111005
 Nuclear energy          :            (au)                  0.000000000000
---------------------------------------------------------------------------
 Total energy            :            (au)             -7.202619220111e+03
                         :      (kcal/mol)             -4.519711762221e+06
                         :        (kJ/mol)             -1.891047402541e+07
                         :            (eV)             -1.959932449670e+05
===========================================================================


===========================================================================
                        Orbital Energies (initial)
---------------------------------------------------------------------------
    n  Occ Spin          :                                         Epsilon
---------------------------------------------------------------------------
    0    2    p          :            (au)              -1202.602286579908
    1    2    p          :            (au)               -182.687748121603
    2    2    p          :            (au)               -171.281470328295
    3    2    p          :            (au)               -171.281470327706
    4    2    p          :            (au)               -171.281470298453
    5    2    p          :            (au)                -37.394321303425
    6    2    p          :            (au)                -32.467154080368
    7    2    p          :            (au)                -32.467154080317
    8    2    p          :            (au)                -32.467154075929
    9    2    p          :            (au)                -24.314078324735
   10    2    p          :            (au)                -24.314078323750
   11    2    p          :            (au)                -24.314077667888
   12    2    p          :            (au)                -24.314077667826
   13    2    p          :            (au)                -24.314077667596
   14    2    p          :            (au)                 -6.699546493607
   15    2    p          :            (au)                 -4.960657864662
   16    2    p          :            (au)                 -4.960657864655
   17    2    p          :            (au)                 -4.960657863831
   18    2    p          :            (au)                 -2.287311755004
   19    2    p          :            (au)                 -2.287311754819
   20    2    p          :            (au)                 -2.287310254830
   21    2    p          :            (au)                 -2.287310254819
   22    2    p          :            (au)                 -2.287310254778
   23    2    p          :            (au)                 -0.650685792316
   24    2    p          :            (au)                 -0.277994968890
   25    2    p          :            (au)                 -0.277994968608
   26    2    p          :            (au)                 -0.277994968591
---------------------------------------------------------------------------
 Sum occupied            :            (au)              -4380.006727814416
===========================================================================


~~~~~~~~~~~~~~~~~~~~~~~~~~~~~~~~~~~~~~~~~~~~~~~~~~~~~~~~~~~~~~~~~~~~~~~~~~~
 Calculation             : Optimize ground state orbitals
 Method                  : DFT (PBE)
 Relativity              : None
 Checkpointing           : Off
 Max iterations          : 100
 KAIN solver             : 6
 Localization            : First two iterations
 Diagonalization         : Off
 Start precision         : 1.00000e-06
 Final precision         : 1.00000e-06
 Helmholtz precision     : Dynamic
 Energy threshold        : Off
 Orbital threshold       : 1.00000e-05
~~~~~~~~~~~~~~~~~~~~~~~~~~~~~~~~~~~~~~~~~~~~~~~~~~~~~~~~~~~~~~~~~~~~~~~~~~~


===========================================================================
 Iter           MO residual             Total energy                Update
---------------------------------------------------------------------------
    0          5.196152e+00       -7202.619220111005         -7.202619e+03
    1          1.152773e-01       -7233.058543398015         -3.043932e+01
    2          3.248826e-02       -7234.080240597796         -1.021697e+00
    3          1.656599e-02       -7234.197860488408         -1.176199e-01
    4          1.305994e-02       -7234.221642342869         -2.378185e-02
    5          1.168296e-02       -7234.231971914817         -1.032957e-02
    6          5.236824e-03       -7234.232480529271         -5.086145e-04
    7          3.534572e-03       -7234.233073969726         -5.934405e-04
    8          1.468596e-03       -7234.233182656406         -1.086867e-04
    9          8.555125e-04       -7234.233225865377         -4.320897e-05
   10          5.624220e-04       -7234.233252957004         -2.709163e-05
   11          2.990840e-04       -7234.233256024566         -3.067562e-06
   12          1.294993e-04       -7234.233257034196         -1.009630e-06
   13          9.656194e-05       -7234.233257551859         -5.176626e-07
   14          6.486244e-05       -7234.233257781701         -2.298430e-07
   15          4.040517e-05       -7234.233257883312         -1.016106e-07
   16          2.202558e-05       -7234.233257903369         -2.005709e-08
---------------------------------------------------------------------------
                      SCF converged in 16 iterations!
===========================================================================


                                                                           
***************************************************************************
***                                                                     ***
***                    Printing Molecular Properties                    ***
***                                                                     ***
***************************************************************************
                                                                           
                                                                           
===========================================================================
                                 Molecule
---------------------------------------------------------------------------
 Charge                  :                                               0
 Multiplicity            :                                               1
---------------------------------------------------------------------------
    N    Atom            :               x               y               z
---------------------------------------------------------------------------
    0      Xe            :        0.000000        0.000000        0.000000
---------------------------------------------------------------------------
 Center of mass          :        0.000000        0.000000        0.000000
===========================================================================


===========================================================================
                         Molecular Energy (final)
---------------------------------------------------------------------------
 Kinetic energy          :            (au)               7231.637927188282
 E-N energy              :            (au)             -17165.977333736762
 Coulomb energy          :            (au)               2881.259966046623
 Exchange energy         :            (au)                  0.000000000000
 X-C energy              :            (au)               -181.153817401512
 Ext. field (el)         :            (au)                  0.000000000000
---------------------------------------------------------------------------
 N-N energy              :            (au)                  0.000000000000
 Ext. field (nuc)        :            (au)                  0.000000000000
 Tot. Reac. Energy       :            (au)                  0.000000000000
 El. Reac. Energy        :            (au)                  0.000000000000
 Nuc. Reac. Energy       :            (au)                  0.000000000000
---------------------------------------------------------------------------
 Electronic energy       :            (au)              -7234.233257903369
 Nuclear energy          :            (au)                  0.000000000000
---------------------------------------------------------------------------
 Total energy            :            (au)             -7.234233257903e+03
                         :      (kcal/mol)             -4.539549870289e+06
                         :        (kJ/mol)             -1.899347666962e+07
                         :            (eV)             -1.968535067223e+05
===========================================================================


===========================================================================
                         Orbital Energies (final)
---------------------------------------------------------------------------
    n  Occ Spin          :                                         Epsilon
---------------------------------------------------------------------------
    0    2    p          :            (au)              -1209.944428944964
    1    2    p          :            (au)               -183.475272091966
    2    2    p          :            (au)               -172.653675993417
    3    2    p          :            (au)               -172.653675955885
    4    2    p          :            (au)               -172.653675925473
    5    2    p          :            (au)                -37.456999800731
    6    2    p          :            (au)                -32.880256151364
    7    2    p          :            (au)                -32.880256010796
    8    2    p          :            (au)                -32.880255654977
    9    2    p          :            (au)                -24.370663787866
   10    2    p          :            (au)                -24.370663749159
   11    2    p          :            (au)                -24.370663501711
   12    2    p          :            (au)                -24.370663443609
   13    2    p          :            (au)                -24.370663383200
   14    2    p          :            (au)                 -6.697861840254
   15    2    p          :            (au)                 -5.073135607356
   16    2    p          :            (au)                 -5.073135296611
   17    2    p          :            (au)                 -5.073134992293
   18    2    p          :            (au)                 -2.283997664810
   19    2    p          :            (au)                 -2.283997498620
   20    2    p          :            (au)                 -2.283997242225
   21    2    p          :            (au)                 -2.283997121601
   22    2    p          :            (au)                 -2.283996984417
   23    2    p          :            (au)                 -0.664639404355
   24    2    p          :            (au)                 -0.304636848139
   25    2    p          :            (au)                 -0.304636824032
   26    2    p          :            (au)                 -0.304636815218
---------------------------------------------------------------------------
 Sum occupied            :            (au)              -4408.495237070097
===========================================================================


===========================================================================
                           Dipole Moment (dip-1)
---------------------------------------------------------------------------
 r_O                     :        0.000000        0.000000        0.000000
---------------------------------------------------------------------------
 Electronic vector       :       -0.000013       -0.000006        0.000003
 Magnitude               :            (au)                        0.000015
                         :         (Debye)                        0.000038
---------------------------------------------------------------------------
 Nuclear vector          :        0.000000        0.000000        0.000000
 Magnitude               :            (au)                        0.000000
                         :         (Debye)                        0.000000
---------------------------------------------------------------------------
 Total vector            :       -0.000013       -0.000006        0.000003
 Magnitude               :            (au)                        0.000015
                         :         (Debye)                        0.000038
===========================================================================


                                                                           
                                                                           
***************************************************************************
***                                                                     ***
***                            Exiting MRChem                           ***
***                                                                     ***
***                       Wall time :  0h 29m 54s                       ***
***                                                                     ***
***************************************************************************
                                                                           
                                                                           
