                                                                           
                                                                           
***************************************************************************
***                                                                     ***
***                                                                     ***
***          __  __ ____   ____ _                                       ***
***         |  \/  |  _ \ / ___| |__   ___ _ __ ___                     ***
***         | |\/| | |_) | |   | '_ \ / _ \ '_ ` _ \                    ***
***         | |  | |  _ <| |___| | | |  __/ | | | | |                   ***
***         |_|  |_|_| \_\\____|_| |_|\___|_| |_| |_|                   ***
***                                                                     ***
***         VERSION            1.1.0-alpha                              ***
***                                                                     ***
***         Git branch         new-zora                                 ***
***         Git commit hash    dd0292b4cc5a484bb89f                     ***
***         Git commit author  Anders Brakestad                         ***
***         Git commit date    Tue May 4 16:46:31 2021 +0200            ***
***                                                                     ***
***         Contact: luca.frediani@uit.no                               ***
***                                                                     ***
***         Radovan Bast            Magnar Bjorgve                      ***
***         Roberto Di Remigio      Antoine Durdek                      ***
***         Luca Frediani           Gabriel Gerez                       ***
***         Stig Rune Jensen        Jonas Juselius                      ***
***         Rune Monstad            Peter Wind                          ***
***                                                                     ***
***************************************************************************

---------------------------------------------------------------------------

 MPI processes           :        (1 bank)                              32
 OpenMP threads          :                                              16
 Total cores             :                                             497
                                                                           
---------------------------------------------------------------------------

XCFun DFT library Copyright 2009-2020 Ulf Ekstrom and contributors.
See http://dftlibs.org/xcfun/ for more information.

This is free software; see the source code for copying conditions.
There is ABSOLUTELY NO WARRANTY; not even for MERCHANTABILITY or
FITNESS FOR A PARTICULAR PURPOSE. For details see the documentation.
Scientific users of this library should cite
U. Ekstrom, L. Visscher, R. Bast, A. J. Thorvaldsen and K. Ruud;
J.Chem.Theor.Comp. 2010, DOI: 10.1021/ct100117s

---------------------------------------------------------------------------

 MRCPP version         : 1.4.0-alpha
 Git branch            : HEAD
 Git commit hash       : 2797a7a18efb69942a6e
 Git commit author     : Stig Rune Jensen
 Git commit date       : Fri Mar 12 12:48:07 2021 +0100

 Linear algebra        : EIGEN v3.3.7
 Parallelization       : MPI/OpenMP (16 threads)

---------------------------------------------------------------------------


                                                                           
===========================================================================
                         MultiResolution Analysis
---------------------------------------------------------------------------
 polynomial order      : 11
 polynomial type       : Interpolating
---------------------------------------------------------------------------
 total boxes           : 8
 boxes                 : [          2           2           2 ]
 unit lengths          : [   64.00000    64.00000    64.00000 ]
 scaling factor        : [    1.00000     1.00000     1.00000 ]
 lower bounds          : [  -64.00000   -64.00000   -64.00000 ]
 upper bounds          : [   64.00000    64.00000    64.00000 ]
 total length          : [  128.00000   128.00000   128.00000 ]
===========================================================================


                                                                           
***************************************************************************
***                                                                     ***
***                        Initializing Molecule                        ***
***                                                                     ***
***************************************************************************
                                                                           
                                                                           
===========================================================================
                                 Molecule
---------------------------------------------------------------------------
 Charge                  :                                               0
 Multiplicity            :                                               1
---------------------------------------------------------------------------
    N    Atom            :               x               y               z
---------------------------------------------------------------------------
    0       C            :       -0.036013       -1.293555       -0.000000
    1       B            :       -0.039301        1.649641       -0.000000
    2       H            :        1.986596       -1.775523        0.000002
    3       H            :       -0.824468       -2.160147        1.687038
    4       H            :       -0.824465       -2.160148       -1.687040
    5       H            :        0.028693        2.803442       -1.932983
    6       H            :        0.028699        2.803442        1.932983
---------------------------------------------------------------------------
 Center of mass          :       -0.016483        0.064769       -0.000000
===========================================================================


                                                                           
***************************************************************************
***                                                                     ***
***                 Computing Ground State Wavefunction                 ***
***                                                                     ***
***************************************************************************
                                                                           
                                                                           
~~~~~~~~~~~~~~~~~~~~~~~~~~~~~~~~~~~~~~~~~~~~~~~~~~~~~~~~~~~~~~~~~~~~~~~~~~~
 Calculation             : Compute initial orbitals
 Method                  : Project MW molecular orbitals
 Precision               : 1.00000e-07
 Restricted              : True
 MO file                 : initial_guess/phi_p_scf
~~~~~~~~~~~~~~~~~~~~~~~~~~~~~~~~~~~~~~~~~~~~~~~~~~~~~~~~~~~~~~~~~~~~~~~~~~~


===========================================================================
                            Molecular Orbitals
---------------------------------------------------------------------------
 Alpha electrons         :                                               8
 Beta electrons          :                                               8
 Total electrons         :                                              16
---------------------------------------------------------------------------
    n  Occ Spin          :                                            Norm
---------------------------------------------------------------------------
    0    2    p          :                              9.999999999968e-01
    1    2    p          :                              9.999999999966e-01
    2    2    p          :                              9.999999999968e-01
    3    2    p          :                              9.999999999968e-01
    4    2    p          :                              9.999999999968e-01
    5    2    p          :                              9.999999999968e-01
    6    2    p          :                              9.999999999968e-01
    7    2    p          :                              9.999999999968e-01
===========================================================================


~~~~~~~~~~~~~~~~~~~~~~~~~~~~~~~~~~~~~~~~~~~~~~~~~~~~~~~~~~~~~~~~~~~~~~~~~~~
 Calculation             : Compute initial energy
 Method                  : DFT (SVWN5)
 Precision               : 1.00000e-07
 Localization            : On
~~~~~~~~~~~~~~~~~~~~~~~~~~~~~~~~~~~~~~~~~~~~~~~~~~~~~~~~~~~~~~~~~~~~~~~~~~~


===========================================================================
                        Molecular Energy (initial)
---------------------------------------------------------------------------
 Kinetic energy          :            (au)                 64.657065803966
 E-N energy              :            (au)               -214.593572273268
 Coulomb energy          :            (au)                 63.300260708004
 Exchange energy         :            (au)                  0.000000000000
 X-C energy              :            (au)                -10.556951294695
 Ext. field (el)         :            (au)                  0.000000000000
---------------------------------------------------------------------------
 N-N energy              :            (au)                 31.879273271998
 Ext. field (nuc)        :            (au)                  0.000000000000
 Tot. Reac. Energy       :            (au)                  0.000000000000
 El. Reac. Energy        :            (au)                  0.000000000000
 Nuc. Reac. Energy       :            (au)                  0.000000000000
---------------------------------------------------------------------------
 Electronic energy       :            (au)                -97.193197055994
 Nuclear energy          :            (au)                 31.879273271998
---------------------------------------------------------------------------
 Total energy            :            (au)             -6.531392378400e+01
                         :      (kcal/mol)             -4.098510563200e+04
                         :        (kJ/mol)             -1.714816820756e+05
                         :            (eV)             -1.777282329213e+03
===========================================================================


===========================================================================
                        Orbital Energies (initial)
---------------------------------------------------------------------------
    n  Occ Spin          :                                         Epsilon
---------------------------------------------------------------------------
    0    2    p          :            (au)                 -9.778610262010
    1    2    p          :            (au)                 -6.440008818778
    2    2    p          :            (au)                 -0.637835652501
    3    2    p          :            (au)                 -0.432323776321
    4    2    p          :            (au)                 -0.375883943716
    5    2    p          :            (au)                 -0.365605161858
    6    2    p          :            (au)                 -0.297869595436
    7    2    p          :            (au)                 -0.279387614441
---------------------------------------------------------------------------
 Sum occupied            :            (au)                -37.215049650122
===========================================================================


~~~~~~~~~~~~~~~~~~~~~~~~~~~~~~~~~~~~~~~~~~~~~~~~~~~~~~~~~~~~~~~~~~~~~~~~~~~
 Calculation             : Optimize ground state orbitals
 Method                  : DFT (SVWN5)
 Checkpointing           : Off
 Max iterations          : 100
 KAIN solver             : 10
 Localization            : Every 10 iterations
 Diagonalization         : Off
 Start precision         : 1.00000e-07
 Final precision         : 1.00000e-07
 Helmholtz precision     : Dynamic
 Energy threshold        : 1.00000e-07
 Orbital threshold       : 1.00000e-06
 ZORA                    : On
 Speed of Light          : 1.37036e+02
 ZORA terms              : [1, 1]
~~~~~~~~~~~~~~~~~~~~~~~~~~~~~~~~~~~~~~~~~~~~~~~~~~~~~~~~~~~~~~~~~~~~~~~~~~~


===========================================================================
 Iter           MO residual             Total energy                Update
---------------------------------------------------------------------------
    0          2.828427e+00         -65.313923783995         -6.531392e+01
    1          1.115631e-03         -65.314046501282         -1.227173e-04
    2          4.024053e-04         -65.314061292064         -1.479078e-05
    3          1.667506e-04         -65.314063318315         -2.026251e-06
    4          1.053076e-04         -65.314063652993         -3.346786e-07
    5          4.936524e-05         -65.314063659314         -6.320363e-09
    6          2.455376e-05         -65.314063665557         -6.243667e-09
    7          7.551114e-06         -65.314063665506          5.108802e-11
    8          2.603109e-06         -65.314063665156          3.498997e-10
    9          1.694074e-06         -65.314063665052          1.048335e-10
---------------------------------------------------------------------------
                      SCF converged in 9 iterations!
===========================================================================


                                                                           
***************************************************************************
***                                                                     ***
***                    Printing Molecular Properties                    ***
***                                                                     ***
***************************************************************************
                                                                           
                                                                           
===========================================================================
                                 Molecule
---------------------------------------------------------------------------
 Charge                  :                                               0
 Multiplicity            :                                               1
---------------------------------------------------------------------------
    N    Atom            :               x               y               z
---------------------------------------------------------------------------
    0       C            :       -0.036013       -1.293555       -0.000000
    1       B            :       -0.039301        1.649641       -0.000000
    2       H            :        1.986596       -1.775523        0.000002
    3       H            :       -0.824468       -2.160147        1.687038
    4       H            :       -0.824465       -2.160148       -1.687040
    5       H            :        0.028693        2.803442       -1.932983
    6       H            :        0.028699        2.803442        1.932983
---------------------------------------------------------------------------
 Center of mass          :       -0.016483        0.064769       -0.000000
===========================================================================


===========================================================================
                         Molecular Energy (final)
---------------------------------------------------------------------------
 Kinetic energy          :            (au)                 64.806976922740
 E-N energy              :            (au)               -214.758442120961
 Coulomb energy          :            (au)                 63.321794386925
 Exchange energy         :            (au)                  0.000000000000
 X-C energy              :            (au)                -10.563666125754
 Ext. field (el)         :            (au)                  0.000000000000
---------------------------------------------------------------------------
 N-N energy              :            (au)                 31.879273271998
 Ext. field (nuc)        :            (au)                  0.000000000000
 Tot. Reac. Energy       :            (au)                  0.000000000000
 El. Reac. Energy        :            (au)                  0.000000000000
 Nuc. Reac. Energy       :            (au)                  0.000000000000
---------------------------------------------------------------------------
 Electronic energy       :            (au)                -97.193336937050
 Nuclear energy          :            (au)                 31.879273271998
---------------------------------------------------------------------------
 Total energy            :            (au)             -6.531406366505e+01
                         :      (kcal/mol)             -4.098519340869e+04
                         :        (kJ/mol)             -1.714820493332e+05
                         :            (eV)             -1.777286135570e+03
===========================================================================


===========================================================================
                         Orbital Energies (final)
---------------------------------------------------------------------------
    n  Occ Spin          :                                         Epsilon
---------------------------------------------------------------------------
    0    2    p          :            (au)                 -9.773692141587
    1    2    p          :            (au)                 -6.437338837971
    2    2    p          :            (au)                 -0.637352487214
    3    2    p          :            (au)                 -0.432046908486
    4    2    p          :            (au)                 -0.375561180893
    5    2    p          :            (au)                 -0.365256581520
    6    2    p          :            (au)                 -0.297477839175
    7    2    p          :            (au)                 -0.279201534857
---------------------------------------------------------------------------
 Sum occupied            :            (au)                -37.195855023405
===========================================================================


===========================================================================
                           Dipole Moment (dip-1)
---------------------------------------------------------------------------
 r_O                     :        0.000000        0.000000        0.000000
---------------------------------------------------------------------------
 Electronic vector       :        0.064932       -0.298726        0.000001
 Magnitude               :            (au)                        0.305702
                         :         (Debye)                        0.777016
---------------------------------------------------------------------------
 Nuclear vector          :       -0.017528       -0.002057       -0.000001
 Magnitude               :            (au)                        0.017648
                         :         (Debye)                        0.044858
---------------------------------------------------------------------------
 Total vector            :        0.047404       -0.300783        0.000000
 Magnitude               :            (au)                        0.304495
                         :         (Debye)                        0.773950
===========================================================================


                                                                           
                                                                           
***************************************************************************
***                                                                     ***
***                            Exiting MRChem                           ***
***                                                                     ***
***                       Wall time :  0h  7m  3s                       ***
***                                                                     ***
***************************************************************************
                                                                           
                                                                           
