Starting job 182069 on b[3133-3136] at Sat May 8 22:03:48 CEST 2021

Copying CH3BH2.out to /cluster/home/ambr/projects/zora/mini-benchmark-gto-mw/small-molecules/calcs
Copying CH3BH2.json to /cluster/home/ambr/projects/zora/mini-benchmark-gto-mw/small-molecules/calcs

Task and CPU usage stats:
       JobID    JobName  AllocCPUS   NTasks     MinCPU MinCPUTask     AveCPU    Elapsed ExitCode 
------------ ---------- ---------- -------- ---------- ---------- ---------- ---------- -------- 
182069           CH3BH2        512                                             00:07:16      1:0 
182069.batch      batch        128        1   07:10:54          0   07:10:54   00:07:16      1:0 
182069.exte+     extern        512        4   00:00:00          2   00:00:00   00:07:16      0:0 
182069.0          orted         48        3   01:05:27          2   01:06:33   00:07:08      0:0 

Memory usage stats:
       JobID     MaxRSS MaxRSSTask     AveRSS MaxPages   MaxPagesTask   AvePages 
------------ ---------- ---------- ---------- -------- -------------- ---------- 
182069                                                                           
182069.batch  83014077K          0  83014077K       78              0         78 
182069.exte+       801K          2     816896        1              2          1 
182069.0      39220896K          2 391159586+       84              1         68 

Disk usage stats:
       JobID  MaxDiskRead MaxDiskReadTask    AveDiskRead MaxDiskWrite MaxDiskWriteTask   AveDiskWrite 
------------ ------------ --------------- -------------- ------------ ---------------- -------------- 
182069                                                                                                
182069.batch     2271.59M               0       2271.59M     1137.62M                0       1137.62M 
182069.exte+        0.00M               2          0.00M            0                2              0 
182069.0           28.70M               0         28.68M       75.10M                2         36.53M 

Job 182069 completed at Sat May 8 22:11:05 CEST 2021
