Starting job 182067 on b[1340-1343] at Sat May 8 22:01:24 CEST 2021

Copying CO2.out to /cluster/home/ambr/projects/zora/mini-benchmark-gto-mw/small-molecules/calcs
Copying CO2.json to /cluster/home/ambr/projects/zora/mini-benchmark-gto-mw/small-molecules/calcs

Task and CPU usage stats:
       JobID    JobName  AllocCPUS   NTasks     MinCPU MinCPUTask     AveCPU    Elapsed ExitCode 
------------ ---------- ---------- -------- ---------- ---------- ---------- ---------- -------- 
182067              CO2        512                                             00:11:20      1:0 
182067.batch      batch        128        1   10:06:23          0   10:06:23   00:11:20      1:0 
182067.exte+     extern        512        4   00:00:00          2   00:00:00   00:11:21      0:0 
182067.0          orted         48        3   01:39:20          2   02:40:17   00:11:06      0:0 

Memory usage stats:
       JobID     MaxRSS MaxRSSTask     AveRSS MaxPages   MaxPagesTask   AvePages 
------------ ---------- ---------- ---------- -------- -------------- ---------- 
182067                                                                           
182067.batch  84036183K          0  84036183K       71              0         71 
182067.exte+       797K          2     644352        3              0          1 
182067.0      48573932K          0 395485730+       38              2         37 

Disk usage stats:
       JobID  MaxDiskRead MaxDiskReadTask    AveDiskRead MaxDiskWrite MaxDiskWriteTask   AveDiskWrite 
------------ ------------ --------------- -------------- ------------ ---------------- -------------- 
182067                                                                                                
182067.batch     2623.29M               0       2623.29M     1520.54M                0       1520.54M 
182067.exte+        0.00M               2          0.00M            0                2              0 
182067.0          434.51M               0        163.95M       72.35M                2         36.99M 

Job 182067 completed at Sat May 8 22:12:44 CEST 2021
