                                                                           
                                                                           
***************************************************************************
***                                                                     ***
***                                                                     ***
***          __  __ ____   ____ _                                       ***
***         |  \/  |  _ \ / ___| |__   ___ _ __ ___                     ***
***         | |\/| | |_) | |   | '_ \ / _ \ '_ ` _ \                    ***
***         | |  | |  _ <| |___| | | |  __/ | | | | |                   ***
***         |_|  |_|_| \_\\____|_| |_|\___|_| |_| |_|                   ***
***                                                                     ***
***         VERSION            1.1.0-alpha                              ***
***                                                                     ***
***         Git branch         new-zora                                 ***
***         Git commit hash    dd0292b4cc5a484bb89f                     ***
***         Git commit author  Anders Brakestad                         ***
***         Git commit date    Tue May 4 16:46:31 2021 +0200            ***
***                                                                     ***
***         Contact: luca.frediani@uit.no                               ***
***                                                                     ***
***         Radovan Bast            Magnar Bjorgve                      ***
***         Roberto Di Remigio      Antoine Durdek                      ***
***         Luca Frediani           Gabriel Gerez                       ***
***         Stig Rune Jensen        Jonas Juselius                      ***
***         Rune Monstad            Peter Wind                          ***
***                                                                     ***
***************************************************************************

---------------------------------------------------------------------------

 MPI processes           :        (1 bank)                              80
 OpenMP threads          :                                              16
 Total cores             :                                            1265
                                                                           
---------------------------------------------------------------------------

XCFun DFT library Copyright 2009-2020 Ulf Ekstrom and contributors.
See http://dftlibs.org/xcfun/ for more information.

This is free software; see the source code for copying conditions.
There is ABSOLUTELY NO WARRANTY; not even for MERCHANTABILITY or
FITNESS FOR A PARTICULAR PURPOSE. For details see the documentation.
Scientific users of this library should cite
U. Ekstrom, L. Visscher, R. Bast, A. J. Thorvaldsen and K. Ruud;
J.Chem.Theor.Comp. 2010, DOI: 10.1021/ct100117s

---------------------------------------------------------------------------

 MRCPP version         : 1.4.0-alpha
 Git branch            : HEAD
 Git commit hash       : 2797a7a18efb69942a6e
 Git commit author     : Stig Rune Jensen
 Git commit date       : Fri Mar 12 12:48:07 2021 +0100

 Linear algebra        : EIGEN v3.3.7
 Parallelization       : MPI/OpenMP (16 threads)

---------------------------------------------------------------------------


                                                                           
===========================================================================
                         MultiResolution Analysis
---------------------------------------------------------------------------
 polynomial order      : 11
 polynomial type       : Interpolating
---------------------------------------------------------------------------
 total boxes           : 8
 boxes                 : [          2           2           2 ]
 unit lengths          : [   64.00000    64.00000    64.00000 ]
 scaling factor        : [    1.00000     1.00000     1.00000 ]
 lower bounds          : [  -64.00000   -64.00000   -64.00000 ]
 upper bounds          : [   64.00000    64.00000    64.00000 ]
 total length          : [  128.00000   128.00000   128.00000 ]
===========================================================================


                                                                           
***************************************************************************
***                                                                     ***
***                        Initializing Molecule                        ***
***                                                                     ***
***************************************************************************
                                                                           
                                                                           
===========================================================================
                                 Molecule
---------------------------------------------------------------------------
 Charge                  :                                               0
 Multiplicity            :                                               1
---------------------------------------------------------------------------
    N    Atom            :               x               y               z
---------------------------------------------------------------------------
    0      Cr            :      -13.274296        4.081631        5.078595
    1       C            :      -10.856713        4.637329        7.645896
    2       C            :      -10.862119        2.255887        3.187324
    3       C            :      -12.271248        7.105098        3.468349
    4       C            :      -15.686324        5.908709        6.968892
    5       O            :      -17.141519        7.020488        8.109584
    6       O            :       -9.399836        4.974405        9.201080
    7       O            :       -9.406480        1.146731        2.044635
    8       O            :      -11.671604        8.934578        2.494516
    9       C            :      -15.693028        3.526667        2.512077
   10       O            :      -17.151508        3.191252        0.958044
   11       C            :      -14.274899        1.057022        6.687913
   12       O            :      -14.869971       -0.774909        7.660054
---------------------------------------------------------------------------
 Center of mass          :      -13.273864        4.081882        5.078268
===========================================================================


                                                                           
***************************************************************************
***                                                                     ***
***                 Computing Ground State Wavefunction                 ***
***                                                                     ***
***************************************************************************
                                                                           
                                                                           
~~~~~~~~~~~~~~~~~~~~~~~~~~~~~~~~~~~~~~~~~~~~~~~~~~~~~~~~~~~~~~~~~~~~~~~~~~~
 Calculation             : Compute initial orbitals
 Method                  : Project MW molecular orbitals
 Precision               : 1.00000e-07
 Restricted              : True
 MO file                 : initial_guess/phi_p_scf
~~~~~~~~~~~~~~~~~~~~~~~~~~~~~~~~~~~~~~~~~~~~~~~~~~~~~~~~~~~~~~~~~~~~~~~~~~~


===========================================================================
                            Molecular Orbitals
---------------------------------------------------------------------------
 Alpha electrons         :                                              54
 Beta electrons          :                                              54
 Total electrons         :                                             108
---------------------------------------------------------------------------
    n  Occ Spin          :                                            Norm
---------------------------------------------------------------------------
    0    2    p          :                              9.999999999968e-01
    1    2    p          :                              9.999999999968e-01
    2    2    p          :                              9.999999999967e-01
    3    2    p          :                              9.999999999968e-01
    4    2    p          :                              9.999999999968e-01
    5    2    p          :                              9.999999999967e-01
    6    2    p          :                              9.999999999968e-01
    7    2    p          :                              9.999999999968e-01
    8    2    p          :                              9.999999999968e-01
    9    2    p          :                              9.999999999968e-01
   10    2    p          :                              9.999999999967e-01
   11    2    p          :                              9.999999999966e-01
   12    2    p          :                              9.999999999967e-01
   13    2    p          :                              9.999999999968e-01
   14    2    p          :                              9.999999999965e-01
   15    2    p          :                              9.999999999967e-01
   16    2    p          :                              9.999999999968e-01
   17    2    p          :                              9.999999999968e-01
   18    2    p          :                              9.999999999968e-01
   19    2    p          :                              9.999999999968e-01
   20    2    p          :                              9.999999999967e-01
   21    2    p          :                              9.999999999968e-01
   22    2    p          :                              9.999999999968e-01
   23    2    p          :                              9.999999999968e-01
   24    2    p          :                              9.999999999968e-01
   25    2    p          :                              9.999999999968e-01
   26    2    p          :                              9.999999999968e-01
   27    2    p          :                              9.999999999968e-01
   28    2    p          :                              9.999999999968e-01
   29    2    p          :                              9.999999999968e-01
   30    2    p          :                              9.999999999966e-01
   31    2    p          :                              9.999999999968e-01
   32    2    p          :                              9.999999999968e-01
   33    2    p          :                              9.999999999968e-01
   34    2    p          :                              9.999999999968e-01
   35    2    p          :                              9.999999999968e-01
   36    2    p          :                              9.999999999968e-01
   37    2    p          :                              9.999999999968e-01
   38    2    p          :                              9.999999999968e-01
   39    2    p          :                              9.999999999968e-01
   40    2    p          :                              9.999999999968e-01
   41    2    p          :                              9.999999999968e-01
   42    2    p          :                              9.999999999968e-01
   43    2    p          :                              9.999999999968e-01
   44    2    p          :                              9.999999999966e-01
   45    2    p          :                              9.999999999968e-01
   46    2    p          :                              9.999999999968e-01
   47    2    p          :                              9.999999999967e-01
   48    2    p          :                              9.999999999968e-01
   49    2    p          :                              9.999999999967e-01
   50    2    p          :                              9.999999999968e-01
   51    2    p          :                              9.999999999968e-01
   52    2    p          :                              9.999999999967e-01
   53    2    p          :                              9.999999999968e-01
===========================================================================


~~~~~~~~~~~~~~~~~~~~~~~~~~~~~~~~~~~~~~~~~~~~~~~~~~~~~~~~~~~~~~~~~~~~~~~~~~~
 Calculation             : Compute initial energy
 Method                  : DFT (SVWN5)
 Precision               : 1.00000e-07
 Localization            : On
~~~~~~~~~~~~~~~~~~~~~~~~~~~~~~~~~~~~~~~~~~~~~~~~~~~~~~~~~~~~~~~~~~~~~~~~~~~


===========================================================================
                        Molecular Energy (initial)
---------------------------------------------------------------------------
 Kinetic energy          :            (au)               1699.374861782846
 E-N energy              :            (au)              -6048.529188683655
 Coulomb energy          :            (au)               1752.466524607438
 Exchange energy         :            (au)                  0.000000000000
 X-C energy              :            (au)               -124.598109418412
 Ext. field (el)         :            (au)                  0.000000000000
---------------------------------------------------------------------------
 N-N energy              :            (au)                990.764865086115
 Ext. field (nuc)        :            (au)                  0.000000000000
 Tot. Reac. Energy       :            (au)                  0.000000000000
 El. Reac. Energy        :            (au)                  0.000000000000
 Nuc. Reac. Energy       :            (au)                  0.000000000000
---------------------------------------------------------------------------
 Electronic energy       :            (au)              -2721.285911711783
 Nuclear energy          :            (au)                990.764865086115
---------------------------------------------------------------------------
 Total energy            :            (au)             -1.730521046626e+03
                         :      (kcal/mol)             -1.085918343061e+06
                         :        (kJ/mol)             -4.543482350318e+06
                         :            (eV)             -4.708987453686e+04
===========================================================================


===========================================================================
                        Orbital Energies (initial)
---------------------------------------------------------------------------
    n  Occ Spin          :                                         Epsilon
---------------------------------------------------------------------------
    0    2    p          :            (au)               -218.172531266665
    1    2    p          :            (au)                -24.772000748237
    2    2    p          :            (au)                -20.927262271393
    3    2    p          :            (au)                -20.927246512770
    4    2    p          :            (au)                -20.927176189059
    5    2    p          :            (au)                -18.765522029315
    6    2    p          :            (au)                -18.765515470176
    7    2    p          :            (au)                -18.765479098883
    8    2    p          :            (au)                -18.765463036863
    9    2    p          :            (au)                -18.765382834683
   10    2    p          :            (au)                -18.765379152625
   11    2    p          :            (au)                 -9.944417659929
   12    2    p          :            (au)                 -9.944413862998
   13    2    p          :            (au)                 -9.944381634382
   14    2    p          :            (au)                 -9.944368038119
   15    2    p          :            (au)                 -9.944274790351
   16    2    p          :            (au)                 -9.944273598093
   17    2    p          :            (au)                 -2.815289495839
   18    2    p          :            (au)                 -1.778650834138
   19    2    p          :            (au)                 -1.778552650702
   20    2    p          :            (au)                 -1.778333999624
   21    2    p          :            (au)                 -1.068830559269
   22    2    p          :            (au)                 -1.067801521252
   23    2    p          :            (au)                 -1.067740676306
   24    2    p          :            (au)                 -1.067669825729
   25    2    p          :            (au)                 -1.067333477673
   26    2    p          :            (au)                 -1.067260005554
   27    2    p          :            (au)                 -0.573923238399
   28    2    p          :            (au)                 -0.525686284361
   29    2    p          :            (au)                 -0.525632104372
   30    2    p          :            (au)                 -0.525294241589
   31    2    p          :            (au)                 -0.522483026702
   32    2    p          :            (au)                 -0.522435300385
   33    2    p          :            (au)                 -0.469852707622
   34    2    p          :            (au)                 -0.458185190488
   35    2    p          :            (au)                 -0.458119002959
   36    2    p          :            (au)                 -0.457953437265
   37    2    p          :            (au)                 -0.453040571959
   38    2    p          :            (au)                 -0.452926820123
   39    2    p          :            (au)                 -0.452617247004
   40    2    p          :            (au)                 -0.438708859025
   41    2    p          :            (au)                 -0.438477919231
   42    2    p          :            (au)                 -0.438439807425
   43    2    p          :            (au)                 -0.431447214392
   44    2    p          :            (au)                 -0.431409150789
   45    2    p          :            (au)                 -0.431380679330
   46    2    p          :            (au)                 -0.426239506235
   47    2    p          :            (au)                 -0.426187157976
   48    2    p          :            (au)                 -0.386014502465
   49    2    p          :            (au)                 -0.385860872828
   50    2    p          :            (au)                 -0.385292738174
   51    2    p          :            (au)                 -0.254572393279
   52    2    p          :            (au)                 -0.254500631838
   53    2    p          :            (au)                 -0.254192581254
---------------------------------------------------------------------------
 Sum occupied            :            (au)              -1008.646848856193
===========================================================================


~~~~~~~~~~~~~~~~~~~~~~~~~~~~~~~~~~~~~~~~~~~~~~~~~~~~~~~~~~~~~~~~~~~~~~~~~~~
 Calculation             : Optimize ground state orbitals
 Method                  : DFT (SVWN5)
 Checkpointing           : Off
 Max iterations          : 100
 KAIN solver             : 10
 Localization            : Every 10 iterations
 Diagonalization         : Off
 Start precision         : 1.00000e-07
 Final precision         : 1.00000e-07
 Helmholtz precision     : Dynamic
 Energy threshold        : 1.00000e-07
 Orbital threshold       : 1.00000e-06
 ZORA                    : On
 Speed of Light          : 1.37036e+02
 ZORA terms              : [1, 1]
~~~~~~~~~~~~~~~~~~~~~~~~~~~~~~~~~~~~~~~~~~~~~~~~~~~~~~~~~~~~~~~~~~~~~~~~~~~


===========================================================================
 Iter           MO residual             Total energy                Update
---------------------------------------------------------------------------
    0          7.348469e+00       -1730.521046625667         -1.730521e+03
    1          1.885433e-02       -1730.917359817948         -3.963132e-01
    2          8.770909e-03       -1730.999807111233         -8.244729e-02
    3          5.390976e-03       -1731.017988299642         -1.818119e-02
    4          4.843853e-03       -1731.023126543877         -5.138244e-03
    5          3.802729e-03       -1731.023491957809         -3.654139e-04
    6          1.315517e-03       -1731.023610859579         -1.189018e-04
    7          1.354467e-03       -1731.023766485663         -1.556261e-04
    8          5.475516e-04       -1731.023774062556         -7.576892e-06
    9          5.975630e-04       -1731.023793950096         -1.988754e-05
   10          4.675518e-04       -1731.023798063598         -4.113502e-06
   11          1.639343e-04       -1731.023800704283         -2.640685e-06
   12          1.270455e-04       -1731.023801693037         -9.887544e-07
   13          3.415175e-04       -1731.023805121567         -3.428530e-06
   14          1.531858e-04       -1731.023806336641         -1.215074e-06
   15          1.637944e-04       -1731.023807743972         -1.407331e-06
   16          1.423378e-04       -1731.023808243252         -4.992803e-07
   17          1.223352e-04       -1731.023808780838         -5.375859e-07
   18          6.874836e-05       -1731.023809142363         -3.615246e-07
   19          2.211067e-05       -1731.023809343909         -2.015463e-07
   20          2.210267e-05       -1731.023809551123         -2.072138e-07
   21          6.992912e-06       -1731.023809606074         -5.495122e-08
   22          4.813641e-06       -1731.023809641707         -3.563264e-08
   23          1.256034e-05       -1731.023809872663         -2.309566e-07
   24          7.476060e-06       -1731.023809988860         -1.161966e-07
   25          4.480222e-06       -1731.023810052100         -6.323990e-08
   26          6.366335e-06       -1731.023810087416         -3.531659e-08
   27          6.088096e-06       -1731.023810105416         -1.799981e-08
   28          7.829632e-06       -1731.023810117423         -1.200669e-08
   29          8.073468e-06       -1731.023810098625          1.879789e-08
   30          1.765150e-05       -1731.023809809794          2.888314e-07
   31          3.315918e-06       -1731.023809892635         -8.284087e-08
   32          2.131629e-06       -1731.023809934960         -4.232561e-08
---------------------------------------------------------------------------
                      SCF converged in 32 iterations!
===========================================================================


                                                                           
***************************************************************************
***                                                                     ***
***                    Printing Molecular Properties                    ***
***                                                                     ***
***************************************************************************
                                                                           
                                                                           
===========================================================================
                                 Molecule
---------------------------------------------------------------------------
 Charge                  :                                               0
 Multiplicity            :                                               1
---------------------------------------------------------------------------
    N    Atom            :               x               y               z
---------------------------------------------------------------------------
    0      Cr            :      -13.274296        4.081631        5.078595
    1       C            :      -10.856713        4.637329        7.645896
    2       C            :      -10.862119        2.255887        3.187324
    3       C            :      -12.271248        7.105098        3.468349
    4       C            :      -15.686324        5.908709        6.968892
    5       O            :      -17.141519        7.020488        8.109584
    6       O            :       -9.399836        4.974405        9.201080
    7       O            :       -9.406480        1.146731        2.044635
    8       O            :      -11.671604        8.934578        2.494516
    9       C            :      -15.693028        3.526667        2.512077
   10       O            :      -17.151508        3.191252        0.958044
   11       C            :      -14.274899        1.057022        6.687913
   12       O            :      -14.869971       -0.774909        7.660054
---------------------------------------------------------------------------
 Center of mass          :      -13.273864        4.081882        5.078268
===========================================================================


===========================================================================
                         Molecular Energy (final)
---------------------------------------------------------------------------
 Kinetic energy          :            (au)               1738.500993405442
 E-N energy              :            (au)              -6090.982282040008
 Coulomb energy          :            (au)               1755.871481086192
 Exchange energy         :            (au)                  0.000000000000
 X-C energy              :            (au)               -125.178867472701
 Ext. field (el)         :            (au)                  0.000000000000
---------------------------------------------------------------------------
 N-N energy              :            (au)                990.764865086115
 Ext. field (nuc)        :            (au)                  0.000000000000
 Tot. Reac. Energy       :            (au)                  0.000000000000
 El. Reac. Energy        :            (au)                  0.000000000000
 Nuc. Reac. Energy       :            (au)                  0.000000000000
---------------------------------------------------------------------------
 Electronic energy       :            (au)              -2721.788675021076
 Nuclear energy          :            (au)                990.764865086115
---------------------------------------------------------------------------
 Total energy            :            (au)             -1.731023809935e+03
                         :      (kcal/mol)             -1.086233831799e+06
                         :        (kJ/mol)             -4.544802355195e+06
                         :            (eV)             -4.710355542286e+04
===========================================================================


===========================================================================
                         Orbital Energies (final)
---------------------------------------------------------------------------
    n  Occ Spin          :                                         Epsilon
---------------------------------------------------------------------------
    0    2    p          :            (au)               -217.746475980947
    1    2    p          :            (au)                -24.657000439089
    2    2    p          :            (au)                -20.761049542189
    3    2    p          :            (au)                -20.761033943273
    4    2    p          :            (au)                -20.760964804426
    5    2    p          :            (au)                -18.748952991677
    6    2    p          :            (au)                -18.748946092378
    7    2    p          :            (au)                -18.748909338009
    8    2    p          :            (au)                -18.748893931594
    9    2    p          :            (au)                -18.748812657459
   10    2    p          :            (au)                -18.748808682513
   11    2    p          :            (au)                 -9.936750940465
   12    2    p          :            (au)                 -9.936746895917
   13    2    p          :            (au)                 -9.936714200501
   14    2    p          :            (au)                 -9.936700832678
   15    2    p          :            (au)                 -9.936606159236
   16    2    p          :            (au)                 -9.936604912461
   17    2    p          :            (au)                 -2.798115648852
   18    2    p          :            (au)                 -1.757247020948
   19    2    p          :            (au)                 -1.757148549363
   20    2    p          :            (au)                 -1.756930146669
   21    2    p          :            (au)                 -1.066097788253
   22    2    p          :            (au)                 -1.065055001028
   23    2    p          :            (au)                 -1.064994159663
   24    2    p          :            (au)                 -1.064922780378
   25    2    p          :            (au)                 -1.064584864195
   26    2    p          :            (au)                 -1.064511103497
   27    2    p          :            (au)                 -0.572315412092
   28    2    p          :            (au)                 -0.523347011436
   29    2    p          :            (au)                 -0.523292725444
   30    2    p          :            (au)                 -0.522952944059
   31    2    p          :            (au)                 -0.520062797235
   32    2    p          :            (au)                 -0.520014250343
   33    2    p          :            (au)                 -0.467563377064
   34    2    p          :            (au)                 -0.456134615766
   35    2    p          :            (au)                 -0.456068000697
   36    2    p          :            (au)                 -0.455901666092
   37    2    p          :            (au)                 -0.450897233224
   38    2    p          :            (au)                 -0.450784234239
   39    2    p          :            (au)                 -0.450475772827
   40    2    p          :            (au)                 -0.436538151848
   41    2    p          :            (au)                 -0.436305237968
   42    2    p          :            (au)                 -0.436266572199
   43    2    p          :            (au)                 -0.429193774074
   44    2    p          :            (au)                 -0.429155335258
   45    2    p          :            (au)                 -0.429126517141
   46    2    p          :            (au)                 -0.422959399506
   47    2    p          :            (au)                 -0.422909875853
   48    2    p          :            (au)                 -0.383686737085
   49    2    p          :            (au)                 -0.383535969779
   50    2    p          :            (au)                 -0.382969828366
   51    2    p          :            (au)                 -0.248912599863
   52    2    p          :            (au)                 -0.248839252988
   53    2    p          :            (au)                 -0.248526990618
---------------------------------------------------------------------------
 Sum occupied            :            (au)              -1005.936631381441
===========================================================================


===========================================================================
                           Dipole Moment (dip-1)
---------------------------------------------------------------------------
 r_O                     :        0.000000        0.000000        0.000000
---------------------------------------------------------------------------
 Electronic vector       :     1433.576095     -440.843758     -548.452173
 Magnitude               :            (au)                     1596.960684
                         :         (Debye)                     4059.068799
---------------------------------------------------------------------------
 Nuclear vector          :    -1433.576440      440.843780      548.452295
 Magnitude               :            (au)                     1596.961041
                         :         (Debye)                     4059.069708
---------------------------------------------------------------------------
 Total vector            :       -0.000345        0.000022        0.000122
 Magnitude               :            (au)                        0.000367
                         :         (Debye)                        0.000932
===========================================================================


                                                                           
                                                                           
***************************************************************************
***                                                                     ***
***                            Exiting MRChem                           ***
***                                                                     ***
***                       Wall time :  2h  4m 27s                       ***
***                                                                     ***
***************************************************************************
                                                                           
                                                                           
