Starting job 182072 on b[4201-4204,4214-4219] at Sat May 8 22:04:55 CEST 2021


Task and CPU usage stats:
       JobID    JobName  AllocCPUS   NTasks     MinCPU MinCPUTask     AveCPU    Elapsed ExitCode 
------------ ---------- ---------- -------- ---------- ---------- ---------- ---------- -------- 
182072            CrCO6       1280                                             00:00:20      0:0 
182072.batch      batch        128        1   00:00:01          0   00:00:01   00:00:21     0:15 
182072.exte+     extern       1280       10   00:00:00          9   00:00:00   00:00:21      0:0 

Memory usage stats:
       JobID     MaxRSS MaxRSSTask     AveRSS MaxPages   MaxPagesTask   AvePages 
------------ ---------- ---------- ---------- -------- -------------- ---------- 
182072                                                                           
182072.batch      5604K          0      5604K        0              0          0 
182072.exte+       807K          5     823193        3              4          1 

Disk usage stats:
       JobID  MaxDiskRead MaxDiskReadTask    AveDiskRead MaxDiskWrite MaxDiskWriteTask   AveDiskWrite 
------------ ------------ --------------- -------------- ------------ ---------------- -------------- 
182072                                                                                                
182072.batch     2089.17M               0       2089.17M     2080.52M                0       2080.52M 
182072.exte+        0.00M               9          0.00M            0                9              0 

Job 182072 completed at Sat May 8 22:05:18 CEST 2021
Starting job 182075 on b[4201-4204,4214-4219] at Sat May 8 22:05:58 CEST 2021

Copying CrCO6.out to /cluster/home/ambr/projects/zora/mini-benchmark-gto-mw/small-molecules/calcs
Copying CrCO6.json to /cluster/home/ambr/projects/zora/mini-benchmark-gto-mw/small-molecules/calcs

Task and CPU usage stats:
       JobID    JobName  AllocCPUS   NTasks     MinCPU MinCPUTask     AveCPU    Elapsed ExitCode 
------------ ---------- ---------- -------- ---------- ---------- ---------- ---------- -------- 
182075            CrCO6       1280                                             02:05:31      1:0 
182075.batch      batch        128        1 1-12:26:25          0   00:00:04   02:05:31      1:0 
182075.exte+     extern       1280       10   00:00:00          9   00:00:00   02:05:32      0:0 
182075.0          orted        144        9   17:32:45          8 1-10:36:34   02:04:36      0:0 

Memory usage stats:
       JobID     MaxRSS MaxRSSTask     AveRSS MaxPages   MaxPagesTask   AvePages 
------------ ---------- ---------- ---------- -------- -------------- ---------- 
182075                                                                           
182075.batch 132291507K          0 132291507K      129              0          0 
182075.exte+       809K          6     820531        3              6          1 
182075.0     184009374K          8 153984991+      455              8        140 

Disk usage stats:
       JobID  MaxDiskRead MaxDiskReadTask    AveDiskRead MaxDiskWrite MaxDiskWriteTask   AveDiskWrite 
------------ ------------ --------------- -------------- ------------ ---------------- -------------- 
182075                                                                                                
182075.batch    19768.61M               0      19768.61M    19796.73M                0      19796.73M 
182075.exte+        0.00M               9          0.00M            0                9              0 
182075.0         1996.61M               1       1191.73M     2028.44M                1       1226.51M 

Job 182075 completed at Sun May 9 00:11:31 CEST 2021
