Starting job 182068 on b[1344-1347] at Sat May 8 22:03:22 CEST 2021

Copying H2O.out to /cluster/home/ambr/projects/zora/mini-benchmark-gto-mw/small-molecules/calcs
Copying H2O.json to /cluster/home/ambr/projects/zora/mini-benchmark-gto-mw/small-molecules/calcs

Task and CPU usage stats:
       JobID    JobName  AllocCPUS   NTasks     MinCPU MinCPUTask     AveCPU    Elapsed ExitCode 
------------ ---------- ---------- -------- ---------- ---------- ---------- ---------- -------- 
182068              H2O        512                                             00:06:07      1:0 
182068.batch      batch        128        1   04:32:02          0   04:32:02   00:06:07      1:0 
182068.exte+     extern        512        4   00:00:00          1   00:00:00   00:06:07      0:0 
182068.0          orted         48        3   00:54:02          2   00:54:55   00:05:57      0:0 

Memory usage stats:
       JobID     MaxRSS MaxRSSTask     AveRSS MaxPages   MaxPagesTask   AvePages 
------------ ---------- ---------- ---------- -------- -------------- ---------- 
182068                                                                           
182068.batch  44833767K          0  44833767K       84              0         84 
182068.exte+       800K          3     816896        3              1          2 
182068.0      22142615K          2 221664006+       50              1         46 

Disk usage stats:
       JobID  MaxDiskRead MaxDiskReadTask    AveDiskRead MaxDiskWrite MaxDiskWriteTask   AveDiskWrite 
------------ ------------ --------------- -------------- ------------ ---------------- -------------- 
182068                                                                                                
182068.batch     1162.34M               0       1162.34M      582.87M                0        582.87M 
182068.exte+        0.00M               1          0.00M            0                1              0 
182068.0           28.70M               0         28.67M       40.78M                2         25.04M 

Job 182068 completed at Sat May 8 22:09:30 CEST 2021
