                                                                           
                                                                           
***************************************************************************
***                                                                     ***
***                                                                     ***
***          __  __ ____   ____ _                                       ***
***         |  \/  |  _ \ / ___| |__   ___ _ __ ___                     ***
***         | |\/| | |_) | |   | '_ \ / _ \ '_ ` _ \                    ***
***         | |  | |  _ <| |___| | | |  __/ | | | | |                   ***
***         |_|  |_|_| \_\\____|_| |_|\___|_| |_| |_|                   ***
***                                                                     ***
***         VERSION            1.1.0-alpha                              ***
***                                                                     ***
***         Git branch         new-zora                                 ***
***         Git commit hash    dd0292b4cc5a484bb89f                     ***
***         Git commit author  Anders Brakestad                         ***
***         Git commit date    Tue May 4 16:46:31 2021 +0200            ***
***                                                                     ***
***         Contact: luca.frediani@uit.no                               ***
***                                                                     ***
***         Radovan Bast            Magnar Bjorgve                      ***
***         Roberto Di Remigio      Antoine Durdek                      ***
***         Luca Frediani           Gabriel Gerez                       ***
***         Stig Rune Jensen        Jonas Juselius                      ***
***         Rune Monstad            Peter Wind                          ***
***                                                                     ***
***************************************************************************

---------------------------------------------------------------------------

 MPI processes           :        (1 bank)                              32
 OpenMP threads          :                                              16
 Total cores             :                                             497
                                                                           
---------------------------------------------------------------------------

XCFun DFT library Copyright 2009-2020 Ulf Ekstrom and contributors.
See http://dftlibs.org/xcfun/ for more information.

This is free software; see the source code for copying conditions.
There is ABSOLUTELY NO WARRANTY; not even for MERCHANTABILITY or
FITNESS FOR A PARTICULAR PURPOSE. For details see the documentation.
Scientific users of this library should cite
U. Ekstrom, L. Visscher, R. Bast, A. J. Thorvaldsen and K. Ruud;
J.Chem.Theor.Comp. 2010, DOI: 10.1021/ct100117s

---------------------------------------------------------------------------

 MRCPP version         : 1.4.0-alpha
 Git branch            : HEAD
 Git commit hash       : 2797a7a18efb69942a6e
 Git commit author     : Stig Rune Jensen
 Git commit date       : Fri Mar 12 12:48:07 2021 +0100

 Linear algebra        : EIGEN v3.3.7
 Parallelization       : MPI/OpenMP (16 threads)

---------------------------------------------------------------------------


                                                                           
===========================================================================
                         MultiResolution Analysis
---------------------------------------------------------------------------
 polynomial order      : 11
 polynomial type       : Interpolating
---------------------------------------------------------------------------
 total boxes           : 8
 boxes                 : [          2           2           2 ]
 unit lengths          : [   64.00000    64.00000    64.00000 ]
 scaling factor        : [    1.00000     1.00000     1.00000 ]
 lower bounds          : [  -64.00000   -64.00000   -64.00000 ]
 upper bounds          : [   64.00000    64.00000    64.00000 ]
 total length          : [  128.00000   128.00000   128.00000 ]
===========================================================================


                                                                           
***************************************************************************
***                                                                     ***
***                        Initializing Molecule                        ***
***                                                                     ***
***************************************************************************
                                                                           
                                                                           
===========================================================================
                                 Molecule
---------------------------------------------------------------------------
 Charge                  :                                               0
 Multiplicity            :                                               1
---------------------------------------------------------------------------
    N    Atom            :               x               y               z
---------------------------------------------------------------------------
    0       O            :        0.000000        0.000000        0.221665
    1       H            :        0.000000        1.430901       -0.886659
    2       H            :        0.000000       -1.430901       -0.886659
---------------------------------------------------------------------------
 Center of mass          :        0.000000       -0.000000        0.097645
===========================================================================


                                                                           
***************************************************************************
***                                                                     ***
***                 Computing Ground State Wavefunction                 ***
***                                                                     ***
***************************************************************************
                                                                           
                                                                           
~~~~~~~~~~~~~~~~~~~~~~~~~~~~~~~~~~~~~~~~~~~~~~~~~~~~~~~~~~~~~~~~~~~~~~~~~~~
 Calculation             : Compute initial orbitals
 Method                  : Project MW molecular orbitals
 Precision               : 1.00000e-07
 Restricted              : True
 MO file                 : initial_guess/phi_p_scf
~~~~~~~~~~~~~~~~~~~~~~~~~~~~~~~~~~~~~~~~~~~~~~~~~~~~~~~~~~~~~~~~~~~~~~~~~~~


===========================================================================
                            Molecular Orbitals
---------------------------------------------------------------------------
 Alpha electrons         :                                               5
 Beta electrons          :                                               5
 Total electrons         :                                              10
---------------------------------------------------------------------------
    n  Occ Spin          :                                            Norm
---------------------------------------------------------------------------
    0    2    p          :                              9.999999999968e-01
    1    2    p          :                              9.999999999968e-01
    2    2    p          :                              9.999999999968e-01
    3    2    p          :                              9.999999999968e-01
    4    2    p          :                              9.999999999968e-01
===========================================================================


~~~~~~~~~~~~~~~~~~~~~~~~~~~~~~~~~~~~~~~~~~~~~~~~~~~~~~~~~~~~~~~~~~~~~~~~~~~
 Calculation             : Compute initial energy
 Method                  : DFT (SVWN5)
 Precision               : 1.00000e-07
 Localization            : On
~~~~~~~~~~~~~~~~~~~~~~~~~~~~~~~~~~~~~~~~~~~~~~~~~~~~~~~~~~~~~~~~~~~~~~~~~~~


===========================================================================
                        Molecular Energy (initial)
---------------------------------------------------------------------------
 Kinetic energy          :            (au)                 75.423591184724
 E-N energy              :            (au)               -198.490688524500
 Coulomb energy          :            (au)                 46.591412042169
 Exchange energy         :            (au)                  0.000000000000
 X-C energy              :            (au)                 -8.737797793551
 Ext. field (el)         :            (au)                  0.000000000000
---------------------------------------------------------------------------
 N-N energy              :            (au)                  9.189533762640
 Ext. field (nuc)        :            (au)                  0.000000000000
 Tot. Reac. Energy       :            (au)                  0.000000000000
 El. Reac. Energy        :            (au)                  0.000000000000
 Nuc. Reac. Energy       :            (au)                  0.000000000000
---------------------------------------------------------------------------
 Electronic energy       :            (au)                -85.213483091159
 Nuclear energy          :            (au)                  9.189533762640
---------------------------------------------------------------------------
 Total energy            :            (au)             -7.602394932852e+01
                         :      (kcal/mol)             -4.770574807442e+04
                         :        (kJ/mol)             -1.996008500729e+05
                         :            (eV)             -2.068716958200e+03
===========================================================================


===========================================================================
                        Orbital Energies (initial)
---------------------------------------------------------------------------
    n  Occ Spin          :                                         Epsilon
---------------------------------------------------------------------------
    0    2    p          :            (au)                -18.658055366782
    1    2    p          :            (au)                 -0.929389372360
    2    2    p          :            (au)                 -0.488670601745
    3    2    p          :            (au)                 -0.347293879344
    4    2    p          :            (au)                 -0.273200040065
---------------------------------------------------------------------------
 Sum occupied            :            (au)                -41.393218520590
===========================================================================


~~~~~~~~~~~~~~~~~~~~~~~~~~~~~~~~~~~~~~~~~~~~~~~~~~~~~~~~~~~~~~~~~~~~~~~~~~~
 Calculation             : Optimize ground state orbitals
 Method                  : DFT (SVWN5)
 Checkpointing           : Off
 Max iterations          : 100
 KAIN solver             : 10
 Localization            : Every 10 iterations
 Diagonalization         : Off
 Start precision         : 1.00000e-07
 Final precision         : 1.00000e-07
 Helmholtz precision     : Dynamic
 Energy threshold        : 1.00000e-07
 Orbital threshold       : 1.00000e-06
 ZORA                    : On
 Speed of Light          : 1.37036e+02
 ZORA terms              : [1, 1]
~~~~~~~~~~~~~~~~~~~~~~~~~~~~~~~~~~~~~~~~~~~~~~~~~~~~~~~~~~~~~~~~~~~~~~~~~~~


===========================================================================
 Iter           MO residual             Total energy                Update
---------------------------------------------------------------------------
    0          2.236068e+00         -76.023949328519         -7.602395e+01
    1          2.010076e-03         -76.024448105699         -4.987772e-04
    2          1.210095e-03         -76.024513843595         -6.573790e-05
    3          9.375575e-04         -76.024523828550         -9.984955e-06
    4          4.497525e-04         -76.024525435967         -1.607417e-06
    5          2.790498e-04         -76.024526237274         -8.013071e-07
    6          1.152694e-04         -76.024526228269          9.004964e-09
    7          7.071235e-05         -76.024526311996         -8.372666e-08
    8          3.176093e-05         -76.024526314930         -2.934186e-09
    9          1.071374e-05         -76.024526316715         -1.785338e-09
   10          7.742133e-06         -76.024526317442         -7.268284e-10
   11          2.212711e-06         -76.024526317626         -1.835474e-10
   12          1.273140e-06         -76.024526317685         -5.961454e-11
---------------------------------------------------------------------------
                      SCF converged in 12 iterations!
===========================================================================


                                                                           
***************************************************************************
***                                                                     ***
***                    Printing Molecular Properties                    ***
***                                                                     ***
***************************************************************************
                                                                           
                                                                           
===========================================================================
                                 Molecule
---------------------------------------------------------------------------
 Charge                  :                                               0
 Multiplicity            :                                               1
---------------------------------------------------------------------------
    N    Atom            :               x               y               z
---------------------------------------------------------------------------
    0       O            :        0.000000        0.000000        0.221665
    1       H            :        0.000000        1.430901       -0.886659
    2       H            :        0.000000       -1.430901       -0.886659
---------------------------------------------------------------------------
 Center of mass          :        0.000000       -0.000000        0.097645
===========================================================================


===========================================================================
                         Molecular Energy (final)
---------------------------------------------------------------------------
 Kinetic energy          :            (au)                 75.753458974542
 E-N energy              :            (au)               -198.850233102409
 Coulomb energy          :            (au)                 46.631273857588
 Exchange energy         :            (au)                  0.000000000000
 X-C energy              :            (au)                 -8.748559810046
 Ext. field (el)         :            (au)                  0.000000000000
---------------------------------------------------------------------------
 N-N energy              :            (au)                  9.189533762640
 Ext. field (nuc)        :            (au)                  0.000000000000
 Tot. Reac. Energy       :            (au)                  0.000000000000
 El. Reac. Energy        :            (au)                  0.000000000000
 Nuc. Reac. Energy       :            (au)                  0.000000000000
---------------------------------------------------------------------------
 Electronic energy       :            (au)                -85.214060080325
 Nuclear energy          :            (au)                  9.189533762640
---------------------------------------------------------------------------
 Total energy            :            (au)             -7.602452631769e+01
                         :      (kcal/mol)             -4.770611014059e+04
                         :        (kJ/mol)             -1.996023649578e+05
                         :            (eV)             -2.068732658874e+03
===========================================================================


===========================================================================
                         Orbital Energies (final)
---------------------------------------------------------------------------
    n  Occ Spin          :                                         Epsilon
---------------------------------------------------------------------------
    0    2    p          :            (au)                -18.645437611573
    1    2    p          :            (au)                 -0.927923342467
    2    2    p          :            (au)                 -0.487570100867
    3    2    p          :            (au)                 -0.345998266888
    4    2    p          :            (au)                 -0.271805883215
---------------------------------------------------------------------------
 Sum occupied            :            (au)                -41.357470410019
===========================================================================


===========================================================================
                           Dipole Moment (dip-1)
---------------------------------------------------------------------------
 r_O                     :        0.000000        0.000000        0.000000
---------------------------------------------------------------------------
 Electronic vector       :       -0.000000       -0.000000       -0.728018
 Magnitude               :            (au)                        0.728018
                         :         (Debye)                        1.850436
---------------------------------------------------------------------------
 Nuclear vector          :        0.000000        0.000000        0.000000
 Magnitude               :            (au)                        0.000000
                         :         (Debye)                        0.000000
---------------------------------------------------------------------------
 Total vector            :        0.000000        0.000000       -0.728018
 Magnitude               :            (au)                        0.728018
                         :         (Debye)                        1.850436
===========================================================================


                                                                           
                                                                           
***************************************************************************
***                                                                     ***
***                            Exiting MRChem                           ***
***                                                                     ***
***                       Wall time :  0h  5m 53s                       ***
***                                                                     ***
***************************************************************************
                                                                           
                                                                           
