                                                                           
                                                                           
***************************************************************************
***                                                                     ***
***                                                                     ***
***          __  __ ____   ____ _                                       ***
***         |  \/  |  _ \ / ___| |__   ___ _ __ ___                     ***
***         | |\/| | |_) | |   | '_ \ / _ \ '_ ` _ \                    ***
***         | |  | |  _ <| |___| | | |  __/ | | | | |                   ***
***         |_|  |_|_| \_\\____|_| |_|\___|_| |_| |_|                   ***
***                                                                     ***
***         VERSION            1.1.0-alpha                              ***
***                                                                     ***
***         Git branch         new-zora                                 ***
***         Git commit hash    dd0292b4cc5a484bb89f                     ***
***         Git commit author  Anders Brakestad                         ***
***         Git commit date    Tue May 4 16:46:31 2021 +0200            ***
***                                                                     ***
***         Contact: luca.frediani@uit.no                               ***
***                                                                     ***
***         Radovan Bast            Magnar Bjorgve                      ***
***         Roberto Di Remigio      Antoine Durdek                      ***
***         Luca Frediani           Gabriel Gerez                       ***
***         Stig Rune Jensen        Jonas Juselius                      ***
***         Rune Monstad            Peter Wind                          ***
***                                                                     ***
***************************************************************************

---------------------------------------------------------------------------

 MPI processes           :        (1 bank)                              80
 OpenMP threads          :                                              16
 Total cores             :                                            1265
                                                                           
---------------------------------------------------------------------------

XCFun DFT library Copyright 2009-2020 Ulf Ekstrom and contributors.
See http://dftlibs.org/xcfun/ for more information.

This is free software; see the source code for copying conditions.
There is ABSOLUTELY NO WARRANTY; not even for MERCHANTABILITY or
FITNESS FOR A PARTICULAR PURPOSE. For details see the documentation.
Scientific users of this library should cite
U. Ekstrom, L. Visscher, R. Bast, A. J. Thorvaldsen and K. Ruud;
J.Chem.Theor.Comp. 2010, DOI: 10.1021/ct100117s

---------------------------------------------------------------------------

 MRCPP version         : 1.4.0-alpha
 Git branch            : HEAD
 Git commit hash       : 2797a7a18efb69942a6e
 Git commit author     : Stig Rune Jensen
 Git commit date       : Fri Mar 12 12:48:07 2021 +0100

 Linear algebra        : EIGEN v3.3.7
 Parallelization       : MPI/OpenMP (16 threads)

---------------------------------------------------------------------------


                                                                           
===========================================================================
                         MultiResolution Analysis
---------------------------------------------------------------------------
 polynomial order      : 11
 polynomial type       : Interpolating
---------------------------------------------------------------------------
 total boxes           : 8
 boxes                 : [          2           2           2 ]
 unit lengths          : [   64.00000    64.00000    64.00000 ]
 scaling factor        : [    1.00000     1.00000     1.00000 ]
 lower bounds          : [  -64.00000   -64.00000   -64.00000 ]
 upper bounds          : [   64.00000    64.00000    64.00000 ]
 total length          : [  128.00000   128.00000   128.00000 ]
===========================================================================


                                                                           
***************************************************************************
***                                                                     ***
***                        Initializing Molecule                        ***
***                                                                     ***
***************************************************************************
                                                                           
                                                                           
===========================================================================
                                 Molecule
---------------------------------------------------------------------------
 Charge                  :                                               0
 Multiplicity            :                                               1
---------------------------------------------------------------------------
    N    Atom            :               x               y               z
---------------------------------------------------------------------------
    0      Ni            :       -0.378416        4.640759       -1.253990
    1       C            :        1.177367        3.249006        1.457276
    2       C            :       -1.820213        2.130859       -3.082735
    3       C            :       -2.773084        6.849048       -0.203743
    4       O            :       -2.716941        0.536212       -4.212215
    5       O            :        2.140189        2.355774        3.159448
    6       O            :       -4.267397        8.250813        0.447723
    7       C            :        1.899691        6.339251       -3.163044
    8       O            :        3.319720        7.435167       -4.348581
---------------------------------------------------------------------------
 Center of mass          :       -0.379606        4.642519       -1.246480
===========================================================================


                                                                           
***************************************************************************
***                                                                     ***
***                 Computing Ground State Wavefunction                 ***
***                                                                     ***
***************************************************************************
                                                                           
                                                                           
~~~~~~~~~~~~~~~~~~~~~~~~~~~~~~~~~~~~~~~~~~~~~~~~~~~~~~~~~~~~~~~~~~~~~~~~~~~
 Calculation             : Compute initial orbitals
 Method                  : Project MW molecular orbitals
 Precision               : 1.00000e-07
 Restricted              : True
 MO file                 : initial_guess/phi_p_scf
~~~~~~~~~~~~~~~~~~~~~~~~~~~~~~~~~~~~~~~~~~~~~~~~~~~~~~~~~~~~~~~~~~~~~~~~~~~


===========================================================================
                            Molecular Orbitals
---------------------------------------------------------------------------
 Alpha electrons         :                                              42
 Beta electrons          :                                              42
 Total electrons         :                                              84
---------------------------------------------------------------------------
    n  Occ Spin          :                                            Norm
---------------------------------------------------------------------------
    0    2    p          :                              9.999999999968e-01
    1    2    p          :                              9.999999999968e-01
    2    2    p          :                              9.999999999968e-01
    3    2    p          :                              9.999999999968e-01
    4    2    p          :                              9.999999999967e-01
    5    2    p          :                              9.999999999968e-01
    6    2    p          :                              9.999999999967e-01
    7    2    p          :                              9.999999999967e-01
    8    2    p          :                              9.999999999968e-01
    9    2    p          :                              9.999999999968e-01
   10    2    p          :                              9.999999999967e-01
   11    2    p          :                              9.999999999968e-01
   12    2    p          :                              9.999999999968e-01
   13    2    p          :                              9.999999999968e-01
   14    2    p          :                              9.999999999968e-01
   15    2    p          :                              9.999999999964e-01
   16    2    p          :                              9.999999999968e-01
   17    2    p          :                              9.999999999968e-01
   18    2    p          :                              9.999999999967e-01
   19    2    p          :                              9.999999999968e-01
   20    2    p          :                              9.999999999967e-01
   21    2    p          :                              9.999999999968e-01
   22    2    p          :                              9.999999999968e-01
   23    2    p          :                              9.999999999968e-01
   24    2    p          :                              9.999999999968e-01
   25    2    p          :                              9.999999999968e-01
   26    2    p          :                              9.999999999968e-01
   27    2    p          :                              9.999999999968e-01
   28    2    p          :                              9.999999999967e-01
   29    2    p          :                              9.999999999968e-01
   30    2    p          :                              9.999999999968e-01
   31    2    p          :                              9.999999999967e-01
   32    2    p          :                              9.999999999968e-01
   33    2    p          :                              9.999999999968e-01
   34    2    p          :                              9.999999999968e-01
   35    2    p          :                              9.999999999966e-01
   36    2    p          :                              9.999999999968e-01
   37    2    p          :                              9.999999999967e-01
   38    2    p          :                              9.999999999968e-01
   39    2    p          :                              9.999999999968e-01
   40    2    p          :                              9.999999999968e-01
   41    2    p          :                              9.999999999968e-01
===========================================================================


~~~~~~~~~~~~~~~~~~~~~~~~~~~~~~~~~~~~~~~~~~~~~~~~~~~~~~~~~~~~~~~~~~~~~~~~~~~
 Calculation             : Compute initial energy
 Method                  : DFT (SVWN5)
 Precision               : 1.00000e-07
 Localization            : On
~~~~~~~~~~~~~~~~~~~~~~~~~~~~~~~~~~~~~~~~~~~~~~~~~~~~~~~~~~~~~~~~~~~~~~~~~~~


===========================================================================
                        Molecular Energy (initial)
---------------------------------------------------------------------------
 Kinetic energy          :            (au)               1929.085470939768
 E-N energy              :            (au)              -5867.694627047013
 Coulomb energy          :            (au)               1468.096664049919
 Exchange energy         :            (au)                  0.000000000000
 X-C energy              :            (au)               -112.586769263716
 Ext. field (el)         :            (au)                  0.000000000000
---------------------------------------------------------------------------
 N-N energy              :            (au)                604.582128904044
 Ext. field (nuc)        :            (au)                  0.000000000000
 Tot. Reac. Energy       :            (au)                  0.000000000000
 El. Reac. Energy        :            (au)                  0.000000000000
 Nuc. Reac. Energy       :            (au)                  0.000000000000
---------------------------------------------------------------------------
 Electronic energy       :            (au)              -2583.099261321042
 Nuclear energy          :            (au)                604.582128904044
---------------------------------------------------------------------------
 Total energy            :            (au)             -1.978517132417e+03
                         :      (kcal/mol)             -1.241538235170e+06
                         :        (kJ/mol)             -5.194595979324e+06
                         :            (eV)             -5.383819151822e+04
===========================================================================


===========================================================================
                        Orbital Energies (initial)
---------------------------------------------------------------------------
    n  Occ Spin          :                                         Epsilon
---------------------------------------------------------------------------
    0    2    p          :            (au)               -305.469017074103
    1    2    p          :            (au)                -36.266789480180
    2    2    p          :            (au)                -31.347667921193
    3    2    p          :            (au)                -31.347303134593
    4    2    p          :            (au)                -31.347301151375
    5    2    p          :            (au)                -18.765745717617
    6    2    p          :            (au)                -18.765731270730
    7    2    p          :            (au)                -18.765720151743
    8    2    p          :            (au)                -18.765710739141
    9    2    p          :            (au)                 -9.941928529381
   10    2    p          :            (au)                 -9.941901412692
   11    2    p          :            (au)                 -9.941891006873
   12    2    p          :            (au)                 -9.941880009728
   13    2    p          :            (au)                 -4.029902321672
   14    2    p          :            (au)                 -2.596490423871
   15    2    p          :            (au)                 -2.595704440203
   16    2    p          :            (au)                 -2.595699759807
   17    2    p          :            (au)                 -1.069982445609
   18    2    p          :            (au)                 -1.069702321295
   19    2    p          :            (au)                 -1.069661054827
   20    2    p          :            (au)                 -1.069631781578
   21    2    p          :            (au)                 -0.552074920557
   22    2    p          :            (au)                 -0.526264440433
   23    2    p          :            (au)                 -0.526011436786
   24    2    p          :            (au)                 -0.526011242239
   25    2    p          :            (au)                 -0.465051472309
   26    2    p          :            (au)                 -0.448583962584
   27    2    p          :            (au)                 -0.448068455927
   28    2    p          :            (au)                 -0.446650391869
   29    2    p          :            (au)                 -0.446263373743
   30    2    p          :            (au)                 -0.446258612956
   31    2    p          :            (au)                 -0.438227702472
   32    2    p          :            (au)                 -0.438147391940
   33    2    p          :            (au)                 -0.438143500534
   34    2    p          :            (au)                 -0.430292726697
   35    2    p          :            (au)                 -0.430272180904
   36    2    p          :            (au)                 -0.429835004155
   37    2    p          :            (au)                 -0.313502460170
   38    2    p          :            (au)                 -0.312580709457
   39    2    p          :            (au)                 -0.267029051437
   40    2    p          :            (au)                 -0.265878065086
   41    2    p          :            (au)                 -0.265811543764
---------------------------------------------------------------------------
 Sum occupied            :            (au)              -1151.132641588463
===========================================================================


~~~~~~~~~~~~~~~~~~~~~~~~~~~~~~~~~~~~~~~~~~~~~~~~~~~~~~~~~~~~~~~~~~~~~~~~~~~
 Calculation             : Optimize ground state orbitals
 Method                  : DFT (SVWN5)
 Checkpointing           : Off
 Max iterations          : 100
 KAIN solver             : 10
 Localization            : Every 10 iterations
 Diagonalization         : Off
 Start precision         : 1.00000e-07
 Final precision         : 1.00000e-07
 Helmholtz precision     : Dynamic
 Energy threshold        : 1.00000e-07
 Orbital threshold       : 1.00000e-06
 ZORA                    : On
 Speed of Light          : 1.37036e+02
 ZORA terms              : [1, 1]
~~~~~~~~~~~~~~~~~~~~~~~~~~~~~~~~~~~~~~~~~~~~~~~~~~~~~~~~~~~~~~~~~~~~~~~~~~~


===========================================================================
 Iter           MO residual             Total energy                Update
---------------------------------------------------------------------------
    0          6.480741e+00       -1978.517132416998         -1.978517e+03
    1          2.623367e-02       -1979.476416069593         -9.592837e-01
    2          1.755458e-02       -1979.694654729311         -2.182387e-01
    3          1.327067e-02       -1979.746254257255         -5.159953e-02
    4          8.331387e-03       -1979.755682913356         -9.428656e-03
    5          7.476633e-03       -1979.763797886711         -8.114973e-03
    6          4.169899e-03       -1979.763758648584          3.923813e-05
    7          1.508959e-03       -1979.764148217140         -3.895686e-04
    8          1.901666e-03       -1979.764367500445         -2.192833e-04
    9          8.994841e-04       -1979.764399106725         -3.160628e-05
   10          1.056539e-03       -1979.764487104177         -8.799745e-05
   11          7.390200e-04       -1979.764494540473         -7.436297e-06
   12          4.880506e-04       -1979.764499302545         -4.762072e-06
   13          3.540226e-04       -1979.764508391900         -9.089355e-06
   14          6.865928e-04       -1979.764522907383         -1.451548e-05
   15          3.110280e-04       -1979.764527695993         -4.788610e-06
   16          3.530820e-04       -1979.764533146176         -5.450183e-06
   17          2.317566e-04       -1979.764535727713         -2.581538e-06
   18          6.453033e-05       -1979.764536237635         -5.099214e-07
   19          1.158050e-04       -1979.764538147441         -1.909807e-06
   20          1.075558e-04       -1979.764539429838         -1.282397e-06
   21          5.201209e-05       -1979.764539774569         -3.447312e-07
   22          3.712895e-05       -1979.764539982307         -2.077377e-07
   23          6.394329e-05       -1979.764540732109         -7.498024e-07
   24          6.308843e-05       -1979.764541762803         -1.030694e-06
   25          5.796821e-05       -1979.764542190939         -4.281364e-07
   26          6.538866e-05       -1979.764542624802         -4.338622e-07
   27          2.118382e-05       -1979.764543129825         -5.050233e-07
   28          2.317194e-05       -1979.764542890030          2.397946e-07
   29          1.850858e-05       -1979.764543213236         -3.232062e-07
   30          1.482674e-05       -1979.764543062260          1.509766e-07
   31          9.114598e-06       -1979.764543572857         -5.105967e-07
   32          6.130977e-06       -1979.764543574552         -1.695298e-09
   33          6.347194e-06       -1979.764543568539          6.012669e-09
   34          1.044499e-05       -1979.764543528640          3.989908e-08
   35          5.017373e-06       -1979.764543569786         -4.114600e-08
   36          1.092155e-05       -1979.764543672580         -1.027938e-07
   37          1.091275e-05       -1979.764543715682         -4.310186e-08
   38          7.100909e-06       -1979.764543723387         -7.705239e-09
   39          1.934382e-05       -1979.764543426709          2.966785e-07
   40          2.026687e-05       -1979.764542895107          5.316019e-07
   41          8.270002e-06       -1979.764543192882         -2.977754e-07
   42          5.614351e-06       -1979.764543282571         -8.968937e-08
   43          5.920762e-06       -1979.764543775985         -4.934136e-07
   44          7.726227e-06       -1979.764544235085         -4.590997e-07
   45          8.298862e-06       -1979.764544480756         -2.456709e-07
   46          1.655912e-05       -1979.764544485400         -4.644789e-09
   47          9.882859e-06       -1979.764544375621          1.097796e-07
   48          1.066030e-05       -1979.764544469921         -9.430005e-08
   49          2.183939e-05       -1979.764544028093          4.418280e-07
   50          3.676195e-05       -1979.764542379726          1.648367e-06
   51          8.151703e-06       -1979.764542414081         -3.435525e-08
   52          5.527195e-06       -1979.764542431647         -1.756553e-08
   53          6.089796e-06       -1979.764542491189         -5.954234e-08
   54          9.050262e-06       -1979.764542511806         -2.061734e-08
   55          5.871184e-06       -1979.764542484441          2.736533e-08
   56          1.340568e-05       -1979.764541912827          5.716138e-07
   57          1.781391e-05       -1979.764540375608          1.537219e-06
   58          1.484594e-05       -1979.764537954730          2.420878e-06
   59          1.355474e-05       -1979.764535661575          2.293155e-06
   60          1.579932e-05       -1979.764533814385          1.847190e-06
   61          7.839599e-06       -1979.764534750363         -9.359778e-07
   62          5.354023e-06       -1979.764534961036         -2.106726e-07
   63          6.632040e-06       -1979.764536104318         -1.143282e-06
   64          1.289755e-05       -1979.764537352936         -1.248618e-06
   65          1.247190e-05       -1979.764537337321          1.561511e-08
   66          1.379389e-05       -1979.764535784719          1.552602e-06
   67          8.280484e-06       -1979.764534406453          1.378266e-06
   68          1.619587e-05       -1979.764530610965          3.795488e-06
   69          3.504043e-05       -1979.764517114303          1.349666e-05
   70          4.280412e-05       -1979.764493622887          2.349142e-05
   71          9.825015e-06       -1979.764496660877         -3.037990e-06
   72          6.659786e-06       -1979.764496825381         -1.645049e-07
   73          7.155598e-06       -1979.764497092095         -2.667139e-07
   74          8.861997e-06       -1979.764495655020          1.437075e-06
   75          5.236154e-06       -1979.764492963396          2.691624e-06
   76          9.539643e-06       -1979.764482969277          9.994120e-06
   77          1.297233e-05       -1979.764460412614          2.255666e-05
   78          2.239919e-05       -1979.764397151135          6.326148e-05
   79          1.261359e-05       -1979.764354094223          4.305691e-05
   80          9.275833e-06       -1979.764376892297         -2.279807e-05
   81          6.332315e-06       -1979.764376168767          7.235303e-07
   82          4.298997e-06       -1979.764375863083          3.056834e-07
   83          5.186326e-06       -1979.764371266662          4.596421e-06
   84          1.287806e-05       -1979.764346293179          2.497348e-05
   85          1.699210e-05       -1979.764283232012          6.306117e-05
   86          2.591551e-05       -1979.764121692280          1.615397e-04
   87          1.354272e-05       -1979.764024403807          9.728847e-05
   88          9.421696e-06       -1979.763971192805          5.321100e-05
   89          9.789895e-06       -1979.763901368360          6.982444e-05
   90          2.192426e-05       -1979.763636025317          2.653430e-04
   91          5.554463e-06       -1979.763605712751          3.031257e-05
   92          4.055909e-06       -1979.763590147506          1.556525e-05
   93          9.657165e-06       -1979.763440687963          1.494595e-04
   94          1.607741e-05       -1979.763059147086          3.815409e-04
   95          1.164154e-05       -1979.762746749703          3.123974e-04
   96          1.687220e-05       -1979.762102082385          6.446673e-04
   97          2.472399e-05       -1979.760935959994          1.166122e-03
   98          5.324872e-05       -1979.757233632339          3.702328e-03
   99          1.179946e-05       -1979.757369421826         -1.357895e-04
  100          1.475707e-03       -1979.285577357317          4.717921e-01
---------------------------------------------------------------------------
                        SCF did NOT converge!!!
===========================================================================


                                                                           
***************************************************************************
***                                                                     ***
***                    Printing Molecular Properties                    ***
***                                                                     ***
***************************************************************************
                                                                           
                                                                           
===========================================================================
                                 Molecule
---------------------------------------------------------------------------
 Charge                  :                                               0
 Multiplicity            :                                               1
---------------------------------------------------------------------------
    N    Atom            :               x               y               z
---------------------------------------------------------------------------
    0      Ni            :       -0.378416        4.640759       -1.253990
    1       C            :        1.177367        3.249006        1.457276
    2       C            :       -1.820213        2.130859       -3.082735
    3       C            :       -2.773084        6.849048       -0.203743
    4       O            :       -2.716941        0.536212       -4.212215
    5       O            :        2.140189        2.355774        3.159448
    6       O            :       -4.267397        8.250813        0.447723
    7       C            :        1.899691        6.339251       -3.163044
    8       O            :        3.319720        7.435167       -4.348581
---------------------------------------------------------------------------
 Center of mass          :       -0.379606        4.642519       -1.246480
===========================================================================


===========================================================================
                         Molecular Energy (final)
---------------------------------------------------------------------------
 Kinetic energy          :            (au)               1999.369395311507
 E-N energy              :            (au)              -5943.193340961085
 Coulomb energy          :            (au)               1473.361362338393
 Exchange energy         :            (au)                  0.000000000000
 X-C energy              :            (au)               -113.405122950176
 Ext. field (el)         :            (au)                  0.000000000000
---------------------------------------------------------------------------
 N-N energy              :            (au)                604.582128904044
 Ext. field (nuc)        :            (au)                  0.000000000000
 Tot. Reac. Energy       :            (au)                  0.000000000000
 El. Reac. Energy        :            (au)                  0.000000000000
 Nuc. Reac. Energy       :            (au)                  0.000000000000
---------------------------------------------------------------------------
 Electronic energy       :            (au)              -2583.867706261361
 Nuclear energy          :            (au)                604.582128904044
---------------------------------------------------------------------------
 Total energy            :            (au)             -1.979285577357e+03
                         :      (kcal/mol)             -1.242020441647e+06
                         :        (kJ/mol)             -5.196613531223e+06
                         :            (eV)             -5.385910196938e+04
===========================================================================


===========================================================================
                         Orbital Energies (final)
---------------------------------------------------------------------------
    n  Occ Spin          :                                         Epsilon
---------------------------------------------------------------------------
    0    2    p          :            (au)               -304.712122606103
    1    2    p          :            (au)                -36.091854237564
    2    2    p          :            (au)                -31.072333778541
    3    2    p          :            (au)                -31.072027954808
    4    2    p          :            (au)                -31.071707660868
    5    2    p          :            (au)                -18.750007750307
    6    2    p          :            (au)                -18.749995009430
    7    2    p          :            (au)                -18.749978269092
    8    2    p          :            (au)                -18.749971204078
    9    2    p          :            (au)                 -9.935512287090
   10    2    p          :            (au)                 -9.935480829490
   11    2    p          :            (au)                 -9.935476565020
   12    2    p          :            (au)                 -9.935462300996
   13    2    p          :            (au)                 -4.005851421758
   14    2    p          :            (au)                 -2.559330776254
   15    2    p          :            (au)                 -2.558567785781
   16    2    p          :            (au)                 -2.558418876565
   17    2    p          :            (au)                 -1.067593078736
   18    2    p          :            (au)                 -1.067308824762
   19    2    p          :            (au)                 -1.067267382983
   20    2    p          :            (au)                 -1.067237145371
   21    2    p          :            (au)                 -0.550630080839
   22    2    p          :            (au)                 -0.523858327053
   23    2    p          :            (au)                 -0.523591090565
   24    2    p          :            (au)                 -0.523589804787
   25    2    p          :            (au)                 -0.463280560404
   26    2    p          :            (au)                 -0.446278899060
   27    2    p          :            (au)                 -0.445756755440
   28    2    p          :            (au)                 -0.444748500802
   29    2    p          :            (au)                 -0.444337265229
   30    2    p          :            (au)                 -0.444331845548
   31    2    p          :            (au)                 -0.436279310045
   32    2    p          :            (au)                 -0.436198325753
   33    2    p          :            (au)                 -0.436194367230
   34    2    p          :            (au)                 -0.424403942842
   35    2    p          :            (au)                 -0.424398339052
   36    2    p          :            (au)                 -0.424044100345
   37    2    p          :            (au)                 -0.295451217995
   38    2    p          :            (au)                 -0.294224140737
   39    2    p          :            (au)                 -0.253537378203
   40    2    p          :            (au)                 -0.252648594390
   41    2    p          :            (au)                 -0.252456799372
---------------------------------------------------------------------------
 Sum occupied            :            (au)              -1146.907490782578
===========================================================================


===========================================================================
                           Dipole Moment (dip-1)
---------------------------------------------------------------------------
 r_O                     :        0.000000        0.000000        0.000000
---------------------------------------------------------------------------
 Electronic vector       :             N/A             N/A             N/A
 Magnitude               :            (au)                             N/A
                         :         (Debye)                             N/A
---------------------------------------------------------------------------
 Nuclear vector          :             N/A             N/A             N/A
 Magnitude               :            (au)                             N/A
                         :         (Debye)                             N/A
---------------------------------------------------------------------------
 Total vector            :             N/A             N/A             N/A
 Magnitude               :            (au)                             N/A
                         :         (Debye)                             N/A
===========================================================================


                                                                           
                                                                           
***************************************************************************
***                                                                     ***
***                            Exiting MRChem                           ***
***                                                                     ***
***                       Wall time :  4h 37m 12s                       ***
***                                                                     ***
***************************************************************************
                                                                           
                                                                           
