Starting job 182071 on b[2333-2341,2343] at Sat May 8 22:04:39 CEST 2021


Task and CPU usage stats:
       JobID    JobName  AllocCPUS   NTasks     MinCPU MinCPUTask     AveCPU    Elapsed ExitCode 
------------ ---------- ---------- -------- ---------- ---------- ---------- ---------- -------- 
182071            NiCO4       1280                                             00:00:32      0:0 
182071.batch      batch        128        1   00:00:03          0   00:00:00   00:00:34     0:15 
182071.exte+     extern       1280       10   00:00:00          9   00:00:00   00:00:32      0:0 
182071.0          orted        144        9                                    00:00:05      0:0 

Memory usage stats:
       JobID     MaxRSS MaxRSSTask     AveRSS MaxPages   MaxPagesTask   AvePages 
------------ ---------- ---------- ---------- -------- -------------- ---------- 
182071                                                                           
182071.batch     72267K          0     72267K       64              0         64 
182071.exte+       805K          2     661094        1              9          1 
182071.0                                                                         

Disk usage stats:
       JobID  MaxDiskRead MaxDiskReadTask    AveDiskRead MaxDiskWrite MaxDiskWriteTask   AveDiskWrite 
------------ ------------ --------------- -------------- ------------ ---------------- -------------- 
182071                                                                                                
182071.batch     7682.56M               0       7682.56M     7663.37M                0       7663.37M 
182071.exte+        0.00M               9          0.00M            0                9              0 
182071.0                                                                                              

Job 182071 completed at Sat May 8 22:05:14 CEST 2021
Starting job 182074 on b[2333-2341,2343] at Sat May 8 22:05:46 CEST 2021

Copying NiCO4.out to /cluster/home/ambr/projects/zora/mini-benchmark-gto-mw/small-molecules/calcs
Copying NiCO4.json to /cluster/home/ambr/projects/zora/mini-benchmark-gto-mw/small-molecules/calcs

Task and CPU usage stats:
       JobID    JobName  AllocCPUS   NTasks     MinCPU MinCPUTask     AveCPU    Elapsed ExitCode 
------------ ---------- ---------- -------- ---------- ---------- ---------- ---------- -------- 
182074            NiCO4       1280                                             04:37:44      1:0 
182074.batch      batch        128        1 3-20:05:33          0   00:00:01   04:37:44      1:0 
182074.exte+     extern       1280       10   00:00:00          9   00:00:00   04:37:44      0:0 
182074.0          orted        144        9 1-15:15:43          8   00:30:34   04:37:21      0:0 

Memory usage stats:
       JobID     MaxRSS MaxRSSTask     AveRSS MaxPages   MaxPagesTask   AvePages 
------------ ---------- ---------- ---------- -------- -------------- ---------- 
182074                                                                           
182074.batch 159868496K          0 159868496K      183              0         28 
182074.exte+       803K          3       801K        1              9          1 
182074.0     183920463K          8 132626336+      683              8          1 

Disk usage stats:
       JobID  MaxDiskRead MaxDiskReadTask    AveDiskRead MaxDiskWrite MaxDiskWriteTask   AveDiskWrite 
------------ ------------ --------------- -------------- ------------ ---------------- -------------- 
182074                                                                                                
182074.batch     8812.84M               0       8812.84M     7690.18M                0       7690.18M 
182074.exte+        0.00M               9          0.00M            0                9              0 
182074.0         1638.27M               1        756.74M      292.95M                8         52.38M 

Job 182074 completed at Sun May 9 02:43:30 CEST 2021
