Starting job 182070 on b[3137-3140] at Sat May 8 22:04:08 CEST 2021

Copying PH2OH.out to /cluster/home/ambr/projects/zora/mini-benchmark-gto-mw/small-molecules/calcs
Copying PH2OH.json to /cluster/home/ambr/projects/zora/mini-benchmark-gto-mw/small-molecules/calcs

Task and CPU usage stats:
       JobID    JobName  AllocCPUS   NTasks     MinCPU MinCPUTask     AveCPU    Elapsed ExitCode 
------------ ---------- ---------- -------- ---------- ---------- ---------- ---------- -------- 
182070            PH2OH        512                                             00:16:13      1:0 
182070.batch      batch        128        1   12:38:47          0   00:00:00   00:16:13      1:0 
182070.exte+     extern        512        4   00:00:00          3   00:00:00   00:16:14      0:0 
182070.0          orted         48        3   02:25:16          2   04:43:11   00:16:02      0:0 

Memory usage stats:
       JobID     MaxRSS MaxRSSTask     AveRSS MaxPages   MaxPagesTask   AvePages 
------------ ---------- ---------- ---------- -------- -------------- ---------- 
182070                                                                           
182070.batch  84424743K          0  84424743K       84              0          0 
182070.exte+       797K          2       796K        1              3          1 
182070.0      67173893K          0  47593290K       63              1         57 

Disk usage stats:
       JobID  MaxDiskRead MaxDiskReadTask    AveDiskRead MaxDiskWrite MaxDiskWriteTask   AveDiskWrite 
------------ ------------ --------------- -------------- ------------ ---------------- -------------- 
182070                                                                                                
182070.batch     3241.61M               0       3241.61M     3282.45M                0       3282.45M 
182070.exte+        0.00M               3          0.00M            0                3              0 
182070.0          793.00M               0        283.45M       80.78M                2         39.84M 

Job 182070 completed at Sat May 8 22:20:22 CEST 2021
