                                                                           
                                                                           
***************************************************************************
***                                                                     ***
***                                                                     ***
***          __  __ ____   ____ _                                       ***
***         |  \/  |  _ \ / ___| |__   ___ _ __ ___                     ***
***         | |\/| | |_) | |   | '_ \ / _ \ '_ ` _ \                    ***
***         | |  | |  _ <| |___| | | |  __/ | | | | |                   ***
***         |_|  |_|_| \_\\____|_| |_|\___|_| |_| |_|                   ***
***                                                                     ***
***         VERSION            1.1.0-alpha                              ***
***                                                                     ***
***         Git branch         new-zora                                 ***
***         Git commit hash    dd0292b4cc5a484bb89f                     ***
***         Git commit author  Anders Brakestad                         ***
***         Git commit date    Tue May 4 16:46:31 2021 +0200            ***
***                                                                     ***
***         Contact: luca.frediani@uit.no                               ***
***                                                                     ***
***         Radovan Bast            Magnar Bjorgve                      ***
***         Roberto Di Remigio      Antoine Durdek                      ***
***         Luca Frediani           Gabriel Gerez                       ***
***         Stig Rune Jensen        Jonas Juselius                      ***
***         Rune Monstad            Peter Wind                          ***
***                                                                     ***
***************************************************************************

---------------------------------------------------------------------------

 MPI processes           :        (1 bank)                              32
 OpenMP threads          :                                              16
 Total cores             :                                             497
                                                                           
---------------------------------------------------------------------------

XCFun DFT library Copyright 2009-2020 Ulf Ekstrom and contributors.
See http://dftlibs.org/xcfun/ for more information.

This is free software; see the source code for copying conditions.
There is ABSOLUTELY NO WARRANTY; not even for MERCHANTABILITY or
FITNESS FOR A PARTICULAR PURPOSE. For details see the documentation.
Scientific users of this library should cite
U. Ekstrom, L. Visscher, R. Bast, A. J. Thorvaldsen and K. Ruud;
J.Chem.Theor.Comp. 2010, DOI: 10.1021/ct100117s

---------------------------------------------------------------------------

 MRCPP version         : 1.4.0-alpha
 Git branch            : HEAD
 Git commit hash       : 2797a7a18efb69942a6e
 Git commit author     : Stig Rune Jensen
 Git commit date       : Fri Mar 12 12:48:07 2021 +0100

 Linear algebra        : EIGEN v3.3.7
 Parallelization       : MPI/OpenMP (16 threads)

---------------------------------------------------------------------------


                                                                           
===========================================================================
                         MultiResolution Analysis
---------------------------------------------------------------------------
 polynomial order      : 11
 polynomial type       : Interpolating
---------------------------------------------------------------------------
 total boxes           : 8
 boxes                 : [          2           2           2 ]
 unit lengths          : [   64.00000    64.00000    64.00000 ]
 scaling factor        : [    1.00000     1.00000     1.00000 ]
 lower bounds          : [  -64.00000   -64.00000   -64.00000 ]
 upper bounds          : [   64.00000    64.00000    64.00000 ]
 total length          : [  128.00000   128.00000   128.00000 ]
===========================================================================


                                                                           
***************************************************************************
***                                                                     ***
***                        Initializing Molecule                        ***
***                                                                     ***
***************************************************************************
                                                                           
                                                                           
===========================================================================
                                 Molecule
---------------------------------------------------------------------------
 Charge                  :                                               0
 Multiplicity            :                                               1
---------------------------------------------------------------------------
    N    Atom            :               x               y               z
---------------------------------------------------------------------------
    0       P            :        0.000000        0.000000        0.000000
    1       H            :        0.000000        0.000000        2.672356
    2       H            :        2.669626        0.000000       -0.120768
    3       O            :       -0.496639        3.075704       -0.474680
    4       H            :       -1.803190        3.238759       -1.723461
---------------------------------------------------------------------------
 Center of mass          :       -0.141461        1.049544       -0.135206
===========================================================================


                                                                           
***************************************************************************
***                                                                     ***
***                 Computing Ground State Wavefunction                 ***
***                                                                     ***
***************************************************************************
                                                                           
                                                                           
~~~~~~~~~~~~~~~~~~~~~~~~~~~~~~~~~~~~~~~~~~~~~~~~~~~~~~~~~~~~~~~~~~~~~~~~~~~
 Calculation             : Compute initial orbitals
 Method                  : Project MW molecular orbitals
 Precision               : 1.00000e-07
 Restricted              : True
 MO file                 : initial_guess/phi_p_scf
~~~~~~~~~~~~~~~~~~~~~~~~~~~~~~~~~~~~~~~~~~~~~~~~~~~~~~~~~~~~~~~~~~~~~~~~~~~


===========================================================================
                            Molecular Orbitals
---------------------------------------------------------------------------
 Alpha electrons         :                                              13
 Beta electrons          :                                              13
 Total electrons         :                                              26
---------------------------------------------------------------------------
    n  Occ Spin          :                                            Norm
---------------------------------------------------------------------------
    0    2    p          :                              9.999999999968e-01
    1    2    p          :                              9.999999999968e-01
    2    2    p          :                              9.999999999966e-01
    3    2    p          :                              9.999999999966e-01
    4    2    p          :                              9.999999999968e-01
    5    2    p          :                              9.999999999968e-01
    6    2    p          :                              9.999999999965e-01
    7    2    p          :                              9.999999999968e-01
    8    2    p          :                              9.999999999968e-01
    9    2    p          :                              9.999999999968e-01
   10    2    p          :                              9.999999999968e-01
   11    2    p          :                              9.999999999965e-01
   12    2    p          :                              9.999999999968e-01
===========================================================================


~~~~~~~~~~~~~~~~~~~~~~~~~~~~~~~~~~~~~~~~~~~~~~~~~~~~~~~~~~~~~~~~~~~~~~~~~~~
 Calculation             : Compute initial energy
 Method                  : DFT (SVWN5)
 Precision               : 1.00000e-07
 Localization            : On
~~~~~~~~~~~~~~~~~~~~~~~~~~~~~~~~~~~~~~~~~~~~~~~~~~~~~~~~~~~~~~~~~~~~~~~~~~~


===========================================================================
                        Molecular Energy (initial)
---------------------------------------------------------------------------
 Kinetic energy          :            (au)                413.715753268310
 E-N energy              :            (au)              -1115.187910211377
 Coulomb energy          :            (au)                252.588042034194
 Exchange energy         :            (au)                  0.000000000000
 X-C energy              :            (au)                -31.065067676445
 Ext. field (el)         :            (au)                  0.000000000000
---------------------------------------------------------------------------
 N-N energy              :            (au)                 61.600674421952
 Ext. field (nuc)        :            (au)                  0.000000000000
 Tot. Reac. Energy       :            (au)                  0.000000000000
 El. Reac. Energy        :            (au)                  0.000000000000
 Nuc. Reac. Energy       :            (au)                  0.000000000000
---------------------------------------------------------------------------
 Electronic energy       :            (au)               -479.949182585317
 Nuclear energy          :            (au)                 61.600674421952
---------------------------------------------------------------------------
 Total energy            :            (au)             -4.183485081634e+02
                         :      (kcal/mol)             -2.625176502145e+05
                         :        (kJ/mol)             -1.098373849210e+06
                         :            (eV)             -1.138384234073e+04
===========================================================================


===========================================================================
                        Orbital Energies (initial)
---------------------------------------------------------------------------
    n  Occ Spin          :                                         Epsilon
---------------------------------------------------------------------------
    0    2    p          :            (au)                -76.647336948434
    1    2    p          :            (au)                -18.684212714159
    2    2    p          :            (au)                 -6.358479346725
    3    2    p          :            (au)                 -4.573657023038
    4    2    p          :            (au)                 -4.570198174424
    5    2    p          :            (au)                 -4.566168237889
    6    2    p          :            (au)                 -0.945171196425
    7    2    p          :            (au)                 -0.593927833335
    8    2    p          :            (au)                 -0.447410973677
    9    2    p          :            (au)                 -0.378692702835
   10    2    p          :            (au)                 -0.376749455466
   11    2    p          :            (au)                 -0.278032176054
   12    2    p          :            (au)                 -0.231819784984
---------------------------------------------------------------------------
 Sum occupied            :            (au)               -237.303713134889
===========================================================================


~~~~~~~~~~~~~~~~~~~~~~~~~~~~~~~~~~~~~~~~~~~~~~~~~~~~~~~~~~~~~~~~~~~~~~~~~~~
 Calculation             : Optimize ground state orbitals
 Method                  : DFT (SVWN5)
 Checkpointing           : Off
 Max iterations          : 100
 KAIN solver             : 10
 Localization            : Every 10 iterations
 Diagonalization         : Off
 Start precision         : 1.00000e-07
 Final precision         : 1.00000e-07
 Helmholtz precision     : Dynamic
 Energy threshold        : 1.00000e-07
 Orbital threshold       : 1.00000e-06
 ZORA                    : On
 Speed of Light          : 1.37036e+02
 ZORA terms              : [1, 1]
~~~~~~~~~~~~~~~~~~~~~~~~~~~~~~~~~~~~~~~~~~~~~~~~~~~~~~~~~~~~~~~~~~~~~~~~~~~


===========================================================================
 Iter           MO residual             Total energy                Update
---------------------------------------------------------------------------
    0          3.605551e+00        -418.348508163365         -4.183485e+02
    1          7.047437e-03        -418.372057228627         -2.354907e-02
    2          2.836559e-03        -418.375903633740         -3.846405e-03
    3          1.511315e-03        -418.376596432338         -6.927986e-04
    4          1.162037e-03        -418.376747326247         -1.508939e-04
    5          8.731425e-04        -418.376755979246         -8.652999e-06
    6          4.221309e-04        -418.376761261327         -5.282081e-06
    7          3.568967e-04        -418.376762840088         -1.578761e-06
    8          9.857722e-05        -418.376763247029         -4.069415e-07
    9          8.174004e-05        -418.376763473109         -2.260799e-07
   10          4.189041e-05        -418.376763529729         -5.662025e-08
   11          1.866995e-05        -418.376763565475         -3.574564e-08
   12          1.381035e-05        -418.376763584276         -1.880107e-08
   13          3.254780e-05        -418.376763637345         -5.306879e-08
   14          9.888979e-06        -418.376763649588         -1.224362e-08
   15          7.937301e-06        -418.376763679928         -3.033927e-08
   16          3.510455e-06        -418.376763714924         -3.499667e-08
   17          3.107778e-06        -418.376763758206         -4.328160e-08
   18          1.409444e-06        -418.376763771277         -1.307092e-08
---------------------------------------------------------------------------
                      SCF converged in 18 iterations!
===========================================================================


                                                                           
***************************************************************************
***                                                                     ***
***                    Printing Molecular Properties                    ***
***                                                                     ***
***************************************************************************
                                                                           
                                                                           
===========================================================================
                                 Molecule
---------------------------------------------------------------------------
 Charge                  :                                               0
 Multiplicity            :                                               1
---------------------------------------------------------------------------
    N    Atom            :               x               y               z
---------------------------------------------------------------------------
    0       P            :        0.000000        0.000000        0.000000
    1       H            :        0.000000        0.000000        2.672356
    2       H            :        2.669626        0.000000       -0.120768
    3       O            :       -0.496639        3.075704       -0.474680
    4       H            :       -1.803190        3.238759       -1.723461
---------------------------------------------------------------------------
 Center of mass          :       -0.141461        1.049544       -0.135206
===========================================================================


===========================================================================
                         Molecular Energy (final)
---------------------------------------------------------------------------
 Kinetic energy          :            (au)                418.888122470441
 E-N energy              :            (au)              -1120.844922699013
 Coulomb energy          :            (au)                253.151251660161
 Exchange energy         :            (au)                  0.000000000000
 X-C energy              :            (au)                -31.171889624818
 Ext. field (el)         :            (au)                  0.000000000000
---------------------------------------------------------------------------
 N-N energy              :            (au)                 61.600674421952
 Ext. field (nuc)        :            (au)                  0.000000000000
 Tot. Reac. Energy       :            (au)                  0.000000000000
 El. Reac. Energy        :            (au)                  0.000000000000
 Nuc. Reac. Energy       :            (au)                  0.000000000000
---------------------------------------------------------------------------
 Electronic energy       :            (au)               -479.977438193229
 Nuclear energy          :            (au)                 61.600674421952
---------------------------------------------------------------------------
 Total energy            :            (au)             -4.183767637713e+02
                         :      (kcal/mol)             -2.625353808761e+05
                         :        (kJ/mol)             -1.098448034298e+06
                         :            (eV)             -1.138461121495e+04
===========================================================================


===========================================================================
                         Orbital Energies (final)
---------------------------------------------------------------------------
    n  Occ Spin          :                                         Epsilon
---------------------------------------------------------------------------
    0    2    p          :            (au)                -76.535482092282
    1    2    p          :            (au)                -18.669999100490
    2    2    p          :            (au)                 -6.334307292862
    3    2    p          :            (au)                 -4.545578598470
    4    2    p          :            (au)                 -4.542102560627
    5    2    p          :            (au)                 -4.538087443748
    6    2    p          :            (au)                 -0.942779265343
    7    2    p          :            (au)                 -0.591342113766
    8    2    p          :            (au)                 -0.445296161421
    9    2    p          :            (au)                 -0.376464244734
   10    2    p          :            (au)                 -0.374837713825
   11    2    p          :            (au)                 -0.276204500987
   12    2    p          :            (au)                 -0.229515753348
---------------------------------------------------------------------------
 Sum occupied            :            (au)               -236.803993683812
===========================================================================


===========================================================================
                           Dipole Moment (dip-1)
---------------------------------------------------------------------------
 r_O                     :        0.000000        0.000000        0.000000
---------------------------------------------------------------------------
 Electronic vector       :        2.921215      -27.896718        2.792053
 Magnitude               :            (au)                       28.187868
                         :         (Debye)                       71.646407
---------------------------------------------------------------------------
 Nuclear vector          :       -3.106677       27.844394       -2.969314
 Magnitude               :            (au)                       28.174076
                         :         (Debye)                       71.611350
---------------------------------------------------------------------------
 Total vector            :       -0.185462       -0.052324       -0.177262
 Magnitude               :            (au)                        0.261831
                         :         (Debye)                        0.665509
===========================================================================


                                                                           
                                                                           
***************************************************************************
***                                                                     ***
***                            Exiting MRChem                           ***
***                                                                     ***
***                       Wall time :  0h 15m 58s                       ***
***                                                                     ***
***************************************************************************
                                                                           
                                                                           
