                                                                           
                                                                           
***************************************************************************
***                                                                     ***
***                                                                     ***
***          __  __ ____   ____ _                                       ***
***         |  \/  |  _ \ / ___| |__   ___ _ __ ___                     ***
***         | |\/| | |_) | |   | '_ \ / _ \ '_ ` _ \                    ***
***         | |  | |  _ <| |___| | | |  __/ | | | | |                   ***
***         |_|  |_|_| \_\\____|_| |_|\___|_| |_| |_|                   ***
***                                                                     ***
***         VERSION            1.1.0-alpha                              ***
***                                                                     ***
***         Git branch         master                                   ***
***         Git commit hash    f6df85f5f746c23b4022                     ***
***         Git commit author  Stig Rune Jensen                         ***
***         Git commit date    Thu May 19 15:46:21 2022 +0200           ***
***                                                                     ***
***         Contact: luca.frediani@uit.no                               ***
***                                                                     ***
***         Radovan Bast            Magnar Bjorgve                      ***
***         Roberto Di Remigio      Antoine Durdek                      ***
***         Luca Frediani           Gabriel Gerez                       ***
***         Stig Rune Jensen        Jonas Juselius                      ***
***         Rune Monstad            Peter Wind                          ***
***                                                                     ***
***************************************************************************

---------------------------------------------------------------------------

 MPI processes           :       (32 bank)                              96
 OpenMP threads          :                                              15
 Total cores             :                                             992
                                                                           
---------------------------------------------------------------------------

XCFun DFT library Copyright 2009-2020 Ulf Ekstrom and contributors.
See http://dftlibs.org/xcfun/ for more information.

This is free software; see the source code for copying conditions.
There is ABSOLUTELY NO WARRANTY; not even for MERCHANTABILITY or
FITNESS FOR A PARTICULAR PURPOSE. For details see the documentation.
Scientific users of this library should cite
U. Ekstrom, L. Visscher, R. Bast, A. J. Thorvaldsen and K. Ruud;
J.Chem.Theor.Comp. 2010, DOI: 10.1021/ct100117s

---------------------------------------------------------------------------

 MRCPP version         : 1.4.1
 Git branch            : HEAD
 Git commit hash       : 75d41879b1908a94a452
 Git commit author     : Stig Rune Jensen
 Git commit date       : Thu Jan 6 11:38:53 2022 +0100

 Linear algebra        : EIGEN v3.4.0
 Parallelization       : MPI/OpenMP (15 threads)

---------------------------------------------------------------------------


                                                                           
===========================================================================
                         MultiResolution Analysis
---------------------------------------------------------------------------
 polynomial order      : 9
 polynomial type       : Interpolating
---------------------------------------------------------------------------
 total boxes           : 8
 boxes                 : [          2           2           2 ]
 unit lengths          : [  128.00000   128.00000   128.00000 ]
 scaling factor        : [    1.00000     1.00000     1.00000 ]
 lower bounds          : [ -128.00000  -128.00000  -128.00000 ]
 upper bounds          : [  128.00000   128.00000   128.00000 ]
 total length          : [  256.00000   256.00000   256.00000 ]
===========================================================================


                                                                           
***************************************************************************
***                                                                     ***
***                        Initializing Molecule                        ***
***                                                                     ***
***************************************************************************
                                                                           
                                                                           
===========================================================================
                                 Molecule
---------------------------------------------------------------------------
 Charge                  :                                               0
 Multiplicity            :                                               1
---------------------------------------------------------------------------
    N    Atom            :               x               y               z
---------------------------------------------------------------------------
    0      Ag            :        0.000000        0.000000        0.000000
    1       F            :        0.000000        0.000000        3.754886
---------------------------------------------------------------------------
 Center of mass          :        0.000000        0.000000        0.562298
===========================================================================


                                                                           
***************************************************************************
***                                                                     ***
***                 Computing Ground State Wavefunction                 ***
***                                                                     ***
***************************************************************************
                                                                           
                                                                           
~~~~~~~~~~~~~~~~~~~~~~~~~~~~~~~~~~~~~~~~~~~~~~~~~~~~~~~~~~~~~~~~~~~~~~~~~~~
 Calculation             : Compute initial orbitals
 Method                  : Project MW molecular orbitals
 Precision               : 1.00000e-05
 Restricted              : True
 MO file                 : initial_guess/phi_p_scf
~~~~~~~~~~~~~~~~~~~~~~~~~~~~~~~~~~~~~~~~~~~~~~~~~~~~~~~~~~~~~~~~~~~~~~~~~~~


===========================================================================
                            Molecular Orbitals
---------------------------------------------------------------------------
 Alpha electrons         :                                              28
 Beta electrons          :                                              28
 Total electrons         :                                              56
---------------------------------------------------------------------------
    n  Occ Spin          :                                            Norm
---------------------------------------------------------------------------
    0    2    p          :                              9.999999999981e-01
    1    2    p          :                              9.999999999982e-01
    2    2    p          :                              9.999999999979e-01
    3    2    p          :                              9.999999999829e-01
    4    2    p          :                              9.999999999972e-01
    5    2    p          :                              9.999999999489e-01
    6    2    p          :                              9.999999998998e-01
    7    2    p          :                              9.999999998323e-01
    8    2    p          :                              9.999999999688e-01
    9    2    p          :                              9.999999999548e-01
   10    2    p          :                              9.999999999982e-01
   11    2    p          :                              9.999999998721e-01
   12    2    p          :                              9.999999999699e-01
   13    2    p          :                              9.999999999923e-01
   14    2    p          :                              9.999999999673e-01
   15    2    p          :                              9.999999999983e-01
   16    2    p          :                              9.999999999937e-01
   17    2    p          :                              9.999999999974e-01
   18    2    p          :                              9.999999999969e-01
   19    2    p          :                              9.999999996789e-01
   20    2    p          :                              9.999999987933e-01
   21    2    p          :                              9.999999996785e-01
   22    2    p          :                              9.999999996788e-01
   23    2    p          :                              9.999999999884e-01
   24    2    p          :                              1.000000000004e+00
   25    2    p          :                              9.999999999308e-01
   26    2    p          :                              9.999999999229e-01
   27    2    p          :                              1.000000000004e+00
===========================================================================


~~~~~~~~~~~~~~~~~~~~~~~~~~~~~~~~~~~~~~~~~~~~~~~~~~~~~~~~~~~~~~~~~~~~~~~~~~~
 Calculation             : Compute initial energy
 Method                  : DFT (PBE)
 Relativity              : ZORA (V_nuc)
 Precision               : 1.00000e-05
 Localization            : On
~~~~~~~~~~~~~~~~~~~~~~~~~~~~~~~~~~~~~~~~~~~~~~~~~~~~~~~~~~~~~~~~~~~~~~~~~~~


===========================================================================
                        Molecular Energy (initial)
---------------------------------------------------------------------------
 Kinetic energy          :            (au)               5118.459852039186
 E-N energy              :            (au)             -12847.747050767959
 Coulomb energy          :            (au)               2294.924955856847
 Exchange energy         :            (au)                  0.000000000000
 X-C energy              :            (au)               -156.198104937966
 Ext. field (el)         :            (au)                  0.000000000000
---------------------------------------------------------------------------
 N-N energy              :            (au)                112.653226075475
 Ext. field (nuc)        :            (au)                  0.000000000000
 Tot. Reac. Energy       :            (au)                  0.000000000000
 El. Reac. Energy        :            (au)                  0.000000000000
 Nuc. Reac. Energy       :            (au)                  0.000000000000
---------------------------------------------------------------------------
 Electronic energy       :            (au)              -5590.560347809891
 Nuclear energy          :            (au)                112.653226075475
---------------------------------------------------------------------------
 Total energy            :            (au)             -5.477907121734e+03
                         :      (kcal/mol)             -3.437438616926e+06
                         :        (kJ/mol)             -1.438224317322e+07
                         :            (eV)             -1.490614465092e+05
===========================================================================


===========================================================================
                        Orbital Energies (initial)
---------------------------------------------------------------------------
    n  Occ Spin          :                                         Epsilon
---------------------------------------------------------------------------
    0    2    p          :            (au)               -959.712405494661
    1    2    p          :            (au)               -138.488879351186
    2    2    p          :            (au)               -125.932112301874
    3    2    p          :            (au)               -125.932112026648
    4    2    p          :            (au)               -125.931214118373
    5    2    p          :            (au)                -25.375472614854
    6    2    p          :            (au)                -24.228262952394
    7    2    p          :            (au)                -21.084763227203
    8    2    p          :            (au)                -21.084762551139
    9    2    p          :            (au)                -21.079639886053
   10    2    p          :            (au)                -13.769525234897
   11    2    p          :            (au)                -13.769523568689
   12    2    p          :            (au)                -13.765928898287
   13    2    p          :            (au)                -13.765928655712
   14    2    p          :            (au)                -13.765069996629
   15    2    p          :            (au)                 -3.546954225154
   16    2    p          :            (au)                 -2.272080386090
   17    2    p          :            (au)                 -2.272080065662
   18    2    p          :            (au)                 -2.271378698121
   19    2    p          :            (au)                 -0.943903827498
   20    2    p          :            (au)                 -0.379661944558
   21    2    p          :            (au)                 -0.362686515384
   22    2    p          :            (au)                 -0.362686446317
   23    2    p          :            (au)                 -0.356457411368
   24    2    p          :            (au)                 -0.356457051839
   25    2    p          :            (au)                 -0.258872833038
   26    2    p          :            (au)                 -0.243351298428
   27    2    p          :            (au)                 -0.243351053101
---------------------------------------------------------------------------
 Sum occupied            :            (au)              -3343.111045270314
===========================================================================


~~~~~~~~~~~~~~~~~~~~~~~~~~~~~~~~~~~~~~~~~~~~~~~~~~~~~~~~~~~~~~~~~~~~~~~~~~~
 Calculation             : Optimize ground state orbitals
 Method                  : DFT (PBE)
 Relativity              : ZORA (V_nuc)
 Checkpointing           : Off
 Max iterations          : 500
 KAIN solver             : 6
 Localization            : First two iterations
 Diagonalization         : Off
 Start precision         : 1.00000e-06
 Final precision         : 1.00000e-06
 Helmholtz precision     : Dynamic
 Energy threshold        : Off
 Orbital threshold       : 1.00000e-05
~~~~~~~~~~~~~~~~~~~~~~~~~~~~~~~~~~~~~~~~~~~~~~~~~~~~~~~~~~~~~~~~~~~~~~~~~~~


===========================================================================
 Iter           MO residual             Total energy                Update
---------------------------------------------------------------------------
    0          5.291503e+00       -5477.907121734416         -5.477907e+03
    1          7.044632e-02       -5500.884373156727         -2.297725e+01
    2          3.656966e-02       -5504.260192274818         -3.375819e+00
    3          2.559648e-02       -5505.369885102480         -1.109693e+00
    4          2.565226e-02       -5505.548989679963         -1.791046e-01
    5          2.421890e-02       -5505.547372122646          1.617557e-03
    6          7.413730e-03       -5505.702571636581         -1.551995e-01
    7          6.603574e-03       -5504.950599363564          7.519723e-01
    8          5.901507e-03       -5505.646052373559         -6.954530e-01
    9          4.862930e-03       -5504.890353656658          7.556987e-01
   10          4.756796e-03       -5504.063306079468          8.270476e-01
   11          9.116874e-03       -5501.888320431936          2.174986e+00
   12          6.156940e-03       -5503.643840296923         -1.755520e+00
   13          6.068952e-03       -5502.079446376172          1.564394e+00
   14          3.499797e-03       -5505.390555915779         -3.311110e+00
   15          3.599251e-03       -5505.432337336033         -4.178142e-02
   16          1.650402e-03       -5505.752634564217         -3.202972e-01
   17          1.092444e-03       -5505.611811619467          1.408229e-01
   18          1.041052e-03       -5505.737148497056         -1.253369e-01
   19          7.450671e-04       -5505.589111454143          1.480370e-01
   20          6.096131e-04       -5505.709617784305         -1.205063e-01
   21          5.058111e-04       -5505.740120579339         -3.050280e-02
   22          5.191846e-04       -5505.742587186823         -2.466607e-03
   23          3.400203e-04       -5505.758450325436         -1.586314e-02
   24          2.937989e-04       -5505.757617693482          8.326320e-04
   25          9.675180e-05       -5505.758377061898         -7.593684e-04
   26          7.290929e-05       -5505.757848607097          5.284548e-04
   27          5.640482e-05       -5505.757979339741         -1.307326e-04
   28          5.363085e-05       -5505.758648905358         -6.695656e-04
   29          5.188604e-05       -5505.754267915522          4.380990e-03
   30          5.199335e-05       -5505.757356779854         -3.088864e-03
   31          3.853347e-05       -5505.758063342675         -7.065628e-04
   32          3.076528e-05       -5505.757948196130          1.151465e-04
   33          1.483505e-05       -5505.758183532861         -2.353367e-04
---------------------------------------------------------------------------
                      SCF converged in 33 iterations!
===========================================================================


                                                                           
***************************************************************************
***                                                                     ***
***                    Printing Molecular Properties                    ***
***                                                                     ***
***************************************************************************
                                                                           
                                                                           
===========================================================================
                                 Molecule
---------------------------------------------------------------------------
 Charge                  :                                               0
 Multiplicity            :                                               1
---------------------------------------------------------------------------
    N    Atom            :               x               y               z
---------------------------------------------------------------------------
    0      Ag            :        0.000000        0.000000        0.000000
    1       F            :        0.000000        0.000000        3.754886
---------------------------------------------------------------------------
 Center of mass          :        0.000000        0.000000        0.562298
===========================================================================


===========================================================================
                         Molecular Energy (final)
---------------------------------------------------------------------------
 Kinetic energy          :            (au)               5722.910599461260
 E-N energy              :            (au)             -13514.818347162342
 Coulomb energy          :            (au)               2334.494431970856
 Exchange energy         :            (au)                  0.000000000000
 X-C energy              :            (au)               -160.998093878110
 Ext. field (el)         :            (au)                  0.000000000000
---------------------------------------------------------------------------
 N-N energy              :            (au)                112.653226075475
 Ext. field (nuc)        :            (au)                  0.000000000000
 Tot. Reac. Energy       :            (au)                  0.000000000000
 El. Reac. Energy        :            (au)                  0.000000000000
 Nuc. Reac. Energy       :            (au)                  0.000000000000
---------------------------------------------------------------------------
 Electronic energy       :            (au)              -5618.411409608336
 Nuclear energy          :            (au)                112.653226075475
---------------------------------------------------------------------------
 Total energy            :            (au)             -5.505758183533e+03
                         :      (kcal/mol)             -3.454915422067e+06
                         :        (kJ/mol)             -1.445536612593e+07
                         :            (eV)             -1.498193125091e+05
===========================================================================


===========================================================================
                         Orbital Energies (final)
---------------------------------------------------------------------------
    n  Occ Spin          :                                         Epsilon
---------------------------------------------------------------------------
    0    2    p          :            (au)               -964.038764886463
    1    2    p          :            (au)               -138.624189284681
    2    2    p          :            (au)               -124.186218430664
    3    2    p          :            (au)               -124.186217730204
    4    2    p          :            (au)               -124.185239034804
    5    2    p          :            (au)                -25.334409445813
    6    2    p          :            (au)                -24.224524418283
    7    2    p          :            (au)                -20.636507043549
    8    2    p          :            (au)                -20.636504902257
    9    2    p          :            (au)                -20.631360395776
   10    2    p          :            (au)                -13.246442025754
   11    2    p          :            (au)                -13.246438883596
   12    2    p          :            (au)                -13.242749182811
   13    2    p          :            (au)                -13.242747821938
   14    2    p          :            (au)                -13.242070513719
   15    2    p          :            (au)                 -3.552509959183
   16    2    p          :            (au)                 -2.200820518868
   17    2    p          :            (au)                 -2.197941806468
   18    2    p          :            (au)                 -2.197941326429
   19    2    p          :            (au)                 -0.955672006471
   20    2    p          :            (au)                 -0.354807213041
   21    2    p          :            (au)                 -0.321511555812
   22    2    p          :            (au)                 -0.321511139427
   23    2    p          :            (au)                 -0.304095818704
   24    2    p          :            (au)                 -0.304095808674
   25    2    p          :            (au)                 -0.248546345667
   26    2    p          :            (au)                 -0.244883463126
   27    2    p          :            (au)                 -0.244883272826
---------------------------------------------------------------------------
 Sum occupied            :            (au)              -3332.707208470015
===========================================================================


===========================================================================
                           Dipole Moment (dip-1)
---------------------------------------------------------------------------
 r_O                     :        0.000000        0.000000        0.000000
---------------------------------------------------------------------------
 Electronic vector       :        0.000011        0.000002      -35.792589
 Magnitude               :            (au)                       35.792589
                         :         (Debye)                       90.975688
---------------------------------------------------------------------------
 Nuclear vector          :        0.000000        0.000000       33.793972
 Magnitude               :            (au)                       33.793972
                         :         (Debye)                       85.895710
---------------------------------------------------------------------------
 Total vector            :        0.000011        0.000002       -1.998617
 Magnitude               :            (au)                        1.998617
                         :         (Debye)                        5.079978
===========================================================================


                                                                           
                                                                           
***************************************************************************
***                                                                     ***
***                            Exiting MRChem                           ***
***                                                                     ***
***                       Wall time :  0h 15m 58s                       ***
***                                                                     ***
***************************************************************************
                                                                           
                                                                           
