Starting job 382960 on b[4185-4192] at Thu Jun 23 12:39:17 CEST 2022


Task and CPU usage stats:
JobID           JobName  AllocCPUS   NTasks     MinCPU MinCPUTask     AveCPU    Elapsed ExitCode 
------------ ---------- ---------- -------- ---------- ---------- ---------- ---------- -------- 
382960              AgF       1024                                             00:00:53      0:0 
382960.batch      batch        128        1   00:07:43          0   00:00:00   00:00:55     0:15 
382960.exte+     extern       1024        8   00:00:00          7   00:00:00   00:00:54      0:0 
382960.0          orted        896        7                                    00:00:24      0:0 

Memory usage stats:
JobID            MaxRSS MaxRSSTask     AveRSS MaxPages   MaxPagesTask   AvePages 
------------ ---------- ---------- ---------- -------- -------------- ---------- 
382960                                                                           
382960.batch   6954691K          0   6954691K     1068              0       1068 
382960.exte+       862K          1     877824        3              7          2 
382960.0                                                                         

Disk usage stats:
JobID         MaxDiskRead MaxDiskReadTask    AveDiskRead MaxDiskWrite MaxDiskWriteTask   AveDiskWrite 
------------ ------------ --------------- -------------- ------------ ---------------- -------------- 
382960                                                                                                
382960.batch     1203.28M               0       1203.28M     1245.96M                0       1245.96M 
382960.exte+        0.00M               7          0.00M            0                7              0 
382960.0                                                                                              

Job 382960 completed at Thu Jun 23 12:40:12 CEST 2022
Starting job 382968 on b[4185-4192] at Thu Jun 23 12:40:47 CEST 2022

Copying AgF.out to /cluster/home/ambr/projects/zora/small_molecules/calcs_mw6
Copying AgF.json to /cluster/home/ambr/projects/zora/small_molecules/calcs_mw6

Task and CPU usage stats:
JobID           JobName  AllocCPUS   NTasks     MinCPU MinCPUTask     AveCPU    Elapsed ExitCode 
------------ ---------- ---------- -------- ---------- ---------- ---------- ---------- -------- 
382968              AgF       1024                                             00:16:50      0:0 
382968.batch      batch        128        1   15:58:18          0   15:58:18   00:16:50      0:0 
382968.exte+     extern       1024        8   00:00:00          6   00:00:00   00:16:50      0:0 
382968.0          orted        896        7   04:46:26          3   08:32:30   00:16:00      0:0 

Memory usage stats:
JobID            MaxRSS MaxRSSTask     AveRSS MaxPages   MaxPagesTask   AvePages 
------------ ---------- ---------- ---------- -------- -------------- ---------- 
382968                                                                           
382968.batch  65125663K          0  65125663K     1134              0          0 
382968.exte+       863K          5    858.50K        3              6          2 
382968.0      52448714K          0 332994121+      915              6        893 

Disk usage stats:
JobID         MaxDiskRead MaxDiskReadTask    AveDiskRead MaxDiskWrite MaxDiskWriteTask   AveDiskWrite 
------------ ------------ --------------- -------------- ------------ ---------------- -------------- 
382968                                                                                                
382968.batch     2423.43M               0       2423.43M     2743.44M                0       2743.44M 
382968.exte+        0.00M               6          0.00M            0                6              0 
382968.0          386.25M               1        163.46M      694.31M                0        308.49M 

Job 382968 completed at Thu Jun 23 12:57:38 CEST 2022
