                                                                           
                                                                           
***************************************************************************
***                                                                     ***
***                                                                     ***
***          __  __ ____   ____ _                                       ***
***         |  \/  |  _ \ / ___| |__   ___ _ __ ___                     ***
***         | |\/| | |_) | |   | '_ \ / _ \ '_ ` _ \                    ***
***         | |  | |  _ <| |___| | | |  __/ | | | | |                   ***
***         |_|  |_|_| \_\\____|_| |_|\___|_| |_| |_|                   ***
***                                                                     ***
***         VERSION            1.1.0-alpha                              ***
***                                                                     ***
***         Git branch         master                                   ***
***         Git commit hash    f6df85f5f746c23b4022                     ***
***         Git commit author  Stig Rune Jensen                         ***
***         Git commit date    Thu May 19 15:46:21 2022 +0200           ***
***                                                                     ***
***         Contact: luca.frediani@uit.no                               ***
***                                                                     ***
***         Radovan Bast            Magnar Bjorgve                      ***
***         Roberto Di Remigio      Antoine Durdek                      ***
***         Luca Frediani           Gabriel Gerez                       ***
***         Stig Rune Jensen        Jonas Juselius                      ***
***         Rune Monstad            Peter Wind                          ***
***                                                                     ***
***************************************************************************

---------------------------------------------------------------------------

 MPI processes           :       (32 bank)                              96
 OpenMP threads          :                                              15
 Total cores             :                                             992
                                                                           
---------------------------------------------------------------------------

XCFun DFT library Copyright 2009-2020 Ulf Ekstrom and contributors.
See http://dftlibs.org/xcfun/ for more information.

This is free software; see the source code for copying conditions.
There is ABSOLUTELY NO WARRANTY; not even for MERCHANTABILITY or
FITNESS FOR A PARTICULAR PURPOSE. For details see the documentation.
Scientific users of this library should cite
U. Ekstrom, L. Visscher, R. Bast, A. J. Thorvaldsen and K. Ruud;
J.Chem.Theor.Comp. 2010, DOI: 10.1021/ct100117s

---------------------------------------------------------------------------

 MRCPP version         : 1.4.1
 Git branch            : HEAD
 Git commit hash       : 75d41879b1908a94a452
 Git commit author     : Stig Rune Jensen
 Git commit date       : Thu Jan 6 11:38:53 2022 +0100

 Linear algebra        : EIGEN v3.4.0
 Parallelization       : MPI/OpenMP (15 threads)

---------------------------------------------------------------------------


                                                                           
===========================================================================
                         MultiResolution Analysis
---------------------------------------------------------------------------
 polynomial order      : 9
 polynomial type       : Interpolating
---------------------------------------------------------------------------
 total boxes           : 8
 boxes                 : [          2           2           2 ]
 unit lengths          : [  128.00000   128.00000   128.00000 ]
 scaling factor        : [    1.00000     1.00000     1.00000 ]
 lower bounds          : [ -128.00000  -128.00000  -128.00000 ]
 upper bounds          : [  128.00000   128.00000   128.00000 ]
 total length          : [  256.00000   256.00000   256.00000 ]
===========================================================================


                                                                           
***************************************************************************
***                                                                     ***
***                        Initializing Molecule                        ***
***                                                                     ***
***************************************************************************
                                                                           
                                                                           
===========================================================================
                                 Molecule
---------------------------------------------------------------------------
 Charge                  :                                               0
 Multiplicity            :                                               1
---------------------------------------------------------------------------
    N    Atom            :               x               y               z
---------------------------------------------------------------------------
    0      Ag            :        0.000000        0.000000        0.000000
    1       H            :        0.000000        0.000000        3.649061
---------------------------------------------------------------------------
 Center of mass          :        0.000000        0.000000        0.033782
===========================================================================


                                                                           
***************************************************************************
***                                                                     ***
***                 Computing Ground State Wavefunction                 ***
***                                                                     ***
***************************************************************************
                                                                           
                                                                           
~~~~~~~~~~~~~~~~~~~~~~~~~~~~~~~~~~~~~~~~~~~~~~~~~~~~~~~~~~~~~~~~~~~~~~~~~~~
 Calculation             : Compute initial orbitals
 Method                  : Project MW molecular orbitals
 Precision               : 1.00000e-05
 Restricted              : True
 MO file                 : initial_guess/phi_p_scf
~~~~~~~~~~~~~~~~~~~~~~~~~~~~~~~~~~~~~~~~~~~~~~~~~~~~~~~~~~~~~~~~~~~~~~~~~~~


===========================================================================
                            Molecular Orbitals
---------------------------------------------------------------------------
 Alpha electrons         :                                              24
 Beta electrons          :                                              24
 Total electrons         :                                              48
---------------------------------------------------------------------------
    n  Occ Spin          :                                            Norm
---------------------------------------------------------------------------
    0    2    p          :                              9.999999999983e-01
    1    2    p          :                              9.999999999983e-01
    2    2    p          :                              9.999999999983e-01
    3    2    p          :                              9.999999999983e-01
    4    2    p          :                              9.999999999982e-01
    5    2    p          :                              9.999999999982e-01
    6    2    p          :                              9.999999999982e-01
    7    2    p          :                              9.999999999982e-01
    8    2    p          :                              9.999999999982e-01
    9    2    p          :                              9.999999999982e-01
   10    2    p          :                              9.999999999983e-01
   11    2    p          :                              9.999999999983e-01
   12    2    p          :                              9.999999999982e-01
   13    2    p          :                              9.999999999982e-01
   14    2    p          :                              1.000000000003e+00
   15    2    p          :                              9.999999998158e-01
   16    2    p          :                              9.999999998157e-01
   17    2    p          :                              1.000000000004e+00
   18    2    p          :                              9.999999996960e-01
   19    2    p          :                              1.000000000003e+00
   20    2    p          :                              1.000000000004e+00
   21    2    p          :                              1.000000000004e+00
   22    2    p          :                              1.000000000004e+00
   23    2    p          :                              9.999999990068e-01
===========================================================================


~~~~~~~~~~~~~~~~~~~~~~~~~~~~~~~~~~~~~~~~~~~~~~~~~~~~~~~~~~~~~~~~~~~~~~~~~~~
 Calculation             : Compute initial energy
 Method                  : DFT (PBE)
 Relativity              : ZORA (V_nuc)
 Precision               : 1.00000e-05
 Localization            : On
~~~~~~~~~~~~~~~~~~~~~~~~~~~~~~~~~~~~~~~~~~~~~~~~~~~~~~~~~~~~~~~~~~~~~~~~~~~


===========================================================================
                        Molecular Energy (initial)
---------------------------------------------------------------------------
 Kinetic energy          :            (au)               5019.784427991683
 E-N energy              :            (au)             -12409.656245665152
 Coulomb energy          :            (au)               2144.912251395700
 Exchange energy         :            (au)                  0.000000000000
 X-C energy              :            (au)               -146.102018945409
 Ext. field (el)         :            (au)                  0.000000000000
---------------------------------------------------------------------------
 N-N energy              :            (au)                 12.880025330109
 Ext. field (nuc)        :            (au)                  0.000000000000
 Tot. Reac. Energy       :            (au)                  0.000000000000
 El. Reac. Energy        :            (au)                  0.000000000000
 Nuc. Reac. Energy       :            (au)                  0.000000000000
---------------------------------------------------------------------------
 Electronic energy       :            (au)              -5391.061585223178
 Nuclear energy          :            (au)                 12.880025330109
---------------------------------------------------------------------------
 Total energy            :            (au)             -5.378181559893e+03
                         :      (kcal/mol)             -3.374859882064e+06
                         :        (kJ/mol)             -1.412041374656e+07
                         :            (eV)             -1.463477757273e+05
===========================================================================


===========================================================================
                        Orbital Energies (initial)
---------------------------------------------------------------------------
    n  Occ Spin          :                                         Epsilon
---------------------------------------------------------------------------
    0    2    p          :            (au)               -959.643288302031
    1    2    p          :            (au)               -138.465688983230
    2    2    p          :            (au)               -125.907126619502
    3    2    p          :            (au)               -125.907126504308
    4    2    p          :            (au)               -125.906951849122
    5    2    p          :            (au)                -25.359380028115
    6    2    p          :            (au)                -21.067371264808
    7    2    p          :            (au)                -21.067370439879
    8    2    p          :            (au)                -21.064747313748
    9    2    p          :            (au)                -13.752015539664
   10    2    p          :            (au)                -13.752013933709
   11    2    p          :            (au)                -13.750159183493
   12    2    p          :            (au)                -13.750158760000
   13    2    p          :            (au)                -13.749768191394
   14    2    p          :            (au)                 -3.530537437587
   15    2    p          :            (au)                 -2.255088592953
   16    2    p          :            (au)                 -2.254273835047
   17    2    p          :            (au)                 -2.254273736476
   18    2    p          :            (au)                 -0.351634371253
   19    2    p          :            (au)                 -0.338903403537
   20    2    p          :            (au)                 -0.338903197633
   21    2    p          :            (au)                 -0.337600798454
   22    2    p          :            (au)                 -0.337600688665
   23    2    p          :            (au)                 -0.220839744875
---------------------------------------------------------------------------
 Sum occupied            :            (au)              -3290.725645438964
===========================================================================


~~~~~~~~~~~~~~~~~~~~~~~~~~~~~~~~~~~~~~~~~~~~~~~~~~~~~~~~~~~~~~~~~~~~~~~~~~~
 Calculation             : Optimize ground state orbitals
 Method                  : DFT (PBE)
 Relativity              : ZORA (V_nuc)
 Checkpointing           : Off
 Max iterations          : 500
 KAIN solver             : 6
 Localization            : First two iterations
 Diagonalization         : Off
 Start precision         : 1.00000e-06
 Final precision         : 1.00000e-06
 Helmholtz precision     : Dynamic
 Energy threshold        : Off
 Orbital threshold       : 1.00000e-05
~~~~~~~~~~~~~~~~~~~~~~~~~~~~~~~~~~~~~~~~~~~~~~~~~~~~~~~~~~~~~~~~~~~~~~~~~~~


===========================================================================
 Iter           MO residual             Total energy                Update
---------------------------------------------------------------------------
    0          4.898979e+00       -5378.181559893068         -5.378182e+03
    1          7.366703e-02       -5401.137747030095         -2.295619e+01
    2          3.828025e-02       -5404.507808212076         -3.370061e+00
    3          2.801648e-02       -5405.615274236212         -1.107466e+00
    4          2.360168e-02       -5405.824853135126         -2.095789e-01
    5          2.693159e-02       -5405.859740468752         -3.488733e-02
    6          7.586259e-03       -5405.947533215653         -8.779275e-02
    7          5.588992e-03       -5405.521926471253          4.256067e-01
    8          4.976543e-03       -5405.945964872025         -4.240384e-01
    9          3.874062e-03       -5405.311167615864          6.347973e-01
   10          2.822020e-03       -5405.861709263468         -5.505416e-01
   11          6.739648e-03       -5403.414355062459          2.447354e+00
   12          6.015709e-03       -5402.538957475749          8.753976e-01
   13          4.419518e-03       -5403.910593754791         -1.371636e+00
   14          2.570636e-03       -5405.844334932529         -1.933741e+00
   15          2.048241e-03       -5405.931691582999         -8.735665e-02
   16          1.136767e-03       -5405.999634155388         -6.794257e-02
   17          6.391455e-04       -5405.980679681158          1.895447e-02
   18          8.079656e-04       -5405.996584599415         -1.590492e-02
   19          4.355387e-04       -5405.973541151721          2.304345e-02
   20          3.676782e-04       -5405.973981171966         -4.400202e-04
   21          7.262636e-04       -5405.829470036533          1.445111e-01
   22          4.149093e-04       -5405.968913532583         -1.394435e-01
   23          2.887705e-04       -5406.000287541618         -3.137401e-02
   24          2.630861e-04       -5406.001168678128         -8.811365e-04
   25          1.039609e-04       -5406.001585131306         -4.164532e-04
   26          6.143071e-05       -5406.001707836939         -1.227056e-04
   27          7.074375e-05       -5406.001214712155          4.931248e-04
   28          4.013681e-05       -5405.998955372797          2.259339e-03
   29          4.372702e-05       -5406.002020735895         -3.065363e-03
   30          2.271602e-05       -5406.001982428324          3.830757e-05
   31          1.564311e-05       -5406.002920396008         -9.379677e-04
---------------------------------------------------------------------------
                      SCF converged in 31 iterations!
===========================================================================


                                                                           
***************************************************************************
***                                                                     ***
***                    Printing Molecular Properties                    ***
***                                                                     ***
***************************************************************************
                                                                           
                                                                           
===========================================================================
                                 Molecule
---------------------------------------------------------------------------
 Charge                  :                                               0
 Multiplicity            :                                               1
---------------------------------------------------------------------------
    N    Atom            :               x               y               z
---------------------------------------------------------------------------
    0      Ag            :        0.000000        0.000000        0.000000
    1       H            :        0.000000        0.000000        3.649061
---------------------------------------------------------------------------
 Center of mass          :        0.000000        0.000000        0.033782
===========================================================================


===========================================================================
                         Molecular Energy (final)
---------------------------------------------------------------------------
 Kinetic energy          :            (au)               5623.154495830464
 E-N energy              :            (au)             -13075.839759926359
 Coulomb energy          :            (au)               2184.685715269935
 Exchange energy         :            (au)                  0.000000000000
 X-C energy              :            (au)               -150.883396900157
 Ext. field (el)         :            (au)                  0.000000000000
---------------------------------------------------------------------------
 N-N energy              :            (au)                 12.880025330109
 Ext. field (nuc)        :            (au)                  0.000000000000
 Tot. Reac. Energy       :            (au)                  0.000000000000
 El. Reac. Energy        :            (au)                  0.000000000000
 Nuc. Reac. Energy       :            (au)                  0.000000000000
---------------------------------------------------------------------------
 Electronic energy       :            (au)              -5418.882945726117
 Nuclear energy          :            (au)                 12.880025330109
---------------------------------------------------------------------------
 Total energy            :            (au)             -5.406002920396e+03
                         :      (kcal/mol)             -3.392318049361e+06
                         :        (kJ/mol)             -1.419345871853e+07
                         :            (eV)             -1.471048335138e+05
===========================================================================


===========================================================================
                         Orbital Energies (final)
---------------------------------------------------------------------------
    n  Occ Spin          :                                         Epsilon
---------------------------------------------------------------------------
    0    2    p          :            (au)               -963.965210722292
    1    2    p          :            (au)               -138.598215519717
    2    2    p          :            (au)               -124.160773906966
    3    2    p          :            (au)               -124.160773854395
    4    2    p          :            (au)               -124.160561973472
    5    2    p          :            (au)                -25.313849341213
    6    2    p          :            (au)                -20.615379612886
    7    2    p          :            (au)                -20.615379528978
    8    2    p          :            (au)                -20.612791936747
    9    2    p          :            (au)                -13.225564898467
   10    2    p          :            (au)                -13.225561699263
   11    2    p          :            (au)                -13.223693560144
   12    2    p          :            (au)                -13.223693497473
   13    2    p          :            (au)                -13.223426896989
   14    2    p          :            (au)                 -3.530470959943
   15    2    p          :            (au)                 -2.178434997217
   16    2    p          :            (au)                 -2.175193763894
   17    2    p          :            (au)                 -2.175193736093
   18    2    p          :            (au)                 -0.308661961221
   19    2    p          :            (au)                 -0.284274224780
   20    2    p          :            (au)                 -0.284274199328
   21    2    p          :            (au)                 -0.280758086641
   22    2    p          :            (au)                 -0.280758023011
   23    2    p          :            (au)                 -0.219083511659
---------------------------------------------------------------------------
 Sum occupied            :            (au)              -3280.083960825575
===========================================================================


===========================================================================
                           Dipole Moment (dip-1)
---------------------------------------------------------------------------
 r_O                     :        0.000000        0.000000        0.000000
---------------------------------------------------------------------------
 Electronic vector       :       -0.000001       -0.000002       -4.686945
 Magnitude               :            (au)                        4.686945
                         :         (Debye)                       11.913026
---------------------------------------------------------------------------
 Nuclear vector          :        0.000000        0.000000        3.649061
 Magnitude               :            (au)                        3.649061
                         :         (Debye)                        9.274988
---------------------------------------------------------------------------
 Total vector            :       -0.000001       -0.000002       -1.037884
 Magnitude               :            (au)                        1.037884
                         :         (Debye)                        2.638038
===========================================================================


                                                                           
                                                                           
***************************************************************************
***                                                                     ***
***                            Exiting MRChem                           ***
***                                                                     ***
***                       Wall time :  0h 13m 57s                       ***
***                                                                     ***
***************************************************************************
                                                                           
                                                                           
