Starting job 382961 on b[3329,3336-3339,3341-3343] at Thu Jun 23 12:39:17 CEST 2022


Task and CPU usage stats:
JobID           JobName  AllocCPUS   NTasks     MinCPU MinCPUTask     AveCPU    Elapsed ExitCode 
------------ ---------- ---------- -------- ---------- ---------- ---------- ---------- -------- 
382961              AgH       1024                                             00:00:53      0:0 
382961.batch      batch        128        1   00:08:21          0   00:00:00   00:00:55     0:15 
382961.exte+     extern       1024        8   00:00:00          7   00:00:00   00:00:54      0:0 
382961.0          orted        896        7                                    00:00:24      0:0 

Memory usage stats:
JobID            MaxRSS MaxRSSTask     AveRSS MaxPages   MaxPagesTask   AvePages 
------------ ---------- ---------- ---------- -------- -------------- ---------- 
382961                                                                           
382961.batch   6167058K          0   6167058K     1039              0       1039 
382961.exte+       862K          0     789376        3              7          2 
382961.0                                                                         

Disk usage stats:
JobID         MaxDiskRead MaxDiskReadTask    AveDiskRead MaxDiskWrite MaxDiskWriteTask   AveDiskWrite 
------------ ------------ --------------- -------------- ------------ ---------------- -------------- 
382961                                                                                                
382961.batch      977.23M               0        977.23M     1019.91M                0       1019.91M 
382961.exte+        0.00M               7          0.00M            0                7              0 
382961.0                                                                                              

Job 382961 completed at Thu Jun 23 12:40:12 CEST 2022
Starting job 382969 on b[3329,3336-3339,3341-3343] at Thu Jun 23 12:40:47 CEST 2022

Copying AgH.out to /cluster/home/ambr/projects/zora/small_molecules/calcs_mw6
Copying AgH.json to /cluster/home/ambr/projects/zora/small_molecules/calcs_mw6

Task and CPU usage stats:
JobID           JobName  AllocCPUS   NTasks     MinCPU MinCPUTask     AveCPU    Elapsed ExitCode 
------------ ---------- ---------- -------- ---------- ---------- ---------- ---------- -------- 
382969              AgH       1024                                             00:14:58      0:0 
382969.batch      batch        128        1   14:14:28          0   14:14:28   00:14:58      0:0 
382969.exte+     extern       1024        8   00:00:00          6   00:00:00   00:14:58      0:0 
382969.0          orted        896        7   04:01:39          2   06:43:15   00:14:00      0:0 

Memory usage stats:
JobID            MaxRSS MaxRSSTask     AveRSS MaxPages   MaxPagesTask   AvePages 
------------ ---------- ---------- ---------- -------- -------------- ---------- 
382969                                                                           
382969.batch  55121999K          0  55121999K     1088              0          0 
382969.exte+       860K          4     878464        3              6          2 
382969.0      46966940K          0 280880546+      968              1        892 

Disk usage stats:
JobID         MaxDiskRead MaxDiskReadTask    AveDiskRead MaxDiskWrite MaxDiskWriteTask   AveDiskWrite 
------------ ------------ --------------- -------------- ------------ ---------------- -------------- 
382969                                                                                                
382969.batch     2062.27M               0       2062.27M     2356.68M                0       2356.68M 
382969.exte+        0.00M               6          0.00M            0                6              0 
382969.0          351.83M               1        131.94M      639.42M                1        251.91M 

Job 382969 completed at Thu Jun 23 12:55:47 CEST 2022
