                                                                           
                                                                           
***************************************************************************
***                                                                     ***
***                                                                     ***
***          __  __ ____   ____ _                                       ***
***         |  \/  |  _ \ / ___| |__   ___ _ __ ___                     ***
***         | |\/| | |_) | |   | '_ \ / _ \ '_ ` _ \                    ***
***         | |  | |  _ <| |___| | | |  __/ | | | | |                   ***
***         |_|  |_|_| \_\\____|_| |_|\___|_| |_| |_|                   ***
***                                                                     ***
***         VERSION            1.1.0-alpha                              ***
***                                                                     ***
***         Git branch         master                                   ***
***         Git commit hash    f6df85f5f746c23b4022                     ***
***         Git commit author  Stig Rune Jensen                         ***
***         Git commit date    Thu May 19 15:46:21 2022 +0200           ***
***                                                                     ***
***         Contact: luca.frediani@uit.no                               ***
***                                                                     ***
***         Radovan Bast            Magnar Bjorgve                      ***
***         Roberto Di Remigio      Antoine Durdek                      ***
***         Luca Frediani           Gabriel Gerez                       ***
***         Stig Rune Jensen        Jonas Juselius                      ***
***         Rune Monstad            Peter Wind                          ***
***                                                                     ***
***************************************************************************

---------------------------------------------------------------------------

 MPI processes           :       (32 bank)                              96
 OpenMP threads          :                                              15
 Total cores             :                                             992
                                                                           
---------------------------------------------------------------------------

XCFun DFT library Copyright 2009-2020 Ulf Ekstrom and contributors.
See http://dftlibs.org/xcfun/ for more information.

This is free software; see the source code for copying conditions.
There is ABSOLUTELY NO WARRANTY; not even for MERCHANTABILITY or
FITNESS FOR A PARTICULAR PURPOSE. For details see the documentation.
Scientific users of this library should cite
U. Ekstrom, L. Visscher, R. Bast, A. J. Thorvaldsen and K. Ruud;
J.Chem.Theor.Comp. 2010, DOI: 10.1021/ct100117s

---------------------------------------------------------------------------

 MRCPP version         : 1.4.1
 Git branch            : HEAD
 Git commit hash       : 75d41879b1908a94a452
 Git commit author     : Stig Rune Jensen
 Git commit date       : Thu Jan 6 11:38:53 2022 +0100

 Linear algebra        : EIGEN v3.4.0
 Parallelization       : MPI/OpenMP (15 threads)

---------------------------------------------------------------------------


                                                                           
===========================================================================
                         MultiResolution Analysis
---------------------------------------------------------------------------
 polynomial order      : 9
 polynomial type       : Interpolating
---------------------------------------------------------------------------
 total boxes           : 8
 boxes                 : [          2           2           2 ]
 unit lengths          : [  128.00000   128.00000   128.00000 ]
 scaling factor        : [    1.00000     1.00000     1.00000 ]
 lower bounds          : [ -128.00000  -128.00000  -128.00000 ]
 upper bounds          : [  128.00000   128.00000   128.00000 ]
 total length          : [  256.00000   256.00000   256.00000 ]
===========================================================================


                                                                           
***************************************************************************
***                                                                     ***
***                        Initializing Molecule                        ***
***                                                                     ***
***************************************************************************
                                                                           
                                                                           
===========================================================================
                                 Molecule
---------------------------------------------------------------------------
 Charge                  :                                               0
 Multiplicity            :                                               2
---------------------------------------------------------------------------
    N    Atom            :               x               y               z
---------------------------------------------------------------------------
    0      Ag            :        0.000000        0.000000        0.000000
    1       O            :        0.000000        0.000000        3.649061
---------------------------------------------------------------------------
 Center of mass          :        0.000000        0.000000        0.471332
===========================================================================


                                                                           
***************************************************************************
***                                                                     ***
***                 Computing Ground State Wavefunction                 ***
***                                                                     ***
***************************************************************************
                                                                           
                                                                           
~~~~~~~~~~~~~~~~~~~~~~~~~~~~~~~~~~~~~~~~~~~~~~~~~~~~~~~~~~~~~~~~~~~~~~~~~~~
 Calculation             : Compute initial orbitals
 Method                  : Project MW molecular orbitals
 Precision               : 1.00000e-05
 Restricted              : False
 MO alpha file           : initial_guess/phi_a_scf
 MO beta file            : initial_guess/phi_b_scf
~~~~~~~~~~~~~~~~~~~~~~~~~~~~~~~~~~~~~~~~~~~~~~~~~~~~~~~~~~~~~~~~~~~~~~~~~~~


===========================================================================
                            Molecular Orbitals
---------------------------------------------------------------------------
 Alpha electrons         :                                              28
 Beta electrons          :                                              27
 Total electrons         :                                              55
---------------------------------------------------------------------------
    n  Occ Spin          :                                            Norm
---------------------------------------------------------------------------
    0    1    a          :                              9.999999999982e-01
    1    1    a          :                              9.999999998790e-01
    2    1    a          :                              9.999999999890e-01
    3    1    a          :                              9.999999999962e-01
    4    1    a          :                              9.999999999964e-01
    5    1    a          :                              9.999999999647e-01
    6    1    a          :                              9.999999999873e-01
    7    1    a          :                              9.999999999834e-01
    8    1    a          :                              9.999999999645e-01
    9    1    a          :                              1.000000000256e+00
   10    1    a          :                              9.999999999909e-01
   11    1    a          :                              1.000000000061e+00
   12    1    a          :                              1.000000000025e+00
   13    1    a          :                              9.999999998619e-01
   14    1    a          :                              9.999999999814e-01
   15    1    a          :                              9.999999999397e-01
   16    1    a          :                              1.000000000018e+00
   17    1    a          :                              1.000000000027e+00
   18    1    a          :                              9.999999999916e-01
   19    1    a          :                              1.000000000060e+00
   20    1    a          :                              1.000000000005e+00
   21    1    a          :                              1.000000000061e+00
   22    1    a          :                              1.000000000046e+00
   23    1    a          :                              9.999999998424e-01
   24    1    a          :                              1.000000000038e+00
   25    1    a          :                              1.000000000007e+00
   26    1    a          :                              1.000000000024e+00
   27    1    a          :                              9.999999999427e-01
   28    1    b          :                              9.999999999973e-01
   29    1    b          :                              9.999999996814e-01
   30    1    b          :                              9.999999999955e-01
   31    1    b          :                              9.999999999945e-01
   32    1    b          :                              9.999999999434e-01
   33    1    b          :                              9.999999999788e-01
   34    1    b          :                              9.999999999958e-01
   35    1    b          :                              9.999999999503e-01
   36    1    b          :                              9.999999999691e-01
   37    1    b          :                              1.000000000079e+00
   38    1    b          :                              9.999999999957e-01
   39    1    b          :                              9.999999999578e-01
   40    1    b          :                              9.999999999596e-01
   41    1    b          :                              9.999999999809e-01
   42    1    b          :                              9.999999999599e-01
   43    1    b          :                              1.000000000031e+00
   44    1    b          :                              1.000000000004e+00
   45    1    b          :                              1.000000000004e+00
   46    1    b          :                              1.000000000004e+00
   47    1    b          :                              1.000000000067e+00
   48    1    b          :                              1.000000000003e+00
   49    1    b          :                              1.000000000067e+00
   50    1    b          :                              1.000000000066e+00
   51    1    b          :                              1.000000000027e+00
   52    1    b          :                              1.000000000004e+00
   53    1    b          :                              1.000000000026e+00
   54    1    b          :                              1.000000000030e+00
===========================================================================


~~~~~~~~~~~~~~~~~~~~~~~~~~~~~~~~~~~~~~~~~~~~~~~~~~~~~~~~~~~~~~~~~~~~~~~~~~~
 Calculation             : Compute initial energy
 Method                  : DFT (PBE)
 Relativity              : ZORA (V_nuc)
 Precision               : 1.00000e-05
 Localization            : On
~~~~~~~~~~~~~~~~~~~~~~~~~~~~~~~~~~~~~~~~~~~~~~~~~~~~~~~~~~~~~~~~~~~~~~~~~~~


===========================================================================
                        Molecular Energy (initial)
---------------------------------------------------------------------------
 Kinetic energy          :            (au)               5093.825615472208
 E-N energy              :            (au)             -12765.803817936689
 Coulomb energy          :            (au)               2270.131668046974
 Exchange energy         :            (au)                  0.000000000000
 X-C energy              :            (au)               -154.248942609928
 Ext. field (el)         :            (au)                  0.000000000000
---------------------------------------------------------------------------
 N-N energy              :            (au)                103.040202640874
 Ext. field (nuc)        :            (au)                  0.000000000000
 Tot. Reac. Energy       :            (au)                  0.000000000000
 El. Reac. Energy        :            (au)                  0.000000000000
 Nuc. Reac. Energy       :            (au)                  0.000000000000
---------------------------------------------------------------------------
 Electronic energy       :            (au)              -5556.095477027434
 Nuclear energy          :            (au)                103.040202640874
---------------------------------------------------------------------------
 Total energy            :            (au)             -5.453055274387e+03
                         :      (kcal/mol)             -3.421843847267e+06
                         :        (kJ/mol)             -1.431699465697e+07
                         :            (eV)             -1.483851932921e+05
===========================================================================


===========================================================================
                        Orbital Energies (initial)
---------------------------------------------------------------------------
    n  Occ Spin          :                                         Epsilon
---------------------------------------------------------------------------
    0    1    a          :            (au)               -959.743039764801
    1    1    a          :            (au)               -138.524600450553
    2    1    a          :            (au)               -125.967843293331
    3    1    a          :            (au)               -125.966714492178
    4    1    a          :            (au)               -125.966714410229
    5    1    a          :            (au)                -25.411687739738
    6    1    a          :            (au)                -21.120507008812
    7    1    a          :            (au)                -21.118360764861
    8    1    a          :            (au)                -21.118360465097
    9    1    a          :            (au)                -18.770034547705
   10    1    a          :            (au)                -13.805236327384
   11    1    a          :            (au)                -13.803309305670
   12    1    a          :            (au)                -13.803308952534
   13    1    a          :            (au)                -13.802362408863
   14    1    a          :            (au)                -13.802360678580
   15    1    a          :            (au)                 -3.583437986565
   16    1    a          :            (au)                 -2.313529157816
   17    1    a          :            (au)                 -2.304896432425
   18    1    a          :            (au)                 -2.304894909264
   19    1    a          :            (au)                 -0.776297523386
   20    1    a          :            (au)                 -0.411725196658
   21    1    a          :            (au)                 -0.395040368673
   22    1    a          :            (au)                 -0.395039336824
   23    1    a          :            (au)                 -0.387499645836
   24    1    a          :            (au)                 -0.387498988419
   25    1    a          :            (au)                 -0.264866936644
   26    1    a          :            (au)                 -0.194287691541
   27    1    a          :            (au)                 -0.194286398876
   28    1    b          :            (au)               -959.742206674177
   29    1    b          :            (au)               -138.523411094659
   30    1    b          :            (au)               -125.967264378318
   31    1    b          :            (au)               -125.966133716764
   32    1    b          :            (au)               -125.966133309294
   33    1    b          :            (au)                -25.410568070499
   34    1    b          :            (au)                -21.118483140322
   35    1    b          :            (au)                -21.118430660817
   36    1    b          :            (au)                -21.118430280453
   37    1    b          :            (au)                -18.754120098483
   38    1    b          :            (au)                -13.802654777332
   39    1    b          :            (au)                -13.802653183968
   40    1    b          :            (au)                -13.802638339104
   41    1    b          :            (au)                -13.802415319535
   42    1    b          :            (au)                -13.802414987929
   43    1    b          :            (au)                 -3.580038733987
   44    1    b          :            (au)                 -2.307073080640
   45    1    b          :            (au)                 -2.303827375866
   46    1    b          :            (au)                 -2.303826285439
   47    1    b          :            (au)                 -0.735195279533
   48    1    b          :            (au)                 -0.392222054119
   49    1    b          :            (au)                 -0.391640934780
   50    1    b          :            (au)                 -0.391640139088
   51    1    b          :            (au)                 -0.382586202219
   52    1    b          :            (au)                 -0.382585656043
   53    1    b          :            (au)                 -0.179348781559
   54    1    b          :            (au)                 -0.179348073416
---------------------------------------------------------------------------
 Sum occupied            :            (au)              -3332.865031811604
===========================================================================


~~~~~~~~~~~~~~~~~~~~~~~~~~~~~~~~~~~~~~~~~~~~~~~~~~~~~~~~~~~~~~~~~~~~~~~~~~~
 Calculation             : Optimize ground state orbitals
 Method                  : DFT (PBE)
 Relativity              : ZORA (V_nuc)
 Checkpointing           : Off
 Max iterations          : 500
 KAIN solver             : 6
 Localization            : First two iterations
 Diagonalization         : Off
 Start precision         : 1.00000e-06
 Final precision         : 1.00000e-06
 Helmholtz precision     : Dynamic
 Energy threshold        : Off
 Orbital threshold       : 1.00000e-05
~~~~~~~~~~~~~~~~~~~~~~~~~~~~~~~~~~~~~~~~~~~~~~~~~~~~~~~~~~~~~~~~~~~~~~~~~~~


===========================================================================
 Iter           MO residual             Total energy                Update
---------------------------------------------------------------------------
    0          7.416198e+00       -5453.055274386560         -5.453055e+03
    1          9.956307e-02       -5476.029722992197         -2.297445e+01
    2          5.181259e-02       -5479.405020221981         -3.375297e+00
    3          3.673952e-02       -5480.514197860645         -1.109178e+00
    4          3.488611e-02       -5480.707943492953         -1.937456e-01
    5          3.622033e-02       -5480.695551043824          1.239245e-02
    6          1.140940e-02       -5480.841732934781         -1.461819e-01
    7          1.270701e-02       -5479.717294633880          1.124438e+00
    8          1.313673e-02       -5480.585394568427         -8.680999e-01
    9          1.294013e-02       -5479.264231300574          1.321163e+00
   10          1.278915e-02       -5471.958472720271          7.305759e+00
   11          2.679136e-02       -5472.096177211565         -1.377045e-01
   12          1.255340e-02       -5476.550324190382         -4.454147e+00
   13          1.393813e-02       -5474.507565397723          2.042759e+00
   14          6.802267e-03       -5480.462074814159         -5.954509e+00
   15          7.398044e-03       -5480.282671138072          1.794037e-01
   16          3.303071e-03       -5480.862820302817         -5.801492e-01
   17          2.585803e-03       -5480.591213628989          2.716067e-01
   18          2.310012e-03       -5480.881425307890         -2.902117e-01
   19          1.480196e-03       -5480.570808372911          3.106169e-01
   20          1.235266e-03       -5480.858974966644         -2.881666e-01
   21          1.469936e-03       -5480.753389714660          1.055853e-01
   22          1.631230e-03       -5480.808535042378         -5.514533e-02
   23          2.030890e-03       -5480.889058298217         -8.052326e-02
   24          3.902591e-03       -5480.805219404167          8.383889e-02
   25          9.421447e-03       -5480.894576322668         -8.935692e-02
   26          2.020396e-02       -5480.272860582420          6.217157e-01
   27          2.841281e-02       -5480.807615197091         -5.347546e-01
   28          1.858784e-01       -5477.334459193262          3.473156e+00
   29          6.202582e-02       -5480.847071171836         -3.512612e+00
   30          2.901281e-02       -5480.854709986798         -7.638815e-03
   31          7.780608e-03       -5480.895010293688         -4.030031e-02
   32          8.222091e-03       -5480.882319758408          1.269054e-02
   33          6.265034e-03       -5480.881543685570          7.760728e-04
   34          3.296800e-03       -5480.895050806231         -1.350712e-02
   35          1.075830e-03       -5480.900644804141         -5.593998e-03
   36          4.891287e-03       -5480.866900984352          3.374382e-02
   37          2.287601e-02       -5480.850493475858          1.640751e-02
   38          1.319761e-02       -5480.869961720101         -1.946824e-02
   39          1.102371e-03       -5480.895254195502         -2.529248e-02
   40          3.228030e-03       -5480.861130624779          3.412357e-02
   41          3.273518e-03       -5480.901585388339         -4.045476e-02
   42          1.244146e-03       -5480.898157990912          3.427397e-03
   43          2.315237e-03       -5480.890011298138          8.146693e-03
   44          2.978855e-03       -5480.898727877305         -8.716579e-03
   45          1.827187e-03       -5480.901617645401         -2.889768e-03
   46          5.006265e-04       -5480.901590607666          2.703773e-05
   47          1.709793e-04       -5480.902585584823         -9.949772e-04
   48          7.311151e-04       -5480.896474363873          6.111221e-03
   49          4.478535e-04       -5480.902062733790         -5.588370e-03
   50          4.653811e-04       -5480.902021401470          4.133232e-05
   51          2.769766e-04       -5480.899629431776          2.391970e-03
   52          2.714368e-04       -5480.899784035169         -1.546034e-04
   53          1.299832e-04       -5480.902486995344         -2.702960e-03
   54          1.113021e-04       -5480.902399218079          8.777726e-05
   55          2.948888e-05       -5480.902348331503          5.088658e-05
   56          5.956624e-05       -5480.902593076863         -2.447454e-04
   57          3.578723e-05       -5480.902497016487          9.606038e-05
   58          1.694820e-04       -5480.902167962566          3.290539e-04
   59          1.159912e-04       -5480.902493530396         -3.255678e-04
   60          1.405541e-03       -5480.900438514735          2.055016e-03
   61          1.805444e-04       -5480.902263260024         -1.824745e-03
   62          7.794307e-04       -5480.902583333640         -3.200736e-04
   63          8.744271e-05       -5480.903099049089         -5.157154e-04
   64          3.417575e-05       -5480.902093864432          1.005185e-03
   65          2.599002e-05       -5480.902032651340          6.121309e-05
   66          1.108787e-04       -5480.902126219986         -9.356865e-05
   67          9.170292e-05       -5480.902542383243         -4.161633e-04
   68          9.706865e-05       -5480.902594891601         -5.250836e-05
   69          1.327756e-04       -5480.901328334335          1.266557e-03
   70          9.141049e-05       -5480.902192385828         -8.640515e-04
   71          2.458719e-05       -5480.902570503044         -3.781172e-04
   72          3.880473e-05       -5480.902543190343          2.731270e-05
   73          7.368197e-05       -5480.902464430875          7.875947e-05
   74          1.127597e-04       -5480.902468916137         -4.485262e-06
   75          2.898012e-04       -5480.902831080588         -3.621645e-04
   76          1.198663e-03       -5480.818096107289          8.473497e-02
   77          2.233410e-03       -5480.899149585902         -8.105348e-02
   78          3.484465e-03       -5480.901387496360         -2.237910e-03
   79          5.556255e-05       -5480.902880069159         -1.492573e-03
   80          1.102728e-04       -5480.902365862478          5.142067e-04
   81          9.935676e-05       -5480.902361098990          4.763489e-06
   82          5.760332e-05       -5480.902970150179         -6.090512e-04
   83          1.328706e-04       -5480.902922800755          4.734942e-05
   84          1.781872e-04       -5480.902674987431          2.478133e-04
   85          1.036968e-04       -5480.902397100778          2.778867e-04
   86          3.797004e-05       -5480.901633304670          7.637961e-04
   87          3.103418e-05       -5480.902618336826         -9.850322e-04
   88          5.480545e-05       -5480.902083019524          5.353173e-04
   89          1.826640e-05       -5480.902526080447         -4.430609e-04
---------------------------------------------------------------------------
                      SCF converged in 89 iterations!
===========================================================================


                                                                           
***************************************************************************
***                                                                     ***
***                    Printing Molecular Properties                    ***
***                                                                     ***
***************************************************************************
                                                                           
                                                                           
===========================================================================
                                 Molecule
---------------------------------------------------------------------------
 Charge                  :                                               0
 Multiplicity            :                                               2
---------------------------------------------------------------------------
    N    Atom            :               x               y               z
---------------------------------------------------------------------------
    0      Ag            :        0.000000        0.000000        0.000000
    1       O            :        0.000000        0.000000        3.649061
---------------------------------------------------------------------------
 Center of mass          :        0.000000        0.000000        0.471332
===========================================================================


===========================================================================
                         Molecular Energy (final)
---------------------------------------------------------------------------
 Kinetic energy          :            (au)               5698.028066828077
 E-N energy              :            (au)             -13432.423384870903
 Coulomb energy          :            (au)               2309.489614300872
 Exchange energy         :            (au)                  0.000000000000
 X-C energy              :            (au)               -159.037024979367
 Ext. field (el)         :            (au)                  0.000000000000
---------------------------------------------------------------------------
 N-N energy              :            (au)                103.040202640874
 Ext. field (nuc)        :            (au)                  0.000000000000
 Tot. Reac. Energy       :            (au)                  0.000000000000
 El. Reac. Energy        :            (au)                  0.000000000000
 Nuc. Reac. Energy       :            (au)                  0.000000000000
---------------------------------------------------------------------------
 Electronic energy       :            (au)              -5583.942728721321
 Nuclear energy          :            (au)                103.040202640874
---------------------------------------------------------------------------
 Total energy            :            (au)             -5.480902526080e+03
                         :      (kcal/mol)             -3.439318261532e+06
                         :        (kJ/mol)             -1.439010760625e+07
                         :            (eV)             -1.491429556138e+05
===========================================================================


===========================================================================
                         Orbital Energies (final)
---------------------------------------------------------------------------
    n  Occ Spin          :                                         Epsilon
---------------------------------------------------------------------------
    0    1    a          :            (au)               -964.074588965326
    1    1    a          :            (au)               -138.665628124974
    2    1    a          :            (au)               -124.228462665382
    3    1    a          :            (au)               -124.226744463676
    4    1    a          :            (au)               -124.226744300130
    5    1    a          :            (au)                -25.376166498563
    6    1    a          :            (au)                -20.679146407987
    7    1    a          :            (au)                -20.675346707362
    8    1    a          :            (au)                -20.675346301582
    9    1    a          :            (au)                -18.765740263545
   10    1    a          :            (au)                -13.289098029800
   11    1    a          :            (au)                -13.286344918196
   12    1    a          :            (au)                -13.286344646711
   13    1    a          :            (au)                -13.284351249960
   14    1    a          :            (au)                -13.284348003403
   15    1    a          :            (au)                 -3.594106579113
   16    1    a          :            (au)                 -2.247700392231
   17    1    a          :            (au)                 -2.236218418542
   18    1    a          :            (au)                 -2.236218301939
   19    1    a          :            (au)                 -0.779303267877
   20    1    a          :            (au)                 -0.379987472851
   21    1    a          :            (au)                 -0.352402640654
   22    1    a          :            (au)                 -0.352402495650
   23    1    a          :            (au)                 -0.340885690788
   24    1    a          :            (au)                 -0.340885621611
   25    1    a          :            (au)                 -0.259200728559
   26    1    a          :            (au)                 -0.194994401949
   27    1    a          :            (au)                 -0.194994368227
   28    1    b          :            (au)               -964.074165289752
   29    1    b          :            (au)               -138.664935521716
   30    1    b          :            (au)               -124.227850122211
   31    1    b          :            (au)               -124.226130426411
   32    1    b          :            (au)               -124.226130206552
   33    1    b          :            (au)                -25.375531689753
   34    1    b          :            (au)                -20.676849470679
   35    1    b          :            (au)                -20.675459333442
   36    1    b          :            (au)                -20.675458742318
   37    1    b          :            (au)                -18.752324629077
   38    1    b          :            (au)                -13.286173952602
   39    1    b          :            (au)                -13.285274215450
   40    1    b          :            (au)                -13.285273860261
   41    1    b          :            (au)                -13.284821966980
   42    1    b          :            (au)                -13.284818661107
   43    1    b          :            (au)                 -3.591226466951
   44    1    b          :            (au)                 -2.241249419516
   45    1    b          :            (au)                 -2.234637965770
   46    1    b          :            (au)                 -2.234637499956
   47    1    b          :            (au)                 -0.744611880087
   48    1    b          :            (au)                 -0.356372635254
   49    1    b          :            (au)                 -0.348055952667
   50    1    b          :            (au)                 -0.348055753586
   51    1    b          :            (au)                 -0.333252536620
   52    1    b          :            (au)                 -0.333252435174
   53    1    b          :            (au)                 -0.182721187687
   54    1    b          :            (au)                 -0.182721145502
---------------------------------------------------------------------------
 Sum occupied            :            (au)              -3322.665694893672
===========================================================================


===========================================================================
                           Dipole Moment (dip-1)
---------------------------------------------------------------------------
 r_O                     :        0.000000        0.000000        0.000000
---------------------------------------------------------------------------
 Electronic vector       :        0.000006       -0.000005      -31.362074
 Magnitude               :            (au)                       31.362074
                         :         (Debye)                       79.714440
---------------------------------------------------------------------------
 Nuclear vector          :        0.000000        0.000000       29.192489
 Magnitude               :            (au)                       29.192489
                         :         (Debye)                       74.199906
---------------------------------------------------------------------------
 Total vector            :        0.000006       -0.000005       -2.169585
 Magnitude               :            (au)                        2.169585
                         :         (Debye)                        5.514534
===========================================================================


                                                                           
                                                                           
***************************************************************************
***                                                                     ***
***                            Exiting MRChem                           ***
***                                                                     ***
***                       Wall time :  0h 47m 19s                       ***
***                                                                     ***
***************************************************************************
                                                                           
                                                                           
