Starting job 382962 on b[2381-2383,2385-2389] at Thu Jun 23 12:39:17 CEST 2022


Task and CPU usage stats:
JobID           JobName  AllocCPUS   NTasks     MinCPU MinCPUTask     AveCPU    Elapsed ExitCode 
------------ ---------- ---------- -------- ---------- ---------- ---------- ---------- -------- 
382962              AgO       1024                                             00:00:53      0:0 
382962.batch      batch        128        1   00:00:01          0   00:00:00   00:00:55     0:15 
382962.exte+     extern       1024        8   00:00:00          6   00:00:00   00:00:54      0:0 

Memory usage stats:
JobID            MaxRSS MaxRSSTask     AveRSS MaxPages   MaxPagesTask   AvePages 
------------ ---------- ---------- ---------- -------- -------------- ---------- 
382962                                                                           
382962.batch      5566K          0      5566K        0              0          0 
382962.exte+       873K          1     879232        3              6          2 

Disk usage stats:
JobID         MaxDiskRead MaxDiskReadTask    AveDiskRead MaxDiskWrite MaxDiskWriteTask   AveDiskWrite 
------------ ------------ --------------- -------------- ------------ ---------------- -------------- 
382962                                                                                                
382962.batch     1926.93M               0       1926.93M     1919.39M                0       1919.39M 
382962.exte+        0.00M               6          0.00M            0                6              0 

Job 382962 completed at Thu Jun 23 12:40:13 CEST 2022
Starting job 382970 on b[2381-2383,2385-2389] at Thu Jun 23 12:40:47 CEST 2022

Copying AgO.out to /cluster/home/ambr/projects/zora/small_molecules/calcs_mw6
Copying AgO.json to /cluster/home/ambr/projects/zora/small_molecules/calcs_mw6

Task and CPU usage stats:
JobID           JobName  AllocCPUS   NTasks     MinCPU MinCPUTask     AveCPU    Elapsed ExitCode 
------------ ---------- ---------- -------- ---------- ---------- ---------- ---------- -------- 
382970              AgO       1024                                             00:48:43      0:0 
382970.batch      batch        128        1 1-20:37:30          0 1-20:37:30   00:48:43      0:0 
382970.exte+     extern       1024        8   00:00:00          7   00:00:00   00:48:44      0:0 
382970.0          orted        896        7   14:20:04          6 1-13:44:24   00:47:22      0:0 

Memory usage stats:
JobID            MaxRSS MaxRSSTask     AveRSS MaxPages   MaxPagesTask   AvePages 
------------ ---------- ---------- ---------- -------- -------------- ---------- 
382970                                                                           
382970.batch  72850376K          0  72850376K     1535              0          0 
382970.exte+       869K          1     878720        3              7          2 
382970.0      69117634K          2 550899183+     1350              3       1239 

Disk usage stats:
JobID         MaxDiskRead MaxDiskReadTask    AveDiskRead MaxDiskWrite MaxDiskWriteTask   AveDiskWrite 
------------ ------------ --------------- -------------- ------------ ---------------- -------------- 
382970                                                                                                
382970.batch     6529.17M               0       6529.17M     6884.03M                0       6884.03M 
382970.exte+        0.00M               7          0.00M            0                7              0 
382970.0          384.38M               1        322.74M      726.35M                2        608.15M 

Job 382970 completed at Thu Jun 23 13:29:32 CEST 2022
