Starting job 382963 on b[3165-3172] at Thu Jun 23 12:39:17 CEST 2022


Task and CPU usage stats:
JobID           JobName  AllocCPUS   NTasks     MinCPU MinCPUTask     AveCPU    Elapsed ExitCode 
------------ ---------- ---------- -------- ---------- ---------- ---------- ---------- -------- 
382963               I2       1024                                             00:00:53      0:0 
382963.batch      batch        128        1   00:00:02          0   00:00:02   00:00:54     0:15 
382963.exte+     extern       1024        8   00:00:00          5   00:00:00   00:00:54      0:0 
382963.0          orted        896        7                                    00:00:00      0:0 

Memory usage stats:
JobID            MaxRSS MaxRSSTask     AveRSS MaxPages   MaxPagesTask   AvePages 
------------ ---------- ---------- ---------- -------- -------------- ---------- 
382963                                                                           
382963.batch      5614K          0      5614K        0              0          0 
382963.exte+       862K          4    858.50K        3              5          3 
382963.0                                                                         

Disk usage stats:
JobID         MaxDiskRead MaxDiskReadTask    AveDiskRead MaxDiskWrite MaxDiskWriteTask   AveDiskWrite 
------------ ------------ --------------- -------------- ------------ ---------------- -------------- 
382963                                                                                                
382963.batch     2310.96M               0       2310.96M     2303.42M                0       2303.42M 
382963.exte+        0.00M               5          0.00M            0                5              0 
382963.0                                                                                              

Job 382963 completed at Thu Jun 23 12:40:11 CEST 2022
Starting job 382971 on b[3165-3172] at Thu Jun 23 12:40:47 CEST 2022

Copying I2.out to /cluster/home/ambr/projects/zora/small_molecules/calcs_mw6
Copying I2.json to /cluster/home/ambr/projects/zora/small_molecules/calcs_mw6

Task and CPU usage stats:
JobID           JobName  AllocCPUS   NTasks     MinCPU MinCPUTask     AveCPU    Elapsed ExitCode 
------------ ---------- ---------- -------- ---------- ---------- ---------- ---------- -------- 
382971               I2       1024                                             00:15:33      0:0 
382971.batch      batch        128        1   13:41:21          0   13:41:21   00:15:33      0:0 
382971.exte+     extern       1024        8   00:00:00          4   00:00:00   00:15:33      0:0 
382971.0          orted        896        7   04:05:15          6   11:41:08   00:14:10      0:0 

Memory usage stats:
JobID            MaxRSS MaxRSSTask     AveRSS MaxPages   MaxPagesTask   AvePages 
------------ ---------- ---------- ---------- -------- -------------- ---------- 
382971                                                                           
382971.batch  83347724K          0  83347724K     1103              0          0 
382971.exte+       862K          4     879872        3              4          3 
382971.0      69283542K          0 623839376+      846              5        817 

Disk usage stats:
JobID         MaxDiskRead MaxDiskReadTask    AveDiskRead MaxDiskWrite MaxDiskWriteTask   AveDiskWrite 
------------ ------------ --------------- -------------- ------------ ---------------- -------------- 
382971                                                                                                
382971.batch     7170.15M               0       7170.15M     7573.29M                0       7573.29M 
382971.exte+        0.00M               4          0.00M            0                4              0 
382971.0          423.50M               4        335.24M      812.42M                4        658.40M 

Job 382971 completed at Thu Jun 23 12:56:22 CEST 2022
