                                                                           
                                                                           
***************************************************************************
***                                                                     ***
***                                                                     ***
***          __  __ ____   ____ _                                       ***
***         |  \/  |  _ \ / ___| |__   ___ _ __ ___                     ***
***         | |\/| | |_) | |   | '_ \ / _ \ '_ ` _ \                    ***
***         | |  | |  _ <| |___| | | |  __/ | | | | |                   ***
***         |_|  |_|_| \_\\____|_| |_|\___|_| |_| |_|                   ***
***                                                                     ***
***         VERSION            1.1.0-alpha                              ***
***                                                                     ***
***         Git branch         master                                   ***
***         Git commit hash    f6df85f5f746c23b4022                     ***
***         Git commit author  Stig Rune Jensen                         ***
***         Git commit date    Thu May 19 15:46:21 2022 +0200           ***
***                                                                     ***
***         Contact: luca.frediani@uit.no                               ***
***                                                                     ***
***         Radovan Bast            Magnar Bjorgve                      ***
***         Roberto Di Remigio      Antoine Durdek                      ***
***         Luca Frediani           Gabriel Gerez                       ***
***         Stig Rune Jensen        Jonas Juselius                      ***
***         Rune Monstad            Peter Wind                          ***
***                                                                     ***
***************************************************************************

---------------------------------------------------------------------------

 MPI processes           :       (32 bank)                              96
 OpenMP threads          :                                              15
 Total cores             :                                             992
                                                                           
---------------------------------------------------------------------------

XCFun DFT library Copyright 2009-2020 Ulf Ekstrom and contributors.
See http://dftlibs.org/xcfun/ for more information.

This is free software; see the source code for copying conditions.
There is ABSOLUTELY NO WARRANTY; not even for MERCHANTABILITY or
FITNESS FOR A PARTICULAR PURPOSE. For details see the documentation.
Scientific users of this library should cite
U. Ekstrom, L. Visscher, R. Bast, A. J. Thorvaldsen and K. Ruud;
J.Chem.Theor.Comp. 2010, DOI: 10.1021/ct100117s

---------------------------------------------------------------------------

 MRCPP version         : 1.4.1
 Git branch            : HEAD
 Git commit hash       : 75d41879b1908a94a452
 Git commit author     : Stig Rune Jensen
 Git commit date       : Thu Jan 6 11:38:53 2022 +0100

 Linear algebra        : EIGEN v3.4.0
 Parallelization       : MPI/OpenMP (15 threads)

---------------------------------------------------------------------------


                                                                           
===========================================================================
                         MultiResolution Analysis
---------------------------------------------------------------------------
 polynomial order      : 9
 polynomial type       : Interpolating
---------------------------------------------------------------------------
 total boxes           : 8
 boxes                 : [          2           2           2 ]
 unit lengths          : [  128.00000   128.00000   128.00000 ]
 scaling factor        : [    1.00000     1.00000     1.00000 ]
 lower bounds          : [ -128.00000  -128.00000  -128.00000 ]
 upper bounds          : [  128.00000   128.00000   128.00000 ]
 total length          : [  256.00000   256.00000   256.00000 ]
===========================================================================


                                                                           
***************************************************************************
***                                                                     ***
***                        Initializing Molecule                        ***
***                                                                     ***
***************************************************************************
                                                                           
                                                                           
===========================================================================
                                 Molecule
---------------------------------------------------------------------------
 Charge                  :                                               0
 Multiplicity            :                                               1
---------------------------------------------------------------------------
    N    Atom            :               x               y               z
---------------------------------------------------------------------------
    0       I            :        0.000000        0.000000        0.000000
    1       I            :        0.000000        0.000000        5.032341
---------------------------------------------------------------------------
 Center of mass          :        0.000000        0.000000        2.516170
===========================================================================


                                                                           
***************************************************************************
***                                                                     ***
***                 Computing Ground State Wavefunction                 ***
***                                                                     ***
***************************************************************************
                                                                           
                                                                           
~~~~~~~~~~~~~~~~~~~~~~~~~~~~~~~~~~~~~~~~~~~~~~~~~~~~~~~~~~~~~~~~~~~~~~~~~~~
 Calculation             : Compute initial orbitals
 Method                  : Project MW molecular orbitals
 Precision               : 1.00000e-05
 Restricted              : True
 MO file                 : initial_guess/phi_p_scf
~~~~~~~~~~~~~~~~~~~~~~~~~~~~~~~~~~~~~~~~~~~~~~~~~~~~~~~~~~~~~~~~~~~~~~~~~~~


===========================================================================
                            Molecular Orbitals
---------------------------------------------------------------------------
 Alpha electrons         :                                              53
 Beta electrons          :                                              53
 Total electrons         :                                             106
---------------------------------------------------------------------------
    n  Occ Spin          :                                            Norm
---------------------------------------------------------------------------
    0    2    p          :                              9.999999994058e-01
    1    2    p          :                              9.999999999740e-01
    2    2    p          :                              9.999999999979e-01
    3    2    p          :                              9.999999998912e-01
    4    2    p          :                              9.999999999982e-01
    5    2    p          :                              9.999999998689e-01
    6    2    p          :                              9.999999872169e-01
    7    2    p          :                              9.999999999982e-01
    8    2    p          :                              9.999999999937e-01
    9    2    p          :                              9.999999998733e-01
   10    2    p          :                              1.000000000030e+00
   11    2    p          :                              9.999999999766e-01
   12    2    p          :                              9.999999999990e-01
   13    2    p          :                              1.000000000028e+00
   14    2    p          :                              1.000000000027e+00
   15    2    p          :                              9.999999999690e-01
   16    2    p          :                              9.999999999993e-01
   17    2    p          :                              1.000000000028e+00
   18    2    p          :                              1.000000000000e+00
   19    2    p          :                              1.000000000028e+00
   20    2    p          :                              9.999999999846e-01
   21    2    p          :                              9.999999999826e-01
   22    2    p          :                              9.999999999856e-01
   23    2    p          :                              9.999999999887e-01
   24    2    p          :                              9.999999999937e-01
   25    2    p          :                              9.999999999844e-01
   26    2    p          :                              1.000000000028e+00
   27    2    p          :                              9.999999999852e-01
   28    2    p          :                              1.000000000000e+00
   29    2    p          :                              1.000000000226e+00
   30    2    p          :                              1.000000000005e+00
   31    2    p          :                              1.000000000206e+00
   32    2    p          :                              1.000000000204e+00
   33    2    p          :                              1.000000000005e+00
   34    2    p          :                              1.000000000005e+00
   35    2    p          :                              1.000000000146e+00
   36    2    p          :                              1.000000000104e+00
   37    2    p          :                              9.999999999999e-01
   38    2    p          :                              1.000000000001e+00
   39    2    p          :                              1.000000000401e+00
   40    2    p          :                              9.999999999980e-01
   41    2    p          :                              1.000000000414e+00
   42    2    p          :                              1.000000000094e+00
   43    2    p          :                              1.000000000000e+00
   44    2    p          :                              1.000000000404e+00
   45    2    p          :                              9.999999999980e-01
   46    2    p          :                              9.999999998894e-01
   47    2    p          :                              1.000000000005e+00
   48    2    p          :                              9.999999996739e-01
   49    2    p          :                              9.999999998821e-01
   50    2    p          :                              9.999999998776e-01
   51    2    p          :                              1.000000000005e+00
   52    2    p          :                              1.000000000005e+00
===========================================================================


~~~~~~~~~~~~~~~~~~~~~~~~~~~~~~~~~~~~~~~~~~~~~~~~~~~~~~~~~~~~~~~~~~~~~~~~~~~
 Calculation             : Compute initial energy
 Method                  : DFT (PBE)
 Relativity              : ZORA (V_nuc)
 Precision               : 1.00000e-05
 Localization            : On
~~~~~~~~~~~~~~~~~~~~~~~~~~~~~~~~~~~~~~~~~~~~~~~~~~~~~~~~~~~~~~~~~~~~~~~~~~~


===========================================================================
                        Molecular Energy (initial)
---------------------------------------------------------------------------
 Kinetic energy          :            (au)              13254.259069507245
 E-N energy              :            (au)             -33972.049126332087
 Coulomb energy          :            (au)               6090.463435009196
 Exchange energy         :            (au)                  0.000000000000
 X-C energy              :            (au)               -351.974726079799
 Ext. field (el)         :            (au)                  0.000000000000
---------------------------------------------------------------------------
 N-N energy              :            (au)                558.189555173311
 Ext. field (nuc)        :            (au)                  0.000000000000
 Tot. Reac. Energy       :            (au)                  0.000000000000
 El. Reac. Energy        :            (au)                  0.000000000000
 Nuc. Reac. Energy       :            (au)                  0.000000000000
---------------------------------------------------------------------------
 Electronic energy       :            (au)             -14979.301347895447
 Nuclear energy          :            (au)                558.189555173311
---------------------------------------------------------------------------
 Total energy            :            (au)             -1.442111179272e+04
                         :      (kcal/mol)             -9.049384276456e+06
                         :        (kJ/mol)             -3.786262381269e+07
                         :            (eV)             -3.924184430883e+05
===========================================================================


===========================================================================
                        Orbital Energies (initial)
---------------------------------------------------------------------------
    n  Occ Spin          :                                         Epsilon
---------------------------------------------------------------------------
    0    2    p          :            (au)              -1255.986416546380
    1    2    p          :            (au)              -1255.980132331555
    2    2    p          :            (au)               -188.885911092786
    3    2    p          :            (au)               -188.885675143554
    4    2    p          :            (au)               -172.887636227830
    5    2    p          :            (au)               -172.886260709969
    6    2    p          :            (au)               -172.885417713983
    7    2    p          :            (au)               -172.885107437772
    8    2    p          :            (au)               -172.884904597463
    9    2    p          :            (au)               -172.884638671909
   10    2    p          :            (au)                -38.047520713971
   11    2    p          :            (au)                -38.047408108354
   12    2    p          :            (au)                -32.580561574469
   13    2    p          :            (au)                -32.579229223182
   14    2    p          :            (au)                -32.574763329360
   15    2    p          :            (au)                -32.574742483519
   16    2    p          :            (au)                -32.574598366198
   17    2    p          :            (au)                -32.574577287290
   18    2    p          :            (au)                -23.332537598999
   19    2    p          :            (au)                -23.332486927745
   20    2    p          :            (au)                -23.331182311945
   21    2    p          :            (au)                -23.331180819585
   22    2    p          :            (au)                -23.331149334450
   23    2    p          :            (au)                -23.331148579022
   24    2    p          :            (au)                -23.327143113268
   25    2    p          :            (au)                -23.327142172347
   26    2    p          :            (au)                -23.327112044668
   27    2    p          :            (au)                -23.327110095450
   28    2    p          :            (au)                 -6.703315726767
   29    2    p          :            (au)                 -6.702838297305
   30    2    p          :            (au)                 -4.931897346206
   31    2    p          :            (au)                 -4.929485095684
   32    2    p          :            (au)                 -4.918398944369
   33    2    p          :            (au)                 -4.918397883029
   34    2    p          :            (au)                 -4.918108739503
   35    2    p          :            (au)                 -4.918107438534
   36    2    p          :            (au)                 -2.067404551527
   37    2    p          :            (au)                 -2.064133199684
   38    2    p          :            (au)                 -2.062238001633
   39    2    p          :            (au)                 -2.062235444213
   40    2    p          :            (au)                 -2.061377095433
   41    2    p          :            (au)                 -2.061374747938
   42    2    p          :            (au)                 -2.050638079265
   43    2    p          :            (au)                 -2.050636537725
   44    2    p          :            (au)                 -2.050564333925
   45    2    p          :            (au)                 -2.050563185470
   46    2    p          :            (au)                 -0.714099319389
   47    2    p          :            (au)                 -0.629926644523
   48    2    p          :            (au)                 -0.387656748400
   49    2    p          :            (au)                 -0.321862296089
   50    2    p          :            (au)                 -0.321860918778
   51    2    p          :            (au)                 -0.264337039056
   52    2    p          :            (au)                 -0.264335468734
---------------------------------------------------------------------------
 Sum occupied            :            (au)              -8996.658975280401
===========================================================================


~~~~~~~~~~~~~~~~~~~~~~~~~~~~~~~~~~~~~~~~~~~~~~~~~~~~~~~~~~~~~~~~~~~~~~~~~~~
 Calculation             : Optimize ground state orbitals
 Method                  : DFT (PBE)
 Relativity              : ZORA (V_nuc)
 Checkpointing           : Off
 Max iterations          : 500
 KAIN solver             : 6
 Localization            : First two iterations
 Diagonalization         : Off
 Start precision         : 1.00000e-06
 Final precision         : 1.00000e-06
 Helmholtz precision     : Dynamic
 Energy threshold        : Off
 Orbital threshold       : 1.00000e-05
~~~~~~~~~~~~~~~~~~~~~~~~~~~~~~~~~~~~~~~~~~~~~~~~~~~~~~~~~~~~~~~~~~~~~~~~~~~


===========================================================================
 Iter           MO residual             Total energy                Update
---------------------------------------------------------------------------
    0          7.280110e+00      -14421.111792722137         -1.442111e+04
    1          1.249812e-01      -14515.047789331877         -9.393600e+01
    2          6.411977e-02      -14529.677288672707         -1.462950e+01
    3          4.180944e-02      -14534.263469137813         -4.586180e+00
    4          7.564297e-02      -14533.022915350781          1.240554e+00
    5          1.485733e-02      -14533.800172671799         -7.772573e-01
    6          9.277164e-03      -14535.526892399297         -1.726720e+00
    7          6.143927e-03      -14532.941302517789          2.585590e+00
    8          6.845447e-03      -14533.198413781660         -2.571113e-01
    9          3.784874e-03      -14534.924166354584         -1.725753e+00
   10          4.887782e-03      -14532.107448814237          2.816718e+00
   11          3.894556e-03      -14535.842043372413         -3.734595e+00
   12          1.305218e-03      -14536.132115427405         -2.900721e-01
   13          5.660088e-04      -14536.118775457393          1.333997e-02
   14          4.565755e-04      -14536.137048178733         -1.827272e-02
   15          3.141255e-04      -14536.142126391747         -5.078213e-03
   16          2.346494e-04      -14536.138065411735          4.060980e-03
   17          1.512932e-04      -14536.140489096773         -2.423685e-03
   18          1.143318e-04      -14536.143211551920         -2.722455e-03
   19          8.767989e-05      -14536.144358908914         -1.147357e-03
   20          1.109935e-04      -14536.140579555557          3.779353e-03
   21          5.884965e-05      -14536.139955429939          6.241256e-04
   22          1.012365e-04      -14536.144476336431         -4.520906e-03
   23          8.308585e-05      -14536.142658800360          1.817536e-03
   24          2.880069e-05      -14536.143653700348         -9.949000e-04
---------------------------------------------------------------------------
                      SCF converged in 24 iterations!
===========================================================================


                                                                           
***************************************************************************
***                                                                     ***
***                    Printing Molecular Properties                    ***
***                                                                     ***
***************************************************************************
                                                                           
                                                                           
===========================================================================
                                 Molecule
---------------------------------------------------------------------------
 Charge                  :                                               0
 Multiplicity            :                                               1
---------------------------------------------------------------------------
    N    Atom            :               x               y               z
---------------------------------------------------------------------------
    0       I            :        0.000000        0.000000        0.000000
    1       I            :        0.000000        0.000000        5.032341
---------------------------------------------------------------------------
 Center of mass          :        0.000000        0.000000        2.516170
===========================================================================


===========================================================================
                         Molecular Energy (final)
---------------------------------------------------------------------------
 Kinetic energy          :            (au)              15282.671503117805
 E-N energy              :            (au)             -36235.215925138204
 Coulomb energy          :            (au)               6224.917806462365
 Exchange energy         :            (au)                  0.000000000000
 X-C energy              :            (au)               -366.706593315623
 Ext. field (el)         :            (au)                  0.000000000000
---------------------------------------------------------------------------
 N-N energy              :            (au)                558.189555173311
 Ext. field (nuc)        :            (au)                  0.000000000000
 Tot. Reac. Energy       :            (au)                  0.000000000000
 El. Reac. Energy        :            (au)                  0.000000000000
 Nuc. Reac. Energy       :            (au)                  0.000000000000
---------------------------------------------------------------------------
 Electronic energy       :            (au)             -15094.333208873659
 Nuclear energy          :            (au)                558.189555173311
---------------------------------------------------------------------------
 Total energy            :            (au)             -1.453614365370e+04
                         :      (kcal/mol)             -9.121567859039e+06
                         :        (kJ/mol)             -3.816463992222e+07
                         :            (eV)             -3.955486194880e+05
===========================================================================


===========================================================================
                         Orbital Energies (final)
---------------------------------------------------------------------------
    n  Occ Spin          :                                         Epsilon
---------------------------------------------------------------------------
    0    2    p          :            (au)              -1267.879475864687
    1    2    p          :            (au)              -1267.875219184028
    2    2    p          :            (au)               -189.959884723635
    3    2    p          :            (au)               -189.959460302733
    4    2    p          :            (au)               -170.235734073692
    5    2    p          :            (au)               -170.235692125346
    6    2    p          :            (au)               -170.233059636082
    7    2    p          :            (au)               -170.233059565266
    8    2    p          :            (au)               -170.233019829661
    9    2    p          :            (au)               -170.233019692295
   10    2    p          :            (au)                -38.125359153542
   11    2    p          :            (au)                -38.125282505572
   12    2    p          :            (au)                -31.807603489487
   13    2    p          :            (au)                -31.807594228620
   14    2    p          :            (au)                -31.801290544537
   15    2    p          :            (au)                -31.801290451694
   16    2    p          :            (au)                -31.801281851851
   17    2    p          :            (au)                -31.801281796987
   18    2    p          :            (au)                -22.366572392618
   19    2    p          :            (au)                -22.366565185652
   20    2    p          :            (au)                -22.365148930234
   21    2    p          :            (au)                -22.365148913382
   22    2    p          :            (au)                -22.365141734826
   23    2    p          :            (au)                -22.365141707477
   24    2    p          :            (au)                -22.360892936557
   25    2    p          :            (au)                -22.360892674927
   26    2    p          :            (au)                -22.360886095502
   27    2    p          :            (au)                -22.360885885476
   28    2    p          :            (au)                 -6.687171015061
   29    2    p          :            (au)                 -6.687157099141
   30    2    p          :            (au)                 -4.724615162865
   31    2    p          :            (au)                 -4.724451880171
   32    2    p          :            (au)                 -4.710155709828
   33    2    p          :            (au)                 -4.710155512968
   34    2    p          :            (au)                 -4.710145107293
   35    2    p          :            (au)                 -4.710144916800
   36    2    p          :            (au)                 -1.859594177953
   37    2    p          :            (au)                 -1.855108385181
   38    2    p          :            (au)                 -1.853619284636
   39    2    p          :            (au)                 -1.853619155548
   40    2    p          :            (au)                 -1.852374366027
   41    2    p          :            (au)                 -1.852374234951
   42    2    p          :            (au)                 -1.840950796322
   43    2    p          :            (au)                 -1.840950598994
   44    2    p          :            (au)                 -1.840839727461
   45    2    p          :            (au)                 -1.840839646535
   46    2    p          :            (au)                 -0.697058898673
   47    2    p          :            (au)                 -0.616108813497
   48    2    p          :            (au)                 -0.353689259112
   49    2    p          :            (au)                 -0.289891998936
   50    2    p          :            (au)                 -0.289891955126
   51    2    p          :            (au)                 -0.230479836823
   52    2    p          :            (au)                 -0.230479783764
---------------------------------------------------------------------------
 Sum occupied            :            (au)              -8981.295505600065
===========================================================================


===========================================================================
                           Dipole Moment (dip-1)
---------------------------------------------------------------------------
 r_O                     :        0.000000        0.000000        0.000000
---------------------------------------------------------------------------
 Electronic vector       :       -0.000005        0.000007     -266.714063
 Magnitude               :            (au)                      266.714063
                         :         (Debye)                      677.919529
---------------------------------------------------------------------------
 Nuclear vector          :        0.000000        0.000000      266.714056
 Magnitude               :            (au)                      266.714056
                         :         (Debye)                      677.919510
---------------------------------------------------------------------------
 Total vector            :       -0.000005        0.000007       -0.000007
 Magnitude               :            (au)                        0.000011
                         :         (Debye)                        0.000028
===========================================================================


                                                                           
                                                                           
***************************************************************************
***                                                                     ***
***                            Exiting MRChem                           ***
***                                                                     ***
***                       Wall time :  0h 14m  7s                       ***
***                                                                     ***
***************************************************************************
                                                                           
                                                                           
