                                                                           
                                                                           
***************************************************************************
***                                                                     ***
***                                                                     ***
***          __  __ ____   ____ _                                       ***
***         |  \/  |  _ \ / ___| |__   ___ _ __ ___                     ***
***         | |\/| | |_) | |   | '_ \ / _ \ '_ ` _ \                    ***
***         | |  | |  _ <| |___| | | |  __/ | | | | |                   ***
***         |_|  |_|_| \_\\____|_| |_|\___|_| |_| |_|                   ***
***                                                                     ***
***         VERSION            1.1.0-alpha                              ***
***                                                                     ***
***         Git branch         master                                   ***
***         Git commit hash    f6df85f5f746c23b4022                     ***
***         Git commit author  Stig Rune Jensen                         ***
***         Git commit date    Thu May 19 15:46:21 2022 +0200           ***
***                                                                     ***
***         Contact: luca.frediani@uit.no                               ***
***                                                                     ***
***         Radovan Bast            Magnar Bjorgve                      ***
***         Roberto Di Remigio      Antoine Durdek                      ***
***         Luca Frediani           Gabriel Gerez                       ***
***         Stig Rune Jensen        Jonas Juselius                      ***
***         Rune Monstad            Peter Wind                          ***
***                                                                     ***
***************************************************************************

---------------------------------------------------------------------------

 MPI processes           :       (32 bank)                              96
 OpenMP threads          :                                              15
 Total cores             :                                             992
                                                                           
---------------------------------------------------------------------------

XCFun DFT library Copyright 2009-2020 Ulf Ekstrom and contributors.
See http://dftlibs.org/xcfun/ for more information.

This is free software; see the source code for copying conditions.
There is ABSOLUTELY NO WARRANTY; not even for MERCHANTABILITY or
FITNESS FOR A PARTICULAR PURPOSE. For details see the documentation.
Scientific users of this library should cite
U. Ekstrom, L. Visscher, R. Bast, A. J. Thorvaldsen and K. Ruud;
J.Chem.Theor.Comp. 2010, DOI: 10.1021/ct100117s

---------------------------------------------------------------------------

 MRCPP version         : 1.4.1
 Git branch            : HEAD
 Git commit hash       : 75d41879b1908a94a452
 Git commit author     : Stig Rune Jensen
 Git commit date       : Thu Jan 6 11:38:53 2022 +0100

 Linear algebra        : EIGEN v3.4.0
 Parallelization       : MPI/OpenMP (15 threads)

---------------------------------------------------------------------------


                                                                           
===========================================================================
                         MultiResolution Analysis
---------------------------------------------------------------------------
 polynomial order      : 9
 polynomial type       : Interpolating
---------------------------------------------------------------------------
 total boxes           : 8
 boxes                 : [          2           2           2 ]
 unit lengths          : [  128.00000   128.00000   128.00000 ]
 scaling factor        : [    1.00000     1.00000     1.00000 ]
 lower bounds          : [ -128.00000  -128.00000  -128.00000 ]
 upper bounds          : [  128.00000   128.00000   128.00000 ]
 total length          : [  256.00000   256.00000   256.00000 ]
===========================================================================


                                                                           
***************************************************************************
***                                                                     ***
***                        Initializing Molecule                        ***
***                                                                     ***
***************************************************************************
                                                                           
                                                                           
===========================================================================
                                 Molecule
---------------------------------------------------------------------------
 Charge                  :                                               0
 Multiplicity            :                                               2
---------------------------------------------------------------------------
    N    Atom            :               x               y               z
---------------------------------------------------------------------------
    0      Sr            :        0.000000        0.000000        0.000000
    1       F            :        0.000000        0.000000        3.930630
---------------------------------------------------------------------------
 Center of mass          :        0.000000        0.000000        0.700402
===========================================================================


                                                                           
***************************************************************************
***                                                                     ***
***                 Computing Ground State Wavefunction                 ***
***                                                                     ***
***************************************************************************
                                                                           
                                                                           
~~~~~~~~~~~~~~~~~~~~~~~~~~~~~~~~~~~~~~~~~~~~~~~~~~~~~~~~~~~~~~~~~~~~~~~~~~~
 Calculation             : Compute initial orbitals
 Method                  : Project MW molecular orbitals
 Precision               : 1.00000e-05
 Restricted              : False
 MO alpha file           : initial_guess/phi_a_scf
 MO beta file            : initial_guess/phi_b_scf
~~~~~~~~~~~~~~~~~~~~~~~~~~~~~~~~~~~~~~~~~~~~~~~~~~~~~~~~~~~~~~~~~~~~~~~~~~~


===========================================================================
                            Molecular Orbitals
---------------------------------------------------------------------------
 Alpha electrons         :                                              24
 Beta electrons          :                                              23
 Total electrons         :                                              47
---------------------------------------------------------------------------
    n  Occ Spin          :                                            Norm
---------------------------------------------------------------------------
    0    1    a          :                              9.999999999982e-01
    1    1    a          :                              1.000000000004e+00
    2    1    a          :                              1.000000000004e+00
    3    1    a          :                              1.000000000004e+00
    4    1    a          :                              1.000000000004e+00
    5    1    a          :                              1.000000000007e+00
    6    1    a          :                              1.000000000059e+00
    7    1    a          :                              1.000000000004e+00
    8    1    a          :                              1.000000000018e+00
    9    1    a          :                              1.000000000056e+00
   10    1    a          :                              9.999999999707e-01
   11    1    a          :                              1.000000000053e+00
   12    1    a          :                              9.999999999653e-01
   13    1    a          :                              9.999999999504e-01
   14    1    a          :                              9.999999999942e-01
   15    1    a          :                              1.000000000018e+00
   16    1    a          :                              9.999999999180e-01
   17    1    a          :                              1.000000000123e+00
   18    1    a          :                              1.000000000059e+00
   19    1    a          :                              1.000000000090e+00
   20    1    a          :                              9.999999999199e-01
   21    1    a          :                              9.999999999192e-01
   22    1    a          :                              9.999999999982e-01
   23    1    a          :                              1.000000000000e+00
   24    1    b          :                              9.999999999981e-01
   25    1    b          :                              1.000000000004e+00
   26    1    b          :                              1.000000000004e+00
   27    1    b          :                              1.000000000005e+00
   28    1    b          :                              1.000000000004e+00
   29    1    b          :                              1.000000000008e+00
   30    1    b          :                              1.000000000003e+00
   31    1    b          :                              9.999999999840e-01
   32    1    b          :                              1.000000000005e+00
   33    1    b          :                              9.999999999674e-01
   34    1    b          :                              1.000000000004e+00
   35    1    b          :                              9.999999999853e-01
   36    1    b          :                              9.999999998412e-01
   37    1    b          :                              9.999999999554e-01
   38    1    b          :                              9.999999999964e-01
   39    1    b          :                              1.000000000005e+00
   40    1    b          :                              9.999999997063e-01
   41    1    b          :                              1.000000000091e+00
   42    1    b          :                              1.000000000091e+00
   43    1    b          :                              1.000000000090e+00
   44    1    b          :                              9.999999999923e-01
   45    1    b          :                              9.999999999098e-01
   46    1    b          :                              9.999999998055e-01
===========================================================================


~~~~~~~~~~~~~~~~~~~~~~~~~~~~~~~~~~~~~~~~~~~~~~~~~~~~~~~~~~~~~~~~~~~~~~~~~~~
 Calculation             : Compute initial energy
 Method                  : DFT (PBE)
 Relativity              : ZORA (V_nuc)
 Precision               : 1.00000e-05
 Localization            : On
~~~~~~~~~~~~~~~~~~~~~~~~~~~~~~~~~~~~~~~~~~~~~~~~~~~~~~~~~~~~~~~~~~~~~~~~~~~


===========================================================================
                        Molecular Energy (initial)
---------------------------------------------------------------------------
 Kinetic energy          :            (au)               3155.431773316966
 E-N energy              :            (au)              -7885.677873614840
 Coulomb energy          :            (au)               1448.735379898943
 Exchange energy         :            (au)                  0.000000000000
 X-C energy              :            (au)               -113.812230705721
 Ext. field (el)         :            (au)                  0.000000000000
---------------------------------------------------------------------------
 N-N energy              :            (au)                 87.008945254243
 Ext. field (nuc)        :            (au)                  0.000000000000
 Tot. Reac. Energy       :            (au)                  0.000000000000
 El. Reac. Energy        :            (au)                  0.000000000000
 Nuc. Reac. Energy       :            (au)                  0.000000000000
---------------------------------------------------------------------------
 Electronic energy       :            (au)              -3395.322951104651
 Nuclear energy          :            (au)                 87.008945254243
---------------------------------------------------------------------------
 Total energy            :            (au)             -3.308314005850e+03
                         :      (kcal/mol)             -2.075998381847e+06
                         :        (kJ/mol)             -8.685977229646e+06
                         :            (eV)             -9.002381023621e+04
===========================================================================


===========================================================================
                        Orbital Energies (initial)
---------------------------------------------------------------------------
    n  Occ Spin          :                                         Epsilon
---------------------------------------------------------------------------
    0    1    a          :            (au)               -599.131290381107
    1    1    a          :            (au)                -80.162901644474
    2    1    a          :            (au)                -71.762014943136
    3    1    a          :            (au)                -71.762014840026
    4    1    a          :            (au)                -71.760957052633
    5    1    a          :            (au)                -24.237619486247
    6    1    a          :            (au)                -12.400206837553
    7    1    a          :            (au)                 -9.627885624243
    8    1    a          :            (au)                 -9.627884813370
    9    1    a          :            (au)                 -9.625900253447
   10    1    a          :            (au)                 -4.887242565209
   11    1    a          :            (au)                 -4.887241965180
   12    1    a          :            (au)                 -4.885808423349
   13    1    a          :            (au)                 -4.885807815952
   14    1    a          :            (au)                 -4.885187068720
   15    1    a          :            (au)                 -1.505968988951
   16    1    a          :            (au)                 -0.979898122014
   17    1    a          :            (au)                 -0.852966865583
   18    1    a          :            (au)                 -0.852965959966
   19    1    a          :            (au)                 -0.823362231951
   20    1    a          :            (au)                 -0.285981622792
   21    1    a          :            (au)                 -0.281167055556
   22    1    a          :            (au)                 -0.281166752758
   23    1    a          :            (au)                 -0.127359044229
   24    1    b          :            (au)               -599.130761878611
   25    1    b          :            (au)                -80.162388697495
   26    1    b          :            (au)                -71.761767263551
   27    1    b          :            (au)                -71.761767171221
   28    1    b          :            (au)                -71.760692128404
   29    1    b          :            (au)                -24.237699067144
   30    1    b          :            (au)                -12.399506817661
   31    1    b          :            (au)                 -9.627621040867
   32    1    b          :            (au)                 -9.627620831013
   33    1    b          :            (au)                 -9.625104310158
   34    1    b          :            (au)                 -4.887022287553
   35    1    b          :            (au)                 -4.887020775202
   36    1    b          :            (au)                 -4.885205099361
   37    1    b          :            (au)                 -4.885204957792
   38    1    b          :            (au)                 -4.884345408416
   39    1    b          :            (au)                 -1.503081019724
   40    1    b          :            (au)                 -0.979524194735
   41    1    b          :            (au)                 -0.849305437323
   42    1    b          :            (au)                 -0.849303300963
   43    1    b          :            (au)                 -0.820191090023
   44    1    b          :            (au)                 -0.285502514003
   45    1    b          :            (au)                 -0.281049251308
   46    1    b          :            (au)                 -0.281049149614
---------------------------------------------------------------------------
 Sum occupied            :            (au)              -1980.893534050586
===========================================================================


~~~~~~~~~~~~~~~~~~~~~~~~~~~~~~~~~~~~~~~~~~~~~~~~~~~~~~~~~~~~~~~~~~~~~~~~~~~
 Calculation             : Optimize ground state orbitals
 Method                  : DFT (PBE)
 Relativity              : ZORA (V_nuc)
 Checkpointing           : Off
 Max iterations          : 500
 KAIN solver             : 6
 Localization            : First two iterations
 Diagonalization         : Off
 Start precision         : 1.00000e-06
 Final precision         : 1.00000e-06
 Helmholtz precision     : Dynamic
 Energy threshold        : Off
 Orbital threshold       : 1.00000e-05
~~~~~~~~~~~~~~~~~~~~~~~~~~~~~~~~~~~~~~~~~~~~~~~~~~~~~~~~~~~~~~~~~~~~~~~~~~~


===========================================================================
 Iter           MO residual             Total energy                Update
---------------------------------------------------------------------------
    0          6.855655e+00       -3308.314005850408         -3.308314e+03
    1          6.299633e-02       -3314.799790168945         -6.485784e+00
    2          3.011766e-02       -3315.708813426894         -9.090233e-01
    3          1.897499e-02       -3315.991583043931         -2.827696e-01
    4          2.523223e-02       -3315.950764760263          4.081828e-02
    5          1.084726e-02       -3316.012881806177         -6.211705e-02
    6          4.124505e-03       -3316.055366361436         -4.248456e-02
    7          3.199805e-03       -3315.978131534979          7.723483e-02
    8          2.609182e-03       -3316.060885027414         -8.275349e-02
    9          1.737512e-03       -3316.038022577690          2.286245e-02
   10          3.055265e-03       -3315.406954885563          6.310677e-01
   11          2.544844e-03       -3316.013690918925         -6.067360e-01
   12          1.206820e-03       -3316.052981505717         -3.929059e-02
   13          1.064290e-03       -3316.017827866408          3.515364e-02
   14          1.001318e-03       -3316.053183903803         -3.535604e-02
   15          9.171350e-04       -3316.073151707395         -1.996780e-02
   16          5.944332e-04       -3316.079968806594         -6.817099e-03
   17          4.151662e-04       -3316.075253666333          4.715140e-03
   18          2.680851e-04       -3316.078283783376         -3.030117e-03
   19          2.017800e-04       -3316.078398172885         -1.143895e-04
   20          7.446640e-05       -3316.079884166372         -1.485993e-03
   21          5.827975e-05       -3316.079800725117          8.344125e-05
   22          4.915094e-05       -3316.079782425259          1.829986e-05
   23          4.779414e-05       -3316.080044060298         -2.616350e-04
   24          3.401663e-05       -3316.080051424271         -7.363973e-06
   25          2.375180e-05       -3316.080009292875          4.213140e-05
   26          1.460723e-05       -3316.080062122812         -5.282994e-05
---------------------------------------------------------------------------
                      SCF converged in 26 iterations!
===========================================================================


                                                                           
***************************************************************************
***                                                                     ***
***                    Printing Molecular Properties                    ***
***                                                                     ***
***************************************************************************
                                                                           
                                                                           
===========================================================================
                                 Molecule
---------------------------------------------------------------------------
 Charge                  :                                               0
 Multiplicity            :                                               2
---------------------------------------------------------------------------
    N    Atom            :               x               y               z
---------------------------------------------------------------------------
    0      Sr            :        0.000000        0.000000        0.000000
    1       F            :        0.000000        0.000000        3.930630
---------------------------------------------------------------------------
 Center of mass          :        0.000000        0.000000        0.700402
===========================================================================


===========================================================================
                         Molecular Energy (final)
---------------------------------------------------------------------------
 Kinetic energy          :            (au)               3400.664726463786
 E-N energy              :            (au)              -8154.588344462964
 Coulomb energy          :            (au)               1467.029084217728
 Exchange energy         :            (au)                  0.000000000000
 X-C energy              :            (au)               -116.194473595605
 Ext. field (el)         :            (au)                  0.000000000000
---------------------------------------------------------------------------
 N-N energy              :            (au)                 87.008945254243
 Ext. field (nuc)        :            (au)                  0.000000000000
 Tot. Reac. Energy       :            (au)                  0.000000000000
 El. Reac. Energy        :            (au)                  0.000000000000
 Nuc. Reac. Energy       :            (au)                  0.000000000000
---------------------------------------------------------------------------
 Electronic energy       :            (au)              -3403.089007377056
 Nuclear energy          :            (au)                 87.008945254243
---------------------------------------------------------------------------
 Total energy            :            (au)             -3.316080062123e+03
                         :      (kcal/mol)             -2.080871655734e+06
                         :        (kJ/mol)             -8.706367007590e+06
                         :            (eV)             -9.023513539304e+04
===========================================================================


===========================================================================
                         Orbital Energies (final)
---------------------------------------------------------------------------
    n  Occ Spin          :                                         Epsilon
---------------------------------------------------------------------------
    0    1    a          :            (au)               -599.149212892144
    1    1    a          :            (au)                -79.862200000134
    2    1    a          :            (au)                -70.887659061047
    3    1    a          :            (au)                -70.887659054190
    4    1    a          :            (au)                -70.886609355572
    5    1    a          :            (au)                -24.210391696791
    6    1    a          :            (au)                -12.289450684819
    7    1    a          :            (au)                 -9.412133129446
    8    1    a          :            (au)                 -9.412133069086
    9    1    a          :            (au)                 -9.410064982610
   10    1    a          :            (au)                 -4.672150229768
   11    1    a          :            (au)                 -4.672150124527
   12    1    a          :            (au)                 -4.670688635057
   13    1    a          :            (au)                 -4.670688565131
   14    1    a          :            (au)                 -4.670056428764
   15    1    a          :            (au)                 -1.478349189760
   16    1    a          :            (au)                 -0.969372606429
   17    1    a          :            (au)                 -0.816210702403
   18    1    a          :            (au)                 -0.816210650976
   19    1    a          :            (au)                 -0.788906568329
   20    1    a          :            (au)                 -0.276795594286
   21    1    a          :            (au)                 -0.273667931971
   22    1    a          :            (au)                 -0.273667920791
   23    1    a          :            (au)                 -0.124622179140
   24    1    b          :            (au)               -599.148906352064
   25    1    b          :            (au)                -79.861931222646
   26    1    b          :            (au)                -70.887408145950
   27    1    b          :            (au)                -70.887408134064
   28    1    b          :            (au)                -70.886333601337
   29    1    b          :            (au)                -24.210410971196
   30    1    b          :            (au)                -12.289018490278
   31    1    b          :            (au)                 -9.411833747400
   32    1    b          :            (au)                 -9.411833726314
   33    1    b          :            (au)                 -9.409265931955
   34    1    b          :            (au)                 -4.671900162910
   35    1    b          :            (au)                 -4.671899934814
   36    1    b          :            (au)                 -4.670043815851
   37    1    b          :            (au)                 -4.670043740731
   38    1    b          :            (au)                 -4.669178532610
   39    1    b          :            (au)                 -1.475684725965
   40    1    b          :            (au)                 -0.968992695526
   41    1    b          :            (au)                 -0.812041784643
   42    1    b          :            (au)                 -0.812041618022
   43    1    b          :            (au)                 -0.785596942594
   44    1    b          :            (au)                 -0.276064225096
   45    1    b          :            (au)                 -0.273492459649
   46    1    b          :            (au)                 -0.273492438010
---------------------------------------------------------------------------
 Sum occupied            :            (au)              -1971.015874652796
===========================================================================


===========================================================================
                           Dipole Moment (dip-1)
---------------------------------------------------------------------------
 r_O                     :        0.000000        0.000000        0.000000
---------------------------------------------------------------------------
 Electronic vector       :        0.000003       -0.000001      -36.682595
 Magnitude               :            (au)                       36.682595
                         :         (Debye)                       93.237857
---------------------------------------------------------------------------
 Nuclear vector          :        0.000000        0.000000       35.375673
 Magnitude               :            (au)                       35.375673
                         :         (Debye)                       89.915992
---------------------------------------------------------------------------
 Total vector            :        0.000003       -0.000001       -1.306922
 Magnitude               :            (au)                        1.306922
                         :         (Debye)                        3.321865
===========================================================================


                                                                           
                                                                           
***************************************************************************
***                                                                     ***
***                            Exiting MRChem                           ***
***                                                                     ***
***                       Wall time :  0h 13m  5s                       ***
***                                                                     ***
***************************************************************************
                                                                           
                                                                           
