Starting job 382964 on b[3173-3180] at Thu Jun 23 12:39:17 CEST 2022


Task and CPU usage stats:
JobID           JobName  AllocCPUS   NTasks     MinCPU MinCPUTask     AveCPU    Elapsed ExitCode 
------------ ---------- ---------- -------- ---------- ---------- ---------- ---------- -------- 
382964              SrF       1024                                             00:00:53      0:0 
382964.batch      batch        128        1   00:00:01          0   00:00:00   00:00:55     0:15 
382964.exte+     extern       1024        8   00:00:00          3   00:00:00   00:00:54      0:0 

Memory usage stats:
JobID            MaxRSS MaxRSSTask     AveRSS MaxPages   MaxPagesTask   AvePages 
------------ ---------- ---------- ---------- -------- -------------- ---------- 
382964                                                                           
382964.batch      5614K          0      5614K        0              0          0 
382964.exte+       864K          7     878848        3              3          2 

Disk usage stats:
JobID         MaxDiskRead MaxDiskReadTask    AveDiskRead MaxDiskWrite MaxDiskWriteTask   AveDiskWrite 
------------ ------------ --------------- -------------- ------------ ---------------- -------------- 
382964                                                                                                
382964.batch     1762.73M               0       1762.73M     1755.18M                0       1755.18M 
382964.exte+        0.00M               3          0.00M            0                3              0 

Job 382964 completed at Thu Jun 23 12:40:13 CEST 2022
Starting job 382972 on b[3173-3180] at Thu Jun 23 12:40:47 CEST 2022

Copying SrF.out to /cluster/home/ambr/projects/zora/small_molecules/calcs_mw6
Copying SrF.json to /cluster/home/ambr/projects/zora/small_molecules/calcs_mw6

Task and CPU usage stats:
JobID           JobName  AllocCPUS   NTasks     MinCPU MinCPUTask     AveCPU    Elapsed ExitCode 
------------ ---------- ---------- -------- ---------- ---------- ---------- ---------- -------- 
382972              SrF       1024                                             00:14:56      0:0 
382972.batch      batch        128        1   12:23:44          0   12:23:44   00:14:56      0:0 
382972.exte+     extern       1024        8   00:00:00          4   00:00:00   00:14:57      0:0 
382972.0          orted        896        7   04:04:54          6   09:33:32   00:13:09      0:0 

Memory usage stats:
JobID            MaxRSS MaxRSSTask     AveRSS MaxPages   MaxPagesTask   AvePages 
------------ ---------- ---------- ---------- -------- -------------- ---------- 
382972                                                                           
382972.batch  56357669K          0  56357669K     1082              0          0 
382972.exte+       861K          5     879360        3              2          2 
382972.0      58415275K          2  44807483K      924              2        866 

Disk usage stats:
JobID         MaxDiskRead MaxDiskReadTask    AveDiskRead MaxDiskWrite MaxDiskWriteTask   AveDiskWrite 
------------ ------------ --------------- -------------- ------------ ---------------- -------------- 
382972                                                                                                
382972.batch     5553.94M               0       5553.94M     5858.56M                0       5858.56M 
382972.exte+        0.00M               4          0.00M            0                4              0 
382972.0          392.05M               1        283.69M      694.47M                2        502.42M 

Job 382972 completed at Thu Jun 23 12:55:44 CEST 2022
