                                                                           
                                                                           
***************************************************************************
***                                                                     ***
***                                                                     ***
***          __  __ ____   ____ _                                       ***
***         |  \/  |  _ \ / ___| |__   ___ _ __ ___                     ***
***         | |\/| | |_) | |   | '_ \ / _ \ '_ ` _ \                    ***
***         | |  | |  _ <| |___| | | |  __/ | | | | |                   ***
***         |_|  |_|_| \_\\____|_| |_|\___|_| |_| |_|                   ***
***                                                                     ***
***         VERSION            1.1.0-alpha                              ***
***                                                                     ***
***         Git branch         master                                   ***
***         Git commit hash    f6df85f5f746c23b4022                     ***
***         Git commit author  Stig Rune Jensen                         ***
***         Git commit date    Thu May 19 15:46:21 2022 +0200           ***
***                                                                     ***
***         Contact: luca.frediani@uit.no                               ***
***                                                                     ***
***         Radovan Bast            Magnar Bjorgve                      ***
***         Roberto Di Remigio      Antoine Durdek                      ***
***         Luca Frediani           Gabriel Gerez                       ***
***         Stig Rune Jensen        Jonas Juselius                      ***
***         Rune Monstad            Peter Wind                          ***
***                                                                     ***
***************************************************************************

---------------------------------------------------------------------------

 MPI processes           :       (32 bank)                              96
 OpenMP threads          :                                              15
 Total cores             :                                             992
                                                                           
---------------------------------------------------------------------------

XCFun DFT library Copyright 2009-2020 Ulf Ekstrom and contributors.
See http://dftlibs.org/xcfun/ for more information.

This is free software; see the source code for copying conditions.
There is ABSOLUTELY NO WARRANTY; not even for MERCHANTABILITY or
FITNESS FOR A PARTICULAR PURPOSE. For details see the documentation.
Scientific users of this library should cite
U. Ekstrom, L. Visscher, R. Bast, A. J. Thorvaldsen and K. Ruud;
J.Chem.Theor.Comp. 2010, DOI: 10.1021/ct100117s

---------------------------------------------------------------------------

 MRCPP version         : 1.4.1
 Git branch            : HEAD
 Git commit hash       : 75d41879b1908a94a452
 Git commit author     : Stig Rune Jensen
 Git commit date       : Thu Jan 6 11:38:53 2022 +0100

 Linear algebra        : EIGEN v3.4.0
 Parallelization       : MPI/OpenMP (15 threads)

---------------------------------------------------------------------------


                                                                           
===========================================================================
                         MultiResolution Analysis
---------------------------------------------------------------------------
 polynomial order      : 9
 polynomial type       : Interpolating
---------------------------------------------------------------------------
 total boxes           : 8
 boxes                 : [          2           2           2 ]
 unit lengths          : [  128.00000   128.00000   128.00000 ]
 scaling factor        : [    1.00000     1.00000     1.00000 ]
 lower bounds          : [ -128.00000  -128.00000  -128.00000 ]
 upper bounds          : [  128.00000   128.00000   128.00000 ]
 total length          : [  256.00000   256.00000   256.00000 ]
===========================================================================


                                                                           
***************************************************************************
***                                                                     ***
***                        Initializing Molecule                        ***
***                                                                     ***
***************************************************************************
                                                                           
                                                                           
===========================================================================
                                 Molecule
---------------------------------------------------------------------------
 Charge                  :                                               0
 Multiplicity            :                                               2
---------------------------------------------------------------------------
    N    Atom            :               x               y               z
---------------------------------------------------------------------------
    0      Sr            :        0.000000        0.000000        0.000000
    1       H            :        0.000000        0.000000        4.036455
---------------------------------------------------------------------------
 Center of mass          :        0.000000        0.000000        0.045905
===========================================================================


                                                                           
***************************************************************************
***                                                                     ***
***                 Computing Ground State Wavefunction                 ***
***                                                                     ***
***************************************************************************
                                                                           
                                                                           
~~~~~~~~~~~~~~~~~~~~~~~~~~~~~~~~~~~~~~~~~~~~~~~~~~~~~~~~~~~~~~~~~~~~~~~~~~~
 Calculation             : Compute initial orbitals
 Method                  : Project MW molecular orbitals
 Precision               : 1.00000e-05
 Restricted              : False
 MO alpha file           : initial_guess/phi_a_scf
 MO beta file            : initial_guess/phi_b_scf
~~~~~~~~~~~~~~~~~~~~~~~~~~~~~~~~~~~~~~~~~~~~~~~~~~~~~~~~~~~~~~~~~~~~~~~~~~~


===========================================================================
                            Molecular Orbitals
---------------------------------------------------------------------------
 Alpha electrons         :                                              20
 Beta electrons          :                                              19
 Total electrons         :                                              39
---------------------------------------------------------------------------
    n  Occ Spin          :                                            Norm
---------------------------------------------------------------------------
    0    1    a          :                              9.999999999983e-01
    1    1    a          :                              1.000000000004e+00
    2    1    a          :                              1.000000000004e+00
    3    1    a          :                              1.000000000004e+00
    4    1    a          :                              1.000000000004e+00
    5    1    a          :                              9.999999999956e-01
    6    1    a          :                              1.000000000008e+00
    7    1    a          :                              1.000000000006e+00
    8    1    a          :                              1.000000000005e+00
    9    1    a          :                              1.000000000031e+00
   10    1    a          :                              1.000000000007e+00
   11    1    a          :                              1.000000000009e+00
   12    1    a          :                              1.000000000004e+00
   13    1    a          :                              1.000000000009e+00
   14    1    a          :                              1.000000000087e+00
   15    1    a          :                              1.000000000325e+00
   16    1    a          :                              1.000000000086e+00
   17    1    a          :                              1.000000000087e+00
   18    1    a          :                              1.000000001548e+00
   19    1    a          :                              9.999999999985e-01
   20    1    b          :                              9.999999999983e-01
   21    1    b          :                              1.000000000004e+00
   22    1    b          :                              1.000000000004e+00
   23    1    b          :                              1.000000000004e+00
   24    1    b          :                              1.000000000004e+00
   25    1    b          :                              1.000000000013e+00
   26    1    b          :                              1.000000000009e+00
   27    1    b          :                              1.000000000013e+00
   28    1    b          :                              1.000000000011e+00
   29    1    b          :                              1.000000000004e+00
   30    1    b          :                              1.000000000009e+00
   31    1    b          :                              1.000000000007e+00
   32    1    b          :                              1.000000000004e+00
   33    1    b          :                              1.000000000011e+00
   34    1    b          :                              1.000000000056e+00
   35    1    b          :                              1.000000000001e+00
   36    1    b          :                              1.000000000067e+00
   37    1    b          :                              1.000000000075e+00
   38    1    b          :                              1.000000001350e+00
===========================================================================


~~~~~~~~~~~~~~~~~~~~~~~~~~~~~~~~~~~~~~~~~~~~~~~~~~~~~~~~~~~~~~~~~~~~~~~~~~~
 Calculation             : Compute initial energy
 Method                  : DFT (PBE)
 Relativity              : ZORA (V_nuc)
 Precision               : 1.00000e-05
 Localization            : On
~~~~~~~~~~~~~~~~~~~~~~~~~~~~~~~~~~~~~~~~~~~~~~~~~~~~~~~~~~~~~~~~~~~~~~~~~~~


===========================================================================
                        Molecular Energy (initial)
---------------------------------------------------------------------------
 Kinetic energy          :            (au)               3056.744672457108
 E-N energy              :            (au)              -7491.027158565757
 Coulomb energy          :            (au)               1319.968278979935
 Exchange energy         :            (au)                  0.000000000000
 X-C energy              :            (au)               -103.721326461709
 Ext. field (el)         :            (au)                  0.000000000000
---------------------------------------------------------------------------
 N-N energy              :            (au)                  9.414201317563
 Ext. field (nuc)        :            (au)                  0.000000000000
 Tot. Reac. Energy       :            (au)                  0.000000000000
 El. Reac. Energy        :            (au)                  0.000000000000
 Nuc. Reac. Energy       :            (au)                  0.000000000000
---------------------------------------------------------------------------
 Electronic energy       :            (au)              -3218.035533590422
 Nuclear energy          :            (au)                  9.414201317563
---------------------------------------------------------------------------
 Total energy            :            (au)             -3.208621332273e+03
                         :      (kcal/mol)             -2.013440284682e+06
                         :        (kJ/mol)             -8.424234151110e+06
                         :            (eV)             -8.731103438959e+04
===========================================================================


===========================================================================
                        Orbital Energies (initial)
---------------------------------------------------------------------------
    n  Occ Spin          :                                         Epsilon
---------------------------------------------------------------------------
    0    1    a          :            (au)               -599.108291291220
    1    1    a          :            (au)                -80.169565794942
    2    1    a          :            (au)                -71.767995752592
    3    1    a          :            (au)                -71.767995117079
    4    1    a          :            (au)                -71.767084749955
    5    1    a          :            (au)                -12.412037614172
    6    1    a          :            (au)                 -9.639498867719
    7    1    a          :            (au)                 -9.639498443003
    8    1    a          :            (au)                 -9.638014166309
    9    1    a          :            (au)                 -4.898947776492
   10    1    a          :            (au)                 -4.898946748424
   11    1    a          :            (au)                 -4.897934654871
   12    1    a          :            (au)                 -4.897934502342
   13    1    a          :            (au)                 -4.897362629346
   14    1    a          :            (au)                 -1.517429301650
   15    1    a          :            (au)                 -0.864211184109
   16    1    a          :            (au)                 -0.864210395244
   17    1    a          :            (au)                 -0.854389364780
   18    1    a          :            (au)                 -0.188877959948
   19    1    a          :            (au)                 -0.121995434506
   20    1    b          :            (au)               -599.107883648039
   21    1    b          :            (au)                -80.169080532782
   22    1    b          :            (au)                -71.767736283042
   23    1    b          :            (au)                -71.767735408584
   24    1    b          :            (au)                -71.766752820329
   25    1    b          :            (au)                -12.411436684577
   26    1    b          :            (au)                 -9.639366260422
   27    1    b          :            (au)                 -9.639365758432
   28    1    b          :            (au)                 -9.636994043775
   29    1    b          :            (au)                 -4.898906211944
   30    1    b          :            (au)                 -4.898906095389
   31    1    b          :            (au)                 -4.897305378471
   32    1    b          :            (au)                 -4.897305000916
   33    1    b          :            (au)                 -4.896204784247
   34    1    b          :            (au)                 -1.514262172888
   35    1    b          :            (au)                 -0.860516106610
   36    1    b          :            (au)                 -0.860514069406
   37    1    b          :            (au)                 -0.849839978029
   38    1    b          :            (au)                 -0.181357373776
---------------------------------------------------------------------------
 Sum occupied            :            (au)              -1929.473690360364
===========================================================================


~~~~~~~~~~~~~~~~~~~~~~~~~~~~~~~~~~~~~~~~~~~~~~~~~~~~~~~~~~~~~~~~~~~~~~~~~~~
 Calculation             : Optimize ground state orbitals
 Method                  : DFT (PBE)
 Relativity              : ZORA (V_nuc)
 Checkpointing           : Off
 Max iterations          : 500
 KAIN solver             : 6
 Localization            : First two iterations
 Diagonalization         : Off
 Start precision         : 1.00000e-06
 Final precision         : 1.00000e-06
 Helmholtz precision     : Dynamic
 Energy threshold        : Off
 Orbital threshold       : 1.00000e-05
~~~~~~~~~~~~~~~~~~~~~~~~~~~~~~~~~~~~~~~~~~~~~~~~~~~~~~~~~~~~~~~~~~~~~~~~~~~


===========================================================================
 Iter           MO residual             Total energy                Update
---------------------------------------------------------------------------
    0          6.244998e+00       -3208.621332272859         -3.208621e+03
    1          6.402467e-02       -3215.096548650877         -6.475216e+00
    2          3.007623e-02       -3216.003135421043         -9.065868e-01
    3          1.880438e-02       -3216.285270551975         -2.821351e-01
    4          2.887260e-02       -3216.179060648431          1.062099e-01
    5          8.065067e-03       -3216.107954620475          7.110603e-02
    6          6.456478e-03       -3216.239530955385         -1.315763e-01
    7          8.415477e-03       -3216.096924391384          1.426066e-01
    8          8.988669e-03       -3213.381206233634          2.715718e+00
    9          5.033024e-03       -3216.244932165655         -2.863726e+00
   10          6.571072e-03       -3214.439411147912          1.805521e+00
   11          5.460424e-03       -3215.906698850484         -1.467288e+00
   12          2.576517e-03       -3216.344833714601         -4.381349e-01
   13          1.284834e-03       -3216.363955267980         -1.912155e-02
   14          1.610268e-03       -3216.342311304081          2.164396e-02
   15          8.344164e-04       -3216.371585494347         -2.927419e-02
   16          6.586831e-04       -3216.358724133292          1.286136e-02
   17          4.272229e-04       -3216.365481128252         -6.756995e-03
   18          3.693592e-04       -3216.358150054939          7.331073e-03
   19          5.151222e-04       -3216.362013519538         -3.863465e-03
   20          2.580548e-04       -3216.369125902404         -7.112383e-03
   21          1.917171e-04       -3216.370074840253         -9.489378e-04
   22          3.742002e-04       -3216.363623461353          6.451379e-03
   23          1.798204e-04       -3216.373450523100         -9.827062e-03
   24          1.408880e-04       -3216.373635729192         -1.852061e-04
   25          6.165088e-05       -3216.373151028057          4.847011e-04
   26          8.649280e-05       -3216.372875290781          2.757373e-04
   27          4.032233e-05       -3216.373062701186         -1.874104e-04
   28          6.263447e-05       -3216.373808210077         -7.455089e-04
   29          2.204789e-05       -3216.372295212044          1.512998e-03
---------------------------------------------------------------------------
                      SCF converged in 29 iterations!
===========================================================================


                                                                           
***************************************************************************
***                                                                     ***
***                    Printing Molecular Properties                    ***
***                                                                     ***
***************************************************************************
                                                                           
                                                                           
===========================================================================
                                 Molecule
---------------------------------------------------------------------------
 Charge                  :                                               0
 Multiplicity            :                                               2
---------------------------------------------------------------------------
    N    Atom            :               x               y               z
---------------------------------------------------------------------------
    0      Sr            :        0.000000        0.000000        0.000000
    1       H            :        0.000000        0.000000        4.036455
---------------------------------------------------------------------------
 Center of mass          :        0.000000        0.000000        0.045905
===========================================================================


===========================================================================
                         Molecular Energy (final)
---------------------------------------------------------------------------
 Kinetic energy          :            (au)               3300.918102354546
 E-N energy              :            (au)              -7758.656608101079
 Coulomb energy          :            (au)               1338.024226898368
 Exchange energy         :            (au)                  0.000000000000
 X-C energy              :            (au)               -106.072217681442
 Ext. field (el)         :            (au)                  0.000000000000
---------------------------------------------------------------------------
 N-N energy              :            (au)                  9.414201317563
 Ext. field (nuc)        :            (au)                  0.000000000000
 Tot. Reac. Energy       :            (au)                  0.000000000000
 El. Reac. Energy        :            (au)                  0.000000000000
 Nuc. Reac. Energy       :            (au)                  0.000000000000
---------------------------------------------------------------------------
 Electronic energy       :            (au)              -3225.786496529607
 Nuclear energy          :            (au)                  9.414201317563
---------------------------------------------------------------------------
 Total energy            :            (au)             -3.216372295212e+03
                         :      (kcal/mol)             -2.018304087359e+06
                         :        (kJ/mol)             -8.444584301512e+06
                         :            (eV)             -8.752194883591e+04
===========================================================================


===========================================================================
                         Orbital Energies (final)
---------------------------------------------------------------------------
    n  Occ Spin          :                                         Epsilon
---------------------------------------------------------------------------
    0    1    a          :            (au)               -599.130791348423
    1    1    a          :            (au)                -79.872683076050
    2    1    a          :            (au)                -70.898563019925
    3    1    a          :            (au)                -70.898562997660
    4    1    a          :            (au)                -70.897724336096
    5    1    a          :            (au)                -12.303425379854
    6    1    a          :            (au)                 -9.426078990605
    7    1    a          :            (au)                 -9.426078971774
    8    1    a          :            (au)                 -9.424594459159
    9    1    a          :            (au)                 -4.686287895917
   10    1    a          :            (au)                 -4.686287610782
   11    1    a          :            (au)                 -4.685302558238
   12    1    a          :            (au)                 -4.685302470955
   13    1    a          :            (au)                 -4.684757761386
   14    1    a          :            (au)                 -1.491000975449
   15    1    a          :            (au)                 -0.828365813668
   16    1    a          :            (au)                 -0.828365637254
   17    1    a          :            (au)                 -0.818561631627
   18    1    a          :            (au)                 -0.187956023342
   19    1    a          :            (au)                 -0.118739208685
   20    1    b          :            (au)               -599.130539513218
   21    1    b          :            (au)                -79.872392915147
   22    1    b          :            (au)                -70.898315136776
   23    1    b          :            (au)                -70.898315134623
   24    1    b          :            (au)                -70.897386646830
   25    1    b          :            (au)                -12.303028157437
   26    1    b          :            (au)                 -9.425920862261
   27    1    b          :            (au)                 -9.425920814937
   28    1    b          :            (au)                 -9.423619395411
   29    1    b          :            (au)                 -4.686233480596
   30    1    b          :            (au)                 -4.686233208114
   31    1    b          :            (au)                 -4.684650302507
   32    1    b          :            (au)                 -4.684650236382
   33    1    b          :            (au)                 -4.683620002985
   34    1    b          :            (au)                 -1.488107985998
   35    1    b          :            (au)                 -0.824352747931
   36    1    b          :            (au)                 -0.824352443783
   37    1    b          :            (au)                 -0.814421641588
   38    1    b          :            (au)                 -0.178595442487
---------------------------------------------------------------------------
 Sum occupied            :            (au)              -1919.810086235863
===========================================================================


===========================================================================
                           Dipole Moment (dip-1)
---------------------------------------------------------------------------
 r_O                     :        0.000000        0.000000        0.000000
---------------------------------------------------------------------------
 Electronic vector       :        0.000003       -0.000001       -5.207969
 Magnitude               :            (au)                        5.207969
                         :         (Debye)                       13.237338
---------------------------------------------------------------------------
 Nuclear vector          :        0.000000        0.000000        4.036455
 Magnitude               :            (au)                        4.036455
                         :         (Debye)                       10.259645
---------------------------------------------------------------------------
 Total vector            :        0.000003       -0.000001       -1.171514
 Magnitude               :            (au)                        1.171514
                         :         (Debye)                        2.977692
===========================================================================


                                                                           
                                                                           
***************************************************************************
***                                                                     ***
***                            Exiting MRChem                           ***
***                                                                     ***
***                       Wall time :  0h 13m 42s                       ***
***                                                                     ***
***************************************************************************
                                                                           
                                                                           
