Starting job 382965 on b[3181-3188] at Thu Jun 23 12:39:17 CEST 2022


Task and CPU usage stats:
JobID           JobName  AllocCPUS   NTasks     MinCPU MinCPUTask     AveCPU    Elapsed ExitCode 
------------ ---------- ---------- -------- ---------- ---------- ---------- ---------- -------- 
382965              SrH       1024                                             00:00:53      0:0 
382965.batch      batch        128        1   00:04:30          0   00:00:01   00:00:55     0:15 
382965.exte+     extern       1024        8   00:00:00          5   00:00:00   00:00:54      0:0 
382965.0          orted        896        7                                    00:00:16      0:0 

Memory usage stats:
JobID            MaxRSS MaxRSSTask     AveRSS MaxPages   MaxPagesTask   AvePages 
------------ ---------- ---------- ---------- -------- -------------- ---------- 
382965                                                                           
382965.batch   6273007K          0   6273007K     1013              0       1013 
382965.exte+       862K          5     878720        3              5          2 
382965.0                                                                         

Disk usage stats:
JobID         MaxDiskRead MaxDiskReadTask    AveDiskRead MaxDiskWrite MaxDiskWriteTask   AveDiskWrite 
------------ ------------ --------------- -------------- ------------ ---------------- -------------- 
382965                                                                                                
382965.batch     1560.92M               0       1560.92M     1603.63M                0       1603.63M 
382965.exte+        0.00M               5          0.00M            0                5              0 
382965.0                                                                                              

Job 382965 completed at Thu Jun 23 12:40:12 CEST 2022
Starting job 382973 on b[3181-3188] at Thu Jun 23 12:40:47 CEST 2022

Copying SrH.out to /cluster/home/ambr/projects/zora/small_molecules/calcs_mw6
Copying SrH.json to /cluster/home/ambr/projects/zora/small_molecules/calcs_mw6

Task and CPU usage stats:
JobID           JobName  AllocCPUS   NTasks     MinCPU MinCPUTask     AveCPU    Elapsed ExitCode 
------------ ---------- ---------- -------- ---------- ---------- ---------- ---------- -------- 
382973              SrH       1024                                             00:15:07      0:0 
382973.batch      batch        128        1   12:57:35          0   12:57:35   00:15:07      0:0 
382973.exte+     extern       1024        8   00:00:00          3   00:00:00   00:15:07      0:0 
382973.0          orted        896        7   04:08:23          5   08:42:36   00:13:45      0:0 

Memory usage stats:
JobID            MaxRSS MaxRSSTask     AveRSS MaxPages   MaxPagesTask   AvePages 
------------ ---------- ---------- ---------- -------- -------------- ---------- 
382973                                                                           
382973.batch  56113989K          0  56113989K     1078              0          0 
382973.exte+       863K          3     790272        3              3          2 
382973.0      52360501K          1 389806186+      834              2        812 

Disk usage stats:
JobID         MaxDiskRead MaxDiskReadTask    AveDiskRead MaxDiskWrite MaxDiskWriteTask   AveDiskWrite 
------------ ------------ --------------- -------------- ------------ ---------------- -------------- 
382973                                                                                                
382973.batch     4233.61M               0       4233.61M     4496.78M                0       4496.78M 
382973.exte+        0.00M               3          0.00M            0                3              0 
382973.0          366.26M               1        215.40M      102.56M                6         99.05M 

Job 382973 completed at Thu Jun 23 12:55:55 CEST 2022
