                                                                           
                                                                           
***************************************************************************
***                                                                     ***
***                                                                     ***
***          __  __ ____   ____ _                                       ***
***         |  \/  |  _ \ / ___| |__   ___ _ __ ___                     ***
***         | |\/| | |_) | |   | '_ \ / _ \ '_ ` _ \                    ***
***         | |  | |  _ <| |___| | | |  __/ | | | | |                   ***
***         |_|  |_|_| \_\\____|_| |_|\___|_| |_| |_|                   ***
***                                                                     ***
***         VERSION            1.1.0-alpha                              ***
***                                                                     ***
***         Git branch         master                                   ***
***         Git commit hash    f6df85f5f746c23b4022                     ***
***         Git commit author  Stig Rune Jensen                         ***
***         Git commit date    Thu May 19 15:46:21 2022 +0200           ***
***                                                                     ***
***         Contact: luca.frediani@uit.no                               ***
***                                                                     ***
***         Radovan Bast            Magnar Bjorgve                      ***
***         Roberto Di Remigio      Antoine Durdek                      ***
***         Luca Frediani           Gabriel Gerez                       ***
***         Stig Rune Jensen        Jonas Juselius                      ***
***         Rune Monstad            Peter Wind                          ***
***                                                                     ***
***************************************************************************

---------------------------------------------------------------------------

 MPI processes           :       (32 bank)                              96
 OpenMP threads          :                                              15
 Total cores             :                                             992
                                                                           
---------------------------------------------------------------------------

XCFun DFT library Copyright 2009-2020 Ulf Ekstrom and contributors.
See http://dftlibs.org/xcfun/ for more information.

This is free software; see the source code for copying conditions.
There is ABSOLUTELY NO WARRANTY; not even for MERCHANTABILITY or
FITNESS FOR A PARTICULAR PURPOSE. For details see the documentation.
Scientific users of this library should cite
U. Ekstrom, L. Visscher, R. Bast, A. J. Thorvaldsen and K. Ruud;
J.Chem.Theor.Comp. 2010, DOI: 10.1021/ct100117s

---------------------------------------------------------------------------

 MRCPP version         : 1.4.1
 Git branch            : HEAD
 Git commit hash       : 75d41879b1908a94a452
 Git commit author     : Stig Rune Jensen
 Git commit date       : Thu Jan 6 11:38:53 2022 +0100

 Linear algebra        : EIGEN v3.4.0
 Parallelization       : MPI/OpenMP (15 threads)

---------------------------------------------------------------------------


                                                                           
===========================================================================
                         MultiResolution Analysis
---------------------------------------------------------------------------
 polynomial order      : 9
 polynomial type       : Interpolating
---------------------------------------------------------------------------
 total boxes           : 8
 boxes                 : [          2           2           2 ]
 unit lengths          : [  128.00000   128.00000   128.00000 ]
 scaling factor        : [    1.00000     1.00000     1.00000 ]
 lower bounds          : [ -128.00000  -128.00000  -128.00000 ]
 upper bounds          : [  128.00000   128.00000   128.00000 ]
 total length          : [  256.00000   256.00000   256.00000 ]
===========================================================================


                                                                           
***************************************************************************
***                                                                     ***
***                        Initializing Molecule                        ***
***                                                                     ***
***************************************************************************
                                                                           
                                                                           
===========================================================================
                                 Molecule
---------------------------------------------------------------------------
 Charge                  :                                               0
 Multiplicity            :                                               1
---------------------------------------------------------------------------
    N    Atom            :               x               y               z
---------------------------------------------------------------------------
    0      Sr            :        0.000000        0.000000        0.000000
    1       O            :        0.000000        0.000000        3.599928
---------------------------------------------------------------------------
 Center of mass          :        0.000000        0.000000        0.555849
===========================================================================


                                                                           
***************************************************************************
***                                                                     ***
***                 Computing Ground State Wavefunction                 ***
***                                                                     ***
***************************************************************************
                                                                           
                                                                           
~~~~~~~~~~~~~~~~~~~~~~~~~~~~~~~~~~~~~~~~~~~~~~~~~~~~~~~~~~~~~~~~~~~~~~~~~~~
 Calculation             : Compute initial orbitals
 Method                  : Project MW molecular orbitals
 Precision               : 1.00000e-05
 Restricted              : True
 MO file                 : initial_guess/phi_p_scf
~~~~~~~~~~~~~~~~~~~~~~~~~~~~~~~~~~~~~~~~~~~~~~~~~~~~~~~~~~~~~~~~~~~~~~~~~~~


===========================================================================
                            Molecular Orbitals
---------------------------------------------------------------------------
 Alpha electrons         :                                              23
 Beta electrons          :                                              23
 Total electrons         :                                              46
---------------------------------------------------------------------------
    n  Occ Spin          :                                            Norm
---------------------------------------------------------------------------
    0    2    p          :                              9.999999999981e-01
    1    2    p          :                              9.999999999862e-01
    2    2    p          :                              1.000000000004e+00
    3    2    p          :                              1.000000000004e+00
    4    2    p          :                              9.999999999944e-01
    5    2    p          :                              1.000000000045e+00
    6    2    p          :                              1.000000000008e+00
    7    2    p          :                              9.999999999578e-01
    8    2    p          :                              9.999999999913e-01
    9    2    p          :                              1.000000000002e+00
   10    2    p          :                              9.999999999638e-01
   11    2    p          :                              9.999999999982e-01
   12    2    p          :                              9.999999999576e-01
   13    2    p          :                              9.999999999400e-01
   14    2    p          :                              9.999999999917e-01
   15    2    p          :                              9.999999997972e-01
   16    2    p          :                              1.000000000014e+00
   17    2    p          :                              9.999999999556e-01
   18    2    p          :                              9.999999999553e-01
   19    2    p          :                              9.999999999555e-01
   20    2    p          :                              1.000000000034e+00
   21    2    p          :                              1.000000000031e+00
   22    2    p          :                              1.000000000033e+00
===========================================================================


~~~~~~~~~~~~~~~~~~~~~~~~~~~~~~~~~~~~~~~~~~~~~~~~~~~~~~~~~~~~~~~~~~~~~~~~~~~
 Calculation             : Compute initial energy
 Method                  : DFT (PBE)
 Relativity              : ZORA (V_nuc)
 Precision               : 1.00000e-05
 Localization            : On
~~~~~~~~~~~~~~~~~~~~~~~~~~~~~~~~~~~~~~~~~~~~~~~~~~~~~~~~~~~~~~~~~~~~~~~~~~~


===========================================================================
                        Molecular Energy (initial)
---------------------------------------------------------------------------
 Kinetic energy          :            (au)               3130.879600836851
 E-N energy              :            (au)              -7823.224703850263
 Coulomb energy          :            (au)               1436.401981526878
 Exchange energy         :            (au)                  0.000000000000
 X-C energy              :            (au)               -112.043847243522
 Ext. field (el)         :            (au)                  0.000000000000
---------------------------------------------------------------------------
 N-N energy              :            (au)                 84.446127094232
 Ext. field (nuc)        :            (au)                  0.000000000000
 Tot. Reac. Energy       :            (au)                  0.000000000000
 El. Reac. Energy        :            (au)                  0.000000000000
 Nuc. Reac. Energy       :            (au)                  0.000000000000
---------------------------------------------------------------------------
 Electronic energy       :            (au)              -3367.986968730055
 Nuclear energy          :            (au)                 84.446127094232
---------------------------------------------------------------------------
 Total energy            :            (au)             -3.283540841636e+03
                         :      (kcal/mol)             -2.060452986599e+06
                         :        (kJ/mol)             -8.620935295932e+06
                         :            (eV)             -8.934969809623e+04
===========================================================================


===========================================================================
                        Orbital Energies (initial)
---------------------------------------------------------------------------
    n  Occ Spin          :                                         Epsilon
---------------------------------------------------------------------------
    0    2    p          :            (au)               -599.054761533496
    1    2    p          :            (au)                -80.082609131197
    2    2    p          :            (au)                -71.682368630977
    3    2    p          :            (au)                -71.682368528784
    4    2    p          :            (au)                -71.681253921630
    5    2    p          :            (au)                -18.655959308944
    6    2    p          :            (au)                -12.320735870809
    7    2    p          :            (au)                 -9.548186954471
    8    2    p          :            (au)                 -9.548186447496
    9    2    p          :            (au)                 -9.547447518892
   10    2    p          :            (au)                 -4.807109342062
   11    2    p          :            (au)                 -4.807108838793
   12    2    p          :            (au)                 -4.806463542085
   13    2    p          :            (au)                 -4.806463511990
   14    2    p          :            (au)                 -4.805950601210
   15    2    p          :            (au)                 -1.429508562719
   16    2    p          :            (au)                 -0.817536924181
   17    2    p          :            (au)                 -0.782063985649
   18    2    p          :            (au)                 -0.782063791998
   19    2    p          :            (au)                 -0.610346662340
   20    2    p          :            (au)                 -0.146631356621
   21    2    p          :            (au)                 -0.146631292995
   22    2    p          :            (au)                 -0.136618445570
---------------------------------------------------------------------------
 Sum occupied            :            (au)              -1965.376749409819
===========================================================================


~~~~~~~~~~~~~~~~~~~~~~~~~~~~~~~~~~~~~~~~~~~~~~~~~~~~~~~~~~~~~~~~~~~~~~~~~~~
 Calculation             : Optimize ground state orbitals
 Method                  : DFT (PBE)
 Relativity              : ZORA (V_nuc)
 Checkpointing           : Off
 Max iterations          : 500
 KAIN solver             : 6
 Localization            : First two iterations
 Diagonalization         : Off
 Start precision         : 1.00000e-06
 Final precision         : 1.00000e-06
 Helmholtz precision     : Dynamic
 Energy threshold        : Off
 Orbital threshold       : 1.00000e-05
~~~~~~~~~~~~~~~~~~~~~~~~~~~~~~~~~~~~~~~~~~~~~~~~~~~~~~~~~~~~~~~~~~~~~~~~~~~


===========================================================================
 Iter           MO residual             Total energy                Update
---------------------------------------------------------------------------
    0          4.795832e+00       -3283.540841635823         -3.283541e+03
    1          4.336565e-02       -3290.025328630767         -6.484487e+00
    2          2.154830e-02       -3290.934114559409         -9.087859e-01
    3          1.388613e-02       -3291.216840093298         -2.827255e-01
    4          1.955687e-02       -3291.195650480014          2.118961e-02
    5          1.195992e-02       -3291.248854364013         -5.320388e-02
    6          7.408509e-03       -3291.256097766973         -7.243403e-03
    7          1.187735e-02       -3290.540418031536          7.156797e-01
    8          1.419593e-02       -3290.828677101267         -2.882591e-01
    9          8.478244e-03       -3290.697890572761          1.307865e-01
   10          6.619758e-03       -3288.193506172152          2.504384e+00
   11          6.014102e-03       -3290.670393635166         -2.476887e+00
   12          4.168540e-03       -3289.877701172751          7.926925e-01
   13          2.413665e-03       -3291.078932621111         -1.201231e+00
   14          2.159375e-03       -3291.199622930722         -1.206903e-01
   15          1.911639e-03       -3291.219250081674         -1.962715e-02
   16          6.964069e-04       -3291.305694712915         -8.644463e-02
   17          4.279013e-04       -3291.295340833641          1.035388e-02
   18          2.519571e-04       -3291.305396018628         -1.005518e-02
   19          1.528964e-04       -3291.303923940804          1.472078e-03
   20          1.329667e-04       -3291.305723560125         -1.799619e-03
   21          9.740381e-05       -3291.304610323631          1.113236e-03
   22          1.106736e-04       -3291.305257302882         -6.469793e-04
   23          1.076809e-04       -3291.305372414095         -1.151112e-04
   24          4.708740e-05       -3291.305642644652         -2.702306e-04
   25          4.032966e-05       -3291.305848047381         -2.054027e-04
   26          1.896949e-05       -3291.305737424398          1.106230e-04
---------------------------------------------------------------------------
                      SCF converged in 26 iterations!
===========================================================================


                                                                           
***************************************************************************
***                                                                     ***
***                    Printing Molecular Properties                    ***
***                                                                     ***
***************************************************************************
                                                                           
                                                                           
===========================================================================
                                 Molecule
---------------------------------------------------------------------------
 Charge                  :                                               0
 Multiplicity            :                                               1
---------------------------------------------------------------------------
    N    Atom            :               x               y               z
---------------------------------------------------------------------------
    0      Sr            :        0.000000        0.000000        0.000000
    1       O            :        0.000000        0.000000        3.599928
---------------------------------------------------------------------------
 Center of mass          :        0.000000        0.000000        0.555849
===========================================================================


===========================================================================
                         Molecular Energy (final)
---------------------------------------------------------------------------
 Kinetic energy          :            (au)               3375.828428733977
 E-N energy              :            (au)              -8091.462755034792
 Coulomb energy          :            (au)               1454.290452732384
 Exchange energy         :            (au)                  0.000000000000
 X-C energy              :            (au)               -114.407990950199
 Ext. field (el)         :            (au)                  0.000000000000
---------------------------------------------------------------------------
 N-N energy              :            (au)                 84.446127094232
 Ext. field (nuc)        :            (au)                  0.000000000000
 Tot. Reac. Energy       :            (au)                  0.000000000000
 El. Reac. Energy        :            (au)                  0.000000000000
 Nuc. Reac. Energy       :            (au)                  0.000000000000
---------------------------------------------------------------------------
 Electronic energy       :            (au)              -3375.751864518630
 Nuclear energy          :            (au)                 84.446127094232
---------------------------------------------------------------------------
 Total energy            :            (au)             -3.291305737424e+03
                         :      (kcal/mol)             -2.065325532272e+06
                         :        (kJ/mol)             -8.641322027026e+06
                         :            (eV)             -8.956099167469e+04
===========================================================================


===========================================================================
                         Orbital Energies (final)
---------------------------------------------------------------------------
    n  Occ Spin          :                                         Epsilon
---------------------------------------------------------------------------
    0    2    p          :            (au)               -599.081584683209
    1    2    p          :            (au)                -79.791158856000
    2    2    p          :            (au)                -70.816943396951
    3    2    p          :            (au)                -70.816943395263
    4    2    p          :            (au)                -70.816107023131
    5    2    p          :            (au)                -18.641365578518
    6    2    p          :            (au)                -12.219180246166
    7    2    p          :            (au)                 -9.341296148218
    8    2    p          :            (au)                 -9.341296131422
    9    2    p          :            (au)                 -9.340838031976
   10    2    p          :            (au)                 -4.600858824638
   11    2    p          :            (au)                 -4.600858710025
   12    2    p          :            (au)                 -4.600357007579
   13    2    p          :            (au)                 -4.600356997092
   14    2    p          :            (au)                 -4.599944166828
   15    2    p          :            (au)                 -1.411109388559
   16    2    p          :            (au)                 -0.798261884330
   17    2    p          :            (au)                 -0.753907699966
   18    2    p          :            (au)                 -0.753907680906
   19    2    p          :            (au)                 -0.599900678904
   20    2    p          :            (au)                 -0.144609171811
   21    2    p          :            (au)                 -0.144609154770
   22    2    p          :            (au)                 -0.133480860089
---------------------------------------------------------------------------
 Sum occupied            :            (au)              -1955.897751432703
===========================================================================


===========================================================================
                           Dipole Moment (dip-1)
---------------------------------------------------------------------------
 r_O                     :        0.000000        0.000000        0.000000
---------------------------------------------------------------------------
 Electronic vector       :       -0.000000        0.000000      -31.848888
 Magnitude               :            (au)                       31.848888
                         :         (Debye)                       80.951799
---------------------------------------------------------------------------
 Nuclear vector          :        0.000000        0.000000       28.799426
 Magnitude               :            (au)                       28.799426
                         :         (Debye)                       73.200840
---------------------------------------------------------------------------
 Total vector            :       -0.000000        0.000000       -3.049462
 Magnitude               :            (au)                        3.049462
                         :         (Debye)                        7.750959
===========================================================================


                                                                           
                                                                           
***************************************************************************
***                                                                     ***
***                            Exiting MRChem                           ***
***                                                                     ***
***                       Wall time :  0h 11m 39s                       ***
***                                                                     ***
***************************************************************************
                                                                           
                                                                           
