Starting job 382966 on b[2390-2391,2393-2396,4193-4194] at Thu Jun 23 12:39:17 CEST 2022


Task and CPU usage stats:
JobID           JobName  AllocCPUS   NTasks     MinCPU MinCPUTask     AveCPU    Elapsed ExitCode 
------------ ---------- ---------- -------- ---------- ---------- ---------- ---------- -------- 
382966              SrO       1024                                             00:00:53      0:0 
382966.batch      batch        128        1   00:09:14          0   00:00:00   00:00:55     0:15 
382966.exte+     extern       1024        8   00:00:00          4   00:00:00   00:00:54      0:0 
382966.0          orted        896        7                                    00:00:24      0:0 

Memory usage stats:
JobID            MaxRSS MaxRSSTask     AveRSS MaxPages   MaxPagesTask   AvePages 
------------ ---------- ---------- ---------- -------- -------------- ---------- 
382966                                                                           
382966.batch   6521150K          0   6521150K     1034              0       1034 
382966.exte+       868K          4       773K        3              4          2 
382966.0                                                                         

Disk usage stats:
JobID         MaxDiskRead MaxDiskReadTask    AveDiskRead MaxDiskWrite MaxDiskWriteTask   AveDiskWrite 
------------ ------------ --------------- -------------- ------------ ---------------- -------------- 
382966                                                                                                
382966.batch     1025.10M               0       1025.10M     1068.56M                0       1068.56M 
382966.exte+        0.00M               4          0.00M            0                4              0 
382966.0                                                                                              

Job 382966 completed at Thu Jun 23 12:40:12 CEST 2022
Starting job 382974 on b[2390-2391,2393-2396,4193-4194] at Thu Jun 23 12:40:47 CEST 2022

Copying SrO.out to /cluster/home/ambr/projects/zora/small_molecules/calcs_mw6
Copying SrO.json to /cluster/home/ambr/projects/zora/small_molecules/calcs_mw6

Task and CPU usage stats:
JobID           JobName  AllocCPUS   NTasks     MinCPU MinCPUTask     AveCPU    Elapsed ExitCode 
------------ ---------- ---------- -------- ---------- ---------- ---------- ---------- -------- 
382974              SrO       1024                                             00:12:24      0:0 
382974.batch      batch        128        1   11:46:32          0   11:46:32   00:12:24      0:0 
382974.exte+     extern       1024        8   00:00:00          5   00:00:00   00:12:25      0:0 
382974.0          orted        896        7   03:30:10          6   05:35:06   00:11:41      0:0 

Memory usage stats:
JobID            MaxRSS MaxRSSTask     AveRSS MaxPages   MaxPagesTask   AvePages 
------------ ---------- ---------- ---------- -------- -------------- ---------- 
382974                                                                           
382974.batch  54619489K          0  54619489K     1070              0          0 
382974.exte+       868K          4     881792        3              5          2 
382974.0      48662116K          0 290224427+      825              5        801 

Disk usage stats:
JobID         MaxDiskRead MaxDiskReadTask    AveDiskRead MaxDiskWrite MaxDiskWriteTask   AveDiskWrite 
------------ ------------ --------------- -------------- ------------ ---------------- -------------- 
382974                                                                                                
382974.batch     2716.02M               0       2716.02M     3008.98M                0       3008.98M 
382974.exte+        0.00M               5          0.00M            0                5              0 
382974.0          380.41M               0        136.38M      655.13M                0        247.43M 

Job 382974 completed at Thu Jun 23 12:53:12 CEST 2022
