Starting job 4422119 on c3-[43-44,46-51,54-55] at Sun Nov 14 13:41:28 CET 2021

Copying Ag_pbe.out to /cluster/home/ambr/projects/zora/row5/calcs_mw8
Copying Ag_pbe.json to /cluster/home/ambr/projects/zora/row5/calcs_mw8

Task and CPU usage stats:
       JobID    JobName  AllocCPUS   NTasks     MinCPU MinCPUTask     AveCPU    Elapsed ExitCode 
------------ ---------- ---------- -------- ---------- ---------- ---------- ---------- -------- 
4422119          Ag_pbe        160                                             00:43:18      0:0 
4422119.bat+      batch          4        1   00:00:05          0   00:00:05   00:43:18      0:0 
4422119.ext+     extern        160       10   00:00:00          9   00:00:00   00:43:18      0:0 
4422119.0      mrchem.x        160       40   00:42:31         39   01:32:20   00:42:44      0:0 

Memory usage stats:
       JobID     MaxRSS MaxRSSTask     AveRSS MaxPages   MaxPagesTask   AvePages 
------------ ---------- ---------- ---------- -------- -------------- ---------- 
4422119                                                                          
4422119.bat+     14468K          0     14468K        0              0          0 
4422119.ext+          0          9          0        0              9          0 
4422119.0     36922456K         39 8989713.5+        0             28          0 

Disk usage stats:
       JobID  MaxDiskRead MaxDiskReadTask    AveDiskRead MaxDiskWrite MaxDiskWriteTask   AveDiskWrite 
------------ ------------ --------------- -------------- ------------ ---------------- -------------- 
4422119                                                                                               
4422119.bat+     2445.77M               0       2445.77M     2430.72M                0       2430.72M 
4422119.ext+        0.00M               9          0.00M            0                9              0 
4422119.0         119.46M               0         62.61M      300.87M                6        121.00M 

Job 4422119 completed at Sun Nov 14 14:24:46 CET 2021
