Starting job 4422120 on c3-[45,47-49,54-56],c6-[1,3-4] at Sun Nov 14 13:50:58 CET 2021

Copying Cd_pbe.out to /cluster/home/ambr/projects/zora/row5/calcs_mw8
Copying Cd_pbe.json to /cluster/home/ambr/projects/zora/row5/calcs_mw8

Task and CPU usage stats:
       JobID    JobName  AllocCPUS   NTasks     MinCPU MinCPUTask     AveCPU    Elapsed ExitCode 
------------ ---------- ---------- -------- ---------- ---------- ---------- ---------- -------- 
4422120          Cd_pbe        160                                             00:46:13      0:0 
4422120.bat+      batch         24        1   00:00:06          0   00:00:06   00:46:13      0:0 
4422120.ext+     extern        160       10   00:00:00          9   00:00:00   00:46:13      0:0 
4422120.0      mrchem.x        160       40   00:45:27         39   01:36:21   00:45:43      0:0 

Memory usage stats:
       JobID     MaxRSS MaxRSSTask     AveRSS MaxPages   MaxPagesTask   AvePages 
------------ ---------- ---------- ---------- -------- -------------- ---------- 
4422120                                                                          
4422120.bat+     14448K          0     14448K        0              0          0 
4422120.ext+          0          9          0        0              9          0 
4422120.0     37220652K         39 9532129177        0             10          0 

Disk usage stats:
       JobID  MaxDiskRead MaxDiskReadTask    AveDiskRead MaxDiskWrite MaxDiskWriteTask   AveDiskWrite 
------------ ------------ --------------- -------------- ------------ ---------------- -------------- 
4422120                                                                                               
4422120.bat+     2518.45M               0       2518.45M     2501.43M                0       2501.43M 
4422120.ext+        0.00M               9          0.00M            0                9              0 
4422120.0         119.46M               0         64.76M      309.61M                0        127.02M 

Job 4422120 completed at Sun Nov 14 14:37:11 CET 2021
