Starting job 4422124 on c3-[35,39,45,47-51,54-56],c6-1 at Sun Nov 14 14:37:17 CET 2021

Copying I_pbe.out to /cluster/home/ambr/projects/zora/row5/calcs_mw8
Copying I_pbe.json to /cluster/home/ambr/projects/zora/row5/calcs_mw8

Task and CPU usage stats:
       JobID    JobName  AllocCPUS   NTasks     MinCPU MinCPUTask     AveCPU    Elapsed ExitCode 
------------ ---------- ---------- -------- ---------- ---------- ---------- ---------- -------- 
4422124           I_pbe        160                                             01:14:51      0:0 
4422124.bat+      batch         20        1   00:00:06          0   00:00:06   01:14:51      0:0 
4422124.ext+     extern        160       12   00:00:00          2   00:00:00   01:14:52      0:0 
4422124.0      mrchem.x        160       40   01:13:56         39   02:39:44   01:14:20      0:0 

Memory usage stats:
       JobID     MaxRSS MaxRSSTask     AveRSS MaxPages   MaxPagesTask   AvePages 
------------ ---------- ---------- ---------- -------- -------------- ---------- 
4422124                                                                          
4422124.bat+     14580K          0     14580K        0              0          0 
4422124.ext+          0          2          0        0              2          0 
4422124.0     51727984K         39 119914458+        0             17          0 

Disk usage stats:
       JobID  MaxDiskRead MaxDiskReadTask    AveDiskRead MaxDiskWrite MaxDiskWriteTask   AveDiskWrite 
------------ ------------ --------------- -------------- ------------ ---------------- -------------- 
4422124                                                                                               
4422124.bat+     2818.21M               0       2818.21M     2803.16M                0       2803.16M 
4422124.ext+        0.00M               2          0.00M            0                2              0 
4422124.0         119.46M               2         72.00M      292.27M                5        125.51M 

Job 4422124 completed at Sun Nov 14 15:52:09 CET 2021
