Starting job 4422121 on c6-[1,3-7] at Sun Nov 14 13:59:01 CET 2021

Copying In_pbe.out to /cluster/home/ambr/projects/zora/row5/calcs_mw8
Copying In_pbe.json to /cluster/home/ambr/projects/zora/row5/calcs_mw8

Task and CPU usage stats:
       JobID    JobName  AllocCPUS   NTasks     MinCPU MinCPUTask     AveCPU    Elapsed ExitCode 
------------ ---------- ---------- -------- ---------- ---------- ---------- ---------- -------- 
4422121          In_pbe        160                                             00:49:34      0:0 
4422121.bat+      batch         32        1   00:00:06          0   00:00:06   00:49:34      0:0 
4422121.ext+     extern        160        6   00:00:00          3   00:00:00   00:49:34      0:0 
4422121.0      mrchem.x        160       40   00:48:49         39   01:40:42   00:49:05      0:0 

Memory usage stats:
       JobID     MaxRSS MaxRSSTask     AveRSS MaxPages   MaxPagesTask   AvePages 
------------ ---------- ---------- ---------- -------- -------------- ---------- 
4422121                                                                          
4422121.bat+     14220K          0     14220K        0              0          0 
4422121.ext+          0          3          0        0              3          0 
4422121.0     43607948K         39 9887902924        0             11          0 

Disk usage stats:
       JobID  MaxDiskRead MaxDiskReadTask    AveDiskRead MaxDiskWrite MaxDiskWriteTask   AveDiskWrite 
------------ ------------ --------------- -------------- ------------ ---------------- -------------- 
4422121                                                                                               
4422121.bat+     2573.29M               0       2573.29M     2556.31M                0       2556.31M 
4422121.ext+        0.00M               3          0.00M            0                3              0 
4422121.0         127.97M               0         66.42M      352.59M                0        168.71M 

Job 4422121 completed at Sun Nov 14 14:48:35 CET 2021
