Starting job 4422114 on c3-[43-44,46-51,54-55] at Sun Nov 14 12:11:50 CET 2021

Copying Mo_pbe.out to /cluster/home/ambr/projects/zora/row5/calcs_mw8
Copying Mo_pbe.json to /cluster/home/ambr/projects/zora/row5/calcs_mw8

Task and CPU usage stats:
       JobID    JobName  AllocCPUS   NTasks     MinCPU MinCPUTask     AveCPU    Elapsed ExitCode 
------------ ---------- ---------- -------- ---------- ---------- ---------- ---------- -------- 
4422114          Mo_pbe        160                                             00:45:51      0:0 
4422114.bat+      batch          4        1   00:00:05          0   00:00:05   00:45:51      0:0 
4422114.ext+     extern        160       10   00:00:00          4   00:00:00   00:45:51      0:0 
4422114.0      mrchem.x        160       40   00:45:04         39   01:35:38   00:45:16      0:0 

Memory usage stats:
       JobID     MaxRSS MaxRSSTask     AveRSS MaxPages   MaxPagesTask   AvePages 
------------ ---------- ---------- ---------- -------- -------------- ---------- 
4422114                                                                          
4422114.bat+     14500K          0     14500K        0              0          0 
4422114.ext+          0          4          0        0              4          0 
4422114.0     25308380K         39 9308051148        0             28          0 

Disk usage stats:
       JobID  MaxDiskRead MaxDiskReadTask    AveDiskRead MaxDiskWrite MaxDiskWriteTask   AveDiskWrite 
------------ ------------ --------------- -------------- ------------ ---------------- -------------- 
4422114                                                                                               
4422114.bat+     2198.78M               0       2198.78M     2183.73M                0       2183.73M 
4422114.ext+        0.00M               4          0.00M            0                4              0 
4422114.0         119.46M               0         56.43M      257.89M                3        101.01M 

Job 4422114 completed at Sun Nov 14 12:57:41 CET 2021
