Starting job 4422113 on c3-[29-43] at Sun Nov 14 11:54:49 CET 2021

Copying Nb_pbe.out to /cluster/home/ambr/projects/zora/row5/calcs_mw8
Copying Nb_pbe.json to /cluster/home/ambr/projects/zora/row5/calcs_mw8

Task and CPU usage stats:
       JobID    JobName  AllocCPUS   NTasks     MinCPU MinCPUTask     AveCPU    Elapsed ExitCode 
------------ ---------- ---------- -------- ---------- ---------- ---------- ---------- -------- 
4422113          Nb_pbe        160                                             00:21:01      0:0 
4422113.bat+      batch         24        1   00:00:05          0   00:00:05   00:21:01      0:0 
4422113.ext+     extern        160       15   00:00:00          5   00:00:00   00:21:01      0:0 
4422113.0      mrchem.x        160       40   00:20:24         39   00:43:15   00:20:30      0:0 

Memory usage stats:
       JobID     MaxRSS MaxRSSTask     AveRSS MaxPages   MaxPagesTask   AvePages 
------------ ---------- ---------- ---------- -------- -------------- ---------- 
4422113                                                                          
4422113.bat+     14716K          0     14716K        0              0          0 
4422113.ext+          0          5          0        0              5          0 
4422113.0      9626512K         39 6984336588        0             17          0 

Disk usage stats:
       JobID  MaxDiskRead MaxDiskReadTask    AveDiskRead MaxDiskWrite MaxDiskWriteTask   AveDiskWrite 
------------ ------------ --------------- -------------- ------------ ---------------- -------------- 
4422113                                                                                               
4422113.bat+     2161.77M               0       2161.77M     2144.63M                0       2144.63M 
4422113.ext+        0.00M               5          0.00M            0                5              0 
4422113.0         119.46M               0         55.45M      300.95M                0         84.68M 

Job 4422113 completed at Sun Nov 14 12:15:51 CET 2021
