                                                                           
                                                                           
***************************************************************************
***                                                                     ***
***                                                                     ***
***          __  __ ____   ____ _                                       ***
***         |  \/  |  _ \ / ___| |__   ___ _ __ ___                     ***
***         | |\/| | |_) | |   | '_ \ / _ \ '_ ` _ \                    ***
***         | |  | |  _ <| |___| | | |  __/ | | | | |                   ***
***         |_|  |_|_| \_\\____|_| |_|\___|_| |_| |_|                   ***
***                                                                     ***
***         VERSION            1.1.0-alpha                              ***
***                                                                     ***
***         Git branch         excitation_energies                      ***
***         Git commit hash    d561e66f5fa0ee1bc168                     ***
***         Git commit author  Gabriel                                  ***
***         Git commit date    Wed Nov 10 11:30:13 2021 +0100           ***
***                                                                     ***
***         Contact: luca.frediani@uit.no                               ***
***                                                                     ***
***         Radovan Bast            Magnar Bjorgve                      ***
***         Roberto Di Remigio      Antoine Durdek                      ***
***         Luca Frediani           Gabriel Gerez                       ***
***         Stig Rune Jensen        Jonas Juselius                      ***
***         Rune Monstad            Peter Wind                          ***
***                                                                     ***
***************************************************************************

---------------------------------------------------------------------------

 MPI processes           :        (1 bank)                              40
 OpenMP threads          :                                               4
 Total cores             :                                             157
                                                                           
---------------------------------------------------------------------------

XCFun DFT library Copyright 2009-2020 Ulf Ekstrom and contributors.
See http://dftlibs.org/xcfun/ for more information.

This is free software; see the source code for copying conditions.
There is ABSOLUTELY NO WARRANTY; not even for MERCHANTABILITY or
FITNESS FOR A PARTICULAR PURPOSE. For details see the documentation.
Scientific users of this library should cite
U. Ekstrom, L. Visscher, R. Bast, A. J. Thorvaldsen and K. Ruud;
J.Chem.Theor.Comp. 2010, DOI: 10.1021/ct100117s

---------------------------------------------------------------------------

 MRCPP version         : 1.4.0-alpha
 Git branch            : HEAD
 Git commit hash       : 2797a7a18efb69942a6e
 Git commit author     : Stig Rune Jensen
 Git commit date       : Fri Mar 12 12:48:07 2021 +0100

 Linear algebra        : EIGEN v3.4.0
 Parallelization       : MPI/OpenMP (4 threads)

---------------------------------------------------------------------------


                                                                           
===========================================================================
                         MultiResolution Analysis
---------------------------------------------------------------------------
 polynomial order      : 12
 polynomial type       : Interpolating
---------------------------------------------------------------------------
 total boxes           : 8
 boxes                 : [          2           2           2 ]
 unit lengths          : [  128.00000   128.00000   128.00000 ]
 scaling factor        : [    1.00000     1.00000     1.00000 ]
 lower bounds          : [ -128.00000  -128.00000  -128.00000 ]
 upper bounds          : [  128.00000   128.00000   128.00000 ]
 total length          : [  256.00000   256.00000   256.00000 ]
===========================================================================


                                                                           
***************************************************************************
***                                                                     ***
***                        Initializing Molecule                        ***
***                                                                     ***
***************************************************************************
                                                                           
                                                                           
===========================================================================
                                 Molecule
---------------------------------------------------------------------------
 Charge                  :                                               0
 Multiplicity            :                                               6
---------------------------------------------------------------------------
    N    Atom            :               x               y               z
---------------------------------------------------------------------------
    0      Nb            :        0.000000        0.000000        0.000000
---------------------------------------------------------------------------
 Center of mass          :        0.000000        0.000000        0.000000
===========================================================================


                                                                           
***************************************************************************
***                                                                     ***
***                 Computing Ground State Wavefunction                 ***
***                                                                     ***
***************************************************************************
                                                                           
                                                                           
===========================================================================
                       Projecting nuclear potential
---------------------------------------------------------------------------
    N    Atom                       Charge       Precision       Smoothing
---------------------------------------------------------------------------
    0      Nb                 4.100000e+01    1.000000e-08    7.214230e-07
---------------------------------------------------------------------------
 Local potential                  1672 nds       224.21 MB        0.87 sec
 Allreduce potential              1672 nds       224.21 MB        1.19 sec
---------------------------------------------------------------------------
                         Wall time: 2.05330e+00 sec
===========================================================================


~~~~~~~~~~~~~~~~~~~~~~~~~~~~~~~~~~~~~~~~~~~~~~~~~~~~~~~~~~~~~~~~~~~~~~~~~~~
 Calculation             : Compute initial orbitals
 Method                  : Project MW molecular orbitals
 Precision               : 1.00000e-06
 Restricted              : False
 MO alpha file           : initial_guess/phi_a_scf
 MO beta file            : initial_guess/phi_b_scf
~~~~~~~~~~~~~~~~~~~~~~~~~~~~~~~~~~~~~~~~~~~~~~~~~~~~~~~~~~~~~~~~~~~~~~~~~~~


===========================================================================
                             MW Initial Guess
---------------------------------------------------------------------------
    n                Norm            Nodes            Size            Time
---------------------------------------------------------------------------
    0        1.000000e+00          968 nds       129.80 MB        1.52 min
---------------------------------------------------------------------------
                         Wall time: 9.13156e+01 sec
===========================================================================


===========================================================================
                             MW Initial Guess
---------------------------------------------------------------------------
    n                Norm            Nodes            Size            Time
---------------------------------------------------------------------------
   16        1.000000e+00          712 nds        95.47 MB        1.11 min
---------------------------------------------------------------------------
                         Wall time: 9.06195e+01 sec
===========================================================================


===========================================================================
                            Molecular Orbitals
---------------------------------------------------------------------------
 Alpha electrons         :                                              23
 Beta electrons          :                                              18
 Total electrons         :                                              41
---------------------------------------------------------------------------
    n  Occ Spin          :                                            Norm
---------------------------------------------------------------------------
    0    1    a          :                              9.999999999978e-01
    1    1    a          :                              9.999999999981e-01
    2    1    a          :                              9.999999999974e-01
    3    1    a          :                              9.999999999974e-01
    4    1    a          :                              9.999999999974e-01
    5    1    a          :                              9.999999999973e-01
    6    1    a          :                              9.999999999977e-01
    7    1    a          :                              9.999999999978e-01
    8    1    a          :                              9.999999999977e-01
    9    1    a          :                              9.999999999975e-01
   10    1    a          :                              9.999999999975e-01
   11    1    a          :                              9.999999999976e-01
   12    1    a          :                              9.999999999975e-01
   13    1    a          :                              9.999999999975e-01
   14    1    a          :                              9.999999999975e-01
   15    1    a          :                              9.999999999973e-01
   16    1    a          :                              9.999999999973e-01
   17    1    a          :                              9.999999999973e-01
   18    1    a          :                              9.999999999987e-01
   19    1    a          :                              9.999999999975e-01
   20    1    a          :                              9.999999999986e-01
   21    1    a          :                              9.999999999986e-01
   22    1    a          :                              9.999999999972e-01
   23    1    b          :                              9.999999999978e-01
   24    1    b          :                              9.999999999981e-01
   25    1    b          :                              9.999999999974e-01
   26    1    b          :                              9.999999999974e-01
   27    1    b          :                              9.999999999974e-01
   28    1    b          :                              9.999999999973e-01
   29    1    b          :                              9.999999999977e-01
   30    1    b          :                              9.999999999978e-01
   31    1    b          :                              9.999999999977e-01
   32    1    b          :                              9.999999999975e-01
   33    1    b          :                              9.999999999975e-01
   34    1    b          :                              9.999999999976e-01
   35    1    b          :                              9.999999999975e-01
   36    1    b          :                              9.999999999975e-01
   37    1    b          :                              9.999999999975e-01
   38    1    b          :                              9.999999999973e-01
   39    1    b          :                              9.999999999973e-01
   40    1    b          :                              9.999999999973e-01
---------------------------------------------------------------------------
 Total MO nodes          :                                            1680
 Total MO memory         :            (MB)                          225.28
===========================================================================


~~~~~~~~~~~~~~~~~~~~~~~~~~~~~~~~~~~~~~~~~~~~~~~~~~~~~~~~~~~~~~~~~~~~~~~~~~~
 Calculation             : Compute initial energy
 Method                  : DFT (PBE)
 Precision               : 1.00000e-06
 Localization            : Off
~~~~~~~~~~~~~~~~~~~~~~~~~~~~~~~~~~~~~~~~~~~~~~~~~~~~~~~~~~~~~~~~~~~~~~~~~~~


===========================================================================
                          Building Fock operator
---------------------------------------------------------------------------
 Precision                                  (rel)              1.00000e-06
---------------------------------------------------------------------------
 Coulomb density                  1032 nds       138.38 MB        0.73 sec
 Coulomb potential                 776 nds       104.06 MB       38.24 sec
 Allreduce Coulomb                 712 nds        95.47 MB        0.62 sec
 XC rho (alpha)                   1032 nds       138.38 MB        1.31 sec
 XC rho (beta)                    1032 nds       138.38 MB        1.54 sec
 XC evaluate                      9288 nds         1.22 GB       10.12 sec
---------------------------------------------------------------------------
                         Wall time: 5.26187e+01 sec
===========================================================================


===========================================================================
                           Computing Fock matrix
---------------------------------------------------------------------------
 <i|p[x]p[x]|j>                   3216 nds       431.25 MB       15.73 sec
 <i|p[y]p[y]|j>                   3216 nds       431.25 MB        6.44 sec
 <i|p[z]p[z]|j>                   3216 nds       431.25 MB        6.43 sec
 <i|V_nuc + J + V_xc|j>           2576 nds       345.43 MB       10.09 sec
---------------------------------------------------------------------------
                         Wall time: 3.86901e+01 sec
===========================================================================


===========================================================================
                        Computing molecular energy
---------------------------------------------------------------------------
 Trace T(rho)                    10512 nds         1.38 GB        3.19 sec
 Trace V_nuc(rho)                 1808 nds       242.44 MB        1.04 sec
 Trace J(rho)                     1744 nds       233.86 MB        1.01 sec
---------------------------------------------------------------------------
                         Wall time: 5.24411e+00 sec
===========================================================================


===========================================================================
                         Digonalizing Fock matrix
---------------------------------------------------------------------------
 Computing overlap matrix                   (sec)              3.03616e+00
 Computing Lowdin matrix                    (sec)              2.31200e-06
 Diagonalizing matrix                       (sec)              1.94467e-04
 Rotating orbitals                          (sec)              6.38802e+00
---------------------------------------------------------------------------
                         Wall time: 9.42500e+00 sec
===========================================================================


===========================================================================
                        Computing orbital energies
---------------------------------------------------------------------------
 Diagonalize Fock matrix (alpha)            (sec)              4.32290e-05
 Diagonalize Fock matrix (beta)             (sec)              2.18200e-05
---------------------------------------------------------------------------
                         Wall time: 1.01191e-04 sec
===========================================================================


===========================================================================
                        Molecular Energy (initial)
---------------------------------------------------------------------------
 Kinetic energy          :            (au)               3753.339372101302
 E-N energy              :            (au)              -8944.435260113569
 Coulomb energy          :            (au)               1552.695970505036
 Exchange energy         :            (au)                  0.000000000000
 X-C energy              :            (au)               -116.747162898370
 Ext. field (el)         :            (au)                  0.000000000000
---------------------------------------------------------------------------
 N-N energy              :            (au)                  0.000000000000
 Ext. field (nuc)        :            (au)                  0.000000000000
 Tot. Reac. Energy       :            (au)                  0.000000000000
 El. Reac. Energy        :            (au)                  0.000000000000
 Nuc. Reac. Energy       :            (au)                  0.000000000000
---------------------------------------------------------------------------
 Electronic energy       :            (au)              -3755.147080405601
 Nuclear energy          :            (au)                  0.000000000000
---------------------------------------------------------------------------
 Total energy            :            (au)             -3.755147080406e+03
                         :      (kcal/mol)             -2.356390350442e+06
                         :        (kJ/mol)             -9.859137232649e+06
                         :            (eV)             -1.021827531243e+05
===========================================================================


===========================================================================
                        Orbital Energies (initial)
---------------------------------------------------------------------------
    n  Occ Spin          :                                         Epsilon
---------------------------------------------------------------------------
    0    1    a          :            (au)               -674.672277752647
    1    1    a          :            (au)                -92.826728341490
    2    1    a          :            (au)                -85.287019367922
    3    1    a          :            (au)                -85.287019330527
    4    1    a          :            (au)                -85.283397666666
    5    1    a          :            (au)                -15.412154652966
    6    1    a          :            (au)                -12.550129769549
    7    1    a          :            (au)                -12.550129672395
    8    1    a          :            (au)                -12.540885314566
    9    1    a          :            (au)                 -7.317103924073
   10    1    a          :            (au)                 -7.316389943901
   11    1    a          :            (au)                 -7.310656512171
   12    1    a          :            (au)                 -7.310656443743
   13    1    a          :            (au)                 -7.308491733340
   14    1    a          :            (au)                 -2.048410664817
   15    1    a          :            (au)                 -1.268487354966
   16    1    a          :            (au)                 -1.268487204568
   17    1    a          :            (au)                 -1.254372972554
   18    1    a          :            (au)                 -0.158267512155
   19    1    a          :            (au)                 -0.153294973469
   20    1    a          :            (au)                 -0.142204636586
   21    1    a          :            (au)                 -0.142204451295
   22    1    a          :            (au)                 -0.135496959076
   23    1    b          :            (au)               -674.672239158756
   24    1    b          :            (au)                -92.814207395471
   25    1    b          :            (au)                -85.278706066141
   26    1    b          :            (au)                -85.278706011548
   27    1    b          :            (au)                -85.272867320673
   28    1    b          :            (au)                -15.405742236656
   29    1    b          :            (au)                -12.543416994959
   30    1    b          :            (au)                -12.543416876136
   31    1    b          :            (au)                -12.532082906555
   32    1    b          :            (au)                 -7.309995879428
   33    1    b          :            (au)                 -7.303693097358
   34    1    b          :            (au)                 -7.298026781117
   35    1    b          :            (au)                 -7.298026725699
   36    1    b          :            (au)                 -7.296144054495
   37    1    b          :            (au)                 -1.974301119859
   38    1    b          :            (au)                 -1.192370671485
   39    1    b          :            (au)                 -1.192370256110
   40    1    b          :            (au)                 -1.158694883981
---------------------------------------------------------------------------
 Sum occupied            :            (au)              -2237.909275591872
===========================================================================


~~~~~~~~~~~~~~~~~~~~~~~~~~~~~~~~~~~~~~~~~~~~~~~~~~~~~~~~~~~~~~~~~~~~~~~~~~~
 Calculation             : Optimize ground state orbitals
 Method                  : DFT (PBE)
 Checkpointing           : Off
 Max iterations          : 500
 KAIN solver             : 10
 Localization            : Off
 Diagonalization         : First two iterations
 Start precision         : 1.00000e-08
 Final precision         : 1.00000e-08
 Helmholtz precision     : Dynamic
 Energy threshold        : Off
 Orbital threshold       : 1.00000e-07
~~~~~~~~~~~~~~~~~~~~~~~~~~~~~~~~~~~~~~~~~~~~~~~~~~~~~~~~~~~~~~~~~~~~~~~~~~~


###########################################################################
                                SCF cycle 1
---------------------------------------------------------------------------
                                                                           

===========================================================================
 Current precision                                             1.00000e-08
---------------------------------------------------------------------------
 Orbital threshold                                             1.00000e-07
 Property threshold                                           -1.00000e+00
===========================================================================


===========================================================================
                          Building Fock operator
---------------------------------------------------------------------------
 Precision                                  (rel)              1.00000e-08
---------------------------------------------------------------------------
 Coulomb density                  2056 nds       275.70 MB        1.47 sec
 Coulomb potential                 904 nds       121.22 MB       53.89 sec
 Allreduce Coulomb                 840 nds       112.64 MB        0.53 sec
 XC rho (alpha)                   1408 nds       188.80 MB        1.60 sec
 XC rho (beta)                    1408 nds       188.80 MB        1.71 sec
 XC evaluate                     12672 nds         1.66 GB       13.02 sec
---------------------------------------------------------------------------
                         Wall time: 7.23310e+01 sec
===========================================================================


===========================================================================
                       Computing Helmholtz argument
---------------------------------------------------------------------------
 Rotate, warning: vector has no real and no imaginary parts!
 Rotating orbitals                          (sec)              8.58501e+00
---------------------------------------------------------------------------
                         Wall time: 8.58502e+00 sec
===========================================================================


===========================================================================
                       Applying Helmholtz operators
---------------------------------------------------------------------------
    0       1.000000e+00          1160 nds       155.55 MB       55.83 sec
   39       1.000000e+00           968 nds       129.80 MB       51.19 sec
---------------------------------------------------------------------------
                         Wall time: 1.07096e+02 sec
===========================================================================


===========================================================================
                         Lowdin orthonormalization
---------------------------------------------------------------------------
 Computing overlap matrix                   (sec)              4.92588e+00
 Computing Lowdin matrix                    (sec)              2.37100e-06
 Rotating orbitals                          (sec)              7.82231e+00
---------------------------------------------------------------------------
                         Wall time: 1.27488e+01 sec
===========================================================================


===========================================================================
                      Iterative subspace accelerator
---------------------------------------------------------------------------
 Push back orbitals                         (sec)              1.77015e-01
---------------------------------------------------------------------------
 Orbital sizes                    1680 nds       225.28 MB        0.00  ms
 Update sizes                     2128 nds       285.35 MB        0.00  ms
---------------------------------------------------------------------------
                         Wall time: 1.77108e-01 sec
===========================================================================


===========================================================================
                         Lowdin orthonormalization
---------------------------------------------------------------------------
 Computing overlap matrix                   (sec)              3.86249e+00
 Computing Lowdin matrix                    (sec)              1.97800e-06
 Rotating orbitals                          (sec)              8.04798e+00
---------------------------------------------------------------------------
                         Wall time: 1.19111e+01 sec
===========================================================================


===========================================================================
                          Building Fock operator
---------------------------------------------------------------------------
 Precision                                  (rel)              1.00000e-08
---------------------------------------------------------------------------
 Coulomb density                  1864 nds       249.95 MB        1.41 sec
 Coulomb potential                 904 nds       121.22 MB       53.90 sec
 Allreduce Coulomb                 840 nds       112.64 MB        0.53 sec
 XC rho (alpha)                   2120 nds       284.28 MB        1.94 sec
 XC rho (beta)                    2120 nds       284.28 MB        2.07 sec
 XC evaluate                     19080 nds         2.50 GB       19.49 sec
---------------------------------------------------------------------------
                         Wall time: 7.95346e+01 sec
===========================================================================


===========================================================================
                           Computing Fock matrix
---------------------------------------------------------------------------
 <i|p[x]p[x]|j>                   4048 nds         0.53 GB       21.44 sec
 <i|p[y]p[y]|j>                   4112 nds         0.54 GB        8.45 sec
 <i|p[z]p[z]|j>                   4112 nds         0.54 GB        8.46 sec
 <i|V_nuc + J + V_xc|j>           5808 nds         0.76 GB       15.48 sec
---------------------------------------------------------------------------
                         Wall time: 5.38398e+01 sec
===========================================================================


===========================================================================
                        Computing molecular energy
---------------------------------------------------------------------------
 Trace T(rho)                    13520 nds         1.77 GB        4.04 sec
 Trace V_nuc(rho)                 2512 nds       336.84 MB        1.47 sec
 Trace J(rho)                     2128 nds       285.35 MB        1.23 sec
---------------------------------------------------------------------------
                         Wall time: 6.78710e+00 sec
===========================================================================


===========================================================================
                         Digonalizing Fock matrix
---------------------------------------------------------------------------
 Computing overlap matrix                   (sec)              3.83759e+00
 Computing Lowdin matrix                    (sec)              2.20100e-06
 Diagonalizing matrix                       (sec)              1.96541e-04
 Rotating orbitals                          (sec)              7.77377e+00
---------------------------------------------------------------------------
                         Wall time: 1.16121e+01 sec
===========================================================================


===========================================================================
    n   Spin   Nodes                  F(i,i)              Residual    Done
---------------------------------------------------------------------------
    0      a    1160       -674.672286544273          3.615785e-07       0
    1      a       0        -92.826730946786          3.151264e-07       0
    2      a       0        -85.287020476689          3.891985e-07       0
    3      a       0        -85.287020441478          3.891573e-07       0
    4      a       0        -85.283398775158          3.892162e-07       0
    5      a       0        -15.412155300159          3.067969e-07       0
    6      a       0        -12.550130159353          3.907370e-07       0
    7      a       0        -12.550130063895          3.906268e-07       0
    8      a       0        -12.540885702515          3.911492e-07       0
    9      a       0         -7.317104307289          3.894579e-07       0
   10      a       0         -7.316390356373          3.894317e-07       0
   11      a       0         -7.310656895668          4.506995e-07       0
   12      a       0         -7.310656827375          3.894569e-07       0
   13      a       0         -7.308492141995          3.899108e-07       0
   14      a       0         -2.048411033461          3.421471e-07       0
   15      a       0         -1.268487447842          3.955222e-07       0
   16      a       0         -1.268487297405          3.954024e-07       0
   17      a       0         -1.254373061019          3.929587e-07       0
   18      a       0         -0.158267558007          3.921381e-07       0
   19      a       0         -0.153295162726          4.286138e-07       0
   20      a       0         -0.142204684320          3.919365e-07       0
   21      a       0         -0.142204498607          3.916351e-07       0
   22      a       0         -0.135497065837          4.243795e-07       0
   23      b       0       -674.672247932395          3.614640e-07       0
   24      b       0        -92.814210000749          3.152904e-07       0
   25      b       0        -85.278707177632          3.891158e-07       0
   26      b       0        -85.278707121224          3.891126e-07       0
   27      b       0        -85.272868431939          3.891062e-07       0
   28      b       0        -15.405742884294          3.135716e-07       0
   29      b       0        -12.543417385173          3.906552e-07       0
   30      b       0        -12.543417269360          3.907156e-07       0
   31      b       0        -12.532083295390          3.908096e-07       0
   32      b       0         -7.309996293209          3.894107e-07       0
   33      b       0         -7.303693482301          3.894424e-07       0
   34      b       0         -7.298027164091          3.894558e-07       0
   35      b       0         -7.298027110599          3.894419e-07       0
   36      b       0         -7.296144467262          3.898774e-07       0
   37      b       0         -1.974301506947          3.945691e-07       0
   38      b       0         -1.192370773788          3.920919e-07       0
   39      b     968         -1.192370358552          3.920661e-07       0
   40      b       0         -1.158694990565          3.915515e-07       0
---------------------------------------------------------------------------
 Total residual                                       2.464054e-06       0
===========================================================================


===========================================================================
                                      Energy                Update    Done
---------------------------------------------------------------------------
 Kinetic energy            3753.339155012132         -2.170892e-04       1
 N-E energy               -8944.435022863267          2.372503e-04       1
 Coulomb energy            1552.695941834189         -2.867085e-05       1
 Exchange energy              0.000000000000          0.000000e+00       1
 X-C energy                -116.747159865223          3.033147e-06       1
---------------------------------------------------------------------------
 Electronic energy        -3755.147085882168         -5.476566e-06       1
 Nuclear energy               0.000000000000          0.000000e+00       1
---------------------------------------------------------------------------
 Total energy             -3755.147085882168         -5.476566e-06       1
===========================================================================


===========================================================================
                               Memory usage
---------------------------------------------------------------------------
 Total memory current process                (GB)                     5.52
 Maximum memory process                      (GB)                     8.01
 Minimum memory process                      (GB)                     3.82
 Average memory process                      (GB)                     5.62
 Maximum data in bank                        (GB)                     6.57
===========================================================================


---------------------------------------------------------------------------
                         Wall time: 3.64929e+02 sec
###########################################################################


                                                                           


###########################################################################
                                SCF cycle 2
---------------------------------------------------------------------------
                                                                           

===========================================================================
 Current precision                                             1.00000e-08
---------------------------------------------------------------------------
 Orbital threshold                                             1.00000e-07
 Property threshold                                           -1.00000e+00
===========================================================================


===========================================================================
                       Computing Helmholtz argument
---------------------------------------------------------------------------
 Rotate, warning: vector has no real and no imaginary parts!
 Rotating orbitals                          (sec)              8.57602e-03
---------------------------------------------------------------------------
                         Wall time: 8.58675e-03 sec
===========================================================================


===========================================================================
                       Applying Helmholtz operators
---------------------------------------------------------------------------
    0       1.000000e+00          1224 nds       164.13 MB       57.99 sec
   39       1.000000e+00           904 nds       121.22 MB       50.27 sec
---------------------------------------------------------------------------
                         Wall time: 1.08325e+02 sec
===========================================================================


===========================================================================
                         Lowdin orthonormalization
---------------------------------------------------------------------------
 Computing overlap matrix                   (sec)              5.36441e+00
 Computing Lowdin matrix                    (sec)              2.19800e-06
 Rotating orbitals                          (sec)              7.65871e+00
---------------------------------------------------------------------------
                         Wall time: 1.30237e+01 sec
===========================================================================


===========================================================================
                      Iterative subspace accelerator
---------------------------------------------------------------------------
 Push back orbitals                         (sec)              1.85482e-01
---------------------------------------------------------------------------
 Orbital sizes                    2128 nds       285.35 MB        0.00  ms
 Update sizes                     2192 nds       293.93 MB        0.00  ms
---------------------------------------------------------------------------
                         Wall time: 1.85577e-01 sec
===========================================================================


===========================================================================
                         Lowdin orthonormalization
---------------------------------------------------------------------------
 Computing overlap matrix                   (sec)              4.02293e+00
 Computing Lowdin matrix                    (sec)              2.44300e-06
 Rotating orbitals                          (sec)              7.96256e+00
---------------------------------------------------------------------------
                         Wall time: 1.19861e+01 sec
===========================================================================


===========================================================================
                          Building Fock operator
---------------------------------------------------------------------------
 Precision                                  (rel)              1.00000e-08
---------------------------------------------------------------------------
 Coulomb density                  1608 nds       215.62 MB        1.26 sec
 Coulomb potential                 904 nds       121.22 MB       53.75 sec
 Allreduce Coulomb                 840 nds       112.64 MB        0.53 sec
 XC rho (alpha)                   1608 nds       215.62 MB        1.56 sec
 XC rho (beta)                    1608 nds       215.62 MB        1.88 sec
 XC evaluate                     19656 nds         2.57 GB       20.08 sec
---------------------------------------------------------------------------
                         Wall time: 7.92655e+01 sec
===========================================================================


===========================================================================
                           Computing Fock matrix
---------------------------------------------------------------------------
 <i|p[x]p[x]|j>                   4048 nds         0.53 GB       21.43 sec
 <i|p[y]p[y]|j>                   4112 nds         0.54 GB        8.30 sec
 <i|p[z]p[z]|j>                   4112 nds         0.54 GB        8.96 sec
 <i|V_nuc + J + V_xc|j>           5808 nds         0.76 GB       14.95 sec
---------------------------------------------------------------------------
                         Wall time: 5.36559e+01 sec
===========================================================================


===========================================================================
                        Computing molecular energy
---------------------------------------------------------------------------
 Trace T(rho)                    13520 nds         1.77 GB        4.08 sec
 Trace V_nuc(rho)                 2256 nds       302.52 MB        1.31 sec
 Trace J(rho)                     2192 nds       293.93 MB        1.27 sec
---------------------------------------------------------------------------
                         Wall time: 6.70757e+00 sec
===========================================================================


===========================================================================
                         Digonalizing Fock matrix
---------------------------------------------------------------------------
 Computing overlap matrix                   (sec)              3.73287e+00
 Computing Lowdin matrix                    (sec)              2.22600e-06
 Diagonalizing matrix                       (sec)              2.03302e-04
 Rotating orbitals                          (sec)              7.66059e+00
---------------------------------------------------------------------------
                         Wall time: 1.13942e+01 sec
===========================================================================


===========================================================================
    n   Spin   Nodes                  F(i,i)              Residual    Done
---------------------------------------------------------------------------
    0      a    1224       -674.672286838644          2.790134e-08       1
    1      a       0        -92.826730752886          3.536742e-08       1
    2      a       0        -85.287020284063          2.024928e-08       1
    3      a       0        -85.287020248220          1.997663e-08       1
    4      a       0        -85.283398582160          2.037047e-08       1
    5      a       0        -15.412155068168          2.460595e-08       1
    6      a       0        -12.550129926829          2.550068e-08       1
    7      a       0        -12.550129831474          2.470105e-08       1
    8      a       0        -12.540885468637          2.597532e-08       1
    9      a       0         -7.317104057218          1.519215e-08       1
   10      a       0         -7.316390106328          1.520880e-08       1
   11      a       0         -7.310656644314          5.136645e-08       1
   12      a       0         -7.310656576290          1.509830e-08       1
   13      a       0         -7.308491890660          1.619171e-08       1
   14      a       0         -2.048410893970          4.594041e-08       1
   15      a       0         -1.268487314309          1.734176e-08       1
   16      a       0         -1.268487163664          1.813286e-08       1
   17      a       0         -1.254372926019          1.668728e-08       1
   18      a       0         -0.158267465855          4.824309e-08       1
   19      a       0         -0.153295124576          3.200036e-07       0
   20      a       0         -0.142204593108          4.391353e-08       1
   21      a       0         -0.142204406974          4.398030e-08       1
   22      a       0         -0.135496976638          7.477014e-08       1
   23      b       0       -674.672248226417          2.768636e-08       1
   24      b       0        -92.814209807183          3.495608e-08       1
   25      b       0        -85.278706986237          1.990748e-08       1
   26      b       0        -85.278706926956          1.990101e-08       1
   27      b       0        -85.272868240002          1.984733e-08       1
   28      b       0        -15.405742651398          2.268930e-08       1
   29      b       0        -12.543417151522          2.315615e-08       1
   30      b       0        -12.543417036494          2.314730e-08       1
   31      b       0        -12.532083060241          2.276369e-08       1
   32      b       0         -7.309996042508          1.351471e-08       1
   33      b       0         -7.303693231105          1.345039e-08       1
   34      b       0         -7.298026911718          1.283692e-08       1
   35      b       0         -7.298026858738          1.334561e-08       1
   36      b       0         -7.296144214857          1.372037e-08       1
   37      b       0         -1.974301363928          6.508489e-08       1
   38      b       0         -1.192370635455          1.431212e-08       1
   39      b     904         -1.192370219958          1.410502e-08       1
   40      b       0         -1.158694851107          1.450535e-08       1
---------------------------------------------------------------------------
 Total residual                                       3.709594e-07       0
===========================================================================


===========================================================================
                                      Energy                Update    Done
---------------------------------------------------------------------------
 Kinetic energy            3753.339125800449         -2.921168e-05       1
 N-E energy               -8944.435000900230          2.196304e-05       1
 Coulomb energy            1552.695948825537          6.991348e-06       1
 Exchange energy              0.000000000000          0.000000e+00       1
 X-C energy                -116.747159769584          9.563888e-08       1
---------------------------------------------------------------------------
 Electronic energy        -3755.147086043828         -1.616604e-07       1
 Nuclear energy               0.000000000000          0.000000e+00       1
---------------------------------------------------------------------------
 Total energy             -3755.147086043828         -1.616604e-07       1
===========================================================================


===========================================================================
                               Memory usage
---------------------------------------------------------------------------
 Total memory current process                (GB)                     5.63
 Maximum memory process                      (GB)                     7.75
 Minimum memory process                      (GB)                     4.50
 Average memory process                      (GB)                     5.60
 Maximum data in bank                        (GB)                     6.57
===========================================================================


---------------------------------------------------------------------------
                         Wall time: 2.84822e+02 sec
###########################################################################


                                                                           


###########################################################################
                                SCF cycle 3
---------------------------------------------------------------------------
                                                                           

===========================================================================
 Current precision                                             1.00000e-08
---------------------------------------------------------------------------
 Orbital threshold                                             1.00000e-07
 Property threshold                                           -1.00000e+00
===========================================================================


===========================================================================
                       Computing Helmholtz argument
---------------------------------------------------------------------------
 Rotate, warning: vector has no real and no imaginary parts!
 Rotating orbitals                          (sec)              8.84180e-03
---------------------------------------------------------------------------
                         Wall time: 8.85240e-03 sec
===========================================================================


===========================================================================
                       Applying Helmholtz operators
---------------------------------------------------------------------------
    0       1.000000e+00          1224 nds       164.13 MB       58.02 sec
   39       1.000000e+00           904 nds       121.22 MB       50.11 sec
---------------------------------------------------------------------------
                         Wall time: 1.08195e+02 sec
===========================================================================


===========================================================================
                         Lowdin orthonormalization
---------------------------------------------------------------------------
 Computing overlap matrix                   (sec)              5.13049e+00
 Computing Lowdin matrix                    (sec)              2.05200e-06
 Rotating orbitals                          (sec)              7.68785e+00
---------------------------------------------------------------------------
                         Wall time: 1.28189e+01 sec
===========================================================================


===========================================================================
                      Iterative subspace accelerator
---------------------------------------------------------------------------
 Push back orbitals                         (sec)              1.83796e-01
---------------------------------------------------------------------------
 Orbital sizes                    2128 nds       285.35 MB        0.00  ms
 Update sizes                     2128 nds       285.35 MB        0.00  ms
---------------------------------------------------------------------------
                         Wall time: 1.83882e-01 sec
===========================================================================


===========================================================================
                         Lowdin orthonormalization
---------------------------------------------------------------------------
 Computing overlap matrix                   (sec)              3.79418e+00
 Computing Lowdin matrix                    (sec)              2.40900e-06
 Rotating orbitals                          (sec)              7.78006e+00
---------------------------------------------------------------------------
                         Wall time: 1.15748e+01 sec
===========================================================================


===========================================================================
                          Building Fock operator
---------------------------------------------------------------------------
 Precision                                  (rel)              1.00000e-08
---------------------------------------------------------------------------
 Coulomb density                  1608 nds       215.62 MB        1.25 sec
 Coulomb potential                 904 nds       121.22 MB       53.68 sec
 Allreduce Coulomb                 840 nds       112.64 MB        0.54 sec
 XC rho (alpha)                   1608 nds       215.62 MB        1.56 sec
 XC rho (beta)                    1608 nds       215.62 MB        1.88 sec
 XC evaluate                     19656 nds         2.57 GB       20.75 sec
---------------------------------------------------------------------------
                         Wall time: 7.98994e+01 sec
===========================================================================


===========================================================================
                           Computing Fock matrix
---------------------------------------------------------------------------
 <i|p[x]p[x]|j>                   4048 nds         0.53 GB       21.15 sec
 <i|p[y]p[y]|j>                   4112 nds         0.54 GB        8.05 sec
 <i|p[z]p[z]|j>                   4112 nds         0.54 GB        8.08 sec
 <i|V_nuc + J + V_xc|j>           5808 nds         0.76 GB       15.02 sec
---------------------------------------------------------------------------
                         Wall time: 5.23001e+01 sec
===========================================================================


===========================================================================
                        Computing molecular energy
---------------------------------------------------------------------------
 Trace T(rho)                    13520 nds         1.77 GB        4.06 sec
 Trace V_nuc(rho)                 2256 nds       302.52 MB        1.31 sec
 Trace J(rho)                     2192 nds       293.93 MB        1.28 sec
---------------------------------------------------------------------------
                         Wall time: 6.69682e+00 sec
===========================================================================


===========================================================================
                         Digonalizing Fock matrix
---------------------------------------------------------------------------
 Computing overlap matrix                   (sec)              3.75181e+00
 Computing Lowdin matrix                    (sec)              2.33000e-06
 Diagonalizing matrix                       (sec)              1.98386e-04
 Rotating orbitals                          (sec)              7.74579e+00
---------------------------------------------------------------------------
                         Wall time: 1.14983e+01 sec
===========================================================================


===========================================================================
    n   Spin   Nodes                  F(i,i)              Residual    Done
---------------------------------------------------------------------------
    0      a    1224       -674.672286995049          5.432267e-09       1
    1      a       0        -92.826730775101          9.237360e-09       1
    2      a       0        -85.287020313232          2.594862e-09       1
    3      a       0        -85.287020276740          1.609972e-09       1
    4      a       0        -85.283398611550          3.035154e-09       1
    5      a       0        -15.412155097827          7.832167e-09       1
    6      a       0        -12.550129956476          5.237027e-09       1
    7      a       0        -12.550129860818          3.442045e-09       1
    8      a       0        -12.540885498715          6.147688e-09       1
    9      a       0         -7.317104081190          5.842471e-09       1
   10      a       0         -7.316390130236          4.680755e-09       1
   11      a       0         -7.310656668548          2.758364e-08       1
   12      a       0         -7.310656600492          5.932816e-09       1
   13      a       0         -7.308491915105          5.344533e-09       1
   14      a       0         -2.048410924681          1.417656e-08       1
   15      a       0         -1.268487342697          1.357146e-08       1
   16      a       0         -1.268487191828          1.377961e-08       1
   17      a       0         -1.254372954956          1.225300e-08       1
   18      a       0         -0.158267483461          3.860695e-08       1
   19      a       0         -0.153295131164          8.453094e-08       1
   20      a       0         -0.142204611371          4.427543e-08       1
   21      a       0         -0.142204424836          4.386035e-08       1
   22      a       0         -0.135496995151          4.689056e-08       1
   23      b       0       -674.672248382803          5.262062e-09       1
   24      b       0        -92.814209830684          9.025797e-09       1
   25      b       0        -85.278707016884          1.595161e-09       1
   26      b       0        -85.278706955450          1.575413e-09       1
   27      b       0        -85.272868270942          1.574672e-09       1
   28      b       0        -15.405742681132          6.689060e-09       1
   29      b       0        -12.543417181178          3.103909e-09       1
   30      b       0        -12.543417066143          3.061833e-09       1
   31      b       0        -12.532083090456          3.031221e-09       1
   32      b       0         -7.309996066695          2.956574e-09       1
   33      b       0         -7.303693255512          5.724328e-09       1
   34      b       0         -7.298026936723          5.291947e-09       1
   35      b       0         -7.298026883586          5.719280e-09       1
   36      b       0         -7.296144239853          3.335205e-09       1
   37      b       0         -1.974301397727          1.566561e-08       1
   38      b       0         -1.192370666523          9.486418e-09       1
   39      b     904         -1.192370250561          9.406682e-09       1
   40      b       0         -1.158694884046          9.008102e-09       1
---------------------------------------------------------------------------
 Total residual                                       1.319256e-07       1
===========================================================================


===========================================================================
                                      Energy                Update    Done
---------------------------------------------------------------------------
 Kinetic energy            3753.339117473059         -8.327390e-06       1
 N-E energy               -8944.434991332419          9.567812e-06       1
 Coulomb energy            1552.695947447629         -1.377909e-06       1
 Exchange energy              0.000000000000          0.000000e+00       1
 X-C energy                -116.747159632094          1.374901e-07       1
---------------------------------------------------------------------------
 Electronic energy        -3755.147086043825          3.183231e-12       1
 Nuclear energy               0.000000000000          0.000000e+00       1
---------------------------------------------------------------------------
 Total energy             -3755.147086043825          3.183231e-12       1
===========================================================================


===========================================================================
                               Memory usage
---------------------------------------------------------------------------
 Total memory current process                (GB)                     5.64
 Maximum memory process                      (GB)                     7.49
 Minimum memory process                      (GB)                     3.80
 Average memory process                      (GB)                     5.24
 Maximum data in bank                        (GB)                     6.57
===========================================================================


---------------------------------------------------------------------------
                         Wall time: 2.83446e+02 sec
###########################################################################


                                                                           


===========================================================================
 Iter           MO residual             Total energy                Update
---------------------------------------------------------------------------
    0          6.403124e+00       -3755.147080405601         -3.755147e+03
    1          2.464054e-06       -3755.147085882168         -5.476566e-06
    2          3.709594e-07       -3755.147086043828         -1.616604e-07
    3          1.319256e-07       -3755.147086043825          3.183231e-12
---------------------------------------------------------------------------
                      SCF converged in 3 iterations!
===========================================================================


===========================================================================
                        Computing orbital energies
---------------------------------------------------------------------------
 Diagonalize Fock matrix (alpha)            (sec)              3.89710e-05
 Diagonalize Fock matrix (beta)             (sec)              3.01180e-05
---------------------------------------------------------------------------
                         Wall time: 1.01357e-04 sec
===========================================================================


===========================================================================
                             Writing orbitals
---------------------------------------------------------------------------
 File name               : orbitals/phi_p_scf
 Spin                    : Paired
---------------------------------------------------------------------------
---------------------------------------------------------------------------
                         Wall time: 2.49890e-05 sec
===========================================================================


===========================================================================
                             Writing orbitals
---------------------------------------------------------------------------
 File name               : orbitals/phi_a_scf
 Spin                    : Alpha
---------------------------------------------------------------------------
 'orbitals/phi_a_scf_idx_0'        1224 nds       164.13 MB        0.28 sec
 'orbitals/phi_a_scf_idx_1'           0 nds         0.00 kB        0.01  ms
 'orbitals/phi_a_scf_idx_2'           0 nds         0.00 kB        0.00  ms
 'orbitals/phi_a_scf_idx_3'           0 nds         0.00 kB        0.00  ms
 'orbitals/phi_a_scf_idx_4'           0 nds         0.00 kB        0.00  ms
 'orbitals/phi_a_scf_idx_5'           0 nds         0.00 kB        0.00  ms
 'orbitals/phi_a_scf_idx_6'           0 nds         0.00 kB        0.00  ms
 'orbitals/phi_a_scf_idx_7'           0 nds         0.00 kB        0.00  ms
 'orbitals/phi_a_scf_idx_8'           0 nds         0.00 kB        0.00  ms
 'orbitals/phi_a_scf_idx_9'           0 nds         0.00 kB        0.00  ms
 'orbitals/phi_a_scf_idx_10'           0 nds         0.00 kB        0.00  ms
 'orbitals/phi_a_scf_idx_11'           0 nds         0.00 kB        0.00  ms
 'orbitals/phi_a_scf_idx_12'           0 nds         0.00 kB        0.00  ms
 'orbitals/phi_a_scf_idx_13'           0 nds         0.00 kB        0.00  ms
 'orbitals/phi_a_scf_idx_14'           0 nds         0.00 kB        0.00  ms
 'orbitals/phi_a_scf_idx_15'           0 nds         0.00 kB        0.00  ms
 'orbitals/phi_a_scf_idx_16'           0 nds         0.00 kB        0.00  ms
 'orbitals/phi_a_scf_idx_17'           0 nds         0.00 kB        0.00  ms
 'orbitals/phi_a_scf_idx_18'           0 nds         0.00 kB        0.00  ms
 'orbitals/phi_a_scf_idx_19'           0 nds         0.00 kB        0.00  ms
 'orbitals/phi_a_scf_idx_20'           0 nds         0.00 kB        0.00  ms
 'orbitals/phi_a_scf_idx_21'           0 nds         0.00 kB        0.00  ms
 'orbitals/phi_a_scf_idx_22'           0 nds         0.00 kB        0.00  ms
---------------------------------------------------------------------------
                         Wall time: 2.77544e-01 sec
===========================================================================


===========================================================================
                             Writing orbitals
---------------------------------------------------------------------------
 File name               : orbitals/phi_b_scf
 Spin                    : Beta
---------------------------------------------------------------------------
 'orbitals/phi_b_scf_idx_0'           0 nds         0.00 kB        0.00  ms
 'orbitals/phi_b_scf_idx_1'           0 nds         0.00 kB        0.00  ms
 'orbitals/phi_b_scf_idx_2'           0 nds         0.00 kB        0.00  ms
 'orbitals/phi_b_scf_idx_3'           0 nds         0.00 kB        0.00  ms
 'orbitals/phi_b_scf_idx_4'           0 nds         0.00 kB        0.00  ms
 'orbitals/phi_b_scf_idx_5'           0 nds         0.00 kB        0.00  ms
 'orbitals/phi_b_scf_idx_6'           0 nds         0.00 kB        0.00  ms
 'orbitals/phi_b_scf_idx_7'           0 nds         0.00 kB        0.00  ms
 'orbitals/phi_b_scf_idx_8'           0 nds         0.00 kB        0.00  ms
 'orbitals/phi_b_scf_idx_9'           0 nds         0.00 kB        0.00  ms
 'orbitals/phi_b_scf_idx_10'           0 nds         0.00 kB        0.00  ms
 'orbitals/phi_b_scf_idx_11'           0 nds         0.00 kB        0.00  ms
 'orbitals/phi_b_scf_idx_12'           0 nds         0.00 kB        0.00  ms
 'orbitals/phi_b_scf_idx_13'           0 nds         0.00 kB        0.00  ms
 'orbitals/phi_b_scf_idx_14'           0 nds         0.00 kB        0.00  ms
 'orbitals/phi_b_scf_idx_15'           0 nds         0.00 kB        0.00  ms
 'orbitals/phi_b_scf_idx_16'         904 nds       121.22 MB        0.07 sec
 'orbitals/phi_b_scf_idx_17'           0 nds         0.00 kB        0.00  ms
---------------------------------------------------------------------------
                         Wall time: 7.02015e-02 sec
===========================================================================


===========================================================================
                          Computing dipole moment
---------------------------------------------------------------------------
 Trace h_E_dip[x](nucs)              0 nds         0.00 kB        0.08  ms
 Trace h_E_dip[y](nucs)              0 nds         0.00 kB        0.07  ms
 Trace h_E_dip[z](nucs)              0 nds         0.00 kB        0.07  ms
 Trace h_E_dip[x](rho)            2128 nds       285.35 MB        1.42 sec
 Trace h_E_dip[y](rho)            2128 nds       285.35 MB        1.24 sec
 Trace h_E_dip[z](rho)            2128 nds       285.35 MB        1.24 sec
---------------------------------------------------------------------------
                         Wall time: 3.89861e+00 sec
===========================================================================


                                                                           
***************************************************************************
***                                                                     ***
***                    Printing Molecular Properties                    ***
***                                                                     ***
***************************************************************************
                                                                           
                                                                           
===========================================================================
                                 Molecule
---------------------------------------------------------------------------
 Charge                  :                                               0
 Multiplicity            :                                               6
---------------------------------------------------------------------------
    N    Atom            :               x               y               z
---------------------------------------------------------------------------
    0      Nb            :        0.000000        0.000000        0.000000
---------------------------------------------------------------------------
 Center of mass          :        0.000000        0.000000        0.000000
===========================================================================


===========================================================================
                         Molecular Energy (final)
---------------------------------------------------------------------------
 Kinetic energy          :            (au)               3753.339117473059
 E-N energy              :            (au)              -8944.434991332419
 Coulomb energy          :            (au)               1552.695947447629
 Exchange energy         :            (au)                  0.000000000000
 X-C energy              :            (au)               -116.747159632094
 Ext. field (el)         :            (au)                  0.000000000000
---------------------------------------------------------------------------
 N-N energy              :            (au)                  0.000000000000
 Ext. field (nuc)        :            (au)                  0.000000000000
 Tot. Reac. Energy       :            (au)                  0.000000000000
 El. Reac. Energy        :            (au)                  0.000000000000
 Nuc. Reac. Energy       :            (au)                  0.000000000000
---------------------------------------------------------------------------
 Electronic energy       :            (au)              -3755.147086043825
 Nuclear energy          :            (au)                  0.000000000000
---------------------------------------------------------------------------
 Total energy            :            (au)             -3.755147086044e+03
                         :      (kcal/mol)             -2.356390353980e+06
                         :        (kJ/mol)             -9.859137247452e+06
                         :            (eV)             -1.021827532777e+05
===========================================================================


===========================================================================
                         Orbital Energies (final)
---------------------------------------------------------------------------
    n  Occ Spin          :                                         Epsilon
---------------------------------------------------------------------------
    0    1    a          :            (au)               -674.672286995049
    1    1    a          :            (au)                -92.826730775101
    2    1    a          :            (au)                -85.287020313232
    3    1    a          :            (au)                -85.287020276740
    4    1    a          :            (au)                -85.283398611550
    5    1    a          :            (au)                -15.412155097827
    6    1    a          :            (au)                -12.550129956476
    7    1    a          :            (au)                -12.550129860818
    8    1    a          :            (au)                -12.540885498715
    9    1    a          :            (au)                 -7.317104081190
   10    1    a          :            (au)                 -7.316390130236
   11    1    a          :            (au)                 -7.310656668548
   12    1    a          :            (au)                 -7.310656600492
   13    1    a          :            (au)                 -7.308491915105
   14    1    a          :            (au)                 -2.048410924681
   15    1    a          :            (au)                 -1.268487342697
   16    1    a          :            (au)                 -1.268487191828
   17    1    a          :            (au)                 -1.254372954956
   18    1    a          :            (au)                 -0.158267483461
   19    1    a          :            (au)                 -0.153295131164
   20    1    a          :            (au)                 -0.142204611371
   21    1    a          :            (au)                 -0.142204424836
   22    1    a          :            (au)                 -0.135496995151
   23    1    b          :            (au)               -674.672248382803
   24    1    b          :            (au)                -92.814209830684
   25    1    b          :            (au)                -85.278707016884
   26    1    b          :            (au)                -85.278706955450
   27    1    b          :            (au)                -85.272868270942
   28    1    b          :            (au)                -15.405742681132
   29    1    b          :            (au)                -12.543417181178
   30    1    b          :            (au)                -12.543417066143
   31    1    b          :            (au)                -12.532083090456
   32    1    b          :            (au)                 -7.309996066695
   33    1    b          :            (au)                 -7.303693255512
   34    1    b          :            (au)                 -7.298026936723
   35    1    b          :            (au)                 -7.298026883586
   36    1    b          :            (au)                 -7.296144239853
   37    1    b          :            (au)                 -1.974301397727
   38    1    b          :            (au)                 -1.192370666523
   39    1    b          :            (au)                 -1.192370250561
   40    1    b          :            (au)                 -1.158694884046
---------------------------------------------------------------------------
 Sum occupied            :            (au)              -2237.909308898121
===========================================================================


===========================================================================
                           Dipole Moment (dip-1)
---------------------------------------------------------------------------
 r_O                     :        0.000000        0.000000        0.000000
---------------------------------------------------------------------------
 Electronic vector       :        0.000000       -0.000000        0.000000
 Magnitude               :            (au)                        0.000000
                         :         (Debye)                        0.000000
---------------------------------------------------------------------------
 Nuclear vector          :       -0.000000       -0.000000       -0.000000
 Magnitude               :            (au)                        0.000000
                         :         (Debye)                        0.000000
---------------------------------------------------------------------------
 Total vector            :       -0.000000       -0.000000       -0.000000
 Magnitude               :            (au)                        0.000000
                         :         (Debye)                        0.000000
===========================================================================


                                                                           
                                                                           
***************************************************************************
***                                                                     ***
***                            Exiting MRChem                           ***
***                                                                     ***
***                       Wall time :  0h 20m 28s                       ***
***                                                                     ***
***************************************************************************
                                                                           
                                                                           
