Starting job 4422118 on c3-[29-43] at Sun Nov 14 12:58:55 CET 2021

Copying Pd_pbe.out to /cluster/home/ambr/projects/zora/row5/calcs_mw8
Copying Pd_pbe.json to /cluster/home/ambr/projects/zora/row5/calcs_mw8

Task and CPU usage stats:
       JobID    JobName  AllocCPUS   NTasks     MinCPU MinCPUTask     AveCPU    Elapsed ExitCode 
------------ ---------- ---------- -------- ---------- ---------- ---------- ---------- -------- 
4422118          Pd_pbe        160                                             01:05:26      0:0 
4422118.bat+      batch         24        1   00:00:06          0   00:00:06   01:05:26      0:0 
4422118.ext+     extern        160       15   00:00:00         10   00:00:00   01:05:26      0:0 
4422118.0      mrchem.x        160       40   01:04:39         39   02:16:43   01:04:57      0:0 

Memory usage stats:
       JobID     MaxRSS MaxRSSTask     AveRSS MaxPages   MaxPagesTask   AvePages 
------------ ---------- ---------- ---------- -------- -------------- ---------- 
4422118                                                                          
4422118.bat+     14760K          0     14760K        0              0          0 
4422118.ext+          0         10          0        0             10          0 
4422118.0     44613928K         39 112733259+        0             17          0 

Disk usage stats:
       JobID  MaxDiskRead MaxDiskReadTask    AveDiskRead MaxDiskWrite MaxDiskWriteTask   AveDiskWrite 
------------ ------------ --------------- -------------- ------------ ---------------- -------------- 
4422118                                                                                               
4422118.bat+     2379.12M               0       2379.12M     2364.07M                0       2364.07M 
4422118.ext+        0.00M              10          0.00M            0               10              0 
4422118.0         119.46M               0         60.94M      309.65M                0        103.16M 

Job 4422118 completed at Sun Nov 14 14:04:22 CET 2021
