Starting job 4422109 on c3-[29-43] at Sun Nov 14 11:09:16 CET 2021

Copying Rb_pbe.out to /cluster/home/ambr/projects/zora/row5/calcs_mw8
Copying Rb_pbe.json to /cluster/home/ambr/projects/zora/row5/calcs_mw8

Task and CPU usage stats:
       JobID    JobName  AllocCPUS   NTasks     MinCPU MinCPUTask     AveCPU    Elapsed ExitCode 
------------ ---------- ---------- -------- ---------- ---------- ---------- ---------- -------- 
4422109          Rb_pbe        160                                             00:45:09      0:0 
4422109.bat+      batch         24        1   00:00:05          0   00:00:05   00:45:09      0:0 
4422109.ext+     extern        160       15   00:00:00          6   00:00:00   00:45:09      0:0 
4422109.0      mrchem.x        160       40   00:44:19         39   01:41:58   00:44:35      0:0 

Memory usage stats:
       JobID     MaxRSS MaxRSSTask     AveRSS MaxPages   MaxPagesTask   AvePages 
------------ ---------- ---------- ---------- -------- -------------- ---------- 
4422109                                                                          
4422109.bat+     14760K          0     14760K        0              0          0 
4422109.ext+          0          6          0        0              6          0 
4422109.0     30625256K         39 8350112563        0             17          0 

Disk usage stats:
       JobID  MaxDiskRead MaxDiskReadTask    AveDiskRead MaxDiskWrite MaxDiskWriteTask   AveDiskWrite 
------------ ------------ --------------- -------------- ------------ ---------------- -------------- 
4422109                                                                                               
4422109.bat+     1899.19M               0       1899.19M     1882.04M                0       1882.04M 
4422109.ext+        0.00M               6          0.00M            0                6              0 
4422109.0          68.49M               0         48.89M      163.51M                0         78.45M 

Job 4422109 completed at Sun Nov 14 11:54:25 CET 2021
