Starting job 4422117 on c3-[43-44,46-51,54-55] at Sun Nov 14 12:57:55 CET 2021

Copying Rh_pbe.out to /cluster/home/ambr/projects/zora/row5/calcs_mw8
Copying Rh_pbe.json to /cluster/home/ambr/projects/zora/row5/calcs_mw8

Task and CPU usage stats:
       JobID    JobName  AllocCPUS   NTasks     MinCPU MinCPUTask     AveCPU    Elapsed ExitCode 
------------ ---------- ---------- -------- ---------- ---------- ---------- ---------- -------- 
4422117          Rh_pbe        160                                             00:43:32      0:0 
4422117.bat+      batch          4        1   00:00:05          0   00:00:05   00:43:32      0:0 
4422117.ext+     extern        160       10   00:00:00          9   00:00:00   00:43:32      0:0 
4422117.0      mrchem.x        160       40   00:42:49         39   01:31:01   00:43:01      0:0 

Memory usage stats:
       JobID     MaxRSS MaxRSSTask     AveRSS MaxPages   MaxPagesTask   AvePages 
------------ ---------- ---------- ---------- -------- -------------- ---------- 
4422117                                                                          
4422117.bat+     14460K          0     14460K        0              0          0 
4422117.ext+          0          9          0        0              9          0 
4422117.0     39361472K         39 9427797401        0             28          0 

Disk usage stats:
       JobID  MaxDiskRead MaxDiskReadTask    AveDiskRead MaxDiskWrite MaxDiskWriteTask   AveDiskWrite 
------------ ------------ --------------- -------------- ------------ ---------------- -------------- 
4422117                                                                                               
4422117.bat+     2338.11M               0       2338.11M     2321.09M                0       2321.09M 
4422117.ext+        0.00M               9          0.00M            0                9              0 
4422117.0         119.46M               0         59.86M      318.06M                6        121.21M 

Job 4422117 completed at Sun Nov 14 13:41:28 CET 2021
