Starting job 4422116 on c3-[45,47-49,54-56],c6-[1,3-4] at Sun Nov 14 12:20:50 CET 2021

Copying Ru_pbe.out to /cluster/home/ambr/projects/zora/row5/calcs_mw8
Copying Ru_pbe.json to /cluster/home/ambr/projects/zora/row5/calcs_mw8

Task and CPU usage stats:
       JobID    JobName  AllocCPUS   NTasks     MinCPU MinCPUTask     AveCPU    Elapsed ExitCode 
------------ ---------- ---------- -------- ---------- ---------- ---------- ---------- -------- 
4422116          Ru_pbe        160                                             01:29:53      0:0 
4422116.bat+      batch         24        1   00:00:06          0   00:00:06   01:29:53      0:0 
4422116.ext+     extern        160       10   00:00:00          9   00:00:00   01:29:53      0:0 
4422116.0      mrchem.x        160       40   01:28:58         39   03:05:10   01:29:24      0:0 

Memory usage stats:
       JobID     MaxRSS MaxRSSTask     AveRSS MaxPages   MaxPagesTask   AvePages 
------------ ---------- ---------- ---------- -------- -------------- ---------- 
4422116                                                                          
4422116.bat+     14472K          0     14472K        0              0          0 
4422116.ext+          0          9          0        0              9          0 
4422116.0     40877384K         39 115750437+        0              8          0 

Disk usage stats:
       JobID  MaxDiskRead MaxDiskReadTask    AveDiskRead MaxDiskWrite MaxDiskWriteTask   AveDiskWrite 
------------ ------------ --------------- -------------- ------------ ---------------- -------------- 
4422116                                                                                               
4422116.bat+     2285.03M               0       2285.03M     2269.98M                0       2269.98M 
4422116.ext+        0.00M               9          0.00M            0                9              0 
4422116.0         119.46M               0         58.98M      326.89M                0        117.78M 

Job 4422116 completed at Sun Nov 14 13:50:44 CET 2021
