Starting job 4422122 on c3-[29-43] at Sun Nov 14 14:04:31 CET 2021

Copying Sn_pbe.out to /cluster/home/ambr/projects/zora/row5/calcs_mw8
Copying Sn_pbe.json to /cluster/home/ambr/projects/zora/row5/calcs_mw8

Task and CPU usage stats:
       JobID    JobName  AllocCPUS   NTasks     MinCPU MinCPUTask     AveCPU    Elapsed ExitCode 
------------ ---------- ---------- -------- ---------- ---------- ---------- ---------- -------- 
4422122          Sn_pbe        160                                             00:46:09      0:0 
4422122.bat+      batch         24        1   00:00:06          0   00:00:06   00:46:09      0:0 
4422122.ext+     extern        160       15   00:00:00          3   00:00:00   00:46:09      0:0 
4422122.0      mrchem.x        160       40   00:45:27         39   01:36:52   00:45:39      0:0 

Memory usage stats:
       JobID     MaxRSS MaxRSSTask     AveRSS MaxPages   MaxPagesTask   AvePages 
------------ ---------- ---------- ---------- -------- -------------- ---------- 
4422122                                                                          
4422122.bat+     14748K          0     14748K        0              0          0 
4422122.ext+          0          3          0        0              3          0 
4422122.0     49157540K         39 9502691635        0             21          0 

Disk usage stats:
       JobID  MaxDiskRead MaxDiskReadTask    AveDiskRead MaxDiskWrite MaxDiskWriteTask   AveDiskWrite 
------------ ------------ --------------- -------------- ------------ ---------------- -------------- 
4422122                                                                                               
4422122.bat+     2659.71M               0       2659.71M     2642.57M                0       2642.57M 
4422122.ext+        0.00M               3          0.00M            0                3              0 
4422122.0         131.22M               1         67.90M      343.85M                1        115.63M 

Job 4422122 completed at Sun Nov 14 14:50:40 CET 2021
