Starting job 4422110 on c3-[43-44,46-51,54-55] at Sun Nov 14 11:09:16 CET 2021

Copying Sr_pbe.out to /cluster/home/ambr/projects/zora/row5/calcs_mw8
Copying Sr_pbe.json to /cluster/home/ambr/projects/zora/row5/calcs_mw8

Task and CPU usage stats:
       JobID    JobName  AllocCPUS   NTasks     MinCPU MinCPUTask     AveCPU    Elapsed ExitCode 
------------ ---------- ---------- -------- ---------- ---------- ---------- ---------- -------- 
4422110          Sr_pbe        160                                             01:02:16      0:0 
4422110.bat+      batch          4        1   00:00:05          0   00:00:05   01:02:16      0:0 
4422110.ext+     extern        160       10   00:00:00          9   00:00:00   01:02:16      0:0 
4422110.0      mrchem.x        160       40   01:01:23         39   02:22:38   01:01:43      0:0 

Memory usage stats:
       JobID     MaxRSS MaxRSSTask     AveRSS MaxPages   MaxPagesTask   AvePages 
------------ ---------- ---------- ---------- -------- -------------- ---------- 
4422110                                                                          
4422110.bat+     14472K          0     14472K        0              0          0 
4422110.ext+          0          9          0        0              9          0 
4422110.0     36509240K         39 9817304371        0             28          0 

Disk usage stats:
       JobID  MaxDiskRead MaxDiskReadTask    AveDiskRead MaxDiskWrite MaxDiskWriteTask   AveDiskWrite 
------------ ------------ --------------- -------------- ------------ ---------------- -------------- 
4422110                                                                                               
4422110.bat+     1955.72M               0       1955.72M     1940.67M                0       1940.67M 
4422110.ext+        0.00M               9          0.00M            0                9              0 
4422110.0          68.49M               0         50.36M      163.33M                2         92.20M 

Job 4422110 completed at Sun Nov 14 12:11:32 CET 2021
