Starting job 4422115 on c3-[29-43] at Sun Nov 14 12:16:16 CET 2021

Copying Tc_pbe.out to /cluster/home/ambr/projects/zora/row5/calcs_mw8
Copying Tc_pbe.json to /cluster/home/ambr/projects/zora/row5/calcs_mw8

Task and CPU usage stats:
       JobID    JobName  AllocCPUS   NTasks     MinCPU MinCPUTask     AveCPU    Elapsed ExitCode 
------------ ---------- ---------- -------- ---------- ---------- ---------- ---------- -------- 
4422115          Tc_pbe        160                                             00:42:20      0:0 
4422115.bat+      batch         24        1   00:00:06          0   00:00:06   00:42:20      0:0 
4422115.ext+     extern        160       15   00:00:00         10   00:00:00   00:42:20      0:0 
4422115.0      mrchem.x        160       40   00:41:30         39   01:27:44   00:41:41      0:0 

Memory usage stats:
       JobID     MaxRSS MaxRSSTask     AveRSS MaxPages   MaxPagesTask   AvePages 
------------ ---------- ---------- ---------- -------- -------------- ---------- 
4422115                                                                          
4422115.bat+     14812K          0     14812K        0              0          0 
4422115.ext+          0         10          0        0             10          0 
4422115.0     31430472K         39 8907569254        0             17          0 

Disk usage stats:
       JobID  MaxDiskRead MaxDiskReadTask    AveDiskRead MaxDiskWrite MaxDiskWriteTask   AveDiskWrite 
------------ ------------ --------------- -------------- ------------ ---------------- -------------- 
4422115                                                                                               
4422115.bat+     2249.75M               0       2249.75M     2234.70M                0       2234.70M 
4422115.ext+        0.00M              10          0.00M            0               10              0 
4422115.0         119.46M               0         57.71M      309.60M                0         97.36M 

Job 4422115 completed at Sun Nov 14 12:58:36 CET 2021
