Starting job 4422123 on c3-[43-44,46-51,54-55] at Sun Nov 14 14:25:03 CET 2021

Copying Te_pbe.out to /cluster/home/ambr/projects/zora/row5/calcs_mw8
Copying Te_pbe.json to /cluster/home/ambr/projects/zora/row5/calcs_mw8

Task and CPU usage stats:
       JobID    JobName  AllocCPUS   NTasks     MinCPU MinCPUTask     AveCPU    Elapsed ExitCode 
------------ ---------- ---------- -------- ---------- ---------- ---------- ---------- -------- 
4422123          Te_pbe        160                                             01:08:32      0:0 
4422123.bat+      batch          4        1   00:00:06          0   00:00:06   01:08:32      0:0 
4422123.ext+     extern        160       10   00:00:00          9   00:00:00   01:08:33      0:0 
4422123.0      mrchem.x        160       40   01:07:44         39   02:25:45   01:08:03      0:0 

Memory usage stats:
       JobID     MaxRSS MaxRSSTask     AveRSS MaxPages   MaxPagesTask   AvePages 
------------ ---------- ---------- ---------- -------- -------------- ---------- 
4422123                                                                          
4422123.bat+     14464K          0     14464K        0              0          0 
4422123.ext+          0          9          0        0              9          0 
4422123.0     44566160K         39 124169545+        0             28          0 

Disk usage stats:
       JobID  MaxDiskRead MaxDiskReadTask    AveDiskRead MaxDiskWrite MaxDiskWriteTask   AveDiskWrite 
------------ ------------ --------------- -------------- ------------ ---------------- -------------- 
4422123                                                                                               
4422123.bat+     2769.41M               0       2769.41M     2752.39M                0       2752.39M 
4422123.ext+        0.00M               9          0.00M            0                9              0 
4422123.0         119.46M               0         70.64M      326.66M                6        170.86M 

Job 4422123 completed at Sun Nov 14 15:33:36 CET 2021
