Starting job 4422125 on c3-[45,56],c6-[1,3-4] at Sun Nov 14 14:48:39 CET 2021

Copying Xe_pbe.out to /cluster/home/ambr/projects/zora/row5/calcs_mw8
Copying Xe_pbe.json to /cluster/home/ambr/projects/zora/row5/calcs_mw8

Task and CPU usage stats:
       JobID    JobName  AllocCPUS   NTasks     MinCPU MinCPUTask     AveCPU    Elapsed ExitCode 
------------ ---------- ---------- -------- ---------- ---------- ---------- ---------- -------- 
4422125          Xe_pbe        160                                             01:10:41      0:0 
4422125.bat+      batch          4        1   00:00:06          0   00:00:06   01:10:41      0:0 
4422125.ext+     extern        160        5   00:00:00          4   00:00:00   01:10:41      0:0 
4422125.0      mrchem.x        160       40   01:09:32         39   02:28:36   01:10:11      0:0 

Memory usage stats:
       JobID     MaxRSS MaxRSSTask     AveRSS MaxPages   MaxPagesTask   AvePages 
------------ ---------- ---------- ---------- -------- -------------- ---------- 
4422125                                                                          
4422125.bat+     14176K          0     14176K        0              0          0 
4422125.ext+          0          4          0        0              4          0 
4422125.0     41278920K         39  11884726K        0              1          0 

Disk usage stats:
       JobID  MaxDiskRead MaxDiskReadTask    AveDiskRead MaxDiskWrite MaxDiskWriteTask   AveDiskWrite 
------------ ------------ --------------- -------------- ------------ ---------------- -------------- 
4422125                                                                                               
4422125.bat+     2871.21M               0       2871.21M     2854.31M                0       2854.31M 
4422125.ext+        0.00M               4          0.00M            0                4              0 
4422125.0         120.13M               4         73.83M      292.27M                7        149.15M 

Job 4422125 completed at Sun Nov 14 15:59:21 CET 2021
