Starting job 4422111 on c3-[47-49,54-56],c6-[1,3-4] at Sun Nov 14 11:09:16 CET 2021

Copying Y_pbe.out to /cluster/home/ambr/projects/zora/row5/calcs_mw8
Copying Y_pbe.json to /cluster/home/ambr/projects/zora/row5/calcs_mw8

Task and CPU usage stats:
       JobID    JobName  AllocCPUS   NTasks     MinCPU MinCPUTask     AveCPU    Elapsed ExitCode 
------------ ---------- ---------- -------- ---------- ---------- ---------- ---------- -------- 
4422111           Y_pbe        160                                             01:11:05      0:0 
4422111.bat+      batch          4        1   00:00:05          0   00:00:05   01:11:05      0:0 
4422111.ext+     extern        160        9   00:00:00          5   00:00:00   01:11:05      0:0 
4422111.0      mrchem.x        160       40   01:10:07         39   02:38:44   01:10:33      0:0 

Memory usage stats:
       JobID     MaxRSS MaxRSSTask     AveRSS MaxPages   MaxPagesTask   AvePages 
------------ ---------- ---------- ---------- -------- -------------- ---------- 
4422111                                                                          
4422111.bat+     14408K          0     14408K        0              0          0 
4422111.ext+          0          5          0        0              5          0 
4422111.0     36985820K         39   9975354K        0              2          0 

Disk usage stats:
       JobID  MaxDiskRead MaxDiskReadTask    AveDiskRead MaxDiskWrite MaxDiskWriteTask   AveDiskWrite 
------------ ------------ --------------- -------------- ------------ ---------------- -------------- 
4422111                                                                                               
4422111.bat+        2.00G               0          2.00G     2031.07M                0       2031.07M 
4422111.ext+        0.00M               5          0.00M            0                5              0 
4422111.0          68.49M               0         53.10M      163.54M                0        124.65M 

Job 4422111 completed at Sun Nov 14 12:20:21 CET 2021
