Starting job 4422112 on c6-[1,3-7] at Sun Nov 14 11:09:16 CET 2021

Copying Zr_pbe.out to /cluster/home/ambr/projects/zora/row5/calcs_mw8
Copying Zr_pbe.json to /cluster/home/ambr/projects/zora/row5/calcs_mw8

Task and CPU usage stats:
       JobID    JobName  AllocCPUS   NTasks     MinCPU MinCPUTask     AveCPU    Elapsed ExitCode 
------------ ---------- ---------- -------- ---------- ---------- ---------- ---------- -------- 
4422112          Zr_pbe        160                                             02:49:34      0:0 
4422112.bat+      batch         24        1   00:00:05          0   00:00:05   02:49:34      0:0 
4422112.ext+     extern        160        6   00:00:00          3   00:00:00   02:49:34      0:0 
4422112.0      mrchem.x        160       40   02:48:14         39   05:31:41   02:49:00      0:0 

Memory usage stats:
       JobID     MaxRSS MaxRSSTask     AveRSS MaxPages   MaxPagesTask   AvePages 
------------ ---------- ---------- ---------- -------- -------------- ---------- 
4422112                                                                          
4422112.bat+     14236K          0     14236K        0              0          0 
4422112.ext+          0          3          0        0              3          0 
4422112.0     36143156K         39 117008142+        0              6          0 

Disk usage stats:
       JobID  MaxDiskRead MaxDiskReadTask    AveDiskRead MaxDiskWrite MaxDiskWriteTask   AveDiskWrite 
------------ ------------ --------------- -------------- ------------ ---------------- -------------- 
4422112                                                                                               
4422112.bat+     2126.62M               0       2126.62M     2109.62M                0       2109.62M 
4422112.ext+        0.00M               3          0.00M            0                3              0 
4422112.0         124.05M               0         55.25M      327.05M                0        110.69M 

Job 4422112 completed at Sun Nov 14 13:58:50 CET 2021
