Starting job 3648195 on c70-10 at Sat Nov 20 14:33:30 CET 2021

Copying Ag_ano-r3_pbe.out to /cluster/home/ambr/projects/zora/row5/calcs_gto_zora
Copying *.hess to /cluster/home/ambr/projects/zora/row5/calcs_gto_zora
rsync: link_stat "/cluster/work/jobs/3648195/*.hess" failed: No such file or directory (2)
rsync error: some files/attrs were not transferred (see previous errors) (code 23) at main.c(1179) [sender=3.1.2]
Copying Ag_ano-r3_pbe.gbw to /cluster/home/ambr/projects/zora/row5/calcs_gto_zora
Copying *.xyz to /cluster/home/ambr/projects/zora/row5/calcs_gto_zora
rsync: link_stat "/cluster/work/jobs/3648195/*.xyz" failed: No such file or directory (2)
rsync error: some files/attrs were not transferred (see previous errors) (code 23) at main.c(1179) [sender=3.1.2]

Task and CPU usage stats:
       JobID    JobName  AllocCPUS   NTasks     MinCPU MinCPUTask     AveCPU    Elapsed ExitCode 
------------ ---------- ---------- -------- ---------- ---------- ---------- ---------- -------- 
3648195      Ag_ano-r3+         32                                             00:17:52      0:0 
3648195.bat+      batch         32        1   08:26:41          0   08:26:41   00:17:52      0:0 
3648195.ext+     extern         32        1   00:00:00          0   00:00:00   00:17:52      0:0 

Memory usage stats:
       JobID     MaxRSS MaxRSSTask     AveRSS MaxPages   MaxPagesTask   AvePages 
------------ ---------- ---------- ---------- -------- -------------- ---------- 
3648195                                                                          
3648195.bat+  22064282K          0  22064282K       46              0          6 
3648195.ext+       136K          0       136K        1              0          1 

Disk usage stats:
       JobID  MaxDiskRead MaxDiskReadTask    AveDiskRead MaxDiskWrite MaxDiskWriteTask   AveDiskWrite 
------------ ------------ --------------- -------------- ------------ ---------------- -------------- 
3648195                                                                                               
3648195.bat+     1478.30M               0       1478.30M     1023.07M                0       1023.07M 
3648195.ext+        0.00M               0          0.00M            0                0              0 

Job 3648195 completed at Sat Nov 20 14:51:22 CET 2021
