Starting job 3648449 on c49-7 at Sat Nov 20 20:54:55 CET 2021

Copying Ag_sapporo-qzp-2012-diffuse_pbe.out to /cluster/home/ambr/projects/zora/row5/calcs_gto_zora
Copying *.hess to /cluster/home/ambr/projects/zora/row5/calcs_gto_zora
rsync: link_stat "/cluster/work/jobs/3648449/*.hess" failed: No such file or directory (2)
rsync error: some files/attrs were not transferred (see previous errors) (code 23) at main.c(1179) [sender=3.1.2]
Copying *.gbw to /cluster/home/ambr/projects/zora/row5/calcs_gto_zora
rsync: link_stat "/cluster/work/jobs/3648449/*.gbw" failed: No such file or directory (2)
rsync error: some files/attrs were not transferred (see previous errors) (code 23) at main.c(1179) [sender=3.1.2]
Copying *.xyz to /cluster/home/ambr/projects/zora/row5/calcs_gto_zora
rsync: link_stat "/cluster/work/jobs/3648449/*.xyz" failed: No such file or directory (2)
rsync error: some files/attrs were not transferred (see previous errors) (code 23) at main.c(1179) [sender=3.1.2]

Task and CPU usage stats:
       JobID    JobName  AllocCPUS   NTasks     MinCPU MinCPUTask     AveCPU    Elapsed ExitCode 
------------ ---------- ---------- -------- ---------- ---------- ---------- ---------- -------- 
3648449      Ag_sappor+         32                                             00:00:09      0:0 
3648449.bat+      batch         32        1   00:00:00          0   00:00:00   00:00:09      0:0 
3648449.ext+     extern         32        1   00:00:00          0   00:00:00   00:00:09      0:0 

Memory usage stats:
       JobID     MaxRSS MaxRSSTask     AveRSS MaxPages   MaxPagesTask   AvePages 
------------ ---------- ---------- ---------- -------- -------------- ---------- 
3648449                                                                          
3648449.bat+       838K          0       838K        0              0          0 
3648449.ext+         4K          0         4K        0              0          0 

Disk usage stats:
       JobID  MaxDiskRead MaxDiskReadTask    AveDiskRead MaxDiskWrite MaxDiskWriteTask   AveDiskWrite 
------------ ------------ --------------- -------------- ------------ ---------------- -------------- 
3648449                                                                                               
3648449.bat+            0               0              0            0                0              0 
3648449.ext+        0.00M               0          0.00M            0                0              0 

Job 3648449 completed at Sat Nov 20 20:55:03 CET 2021
Starting job 3648487 on c24-8 at Sat Nov 20 20:57:06 CET 2021

Copying Ag_sapporo-qzp-2012-diffuse_pbe.out to /cluster/home/ambr/projects/zora/row5/calcs_gto_zora
Copying *.hess to /cluster/home/ambr/projects/zora/row5/calcs_gto_zora
rsync: link_stat "/cluster/work/jobs/3648487/*.hess" failed: No such file or directory (2)
rsync error: some files/attrs were not transferred (see previous errors) (code 23) at main.c(1179) [sender=3.1.2]
Copying Ag_sapporo-qzp-2012-diffuse_pbe.gbw to /cluster/home/ambr/projects/zora/row5/calcs_gto_zora
Copying *.xyz to /cluster/home/ambr/projects/zora/row5/calcs_gto_zora
rsync: link_stat "/cluster/work/jobs/3648487/*.xyz" failed: No such file or directory (2)
rsync error: some files/attrs were not transferred (see previous errors) (code 23) at main.c(1179) [sender=3.1.2]

Task and CPU usage stats:
       JobID    JobName  AllocCPUS   NTasks     MinCPU MinCPUTask     AveCPU    Elapsed ExitCode 
------------ ---------- ---------- -------- ---------- ---------- ---------- ---------- -------- 
3648487      Ag_sappor+         32                                             00:04:46      0:0 
3648487.bat+      batch         32        1   00:56:27          0   00:56:27   00:04:46      0:0 
3648487.ext+     extern         32        1   00:00:00          0   00:00:00   00:04:46      0:0 

Memory usage stats:
       JobID     MaxRSS MaxRSSTask     AveRSS MaxPages   MaxPagesTask   AvePages 
------------ ---------- ---------- ---------- -------- -------------- ---------- 
3648487                                                                          
3648487.bat+  10253108K          0  10253108K       42              0          8 
3648487.ext+       116K          0       116K        1              0          1 

Disk usage stats:
       JobID  MaxDiskRead MaxDiskReadTask    AveDiskRead MaxDiskWrite MaxDiskWriteTask   AveDiskWrite 
------------ ------------ --------------- -------------- ------------ ---------------- -------------- 
3648487                                                                                               
3648487.bat+     1041.76M               0       1041.76M      860.23M                0        860.23M 
3648487.ext+        0.00M               0          0.00M            0                0              0 

Job 3648487 completed at Sat Nov 20 21:01:54 CET 2021
