Starting job 3648515 on c23-10 at Sat Nov 20 21:21:08 CET 2021


Task and CPU usage stats:
       JobID    JobName  AllocCPUS   NTasks     MinCPU MinCPUTask     AveCPU    Elapsed ExitCode 
------------ ---------- ---------- -------- ---------- ---------- ---------- ---------- -------- 
3648515      Ag_sarc-z+         32                                             00:00:07      0:0 
3648515.bat+      batch         32        1   00:00:00          0   00:00:00   00:00:09     0:15 
3648515.ext+     extern         32        1   00:00:00          0   00:00:00   00:00:08      0:0 

Memory usage stats:
       JobID     MaxRSS MaxRSSTask     AveRSS MaxPages   MaxPagesTask   AvePages 
------------ ---------- ---------- ---------- -------- -------------- ---------- 
3648515                                                                          
3648515.bat+       834K          0       834K        0              0          0 
3648515.ext+         4K          0         4K        0              0          0 

Disk usage stats:
       JobID  MaxDiskRead MaxDiskReadTask    AveDiskRead MaxDiskWrite MaxDiskWriteTask   AveDiskWrite 
------------ ------------ --------------- -------------- ------------ ---------------- -------------- 
3648515                                                                                               
3648515.bat+            0               0              0            0                0              0 
3648515.ext+        0.00M               0          0.00M            0                0              0 

Job 3648515 completed at Sat Nov 20 21:21:17 CET 2021
Starting job 3648551 on c23-10 at Sat Nov 20 21:22:44 CET 2021

Copying Ag_sarc-zora-tzvpp_pbe.out to /cluster/home/ambr/projects/zora/row5/calcs_gto_zora
Copying *.hess to /cluster/home/ambr/projects/zora/row5/calcs_gto_zora
rsync: link_stat "/cluster/work/jobs/3648551/*.hess" failed: No such file or directory (2)
rsync error: some files/attrs were not transferred (see previous errors) (code 23) at main.c(1179) [sender=3.1.2]
Copying Ag_sarc-zora-tzvpp_pbe.gbw to /cluster/home/ambr/projects/zora/row5/calcs_gto_zora
Copying *.xyz to /cluster/home/ambr/projects/zora/row5/calcs_gto_zora
rsync: link_stat "/cluster/work/jobs/3648551/*.xyz" failed: No such file or directory (2)
rsync error: some files/attrs were not transferred (see previous errors) (code 23) at main.c(1179) [sender=3.1.2]

Task and CPU usage stats:
       JobID    JobName  AllocCPUS   NTasks     MinCPU MinCPUTask     AveCPU    Elapsed ExitCode 
------------ ---------- ---------- -------- ---------- ---------- ---------- ---------- -------- 
3648551      Ag_sarc-z+         32                                             00:06:01      0:0 
3648551.bat+      batch         32        1   01:08:23          0   01:08:23   00:06:01      0:0 
3648551.ext+     extern         32        1   00:00:00          0   00:00:00   00:06:01      0:0 

Memory usage stats:
       JobID     MaxRSS MaxRSSTask     AveRSS MaxPages   MaxPagesTask   AvePages 
------------ ---------- ---------- ---------- -------- -------------- ---------- 
3648551                                                                          
3648551.bat+  10157589K          0  10157589K       72              0          8 
3648551.ext+       123K          0       123K        1              0          1 

Disk usage stats:
       JobID  MaxDiskRead MaxDiskReadTask    AveDiskRead MaxDiskWrite MaxDiskWriteTask   AveDiskWrite 
------------ ------------ --------------- -------------- ------------ ---------------- -------------- 
3648551                                                                                               
3648551.bat+     1312.48M               0       1312.48M     1124.97M                0       1124.97M 
3648551.ext+        0.00M               0          0.00M            0                0              0 

Job 3648551 completed at Sat Nov 20 21:28:49 CET 2021
