Starting job 3675329 on c53-7 at Wed Dec 1 22:59:39 CET 2021

Copying Cd_ano-rcc-vqzp_pbe.out to /cluster/home/ambr/projects/zora/row5/calcs_gto_zora
Copying *.hess to /cluster/home/ambr/projects/zora/row5/calcs_gto_zora
rsync: link_stat "/cluster/work/jobs/3675329/*.hess" failed: No such file or directory (2)
rsync error: some files/attrs were not transferred (see previous errors) (code 23) at main.c(1179) [sender=3.1.2]
Copying *.gbw to /cluster/home/ambr/projects/zora/row5/calcs_gto_zora
rsync: link_stat "/cluster/work/jobs/3675329/*.gbw" failed: No such file or directory (2)
rsync error: some files/attrs were not transferred (see previous errors) (code 23) at main.c(1179) [sender=3.1.2]
Copying *.xyz to /cluster/home/ambr/projects/zora/row5/calcs_gto_zora
rsync: link_stat "/cluster/work/jobs/3675329/*.xyz" failed: No such file or directory (2)
rsync error: some files/attrs were not transferred (see previous errors) (code 23) at main.c(1179) [sender=3.1.2]

Task and CPU usage stats:
       JobID    JobName  AllocCPUS   NTasks     MinCPU MinCPUTask     AveCPU    Elapsed ExitCode 
------------ ---------- ---------- -------- ---------- ---------- ---------- ---------- -------- 
3675329      Cd_ano-rc+         32                                             00:00:03      0:0 
3675329.bat+      batch         32        1   00:00:00          0   00:00:00   00:00:03      0:0 
3675329.ext+     extern         32        1   00:00:00          0   00:00:00   00:00:04      0:0 

Memory usage stats:
       JobID     MaxRSS MaxRSSTask     AveRSS MaxPages   MaxPagesTask   AvePages 
------------ ---------- ---------- ---------- -------- -------------- ---------- 
3675329                                                                          
3675329.bat+       903K          0       903K        0              0          0 
3675329.ext+         4K          0         4K        0              0          0 

Disk usage stats:
       JobID  MaxDiskRead MaxDiskReadTask    AveDiskRead MaxDiskWrite MaxDiskWriteTask   AveDiskWrite 
------------ ------------ --------------- -------------- ------------ ---------------- -------------- 
3675329                                                                                               
3675329.bat+            0               0              0            0                0              0 
3675329.ext+        0.00M               0          0.00M            0                0              0 

Job 3675329 completed at Wed Dec 1 22:59:43 CET 2021
Starting job 3675598 on c5-7 at Thu Dec 2 09:10:35 CET 2021

