Starting job 3648196 on c70-12 at Sat Nov 20 14:33:30 CET 2021

Copying Cd_ano-r3_pbe.out to /cluster/home/ambr/projects/zora/row5/calcs_gto_zora
Copying *.hess to /cluster/home/ambr/projects/zora/row5/calcs_gto_zora
rsync: link_stat "/cluster/work/jobs/3648196/*.hess" failed: No such file or directory (2)
rsync error: some files/attrs were not transferred (see previous errors) (code 23) at main.c(1179) [sender=3.1.2]
Copying Cd_ano-r3_pbe.gbw to /cluster/home/ambr/projects/zora/row5/calcs_gto_zora
Copying *.xyz to /cluster/home/ambr/projects/zora/row5/calcs_gto_zora
rsync: link_stat "/cluster/work/jobs/3648196/*.xyz" failed: No such file or directory (2)
rsync error: some files/attrs were not transferred (see previous errors) (code 23) at main.c(1179) [sender=3.1.2]

Task and CPU usage stats:
       JobID    JobName  AllocCPUS   NTasks     MinCPU MinCPUTask     AveCPU    Elapsed ExitCode 
------------ ---------- ---------- -------- ---------- ---------- ---------- ---------- -------- 
3648196      Cd_ano-r3+         32                                             00:17:58      0:0 
3648196.bat+      batch         32        1   08:19:39          0   08:19:39   00:17:58      0:0 
3648196.ext+     extern         32        1   00:00:00          0   00:00:00   00:17:58      0:0 

Memory usage stats:
       JobID     MaxRSS MaxRSSTask     AveRSS MaxPages   MaxPagesTask   AvePages 
------------ ---------- ---------- ---------- -------- -------------- ---------- 
3648196                                                                          
3648196.bat+  22041490K          0  22041490K       47              0          6 
3648196.ext+       159K          0       159K        1              0          1 

Disk usage stats:
       JobID  MaxDiskRead MaxDiskReadTask    AveDiskRead MaxDiskWrite MaxDiskWriteTask   AveDiskWrite 
------------ ------------ --------------- -------------- ------------ ---------------- -------------- 
3648196                                                                                               
3648196.bat+     1039.14M               0       1039.14M      998.48M                0        998.48M 
3648196.ext+        0.00M               0          0.00M            0                0              0 

Job 3648196 completed at Sat Nov 20 14:51:29 CET 2021
