Starting job 3648516 on c24-5 at Sat Nov 20 21:21:08 CET 2021


Task and CPU usage stats:
       JobID    JobName  AllocCPUS   NTasks     MinCPU MinCPUTask     AveCPU    Elapsed ExitCode 
------------ ---------- ---------- -------- ---------- ---------- ---------- ---------- -------- 
3648516      Cd_sarc-z+         32                                             00:00:07      0:0 
3648516.bat+      batch         32        1   00:00:00          0   00:00:00   00:00:09     0:15 
3648516.ext+     extern         32        1   00:00:00          0   00:00:00   00:00:08      0:0 

Memory usage stats:
       JobID     MaxRSS MaxRSSTask     AveRSS MaxPages   MaxPagesTask   AvePages 
------------ ---------- ---------- ---------- -------- -------------- ---------- 
3648516                                                                          
3648516.bat+       838K          0       838K        0              0          0 
3648516.ext+         4K          0         4K        0              0          0 

Disk usage stats:
       JobID  MaxDiskRead MaxDiskReadTask    AveDiskRead MaxDiskWrite MaxDiskWriteTask   AveDiskWrite 
------------ ------------ --------------- -------------- ------------ ---------------- -------------- 
3648516                                                                                               
3648516.bat+            0               0              0            0                0              0 
3648516.ext+        0.00M               0          0.00M            0                0              0 

Job 3648516 completed at Sat Nov 20 21:21:17 CET 2021
Starting job 3648552 on c65-9 at Sat Nov 20 21:22:44 CET 2021

Copying Cd_sarc-zora-tzvpp_pbe.out to /cluster/home/ambr/projects/zora/row5/calcs_gto_zora
Copying *.hess to /cluster/home/ambr/projects/zora/row5/calcs_gto_zora
rsync: link_stat "/cluster/work/jobs/3648552/*.hess" failed: No such file or directory (2)
rsync error: some files/attrs were not transferred (see previous errors) (code 23) at main.c(1179) [sender=3.1.2]
Copying Cd_sarc-zora-tzvpp_pbe.gbw to /cluster/home/ambr/projects/zora/row5/calcs_gto_zora
Copying *.xyz to /cluster/home/ambr/projects/zora/row5/calcs_gto_zora
rsync: link_stat "/cluster/work/jobs/3648552/*.xyz" failed: No such file or directory (2)
rsync error: some files/attrs were not transferred (see previous errors) (code 23) at main.c(1179) [sender=3.1.2]

Task and CPU usage stats:
       JobID    JobName  AllocCPUS   NTasks     MinCPU MinCPUTask     AveCPU    Elapsed ExitCode 
------------ ---------- ---------- -------- ---------- ---------- ---------- ---------- -------- 
3648552      Cd_sarc-z+         32                                             00:03:12      0:0 
3648552.bat+      batch         32        1   00:23:47          0   00:23:47   00:03:12      0:0 
3648552.ext+     extern         32        1   00:00:00          0   00:00:00   00:03:12      0:0 

Memory usage stats:
       JobID     MaxRSS MaxRSSTask     AveRSS MaxPages   MaxPagesTask   AvePages 
------------ ---------- ---------- ---------- -------- -------------- ---------- 
3648552                                                                          
3648552.bat+  10104599K          0  10104599K       43              0          8 
3648552.ext+       119K          0       119K        1              0          1 

Disk usage stats:
       JobID  MaxDiskRead MaxDiskReadTask    AveDiskRead MaxDiskWrite MaxDiskWriteTask   AveDiskWrite 
------------ ------------ --------------- -------------- ------------ ---------------- -------------- 
3648552                                                                                               
3648552.bat+     1056.79M               0       1056.79M      815.63M                0        804.11M 
3648552.ext+        0.00M               0          0.00M            0                0              0 

Job 3648552 completed at Sat Nov 20 21:25:58 CET 2021
