Starting job 3648197 on c71-1 at Sat Nov 20 14:33:30 CET 2021

Copying I_ano-r3_pbe.out to /cluster/home/ambr/projects/zora/row5/calcs_gto_zora
Copying *.hess to /cluster/home/ambr/projects/zora/row5/calcs_gto_zora
rsync: link_stat "/cluster/work/jobs/3648197/*.hess" failed: No such file or directory (2)
rsync error: some files/attrs were not transferred (see previous errors) (code 23) at main.c(1179) [sender=3.1.2]
Copying I_ano-r3_pbe.gbw to /cluster/home/ambr/projects/zora/row5/calcs_gto_zora
Copying *.xyz to /cluster/home/ambr/projects/zora/row5/calcs_gto_zora
rsync: link_stat "/cluster/work/jobs/3648197/*.xyz" failed: No such file or directory (2)
rsync error: some files/attrs were not transferred (see previous errors) (code 23) at main.c(1179) [sender=3.1.2]

Task and CPU usage stats:
       JobID    JobName  AllocCPUS   NTasks     MinCPU MinCPUTask     AveCPU    Elapsed ExitCode 
------------ ---------- ---------- -------- ---------- ---------- ---------- ---------- -------- 
3648197      I_ano-r3_+         32                                             00:59:44      0:0 
3648197.bat+      batch         32        1 1-06:49:12          0 1-06:49:12   00:59:44      0:0 
3648197.ext+     extern         32        1   00:00:00          0   00:00:00   00:59:44      0:0 

Memory usage stats:
       JobID     MaxRSS MaxRSSTask     AveRSS MaxPages   MaxPagesTask   AvePages 
------------ ---------- ---------- ---------- -------- -------------- ---------- 
3648197                                                                          
3648197.bat+  21991617K          0  21991617K       46              0          6 
3648197.ext+       152K          0       152K        1              0          1 

Disk usage stats:
       JobID  MaxDiskRead MaxDiskReadTask    AveDiskRead MaxDiskWrite MaxDiskWriteTask   AveDiskWrite 
------------ ------------ --------------- -------------- ------------ ---------------- -------------- 
3648197                                                                                               
3648197.bat+     1198.85M               0       1198.85M     1075.48M                0       1075.48M 
3648197.ext+        0.00M               0          0.00M            0                0              0 

Job 3648197 completed at Sat Nov 20 15:33:14 CET 2021
