Starting job 3648518 on c24-6 at Sat Nov 20 21:21:08 CET 2021


Task and CPU usage stats:
       JobID    JobName  AllocCPUS   NTasks     MinCPU MinCPUTask     AveCPU    Elapsed ExitCode 
------------ ---------- ---------- -------- ---------- ---------- ---------- ---------- -------- 
3648518      I_sarc-zo+         32                                             00:00:07      0:0 
3648518.bat+      batch         32        1                                    00:00:07      0:0 
3648518.ext+     extern         32        1   00:00:00          0   00:00:00   00:00:08      0:0 

Memory usage stats:
       JobID     MaxRSS MaxRSSTask     AveRSS MaxPages   MaxPagesTask   AvePages 
------------ ---------- ---------- ---------- -------- -------------- ---------- 
3648518                                                                          
3648518.bat+       834K          0       834K        0              0          0 
3648518.ext+         4K          0         4K        0              0          0 

Disk usage stats:
       JobID  MaxDiskRead MaxDiskReadTask    AveDiskRead MaxDiskWrite MaxDiskWriteTask   AveDiskWrite 
------------ ------------ --------------- -------------- ------------ ---------------- -------------- 
3648518                                                                                               
3648518.bat+            0               0              0            0                0              0 
3648518.ext+        0.00M               0          0.00M            0                0              0 

Job 3648518 completed at Sat Nov 20 21:21:16 CET 2021
Starting job 3648554 on c65-10 at Sat Nov 20 21:22:44 CET 2021

Copying I_sarc-zora-tzvpp_pbe.out to /cluster/home/ambr/projects/zora/row5/calcs_gto_zora
Copying *.hess to /cluster/home/ambr/projects/zora/row5/calcs_gto_zora
rsync: link_stat "/cluster/work/jobs/3648554/*.hess" failed: No such file or directory (2)
rsync error: some files/attrs were not transferred (see previous errors) (code 23) at main.c(1179) [sender=3.1.2]
Copying I_sarc-zora-tzvpp_pbe.gbw to /cluster/home/ambr/projects/zora/row5/calcs_gto_zora
Copying *.xyz to /cluster/home/ambr/projects/zora/row5/calcs_gto_zora
rsync: link_stat "/cluster/work/jobs/3648554/*.xyz" failed: No such file or directory (2)
rsync error: some files/attrs were not transferred (see previous errors) (code 23) at main.c(1179) [sender=3.1.2]

Task and CPU usage stats:
       JobID    JobName  AllocCPUS   NTasks     MinCPU MinCPUTask     AveCPU    Elapsed ExitCode 
------------ ---------- ---------- -------- ---------- ---------- ---------- ---------- -------- 
3648554      I_sarc-zo+         32                                             00:04:15      0:0 
3648554.bat+      batch         32        1   00:42:21          0   00:42:21   00:04:15      0:0 
3648554.ext+     extern         32        1   00:00:00          0   00:00:00   00:04:15      0:0 

Memory usage stats:
       JobID     MaxRSS MaxRSSTask     AveRSS MaxPages   MaxPagesTask   AvePages 
------------ ---------- ---------- ---------- -------- -------------- ---------- 
3648554                                                                          
3648554.bat+  10100552K          0  10100552K       27              0          2 
3648554.ext+       128K          0       128K        1              0          1 

Disk usage stats:
       JobID  MaxDiskRead MaxDiskReadTask    AveDiskRead MaxDiskWrite MaxDiskWriteTask   AveDiskWrite 
------------ ------------ --------------- -------------- ------------ ---------------- -------------- 
3648554                                                                                               
3648554.bat+     1305.77M               0       1305.77M      866.56M                0        866.56M 
3648554.ext+        0.00M               0          0.00M            0                0              0 

Job 3648554 completed at Sat Nov 20 21:27:02 CET 2021
