Starting job 3648452 on c49-8 at Sat Nov 20 20:54:54 CET 2021

Copying I_sapporo-qzp-2012-diffuse_pbe.out to /cluster/home/ambr/projects/zora/row5/calcs_gto_zora
Copying *.hess to /cluster/home/ambr/projects/zora/row5/calcs_gto_zora
rsync: link_stat "/cluster/work/jobs/3648452/*.hess" failed: No such file or directory (2)
rsync error: some files/attrs were not transferred (see previous errors) (code 23) at main.c(1179) [sender=3.1.2]
Copying *.gbw to /cluster/home/ambr/projects/zora/row5/calcs_gto_zora
rsync: link_stat "/cluster/work/jobs/3648452/*.gbw" failed: No such file or directory (2)
rsync error: some files/attrs were not transferred (see previous errors) (code 23) at main.c(1179) [sender=3.1.2]
Copying *.xyz to /cluster/home/ambr/projects/zora/row5/calcs_gto_zora
rsync: link_stat "/cluster/work/jobs/3648452/*.xyz" failed: No such file or directory (2)
rsync error: some files/attrs were not transferred (see previous errors) (code 23) at main.c(1179) [sender=3.1.2]

Task and CPU usage stats:
       JobID    JobName  AllocCPUS   NTasks     MinCPU MinCPUTask     AveCPU    Elapsed ExitCode 
------------ ---------- ---------- -------- ---------- ---------- ---------- ---------- -------- 
3648452      I_sapporo+         32                                             00:00:07      0:0 
3648452.bat+      batch         32        1   00:00:00          0   00:00:00   00:00:07      0:0 
3648452.ext+     extern         32        1   00:00:00          0   00:00:00   00:00:07      0:0 

Memory usage stats:
       JobID     MaxRSS MaxRSSTask     AveRSS MaxPages   MaxPagesTask   AvePages 
------------ ---------- ---------- ---------- -------- -------------- ---------- 
3648452                                                                          
3648452.bat+       836K          0       836K        0              0          0 
3648452.ext+         4K          0         4K        0              0          0 

Disk usage stats:
       JobID  MaxDiskRead MaxDiskReadTask    AveDiskRead MaxDiskWrite MaxDiskWriteTask   AveDiskWrite 
------------ ------------ --------------- -------------- ------------ ---------------- -------------- 
3648452                                                                                               
3648452.bat+            0               0              0            0                0              0 
3648452.ext+        0.00M               0          0.00M            0                0              0 

Job 3648452 completed at Sat Nov 20 20:55:04 CET 2021
Starting job 3648490 on c26-6 at Sat Nov 20 20:57:16 CET 2021

Copying I_sapporo-qzp-2012-diffuse_pbe.out to /cluster/home/ambr/projects/zora/row5/calcs_gto_zora
Copying *.hess to /cluster/home/ambr/projects/zora/row5/calcs_gto_zora
rsync: link_stat "/cluster/work/jobs/3648490/*.hess" failed: No such file or directory (2)
rsync error: some files/attrs were not transferred (see previous errors) (code 23) at main.c(1179) [sender=3.1.2]
Copying I_sapporo-qzp-2012-diffuse_pbe.gbw to /cluster/home/ambr/projects/zora/row5/calcs_gto_zora
Copying *.xyz to /cluster/home/ambr/projects/zora/row5/calcs_gto_zora
rsync: link_stat "/cluster/work/jobs/3648490/*.xyz" failed: No such file or directory (2)
rsync error: some files/attrs were not transferred (see previous errors) (code 23) at main.c(1179) [sender=3.1.2]

Task and CPU usage stats:
       JobID    JobName  AllocCPUS   NTasks     MinCPU MinCPUTask     AveCPU    Elapsed ExitCode 
------------ ---------- ---------- -------- ---------- ---------- ---------- ---------- -------- 
3648490      I_sapporo+         32                                             00:02:28      0:0 
3648490.bat+      batch         32        1   00:35:40          0   00:35:40   00:02:28      0:0 
3648490.ext+     extern         32        1   00:00:00          0   00:00:00   00:02:28      0:0 

Memory usage stats:
       JobID     MaxRSS MaxRSSTask     AveRSS MaxPages   MaxPagesTask   AvePages 
------------ ---------- ---------- ---------- -------- -------------- ---------- 
3648490                                                                          
3648490.bat+  10590072K          0  10590072K       74              0          8 
3648490.ext+       118K          0       118K        1              0          1 

Disk usage stats:
       JobID  MaxDiskRead MaxDiskReadTask    AveDiskRead MaxDiskWrite MaxDiskWriteTask   AveDiskWrite 
------------ ------------ --------------- -------------- ------------ ---------------- -------------- 
3648490                                                                                               
3648490.bat+     1082.92M               0       1082.92M      869.21M                0        869.21M 
3648490.ext+        0.00M               0          0.00M            0                0              0 

Job 3648490 completed at Sat Nov 20 20:59:44 CET 2021
