Starting job 3648198 on c71-2 at Sat Nov 20 14:33:30 CET 2021

Copying In_ano-r3_pbe.out to /cluster/home/ambr/projects/zora/row5/calcs_gto_zora
Copying *.hess to /cluster/home/ambr/projects/zora/row5/calcs_gto_zora
rsync: link_stat "/cluster/work/jobs/3648198/*.hess" failed: No such file or directory (2)
rsync error: some files/attrs were not transferred (see previous errors) (code 23) at main.c(1179) [sender=3.1.2]
Copying In_ano-r3_pbe.gbw to /cluster/home/ambr/projects/zora/row5/calcs_gto_zora
Copying *.xyz to /cluster/home/ambr/projects/zora/row5/calcs_gto_zora
rsync: link_stat "/cluster/work/jobs/3648198/*.xyz" failed: No such file or directory (2)
rsync error: some files/attrs were not transferred (see previous errors) (code 23) at main.c(1179) [sender=3.1.2]

Task and CPU usage stats:
       JobID    JobName  AllocCPUS   NTasks     MinCPU MinCPUTask     AveCPU    Elapsed ExitCode 
------------ ---------- ---------- -------- ---------- ---------- ---------- ---------- -------- 
3648198      In_ano-r3+         32                                             01:01:41      0:0 
3648198.bat+      batch         32        1 1-04:17:10          0 1-04:17:10   01:01:41      0:0 
3648198.ext+     extern         32        1   00:00:00          0   00:00:00   01:01:41      0:0 

Memory usage stats:
       JobID     MaxRSS MaxRSSTask     AveRSS MaxPages   MaxPagesTask   AvePages 
------------ ---------- ---------- ---------- -------- -------------- ---------- 
3648198                                                                          
3648198.bat+  21994575K          0  21994575K       76              0          4 
3648198.ext+       124K          0       124K        1              0          1 

Disk usage stats:
       JobID  MaxDiskRead MaxDiskReadTask    AveDiskRead MaxDiskWrite MaxDiskWriteTask   AveDiskWrite 
------------ ------------ --------------- -------------- ------------ ---------------- -------------- 
3648198                                                                                               
3648198.bat+     1290.85M               0       1290.85M     1018.57M                0       1018.57M 
3648198.ext+        0.00M               0          0.00M            0                0              0 

Job 3648198 completed at Sat Nov 20 15:35:14 CET 2021
