Starting job 3648517 on c65-9 at Sat Nov 20 21:21:08 CET 2021


Task and CPU usage stats:
       JobID    JobName  AllocCPUS   NTasks     MinCPU MinCPUTask     AveCPU    Elapsed ExitCode 
------------ ---------- ---------- -------- ---------- ---------- ---------- ---------- -------- 
3648517      In_sarc-z+         32                                             00:00:07      0:0 
3648517.bat+      batch         32        1   00:00:00          0   00:00:00   00:00:09     0:15 
3648517.ext+     extern         32        1   00:00:00          0   00:00:00   00:00:08      0:0 

Memory usage stats:
       JobID     MaxRSS MaxRSSTask     AveRSS MaxPages   MaxPagesTask   AvePages 
------------ ---------- ---------- ---------- -------- -------------- ---------- 
3648517                                                                          
3648517.bat+       834K          0       834K        0              0          0 
3648517.ext+         4K          0         4K        0              0          0 

Disk usage stats:
       JobID  MaxDiskRead MaxDiskReadTask    AveDiskRead MaxDiskWrite MaxDiskWriteTask   AveDiskWrite 
------------ ------------ --------------- -------------- ------------ ---------------- -------------- 
3648517                                                                                               
3648517.bat+            0               0              0            0                0              0 
3648517.ext+        0.00M               0          0.00M            0                0              0 

Job 3648517 completed at Sat Nov 20 21:21:17 CET 2021
Starting job 3648553 on c24-5 at Sat Nov 20 21:22:44 CET 2021

Copying In_sarc-zora-tzvpp_pbe.out to /cluster/home/ambr/projects/zora/row5/calcs_gto_zora
Copying *.hess to /cluster/home/ambr/projects/zora/row5/calcs_gto_zora
rsync: link_stat "/cluster/work/jobs/3648553/*.hess" failed: No such file or directory (2)
rsync error: some files/attrs were not transferred (see previous errors) (code 23) at main.c(1179) [sender=3.1.2]
Copying In_sarc-zora-tzvpp_pbe.gbw to /cluster/home/ambr/projects/zora/row5/calcs_gto_zora
Copying *.xyz to /cluster/home/ambr/projects/zora/row5/calcs_gto_zora
rsync: link_stat "/cluster/work/jobs/3648553/*.xyz" failed: No such file or directory (2)
rsync error: some files/attrs were not transferred (see previous errors) (code 23) at main.c(1179) [sender=3.1.2]

Task and CPU usage stats:
       JobID    JobName  AllocCPUS   NTasks     MinCPU MinCPUTask     AveCPU    Elapsed ExitCode 
------------ ---------- ---------- -------- ---------- ---------- ---------- ---------- -------- 
3648553      In_sarc-z+         32                                             00:04:11      0:0 
3648553.bat+      batch         32        1   00:48:37          0   00:48:37   00:04:11      0:0 
3648553.ext+     extern         32        1   00:00:00          0   00:00:00   00:04:11      0:0 

Memory usage stats:
       JobID     MaxRSS MaxRSSTask     AveRSS MaxPages   MaxPagesTask   AvePages 
------------ ---------- ---------- ---------- -------- -------------- ---------- 
3648553                                                                          
3648553.bat+  10068453K          0  10068453K       43              0          2 
3648553.ext+       124K          0       124K        1              0          1 

Disk usage stats:
       JobID  MaxDiskRead MaxDiskReadTask    AveDiskRead MaxDiskWrite MaxDiskWriteTask   AveDiskWrite 
------------ ------------ --------------- -------------- ------------ ---------------- -------------- 
3648553                                                                                               
3648553.bat+     1228.05M               0       1228.05M      861.37M                0        861.37M 
3648553.ext+        0.00M               0          0.00M            0                0              0 

Job 3648553 completed at Sat Nov 20 21:26:55 CET 2021
