Starting job 3648199 on c27-4 at Sat Nov 20 14:33:30 CET 2021

Copying Mo_ano-r3_pbe.out to /cluster/home/ambr/projects/zora/row5/calcs_gto_zora
Copying *.hess to /cluster/home/ambr/projects/zora/row5/calcs_gto_zora
rsync: link_stat "/cluster/work/jobs/3648199/*.hess" failed: No such file or directory (2)
rsync error: some files/attrs were not transferred (see previous errors) (code 23) at main.c(1179) [sender=3.1.2]
Copying Mo_ano-r3_pbe.gbw to /cluster/home/ambr/projects/zora/row5/calcs_gto_zora
Copying *.xyz to /cluster/home/ambr/projects/zora/row5/calcs_gto_zora
rsync: link_stat "/cluster/work/jobs/3648199/*.xyz" failed: No such file or directory (2)
rsync error: some files/attrs were not transferred (see previous errors) (code 23) at main.c(1179) [sender=3.1.2]

Task and CPU usage stats:
       JobID    JobName  AllocCPUS   NTasks     MinCPU MinCPUTask     AveCPU    Elapsed ExitCode 
------------ ---------- ---------- -------- ---------- ---------- ---------- ---------- -------- 
3648199      Mo_ano-r3+         32                                             00:16:40      0:0 
3648199.bat+      batch         32        1   07:40:26          0   07:40:26   00:16:40      0:0 
3648199.ext+     extern         32        1   00:00:00          0   00:00:00   00:16:40      0:0 

Memory usage stats:
       JobID     MaxRSS MaxRSSTask     AveRSS MaxPages   MaxPagesTask   AvePages 
------------ ---------- ---------- ---------- -------- -------------- ---------- 
3648199                                                                          
3648199.bat+  22031336K          0  22031336K       77              0          8 
3648199.ext+       119K          0       119K        1              0          1 

Disk usage stats:
       JobID  MaxDiskRead MaxDiskReadTask    AveDiskRead MaxDiskWrite MaxDiskWriteTask   AveDiskWrite 
------------ ------------ --------------- -------------- ------------ ---------------- -------------- 
3648199                                                                                               
3648199.bat+     1500.79M               0       1500.79M     1023.84M                0       1023.84M 
3648199.ext+        0.00M               0          0.00M            0                0              0 

Job 3648199 completed at Sat Nov 20 14:50:11 CET 2021
