Starting job 3648519 on c65-10 at Sat Nov 20 21:21:08 CET 2021


Task and CPU usage stats:
       JobID    JobName  AllocCPUS   NTasks     MinCPU MinCPUTask     AveCPU    Elapsed ExitCode 
------------ ---------- ---------- -------- ---------- ---------- ---------- ---------- -------- 
3648519      Mo_sarc-z+         32                                             00:00:07      0:0 
3648519.bat+      batch         32        1   00:00:00          0   00:00:00   00:00:09     0:15 
3648519.ext+     extern         32        1   00:00:00          0   00:00:00   00:00:08      0:0 

Memory usage stats:
       JobID     MaxRSS MaxRSSTask     AveRSS MaxPages   MaxPagesTask   AvePages 
------------ ---------- ---------- ---------- -------- -------------- ---------- 
3648519                                                                          
3648519.bat+       838K          0       838K        0              0          0 
3648519.ext+         4K          0         4K        0              0          0 

Disk usage stats:
       JobID  MaxDiskRead MaxDiskReadTask    AveDiskRead MaxDiskWrite MaxDiskWriteTask   AveDiskWrite 
------------ ------------ --------------- -------------- ------------ ---------------- -------------- 
3648519                                                                                               
3648519.bat+            0               0              0            0                0              0 
3648519.ext+        0.00M               0          0.00M            0                0              0 

Job 3648519 completed at Sat Nov 20 21:21:17 CET 2021
Starting job 3648555 on c24-6 at Sat Nov 20 21:22:44 CET 2021

Copying Mo_sarc-zora-tzvpp_pbe.out to /cluster/home/ambr/projects/zora/row5/calcs_gto_zora
Copying *.hess to /cluster/home/ambr/projects/zora/row5/calcs_gto_zora
rsync: link_stat "/cluster/work/jobs/3648555/*.hess" failed: No such file or directory (2)
rsync error: some files/attrs were not transferred (see previous errors) (code 23) at main.c(1179) [sender=3.1.2]
Copying Mo_sarc-zora-tzvpp_pbe.gbw to /cluster/home/ambr/projects/zora/row5/calcs_gto_zora
Copying *.xyz to /cluster/home/ambr/projects/zora/row5/calcs_gto_zora
rsync: link_stat "/cluster/work/jobs/3648555/*.xyz" failed: No such file or directory (2)
rsync error: some files/attrs were not transferred (see previous errors) (code 23) at main.c(1179) [sender=3.1.2]

Task and CPU usage stats:
       JobID    JobName  AllocCPUS   NTasks     MinCPU MinCPUTask     AveCPU    Elapsed ExitCode 
------------ ---------- ---------- -------- ---------- ---------- ---------- ---------- -------- 
3648555      Mo_sarc-z+         32                                             00:04:11      0:0 
3648555.bat+      batch         32        1   00:36:10          0   00:36:10   00:04:11      0:0 
3648555.ext+     extern         32        1   00:00:00          0   00:00:00   00:04:11      0:0 

Memory usage stats:
       JobID     MaxRSS MaxRSSTask     AveRSS MaxPages   MaxPagesTask   AvePages 
------------ ---------- ---------- ---------- -------- -------------- ---------- 
3648555                                                                          
3648555.bat+  10080993K          0  10080993K       77              0          2 
3648555.ext+       127K          0       127K        1              0          1 

Disk usage stats:
       JobID  MaxDiskRead MaxDiskReadTask    AveDiskRead MaxDiskWrite MaxDiskWriteTask   AveDiskWrite 
------------ ------------ --------------- -------------- ------------ ---------------- -------------- 
3648555                                                                                               
3648555.bat+     1262.16M               0       1262.16M      861.34M                0        861.34M 
3648555.ext+        0.00M               0          0.00M            0                0              0 

Job 3648555 completed at Sat Nov 20 21:26:55 CET 2021
