Starting job 3648200 on c74-7 at Sat Nov 20 14:33:30 CET 2021


Task and CPU usage stats:
       JobID    JobName  AllocCPUS   NTasks     MinCPU MinCPUTask     AveCPU    Elapsed ExitCode 
------------ ---------- ---------- -------- ---------- ---------- ---------- ---------- -------- 
3648200      Nb_ano-r3+         32                                             01:35:07      0:0 
3648200.bat+      batch         32        1 2-01:34:25          0   00:00:00   01:35:09     0:15 
3648200.ext+     extern         32        1   00:00:00          0   00:00:00   01:35:07      0:0 

Memory usage stats:
       JobID     MaxRSS MaxRSSTask     AveRSS MaxPages   MaxPagesTask   AvePages 
------------ ---------- ---------- ---------- -------- -------------- ---------- 
3648200                                                                          
3648200.bat+  21990528K          0  21990528K       77              0          9 
3648200.ext+       119K          0       119K        1              0          1 

Disk usage stats:
       JobID  MaxDiskRead MaxDiskReadTask    AveDiskRead MaxDiskWrite MaxDiskWriteTask   AveDiskWrite 
------------ ------------ --------------- -------------- ------------ ---------------- -------------- 
3648200                                                                                               
3648200.bat+     2369.55M               0       2369.55M     1091.30M                0       1091.30M 
3648200.ext+        0.00M               0          0.00M            0                0              0 

Job 3648200 completed at Sat Nov 20 16:08:39 CET 2021
Starting job 3648281 on c28-12 at Sat Nov 20 16:15:29 CET 2021


Task and CPU usage stats:
       JobID    JobName  AllocCPUS   NTasks     MinCPU MinCPUTask     AveCPU    Elapsed ExitCode 
------------ ---------- ---------- -------- ---------- ---------- ---------- ---------- -------- 
3648281      Nb_ano-r3+         32                                             04:00:26      0:0 
3648281.bat+      batch         32        1 5-04:52:28          0   00:00:00   04:00:28     0:15 
3648281.ext+     extern         32        1   00:00:00          0   00:00:00   04:00:26      0:0 

Memory usage stats:
       JobID     MaxRSS MaxRSSTask     AveRSS MaxPages   MaxPagesTask   AvePages 
------------ ---------- ---------- ---------- -------- -------------- ---------- 
3648281                                                                          
3648281.bat+  22053681K          0  22053681K       79              0         12 
3648281.ext+       123K          0       123K        1              0          1 

Disk usage stats:
       JobID  MaxDiskRead MaxDiskReadTask    AveDiskRead MaxDiskWrite MaxDiskWriteTask   AveDiskWrite 
------------ ------------ --------------- -------------- ------------ ---------------- -------------- 
3648281                                                                                               
3648281.bat+     4911.26M               0       4911.26M     1247.62M                0       1247.62M 
3648281.ext+        0.00M               0          0.00M            0                0              0 

Job 3648281 completed at Sat Nov 20 20:15:57 CET 2021
Starting job 3675327 on c70-2 at Wed Dec 1 20:07:48 CET 2021

Copying Nb_ano-r3_pbe.out to /cluster/home/ambr/projects/zora/row5/calcs_gto_zora
Copying *.hess to /cluster/home/ambr/projects/zora/row5/calcs_gto_zora
rsync: link_stat "/cluster/work/jobs/3675327/*.hess" failed: No such file or directory (2)
rsync error: some files/attrs were not transferred (see previous errors) (code 23) at main.c(1179) [sender=3.1.2]
Copying Nb_ano-r3_pbe.gbw to /cluster/home/ambr/projects/zora/row5/calcs_gto_zora
Copying *.xyz to /cluster/home/ambr/projects/zora/row5/calcs_gto_zora
rsync: link_stat "/cluster/work/jobs/3675327/*.xyz" failed: No such file or directory (2)
rsync error: some files/attrs were not transferred (see previous errors) (code 23) at main.c(1179) [sender=3.1.2]

Task and CPU usage stats:
       JobID    JobName  AllocCPUS   NTasks     MinCPU MinCPUTask     AveCPU    Elapsed ExitCode 
------------ ---------- ---------- -------- ---------- ---------- ---------- ---------- -------- 
3675327      Nb_ano-r3+         32                                             02:11:21      0:0 
3675327.bat+      batch         32        1 2-21:25:18          0 2-21:25:18   02:11:21      0:0 
3675327.ext+     extern         32        1   00:00:00          0   00:00:00   02:11:21      0:0 

Memory usage stats:
       JobID     MaxRSS MaxRSSTask     AveRSS MaxPages   MaxPagesTask   AvePages 
------------ ---------- ---------- ---------- -------- -------------- ---------- 
3675327                                                                          
3675327.bat+  21926995K          0  21926995K      117              0          8 
3675327.ext+       140K          0       140K        7              0          7 

Disk usage stats:
       JobID  MaxDiskRead MaxDiskReadTask    AveDiskRead MaxDiskWrite MaxDiskWriteTask   AveDiskWrite 
------------ ------------ --------------- -------------- ------------ ---------------- -------------- 
3675327                                                                                               
3675327.bat+     3160.93M               0       3160.93M     1141.84M                0       1141.84M 
3675327.ext+        0.00M               0          0.00M            0                0              0 

Job 3675327 completed at Wed Dec 1 22:19:09 CET 2021
