Starting job 3648520 on c24-7 at Sat Nov 20 21:21:11 CET 2021


Task and CPU usage stats:
       JobID    JobName  AllocCPUS   NTasks     MinCPU MinCPUTask     AveCPU    Elapsed ExitCode 
------------ ---------- ---------- -------- ---------- ---------- ---------- ---------- -------- 
3648520      Nb_sarc-z+         32                                             00:00:07      0:0 
3648520.bat+      batch         32        1   00:00:00          0   00:00:00   00:00:09     0:15 
3648520.ext+     extern         32        1   00:00:00          0   00:00:00   00:00:08      0:0 

Memory usage stats:
       JobID     MaxRSS MaxRSSTask     AveRSS MaxPages   MaxPagesTask   AvePages 
------------ ---------- ---------- ---------- -------- -------------- ---------- 
3648520                                                                          
3648520.bat+       834K          0       834K        0              0          0 
3648520.ext+         4K          0         4K        0              0          0 

Disk usage stats:
       JobID  MaxDiskRead MaxDiskReadTask    AveDiskRead MaxDiskWrite MaxDiskWriteTask   AveDiskWrite 
------------ ------------ --------------- -------------- ------------ ---------------- -------------- 
3648520                                                                                               
3648520.bat+            0               0              0            0                0              0 
3648520.ext+        0.00M               0          0.00M            0                0              0 

Job 3648520 completed at Sat Nov 20 21:21:17 CET 2021
Starting job 3648556 on c65-12 at Sat Nov 20 21:22:44 CET 2021

Copying Nb_sarc-zora-tzvpp_pbe.out to /cluster/home/ambr/projects/zora/row5/calcs_gto_zora
Copying *.hess to /cluster/home/ambr/projects/zora/row5/calcs_gto_zora
rsync: link_stat "/cluster/work/jobs/3648556/*.hess" failed: No such file or directory (2)
rsync error: some files/attrs were not transferred (see previous errors) (code 23) at main.c(1179) [sender=3.1.2]
Copying Nb_sarc-zora-tzvpp_pbe.gbw to /cluster/home/ambr/projects/zora/row5/calcs_gto_zora
Copying *.xyz to /cluster/home/ambr/projects/zora/row5/calcs_gto_zora
rsync: link_stat "/cluster/work/jobs/3648556/*.xyz" failed: No such file or directory (2)
rsync error: some files/attrs were not transferred (see previous errors) (code 23) at main.c(1179) [sender=3.1.2]

Task and CPU usage stats:
       JobID    JobName  AllocCPUS   NTasks     MinCPU MinCPUTask     AveCPU    Elapsed ExitCode 
------------ ---------- ---------- -------- ---------- ---------- ---------- ---------- -------- 
3648556      Nb_sarc-z+         32                                             00:07:10      0:0 
3648556.bat+      batch         32        1   02:14:30          0   02:14:30   00:07:10      0:0 
3648556.ext+     extern         32        1   00:00:00          0   00:00:00   00:07:10      0:0 

Memory usage stats:
       JobID     MaxRSS MaxRSSTask     AveRSS MaxPages   MaxPagesTask   AvePages 
------------ ---------- ---------- ---------- -------- -------------- ---------- 
3648556                                                                          
3648556.bat+  10159710K          0  10159710K       54              0          2 
3648556.ext+       128K          0       128K        1              0          1 

Disk usage stats:
       JobID  MaxDiskRead MaxDiskReadTask    AveDiskRead MaxDiskWrite MaxDiskWriteTask   AveDiskWrite 
------------ ------------ --------------- -------------- ------------ ---------------- -------------- 
3648556                                                                                               
3648556.bat+     3329.26M               0       3329.26M      986.09M                0        986.09M 
3648556.ext+        0.00M               0          0.00M            0                0              0 

Job 3648556 completed at Sat Nov 20 21:29:54 CET 2021
