Starting job 3648436 on c23-4 at Sat Nov 20 20:54:54 CET 2021

Copying Nb_ugbs_pbe.out to /cluster/home/ambr/projects/zora/row5/calcs_gto_zora
Copying *.hess to /cluster/home/ambr/projects/zora/row5/calcs_gto_zora
rsync: link_stat "/cluster/work/jobs/3648436/*.hess" failed: No such file or directory (2)
rsync error: some files/attrs were not transferred (see previous errors) (code 23) at main.c(1179) [sender=3.1.2]
Copying *.gbw to /cluster/home/ambr/projects/zora/row5/calcs_gto_zora
rsync: link_stat "/cluster/work/jobs/3648436/*.gbw" failed: No such file or directory (2)
rsync error: some files/attrs were not transferred (see previous errors) (code 23) at main.c(1179) [sender=3.1.2]
Copying *.xyz to /cluster/home/ambr/projects/zora/row5/calcs_gto_zora
rsync: link_stat "/cluster/work/jobs/3648436/*.xyz" failed: No such file or directory (2)
rsync error: some files/attrs were not transferred (see previous errors) (code 23) at main.c(1179) [sender=3.1.2]

Task and CPU usage stats:
       JobID    JobName  AllocCPUS   NTasks     MinCPU MinCPUTask     AveCPU    Elapsed ExitCode 
------------ ---------- ---------- -------- ---------- ---------- ---------- ---------- -------- 
3648436      Nb_ugbs_p+         32                                             00:00:07      0:0 
3648436.bat+      batch         32        1   00:00:00          0   00:00:00   00:00:07      0:0 
3648436.ext+     extern         32        1   00:00:00          0   00:00:00   00:00:07      0:0 

Memory usage stats:
       JobID     MaxRSS MaxRSSTask     AveRSS MaxPages   MaxPagesTask   AvePages 
------------ ---------- ---------- ---------- -------- -------------- ---------- 
3648436                                                                          
3648436.bat+       836K          0       836K        0              0          0 
3648436.ext+         4K          0         4K        0              0          0 

Disk usage stats:
       JobID  MaxDiskRead MaxDiskReadTask    AveDiskRead MaxDiskWrite MaxDiskWriteTask   AveDiskWrite 
------------ ------------ --------------- -------------- ------------ ---------------- -------------- 
3648436                                                                                               
3648436.bat+            0               0              0            0                0              0 
3648436.ext+        0.00M               0          0.00M            0                0              0 

Job 3648436 completed at Sat Nov 20 20:55:02 CET 2021
Starting job 3648472 on c23-4 at Sat Nov 20 20:56:06 CET 2021

Copying Nb_ugbs_pbe.out to /cluster/home/ambr/projects/zora/row5/calcs_gto_zora
Copying *.hess to /cluster/home/ambr/projects/zora/row5/calcs_gto_zora
rsync: link_stat "/cluster/work/jobs/3648472/*.hess" failed: No such file or directory (2)
rsync error: some files/attrs were not transferred (see previous errors) (code 23) at main.c(1179) [sender=3.1.2]
Copying Nb_ugbs_pbe.gbw to /cluster/home/ambr/projects/zora/row5/calcs_gto_zora
Copying *.xyz to /cluster/home/ambr/projects/zora/row5/calcs_gto_zora
rsync: link_stat "/cluster/work/jobs/3648472/*.xyz" failed: No such file or directory (2)
rsync error: some files/attrs were not transferred (see previous errors) (code 23) at main.c(1179) [sender=3.1.2]

Task and CPU usage stats:
       JobID    JobName  AllocCPUS   NTasks     MinCPU MinCPUTask     AveCPU    Elapsed ExitCode 
------------ ---------- ---------- -------- ---------- ---------- ---------- ---------- -------- 
3648472      Nb_ugbs_p+         32                                             00:06:53      0:0 
3648472.bat+      batch         32        1   02:20:42          0   02:20:42   00:06:53      0:0 
3648472.ext+     extern         32        1   00:00:00          0   00:00:00   00:06:53      0:0 

Memory usage stats:
       JobID     MaxRSS MaxRSSTask     AveRSS MaxPages   MaxPagesTask   AvePages 
------------ ---------- ---------- ---------- -------- -------------- ---------- 
3648472                                                                          
3648472.bat+  10265773K          0  10265773K       27              0          8 
3648472.ext+       123K          0       123K        1              0          1 

Disk usage stats:
       JobID  MaxDiskRead MaxDiskReadTask    AveDiskRead MaxDiskWrite MaxDiskWriteTask   AveDiskWrite 
------------ ------------ --------------- -------------- ------------ ---------------- -------------- 
3648472                                                                                               
3648472.bat+     3410.71M               0       3410.71M      991.95M                0        991.95M 
3648472.ext+        0.00M               0          0.00M            0                0              0 

Job 3648472 completed at Sat Nov 20 21:03:00 CET 2021
