Starting job 3648201 on c27-5 at Sat Nov 20 14:33:30 CET 2021

Copying Pd_ano-r3_pbe.out to /cluster/home/ambr/projects/zora/row5/calcs_gto_zora
Copying *.hess to /cluster/home/ambr/projects/zora/row5/calcs_gto_zora
rsync: link_stat "/cluster/work/jobs/3648201/*.hess" failed: No such file or directory (2)
rsync error: some files/attrs were not transferred (see previous errors) (code 23) at main.c(1179) [sender=3.1.2]
Copying Pd_ano-r3_pbe.gbw to /cluster/home/ambr/projects/zora/row5/calcs_gto_zora
Copying *.xyz to /cluster/home/ambr/projects/zora/row5/calcs_gto_zora
rsync: link_stat "/cluster/work/jobs/3648201/*.xyz" failed: No such file or directory (2)
rsync error: some files/attrs were not transferred (see previous errors) (code 23) at main.c(1179) [sender=3.1.2]

Task and CPU usage stats:
       JobID    JobName  AllocCPUS   NTasks     MinCPU MinCPUTask     AveCPU    Elapsed ExitCode 
------------ ---------- ---------- -------- ---------- ---------- ---------- ---------- -------- 
3648201      Pd_ano-r3+         32                                             00:17:58      0:0 
3648201.bat+      batch         32        1   08:26:21          0   08:26:21   00:17:58      0:0 
3648201.ext+     extern         32        1   00:00:00          0   00:00:00   00:17:58      0:0 

Memory usage stats:
       JobID     MaxRSS MaxRSSTask     AveRSS MaxPages   MaxPagesTask   AvePages 
------------ ---------- ---------- ---------- -------- -------------- ---------- 
3648201                                                                          
3648201.bat+  20154089K          0  20154089K       46              0          6 
3648201.ext+       159K          0       159K        1              0          1 

Disk usage stats:
       JobID  MaxDiskRead MaxDiskReadTask    AveDiskRead MaxDiskWrite MaxDiskWriteTask   AveDiskWrite 
------------ ------------ --------------- -------------- ------------ ---------------- -------------- 
3648201                                                                                               
3648201.bat+     1033.11M               0       1033.11M      996.41M                0        996.41M 
3648201.ext+        0.00M               0          0.00M            0                0              0 

Job 3648201 completed at Sat Nov 20 14:51:28 CET 2021
