Starting job 3648521 on c65-12 at Sat Nov 20 21:21:08 CET 2021


Task and CPU usage stats:
       JobID    JobName  AllocCPUS   NTasks     MinCPU MinCPUTask     AveCPU    Elapsed ExitCode 
------------ ---------- ---------- -------- ---------- ---------- ---------- ---------- -------- 
3648521      Pd_sarc-z+         32                                             00:00:07      0:0 
3648521.bat+      batch         32        1   00:00:00          0   00:00:00   00:00:09     0:15 
3648521.ext+     extern         32        1   00:00:00          0   00:00:00   00:00:08      0:0 

Memory usage stats:
       JobID     MaxRSS MaxRSSTask     AveRSS MaxPages   MaxPagesTask   AvePages 
------------ ---------- ---------- ---------- -------- -------------- ---------- 
3648521                                                                          
3648521.bat+       832K          0       832K        0              0          0 
3648521.ext+         4K          0         4K        0              0          0 

Disk usage stats:
       JobID  MaxDiskRead MaxDiskReadTask    AveDiskRead MaxDiskWrite MaxDiskWriteTask   AveDiskWrite 
------------ ------------ --------------- -------------- ------------ ---------------- -------------- 
3648521                                                                                               
3648521.bat+            0               0              0            0                0              0 
3648521.ext+        0.00M               0          0.00M            0                0              0 

Job 3648521 completed at Sat Nov 20 21:21:17 CET 2021
Starting job 3648557 on c24-7 at Sat Nov 20 21:22:44 CET 2021

Copying Pd_sarc-zora-tzvpp_pbe.out to /cluster/home/ambr/projects/zora/row5/calcs_gto_zora
Copying *.hess to /cluster/home/ambr/projects/zora/row5/calcs_gto_zora
rsync: link_stat "/cluster/work/jobs/3648557/*.hess" failed: No such file or directory (2)
rsync error: some files/attrs were not transferred (see previous errors) (code 23) at main.c(1179) [sender=3.1.2]
Copying Pd_sarc-zora-tzvpp_pbe.gbw to /cluster/home/ambr/projects/zora/row5/calcs_gto_zora
Copying *.xyz to /cluster/home/ambr/projects/zora/row5/calcs_gto_zora
rsync: link_stat "/cluster/work/jobs/3648557/*.xyz" failed: No such file or directory (2)
rsync error: some files/attrs were not transferred (see previous errors) (code 23) at main.c(1179) [sender=3.1.2]

Task and CPU usage stats:
       JobID    JobName  AllocCPUS   NTasks     MinCPU MinCPUTask     AveCPU    Elapsed ExitCode 
------------ ---------- ---------- -------- ---------- ---------- ---------- ---------- -------- 
3648557      Pd_sarc-z+         32                                             00:06:11      0:0 
3648557.bat+      batch         32        1   00:53:45          0   00:53:45   00:06:11      0:0 
3648557.ext+     extern         32        1   00:00:00          0   00:00:00   00:06:11      0:0 

Memory usage stats:
       JobID     MaxRSS MaxRSSTask     AveRSS MaxPages   MaxPagesTask   AvePages 
------------ ---------- ---------- ---------- -------- -------------- ---------- 
3648557                                                                          
3648557.bat+  10205631K          0  10205631K       84              0          8 
3648557.ext+       123K          0       123K        1              0          1 

Disk usage stats:
       JobID  MaxDiskRead MaxDiskReadTask    AveDiskRead MaxDiskWrite MaxDiskWriteTask   AveDiskWrite 
------------ ------------ --------------- -------------- ------------ ---------------- -------------- 
3648557                                                                                               
3648557.bat+     1174.97M               0       1174.97M      856.50M                0        856.50M 
3648557.ext+        0.00M               0          0.00M            0                0              0 

Job 3648557 completed at Sat Nov 20 21:28:56 CET 2021
