Starting job 3648202 on c3-8 at Sat Nov 20 14:33:30 CET 2021

Copying Rb_ano-r3_pbe.out to /cluster/home/ambr/projects/zora/row5/calcs_gto_zora
Copying *.hess to /cluster/home/ambr/projects/zora/row5/calcs_gto_zora
rsync: link_stat "/cluster/work/jobs/3648202/*.hess" failed: No such file or directory (2)
rsync error: some files/attrs were not transferred (see previous errors) (code 23) at main.c(1179) [sender=3.1.2]
Copying Rb_ano-r3_pbe.gbw to /cluster/home/ambr/projects/zora/row5/calcs_gto_zora
Copying *.xyz to /cluster/home/ambr/projects/zora/row5/calcs_gto_zora
rsync: link_stat "/cluster/work/jobs/3648202/*.xyz" failed: No such file or directory (2)
rsync error: some files/attrs were not transferred (see previous errors) (code 23) at main.c(1179) [sender=3.1.2]

Task and CPU usage stats:
       JobID    JobName  AllocCPUS   NTasks     MinCPU MinCPUTask     AveCPU    Elapsed ExitCode 
------------ ---------- ---------- -------- ---------- ---------- ---------- ---------- -------- 
3648202      Rb_ano-r3+         32                                             00:06:10      0:0 
3648202.bat+      batch         32        1   02:03:33          0   02:03:33   00:06:10      0:0 
3648202.ext+     extern         32        1   00:00:00          0   00:00:00   00:06:10      0:0 

Memory usage stats:
       JobID     MaxRSS MaxRSSTask     AveRSS MaxPages   MaxPagesTask   AvePages 
------------ ---------- ---------- ---------- -------- -------------- ---------- 
3648202                                                                          
3648202.bat+  19775160K          0  19775160K       44              0          7 
3648202.ext+       119K          0       119K        1              0          1 

Disk usage stats:
       JobID  MaxDiskRead MaxDiskReadTask    AveDiskRead MaxDiskWrite MaxDiskWriteTask   AveDiskWrite 
------------ ------------ --------------- -------------- ------------ ---------------- -------------- 
3648202                                                                                               
3648202.bat+     1168.97M               0       1168.97M     1032.30M                0       1032.30M 
3648202.ext+        0.00M               0          0.00M            0                0              0 

Job 3648202 completed at Sat Nov 20 14:39:40 CET 2021
