Starting job 3648522 on c24-8 at Sat Nov 20 21:21:08 CET 2021


Task and CPU usage stats:
       JobID    JobName  AllocCPUS   NTasks     MinCPU MinCPUTask     AveCPU    Elapsed ExitCode 
------------ ---------- ---------- -------- ---------- ---------- ---------- ---------- -------- 
3648522      Rb_sarc-z+         32                                             00:00:07      0:0 
3648522.bat+      batch         32        1   00:00:00          0   00:00:00   00:00:09     0:15 
3648522.ext+     extern         32        1   00:00:00          0   00:00:00   00:00:08      0:0 

Memory usage stats:
       JobID     MaxRSS MaxRSSTask     AveRSS MaxPages   MaxPagesTask   AvePages 
------------ ---------- ---------- ---------- -------- -------------- ---------- 
3648522                                                                          
3648522.bat+       834K          0       834K        0              0          0 
3648522.ext+         4K          0         4K        0              0          0 

Disk usage stats:
       JobID  MaxDiskRead MaxDiskReadTask    AveDiskRead MaxDiskWrite MaxDiskWriteTask   AveDiskWrite 
------------ ------------ --------------- -------------- ------------ ---------------- -------------- 
3648522                                                                                               
3648522.bat+            0               0              0            0                0              0 
3648522.ext+        0.00M               0          0.00M            0                0              0 

Job 3648522 completed at Sat Nov 20 21:21:17 CET 2021
Starting job 3648558 on c66-1 at Sat Nov 20 21:22:44 CET 2021

Copying Rb_sarc-zora-tzvpp_pbe.out to /cluster/home/ambr/projects/zora/row5/calcs_gto_zora
Copying *.hess to /cluster/home/ambr/projects/zora/row5/calcs_gto_zora
rsync: link_stat "/cluster/work/jobs/3648558/*.hess" failed: No such file or directory (2)
rsync error: some files/attrs were not transferred (see previous errors) (code 23) at main.c(1179) [sender=3.1.2]
Copying Rb_sarc-zora-tzvpp_pbe.gbw to /cluster/home/ambr/projects/zora/row5/calcs_gto_zora
Copying *.xyz to /cluster/home/ambr/projects/zora/row5/calcs_gto_zora
rsync: link_stat "/cluster/work/jobs/3648558/*.xyz" failed: No such file or directory (2)
rsync error: some files/attrs were not transferred (see previous errors) (code 23) at main.c(1179) [sender=3.1.2]

Task and CPU usage stats:
       JobID    JobName  AllocCPUS   NTasks     MinCPU MinCPUTask     AveCPU    Elapsed ExitCode 
------------ ---------- ---------- -------- ---------- ---------- ---------- ---------- -------- 
3648558      Rb_sarc-z+         32                                             00:03:48      0:0 
3648558.bat+      batch         32        1   00:45:54          0   00:45:54   00:03:48      0:0 
3648558.ext+     extern         32        1   00:00:00          0   00:00:00   00:03:48      0:0 

Memory usage stats:
       JobID     MaxRSS MaxRSSTask     AveRSS MaxPages   MaxPagesTask   AvePages 
------------ ---------- ---------- ---------- -------- -------------- ---------- 
3648558                                                                          
3648558.bat+  13576498K          0  13576498K       45              0          8 
3648558.ext+       123K          0       123K        1              0          1 

Disk usage stats:
       JobID  MaxDiskRead MaxDiskReadTask    AveDiskRead MaxDiskWrite MaxDiskWriteTask   AveDiskWrite 
------------ ------------ --------------- -------------- ------------ ---------------- -------------- 
3648558                                                                                               
3648558.bat+      965.18M               0        965.18M      840.93M                0        840.93M 
3648558.ext+        0.00M               0          0.00M            0                0              0 

Job 3648558 completed at Sat Nov 20 21:26:32 CET 2021
