Starting job 3648456 on c70-5 at Sat Nov 20 20:54:54 CET 2021

Copying Rb_sapporo-qzp-2012-diffuse_pbe.out to /cluster/home/ambr/projects/zora/row5/calcs_gto_zora
Copying *.hess to /cluster/home/ambr/projects/zora/row5/calcs_gto_zora
rsync: link_stat "/cluster/work/jobs/3648456/*.hess" failed: No such file or directory (2)
rsync error: some files/attrs were not transferred (see previous errors) (code 23) at main.c(1179) [sender=3.1.2]
Copying *.gbw to /cluster/home/ambr/projects/zora/row5/calcs_gto_zora
rsync: link_stat "/cluster/work/jobs/3648456/*.gbw" failed: No such file or directory (2)
rsync error: some files/attrs were not transferred (see previous errors) (code 23) at main.c(1179) [sender=3.1.2]
Copying *.xyz to /cluster/home/ambr/projects/zora/row5/calcs_gto_zora
rsync: link_stat "/cluster/work/jobs/3648456/*.xyz" failed: No such file or directory (2)
rsync error: some files/attrs were not transferred (see previous errors) (code 23) at main.c(1179) [sender=3.1.2]

Task and CPU usage stats:
       JobID    JobName  AllocCPUS   NTasks     MinCPU MinCPUTask     AveCPU    Elapsed ExitCode 
------------ ---------- ---------- -------- ---------- ---------- ---------- ---------- -------- 
3648456      Rb_sappor+         32                                             00:00:08      0:0 
3648456.bat+      batch         32        1   00:00:00          0   00:00:00   00:00:08      0:0 
3648456.ext+     extern         32        1   00:00:00          0   00:00:00   00:00:08      0:0 

Memory usage stats:
       JobID     MaxRSS MaxRSSTask     AveRSS MaxPages   MaxPagesTask   AvePages 
------------ ---------- ---------- ---------- -------- -------------- ---------- 
3648456                                                                          
3648456.bat+       836K          0       836K        0              0          0 
3648456.ext+         4K          0         4K        0              0          0 

Disk usage stats:
       JobID  MaxDiskRead MaxDiskReadTask    AveDiskRead MaxDiskWrite MaxDiskWriteTask   AveDiskWrite 
------------ ------------ --------------- -------------- ------------ ---------------- -------------- 
3648456                                                                                               
3648456.bat+            0               0              0            0                0              0 
3648456.ext+        0.00M               0          0.00M            0                0              0 

Job 3648456 completed at Sat Nov 20 20:55:01 CET 2021
Starting job 3648494 on c26-8 at Sat Nov 20 20:57:16 CET 2021

Copying Rb_sapporo-qzp-2012-diffuse_pbe.out to /cluster/home/ambr/projects/zora/row5/calcs_gto_zora
Copying *.hess to /cluster/home/ambr/projects/zora/row5/calcs_gto_zora
rsync: link_stat "/cluster/work/jobs/3648494/*.hess" failed: No such file or directory (2)
rsync error: some files/attrs were not transferred (see previous errors) (code 23) at main.c(1179) [sender=3.1.2]
Copying Rb_sapporo-qzp-2012-diffuse_pbe.gbw to /cluster/home/ambr/projects/zora/row5/calcs_gto_zora
Copying *.xyz to /cluster/home/ambr/projects/zora/row5/calcs_gto_zora
rsync: link_stat "/cluster/work/jobs/3648494/*.xyz" failed: No such file or directory (2)
rsync error: some files/attrs were not transferred (see previous errors) (code 23) at main.c(1179) [sender=3.1.2]

Task and CPU usage stats:
       JobID    JobName  AllocCPUS   NTasks     MinCPU MinCPUTask     AveCPU    Elapsed ExitCode 
------------ ---------- ---------- -------- ---------- ---------- ---------- ---------- -------- 
3648494      Rb_sappor+         32                                             00:06:58      0:0 
3648494.bat+      batch         32        1   00:49:39          0   00:49:39   00:06:58      0:0 
3648494.ext+     extern         32        1   00:00:00          0   00:00:00   00:06:58      0:0 

Memory usage stats:
       JobID     MaxRSS MaxRSSTask     AveRSS MaxPages   MaxPagesTask   AvePages 
------------ ---------- ---------- ---------- -------- -------------- ---------- 
3648494                                                                          
3648494.bat+  10134651K          0  10134651K       79              0          8 
3648494.ext+       119K          0       119K        1              0          1 

Disk usage stats:
       JobID  MaxDiskRead MaxDiskReadTask    AveDiskRead MaxDiskWrite MaxDiskWriteTask   AveDiskWrite 
------------ ------------ --------------- -------------- ------------ ---------------- -------------- 
3648494                                                                                               
3648494.bat+     1146.83M               0       1146.83M      859.01M                0        859.01M 
3648494.ext+        0.00M               0          0.00M            0                0              0 

Job 3648494 completed at Sat Nov 20 21:04:15 CET 2021
