Starting job 3648438 on c23-5 at Sat Nov 20 20:54:54 CET 2021

Copying Rb_ugbs_pbe.out to /cluster/home/ambr/projects/zora/row5/calcs_gto_zora
Copying *.hess to /cluster/home/ambr/projects/zora/row5/calcs_gto_zora
rsync: link_stat "/cluster/work/jobs/3648438/*.hess" failed: No such file or directory (2)
rsync error: some files/attrs were not transferred (see previous errors) (code 23) at main.c(1179) [sender=3.1.2]
Copying *.gbw to /cluster/home/ambr/projects/zora/row5/calcs_gto_zora
rsync: link_stat "/cluster/work/jobs/3648438/*.gbw" failed: No such file or directory (2)
rsync error: some files/attrs were not transferred (see previous errors) (code 23) at main.c(1179) [sender=3.1.2]
Copying *.xyz to /cluster/home/ambr/projects/zora/row5/calcs_gto_zora
rsync: link_stat "/cluster/work/jobs/3648438/*.xyz" failed: No such file or directory (2)
rsync error: some files/attrs were not transferred (see previous errors) (code 23) at main.c(1179) [sender=3.1.2]

Task and CPU usage stats:
       JobID    JobName  AllocCPUS   NTasks     MinCPU MinCPUTask     AveCPU    Elapsed ExitCode 
------------ ---------- ---------- -------- ---------- ---------- ---------- ---------- -------- 
3648438      Rb_ugbs_p+         32                                             00:00:07      0:0 
3648438.bat+      batch         32        1   00:00:00          0   00:00:00   00:00:07      0:0 
3648438.ext+     extern         32        1   00:00:00          0   00:00:00   00:00:07      0:0 

Memory usage stats:
       JobID     MaxRSS MaxRSSTask     AveRSS MaxPages   MaxPagesTask   AvePages 
------------ ---------- ---------- ---------- -------- -------------- ---------- 
3648438                                                                          
3648438.bat+       836K          0       836K        0              0          0 
3648438.ext+         4K          0         4K        0              0          0 

Disk usage stats:
       JobID  MaxDiskRead MaxDiskReadTask    AveDiskRead MaxDiskWrite MaxDiskWriteTask   AveDiskWrite 
------------ ------------ --------------- -------------- ------------ ---------------- -------------- 
3648438                                                                                               
3648438.bat+            0               0              0            0                0              0 
3648438.ext+        0.00M               0          0.00M            0                0              0 

Job 3648438 completed at Sat Nov 20 20:55:00 CET 2021
Starting job 3648474 on c23-5 at Sat Nov 20 20:56:06 CET 2021

Copying Rb_ugbs_pbe.out to /cluster/home/ambr/projects/zora/row5/calcs_gto_zora
Copying *.hess to /cluster/home/ambr/projects/zora/row5/calcs_gto_zora
rsync: link_stat "/cluster/work/jobs/3648474/*.hess" failed: No such file or directory (2)
rsync error: some files/attrs were not transferred (see previous errors) (code 23) at main.c(1179) [sender=3.1.2]
Copying Rb_ugbs_pbe.gbw to /cluster/home/ambr/projects/zora/row5/calcs_gto_zora
Copying *.xyz to /cluster/home/ambr/projects/zora/row5/calcs_gto_zora
rsync: link_stat "/cluster/work/jobs/3648474/*.xyz" failed: No such file or directory (2)
rsync error: some files/attrs were not transferred (see previous errors) (code 23) at main.c(1179) [sender=3.1.2]

Task and CPU usage stats:
       JobID    JobName  AllocCPUS   NTasks     MinCPU MinCPUTask     AveCPU    Elapsed ExitCode 
------------ ---------- ---------- -------- ---------- ---------- ---------- ---------- -------- 
3648474      Rb_ugbs_p+         32                                             00:02:18      0:0 
3648474.bat+      batch         32        1   00:33:35          0   00:33:35   00:02:18      0:0 
3648474.ext+     extern         32        1   00:00:00          0   00:00:00   00:02:18      0:0 

Memory usage stats:
       JobID     MaxRSS MaxRSSTask     AveRSS MaxPages   MaxPagesTask   AvePages 
------------ ---------- ---------- ---------- -------- -------------- ---------- 
3648474                                                                          
3648474.bat+  10218983K          0  10218983K       47              0          8 
3648474.ext+       118K          0       118K        1              0          1 

Disk usage stats:
       JobID  MaxDiskRead MaxDiskReadTask    AveDiskRead MaxDiskWrite MaxDiskWriteTask   AveDiskWrite 
------------ ------------ --------------- -------------- ------------ ---------------- -------------- 
3648474                                                                                               
3648474.bat+     1237.01M               0       1237.01M      858.51M                0        858.51M 
3648474.ext+        0.00M               0          0.00M            0                0              0 

Job 3648474 completed at Sat Nov 20 20:58:26 CET 2021
