Starting job 3648203 on c40-7 at Sat Nov 20 14:33:30 CET 2021


Task and CPU usage stats:
       JobID    JobName  AllocCPUS   NTasks     MinCPU MinCPUTask     AveCPU    Elapsed ExitCode 
------------ ---------- ---------- -------- ---------- ---------- ---------- ---------- -------- 
3648203      Rh_ano-r3+         32                                             01:35:07      0:0 
3648203.bat+      batch         32        1 2-01:02:30          0   00:00:00   01:35:09     0:15 
3648203.ext+     extern         32        1   00:00:00          0   00:00:00   01:35:07      0:0 

Memory usage stats:
       JobID     MaxRSS MaxRSSTask     AveRSS MaxPages   MaxPagesTask   AvePages 
------------ ---------- ---------- ---------- -------- -------------- ---------- 
3648203                                                                          
3648203.bat+  22054075K          0  22054075K      102              0          8 
3648203.ext+       119K          0       119K        1              0          1 

Disk usage stats:
       JobID  MaxDiskRead MaxDiskReadTask    AveDiskRead MaxDiskWrite MaxDiskWriteTask   AveDiskWrite 
------------ ------------ --------------- -------------- ------------ ---------------- -------------- 
3648203                                                                                               
3648203.bat+     2420.99M               0       2420.99M     1099.78M                0       1099.78M 
3648203.ext+        0.00M               0          0.00M            0                0              0 

Job 3648203 completed at Sat Nov 20 16:08:39 CET 2021
Starting job 3648284 on c74-9 at Sat Nov 20 16:15:29 CET 2021

Copying Rh_ano-r3_pbe.out to /cluster/home/ambr/projects/zora/row5/calcs_gto_zora
Copying *.hess to /cluster/home/ambr/projects/zora/row5/calcs_gto_zora
rsync: link_stat "/cluster/work/jobs/3648284/*.hess" failed: No such file or directory (2)
rsync error: some files/attrs were not transferred (see previous errors) (code 23) at main.c(1179) [sender=3.1.2]
Copying Rh_ano-r3_pbe.gbw to /cluster/home/ambr/projects/zora/row5/calcs_gto_zora
Copying *.xyz to /cluster/home/ambr/projects/zora/row5/calcs_gto_zora
rsync: link_stat "/cluster/work/jobs/3648284/*.xyz" failed: No such file or directory (2)
rsync error: some files/attrs were not transferred (see previous errors) (code 23) at main.c(1179) [sender=3.1.2]

Task and CPU usage stats:
       JobID    JobName  AllocCPUS   NTasks     MinCPU MinCPUTask     AveCPU    Elapsed ExitCode 
------------ ---------- ---------- -------- ---------- ---------- ---------- ---------- -------- 
3648284      Rh_ano-r3+         32                                             01:06:22      0:0 
3648284.bat+      batch         32        1 1-08:02:43          0 1-08:02:43   01:06:22      0:0 
3648284.ext+     extern         32        1   00:00:00          0   00:00:00   01:06:22      0:0 

Memory usage stats:
       JobID     MaxRSS MaxRSSTask     AveRSS MaxPages   MaxPagesTask   AvePages 
------------ ---------- ---------- ---------- -------- -------------- ---------- 
3648284                                                                          
3648284.bat+  22019206K          0  22019206K       98              0          8 
3648284.ext+       124K          0       124K        1              0          1 

Disk usage stats:
       JobID  MaxDiskRead MaxDiskReadTask    AveDiskRead MaxDiskWrite MaxDiskWriteTask   AveDiskWrite 
------------ ------------ --------------- -------------- ------------ ---------------- -------------- 
3648284                                                                                               
3648284.bat+     1976.08M               0       1976.08M     1321.90M                0       1321.90M 
3648284.ext+        0.00M               0          0.00M            0                0              0 

Job 3648284 completed at Sat Nov 20 17:21:53 CET 2021
