Starting job 3648523 on c66-1 at Sat Nov 20 21:21:08 CET 2021


Task and CPU usage stats:
       JobID    JobName  AllocCPUS   NTasks     MinCPU MinCPUTask     AveCPU    Elapsed ExitCode 
------------ ---------- ---------- -------- ---------- ---------- ---------- ---------- -------- 
3648523      Rh_sarc-z+         32                                             00:00:07      0:0 
3648523.bat+      batch         32        1   00:00:00          0   00:00:00   00:00:09     0:15 
3648523.ext+     extern         32        1   00:00:00          0   00:00:00   00:00:08      0:0 

Memory usage stats:
       JobID     MaxRSS MaxRSSTask     AveRSS MaxPages   MaxPagesTask   AvePages 
------------ ---------- ---------- ---------- -------- -------------- ---------- 
3648523                                                                          
3648523.bat+       836K          0       836K        0              0          0 
3648523.ext+         4K          0         4K        0              0          0 

Disk usage stats:
       JobID  MaxDiskRead MaxDiskReadTask    AveDiskRead MaxDiskWrite MaxDiskWriteTask   AveDiskWrite 
------------ ------------ --------------- -------------- ------------ ---------------- -------------- 
3648523                                                                                               
3648523.bat+            0               0              0            0                0              0 
3648523.ext+        0.00M               0          0.00M            0                0              0 

Job 3648523 completed at Sat Nov 20 21:21:17 CET 2021
Starting job 3648559 on c24-8 at Sat Nov 20 21:22:44 CET 2021

Copying Rh_sarc-zora-tzvpp_pbe.out to /cluster/home/ambr/projects/zora/row5/calcs_gto_zora
Copying *.hess to /cluster/home/ambr/projects/zora/row5/calcs_gto_zora
rsync: link_stat "/cluster/work/jobs/3648559/*.hess" failed: No such file or directory (2)
rsync error: some files/attrs were not transferred (see previous errors) (code 23) at main.c(1179) [sender=3.1.2]
Copying Rh_sarc-zora-tzvpp_pbe.gbw to /cluster/home/ambr/projects/zora/row5/calcs_gto_zora
Copying *.xyz to /cluster/home/ambr/projects/zora/row5/calcs_gto_zora
rsync: link_stat "/cluster/work/jobs/3648559/*.xyz" failed: No such file or directory (2)
rsync error: some files/attrs were not transferred (see previous errors) (code 23) at main.c(1179) [sender=3.1.2]

Task and CPU usage stats:
       JobID    JobName  AllocCPUS   NTasks     MinCPU MinCPUTask     AveCPU    Elapsed ExitCode 
------------ ---------- ---------- -------- ---------- ---------- ---------- ---------- -------- 
3648559      Rh_sarc-z+         32                                             00:08:32      0:0 
3648559.bat+      batch         32        1   02:55:33          0   02:55:33   00:08:32      0:0 
3648559.ext+     extern         32        1   00:00:00          0   00:00:00   00:08:32      0:0 

Memory usage stats:
       JobID     MaxRSS MaxRSSTask     AveRSS MaxPages   MaxPagesTask   AvePages 
------------ ---------- ---------- ---------- -------- -------------- ---------- 
3648559                                                                          
3648559.bat+  10143590K          0  10143590K       74              0          8 
3648559.ext+       123K          0       123K        1              0          1 

Disk usage stats:
       JobID  MaxDiskRead MaxDiskReadTask    AveDiskRead MaxDiskWrite MaxDiskWriteTask   AveDiskWrite 
------------ ------------ --------------- -------------- ------------ ---------------- -------------- 
3648559                                                                                               
3648559.bat+     4192.33M               0       4192.33M     1298.78M                0       1298.78M 
3648559.ext+        0.00M               0          0.00M            0                0              0 

Job 3648559 completed at Sat Nov 20 21:31:17 CET 2021
