Starting job 3648204 on c74-10 at Sat Nov 20 14:33:30 CET 2021


Task and CPU usage stats:
       JobID    JobName  AllocCPUS   NTasks     MinCPU MinCPUTask     AveCPU    Elapsed ExitCode 
------------ ---------- ---------- -------- ---------- ---------- ---------- ---------- -------- 
3648204      Ru_ano-r3+         32                                             01:35:07      0:0 
3648204.bat+      batch         32        1 2-01:42:59          0   00:00:00   01:35:09     0:15 
3648204.ext+     extern         32        1   00:00:00          0   00:00:00   01:35:07      0:0 

Memory usage stats:
       JobID     MaxRSS MaxRSSTask     AveRSS MaxPages   MaxPagesTask   AvePages 
------------ ---------- ---------- ---------- -------- -------------- ---------- 
3648204                                                                          
3648204.bat+  22046383K          0  22046383K       77              0          8 
3648204.ext+       123K          0       123K        1              0          1 

Disk usage stats:
       JobID  MaxDiskRead MaxDiskReadTask    AveDiskRead MaxDiskWrite MaxDiskWriteTask   AveDiskWrite 
------------ ------------ --------------- -------------- ------------ ---------------- -------------- 
3648204                                                                                               
3648204.bat+     2480.15M               0       2480.15M     1084.63M                0       1084.63M 
3648204.ext+        0.00M               0          0.00M            0                0              0 

Job 3648204 completed at Sat Nov 20 16:08:39 CET 2021
Starting job 3648283 on c29-1 at Sat Nov 20 16:15:29 CET 2021

Copying Ru_ano-r3_pbe.out to /cluster/home/ambr/projects/zora/row5/calcs_gto_zora
Copying *.hess to /cluster/home/ambr/projects/zora/row5/calcs_gto_zora
rsync: link_stat "/cluster/work/jobs/3648283/*.hess" failed: No such file or directory (2)
rsync error: some files/attrs were not transferred (see previous errors) (code 23) at main.c(1179) [sender=3.1.2]
Copying Ru_ano-r3_pbe.gbw to /cluster/home/ambr/projects/zora/row5/calcs_gto_zora
Copying *.xyz to /cluster/home/ambr/projects/zora/row5/calcs_gto_zora
rsync: link_stat "/cluster/work/jobs/3648283/*.xyz" failed: No such file or directory (2)
rsync error: some files/attrs were not transferred (see previous errors) (code 23) at main.c(1179) [sender=3.1.2]

Task and CPU usage stats:
       JobID    JobName  AllocCPUS   NTasks     MinCPU MinCPUTask     AveCPU    Elapsed ExitCode 
------------ ---------- ---------- -------- ---------- ---------- ---------- ---------- -------- 
3648283      Ru_ano-r3+         32                                             01:00:51      0:0 
3648283.bat+      batch         32        1 1-04:31:09          0 1-04:31:09   01:00:51      0:0 
3648283.ext+     extern         32        1   00:00:00          0   00:00:00   01:00:51      0:0 

Memory usage stats:
       JobID     MaxRSS MaxRSSTask     AveRSS MaxPages   MaxPagesTask   AvePages 
------------ ---------- ---------- ---------- -------- -------------- ---------- 
3648283                                                                          
3648283.bat+  22064314K          0  22064314K       80              0          8 
3648283.ext+       123K          0       123K        1              0          1 

Disk usage stats:
       JobID  MaxDiskRead MaxDiskReadTask    AveDiskRead MaxDiskWrite MaxDiskWriteTask   AveDiskWrite 
------------ ------------ --------------- -------------- ------------ ---------------- -------------- 
3648283                                                                                               
3648283.bat+     1822.30M               0       1822.30M     1294.76M                0       1294.76M 
3648283.ext+        0.00M               0          0.00M            0                0              0 

Job 3648283 completed at Sat Nov 20 17:16:21 CET 2021
