Starting job 3648524 on c24-9 at Sat Nov 20 21:21:08 CET 2021


Task and CPU usage stats:
       JobID    JobName  AllocCPUS   NTasks     MinCPU MinCPUTask     AveCPU    Elapsed ExitCode 
------------ ---------- ---------- -------- ---------- ---------- ---------- ---------- -------- 
3648524      Ru_sarc-z+         32                                             00:00:07      0:0 
3648524.bat+      batch         32        1   00:00:00          0   00:00:00   00:00:09     0:15 
3648524.ext+     extern         32        1   00:00:00          0   00:00:00   00:00:08      0:0 

Memory usage stats:
       JobID     MaxRSS MaxRSSTask     AveRSS MaxPages   MaxPagesTask   AvePages 
------------ ---------- ---------- ---------- -------- -------------- ---------- 
3648524                                                                          
3648524.bat+       834K          0       834K        0              0          0 
3648524.ext+         4K          0         4K        0              0          0 

Disk usage stats:
       JobID  MaxDiskRead MaxDiskReadTask    AveDiskRead MaxDiskWrite MaxDiskWriteTask   AveDiskWrite 
------------ ------------ --------------- -------------- ------------ ---------------- -------------- 
3648524                                                                                               
3648524.bat+            0               0              0            0                0              0 
3648524.ext+        0.00M               0          0.00M            0                0              0 

Job 3648524 completed at Sat Nov 20 21:21:17 CET 2021
Starting job 3648560 on c66-2 at Sat Nov 20 21:22:44 CET 2021

Copying Ru_sarc-zora-tzvpp_pbe.out to /cluster/home/ambr/projects/zora/row5/calcs_gto_zora
Copying *.hess to /cluster/home/ambr/projects/zora/row5/calcs_gto_zora
rsync: link_stat "/cluster/work/jobs/3648560/*.hess" failed: No such file or directory (2)
rsync error: some files/attrs were not transferred (see previous errors) (code 23) at main.c(1179) [sender=3.1.2]
Copying Ru_sarc-zora-tzvpp_pbe.gbw to /cluster/home/ambr/projects/zora/row5/calcs_gto_zora
Copying *.xyz to /cluster/home/ambr/projects/zora/row5/calcs_gto_zora
rsync: link_stat "/cluster/work/jobs/3648560/*.xyz" failed: No such file or directory (2)
rsync error: some files/attrs were not transferred (see previous errors) (code 23) at main.c(1179) [sender=3.1.2]

Task and CPU usage stats:
       JobID    JobName  AllocCPUS   NTasks     MinCPU MinCPUTask     AveCPU    Elapsed ExitCode 
------------ ---------- ---------- -------- ---------- ---------- ---------- ---------- -------- 
3648560      Ru_sarc-z+         32                                             00:11:48      0:0 
3648560.bat+      batch         32        1   04:26:37          0   04:26:37   00:11:48      0:0 
3648560.ext+     extern         32        1   00:00:00          0   00:00:00   00:11:48      0:0 

Memory usage stats:
       JobID     MaxRSS MaxRSSTask     AveRSS MaxPages   MaxPagesTask   AvePages 
------------ ---------- ---------- ---------- -------- -------------- ---------- 
3648560                                                                          
3648560.bat+  10165649K          0  10165649K       76              0          8 
3648560.ext+       123K          0       123K        1              0          1 

Disk usage stats:
       JobID  MaxDiskRead MaxDiskReadTask    AveDiskRead MaxDiskWrite MaxDiskWriteTask   AveDiskWrite 
------------ ------------ --------------- -------------- ------------ ---------------- -------------- 
3648560                                                                                               
3648560.bat+     3601.81M               0       3601.81M     1002.23M                0       1002.23M 
3648560.ext+        0.00M               0          0.00M            0                0              0 

Job 3648560 completed at Sat Nov 20 21:34:33 CET 2021
