Starting job 3648205 on c27-6 at Sat Nov 20 14:33:30 CET 2021

Copying Sb_ano-r3_pbe.out to /cluster/home/ambr/projects/zora/row5/calcs_gto_zora
Copying *.hess to /cluster/home/ambr/projects/zora/row5/calcs_gto_zora
rsync: link_stat "/cluster/work/jobs/3648205/*.hess" failed: No such file or directory (2)
rsync error: some files/attrs were not transferred (see previous errors) (code 23) at main.c(1179) [sender=3.1.2]
Copying Sb_ano-r3_pbe.gbw to /cluster/home/ambr/projects/zora/row5/calcs_gto_zora
Copying *.xyz to /cluster/home/ambr/projects/zora/row5/calcs_gto_zora
rsync: link_stat "/cluster/work/jobs/3648205/*.xyz" failed: No such file or directory (2)
rsync error: some files/attrs were not transferred (see previous errors) (code 23) at main.c(1179) [sender=3.1.2]

Task and CPU usage stats:
       JobID    JobName  AllocCPUS   NTasks     MinCPU MinCPUTask     AveCPU    Elapsed ExitCode 
------------ ---------- ---------- -------- ---------- ---------- ---------- ---------- -------- 
3648205      Sb_ano-r3+         32                                             00:19:34      0:0 
3648205.bat+      batch         32        1   09:08:32          0   09:08:32   00:19:34      0:0 
3648205.ext+     extern         32        1   00:00:00          0   00:00:00   00:19:34      0:0 

Memory usage stats:
       JobID     MaxRSS MaxRSSTask     AveRSS MaxPages   MaxPagesTask   AvePages 
------------ ---------- ---------- ---------- -------- -------------- ---------- 
3648205                                                                          
3648205.bat+  21990965K          0  21990965K       77              0          8 
3648205.ext+       127K          0       127K        1              0          1 

Disk usage stats:
       JobID  MaxDiskRead MaxDiskReadTask    AveDiskRead MaxDiskWrite MaxDiskWriteTask   AveDiskWrite 
------------ ------------ --------------- -------------- ------------ ---------------- -------------- 
3648205                                                                                               
3648205.bat+     1285.97M               0       1285.97M     1278.00M                0       1278.00M 
3648205.ext+        0.00M               0          0.00M            0                0              0 

Job 3648205 completed at Sat Nov 20 14:53:07 CET 2021
