Starting job 3648525 on c66-2 at Sat Nov 20 21:21:08 CET 2021


Task and CPU usage stats:
       JobID    JobName  AllocCPUS   NTasks     MinCPU MinCPUTask     AveCPU    Elapsed ExitCode 
------------ ---------- ---------- -------- ---------- ---------- ---------- ---------- -------- 
3648525      Sb_sarc-z+         32                                             00:00:08      0:0 
3648525.bat+      batch         32        1                                    00:00:08      0:0 
3648525.ext+     extern         32        1   00:00:00          0   00:00:00   00:00:08      0:0 

Memory usage stats:
       JobID     MaxRSS MaxRSSTask     AveRSS MaxPages   MaxPagesTask   AvePages 
------------ ---------- ---------- ---------- -------- -------------- ---------- 
3648525                                                                          
3648525.bat+       834K          0       834K        0              0          0 
3648525.ext+         4K          0         4K        0              0          0 

Disk usage stats:
       JobID  MaxDiskRead MaxDiskReadTask    AveDiskRead MaxDiskWrite MaxDiskWriteTask   AveDiskWrite 
------------ ------------ --------------- -------------- ------------ ---------------- -------------- 
3648525                                                                                               
3648525.bat+            0               0              0            0                0              0 
3648525.ext+        0.00M               0          0.00M            0                0              0 

Job 3648525 completed at Sat Nov 20 21:21:16 CET 2021
Starting job 3648561 on c24-9 at Sat Nov 20 21:22:44 CET 2021

Copying Sb_sarc-zora-tzvpp_pbe.out to /cluster/home/ambr/projects/zora/row5/calcs_gto_zora
Copying *.hess to /cluster/home/ambr/projects/zora/row5/calcs_gto_zora
rsync: link_stat "/cluster/work/jobs/3648561/*.hess" failed: No such file or directory (2)
rsync error: some files/attrs were not transferred (see previous errors) (code 23) at main.c(1179) [sender=3.1.2]
Copying Sb_sarc-zora-tzvpp_pbe.gbw to /cluster/home/ambr/projects/zora/row5/calcs_gto_zora
Copying *.xyz to /cluster/home/ambr/projects/zora/row5/calcs_gto_zora
rsync: link_stat "/cluster/work/jobs/3648561/*.xyz" failed: No such file or directory (2)
rsync error: some files/attrs were not transferred (see previous errors) (code 23) at main.c(1179) [sender=3.1.2]

Task and CPU usage stats:
       JobID    JobName  AllocCPUS   NTasks     MinCPU MinCPUTask     AveCPU    Elapsed ExitCode 
------------ ---------- ---------- -------- ---------- ---------- ---------- ---------- -------- 
3648561      Sb_sarc-z+         32                                             00:04:23      0:0 
3648561.bat+      batch         32        1   01:01:14          0   01:01:14   00:04:23      0:0 
3648561.ext+     extern         32        1   00:00:00          0   00:00:00   00:04:23      0:0 

Memory usage stats:
       JobID     MaxRSS MaxRSSTask     AveRSS MaxPages   MaxPagesTask   AvePages 
------------ ---------- ---------- ---------- -------- -------------- ---------- 
3648561                                                                          
3648561.bat+  10101699K          0  10101699K       27              0          8 
3648561.ext+       119K          0       119K        1              0          1 

Disk usage stats:
       JobID  MaxDiskRead MaxDiskReadTask    AveDiskRead MaxDiskWrite MaxDiskWriteTask   AveDiskWrite 
------------ ------------ --------------- -------------- ------------ ---------------- -------------- 
3648561                                                                                               
3648561.bat+     1213.61M               0       1213.61M      860.18M                0        860.18M 
3648561.ext+        0.00M               0          0.00M            0                0              0 

Job 3648561 completed at Sat Nov 20 21:27:09 CET 2021
