Starting job 3648206 on c4-5 at Sat Nov 20 14:33:30 CET 2021

Copying Sn_ano-r3_pbe.out to /cluster/home/ambr/projects/zora/row5/calcs_gto_zora
Copying *.hess to /cluster/home/ambr/projects/zora/row5/calcs_gto_zora
rsync: link_stat "/cluster/work/jobs/3648206/*.hess" failed: No such file or directory (2)
rsync error: some files/attrs were not transferred (see previous errors) (code 23) at main.c(1179) [sender=3.1.2]
Copying Sn_ano-r3_pbe.gbw to /cluster/home/ambr/projects/zora/row5/calcs_gto_zora
Copying *.xyz to /cluster/home/ambr/projects/zora/row5/calcs_gto_zora
rsync: link_stat "/cluster/work/jobs/3648206/*.xyz" failed: No such file or directory (2)
rsync error: some files/attrs were not transferred (see previous errors) (code 23) at main.c(1179) [sender=3.1.2]

Task and CPU usage stats:
       JobID    JobName  AllocCPUS   NTasks     MinCPU MinCPUTask     AveCPU    Elapsed ExitCode 
------------ ---------- ---------- -------- ---------- ---------- ---------- ---------- -------- 
3648206      Sn_ano-r3+         32                                             00:55:19      0:0 
3648206.bat+      batch         32        1 1-03:08:57          0 1-03:08:57   00:55:19      0:0 
3648206.ext+     extern         32        1   00:00:00          0   00:00:00   00:55:19      0:0 

Memory usage stats:
       JobID     MaxRSS MaxRSSTask     AveRSS MaxPages   MaxPagesTask   AvePages 
------------ ---------- ---------- ---------- -------- -------------- ---------- 
3648206                                                                          
3648206.bat+  21984533K          0  21984533K       81              0          7 
3648206.ext+       141K          0       141K        1              0          1 

Disk usage stats:
       JobID  MaxDiskRead MaxDiskReadTask    AveDiskRead MaxDiskWrite MaxDiskWriteTask   AveDiskWrite 
------------ ------------ --------------- -------------- ------------ ---------------- -------------- 
3648206                                                                                               
3648206.bat+     1113.30M               0       1113.30M     1017.97M                0       1017.97M 
3648206.ext+        0.00M               0          0.00M            0                0              0 

Job 3648206 completed at Sat Nov 20 15:28:53 CET 2021
