Starting job 3648526 on c24-11 at Sat Nov 20 21:21:09 CET 2021


Task and CPU usage stats:
       JobID    JobName  AllocCPUS   NTasks     MinCPU MinCPUTask     AveCPU    Elapsed ExitCode 
------------ ---------- ---------- -------- ---------- ---------- ---------- ---------- -------- 
3648526      Sn_sarc-z+         32                                             00:00:08      0:0 
3648526.bat+      batch         32        1   00:00:00          0   00:00:00   00:00:09     0:15 
3648526.ext+     extern         32        1   00:00:00          0   00:00:00   00:00:08      0:0 

Memory usage stats:
       JobID     MaxRSS MaxRSSTask     AveRSS MaxPages   MaxPagesTask   AvePages 
------------ ---------- ---------- ---------- -------- -------------- ---------- 
3648526                                                                          
3648526.bat+       836K          0       836K        0              0          0 
3648526.ext+         4K          0         4K        0              0          0 

Disk usage stats:
       JobID  MaxDiskRead MaxDiskReadTask    AveDiskRead MaxDiskWrite MaxDiskWriteTask   AveDiskWrite 
------------ ------------ --------------- -------------- ------------ ---------------- -------------- 
3648526                                                                                               
3648526.bat+            0               0              0            0                0              0 
3648526.ext+        0.00M               0          0.00M            0                0              0 

Job 3648526 completed at Sat Nov 20 21:21:17 CET 2021
Starting job 3648562 on c66-6 at Sat Nov 20 21:22:44 CET 2021

Copying Sn_sarc-zora-tzvpp_pbe.out to /cluster/home/ambr/projects/zora/row5/calcs_gto_zora
Copying *.hess to /cluster/home/ambr/projects/zora/row5/calcs_gto_zora
rsync: link_stat "/cluster/work/jobs/3648562/*.hess" failed: No such file or directory (2)
rsync error: some files/attrs were not transferred (see previous errors) (code 23) at main.c(1179) [sender=3.1.2]
Copying Sn_sarc-zora-tzvpp_pbe.gbw to /cluster/home/ambr/projects/zora/row5/calcs_gto_zora
Copying *.xyz to /cluster/home/ambr/projects/zora/row5/calcs_gto_zora
rsync: link_stat "/cluster/work/jobs/3648562/*.xyz" failed: No such file or directory (2)
rsync error: some files/attrs were not transferred (see previous errors) (code 23) at main.c(1179) [sender=3.1.2]

Task and CPU usage stats:
       JobID    JobName  AllocCPUS   NTasks     MinCPU MinCPUTask     AveCPU    Elapsed ExitCode 
------------ ---------- ---------- -------- ---------- ---------- ---------- ---------- -------- 
3648562      Sn_sarc-z+         32                                             00:04:04      0:0 
3648562.bat+      batch         32        1   00:45:55          0   00:45:55   00:04:04      0:0 
3648562.ext+     extern         32        1   00:00:00          0   00:00:00   00:04:04      0:0 

Memory usage stats:
       JobID     MaxRSS MaxRSSTask     AveRSS MaxPages   MaxPagesTask   AvePages 
------------ ---------- ---------- ---------- -------- -------------- ---------- 
3648562                                                                          
3648562.bat+  13470506K          0  13470506K       49              0          2 
3648562.ext+       128K          0       128K        1              0          1 

Disk usage stats:
       JobID  MaxDiskRead MaxDiskReadTask    AveDiskRead MaxDiskWrite MaxDiskWriteTask   AveDiskWrite 
------------ ------------ --------------- -------------- ------------ ---------------- -------------- 
3648562                                                                                               
3648562.bat+     1232.83M               0       1232.83M      861.40M                0        861.40M 
3648562.ext+        0.00M               0          0.00M            0                0              0 

Job 3648562 completed at Sat Nov 20 21:26:51 CET 2021
