Starting job 3648207 on c40-8 at Sat Nov 20 14:33:30 CET 2021

Copying Sr_ano-r3_pbe.out to /cluster/home/ambr/projects/zora/row5/calcs_gto_zora
Copying *.hess to /cluster/home/ambr/projects/zora/row5/calcs_gto_zora
rsync: link_stat "/cluster/work/jobs/3648207/*.hess" failed: No such file or directory (2)
rsync error: some files/attrs were not transferred (see previous errors) (code 23) at main.c(1179) [sender=3.1.2]
Copying Sr_ano-r3_pbe.gbw to /cluster/home/ambr/projects/zora/row5/calcs_gto_zora
Copying *.xyz to /cluster/home/ambr/projects/zora/row5/calcs_gto_zora
rsync: link_stat "/cluster/work/jobs/3648207/*.xyz" failed: No such file or directory (2)
rsync error: some files/attrs were not transferred (see previous errors) (code 23) at main.c(1179) [sender=3.1.2]

Task and CPU usage stats:
       JobID    JobName  AllocCPUS   NTasks     MinCPU MinCPUTask     AveCPU    Elapsed ExitCode 
------------ ---------- ---------- -------- ---------- ---------- ---------- ---------- -------- 
3648207      Sr_ano-r3+         32                                             00:06:28      0:0 
3648207.bat+      batch         32        1   02:24:11          0   02:24:11   00:06:28      0:0 
3648207.ext+     extern         32        1   00:00:00          0   00:00:00   00:06:28      0:0 

Memory usage stats:
       JobID     MaxRSS MaxRSSTask     AveRSS MaxPages   MaxPagesTask   AvePages 
------------ ---------- ---------- ---------- -------- -------------- ---------- 
3648207                                                                          
3648207.bat+  19768079K          0  19768079K       79              0          8 
3648207.ext+       123K          0       123K        1              0          1 

Disk usage stats:
       JobID  MaxDiskRead MaxDiskReadTask    AveDiskRead MaxDiskWrite MaxDiskWriteTask   AveDiskWrite 
------------ ------------ --------------- -------------- ------------ ---------------- -------------- 
3648207                                                                                               
3648207.bat+     1078.33M               0       1078.33M      943.20M                0        943.20M 
3648207.ext+        0.00M               0          0.00M            0                0              0 

Job 3648207 completed at Sat Nov 20 14:39:58 CET 2021
