Starting job 3648527 on c66-6 at Sat Nov 20 21:21:10 CET 2021


Task and CPU usage stats:
       JobID    JobName  AllocCPUS   NTasks     MinCPU MinCPUTask     AveCPU    Elapsed ExitCode 
------------ ---------- ---------- -------- ---------- ---------- ---------- ---------- -------- 
3648527      Sr_sarc-z+         32                                             00:00:08      0:0 
3648527.bat+      batch         32        1   00:00:00          0   00:00:00   00:00:09     0:15 
3648527.ext+     extern         32        1   00:00:00          0   00:00:00   00:00:08      0:0 

Memory usage stats:
       JobID     MaxRSS MaxRSSTask     AveRSS MaxPages   MaxPagesTask   AvePages 
------------ ---------- ---------- ---------- -------- -------------- ---------- 
3648527                                                                          
3648527.bat+       836K          0       836K        0              0          0 
3648527.ext+         4K          0         4K        0              0          0 

Disk usage stats:
       JobID  MaxDiskRead MaxDiskReadTask    AveDiskRead MaxDiskWrite MaxDiskWriteTask   AveDiskWrite 
------------ ------------ --------------- -------------- ------------ ---------------- -------------- 
3648527                                                                                               
3648527.bat+            0               0              0            0                0              0 
3648527.ext+        0.00M               0          0.00M            0                0              0 

Job 3648527 completed at Sat Nov 20 21:21:17 CET 2021
Starting job 3648563 on c24-11 at Sat Nov 20 21:22:44 CET 2021

Copying Sr_sarc-zora-tzvpp_pbe.out to /cluster/home/ambr/projects/zora/row5/calcs_gto_zora
Copying *.hess to /cluster/home/ambr/projects/zora/row5/calcs_gto_zora
rsync: link_stat "/cluster/work/jobs/3648563/*.hess" failed: No such file or directory (2)
rsync error: some files/attrs were not transferred (see previous errors) (code 23) at main.c(1179) [sender=3.1.2]
Copying Sr_sarc-zora-tzvpp_pbe.gbw to /cluster/home/ambr/projects/zora/row5/calcs_gto_zora
Copying *.xyz to /cluster/home/ambr/projects/zora/row5/calcs_gto_zora
rsync: link_stat "/cluster/work/jobs/3648563/*.xyz" failed: No such file or directory (2)
rsync error: some files/attrs were not transferred (see previous errors) (code 23) at main.c(1179) [sender=3.1.2]

Task and CPU usage stats:
       JobID    JobName  AllocCPUS   NTasks     MinCPU MinCPUTask     AveCPU    Elapsed ExitCode 
------------ ---------- ---------- -------- ---------- ---------- ---------- ---------- -------- 
3648563      Sr_sarc-z+         32                                             00:04:12      0:0 
3648563.bat+      batch         32        1   00:40:04          0   00:40:04   00:04:12      0:0 
3648563.ext+     extern         32        1   00:00:00          0   00:00:00   00:04:12      0:0 

Memory usage stats:
       JobID     MaxRSS MaxRSSTask     AveRSS MaxPages   MaxPagesTask   AvePages 
------------ ---------- ---------- ---------- -------- -------------- ---------- 
3648563                                                                          
3648563.bat+  10056166K          0  10056166K       74              0          8 
3648563.ext+       123K          0       123K        1              0          1 

Disk usage stats:
       JobID  MaxDiskRead MaxDiskReadTask    AveDiskRead MaxDiskWrite MaxDiskWriteTask   AveDiskWrite 
------------ ------------ --------------- -------------- ------------ ---------------- -------------- 
3648563                                                                                               
3648563.bat+      965.10M               0        965.10M      841.81M                0        841.81M 
3648563.ext+        0.00M               0          0.00M            0                0              0 

Job 3648563 completed at Sat Nov 20 21:26:58 CET 2021
