Starting job 3648208 on c74-11 at Sat Nov 20 14:33:30 CET 2021


Task and CPU usage stats:
       JobID    JobName  AllocCPUS   NTasks     MinCPU MinCPUTask     AveCPU    Elapsed ExitCode 
------------ ---------- ---------- -------- ---------- ---------- ---------- ---------- -------- 
3648208      Tc_ano-r3+         32                                             01:35:07      0:0 
3648208.bat+      batch         32        1 2-00:56:59          0   00:00:00   01:35:09     0:15 
3648208.ext+     extern         32        1   00:00:00          0   00:00:00   01:35:07      0:0 

Memory usage stats:
       JobID     MaxRSS MaxRSSTask     AveRSS MaxPages   MaxPagesTask   AvePages 
------------ ---------- ---------- ---------- -------- -------------- ---------- 
3648208                                                                          
3648208.bat+  22193645K          0  22193645K       78              0          8 
3648208.ext+       119K          0       119K        1              0          1 

Disk usage stats:
       JobID  MaxDiskRead MaxDiskReadTask    AveDiskRead MaxDiskWrite MaxDiskWriteTask   AveDiskWrite 
------------ ------------ --------------- -------------- ------------ ---------------- -------------- 
3648208                                                                                               
3648208.bat+     2664.48M               0       2664.48M     1085.59M                0       1085.59M 
3648208.ext+        0.00M               0          0.00M            0                0              0 

Job 3648208 completed at Sat Nov 20 16:08:39 CET 2021
Starting job 3648282 on c74-7 at Sat Nov 20 16:15:29 CET 2021

Copying Tc_ano-r3_pbe.out to /cluster/home/ambr/projects/zora/row5/calcs_gto_zora
Copying *.hess to /cluster/home/ambr/projects/zora/row5/calcs_gto_zora
rsync: link_stat "/cluster/work/jobs/3648282/*.hess" failed: No such file or directory (2)
rsync error: some files/attrs were not transferred (see previous errors) (code 23) at main.c(1179) [sender=3.1.2]
Copying Tc_ano-r3_pbe.gbw to /cluster/home/ambr/projects/zora/row5/calcs_gto_zora
Copying *.xyz to /cluster/home/ambr/projects/zora/row5/calcs_gto_zora
rsync: link_stat "/cluster/work/jobs/3648282/*.xyz" failed: No such file or directory (2)
rsync error: some files/attrs were not transferred (see previous errors) (code 23) at main.c(1179) [sender=3.1.2]

Task and CPU usage stats:
       JobID    JobName  AllocCPUS   NTasks     MinCPU MinCPUTask     AveCPU    Elapsed ExitCode 
------------ ---------- ---------- -------- ---------- ---------- ---------- ---------- -------- 
3648282      Tc_ano-r3+         32                                             00:58:39      0:0 
3648282.bat+      batch         32        1 1-04:48:47          0 1-04:48:47   00:58:39      0:0 
3648282.ext+     extern         32        1   00:00:00          0   00:00:00   00:58:39      0:0 

Memory usage stats:
       JobID     MaxRSS MaxRSSTask     AveRSS MaxPages   MaxPagesTask   AvePages 
------------ ---------- ---------- ---------- -------- -------------- ---------- 
3648282                                                                          
3648282.bat+  22050590K          0  22050590K       80              0          4 
3648282.ext+       119K          0       119K        1              0          1 

Disk usage stats:
       JobID  MaxDiskRead MaxDiskReadTask    AveDiskRead MaxDiskWrite MaxDiskWriteTask   AveDiskWrite 
------------ ------------ --------------- -------------- ------------ ---------------- -------------- 
3648282                                                                                               
3648282.bat+     1667.13M               0       1667.13M     1023.10M                0       1023.10M 
3648282.ext+        0.00M               0          0.00M            0                0              0 

Job 3648282 completed at Sat Nov 20 17:14:14 CET 2021
