Starting job 3648528 on c25-6 at Sat Nov 20 21:21:08 CET 2021


Task and CPU usage stats:
       JobID    JobName  AllocCPUS   NTasks     MinCPU MinCPUTask     AveCPU    Elapsed ExitCode 
------------ ---------- ---------- -------- ---------- ---------- ---------- ---------- -------- 
3648528      Tc_sarc-z+         32                                             00:00:08      0:0 
3648528.bat+      batch         32        1   00:00:00          0   00:00:00   00:00:09     0:15 
3648528.ext+     extern         32        1   00:00:00          0   00:00:00   00:00:08      0:0 

Memory usage stats:
       JobID     MaxRSS MaxRSSTask     AveRSS MaxPages   MaxPagesTask   AvePages 
------------ ---------- ---------- ---------- -------- -------------- ---------- 
3648528                                                                          
3648528.bat+       834K          0       834K        0              0          0 
3648528.ext+         4K          0         4K        0              0          0 

Disk usage stats:
       JobID  MaxDiskRead MaxDiskReadTask    AveDiskRead MaxDiskWrite MaxDiskWriteTask   AveDiskWrite 
------------ ------------ --------------- -------------- ------------ ---------------- -------------- 
3648528                                                                                               
3648528.bat+            0               0              0            0                0              0 
3648528.ext+        0.00M               0          0.00M            0                0              0 

Job 3648528 completed at Sat Nov 20 21:21:17 CET 2021
Starting job 3648564 on c66-9 at Sat Nov 20 21:22:44 CET 2021

Copying Tc_sarc-zora-tzvpp_pbe.out to /cluster/home/ambr/projects/zora/row5/calcs_gto_zora
Copying *.hess to /cluster/home/ambr/projects/zora/row5/calcs_gto_zora
rsync: link_stat "/cluster/work/jobs/3648564/*.hess" failed: No such file or directory (2)
rsync error: some files/attrs were not transferred (see previous errors) (code 23) at main.c(1179) [sender=3.1.2]
Copying Tc_sarc-zora-tzvpp_pbe.gbw to /cluster/home/ambr/projects/zora/row5/calcs_gto_zora
Copying *.xyz to /cluster/home/ambr/projects/zora/row5/calcs_gto_zora
rsync: link_stat "/cluster/work/jobs/3648564/*.xyz" failed: No such file or directory (2)
rsync error: some files/attrs were not transferred (see previous errors) (code 23) at main.c(1179) [sender=3.1.2]

Task and CPU usage stats:
       JobID    JobName  AllocCPUS   NTasks     MinCPU MinCPUTask     AveCPU    Elapsed ExitCode 
------------ ---------- ---------- -------- ---------- ---------- ---------- ---------- -------- 
3648564      Tc_sarc-z+         32                                             00:11:29      0:0 
3648564.bat+      batch         32        1   04:33:48          0   04:33:48   00:11:29      0:0 
3648564.ext+     extern         32        1   00:00:00          0   00:00:00   00:11:29      0:0 

Memory usage stats:
       JobID     MaxRSS MaxRSSTask     AveRSS MaxPages   MaxPagesTask   AvePages 
------------ ---------- ---------- ---------- -------- -------------- ---------- 
3648564                                                                          
3648564.bat+  10152615K          0  10152615K       46              0          8 
3648564.ext+       123K          0       123K        1              0          1 

Disk usage stats:
       JobID  MaxDiskRead MaxDiskReadTask    AveDiskRead MaxDiskWrite MaxDiskWriteTask   AveDiskWrite 
------------ ------------ --------------- -------------- ------------ ---------------- -------------- 
3648564                                                                                               
3648564.bat+     4195.17M               0       4195.17M     1039.66M                0       1039.66M 
3648564.ext+        0.00M               0          0.00M            0                0              0 

Job 3648564 completed at Sat Nov 20 21:34:13 CET 2021
