Starting job 3675342 on c86-4 at Thu Dec 2 01:21:12 CET 2021

Copying Te_ano-rcc-vqzp_pbe.out to /cluster/home/ambr/projects/zora/row5/calcs_gto_zora
Copying *.hess to /cluster/home/ambr/projects/zora/row5/calcs_gto_zora
rsync: link_stat "/cluster/work/jobs/3675342/*.hess" failed: No such file or directory (2)
rsync error: some files/attrs were not transferred (see previous errors) (code 23) at main.c(1179) [sender=3.1.2]
Copying *.gbw to /cluster/home/ambr/projects/zora/row5/calcs_gto_zora
rsync: link_stat "/cluster/work/jobs/3675342/*.gbw" failed: No such file or directory (2)
rsync error: some files/attrs were not transferred (see previous errors) (code 23) at main.c(1179) [sender=3.1.2]
Copying *.xyz to /cluster/home/ambr/projects/zora/row5/calcs_gto_zora
rsync: link_stat "/cluster/work/jobs/3675342/*.xyz" failed: No such file or directory (2)
rsync error: some files/attrs were not transferred (see previous errors) (code 23) at main.c(1179) [sender=3.1.2]

Task and CPU usage stats:
       JobID    JobName  AllocCPUS   NTasks     MinCPU MinCPUTask     AveCPU    Elapsed ExitCode 
------------ ---------- ---------- -------- ---------- ---------- ---------- ---------- -------- 
3675342      Te_ano-rc+         32                                             00:00:08      0:0 
3675342.bat+      batch         32        1   00:00:00          0   00:00:00   00:00:08      0:0 
3675342.ext+     extern         32        1   00:00:00          0   00:00:00   00:00:08      0:0 

Memory usage stats:
       JobID     MaxRSS MaxRSSTask     AveRSS MaxPages   MaxPagesTask   AvePages 
------------ ---------- ---------- ---------- -------- -------------- ---------- 
3675342                                                                          
3675342.bat+       839K          0       839K        0              0          0 
3675342.ext+         4K          0         4K        0              0          0 

Disk usage stats:
       JobID  MaxDiskRead MaxDiskReadTask    AveDiskRead MaxDiskWrite MaxDiskWriteTask   AveDiskWrite 
------------ ------------ --------------- -------------- ------------ ---------------- -------------- 
3675342                                                                                               
3675342.bat+            0               0              0            0                0              0 
3675342.ext+        0.00M               0          0.00M            0                0              0 

Job 3675342 completed at Thu Dec 2 01:21:19 CET 2021
