Starting job 3648209 on c27-7 at Sat Nov 20 14:33:30 CET 2021

Copying Te_ano-r3_pbe.out to /cluster/home/ambr/projects/zora/row5/calcs_gto_zora
Copying *.hess to /cluster/home/ambr/projects/zora/row5/calcs_gto_zora
rsync: link_stat "/cluster/work/jobs/3648209/*.hess" failed: No such file or directory (2)
rsync error: some files/attrs were not transferred (see previous errors) (code 23) at main.c(1179) [sender=3.1.2]
Copying Te_ano-r3_pbe.gbw to /cluster/home/ambr/projects/zora/row5/calcs_gto_zora
Copying *.xyz to /cluster/home/ambr/projects/zora/row5/calcs_gto_zora
rsync: link_stat "/cluster/work/jobs/3648209/*.xyz" failed: No such file or directory (2)
rsync error: some files/attrs were not transferred (see previous errors) (code 23) at main.c(1179) [sender=3.1.2]

Task and CPU usage stats:
       JobID    JobName  AllocCPUS   NTasks     MinCPU MinCPUTask     AveCPU    Elapsed ExitCode 
------------ ---------- ---------- -------- ---------- ---------- ---------- ---------- -------- 
3648209      Te_ano-r3+         32                                             00:59:48      0:0 
3648209.bat+      batch         32        1 1-06:33:04          0 1-06:33:04   00:59:48      0:0 
3648209.ext+     extern         32        1   00:00:00          0   00:00:00   00:59:48      0:0 

Memory usage stats:
       JobID     MaxRSS MaxRSSTask     AveRSS MaxPages   MaxPagesTask   AvePages 
------------ ---------- ---------- ---------- -------- -------------- ---------- 
3648209                                                                          
3648209.bat+  21990108K          0  21990108K       78              0          8 
3648209.ext+       123K          0       123K        1              0          1 

Disk usage stats:
       JobID  MaxDiskRead MaxDiskReadTask    AveDiskRead MaxDiskWrite MaxDiskWriteTask   AveDiskWrite 
------------ ------------ --------------- -------------- ------------ ---------------- -------------- 
3648209                                                                                               
3648209.bat+     1232.70M               0       1232.70M     1078.39M                0       1078.39M 
3648209.ext+        0.00M               0          0.00M            0                0              0 

Job 3648209 completed at Sat Nov 20 15:33:19 CET 2021
