Starting job 3648529 on c39-1 at Sat Nov 20 21:21:08 CET 2021


Task and CPU usage stats:
       JobID    JobName  AllocCPUS   NTasks     MinCPU MinCPUTask     AveCPU    Elapsed ExitCode 
------------ ---------- ---------- -------- ---------- ---------- ---------- ---------- -------- 
3648529      Te_sarc-z+         32                                             00:00:08      0:0 
3648529.bat+      batch         32        1                                    00:00:08      0:0 
3648529.ext+     extern         32        1   00:00:00          0   00:00:00   00:00:08      0:0 

Memory usage stats:
       JobID     MaxRSS MaxRSSTask     AveRSS MaxPages   MaxPagesTask   AvePages 
------------ ---------- ---------- ---------- -------- -------------- ---------- 
3648529                                                                          
3648529.bat+       834K          0       834K        0              0          0 
3648529.ext+         4K          0         4K        0              0          0 

Disk usage stats:
       JobID  MaxDiskRead MaxDiskReadTask    AveDiskRead MaxDiskWrite MaxDiskWriteTask   AveDiskWrite 
------------ ------------ --------------- -------------- ------------ ---------------- -------------- 
3648529                                                                                               
3648529.bat+            0               0              0            0                0              0 
3648529.ext+        0.00M               0          0.00M            0                0              0 

Job 3648529 completed at Sat Nov 20 21:21:16 CET 2021
Starting job 3648565 on c25-6 at Sat Nov 20 21:22:44 CET 2021

Copying Te_sarc-zora-tzvpp_pbe.out to /cluster/home/ambr/projects/zora/row5/calcs_gto_zora
Copying *.hess to /cluster/home/ambr/projects/zora/row5/calcs_gto_zora
rsync: link_stat "/cluster/work/jobs/3648565/*.hess" failed: No such file or directory (2)
rsync error: some files/attrs were not transferred (see previous errors) (code 23) at main.c(1179) [sender=3.1.2]
Copying Te_sarc-zora-tzvpp_pbe.gbw to /cluster/home/ambr/projects/zora/row5/calcs_gto_zora
Copying *.xyz to /cluster/home/ambr/projects/zora/row5/calcs_gto_zora
rsync: link_stat "/cluster/work/jobs/3648565/*.xyz" failed: No such file or directory (2)
rsync error: some files/attrs were not transferred (see previous errors) (code 23) at main.c(1179) [sender=3.1.2]

Task and CPU usage stats:
       JobID    JobName  AllocCPUS   NTasks     MinCPU MinCPUTask     AveCPU    Elapsed ExitCode 
------------ ---------- ---------- -------- ---------- ---------- ---------- ---------- -------- 
3648565      Te_sarc-z+         32                                             00:02:59      0:0 
3648565.bat+      batch         32        1   00:15:51          0   00:15:51   00:02:59      0:0 
3648565.ext+     extern         32        1   00:00:00          0   00:00:00   00:02:59      0:0 

Memory usage stats:
       JobID     MaxRSS MaxRSSTask     AveRSS MaxPages   MaxPagesTask   AvePages 
------------ ---------- ---------- ---------- -------- -------------- ---------- 
3648565                                                                          
3648565.bat+  10097934K          0  10097934K       46              0          8 
3648565.ext+       119K          0       119K        1              0          1 

Disk usage stats:
       JobID  MaxDiskRead MaxDiskReadTask    AveDiskRead MaxDiskWrite MaxDiskWriteTask   AveDiskWrite 
------------ ------------ --------------- -------------- ------------ ---------------- -------------- 
3648565                                                                                               
3648565.bat+      862.06M               0        862.06M      837.34M                0        837.34M 
3648565.ext+        0.00M               0          0.00M            0                0              0 

Job 3648565 completed at Sat Nov 20 21:25:46 CET 2021
