Starting job 3675343 on c86-4 at Thu Dec 2 01:21:42 CET 2021

Copying Xe_ano-rcc-vqzp_pbe.out to /cluster/home/ambr/projects/zora/row5/calcs_gto_zora
Copying *.hess to /cluster/home/ambr/projects/zora/row5/calcs_gto_zora
rsync: link_stat "/cluster/work/jobs/3675343/*.hess" failed: No such file or directory (2)
rsync error: some files/attrs were not transferred (see previous errors) (code 23) at main.c(1179) [sender=3.1.2]
Copying *.gbw to /cluster/home/ambr/projects/zora/row5/calcs_gto_zora
rsync: link_stat "/cluster/work/jobs/3675343/*.gbw" failed: No such file or directory (2)
rsync error: some files/attrs were not transferred (see previous errors) (code 23) at main.c(1179) [sender=3.1.2]
Copying *.xyz to /cluster/home/ambr/projects/zora/row5/calcs_gto_zora
rsync: link_stat "/cluster/work/jobs/3675343/*.xyz" failed: No such file or directory (2)
rsync error: some files/attrs were not transferred (see previous errors) (code 23) at main.c(1179) [sender=3.1.2]

Task and CPU usage stats:
       JobID    JobName  AllocCPUS   NTasks     MinCPU MinCPUTask     AveCPU    Elapsed ExitCode 
------------ ---------- ---------- -------- ---------- ---------- ---------- ---------- -------- 
3675343      Xe_ano-rc+         32                                             00:00:11      0:0 
3675343.bat+      batch         32        1   00:00:00          0   00:00:00   00:00:11      0:0 
3675343.ext+     extern         32        1   00:00:00          0   00:00:00   00:00:11      0:0 

Memory usage stats:
       JobID     MaxRSS MaxRSSTask     AveRSS MaxPages   MaxPagesTask   AvePages 
------------ ---------- ---------- ---------- -------- -------------- ---------- 
3675343                                                                          
3675343.bat+       839K          0       839K        0              0          0 
3675343.ext+         4K          0         4K        0              0          0 

Disk usage stats:
       JobID  MaxDiskRead MaxDiskReadTask    AveDiskRead MaxDiskWrite MaxDiskWriteTask   AveDiskWrite 
------------ ------------ --------------- -------------- ------------ ---------------- -------------- 
3675343                                                                                               
3675343.bat+            0               0              0            0                0              0 
3675343.ext+        0.00M               0          0.00M            0                0              0 

Job 3675343 completed at Thu Dec 2 01:21:53 CET 2021
Starting job 3675612 on c61-4 at Thu Dec 2 09:49:47 CET 2021

Copying Xe_ano-rcc-vqzp_pbe.out to /cluster/home/ambr/projects/zora/row5/calcs_gto_zora
Copying *.hess to /cluster/home/ambr/projects/zora/row5/calcs_gto_zora
rsync: link_stat "/cluster/work/jobs/3675612/*.hess" failed: No such file or directory (2)
rsync error: some files/attrs were not transferred (see previous errors) (code 23) at main.c(1179) [sender=3.1.2]
Copying Xe_ano-rcc-vqzp_pbe.gbw to /cluster/home/ambr/projects/zora/row5/calcs_gto_zora
Copying *.xyz to /cluster/home/ambr/projects/zora/row5/calcs_gto_zora
rsync: link_stat "/cluster/work/jobs/3675612/*.xyz" failed: No such file or directory (2)
rsync error: some files/attrs were not transferred (see previous errors) (code 23) at main.c(1179) [sender=3.1.2]

Task and CPU usage stats:
       JobID    JobName  AllocCPUS   NTasks     MinCPU MinCPUTask     AveCPU    Elapsed ExitCode 
------------ ---------- ---------- -------- ---------- ---------- ---------- ---------- -------- 
3675612      Xe_ano-rc+         32                                             00:11:32      0:0 
3675612.bat+      batch         32        1   05:31:25          0   05:31:25   00:11:32      0:0 
3675612.ext+     extern         32        1   00:00:00          0   00:00:00   00:11:32      0:0 

Memory usage stats:
       JobID     MaxRSS MaxRSSTask     AveRSS MaxPages   MaxPagesTask   AvePages 
------------ ---------- ---------- ---------- -------- -------------- ---------- 
3675612                                                                          
3675612.bat+  19330.50M          0  19330.50M       81              0          8 
3675612.ext+       140K          0       140K        7              0          7 

Disk usage stats:
       JobID  MaxDiskRead MaxDiskReadTask    AveDiskRead MaxDiskWrite MaxDiskWriteTask   AveDiskWrite 
------------ ------------ --------------- -------------- ------------ ---------------- -------------- 
3675612                                                                                               
3675612.bat+     1618.88M               0       1618.88M     1244.82M                0       1244.82M 
3675612.ext+        0.00M               0          0.00M            0                0              0 

Job 3675612 completed at Thu Dec 2 10:01:19 CET 2021
