Starting job 3648210 on c4-6 at Sat Nov 20 14:33:30 CET 2021

Copying Xe_ano-r3_pbe.out to /cluster/home/ambr/projects/zora/row5/calcs_gto_zora
Copying *.hess to /cluster/home/ambr/projects/zora/row5/calcs_gto_zora
rsync: link_stat "/cluster/work/jobs/3648210/*.hess" failed: No such file or directory (2)
rsync error: some files/attrs were not transferred (see previous errors) (code 23) at main.c(1179) [sender=3.1.2]
Copying Xe_ano-r3_pbe.gbw to /cluster/home/ambr/projects/zora/row5/calcs_gto_zora
Copying *.xyz to /cluster/home/ambr/projects/zora/row5/calcs_gto_zora
rsync: link_stat "/cluster/work/jobs/3648210/*.xyz" failed: No such file or directory (2)
rsync error: some files/attrs were not transferred (see previous errors) (code 23) at main.c(1179) [sender=3.1.2]

Task and CPU usage stats:
       JobID    JobName  AllocCPUS   NTasks     MinCPU MinCPUTask     AveCPU    Elapsed ExitCode 
------------ ---------- ---------- -------- ---------- ---------- ---------- ---------- -------- 
3648210      Xe_ano-r3+         32                                             00:24:35      0:0 
3648210.bat+      batch         32        1   11:57:12          0   11:57:12   00:24:35      0:0 
3648210.ext+     extern         32        1   00:00:00          0   00:00:00   00:24:36      0:0 

Memory usage stats:
       JobID     MaxRSS MaxRSSTask     AveRSS MaxPages   MaxPagesTask   AvePages 
------------ ---------- ---------- ---------- -------- -------------- ---------- 
3648210                                                                          
3648210.bat+  22003810K          0  22003810K       77              0          8 
3648210.ext+       119K          0       119K        1              0          1 

Disk usage stats:
       JobID  MaxDiskRead MaxDiskReadTask    AveDiskRead MaxDiskWrite MaxDiskWriteTask   AveDiskWrite 
------------ ------------ --------------- -------------- ------------ ---------------- -------------- 
3648210                                                                                               
3648210.bat+     1579.85M               0       1579.85M     1252.68M                0       1252.68M 
3648210.ext+        0.00M               0          0.00M            0                0              0 

Job 3648210 completed at Sat Nov 20 14:58:06 CET 2021
