Starting job 3648530 on c66-9 at Sat Nov 20 21:21:08 CET 2021


Task and CPU usage stats:
       JobID    JobName  AllocCPUS   NTasks     MinCPU MinCPUTask     AveCPU    Elapsed ExitCode 
------------ ---------- ---------- -------- ---------- ---------- ---------- ---------- -------- 
3648530      Xe_sarc-z+         32                                             00:00:08      0:0 
3648530.bat+      batch         32        1                                    00:00:08      0:0 
3648530.ext+     extern         32        1   00:00:00          0   00:00:00   00:00:08      0:0 

Memory usage stats:
       JobID     MaxRSS MaxRSSTask     AveRSS MaxPages   MaxPagesTask   AvePages 
------------ ---------- ---------- ---------- -------- -------------- ---------- 
3648530                                                                          
3648530.bat+       836K          0       836K        0              0          0 
3648530.ext+         4K          0         4K        0              0          0 

Disk usage stats:
       JobID  MaxDiskRead MaxDiskReadTask    AveDiskRead MaxDiskWrite MaxDiskWriteTask   AveDiskWrite 
------------ ------------ --------------- -------------- ------------ ---------------- -------------- 
3648530                                                                                               
3648530.bat+            0               0              0            0                0              0 
3648530.ext+        0.00M               0          0.00M            0                0              0 

Job 3648530 completed at Sat Nov 20 21:21:16 CET 2021
Starting job 3648566 on c39-1 at Sat Nov 20 21:22:44 CET 2021

Copying Xe_sarc-zora-tzvpp_pbe.out to /cluster/home/ambr/projects/zora/row5/calcs_gto_zora
Copying *.hess to /cluster/home/ambr/projects/zora/row5/calcs_gto_zora
rsync: link_stat "/cluster/work/jobs/3648566/*.hess" failed: No such file or directory (2)
rsync error: some files/attrs were not transferred (see previous errors) (code 23) at main.c(1179) [sender=3.1.2]
Copying Xe_sarc-zora-tzvpp_pbe.gbw to /cluster/home/ambr/projects/zora/row5/calcs_gto_zora
Copying *.xyz to /cluster/home/ambr/projects/zora/row5/calcs_gto_zora
rsync: link_stat "/cluster/work/jobs/3648566/*.xyz" failed: No such file or directory (2)
rsync error: some files/attrs were not transferred (see previous errors) (code 23) at main.c(1179) [sender=3.1.2]

Task and CPU usage stats:
       JobID    JobName  AllocCPUS   NTasks     MinCPU MinCPUTask     AveCPU    Elapsed ExitCode 
------------ ---------- ---------- -------- ---------- ---------- ---------- ---------- -------- 
3648566      Xe_sarc-z+         32                                             00:02:54      0:0 
3648566.bat+      batch         32        1   00:11:40          0   00:11:40   00:02:54      0:0 
3648566.ext+     extern         32        1   00:00:00          0   00:00:00   00:02:54      0:0 

Memory usage stats:
       JobID     MaxRSS MaxRSSTask     AveRSS MaxPages   MaxPagesTask   AvePages 
------------ ---------- ---------- ---------- -------- -------------- ---------- 
3648566                                                                          
3648566.bat+  10065293K          0  10065293K       27              0          8 
3648566.ext+       119K          0       119K        1              0          1 

Disk usage stats:
       JobID  MaxDiskRead MaxDiskReadTask    AveDiskRead MaxDiskWrite MaxDiskWriteTask   AveDiskWrite 
------------ ------------ --------------- -------------- ------------ ---------------- -------------- 
3648566                                                                                               
3648566.bat+      782.90M               0        782.90M      831.62M                0        831.62M 
3648566.ext+        0.00M               0          0.00M            0                0              0 

Job 3648566 completed at Sat Nov 20 21:25:38 CET 2021
