Starting job 3648446 on c40-3 at Sat Nov 20 20:54:54 CET 2021

Copying Xe_ugbs_pbe.out to /cluster/home/ambr/projects/zora/row5/calcs_gto_zora
Copying *.hess to /cluster/home/ambr/projects/zora/row5/calcs_gto_zora
rsync: link_stat "/cluster/work/jobs/3648446/*.hess" failed: No such file or directory (2)
rsync error: some files/attrs were not transferred (see previous errors) (code 23) at main.c(1179) [sender=3.1.2]
Copying *.gbw to /cluster/home/ambr/projects/zora/row5/calcs_gto_zora
rsync: link_stat "/cluster/work/jobs/3648446/*.gbw" failed: No such file or directory (2)
rsync error: some files/attrs were not transferred (see previous errors) (code 23) at main.c(1179) [sender=3.1.2]
Copying *.xyz to /cluster/home/ambr/projects/zora/row5/calcs_gto_zora
rsync: link_stat "/cluster/work/jobs/3648446/*.xyz" failed: No such file or directory (2)
rsync error: some files/attrs were not transferred (see previous errors) (code 23) at main.c(1179) [sender=3.1.2]

Task and CPU usage stats:
       JobID    JobName  AllocCPUS   NTasks     MinCPU MinCPUTask     AveCPU    Elapsed ExitCode 
------------ ---------- ---------- -------- ---------- ---------- ---------- ---------- -------- 
3648446      Xe_ugbs_p+         32                                             00:00:08      0:0 
3648446.bat+      batch         32        1   00:00:00          0   00:00:00   00:00:08      0:0 
3648446.ext+     extern         32        1   00:00:00          0   00:00:00   00:00:08      0:0 

Memory usage stats:
       JobID     MaxRSS MaxRSSTask     AveRSS MaxPages   MaxPagesTask   AvePages 
------------ ---------- ---------- ---------- -------- -------------- ---------- 
3648446                                                                          
3648446.bat+       830K          0       830K        0              0          0 
3648446.ext+         4K          0         4K        0              0          0 

Disk usage stats:
       JobID  MaxDiskRead MaxDiskReadTask    AveDiskRead MaxDiskWrite MaxDiskWriteTask   AveDiskWrite 
------------ ------------ --------------- -------------- ------------ ---------------- -------------- 
3648446                                                                                               
3648446.bat+            0               0              0            0                0              0 
3648446.ext+        0.00M               0          0.00M            0                0              0 

Job 3648446 completed at Sat Nov 20 20:55:01 CET 2021
Starting job 3648482 on c40-3 at Sat Nov 20 20:56:06 CET 2021

Copying Xe_ugbs_pbe.out to /cluster/home/ambr/projects/zora/row5/calcs_gto_zora
Copying *.hess to /cluster/home/ambr/projects/zora/row5/calcs_gto_zora
rsync: link_stat "/cluster/work/jobs/3648482/*.hess" failed: No such file or directory (2)
rsync error: some files/attrs were not transferred (see previous errors) (code 23) at main.c(1179) [sender=3.1.2]
Copying Xe_ugbs_pbe.gbw to /cluster/home/ambr/projects/zora/row5/calcs_gto_zora
Copying *.xyz to /cluster/home/ambr/projects/zora/row5/calcs_gto_zora
rsync: link_stat "/cluster/work/jobs/3648482/*.xyz" failed: No such file or directory (2)
rsync error: some files/attrs were not transferred (see previous errors) (code 23) at main.c(1179) [sender=3.1.2]

Task and CPU usage stats:
       JobID    JobName  AllocCPUS   NTasks     MinCPU MinCPUTask     AveCPU    Elapsed ExitCode 
------------ ---------- ---------- -------- ---------- ---------- ---------- ---------- -------- 
3648482      Xe_ugbs_p+         32                                             00:04:18      0:0 
3648482.bat+      batch         32        1   01:16:56          0   01:16:56   00:04:18      0:0 
3648482.ext+     extern         32        1   00:00:00          0   00:00:00   00:04:18      0:0 

Memory usage stats:
       JobID     MaxRSS MaxRSSTask     AveRSS MaxPages   MaxPagesTask   AvePages 
------------ ---------- ---------- ---------- -------- -------------- ---------- 
3648482                                                                          
3648482.bat+  10221444K          0  10221444K       44              0          8 
3648482.ext+       118K          0       118K        1              0          1 

Disk usage stats:
       JobID  MaxDiskRead MaxDiskReadTask    AveDiskRead MaxDiskWrite MaxDiskWriteTask   AveDiskWrite 
------------ ------------ --------------- -------------- ------------ ---------------- -------------- 
3648482                                                                                               
3648482.bat+     4177.92M               0       4177.92M     1296.30M                0       1296.30M 
3648482.ext+        0.00M               0          0.00M            0                0              0 

Job 3648482 completed at Sat Nov 20 21:00:24 CET 2021
Starting job 3675321 on c53-7 at Wed Dec 1 22:58:08 CET 2021

Copying Xe_ugbs_pbe.out to /cluster/home/ambr/projects/zora/row5/calcs_gto_zora
Copying *.hess to /cluster/home/ambr/projects/zora/row5/calcs_gto_zora
rsync: link_stat "/cluster/work/jobs/3675321/*.hess" failed: No such file or directory (2)
rsync error: some files/attrs were not transferred (see previous errors) (code 23) at main.c(1179) [sender=3.1.2]
Copying Xe_ugbs_pbe.gbw to /cluster/home/ambr/projects/zora/row5/calcs_gto_zora
Copying *.xyz to /cluster/home/ambr/projects/zora/row5/calcs_gto_zora
rsync: link_stat "/cluster/work/jobs/3675321/*.xyz" failed: No such file or directory (2)
rsync error: some files/attrs were not transferred (see previous errors) (code 23) at main.c(1179) [sender=3.1.2]

Task and CPU usage stats:
       JobID    JobName  AllocCPUS   NTasks     MinCPU MinCPUTask     AveCPU    Elapsed ExitCode 
------------ ---------- ---------- -------- ---------- ---------- ---------- ---------- -------- 
3675321      Xe_ugbs_p+         32                                             00:00:33      0:0 
3675321.bat+      batch         32        1   00:00:21          0   00:00:21   00:00:33      0:0 
3675321.ext+     extern         32        1   00:00:00          0   00:00:00   00:00:33      0:0 

Memory usage stats:
       JobID     MaxRSS MaxRSSTask     AveRSS MaxPages   MaxPagesTask   AvePages 
------------ ---------- ---------- ---------- -------- -------------- ---------- 
3675321                                                                          
3675321.bat+   9774289K          0   9774289K        8              0          8 
3675321.ext+       136K          0       136K        1              0          1 

Disk usage stats:
       JobID  MaxDiskRead MaxDiskReadTask    AveDiskRead MaxDiskWrite MaxDiskWriteTask   AveDiskWrite 
------------ ------------ --------------- -------------- ------------ ---------------- -------------- 
3675321                                                                                               
3675321.bat+     3774.73M               0       3774.73M     1272.85M                0       1272.85M 
3675321.ext+        0.00M               0          0.00M            0                0              0 

Job 3675321 completed at Wed Dec 1 22:58:41 CET 2021
Starting job 3675652 on c3-8 at Thu Dec 2 09:30:54 CET 2021

Copying Xe_ugbs_pbe.out to /cluster/home/ambr/projects/zora/row5/calcs_gto_zora
Copying *.hess to /cluster/home/ambr/projects/zora/row5/calcs_gto_zora
rsync: link_stat "/cluster/work/jobs/3675652/*.hess" failed: No such file or directory (2)
rsync error: some files/attrs were not transferred (see previous errors) (code 23) at main.c(1179) [sender=3.1.2]
Copying Xe_ugbs_pbe.gbw to /cluster/home/ambr/projects/zora/row5/calcs_gto_zora
Copying *.xyz to /cluster/home/ambr/projects/zora/row5/calcs_gto_zora
rsync: link_stat "/cluster/work/jobs/3675652/*.xyz" failed: No such file or directory (2)
rsync error: some files/attrs were not transferred (see previous errors) (code 23) at main.c(1179) [sender=3.1.2]

Task and CPU usage stats:
       JobID    JobName  AllocCPUS   NTasks     MinCPU MinCPUTask     AveCPU    Elapsed ExitCode 
------------ ---------- ---------- -------- ---------- ---------- ---------- ---------- -------- 
3675652      Xe_ugbs_p+         32                                             00:01:19      0:0 
3675652.bat+      batch         32        1   00:13:04          0   00:13:04   00:01:19      0:0 
3675652.ext+     extern         32        1   00:00:00          0   00:00:00   00:01:19      0:0 

Memory usage stats:
       JobID     MaxRSS MaxRSSTask     AveRSS MaxPages   MaxPagesTask   AvePages 
------------ ---------- ---------- ---------- -------- -------------- ---------- 
3675652                                                                          
3675652.bat+  10255411K          0  10255411K        8              0          8 
3675652.ext+       137K          0       137K        1              0          1 

Disk usage stats:
       JobID  MaxDiskRead MaxDiskReadTask    AveDiskRead MaxDiskWrite MaxDiskWriteTask   AveDiskWrite 
------------ ------------ --------------- -------------- ------------ ---------------- -------------- 
3675652                                                                                               
3675652.bat+     2734.88M               0       2734.88M      949.95M                0        949.95M 
3675652.ext+        0.00M               0          0.00M            0                0              0 

Job 3675652 completed at Thu Dec 2 09:32:13 CET 2021
Starting job 3675654 on c3-8 at Thu Dec 2 09:34:01 CET 2021

Copying Xe_ugbs_pbe.out to /cluster/home/ambr/projects/zora/row5/calcs_gto_zora
Copying *.hess to /cluster/home/ambr/projects/zora/row5/calcs_gto_zora
rsync: link_stat "/cluster/work/jobs/3675654/*.hess" failed: No such file or directory (2)
rsync error: some files/attrs were not transferred (see previous errors) (code 23) at main.c(1179) [sender=3.1.2]
Copying Xe_ugbs_pbe.gbw to /cluster/home/ambr/projects/zora/row5/calcs_gto_zora
Copying *.xyz to /cluster/home/ambr/projects/zora/row5/calcs_gto_zora
rsync: link_stat "/cluster/work/jobs/3675654/*.xyz" failed: No such file or directory (2)
rsync error: some files/attrs were not transferred (see previous errors) (code 23) at main.c(1179) [sender=3.1.2]

Task and CPU usage stats:
       JobID    JobName  AllocCPUS   NTasks     MinCPU MinCPUTask     AveCPU    Elapsed ExitCode 
------------ ---------- ---------- -------- ---------- ---------- ---------- ---------- -------- 
3675654      Xe_ugbs_p+         32                                             00:00:54      0:0 
3675654.bat+      batch         32        1   00:00:21          0   00:00:21   00:00:54      0:0 
3675654.ext+     extern         32        1   00:00:00          0   00:00:00   00:00:54      0:0 

Memory usage stats:
       JobID     MaxRSS MaxRSSTask     AveRSS MaxPages   MaxPagesTask   AvePages 
------------ ---------- ---------- ---------- -------- -------------- ---------- 
3675654                                                                          
3675654.bat+   9806260K          0   9806260K        8              0          8 
3675654.ext+       137K          0       137K        1              0          1 

Disk usage stats:
       JobID  MaxDiskRead MaxDiskReadTask    AveDiskRead MaxDiskWrite MaxDiskWriteTask   AveDiskWrite 
------------ ------------ --------------- -------------- ------------ ---------------- -------------- 
3675654                                                                                               
3675654.bat+       98.81M               0         98.81M      530.80M                0        530.80M 
3675654.ext+        0.00M               0          0.00M            0                0              0 

Job 3675654 completed at Thu Dec 2 09:34:54 CET 2021
Starting job 3675659 on c5-1 at Thu Dec 2 09:35:14 CET 2021


Task and CPU usage stats:
       JobID    JobName  AllocCPUS   NTasks     MinCPU MinCPUTask     AveCPU    Elapsed ExitCode 
------------ ---------- ---------- -------- ---------- ---------- ---------- ---------- -------- 
3675659      Xe_ugbs_p+         32                                             00:00:33      0:0 
3675659.bat+      batch         32        1   00:06:54          0   00:00:00   00:00:36     0:15 
3675659.ext+     extern         32        1   00:00:00          0   00:00:00   00:00:33      0:0 

Memory usage stats:
       JobID     MaxRSS MaxRSSTask     AveRSS MaxPages   MaxPagesTask   AvePages 
------------ ---------- ---------- ---------- -------- -------------- ---------- 
3675659                                                                          
3675659.bat+  10270083K          0  10270083K        8              0          8 
3675659.ext+       141K          0       141K        1              0          1 

Disk usage stats:
       JobID  MaxDiskRead MaxDiskReadTask    AveDiskRead MaxDiskWrite MaxDiskWriteTask   AveDiskWrite 
------------ ------------ --------------- -------------- ------------ ---------------- -------------- 
3675659                                                                                               
3675659.bat+     1386.77M               0       1386.77M      868.08M                0        868.08M 
3675659.ext+        0.00M               0          0.00M            0                0              0 

Job 3675659 completed at Thu Dec 2 09:35:51 CET 2021
Starting job 3675664 on c3-8 at Thu Dec 2 09:37:09 CET 2021

Copying Xe_ugbs_pbe.out to /cluster/home/ambr/projects/zora/row5/calcs_gto_zora
Copying *.hess to /cluster/home/ambr/projects/zora/row5/calcs_gto_zora
rsync: link_stat "/cluster/work/jobs/3675664/*.hess" failed: No such file or directory (2)
rsync error: some files/attrs were not transferred (see previous errors) (code 23) at main.c(1179) [sender=3.1.2]
Copying Xe_ugbs_pbe.gbw to /cluster/home/ambr/projects/zora/row5/calcs_gto_zora
Copying *.xyz to /cluster/home/ambr/projects/zora/row5/calcs_gto_zora
rsync: link_stat "/cluster/work/jobs/3675664/*.xyz" failed: No such file or directory (2)
rsync error: some files/attrs were not transferred (see previous errors) (code 23) at main.c(1179) [sender=3.1.2]

Task and CPU usage stats:
       JobID    JobName  AllocCPUS   NTasks     MinCPU MinCPUTask     AveCPU    Elapsed ExitCode 
------------ ---------- ---------- -------- ---------- ---------- ---------- ---------- -------- 
3675664      Xe_ugbs_p+         32                                             00:00:04      0:0 
3675664.bat+      batch         32        1   00:00:00          0   00:00:00   00:00:04      0:0 
3675664.ext+     extern         32        1   00:00:00          0   00:00:00   00:00:04      0:0 

Memory usage stats:
       JobID     MaxRSS MaxRSSTask     AveRSS MaxPages   MaxPagesTask   AvePages 
------------ ---------- ---------- ---------- -------- -------------- ---------- 
3675664                                                                          
3675664.bat+       760K          0       760K        0              0          0 
3675664.ext+         4K          0         4K        0              0          0 

Disk usage stats:
       JobID  MaxDiskRead MaxDiskReadTask    AveDiskRead MaxDiskWrite MaxDiskWriteTask   AveDiskWrite 
------------ ------------ --------------- -------------- ------------ ---------------- -------------- 
3675664                                                                                               
3675664.bat+            0               0              0            0                0              0 
3675664.ext+        0.00M               0          0.00M            0                0              0 

Job 3675664 completed at Thu Dec 2 09:37:13 CET 2021
Starting job 3675665 on c3-8 at Thu Dec 2 09:37:45 CET 2021

Copying Xe_ugbs_pbe.out to /cluster/home/ambr/projects/zora/row5/calcs_gto_zora
Copying *.hess to /cluster/home/ambr/projects/zora/row5/calcs_gto_zora
rsync: link_stat "/cluster/work/jobs/3675665/*.hess" failed: No such file or directory (2)
rsync error: some files/attrs were not transferred (see previous errors) (code 23) at main.c(1179) [sender=3.1.2]
Copying Xe_ugbs_pbe.gbw to /cluster/home/ambr/projects/zora/row5/calcs_gto_zora
Copying *.xyz to /cluster/home/ambr/projects/zora/row5/calcs_gto_zora
rsync: link_stat "/cluster/work/jobs/3675665/*.xyz" failed: No such file or directory (2)
rsync error: some files/attrs were not transferred (see previous errors) (code 23) at main.c(1179) [sender=3.1.2]

Task and CPU usage stats:
       JobID    JobName  AllocCPUS   NTasks     MinCPU MinCPUTask     AveCPU    Elapsed ExitCode 
------------ ---------- ---------- -------- ---------- ---------- ---------- ---------- -------- 
3675665      Xe_ugbs_p+         32                                             00:00:24      0:0 
3675665.bat+      batch         32        1   00:00:00          0   00:00:00   00:00:24      0:0 
3675665.ext+     extern         32        1   00:00:00          0   00:00:00   00:00:24      0:0 

Memory usage stats:
       JobID     MaxRSS MaxRSSTask     AveRSS MaxPages   MaxPagesTask   AvePages 
------------ ---------- ---------- ---------- -------- -------------- ---------- 
3675665                                                                          
3675665.bat+       760K          0       760K        0              0          0 
3675665.ext+         4K          0         4K        0              0          0 

Disk usage stats:
       JobID  MaxDiskRead MaxDiskReadTask    AveDiskRead MaxDiskWrite MaxDiskWriteTask   AveDiskWrite 
------------ ------------ --------------- -------------- ------------ ---------------- -------------- 
3675665                                                                                               
3675665.bat+            0               0              0            0                0              0 
3675665.ext+        0.00M               0          0.00M            0                0              0 

Job 3675665 completed at Thu Dec 2 09:38:10 CET 2021
Starting job 3675670 on c3-8 at Thu Dec 2 09:39:02 CET 2021

Copying Xe_ugbs_pbe.out to /cluster/home/ambr/projects/zora/row5/calcs_gto_zora
Copying *.hess to /cluster/home/ambr/projects/zora/row5/calcs_gto_zora
rsync: link_stat "/cluster/work/jobs/3675670/*.hess" failed: No such file or directory (2)
rsync error: some files/attrs were not transferred (see previous errors) (code 23) at main.c(1179) [sender=3.1.2]
Copying Xe_ugbs_pbe.gbw to /cluster/home/ambr/projects/zora/row5/calcs_gto_zora
Copying *.xyz to /cluster/home/ambr/projects/zora/row5/calcs_gto_zora
rsync: link_stat "/cluster/work/jobs/3675670/*.xyz" failed: No such file or directory (2)
rsync error: some files/attrs were not transferred (see previous errors) (code 23) at main.c(1179) [sender=3.1.2]

Task and CPU usage stats:
       JobID    JobName  AllocCPUS   NTasks     MinCPU MinCPUTask     AveCPU    Elapsed ExitCode 
------------ ---------- ---------- -------- ---------- ---------- ---------- ---------- -------- 
3675670      Xe_ugbs_p+         32                                             00:00:45      0:0 
3675670.bat+      batch         32        1   00:06:57          0   00:06:57   00:00:45      0:0 
3675670.ext+     extern         32        1   00:00:00          0   00:00:00   00:00:45      0:0 

Memory usage stats:
       JobID     MaxRSS MaxRSSTask     AveRSS MaxPages   MaxPagesTask   AvePages 
------------ ---------- ---------- ---------- -------- -------------- ---------- 
3675670                                                                          
3675670.bat+  10279348K          0  10279348K        8              0          8 
3675670.ext+       141K          0       141K        1              0          1 

Disk usage stats:
       JobID  MaxDiskRead MaxDiskReadTask    AveDiskRead MaxDiskWrite MaxDiskWriteTask   AveDiskWrite 
------------ ------------ --------------- -------------- ------------ ---------------- -------------- 
3675670                                                                                               
3675670.bat+     1596.44M               0       1596.44M      881.63M                0        881.63M 
3675670.ext+        0.00M               0          0.00M            0                0              0 

Job 3675670 completed at Thu Dec 2 09:39:48 CET 2021
Starting job 3675674 on c3-8 at Thu Dec 2 09:40:21 CET 2021

Copying Xe_ugbs_pbe.out to /cluster/home/ambr/projects/zora/row5/calcs_gto_zora
Copying *.hess to /cluster/home/ambr/projects/zora/row5/calcs_gto_zora
rsync: link_stat "/cluster/work/jobs/3675674/*.hess" failed: No such file or directory (2)
rsync error: some files/attrs were not transferred (see previous errors) (code 23) at main.c(1179) [sender=3.1.2]
Copying Xe_ugbs_pbe.gbw to /cluster/home/ambr/projects/zora/row5/calcs_gto_zora
Copying *.xyz to /cluster/home/ambr/projects/zora/row5/calcs_gto_zora
rsync: link_stat "/cluster/work/jobs/3675674/*.xyz" failed: No such file or directory (2)
rsync error: some files/attrs were not transferred (see previous errors) (code 23) at main.c(1179) [sender=3.1.2]

Task and CPU usage stats:
       JobID    JobName  AllocCPUS   NTasks     MinCPU MinCPUTask     AveCPU    Elapsed ExitCode 
------------ ---------- ---------- -------- ---------- ---------- ---------- ---------- -------- 
3675674      Xe_ugbs_p+         32                                             00:00:35      0:0 
3675674.bat+      batch         32        1   00:00:00          0   00:00:00   00:00:35      0:0 
3675674.ext+     extern         32        1   00:00:00          0   00:00:00   00:00:35      0:0 

Memory usage stats:
       JobID     MaxRSS MaxRSSTask     AveRSS MaxPages   MaxPagesTask   AvePages 
------------ ---------- ---------- ---------- -------- -------------- ---------- 
3675674                                                                          
3675674.bat+       762K          0       762K        0              0          0 
3675674.ext+         4K          0         4K        0              0          0 

Disk usage stats:
       JobID  MaxDiskRead MaxDiskReadTask    AveDiskRead MaxDiskWrite MaxDiskWriteTask   AveDiskWrite 
------------ ------------ --------------- -------------- ------------ ---------------- -------------- 
3675674                                                                                               
3675674.bat+            0               0              0            0                0              0 
3675674.ext+        0.00M               0          0.00M            0                0              0 

Job 3675674 completed at Thu Dec 2 09:40:56 CET 2021
Starting job 3675676 on c3-8 at Thu Dec 2 09:41:57 CET 2021

Copying Xe_ugbs_pbe.out to /cluster/home/ambr/projects/zora/row5/calcs_gto_zora
Copying *.hess to /cluster/home/ambr/projects/zora/row5/calcs_gto_zora
rsync: link_stat "/cluster/work/jobs/3675676/*.hess" failed: No such file or directory (2)
rsync error: some files/attrs were not transferred (see previous errors) (code 23) at main.c(1179) [sender=3.1.2]
Copying Xe_ugbs_pbe.gbw to /cluster/home/ambr/projects/zora/row5/calcs_gto_zora
Copying *.xyz to /cluster/home/ambr/projects/zora/row5/calcs_gto_zora
rsync: link_stat "/cluster/work/jobs/3675676/*.xyz" failed: No such file or directory (2)
rsync error: some files/attrs were not transferred (see previous errors) (code 23) at main.c(1179) [sender=3.1.2]

Task and CPU usage stats:
       JobID    JobName  AllocCPUS   NTasks     MinCPU MinCPUTask     AveCPU    Elapsed ExitCode 
------------ ---------- ---------- -------- ---------- ---------- ---------- ---------- -------- 
3675676      Xe_ugbs_p+         32                                             00:00:42      0:0 
3675676.bat+      batch         32        1   00:07:03          0   00:07:03   00:00:42      0:0 
3675676.ext+     extern         32        1   00:00:00          0   00:00:00   00:00:42      0:0 

Memory usage stats:
       JobID     MaxRSS MaxRSSTask     AveRSS MaxPages   MaxPagesTask   AvePages 
------------ ---------- ---------- ---------- -------- -------------- ---------- 
3675676                                                                          
3675676.bat+  10277151K          0  10277151K        8              0          8 
3675676.ext+       137K          0       137K        1              0          1 

Disk usage stats:
       JobID  MaxDiskRead MaxDiskReadTask    AveDiskRead MaxDiskWrite MaxDiskWriteTask   AveDiskWrite 
------------ ------------ --------------- -------------- ------------ ---------------- -------------- 
3675676                                                                                               
3675676.bat+     2320.42M               0       2320.42M      926.10M                0        926.10M 
3675676.ext+        0.00M               0          0.00M            0                0              0 

Job 3675676 completed at Thu Dec 2 09:42:39 CET 2021
Starting job 3675678 on c3-8 at Thu Dec 2 09:43:05 CET 2021


Task and CPU usage stats:
       JobID    JobName  AllocCPUS   NTasks     MinCPU MinCPUTask     AveCPU    Elapsed ExitCode 
------------ ---------- ---------- -------- ---------- ---------- ---------- ---------- -------- 
3675678      Xe_ugbs_p+         32                                             00:00:42      0:0 
3675678.bat+      batch         32        1   00:01:04          0   00:00:00   00:00:44     0:15 
3675678.ext+     extern         32        1   00:00:00          0   00:00:00   00:00:42      0:0 

Memory usage stats:
       JobID     MaxRSS MaxRSSTask     AveRSS MaxPages   MaxPagesTask   AvePages 
------------ ---------- ---------- ---------- -------- -------------- ---------- 
3675678                                                                          
3675678.bat+  10166334K          0  10166334K        8              0          8 
3675678.ext+       137K          0       137K        1              0          1 

Disk usage stats:
       JobID  MaxDiskRead MaxDiskReadTask    AveDiskRead MaxDiskWrite MaxDiskWriteTask   AveDiskWrite 
------------ ------------ --------------- -------------- ------------ ---------------- -------------- 
3675678                                                                                               
3675678.bat+      374.70M               0        374.70M      809.02M                0        809.02M 
3675678.ext+        0.00M               0          0.00M            0                0              0 

Job 3675678 completed at Thu Dec 2 09:43:48 CET 2021
Starting job 3675869 on c3-8 at Thu Dec 2 09:44:28 CET 2021

Copying Xe_ugbs_pbe.out to /cluster/home/ambr/projects/zora/row5/calcs_gto_zora
Copying *.hess to /cluster/home/ambr/projects/zora/row5/calcs_gto_zora
rsync: link_stat "/cluster/work/jobs/3675869/*.hess" failed: No such file or directory (2)
rsync error: some files/attrs were not transferred (see previous errors) (code 23) at main.c(1179) [sender=3.1.2]
Copying Xe_ugbs_pbe.gbw to /cluster/home/ambr/projects/zora/row5/calcs_gto_zora
Copying *.xyz to /cluster/home/ambr/projects/zora/row5/calcs_gto_zora
rsync: link_stat "/cluster/work/jobs/3675869/*.xyz" failed: No such file or directory (2)
rsync error: some files/attrs were not transferred (see previous errors) (code 23) at main.c(1179) [sender=3.1.2]

Task and CPU usage stats:
       JobID    JobName  AllocCPUS   NTasks     MinCPU MinCPUTask     AveCPU    Elapsed ExitCode 
------------ ---------- ---------- -------- ---------- ---------- ---------- ---------- -------- 
3675869      Xe_ugbs_p+         32                                             00:00:38      0:0 
3675869.bat+      batch         32        1   00:04:04          0   00:04:04   00:00:38      0:0 
3675869.ext+     extern         32        1   00:00:00          0   00:00:00   00:00:38      0:0 

Memory usage stats:
       JobID     MaxRSS MaxRSSTask     AveRSS MaxPages   MaxPagesTask   AvePages 
------------ ---------- ---------- ---------- -------- -------------- ---------- 
3675869                                                                          
3675869.bat+  10288137K          0  10288137K        8              0          8 
3675869.ext+       137K          0       137K        1              0          1 

Disk usage stats:
       JobID  MaxDiskRead MaxDiskReadTask    AveDiskRead MaxDiskWrite MaxDiskWriteTask   AveDiskWrite 
------------ ------------ --------------- -------------- ------------ ---------------- -------------- 
3675869                                                                                               
3675869.bat+     2585.96M               0       2585.96M      941.53M                0        941.53M 
3675869.ext+        0.00M               0          0.00M            0                0              0 

Job 3675869 completed at Thu Dec 2 09:45:06 CET 2021
Starting job 3675870 on c3-8 at Thu Dec 2 09:45:40 CET 2021


Task and CPU usage stats:
       JobID    JobName  AllocCPUS   NTasks     MinCPU MinCPUTask     AveCPU    Elapsed ExitCode 
------------ ---------- ---------- -------- ---------- ---------- ---------- ---------- -------- 
3675870      Xe_ugbs_p+         32                                             00:00:26      0:0 
3675870.bat+      batch         32        1   00:00:00          0   00:00:00   00:00:29     0:15 
3675870.ext+     extern         32        1   00:00:00          0   00:00:00   00:00:26      0:0 

Memory usage stats:
       JobID     MaxRSS MaxRSSTask     AveRSS MaxPages   MaxPagesTask   AvePages 
------------ ---------- ---------- ---------- -------- -------------- ---------- 
3675870                                                                          
3675870.bat+       758K          0       758K        0              0          0 
3675870.ext+         4K          0         4K        0              0          0 

Disk usage stats:
       JobID  MaxDiskRead MaxDiskReadTask    AveDiskRead MaxDiskWrite MaxDiskWriteTask   AveDiskWrite 
------------ ------------ --------------- -------------- ------------ ---------------- -------------- 
3675870                                                                                               
3675870.bat+            0               0              0            0                0              0 
3675870.ext+        0.00M               0          0.00M            0                0              0 

Job 3675870 completed at Thu Dec 2 09:46:10 CET 2021
Starting job 3675871 on c3-8 at Thu Dec 2 09:46:37 CET 2021


Task and CPU usage stats:
       JobID    JobName  AllocCPUS   NTasks     MinCPU MinCPUTask     AveCPU    Elapsed ExitCode 
------------ ---------- ---------- -------- ---------- ---------- ---------- ---------- -------- 
3675871      Xe_ugbs_p+         32                                             00:00:28      0:0 
3675871.bat+      batch         32        1   00:00:00          0   00:00:00   00:00:29     0:15 
3675871.ext+     extern         32        1   00:00:00          0   00:00:00   00:00:28      0:0 

Memory usage stats:
       JobID     MaxRSS MaxRSSTask     AveRSS MaxPages   MaxPagesTask   AvePages 
------------ ---------- ---------- ---------- -------- -------------- ---------- 
3675871                                                                          
3675871.bat+       764K          0       764K        0              0          0 
3675871.ext+         4K          0         4K        0              0          0 

Disk usage stats:
       JobID  MaxDiskRead MaxDiskReadTask    AveDiskRead MaxDiskWrite MaxDiskWriteTask   AveDiskWrite 
------------ ------------ --------------- -------------- ------------ ---------------- -------------- 
3675871                                                                                               
3675871.bat+            0               0              0            0                0              0 
3675871.ext+        0.00M               0          0.00M            0                0              0 

Job 3675871 completed at Thu Dec 2 09:47:07 CET 2021
Starting job 3675882 on c5-4 at Thu Dec 2 09:55:44 CET 2021

Copying Xe_ugbs_pbe.out to /cluster/home/ambr/projects/zora/row5/calcs_gto_zora
Copying *.hess to /cluster/home/ambr/projects/zora/row5/calcs_gto_zora
rsync: link_stat "/cluster/work/jobs/3675882/*.hess" failed: No such file or directory (2)
rsync error: some files/attrs were not transferred (see previous errors) (code 23) at main.c(1179) [sender=3.1.2]
Copying Xe_ugbs_pbe.gbw to /cluster/home/ambr/projects/zora/row5/calcs_gto_zora
Copying *.xyz to /cluster/home/ambr/projects/zora/row5/calcs_gto_zora
rsync: link_stat "/cluster/work/jobs/3675882/*.xyz" failed: No such file or directory (2)
rsync error: some files/attrs were not transferred (see previous errors) (code 23) at main.c(1179) [sender=3.1.2]

Task and CPU usage stats:
       JobID    JobName  AllocCPUS   NTasks     MinCPU MinCPUTask     AveCPU    Elapsed ExitCode 
------------ ---------- ---------- -------- ---------- ---------- ---------- ---------- -------- 
3675882      Xe_ugbs_p+         32                                             00:02:32      0:0 
3675882.bat+      batch         32        1   00:49:36          0   00:49:36   00:02:32      0:0 
3675882.ext+     extern         32        1   00:00:00          0   00:00:00   00:02:32      0:0 

Memory usage stats:
       JobID     MaxRSS MaxRSSTask     AveRSS MaxPages   MaxPagesTask   AvePages 
------------ ---------- ---------- ---------- -------- -------------- ---------- 
3675882                                                                          
3675882.bat+  10282256K          0  10282256K        9              0          9 
3675882.ext+       140K          0       140K        1              0          1 

Disk usage stats:
       JobID  MaxDiskRead MaxDiskReadTask    AveDiskRead MaxDiskWrite MaxDiskWriteTask   AveDiskWrite 
------------ ------------ --------------- -------------- ------------ ---------------- -------------- 
3675882                                                                                               
3675882.bat+    13741.78M               0      13741.78M     1827.57M                0       1827.57M 
3675882.ext+        0.00M               0          0.00M            0                0              0 

Job 3675882 completed at Thu Dec 2 09:58:18 CET 2021
Starting job 3675887 on c3-8 at Thu Dec 2 10:04:44 CET 2021


Task and CPU usage stats:
       JobID    JobName  AllocCPUS   NTasks     MinCPU MinCPUTask     AveCPU    Elapsed ExitCode 
------------ ---------- ---------- -------- ---------- ---------- ---------- ---------- -------- 
3675887      Xe_ugbs_p+         32                                             00:00:41      0:0 
3675887.bat+      batch         32        1   00:07:22          0   00:00:00   00:00:45     0:15 
3675887.ext+     extern         32        1   00:00:00          0   00:00:00   00:00:41      0:0 

Memory usage stats:
       JobID     MaxRSS MaxRSSTask     AveRSS MaxPages   MaxPagesTask   AvePages 
------------ ---------- ---------- ---------- -------- -------------- ---------- 
3675887                                                                          
3675887.bat+  10279767K          0  10279767K        8              0          8 
3675887.ext+       137K          0       137K        1              0          1 

Disk usage stats:
       JobID  MaxDiskRead MaxDiskReadTask    AveDiskRead MaxDiskWrite MaxDiskWriteTask   AveDiskWrite 
------------ ------------ --------------- -------------- ------------ ---------------- -------------- 
3675887                                                                                               
3675887.bat+     2302.88M               0       2302.88M      922.98M                0        922.98M 
3675887.ext+        0.00M               0          0.00M            0                0              0 

Job 3675887 completed at Thu Dec 2 10:05:29 CET 2021
Starting job 3675912 on c5-3 at Thu Dec 2 10:11:35 CET 2021


Task and CPU usage stats:
       JobID    JobName  AllocCPUS   NTasks     MinCPU MinCPUTask     AveCPU    Elapsed ExitCode 
------------ ---------- ---------- -------- ---------- ---------- ---------- ---------- -------- 
3675912      Xe_ugbs_p+         32                                             00:00:29      0:0 
3675912.bat+      batch         32        1   00:00:00          0   00:00:00   00:00:30     0:15 
3675912.ext+     extern         32        1   00:00:00          0   00:00:00   00:00:29      0:0 

Memory usage stats:
       JobID     MaxRSS MaxRSSTask     AveRSS MaxPages   MaxPagesTask   AvePages 
------------ ---------- ---------- ---------- -------- -------------- ---------- 
3675912                                                                          
3675912.bat+       736K          0       736K        0              0          0 
3675912.ext+         4K          0         4K        0              0          0 

Disk usage stats:
       JobID  MaxDiskRead MaxDiskReadTask    AveDiskRead MaxDiskWrite MaxDiskWriteTask   AveDiskWrite 
------------ ------------ --------------- -------------- ------------ ---------------- -------------- 
3675912                                                                                               
3675912.bat+            0               0              0            0                0              0 
3675912.ext+        0.00M               0          0.00M            0                0              0 

Job 3675912 completed at Thu Dec 2 10:12:05 CET 2021
Starting job 3675913 on c5-3 at Thu Dec 2 10:13:11 CET 2021


Task and CPU usage stats:
       JobID    JobName  AllocCPUS   NTasks     MinCPU MinCPUTask     AveCPU    Elapsed ExitCode 
------------ ---------- ---------- -------- ---------- ---------- ---------- ---------- -------- 
3675913      Xe_ugbs_p+         32                                             00:00:28      0:0 
3675913.bat+      batch         32        1   00:00:00          0   00:00:00   00:00:29     0:15 
3675913.ext+     extern         32        1   00:00:00          0   00:00:00   00:00:28      0:0 

Memory usage stats:
       JobID     MaxRSS MaxRSSTask     AveRSS MaxPages   MaxPagesTask   AvePages 
------------ ---------- ---------- ---------- -------- -------------- ---------- 
3675913                                                                          
3675913.bat+       742K          0       742K        0              0          0 
3675913.ext+         4K          0         4K        0              0          0 

Disk usage stats:
       JobID  MaxDiskRead MaxDiskReadTask    AveDiskRead MaxDiskWrite MaxDiskWriteTask   AveDiskWrite 
------------ ------------ --------------- -------------- ------------ ---------------- -------------- 
3675913                                                                                               
3675913.bat+            0               0              0            0                0              0 
3675913.ext+        0.00M               0          0.00M            0                0              0 

Job 3675913 completed at Thu Dec 2 10:13:40 CET 2021
Starting job 3675923 on c5-3 at Thu Dec 2 10:13:57 CET 2021

Copying Xe_ugbs_pbe.out to /cluster/home/ambr/projects/zora/row5/calcs_gto_zora
Copying *.hess to /cluster/home/ambr/projects/zora/row5/calcs_gto_zora
rsync: link_stat "/cluster/work/jobs/3675923/*.hess" failed: No such file or directory (2)
rsync error: some files/attrs were not transferred (see previous errors) (code 23) at main.c(1179) [sender=3.1.2]
Copying Xe_ugbs_pbe.gbw to /cluster/home/ambr/projects/zora/row5/calcs_gto_zora
Copying *.xyz to /cluster/home/ambr/projects/zora/row5/calcs_gto_zora
rsync: link_stat "/cluster/work/jobs/3675923/*.xyz" failed: No such file or directory (2)
rsync error: some files/attrs were not transferred (see previous errors) (code 23) at main.c(1179) [sender=3.1.2]

Task and CPU usage stats:
       JobID    JobName  AllocCPUS   NTasks     MinCPU MinCPUTask     AveCPU    Elapsed ExitCode 
------------ ---------- ---------- -------- ---------- ---------- ---------- ---------- -------- 
3675923      Xe_ugbs_p+         32                                             00:00:29      0:0 
3675923.bat+      batch         32        1   00:00:00          0   00:00:00   00:00:29      0:0 
3675923.ext+     extern         32        1   00:00:00          0   00:00:00   00:00:29      0:0 

Memory usage stats:
       JobID     MaxRSS MaxRSSTask     AveRSS MaxPages   MaxPagesTask   AvePages 
------------ ---------- ---------- ---------- -------- -------------- ---------- 
3675923                                                                          
3675923.bat+       738K          0       738K        0              0          0 
3675923.ext+         4K          0         4K        0              0          0 

Disk usage stats:
       JobID  MaxDiskRead MaxDiskReadTask    AveDiskRead MaxDiskWrite MaxDiskWriteTask   AveDiskWrite 
------------ ------------ --------------- -------------- ------------ ---------------- -------------- 
3675923                                                                                               
3675923.bat+            0               0              0            0                0              0 
3675923.ext+        0.00M               0          0.00M            0                0              0 

Job 3675923 completed at Thu Dec 2 10:14:27 CET 2021
Starting job 3676216 on c3-8 at Thu Dec 2 11:27:51 CET 2021

Copying Xe_ugbs_pbe.out to /cluster/home/ambr/projects/zora/row5/calcs_gto_zora
Copying *.hess to /cluster/home/ambr/projects/zora/row5/calcs_gto_zora
rsync: link_stat "/cluster/work/jobs/3676216/*.hess" failed: No such file or directory (2)
rsync error: some files/attrs were not transferred (see previous errors) (code 23) at main.c(1179) [sender=3.1.2]
Copying Xe_ugbs_pbe.gbw to /cluster/home/ambr/projects/zora/row5/calcs_gto_zora
Copying *.xyz to /cluster/home/ambr/projects/zora/row5/calcs_gto_zora
rsync: link_stat "/cluster/work/jobs/3676216/*.xyz" failed: No such file or directory (2)
rsync error: some files/attrs were not transferred (see previous errors) (code 23) at main.c(1179) [sender=3.1.2]

Task and CPU usage stats:
       JobID    JobName  AllocCPUS   NTasks     MinCPU MinCPUTask     AveCPU    Elapsed ExitCode 
------------ ---------- ---------- -------- ---------- ---------- ---------- ---------- -------- 
3676216      Xe_ugbs_p+         32                                             00:00:45      0:0 
3676216.bat+      batch         32        1   00:03:01          0   00:03:01   00:00:45      0:0 
3676216.ext+     extern         32        1   00:00:00          0   00:00:00   00:00:45      0:0 

Memory usage stats:
       JobID     MaxRSS MaxRSSTask     AveRSS MaxPages   MaxPagesTask   AvePages 
------------ ---------- ---------- ---------- -------- -------------- ---------- 
3676216                                                                          
3676216.bat+  10341599K          0  10341599K        8              0          8 
3676216.ext+       137K          0       137K        1              0          1 

Disk usage stats:
       JobID  MaxDiskRead MaxDiskReadTask    AveDiskRead MaxDiskWrite MaxDiskWriteTask   AveDiskWrite 
------------ ------------ --------------- -------------- ------------ ---------------- -------------- 
3676216                                                                                               
3676216.bat+      808.76M               0        808.76M      832.21M                0        832.21M 
3676216.ext+        0.00M               0          0.00M            0                0              0 

Job 3676216 completed at Thu Dec 2 11:28:36 CET 2021
