The following modules were not unloaded:
  (Use "module --force purge" to unload all):

  1) StdEnv
[file orca_main/maininp2.cpp, line 1831]: 
The following modules were not unloaded:
  (Use "module --force purge" to unload all):

  1) StdEnv
The following modules were not unloaded:
  (Use "module --force purge" to unload all):

  1) StdEnv
The following modules were not unloaded:
  (Use "module --force purge" to unload all):

  1) StdEnv
The following modules were not unloaded:
  (Use "module --force purge" to unload all):

  1) StdEnv
The following modules were not unloaded:
  (Use "module --force purge" to unload all):

  1) StdEnv
slurmstepd: error: *** JOB 3675659 ON c5-1 CANCELLED AT 2021-12-02T09:35:47 ***
The following modules were not unloaded:
  (Use "module --force purge" to unload all):

  1) StdEnv
[file orca_tools/Tool-Scanner/qcscan1.cpp, line 102]: 
	 Unknown identifier in REL block line   21  : 
	 Last token : CP
The following modules were not unloaded:
  (Use "module --force purge" to unload all):

  1) StdEnv
The following modules were not unloaded:
  (Use "module --force purge" to unload all):

  1) StdEnv
The following modules were not unloaded:
  (Use "module --force purge" to unload all):

  1) StdEnv
The following modules were not unloaded:
  (Use "module --force purge" to unload all):

  1) StdEnv
The following modules were not unloaded:
  (Use "module --force purge" to unload all):

  1) StdEnv
slurmstepd: error: *** JOB 3675678 ON c3-8 CANCELLED AT 2021-12-02T09:43:46 ***
The following modules were not unloaded:
  (Use "module --force purge" to unload all):

  1) StdEnv
The following modules were not unloaded:
  (Use "module --force purge" to unload all):

  1) StdEnv
slurmstepd: error: *** JOB 3675870 ON c3-8 CANCELLED AT 2021-12-02T09:46:06 ***
The following modules were not unloaded:
  (Use "module --force purge" to unload all):

  1) StdEnv
slurmstepd: error: *** JOB 3675871 ON c3-8 CANCELLED AT 2021-12-02T09:47:05 ***
The following modules were not unloaded:
  (Use "module --force purge" to unload all):

  1) StdEnv
The following modules were not unloaded:
  (Use "module --force purge" to unload all):

  1) StdEnv
slurmstepd: error: *** JOB 3675887 ON c3-8 CANCELLED AT 2021-12-02T10:05:25 ***
The following modules were not unloaded:
  (Use "module --force purge" to unload all):

  1) StdEnv
slurmstepd: error: *** JOB 3675912 ON c5-3 CANCELLED AT 2021-12-02T10:12:04 ***
The following modules were not unloaded:
  (Use "module --force purge" to unload all):

  1) StdEnv
slurmstepd: error: *** JOB 3675913 ON c5-3 CANCELLED AT 2021-12-02T10:13:38 ***
The following modules were not unloaded:
  (Use "module --force purge" to unload all):

  1) StdEnv
The following modules were not unloaded:
  (Use "module --force purge" to unload all):

  1) StdEnv
