Starting job 3648211 on c40-11 at Sat Nov 20 14:33:30 CET 2021


Task and CPU usage stats:
       JobID    JobName  AllocCPUS   NTasks     MinCPU MinCPUTask     AveCPU    Elapsed ExitCode 
------------ ---------- ---------- -------- ---------- ---------- ---------- ---------- -------- 
3648211      Y_ano-r3_+         32                                             01:35:07      0:0 
3648211.bat+      batch         32        1 2-01:36:07          0   00:00:00   01:35:09     0:15 
3648211.ext+     extern         32        1   00:00:00          0   00:00:00   01:35:07      0:0 

Memory usage stats:
       JobID     MaxRSS MaxRSSTask     AveRSS MaxPages   MaxPagesTask   AvePages 
------------ ---------- ---------- ---------- -------- -------------- ---------- 
3648211                                                                          
3648211.bat+  22014696K          0  22014696K       85              0          8 
3648211.ext+       135K          0       135K        1              0          1 

Disk usage stats:
       JobID  MaxDiskRead MaxDiskReadTask    AveDiskRead MaxDiskWrite MaxDiskWriteTask   AveDiskWrite 
------------ ------------ --------------- -------------- ------------ ---------------- -------------- 
3648211                                                                                               
3648211.bat+     1520.53M               0       1520.53M     1053.89M                0       1053.89M 
3648211.ext+        0.00M               0          0.00M            0                0              0 

Job 3648211 completed at Sat Nov 20 16:08:39 CET 2021
Starting job 3648279 on c27-7 at Sat Nov 20 16:15:29 CET 2021

Copying Y_ano-r3_pbe.out to /cluster/home/ambr/projects/zora/row5/calcs_gto_zora
Copying *.hess to /cluster/home/ambr/projects/zora/row5/calcs_gto_zora
rsync: link_stat "/cluster/work/jobs/3648279/*.hess" failed: No such file or directory (2)
rsync error: some files/attrs were not transferred (see previous errors) (code 23) at main.c(1179) [sender=3.1.2]
Copying Y_ano-r3_pbe.gbw to /cluster/home/ambr/projects/zora/row5/calcs_gto_zora
Copying *.xyz to /cluster/home/ambr/projects/zora/row5/calcs_gto_zora
rsync: link_stat "/cluster/work/jobs/3648279/*.xyz" failed: No such file or directory (2)
rsync error: some files/attrs were not transferred (see previous errors) (code 23) at main.c(1179) [sender=3.1.2]

Task and CPU usage stats:
       JobID    JobName  AllocCPUS   NTasks     MinCPU MinCPUTask     AveCPU    Elapsed ExitCode 
------------ ---------- ---------- -------- ---------- ---------- ---------- ---------- -------- 
3648279      Y_ano-r3_+         32                                             01:17:31      0:0 
3648279.bat+      batch         32        1 1-14:44:58          0 1-14:44:58   01:17:31      0:0 
3648279.ext+     extern         32        1   00:00:00          0   00:00:00   01:17:31      0:0 

Memory usage stats:
       JobID     MaxRSS MaxRSSTask     AveRSS MaxPages   MaxPagesTask   AvePages 
------------ ---------- ---------- ---------- -------- -------------- ---------- 
3648279                                                                          
3648279.bat+  22009252K          0  22009252K       78              0          2 
3648279.ext+       124K          0       124K        1              0          1 

Disk usage stats:
       JobID  MaxDiskRead MaxDiskReadTask    AveDiskRead MaxDiskWrite MaxDiskWriteTask   AveDiskWrite 
------------ ------------ --------------- -------------- ------------ ---------------- -------------- 
3648279                                                                                               
3648279.bat+     1469.59M               0       1469.59M     1298.23M                0       1298.23M 
3648279.ext+        0.00M               0          0.00M            0                0              0 

Job 3648279 completed at Sat Nov 20 17:33:01 CET 2021
