Starting job 3648531 on c25-7 at Sat Nov 20 21:21:08 CET 2021


Task and CPU usage stats:
       JobID    JobName  AllocCPUS   NTasks     MinCPU MinCPUTask     AveCPU    Elapsed ExitCode 
------------ ---------- ---------- -------- ---------- ---------- ---------- ---------- -------- 
3648531      Y_sarc-zo+         32                                             00:00:08      0:0 
3648531.bat+      batch         32        1   00:00:00          0   00:00:00   00:00:09     0:15 
3648531.ext+     extern         32        1   00:00:00          0   00:00:00   00:00:08      0:0 

Memory usage stats:
       JobID     MaxRSS MaxRSSTask     AveRSS MaxPages   MaxPagesTask   AvePages 
------------ ---------- ---------- ---------- -------- -------------- ---------- 
3648531                                                                          
3648531.bat+       834K          0       834K        0              0          0 
3648531.ext+         4K          0         4K        0              0          0 

Disk usage stats:
       JobID  MaxDiskRead MaxDiskReadTask    AveDiskRead MaxDiskWrite MaxDiskWriteTask   AveDiskWrite 
------------ ------------ --------------- -------------- ------------ ---------------- -------------- 
3648531                                                                                               
3648531.bat+            0               0              0            0                0              0 
3648531.ext+        0.00M               0          0.00M            0                0              0 

Job 3648531 completed at Sat Nov 20 21:21:17 CET 2021
Starting job 3648567 on c66-10 at Sat Nov 20 21:22:44 CET 2021

Copying Y_sarc-zora-tzvpp_pbe.out to /cluster/home/ambr/projects/zora/row5/calcs_gto_zora
Copying *.hess to /cluster/home/ambr/projects/zora/row5/calcs_gto_zora
rsync: link_stat "/cluster/work/jobs/3648567/*.hess" failed: No such file or directory (2)
rsync error: some files/attrs were not transferred (see previous errors) (code 23) at main.c(1179) [sender=3.1.2]
Copying Y_sarc-zora-tzvpp_pbe.gbw to /cluster/home/ambr/projects/zora/row5/calcs_gto_zora
Copying *.xyz to /cluster/home/ambr/projects/zora/row5/calcs_gto_zora
rsync: link_stat "/cluster/work/jobs/3648567/*.xyz" failed: No such file or directory (2)
rsync error: some files/attrs were not transferred (see previous errors) (code 23) at main.c(1179) [sender=3.1.2]

Task and CPU usage stats:
       JobID    JobName  AllocCPUS   NTasks     MinCPU MinCPUTask     AveCPU    Elapsed ExitCode 
------------ ---------- ---------- -------- ---------- ---------- ---------- ---------- -------- 
3648567      Y_sarc-zo+         32                                             00:11:26      0:0 
3648567.bat+      batch         32        1   03:48:35          0   03:48:35   00:11:26      0:0 
3648567.ext+     extern         32        1   00:00:00          0   00:00:00   00:11:26      0:0 

Memory usage stats:
       JobID     MaxRSS MaxRSSTask     AveRSS MaxPages   MaxPagesTask   AvePages 
------------ ---------- ---------- ---------- -------- -------------- ---------- 
3648567                                                                          
3648567.bat+  10175990K          0  10175990K       79              0          8 
3648567.ext+       119K          0       119K        1              0          1 

Disk usage stats:
       JobID  MaxDiskRead MaxDiskReadTask    AveDiskRead MaxDiskWrite MaxDiskWriteTask   AveDiskWrite 
------------ ------------ --------------- -------------- ------------ ---------------- -------------- 
3648567                                                                                               
3648567.bat+     2636.21M               0       2636.21M      946.10M                0        946.10M 
3648567.ext+        0.00M               0          0.00M            0                0              0 

Job 3648567 completed at Sat Nov 20 21:34:12 CET 2021
