Starting job 3648212 on c74-12 at Sat Nov 20 14:33:30 CET 2021


Task and CPU usage stats:
       JobID    JobName  AllocCPUS   NTasks     MinCPU MinCPUTask     AveCPU    Elapsed ExitCode 
------------ ---------- ---------- -------- ---------- ---------- ---------- ---------- -------- 
3648212      Zr_ano-r3+         32                                             01:35:07      0:0 
3648212.bat+      batch         32        1 2-01:37:11          0   00:00:00   01:35:09     0:15 
3648212.ext+     extern         32        1   00:00:00          0   00:00:00   01:35:07      0:0 

Memory usage stats:
       JobID     MaxRSS MaxRSSTask     AveRSS MaxPages   MaxPagesTask   AvePages 
------------ ---------- ---------- ---------- -------- -------------- ---------- 
3648212                                                                          
3648212.bat+  22057289K          0  22057289K       82              0          8 
3648212.ext+       123K          0       123K        1              0          1 

Disk usage stats:
       JobID  MaxDiskRead MaxDiskReadTask    AveDiskRead MaxDiskWrite MaxDiskWriteTask   AveDiskWrite 
------------ ------------ --------------- -------------- ------------ ---------------- -------------- 
3648212                                                                                               
3648212.bat+     2460.89M               0       2460.89M     1080.70M                0       1080.70M 
3648212.ext+        0.00M               0          0.00M            0                0              0 

Job 3648212 completed at Sat Nov 20 16:08:39 CET 2021
Starting job 3648280 on c28-11 at Sat Nov 20 16:15:29 CET 2021

Copying Zr_ano-r3_pbe.out to /cluster/home/ambr/projects/zora/row5/calcs_gto_zora
Copying *.hess to /cluster/home/ambr/projects/zora/row5/calcs_gto_zora
rsync: link_stat "/cluster/work/jobs/3648280/*.hess" failed: No such file or directory (2)
rsync error: some files/attrs were not transferred (see previous errors) (code 23) at main.c(1179) [sender=3.1.2]
Copying Zr_ano-r3_pbe.gbw to /cluster/home/ambr/projects/zora/row5/calcs_gto_zora
Copying *.xyz to /cluster/home/ambr/projects/zora/row5/calcs_gto_zora
rsync: link_stat "/cluster/work/jobs/3648280/*.xyz" failed: No such file or directory (2)
rsync error: some files/attrs were not transferred (see previous errors) (code 23) at main.c(1179) [sender=3.1.2]

Task and CPU usage stats:
       JobID    JobName  AllocCPUS   NTasks     MinCPU MinCPUTask     AveCPU    Elapsed ExitCode 
------------ ---------- ---------- -------- ---------- ---------- ---------- ---------- -------- 
3648280      Zr_ano-r3+         32                                             02:24:07      0:0 
3648280.bat+      batch         32        1 3-02:54:39          0 3-02:54:39   02:24:07      0:0 
3648280.ext+     extern         32        1   00:00:00          0   00:00:00   02:24:07      0:0 

Memory usage stats:
       JobID     MaxRSS MaxRSSTask     AveRSS MaxPages   MaxPagesTask   AvePages 
------------ ---------- ---------- ---------- -------- -------------- ---------- 
3648280                                                                          
3648280.bat+  22049372K          0  22049372K       80              0          4 
3648280.ext+       123K          0       123K        1              0          1 

Disk usage stats:
       JobID  MaxDiskRead MaxDiskReadTask    AveDiskRead MaxDiskWrite MaxDiskWriteTask   AveDiskWrite 
------------ ------------ --------------- -------------- ------------ ---------------- -------------- 
3648280                                                                                               
3648280.bat+     3661.32M               0       3661.32M     1146.66M                0       1146.66M 
3648280.ext+        0.00M               0          0.00M            0                0              0 

Job 3648280 completed at Sat Nov 20 18:39:38 CET 2021
