Starting job 3648532 on c39-3 at Sat Nov 20 21:21:08 CET 2021


Task and CPU usage stats:
       JobID    JobName  AllocCPUS   NTasks     MinCPU MinCPUTask     AveCPU    Elapsed ExitCode 
------------ ---------- ---------- -------- ---------- ---------- ---------- ---------- -------- 
3648532      Zr_sarc-z+         32                                             00:00:08      0:0 
3648532.bat+      batch         32        1   00:00:00          0   00:00:00   00:00:09     0:15 
3648532.ext+     extern         32        1   00:00:00          0   00:00:00   00:00:08      0:0 

Memory usage stats:
       JobID     MaxRSS MaxRSSTask     AveRSS MaxPages   MaxPagesTask   AvePages 
------------ ---------- ---------- ---------- -------- -------------- ---------- 
3648532                                                                          
3648532.bat+       834K          0       834K        0              0          0 
3648532.ext+         4K          0         4K        0              0          0 

Disk usage stats:
       JobID  MaxDiskRead MaxDiskReadTask    AveDiskRead MaxDiskWrite MaxDiskWriteTask   AveDiskWrite 
------------ ------------ --------------- -------------- ------------ ---------------- -------------- 
3648532                                                                                               
3648532.bat+            0               0              0            0                0              0 
3648532.ext+        0.00M               0          0.00M            0                0              0 

Job 3648532 completed at Sat Nov 20 21:21:17 CET 2021
Starting job 3648568 on c25-7 at Sat Nov 20 21:22:44 CET 2021

Copying Zr_sarc-zora-tzvpp_pbe.out to /cluster/home/ambr/projects/zora/row5/calcs_gto_zora
Copying *.hess to /cluster/home/ambr/projects/zora/row5/calcs_gto_zora
rsync: link_stat "/cluster/work/jobs/3648568/*.hess" failed: No such file or directory (2)
rsync error: some files/attrs were not transferred (see previous errors) (code 23) at main.c(1179) [sender=3.1.2]
Copying Zr_sarc-zora-tzvpp_pbe.gbw to /cluster/home/ambr/projects/zora/row5/calcs_gto_zora
Copying *.xyz to /cluster/home/ambr/projects/zora/row5/calcs_gto_zora
rsync: link_stat "/cluster/work/jobs/3648568/*.xyz" failed: No such file or directory (2)
rsync error: some files/attrs were not transferred (see previous errors) (code 23) at main.c(1179) [sender=3.1.2]

Task and CPU usage stats:
       JobID    JobName  AllocCPUS   NTasks     MinCPU MinCPUTask     AveCPU    Elapsed ExitCode 
------------ ---------- ---------- -------- ---------- ---------- ---------- ---------- -------- 
3648568      Zr_sarc-z+         32                                             00:19:33      0:0 
3648568.bat+      batch         32        1   08:21:55          0   08:21:55   00:19:33      0:0 
3648568.ext+     extern         32        1   00:00:00          0   00:00:00   00:19:33      0:0 

Memory usage stats:
       JobID     MaxRSS MaxRSSTask     AveRSS MaxPages   MaxPagesTask   AvePages 
------------ ---------- ---------- ---------- -------- -------------- ---------- 
3648568                                                                          
3648568.bat+  10158123K          0  10158123K       80              0          8 
3648568.ext+       119K          0       119K        1              0          1 

Disk usage stats:
       JobID  MaxDiskRead MaxDiskReadTask    AveDiskRead MaxDiskWrite MaxDiskWriteTask   AveDiskWrite 
------------ ------------ --------------- -------------- ------------ ---------------- -------------- 
3648568                                                                                               
3648568.bat+     7902.25M               0       7902.25M     1511.09M                0       1511.09M 
3648568.ext+        0.00M               0          0.00M            0                0              0 

Job 3648568 completed at Sat Nov 20 21:42:17 CET 2021
