The following modules were not unloaded:
  (Use "module --force purge" to unload all):

  1) StdEnv
[file orca_main/maininp2.cpp, line 1831]: 
The following modules were not unloaded:
  (Use "module --force purge" to unload all):

  1) StdEnv
--------------------------------------------------------------------------
Primary job  terminated normally, but 1 process returned
a non-zero exit code. Per user-direction, the job has been aborted.
--------------------------------------------------------------------------
--------------------------------------------------------------------------
mpirun detected that one or more processes exited with non-zero status, thus causing
the job to be terminated. The first process to do so was:

  Process name: [[49719,1],27]
  Exit code:    125
--------------------------------------------------------------------------
[file orca_tools/qcmsg.cpp, line 458]: 
  .... aborting the run

The following modules were not unloaded:
  (Use "module --force purge" to unload all):

  1) StdEnv
