Starting job 4405472 on c3-[33,41,44-45,53-56],c6-[1,3-4,6-7] at Thu Nov 11 22:37:59 CET 2021

Copying Ag_pbe.out to /cluster/home/ambr/projects/zora/row5/calcs_mw
Copying Ag_pbe.json to /cluster/home/ambr/projects/zora/row5/calcs_mw

Task and CPU usage stats:
       JobID    JobName  AllocCPUS   NTasks     MinCPU MinCPUTask     AveCPU    Elapsed ExitCode 
------------ ---------- ---------- -------- ---------- ---------- ---------- ---------- -------- 
4405472          Ag_pbe        160                                             02:27:37      0:0 
4405472.bat+      batch          4        1   00:33:49          0   00:33:49   02:27:37      0:0 
4405472.ext+     extern        160       13   00:00:00          7   00:00:00   02:27:37      0:0 
4405472.0      mrchem.x        160       40   01:45:29         39   02:43:35   01:53:22      0:0 

Memory usage stats:
       JobID     MaxRSS MaxRSSTask     AveRSS MaxPages   MaxPagesTask   AvePages 
------------ ---------- ---------- ---------- -------- -------------- ---------- 
4405472                                                                          
4405472.bat+   3308076K          0   3308076K        0              0          0 
4405472.ext+          0          7          0        0              7          0 
4405472.0     13503664K         19  12874668K        0              6          0 

Disk usage stats:
       JobID  MaxDiskRead MaxDiskReadTask    AveDiskRead MaxDiskWrite MaxDiskWriteTask   AveDiskWrite 
------------ ------------ --------------- -------------- ------------ ---------------- -------------- 
4405472                                                                                               
4405472.bat+     1112.91M               0       1112.91M     1097.34M                0       1097.34M 
4405472.ext+        0.00M               7          0.00M            0                7              0 
4405472.0        1648.42M              13       1607.11M       36.56M                5         13.96M 

Job 4405472 completed at Fri Nov 12 01:05:36 CET 2021
