Starting job 4405473 on c3-[29,31-43] at Thu Nov 11 22:44:30 CET 2021

Copying Cd_pbe.out to /cluster/home/ambr/projects/zora/row5/calcs_mw
Copying Cd_pbe.json to /cluster/home/ambr/projects/zora/row5/calcs_mw

Task and CPU usage stats:
       JobID    JobName  AllocCPUS   NTasks     MinCPU MinCPUTask     AveCPU    Elapsed ExitCode 
------------ ---------- ---------- -------- ---------- ---------- ---------- ---------- -------- 
4405473          Cd_pbe        160                                             02:03:18      0:0 
4405473.bat+      batch         12        1   00:35:09          0   00:35:09   02:03:18      0:0 
4405473.ext+     extern        160       14   00:00:00         10   00:00:00   02:03:18      0:0 
4405473.0      mrchem.x        160       40   01:22:21         39   02:15:38   01:27:43      0:0 

Memory usage stats:
       JobID     MaxRSS MaxRSSTask     AveRSS MaxPages   MaxPagesTask   AvePages 
------------ ---------- ---------- ---------- -------- -------------- ---------- 
4405473                                                                          
4405473.bat+   3377608K          0   3377608K        0              0          0 
4405473.ext+          0         10          0        0             10          0 
4405473.0     14007784K          4 135542953+        0             12          0 

Disk usage stats:
       JobID  MaxDiskRead MaxDiskReadTask    AveDiskRead MaxDiskWrite MaxDiskWriteTask   AveDiskWrite 
------------ ------------ --------------- -------------- ------------ ---------------- -------------- 
4405473                                                                                               
4405473.bat+     1136.27M               0       1136.27M     1120.69M                0       1120.69M 
4405473.ext+        0.00M              10          0.00M            0               10              0 
4405473.0        1684.32M               1       1642.25M       37.06M                0         13.59M 

Job 4405473 completed at Fri Nov 12 00:47:48 CET 2021
