Starting job 4405478 on c3-[29,31-42] at Fri Nov 12 05:46:03 CET 2021

Copying I_pbe.out to /cluster/home/ambr/projects/zora/row5/calcs_mw
Copying I_pbe.json to /cluster/home/ambr/projects/zora/row5/calcs_mw

Task and CPU usage stats:
       JobID    JobName  AllocCPUS   NTasks     MinCPU MinCPUTask     AveCPU    Elapsed ExitCode 
------------ ---------- ---------- -------- ---------- ---------- ---------- ---------- -------- 
4405478           I_pbe        160                                             06:00:39      0:0 
4405478.bat+      batch         32        1   00:39:04          0   00:39:04   06:00:39      0:0 
4405478.ext+     extern        160       13   00:00:00         12   00:00:00   06:00:39      0:0 
4405478.0      mrchem.x        160       40   05:03:31         39   08:12:52   05:21:04      0:0 

Memory usage stats:
       JobID     MaxRSS MaxRSSTask     AveRSS MaxPages   MaxPagesTask   AvePages 
------------ ---------- ---------- ---------- -------- -------------- ---------- 
4405478                                                                          
4405478.bat+   3719048K          0   3719048K        0              0          0 
4405478.ext+          0         12          0        0             12          0 
4405478.0     20869440K         39 163607632+        0             16          0 

Disk usage stats:
       JobID  MaxDiskRead MaxDiskReadTask    AveDiskRead MaxDiskWrite MaxDiskWriteTask   AveDiskWrite 
------------ ------------ --------------- -------------- ------------ ---------------- -------------- 
4405478                                                                                               
4405478.bat+     1253.06M               0       1253.06M     1237.42M                0       1237.42M 
4405478.ext+        0.00M              12          0.00M            0               12              0 
4405478.0        1859.10M               7       1812.67M       39.45M                0         22.42M 

Job 4405478 completed at Fri Nov 12 11:46:43 CET 2021
