Starting job 4405474 on c3-[30,33,41,43-56],c6-1 at Fri Nov 12 00:17:23 CET 2021

Copying In_pbe.out to /cluster/home/ambr/projects/zora/row5/calcs_mw
Copying In_pbe.json to /cluster/home/ambr/projects/zora/row5/calcs_mw

Task and CPU usage stats:
       JobID    JobName  AllocCPUS   NTasks     MinCPU MinCPUTask     AveCPU    Elapsed ExitCode 
------------ ---------- ---------- -------- ---------- ---------- ---------- ---------- -------- 
4405474          In_pbe        160                                             07:47:52      0:0 
4405474.bat+      batch          8        1   00:36:08          0   00:36:08   07:47:52      0:0 
4405474.ext+     extern        160       18   00:00:00         17   00:00:00   07:47:52      0:0 
4405474.0      mrchem.x        160       40   06:49:03         39   10:41:34   07:11:18      0:0 

Memory usage stats:
       JobID     MaxRSS MaxRSSTask     AveRSS MaxPages   MaxPagesTask   AvePages 
------------ ---------- ---------- ---------- -------- -------------- ---------- 
4405474                                                                          
4405474.bat+   3445012K          0   3445012K        0              0          0 
4405474.ext+          0         17          0        0             17          0 
4405474.0     21048572K         39 142478702+        0              6          0 

Disk usage stats:
       JobID  MaxDiskRead MaxDiskReadTask    AveDiskRead MaxDiskWrite MaxDiskWriteTask   AveDiskWrite 
------------ ------------ --------------- -------------- ------------ ---------------- -------------- 
4405474                                                                                               
4405474.bat+     1159.63M               0       1159.63M     1144.03M                0       1144.03M 
4405474.ext+        0.00M              17          0.00M            0               17              0 
4405474.0        1721.01M              36       1677.45M       39.94M                0         11.83M 

Job 4405474 completed at Fri Nov 12 08:05:15 CET 2021
