Starting job 4405467 on c3-53,c6-[1,3-7] at Thu Nov 11 19:56:14 CET 2021

Copying Mo_pbe.out to /cluster/home/ambr/projects/zora/row5/calcs_mw
Copying Mo_pbe.json to /cluster/home/ambr/projects/zora/row5/calcs_mw

Task and CPU usage stats:
       JobID    JobName  AllocCPUS   NTasks     MinCPU MinCPUTask     AveCPU    Elapsed ExitCode 
------------ ---------- ---------- -------- ---------- ---------- ---------- ---------- -------- 
4405467          Mo_pbe        160                                             01:29:32      0:0 
4405467.bat+      batch          4        1   00:30:51          0   00:30:51   01:29:32      0:0 
4405467.ext+     extern        160        7   00:00:00          4   00:00:00   01:29:32      0:0 
4405467.0      mrchem.x        160       40   00:54:23         39   01:29:03   00:58:12      0:0 

Memory usage stats:
       JobID     MaxRSS MaxRSSTask     AveRSS MaxPages   MaxPagesTask   AvePages 
------------ ---------- ---------- ---------- -------- -------------- ---------- 
4405467                                                                          
4405467.bat+   2965584K          0   2965584K        0              0          0 
4405467.ext+          0          4          0        0              4          0 
4405467.0     11822356K          3 115191887+        0              1          0 

Disk usage stats:
       JobID  MaxDiskRead MaxDiskReadTask    AveDiskRead MaxDiskWrite MaxDiskWriteTask   AveDiskWrite 
------------ ------------ --------------- -------------- ------------ ---------------- -------------- 
4405467                                                                                               
4405467.bat+     1978.92M               0       1978.92M     2450.70M                0       2450.70M 
4405467.ext+        0.00M               4          0.00M            0                4              0 
4405467.0        1472.20M               5       1435.43M       35.21M                2         14.43M 

Job 4405467 completed at Thu Nov 11 21:25:46 CET 2021
