Starting job 4405466 on c3-[43-51],c6-[1,3-4] at Thu Nov 11 18:38:59 CET 2021

Copying Nb_pbe.out to /cluster/home/ambr/projects/zora/row5/calcs_mw
Copying Nb_pbe.json to /cluster/home/ambr/projects/zora/row5/calcs_mw

Task and CPU usage stats:
       JobID    JobName  AllocCPUS   NTasks     MinCPU MinCPUTask     AveCPU    Elapsed ExitCode 
------------ ---------- ---------- -------- ---------- ---------- ---------- ---------- -------- 
4405466          Nb_pbe        160                                             01:42:19      0:0 
4405466.bat+      batch          4        1   00:30:21          0   00:30:21   01:42:19      0:0 
4405466.ext+     extern        160       12   00:00:00         10   00:00:00   01:42:19      0:0 
4405466.0      mrchem.x        160       40   01:06:31         39   01:48:16   01:11:20      0:0 

Memory usage stats:
       JobID     MaxRSS MaxRSSTask     AveRSS MaxPages   MaxPagesTask   AvePages 
------------ ---------- ---------- ---------- -------- -------------- ---------- 
4405466                                                                          
4405466.bat+   2897480K          0   2897480K        0              0          0 
4405466.ext+          0         10          0        0             10          0 
4405466.0     11731344K          8 113767154+        0              2          0 

Disk usage stats:
       JobID  MaxDiskRead MaxDiskReadTask    AveDiskRead MaxDiskWrite MaxDiskWriteTask   AveDiskWrite 
------------ ------------ --------------- -------------- ------------ ---------------- -------------- 
4405466                                                                                               
4405466.bat+      972.76M               0        972.76M      957.26M                0        957.26M 
4405466.ext+        0.00M              10          0.00M            0               10              0 
4405466.0        1437.32M              18       1401.26M       35.21M                8         12.00M 

Job 4405466 completed at Thu Nov 11 20:21:19 CET 2021
