Starting job 4405471 on c3-[30,33,41,43-56],c6-1 at Thu Nov 11 22:27:28 CET 2021

Copying Pd_pbe.out to /cluster/home/ambr/projects/zora/row5/calcs_mw
Copying Pd_pbe.json to /cluster/home/ambr/projects/zora/row5/calcs_mw

Task and CPU usage stats:
       JobID    JobName  AllocCPUS   NTasks     MinCPU MinCPUTask     AveCPU    Elapsed ExitCode 
------------ ---------- ---------- -------- ---------- ---------- ---------- ---------- -------- 
4405471          Pd_pbe        160                                             01:49:35      0:0 
4405471.bat+      batch          8        1   00:33:55          0   00:33:55   01:49:35      0:0 
4405471.ext+     extern        160       18   00:00:00         17   00:00:00   01:49:36      0:0 
4405471.0      mrchem.x        160       40   01:11:27         39   01:55:31   01:15:14      0:0 

Memory usage stats:
       JobID     MaxRSS MaxRSSTask     AveRSS MaxPages   MaxPagesTask   AvePages 
------------ ---------- ---------- ---------- -------- -------------- ---------- 
4405471                                                                          
4405471.bat+   3239336K          0   3239336K        0              0          0 
4405471.ext+          0         17          0        0             17          0 
4405471.0     11708616K          2 112206752+        0              6          0 

Disk usage stats:
       JobID  MaxDiskRead MaxDiskReadTask    AveDiskRead MaxDiskWrite MaxDiskWriteTask   AveDiskWrite 
------------ ------------ --------------- -------------- ------------ ---------------- -------------- 
4405471                                                                                               
4405471.bat+     1089.55M               0       1089.55M     1073.99M                0       1073.99M 
4405471.ext+        0.00M              17          0.00M            0               17              0 
4405471.0        1615.20M              35       1574.29M       37.02M                0         10.95M 

Job 4405471 completed at Fri Nov 12 00:17:04 CET 2021
