Starting job 4405462 on c3-[29,32-43] at Thu Nov 11 17:30:28 CET 2021

Copying Rb_pbe.out to /cluster/home/ambr/projects/zora/row5/calcs_mw
Copying Rb_pbe.json to /cluster/home/ambr/projects/zora/row5/calcs_mw

Task and CPU usage stats:
       JobID    JobName  AllocCPUS   NTasks     MinCPU MinCPUTask     AveCPU    Elapsed ExitCode 
------------ ---------- ---------- -------- ---------- ---------- ---------- ---------- -------- 
4405462          Rb_pbe        160                                             01:05:47      0:0 
4405462.bat+      batch          8        1   00:27:39          0   00:27:39   01:05:47      0:0 
4405462.ext+     extern        160       13   00:00:00          8   00:00:00   01:05:47      0:0 
4405462.0      mrchem.x        160       40   00:35:42         39   00:59:06   00:37:48      0:0 

Memory usage stats:
       JobID     MaxRSS MaxRSSTask     AveRSS MaxPages   MaxPagesTask   AvePages 
------------ ---------- ---------- ---------- -------- -------------- ---------- 
4405462                                                                          
4405462.bat+   2624332K          0   2624332K        0              0          0 
4405462.ext+          0          8          0        0              8          0 
4405462.0     12469972K          6 10754307.+        0             19          0 

Disk usage stats:
       JobID  MaxDiskRead MaxDiskReadTask    AveDiskRead MaxDiskWrite MaxDiskWriteTask   AveDiskWrite 
------------ ------------ --------------- -------------- ------------ ---------------- -------------- 
4405462                                                                                               
4405462.bat+      879.32M               0        879.32M      863.88M                0        863.88M 
4405462.ext+        0.00M               8          0.00M            0                8              0 
4405462.0        1297.01M               0       1264.63M       20.59M                0          9.66M 

Job 4405462 completed at Thu Nov 11 18:36:15 CET 2021
