Starting job 4405470 on c3-[40,42,53],c6-[1,3-7] at Thu Nov 11 21:26:01 CET 2021

Copying Rh_pbe.out to /cluster/home/ambr/projects/zora/row5/calcs_mw
Copying Rh_pbe.json to /cluster/home/ambr/projects/zora/row5/calcs_mw

Task and CPU usage stats:
       JobID    JobName  AllocCPUS   NTasks     MinCPU MinCPUTask     AveCPU    Elapsed ExitCode 
------------ ---------- ---------- -------- ---------- ---------- ---------- ---------- -------- 
4405470          Rh_pbe        160                                             04:20:24      0:0 
4405470.bat+      batch          4        1   00:33:05          0   00:33:05   04:20:24      0:0 
4405470.ext+     extern        160        9   00:00:00          6   00:00:00   04:20:24      0:0 
4405470.0      mrchem.x        160       40   03:32:12         39   05:46:16   03:46:56      0:0 

Memory usage stats:
       JobID     MaxRSS MaxRSSTask     AveRSS MaxPages   MaxPagesTask   AvePages 
------------ ---------- ---------- ---------- -------- -------------- ---------- 
4405470                                                                          
4405470.bat+   3171260K          0   3171260K        0              0          0 
4405470.ext+          0          6          0        0              6          0 
4405470.0     14276032K         39 11641870.+        0              2          0 

Disk usage stats:
       JobID  MaxDiskRead MaxDiskReadTask    AveDiskRead MaxDiskWrite MaxDiskWriteTask   AveDiskWrite 
------------ ------------ --------------- -------------- ------------ ---------------- -------------- 
4405470                                                                                               
4405470.bat+     1066.19M               0       1066.19M     1050.65M                0       1050.65M 
4405470.ext+        0.00M               6          0.00M            0                6              0 
4405470.0        1581.66M               8       1542.12M       35.21M                4         14.25M 

Job 4405470 completed at Fri Nov 12 01:46:26 CET 2021
