Starting job 4405469 on c3-[29,31-43] at Thu Nov 11 21:26:01 CET 2021

Copying Ru_pbe.out to /cluster/home/ambr/projects/zora/row5/calcs_mw
Copying Ru_pbe.json to /cluster/home/ambr/projects/zora/row5/calcs_mw

Task and CPU usage stats:
       JobID    JobName  AllocCPUS   NTasks     MinCPU MinCPUTask     AveCPU    Elapsed ExitCode 
------------ ---------- ---------- -------- ---------- ---------- ---------- ---------- -------- 
4405469          Ru_pbe        160                                             01:18:22      0:0 
4405469.bat+      batch         12        1   00:31:34          0   00:31:34   01:18:22      0:0 
4405469.ext+     extern        160       14   00:00:00         12   00:00:00   01:18:22      0:0 
4405469.0      mrchem.x        160       40   00:43:48         39   01:10:18   00:46:25      0:0 

Memory usage stats:
       JobID     MaxRSS MaxRSSTask     AveRSS MaxPages   MaxPagesTask   AvePages 
------------ ---------- ---------- ---------- -------- -------------- ---------- 
4405469                                                                          
4405469.bat+   3102648K          0   3102648K        0              0          0 
4405469.ext+          0         12          0        0             12          0 
4405469.0     12200132K         27 117496071+        0             12          0 

Disk usage stats:
       JobID  MaxDiskRead MaxDiskReadTask    AveDiskRead MaxDiskWrite MaxDiskWriteTask   AveDiskWrite 
------------ ------------ --------------- -------------- ------------ ---------------- -------------- 
4405469                                                                                               
4405469.bat+     1042.83M               0       1042.83M     1027.30M                0       1027.30M 
4405469.ext+        0.00M              12          0.00M            0               12              0 
4405469.0        1543.47M               2       1504.93M       36.86M                0         12.30M 

Job 4405469 completed at Thu Nov 11 22:44:23 CET 2021
