Starting job 4405476 on c3-[33,41,44-45,53-56],c6-[1,3-4,6-7] at Fri Nov 12 01:05:38 CET 2021


Task and CPU usage stats:
       JobID    JobName  AllocCPUS   NTasks     MinCPU MinCPUTask     AveCPU    Elapsed ExitCode 
------------ ---------- ---------- -------- ---------- ---------- ---------- ---------- -------- 
4405476          Sb_pbe        160                                             19:25:31      0:0 
4405476.bat+      batch          4        1   00:37:36          0   00:37:36   19:25:32     0:15 
4405476.ext+     extern        160       13   00:00:00          5   00:00:00   19:25:31      0:0 
4405476.0      mrchem.x        160       40   18:47:18         39   18:47:54   18:47:30     0:15 

Memory usage stats:
       JobID     MaxRSS MaxRSSTask     AveRSS MaxPages   MaxPagesTask   AvePages 
------------ ---------- ---------- ---------- -------- -------------- ---------- 
4405476                                                                          
4405476.bat+   3582992K          0   3582992K        0              0          0 
4405476.ext+          0          5          0        0              5          0 
4405476.0      5101500K          5 4894619750        0              7          0 

Disk usage stats:
       JobID  MaxDiskRead MaxDiskReadTask    AveDiskRead MaxDiskWrite MaxDiskWriteTask   AveDiskWrite 
------------ ------------ --------------- -------------- ------------ ---------------- -------------- 
4405476                                                                                               
4405476.bat+     1206.34M               0       1206.34M     1190.73M                0       1190.73M 
4405476.ext+        0.00M               5          0.00M            0                5              0 
4405476.0        1788.33M              10       1743.53M        0.03M                0          0.00M 

Job 4405476 completed at Fri Nov 12 20:31:12 CET 2021
Starting job 4416614 on c3-[30-39,41,43] at Fri Nov 12 20:32:17 CET 2021


Task and CPU usage stats:
       JobID    JobName  AllocCPUS   NTasks     MinCPU MinCPUTask     AveCPU    Elapsed ExitCode 
------------ ---------- ---------- -------- ---------- ---------- ---------- ---------- -------- 
4416614          Sb_pbe        160                                             13:04:34      0:0 
4416614.bat+      batch          8        1   00:37:28          0   00:37:28   13:04:35     0:15 
4416614.ext+     extern        160       12   00:00:00         10   00:00:00   13:04:34      0:0 
4416614.0      mrchem.x        160       40   12:26:14          8   12:26:29   12:26:39     0:15 

Memory usage stats:
       JobID     MaxRSS MaxRSSTask     AveRSS MaxPages   MaxPagesTask   AvePages 
------------ ---------- ---------- ---------- -------- -------------- ---------- 
4416614                                                                          
4416614.bat+   3581512K          0   3581512K        0              0          0 
4416614.ext+          0         10          0        0             10          0 
4416614.0      5115540K          1 4773183.5+        0             32          0 

Disk usage stats:
       JobID  MaxDiskRead MaxDiskReadTask    AveDiskRead MaxDiskWrite MaxDiskWriteTask   AveDiskWrite 
------------ ------------ --------------- -------------- ------------ ---------------- -------------- 
4416614                                                                                               
4416614.bat+     1206.30M               0       1206.30M     1190.72M                0       1190.72M 
4416614.ext+        0.00M              10          0.00M            0               10              0 
4416614.0        1787.65M               1       1743.00M        0.03M                0          0.00M 

Job 4416614 completed at Sat Nov 13 09:36:55 CET 2021
