Starting job 4405475 on c3-[29,31-43] at Fri Nov 12 00:48:01 CET 2021

Copying Sn_pbe.out to /cluster/home/ambr/projects/zora/row5/calcs_mw
Copying Sn_pbe.json to /cluster/home/ambr/projects/zora/row5/calcs_mw

Task and CPU usage stats:
       JobID    JobName  AllocCPUS   NTasks     MinCPU MinCPUTask     AveCPU    Elapsed ExitCode 
------------ ---------- ---------- -------- ---------- ---------- ---------- ---------- -------- 
4405475          Sn_pbe        160                                             04:57:46      0:0 
4405475.bat+      batch         12        1   00:37:14          0   00:37:14   04:57:46      0:0 
4405475.ext+     extern        160       14   00:00:00         10   00:00:00   04:57:46      0:0 
4405475.0      mrchem.x        160       40   04:05:12         39   06:41:21   04:20:06      0:0 

Memory usage stats:
       JobID     MaxRSS MaxRSSTask     AveRSS MaxPages   MaxPagesTask   AvePages 
------------ ---------- ---------- ---------- -------- -------------- ---------- 
4405475                                                                          
4405475.bat+   3513736K          0   3513736K        0              0          0 
4405475.ext+          0         10          0        0             10          0 
4405475.0     17584912K         39 148324539+        0             12          0 

Disk usage stats:
       JobID  MaxDiskRead MaxDiskReadTask    AveDiskRead MaxDiskWrite MaxDiskWriteTask   AveDiskWrite 
------------ ------------ --------------- -------------- ------------ ---------------- -------------- 
4405475                                                                                               
4405475.bat+     1182.99M               0       1182.99M     1167.38M                0       1167.38M 
4405475.ext+        0.00M              10          0.00M            0               10              0 
4405475.0        1757.56M               1       1713.66M       39.27M                1         13.75M 

Job 4405475 completed at Fri Nov 12 05:45:48 CET 2021
