Starting job 4405463 on c3-[44-51],c6-[1,3-4] at Thu Nov 11 17:30:28 CET 2021

Copying Sr_pbe.out to /cluster/home/ambr/projects/zora/row5/calcs_mw
Copying Sr_pbe.json to /cluster/home/ambr/projects/zora/row5/calcs_mw

Task and CPU usage stats:
       JobID    JobName  AllocCPUS   NTasks     MinCPU MinCPUTask     AveCPU    Elapsed ExitCode 
------------ ---------- ---------- -------- ---------- ---------- ---------- ---------- -------- 
4405463          Sr_pbe        160                                             01:08:29      0:0 
4405463.bat+      batch          4        1   00:28:49          0   00:28:49   01:08:29      0:0 
4405463.ext+     extern        160       11   00:00:00         10   00:00:00   01:08:29      0:0 
4405463.0      mrchem.x        160       40   00:36:41         39   01:01:22   00:39:19      0:0 

Memory usage stats:
       JobID     MaxRSS MaxRSSTask     AveRSS MaxPages   MaxPagesTask   AvePages 
------------ ---------- ---------- ---------- -------- -------------- ---------- 
4405463                                                                          
4405463.bat+   2692380K          0   2692380K        0              0          0 
4405463.ext+          0         10          0        0             10          0 
4405463.0     10988732K         10 105242790+        0              6          0 

Disk usage stats:
       JobID  MaxDiskRead MaxDiskReadTask    AveDiskRead MaxDiskWrite MaxDiskWriteTask   AveDiskWrite 
------------ ------------ --------------- -------------- ------------ ---------------- -------------- 
4405463                                                                                               
4405463.bat+      902.68M               0        902.68M      887.22M                0        887.22M 
4405463.ext+        0.00M              10          0.00M            0               10              0 
4405463.0        1336.19M              19       1302.68M       20.31M               29         11.11M 

Job 4405463 completed at Thu Nov 11 18:38:58 CET 2021
