Starting job 4405468 on c3-[30,43-52],c6-[1,3-4] at Thu Nov 11 20:21:48 CET 2021

Copying Tc_pbe.out to /cluster/home/ambr/projects/zora/row5/calcs_mw
Copying Tc_pbe.json to /cluster/home/ambr/projects/zora/row5/calcs_mw

Task and CPU usage stats:
       JobID    JobName  AllocCPUS   NTasks     MinCPU MinCPUTask     AveCPU    Elapsed ExitCode 
------------ ---------- ---------- -------- ---------- ---------- ---------- ---------- -------- 
4405468          Tc_pbe        160                                             02:05:35      0:0 
4405468.bat+      batch          8        1   00:31:43          0   00:31:43   02:05:35      0:0 
4405468.ext+     extern        160       14   00:00:00         10   00:00:00   02:05:35      0:0 
4405468.0      mrchem.x        160       40   01:27:17         39   02:24:44   01:33:26      0:0 

Memory usage stats:
       JobID     MaxRSS MaxRSSTask     AveRSS MaxPages   MaxPagesTask   AvePages 
------------ ---------- ---------- ---------- -------- -------------- ---------- 
4405468                                                                          
4405468.bat+   3034956K          0   3034956K        0              0          0 
4405468.ext+          0         10          0        0             10          0 
4405468.0     11700876K          0 11193446.+        0              4          0 

Disk usage stats:
       JobID  MaxDiskRead MaxDiskReadTask    AveDiskRead MaxDiskWrite MaxDiskWriteTask   AveDiskWrite 
------------ ------------ --------------- -------------- ------------ ---------------- -------------- 
4405468                                                                                               
4405468.bat+     1019.47M               0       1019.47M     1003.96M                0       1003.96M 
4405468.ext+        0.00M              10          0.00M            0               10              0 
4405468.0        1510.02M              20       1472.09M       35.21M                1         11.02M 

Job 4405468 completed at Thu Nov 11 22:27:23 CET 2021
