Starting job 4405477 on c3-[40,42,53],c6-[1,3-7] at Fri Nov 12 01:46:26 CET 2021

Copying Te_pbe.out to /cluster/home/ambr/projects/zora/row5/calcs_mw
Copying Te_pbe.json to /cluster/home/ambr/projects/zora/row5/calcs_mw

Task and CPU usage stats:
       JobID    JobName  AllocCPUS   NTasks     MinCPU MinCPUTask     AveCPU    Elapsed ExitCode 
------------ ---------- ---------- -------- ---------- ---------- ---------- ---------- -------- 
4405477          Te_pbe        160                                             07:07:08      0:0 
4405477.bat+      batch          4        1   00:38:05          0   00:38:05   07:07:08      0:0 
4405477.ext+     extern        160        9   00:00:00          6   00:00:00   07:07:08      0:0 
4405477.0      mrchem.x        160       40   06:06:46         39   09:57:44   06:28:37      0:0 

Memory usage stats:
       JobID     MaxRSS MaxRSSTask     AveRSS MaxPages   MaxPagesTask   AvePages 
------------ ---------- ---------- ---------- -------- -------------- ---------- 
4405477                                                                          
4405477.bat+   3650332K          0   3650332K        0              0          0 
4405477.ext+          0          6          0        0              6          0 
4405477.0     21088000K         39 14659590.+        0              2          0 

Disk usage stats:
       JobID  MaxDiskRead MaxDiskReadTask    AveDiskRead MaxDiskWrite MaxDiskWriteTask   AveDiskWrite 
------------ ------------ --------------- -------------- ------------ ---------------- -------------- 
4405477                                                                                               
4405477.bat+     1229.70M               0       1229.70M     1214.07M                0       1214.07M 
4405477.ext+        0.00M               6          0.00M            0                6              0 
4405477.0        1825.15M               6       1779.53M       36.56M                5         17.11M 

Job 4405477 completed at Fri Nov 12 08:53:35 CET 2021
