Starting job 4405479 on c3-[29-30,33,41,43-56],c6-1 at Fri Nov 12 08:05:27 CET 2021

Copying Xe_pbe.out to /cluster/home/ambr/projects/zora/row5/calcs_mw
Copying Xe_pbe.json to /cluster/home/ambr/projects/zora/row5/calcs_mw

Task and CPU usage stats:
       JobID    JobName  AllocCPUS   NTasks     MinCPU MinCPUTask     AveCPU    Elapsed ExitCode 
------------ ---------- ---------- -------- ---------- ---------- ---------- ---------- -------- 
4405479          Xe_pbe        160                                             02:04:31      0:0 
4405479.bat+      batch          4        1   00:39:36          0   00:39:36   02:04:31      0:0 
4405479.ext+     extern        160       19   00:00:00         18   00:00:00   02:04:31      0:0 
4405479.0      mrchem.x        160       40   01:19:39         39   02:05:11   01:24:18      0:0 

Memory usage stats:
       JobID     MaxRSS MaxRSSTask     AveRSS MaxPages   MaxPagesTask   AvePages 
------------ ---------- ---------- ---------- -------- -------------- ---------- 
4405479                                                                          
4405479.bat+   3787636K          0   3787636K        0              0          0 
4405479.ext+          0         18          0        0             18          0 
4405479.0     16745944K         30 157823384+        0              6          0 

Disk usage stats:
       JobID  MaxDiskRead MaxDiskReadTask    AveDiskRead MaxDiskWrite MaxDiskWriteTask   AveDiskWrite 
------------ ------------ --------------- -------------- ------------ ---------------- -------------- 
4405479                                                                                               
4405479.bat+     2539.74M               0       2539.74M     3150.61M                0       3150.61M 
4405479.ext+        0.00M              18          0.00M            0               18              0 
4405479.0        1891.89M              37       1844.05M       35.21M                4         13.25M 

Job 4405479 completed at Fri Nov 12 10:09:59 CET 2021
