Starting job 4405464 on c6-[1,3-7] at Thu Nov 11 17:30:28 CET 2021

Copying Y_pbe.out to /cluster/home/ambr/projects/zora/row5/calcs_mw
Copying Y_pbe.json to /cluster/home/ambr/projects/zora/row5/calcs_mw

Task and CPU usage stats:
       JobID    JobName  AllocCPUS   NTasks     MinCPU MinCPUTask     AveCPU    Elapsed ExitCode 
------------ ---------- ---------- -------- ---------- ---------- ---------- ---------- -------- 
4405464           Y_pbe        160                                             02:25:29      0:0 
4405464.bat+      batch         24        1   00:27:27          0   00:27:27   02:25:29      0:0 
4405464.ext+     extern        160        6   00:00:00          3   00:00:00   02:25:29      0:0 
4405464.0      mrchem.x        160       40   01:50:00         39   02:55:58   01:57:40      0:0 

Memory usage stats:
       JobID     MaxRSS MaxRSSTask     AveRSS MaxPages   MaxPagesTask   AvePages 
------------ ---------- ---------- ---------- -------- -------------- ---------- 
4405464                                                                          
4405464.bat+   2761092K          0   2761092K        0              0          0 
4405464.ext+          0          3          0        0              3          0 
4405464.0     11846380K         34 116351568+        0             14          0 

Disk usage stats:
       JobID  MaxDiskRead MaxDiskReadTask    AveDiskRead MaxDiskWrite MaxDiskWriteTask   AveDiskWrite 
------------ ------------ --------------- -------------- ------------ ---------------- -------------- 
4405464                                                                                               
4405464.bat+      926.10M               0        926.10M      910.57M                0        910.57M 
4405464.ext+        0.00M               3          0.00M            0                3              0 
4405464.0        1366.36M               4       1332.26M       20.98M                0         13.76M 

Job 4405464 completed at Thu Nov 11 19:55:58 CET 2021
