Starting job 4405465 on c3-[29,32-43] at Thu Nov 11 18:36:30 CET 2021

Copying Zr_pbe.out to /cluster/home/ambr/projects/zora/row5/calcs_mw
Copying Zr_pbe.json to /cluster/home/ambr/projects/zora/row5/calcs_mw

Task and CPU usage stats:
       JobID    JobName  AllocCPUS   NTasks     MinCPU MinCPUTask     AveCPU    Elapsed ExitCode 
------------ ---------- ---------- -------- ---------- ---------- ---------- ---------- -------- 
4405465          Zr_pbe        160                                             02:49:05      0:0 
4405465.bat+      batch         12        1   00:28:54          0   00:28:54   02:49:05      0:0 
4405465.ext+     extern        160       13   00:00:00         12   00:00:00   02:49:05      0:0 
4405465.0      mrchem.x        160       40   02:11:23         39   03:36:18   02:19:43      0:0 

Memory usage stats:
       JobID     MaxRSS MaxRSSTask     AveRSS MaxPages   MaxPagesTask   AvePages 
------------ ---------- ---------- ---------- -------- -------------- ---------- 
4405465                                                                          
4405465.bat+   2828860K          0   2828860K        0              0          0 
4405465.ext+          0         12          0        0             12          0 
4405465.0     11838008K          0 116426068+        0              6          0 

Disk usage stats:
       JobID  MaxDiskRead MaxDiskReadTask    AveDiskRead MaxDiskWrite MaxDiskWriteTask   AveDiskWrite 
------------ ------------ --------------- -------------- ------------ ---------------- -------------- 
4405465                                                                                               
4405465.bat+      949.40M               0        949.40M      933.92M                0        933.92M 
4405465.ext+        0.00M              12          0.00M            0               12              0 
4405465.0        1404.63M               2       1369.55M       37.44M                0         11.50M 

Job 4405465 completed at Thu Nov 11 21:25:35 CET 2021
