                                                                           
                                                                           
***************************************************************************
***                                                                     ***
***                                                                     ***
***          __  __ ____   ____ _                                       ***
***         |  \/  |  _ \ / ___| |__   ___ _ __ ___                     ***
***         | |\/| | |_) | |   | '_ \ / _ \ '_ ` _ \                    ***
***         | |  | |  _ <| |___| | | |  __/ | | | | |                   ***
***         |_|  |_|_| \_\\____|_| |_|\___|_| |_| |_|                   ***
***                                                                     ***
***         VERSION            1.1.0-alpha                              ***
***                                                                     ***
***         Git branch         new-zora                                 ***
***         Git commit hash    dd0292b4cc5a484bb89f                     ***
***         Git commit author  Anders Brakestad                         ***
***         Git commit date    Tue May 4 16:46:31 2021 +0200            ***
***                                                                     ***
***         Contact: luca.frediani@uit.no                               ***
***                                                                     ***
***         Radovan Bast            Magnar Bjorgve                      ***
***         Roberto Di Remigio      Antoine Durdek                      ***
***         Luca Frediani           Gabriel Gerez                       ***
***         Stig Rune Jensen        Jonas Juselius                      ***
***         Rune Monstad            Peter Wind                          ***
***                                                                     ***
***************************************************************************

---------------------------------------------------------------------------

 MPI processes           :        (1 bank)                              48
 OpenMP threads          :                                              16
 Total cores             :                                             753
                                                                           
---------------------------------------------------------------------------

XCFun DFT library Copyright 2009-2020 Ulf Ekstrom and contributors.
See http://dftlibs.org/xcfun/ for more information.

This is free software; see the source code for copying conditions.
There is ABSOLUTELY NO WARRANTY; not even for MERCHANTABILITY or
FITNESS FOR A PARTICULAR PURPOSE. For details see the documentation.
Scientific users of this library should cite
U. Ekstrom, L. Visscher, R. Bast, A. J. Thorvaldsen and K. Ruud;
J.Chem.Theor.Comp. 2010, DOI: 10.1021/ct100117s

---------------------------------------------------------------------------

 MRCPP version         : 1.4.0-alpha
 Git branch            : HEAD
 Git commit hash       : 2797a7a18efb69942a6e
 Git commit author     : Stig Rune Jensen
 Git commit date       : Fri Mar 12 12:48:07 2021 +0100

 Linear algebra        : EIGEN v3.3.7
 Parallelization       : MPI/OpenMP (16 threads)

---------------------------------------------------------------------------


                                                                           
===========================================================================
                         MultiResolution Analysis
---------------------------------------------------------------------------
 polynomial order      : 11
 polynomial type       : Interpolating
---------------------------------------------------------------------------
 total boxes           : 8
 boxes                 : [          2           2           2 ]
 unit lengths          : [   64.00000    64.00000    64.00000 ]
 scaling factor        : [    1.00000     1.00000     1.00000 ]
 lower bounds          : [  -64.00000   -64.00000   -64.00000 ]
 upper bounds          : [   64.00000    64.00000    64.00000 ]
 total length          : [  128.00000   128.00000   128.00000 ]
===========================================================================


                                                                           
***************************************************************************
***                                                                     ***
***                        Initializing Molecule                        ***
***                                                                     ***
***************************************************************************
                                                                           
                                                                           
===========================================================================
                                 Molecule
---------------------------------------------------------------------------
 Charge                  :                                               0
 Multiplicity            :                                               1
---------------------------------------------------------------------------
    N    Atom            :               x               y               z
---------------------------------------------------------------------------
    0       C            :       -0.036013       -1.293555       -0.000000
    1       B            :       -0.039301        1.649641       -0.000000
    2       H            :        1.986596       -1.775523        0.000002
    3       H            :       -0.824468       -2.160147        1.687038
    4       H            :       -0.824465       -2.160148       -1.687040
    5       H            :        0.028693        2.803442       -1.932983
    6       H            :        0.028699        2.803442        1.932983
---------------------------------------------------------------------------
 Center of mass          :       -0.016483        0.064769       -0.000000
===========================================================================


                                                                           
***************************************************************************
***                                                                     ***
***                 Computing Ground State Wavefunction                 ***
***                                                                     ***
***************************************************************************
                                                                           
                                                                           
~~~~~~~~~~~~~~~~~~~~~~~~~~~~~~~~~~~~~~~~~~~~~~~~~~~~~~~~~~~~~~~~~~~~~~~~~~~
 Calculation             : Compute initial orbitals
 Method                  : Diagonalize SAD Hamiltonian
 Precision               : 1.00000e-04
 Restricted              : True
 Functional              : LDA (SVWN5)
 AO basis                : Hydrogenic orbitals
 Zeta quality            : 3
~~~~~~~~~~~~~~~~~~~~~~~~~~~~~~~~~~~~~~~~~~~~~~~~~~~~~~~~~~~~~~~~~~~~~~~~~~~


===========================================================================
                            Molecular Orbitals
---------------------------------------------------------------------------
 Alpha electrons         :                                               8
 Beta electrons          :                                               8
 Total electrons         :                                              16
---------------------------------------------------------------------------
    n  Occ Spin          :                                            Norm
---------------------------------------------------------------------------
    0    2    p          :                              9.999995777325e-01
    1    2    p          :                              9.999996937266e-01
    2    2    p          :                              9.999968837529e-01
    3    2    p          :                              1.000001702877e+00
    4    2    p          :                              9.999926221713e-01
    5    2    p          :                              9.999997085876e-01
    6    2    p          :                              9.999996058844e-01
    7    2    p          :                              1.000000646692e+00
===========================================================================


~~~~~~~~~~~~~~~~~~~~~~~~~~~~~~~~~~~~~~~~~~~~~~~~~~~~~~~~~~~~~~~~~~~~~~~~~~~
 Calculation             : Compute initial energy
 Method                  : DFT (SVWN5)
 Precision               : 1.00000e-04
 Localization            : On
~~~~~~~~~~~~~~~~~~~~~~~~~~~~~~~~~~~~~~~~~~~~~~~~~~~~~~~~~~~~~~~~~~~~~~~~~~~


===========================================================================
                        Molecular Energy (initial)
---------------------------------------------------------------------------
 Kinetic energy          :            (au)                 69.478228002267
 E-N energy              :            (au)               -221.131774443439
 Coulomb energy          :            (au)                 65.803916597140
 Exchange energy         :            (au)                  0.000000000000
 X-C energy              :            (au)                -10.962591075137
 Ext. field (el)         :            (au)                  0.000000000000
---------------------------------------------------------------------------
 N-N energy              :            (au)                 31.879273271998
 Ext. field (nuc)        :            (au)                  0.000000000000
 Tot. Reac. Energy       :            (au)                  0.000000000000
 El. Reac. Energy        :            (au)                  0.000000000000
 Nuc. Reac. Energy       :            (au)                  0.000000000000
---------------------------------------------------------------------------
 Electronic energy       :            (au)                -96.812220919169
 Nuclear energy          :            (au)                 31.879273271998
---------------------------------------------------------------------------
 Total energy            :            (au)             -6.493294764717e+01
                         :      (kcal/mol)             -4.074603949868e+04
                         :        (kJ/mol)             -1.704814293731e+05
                         :            (eV)             -1.766915440859e+03
===========================================================================


===========================================================================
                        Orbital Energies (initial)
---------------------------------------------------------------------------
    n  Occ Spin          :                                         Epsilon
---------------------------------------------------------------------------
    0    2    p          :            (au)                 -9.236159814414
    1    2    p          :            (au)                 -6.303721640271
    2    2    p          :            (au)                 -0.474108759682
    3    2    p          :            (au)                 -0.368152173233
    4    2    p          :            (au)                 -0.272961923741
    5    2    p          :            (au)                 -0.227060402992
    6    2    p          :            (au)                 -0.189800164344
    7    2    p          :            (au)                 -0.158597245030
---------------------------------------------------------------------------
 Sum occupied            :            (au)                -34.461124247412
===========================================================================


~~~~~~~~~~~~~~~~~~~~~~~~~~~~~~~~~~~~~~~~~~~~~~~~~~~~~~~~~~~~~~~~~~~~~~~~~~~
 Calculation             : Optimize ground state orbitals
 Method                  : DFT (SVWN5)
 Checkpointing           : Off
 Max iterations          : 100
 KAIN solver             : 10
 Localization            : Every 10 iterations
 Diagonalization         : Off
 Start precision         : 1.00000e-07
 Final precision         : 1.00000e-07
 Helmholtz precision     : Dynamic
 Energy threshold        : 1.00000e-07
 Orbital threshold       : 1.00000e-06
 ZORA                    : Off
~~~~~~~~~~~~~~~~~~~~~~~~~~~~~~~~~~~~~~~~~~~~~~~~~~~~~~~~~~~~~~~~~~~~~~~~~~~


===========================================================================
 Iter           MO residual             Total energy                Update
---------------------------------------------------------------------------
    0          2.828427e+00         -64.932947647171         -6.493295e+01
    1          3.066935e-01         -65.221592705786         -2.886451e-01
    2          1.179742e-01         -65.255192542038         -3.359984e-02
    3          4.134340e-02         -65.259436636228         -4.244094e-03
    4          1.582786e-02         -65.260366245828         -9.296096e-04
    5          1.067407e-02         -65.260884521448         -5.182756e-04
    6          4.372844e-03         -65.260957039815         -7.251837e-05
    7          2.701458e-03         -65.260977585430         -2.054562e-05
    8          9.497865e-04         -65.260980601612         -3.016181e-06
    9          9.647575e-04         -65.260982447495         -1.845883e-06
   10          4.263004e-04         -65.260982796581         -3.490859e-07
   11          1.231022e-04         -65.260982857350         -6.076903e-08
   12          7.965735e-05         -65.260982884126         -2.677693e-08
   13          1.352752e-04         -65.260982914369         -3.024294e-08
   14          6.321151e-05         -65.260982921212         -6.842313e-09
   15          4.354561e-05         -65.260982923609         -2.397101e-09
   16          1.210147e-05         -65.260982923933         -3.241638e-10
   17          8.153956e-06         -65.260982924080         -1.465708e-10
   18          4.730731e-06         -65.260982924125         -4.526157e-11
   19          2.066395e-06         -65.260982924135         -1.027445e-11
   20          1.581655e-06         -65.260982924139         -4.291678e-12
---------------------------------------------------------------------------
                      SCF converged in 20 iterations!
===========================================================================


                                                                           
***************************************************************************
***                                                                     ***
***                    Printing Molecular Properties                    ***
***                                                                     ***
***************************************************************************
                                                                           
                                                                           
===========================================================================
                                 Molecule
---------------------------------------------------------------------------
 Charge                  :                                               0
 Multiplicity            :                                               1
---------------------------------------------------------------------------
    N    Atom            :               x               y               z
---------------------------------------------------------------------------
    0       C            :       -0.036013       -1.293555       -0.000000
    1       B            :       -0.039301        1.649641       -0.000000
    2       H            :        1.986596       -1.775523        0.000002
    3       H            :       -0.824468       -2.160147        1.687038
    4       H            :       -0.824465       -2.160148       -1.687040
    5       H            :        0.028693        2.803442       -1.932983
    6       H            :        0.028699        2.803442        1.932983
---------------------------------------------------------------------------
 Center of mass          :       -0.016483        0.064769       -0.000000
===========================================================================


===========================================================================
                         Molecular Energy (final)
---------------------------------------------------------------------------
 Kinetic energy          :            (au)                 64.710006669467
 E-N energy              :            (au)               -214.593572278913
 Coulomb energy          :            (au)                 63.300260708003
 Exchange energy         :            (au)                  0.000000000000
 X-C energy              :            (au)                -10.556951294696
 Ext. field (el)         :            (au)                  0.000000000000
---------------------------------------------------------------------------
 N-N energy              :            (au)                 31.879273271998
 Ext. field (nuc)        :            (au)                  0.000000000000
 Tot. Reac. Energy       :            (au)                  0.000000000000
 El. Reac. Energy        :            (au)                  0.000000000000
 Nuc. Reac. Energy       :            (au)                  0.000000000000
---------------------------------------------------------------------------
 Electronic energy       :            (au)                -97.140256196138
 Nuclear energy          :            (au)                 31.879273271998
---------------------------------------------------------------------------
 Total energy            :            (au)             -6.526098292414e+01
                         :      (kcal/mol)             -4.095188474114e+04
                         :        (kJ/mol)             -1.713426858682e+05
                         :            (eV)             -1.775841735090e+03
===========================================================================


===========================================================================
                         Orbital Energies (final)
---------------------------------------------------------------------------
    n  Occ Spin          :                                         Epsilon
---------------------------------------------------------------------------
    0    2    p          :            (au)                 -9.762458216476
    1    2    p          :            (au)                 -6.432099128381
    2    2    p          :            (au)                 -0.636949641197
    3    2    p          :            (au)                 -0.431868900767
    4    2    p          :            (au)                 -0.375624978592
    5    2    p          :            (au)                 -0.365326262183
    6    2    p          :            (au)                 -0.297525819455
    7    2    p          :            (au)                 -0.279201448082
---------------------------------------------------------------------------
 Sum occupied            :            (au)                -37.162108790267
===========================================================================


===========================================================================
                           Dipole Moment (dip-1)
---------------------------------------------------------------------------
 r_O                     :        0.000000        0.000000        0.000000
---------------------------------------------------------------------------
 Electronic vector       :        0.065065       -0.299145        0.000001
 Magnitude               :            (au)                        0.306139
                         :         (Debye)                        0.778128
---------------------------------------------------------------------------
 Nuclear vector          :       -0.017528       -0.002057       -0.000001
 Magnitude               :            (au)                        0.017648
                         :         (Debye)                        0.044858
---------------------------------------------------------------------------
 Total vector            :        0.047537       -0.301202        0.000000
 Magnitude               :            (au)                        0.304930
                         :         (Debye)                        0.775054
===========================================================================


                                                                           
                                                                           
***************************************************************************
***                                                                     ***
***                            Exiting MRChem                           ***
***                                                                     ***
***                       Wall time :  0h  9m  7s                       ***
***                                                                     ***
***************************************************************************
                                                                           
                                                                           
