Starting job 181735 on b[2333-2338] at Fri May 7 14:33:24 CEST 2021

Copying CH3BH2.out to /cluster/home/ambr/projects/zora/mini-benchmark-gto-mw/small-molecules/calcs
Copying CH3BH2.json to /cluster/home/ambr/projects/zora/mini-benchmark-gto-mw/small-molecules/calcs

Task and CPU usage stats:
       JobID    JobName  AllocCPUS   NTasks     MinCPU MinCPUTask     AveCPU    Elapsed ExitCode 
------------ ---------- ---------- -------- ---------- ---------- ---------- ---------- -------- 
181735           CH3BH2        768                                             00:09:15      1:0 
181735.batch      batch        128        1   07:56:12          0   07:56:12   00:09:15      1:0 
181735.exte+     extern        768        6   00:00:00          4   00:00:00   00:09:16      0:0 
181735.0          orted         80        5   01:21:31          4   01:22:47   00:09:10      0:0 

Memory usage stats:
       JobID     MaxRSS MaxRSSTask     AveRSS MaxPages   MaxPagesTask   AvePages 
------------ ---------- ---------- ---------- -------- -------------- ---------- 
181735                                                                           
181735.batch  52244550K          0  52244550K       82              0         82 
181735.exte+       801K          1     818346        1              4          1 
181735.0      22055380K          4 202651367+       60              2         55 

Disk usage stats:
       JobID  MaxDiskRead MaxDiskReadTask    AveDiskRead MaxDiskWrite MaxDiskWriteTask   AveDiskWrite 
------------ ------------ --------------- -------------- ------------ ---------------- -------------- 
181735                                                                                                
181735.batch       40.38M               0         40.38M       26.39M                0         26.39M 
181735.exte+        0.00M               4          0.00M            0                4              0 
181735.0           29.18M               2         29.16M       88.20M                4         31.85M 

Job 181735 completed at Fri May 7 14:42:40 CEST 2021
