Starting job 181733 on b[2205-2207,2218-2220] at Fri May 7 14:33:10 CEST 2021

Copying CO2.out to /cluster/home/ambr/projects/zora/mini-benchmark-gto-mw/small-molecules/calcs
Copying CO2.json to /cluster/home/ambr/projects/zora/mini-benchmark-gto-mw/small-molecules/calcs

Task and CPU usage stats:
       JobID    JobName  AllocCPUS   NTasks     MinCPU MinCPUTask     AveCPU    Elapsed ExitCode 
------------ ---------- ---------- -------- ---------- ---------- ---------- ---------- -------- 
181733              CO2        768                                             00:12:15      1:0 
181733.batch      batch        128        1   09:53:01          0   09:53:01   00:12:15      1:0 
181733.exte+     extern        768        6   00:00:00          4   00:00:00   00:12:16      0:0 
181733.0          orted         80        5   01:44:29          4   02:19:31   00:12:07      0:0 

Memory usage stats:
       JobID     MaxRSS MaxRSSTask     AveRSS MaxPages   MaxPagesTask   AvePages 
------------ ---------- ---------- ---------- -------- -------------- ---------- 
181733                                                                           
181733.batch  51928148K          0  51928148K       67              0         67 
181733.exte+       805K          0       799K        3              4          2 
181733.0      29074963K          0 208799320+       52              3         41 

Disk usage stats:
       JobID  MaxDiskRead MaxDiskReadTask    AveDiskRead MaxDiskWrite MaxDiskWriteTask   AveDiskWrite 
------------ ------------ --------------- -------------- ------------ ---------------- -------------- 
181733                                                                                                
181733.batch       40.37M               0         40.37M       26.33M                0         26.33M 
181733.exte+        0.00M               4          0.00M            0                4              0 
181733.0           29.10M               1         29.08M       84.10M                4         31.79M 

Job 181733 completed at Fri May 7 14:45:26 CEST 2021
