                                                                           
                                                                           
***************************************************************************
***                                                                     ***
***                                                                     ***
***          __  __ ____   ____ _                                       ***
***         |  \/  |  _ \ / ___| |__   ___ _ __ ___                     ***
***         | |\/| | |_) | |   | '_ \ / _ \ '_ ` _ \                    ***
***         | |  | |  _ <| |___| | | |  __/ | | | | |                   ***
***         |_|  |_|_| \_\\____|_| |_|\___|_| |_| |_|                   ***
***                                                                     ***
***         VERSION            1.1.0-alpha                              ***
***                                                                     ***
***         Git branch         new-zora                                 ***
***         Git commit hash    dd0292b4cc5a484bb89f                     ***
***         Git commit author  Anders Brakestad                         ***
***         Git commit date    Tue May 4 16:46:31 2021 +0200            ***
***                                                                     ***
***         Contact: luca.frediani@uit.no                               ***
***                                                                     ***
***         Radovan Bast            Magnar Bjorgve                      ***
***         Roberto Di Remigio      Antoine Durdek                      ***
***         Luca Frediani           Gabriel Gerez                       ***
***         Stig Rune Jensen        Jonas Juselius                      ***
***         Rune Monstad            Peter Wind                          ***
***                                                                     ***
***************************************************************************

---------------------------------------------------------------------------

 MPI processes           :        (1 bank)                              48
 OpenMP threads          :                                              16
 Total cores             :                                             753
                                                                           
---------------------------------------------------------------------------

XCFun DFT library Copyright 2009-2020 Ulf Ekstrom and contributors.
See http://dftlibs.org/xcfun/ for more information.

This is free software; see the source code for copying conditions.
There is ABSOLUTELY NO WARRANTY; not even for MERCHANTABILITY or
FITNESS FOR A PARTICULAR PURPOSE. For details see the documentation.
Scientific users of this library should cite
U. Ekstrom, L. Visscher, R. Bast, A. J. Thorvaldsen and K. Ruud;
J.Chem.Theor.Comp. 2010, DOI: 10.1021/ct100117s

---------------------------------------------------------------------------

 MRCPP version         : 1.4.0-alpha
 Git branch            : HEAD
 Git commit hash       : 2797a7a18efb69942a6e
 Git commit author     : Stig Rune Jensen
 Git commit date       : Fri Mar 12 12:48:07 2021 +0100

 Linear algebra        : EIGEN v3.3.7
 Parallelization       : MPI/OpenMP (16 threads)

---------------------------------------------------------------------------


                                                                           
===========================================================================
                         MultiResolution Analysis
---------------------------------------------------------------------------
 polynomial order      : 11
 polynomial type       : Interpolating
---------------------------------------------------------------------------
 total boxes           : 8
 boxes                 : [          2           2           2 ]
 unit lengths          : [   64.00000    64.00000    64.00000 ]
 scaling factor        : [    1.00000     1.00000     1.00000 ]
 lower bounds          : [  -64.00000   -64.00000   -64.00000 ]
 upper bounds          : [   64.00000    64.00000    64.00000 ]
 total length          : [  128.00000   128.00000   128.00000 ]
===========================================================================


                                                                           
***************************************************************************
***                                                                     ***
***                        Initializing Molecule                        ***
***                                                                     ***
***************************************************************************
                                                                           
                                                                           
===========================================================================
                                 Molecule
---------------------------------------------------------------------------
 Charge                  :                                               0
 Multiplicity            :                                               1
---------------------------------------------------------------------------
    N    Atom            :               x               y               z
---------------------------------------------------------------------------
    0       C            :        0.000000        0.000000        0.000000
    1       O            :        0.000000        0.000000        2.196051
    2       O            :        0.000000        0.000000       -2.196051
---------------------------------------------------------------------------
 Center of mass          :        0.000000        0.000000        0.000000
===========================================================================


                                                                           
***************************************************************************
***                                                                     ***
***                 Computing Ground State Wavefunction                 ***
***                                                                     ***
***************************************************************************
                                                                           
                                                                           
~~~~~~~~~~~~~~~~~~~~~~~~~~~~~~~~~~~~~~~~~~~~~~~~~~~~~~~~~~~~~~~~~~~~~~~~~~~
 Calculation             : Compute initial orbitals
 Method                  : Diagonalize SAD Hamiltonian
 Precision               : 1.00000e-04
 Restricted              : True
 Functional              : LDA (SVWN5)
 AO basis                : Hydrogenic orbitals
 Zeta quality            : 3
~~~~~~~~~~~~~~~~~~~~~~~~~~~~~~~~~~~~~~~~~~~~~~~~~~~~~~~~~~~~~~~~~~~~~~~~~~~


===========================================================================
                            Molecular Orbitals
---------------------------------------------------------------------------
 Alpha electrons         :                                              11
 Beta electrons          :                                              11
 Total electrons         :                                              22
---------------------------------------------------------------------------
    n  Occ Spin          :                                            Norm
---------------------------------------------------------------------------
    0    2    p          :                              9.999999320677e-01
    1    2    p          :                              1.000000042409e+00
    2    2    p          :                              1.000000016823e+00
    3    2    p          :                              9.999998034465e-01
    4    2    p          :                              1.000000092102e+00
    5    2    p          :                              9.999996818795e-01
    6    2    p          :                              9.999995583415e-01
    7    2    p          :                              9.999729923077e-01
    8    2    p          :                              9.999742823534e-01
    9    2    p          :                              1.000033379957e+00
   10    2    p          :                              1.000032821627e+00
===========================================================================


~~~~~~~~~~~~~~~~~~~~~~~~~~~~~~~~~~~~~~~~~~~~~~~~~~~~~~~~~~~~~~~~~~~~~~~~~~~
 Calculation             : Compute initial energy
 Method                  : DFT (SVWN5)
 Precision               : 1.00000e-04
 Localization            : On
~~~~~~~~~~~~~~~~~~~~~~~~~~~~~~~~~~~~~~~~~~~~~~~~~~~~~~~~~~~~~~~~~~~~~~~~~~~


===========================================================================
                        Molecular Energy (initial)
---------------------------------------------------------------------------
 Kinetic energy          :            (au)                198.292940439608
 E-N energy              :            (au)               -572.966470956516
 Coulomb energy          :            (au)                151.422604424136
 Exchange energy         :            (au)                  0.000000000000
 X-C energy              :            (au)                -21.767828535299
 Ext. field (el)         :            (au)                  0.000000000000
---------------------------------------------------------------------------
 N-N energy              :            (au)                 58.286449527221
 Ext. field (nuc)        :            (au)                  0.000000000000
 Tot. Reac. Energy       :            (au)                  0.000000000000
 El. Reac. Energy        :            (au)                  0.000000000000
 Nuc. Reac. Energy       :            (au)                  0.000000000000
---------------------------------------------------------------------------
 Electronic energy       :            (au)               -245.018754628071
 Nuclear energy          :            (au)                 58.286449527221
---------------------------------------------------------------------------
 Total energy            :            (au)             -1.867323051008e+02
                         :      (kcal/mol)             -1.171762896190e+05
                         :        (kJ/mol)             -4.902655960840e+05
                         :            (eV)             -5.081244655373e+03
===========================================================================


===========================================================================
                        Orbital Energies (initial)
---------------------------------------------------------------------------
    n  Occ Spin          :                                         Epsilon
---------------------------------------------------------------------------
    0    2    p          :            (au)                -18.194289558730
    1    2    p          :            (au)                -18.191823068073
    2    2    p          :            (au)                -10.027896391799
    3    2    p          :            (au)                 -0.984450910723
    4    2    p          :            (au)                 -0.937153472167
    5    2    p          :            (au)                 -0.408894470352
    6    2    p          :            (au)                 -0.397386842969
    7    2    p          :            (au)                 -0.372223639804
    8    2    p          :            (au)                 -0.336109269113
    9    2    p          :            (au)                 -0.206916585841
   10    2    p          :            (au)                 -0.201482436016
---------------------------------------------------------------------------
 Sum occupied            :            (au)               -100.517253291177
===========================================================================


~~~~~~~~~~~~~~~~~~~~~~~~~~~~~~~~~~~~~~~~~~~~~~~~~~~~~~~~~~~~~~~~~~~~~~~~~~~
 Calculation             : Optimize ground state orbitals
 Method                  : DFT (SVWN5)
 Checkpointing           : Off
 Max iterations          : 100
 KAIN solver             : 10
 Localization            : Every 10 iterations
 Diagonalization         : Off
 Start precision         : 1.00000e-07
 Final precision         : 1.00000e-07
 Helmholtz precision     : Dynamic
 Energy threshold        : 1.00000e-07
 Orbital threshold       : 1.00000e-06
 ZORA                    : Off
~~~~~~~~~~~~~~~~~~~~~~~~~~~~~~~~~~~~~~~~~~~~~~~~~~~~~~~~~~~~~~~~~~~~~~~~~~~


===========================================================================
 Iter           MO residual             Total energy                Update
---------------------------------------------------------------------------
    0          3.316625e+00        -186.732305100850         -1.867323e+02
    1          2.313731e-01        -187.220795936705         -4.884908e-01
    2          9.772544e-02        -187.271854219485         -5.105828e-02
    3          5.418395e-02        -187.281057286741         -9.203067e-03
    4          2.493916e-02        -187.284171396276         -3.114110e-03
    5          1.827689e-02        -187.286160125341         -1.988729e-03
    6          1.045024e-02        -187.286656739211         -4.966139e-04
    7          6.358271e-03        -187.286878222981         -2.214838e-04
    8          3.593286e-03        -187.286936387884         -5.816490e-05
    9          1.963059e-03        -187.286954649818         -1.826193e-05
   10          1.322865e-03        -187.286961166988         -6.517169e-06
   11          4.211793e-04        -187.286962675551         -1.508564e-06
   12          3.183704e-04        -187.286963403382         -7.278309e-07
   13          6.856980e-04        -187.286964630702         -1.227320e-06
   14          2.145616e-04        -187.286964809603         -1.789007e-07
   15          1.882762e-04        -187.286964940368         -1.307648e-07
   16          6.972402e-05        -187.286964966292         -2.592481e-08
   17          6.747445e-05        -187.286964980317         -1.402472e-08
   18          3.341729e-05        -187.286964984664         -4.346447e-09
   19          2.190507e-05        -187.286964986169         -1.505242e-09
   20          7.646089e-06        -187.286964986398         -2.289653e-10
   21          3.453033e-06        -187.286964986498         -1.003855e-10
   22          2.534722e-06        -187.286964986542         -4.374101e-11
   23          6.002282e-06        -187.286964986635         -9.262635e-11
   24          1.216083e-06        -187.286964986641         -6.735945e-12
---------------------------------------------------------------------------
                      SCF converged in 24 iterations!
===========================================================================


                                                                           
***************************************************************************
***                                                                     ***
***                    Printing Molecular Properties                    ***
***                                                                     ***
***************************************************************************
                                                                           
                                                                           
===========================================================================
                                 Molecule
---------------------------------------------------------------------------
 Charge                  :                                               0
 Multiplicity            :                                               1
---------------------------------------------------------------------------
    N    Atom            :               x               y               z
---------------------------------------------------------------------------
    0       C            :        0.000000        0.000000        0.000000
    1       O            :        0.000000        0.000000        2.196051
    2       O            :        0.000000        0.000000       -2.196051
---------------------------------------------------------------------------
 Center of mass          :        0.000000        0.000000        0.000000
===========================================================================


===========================================================================
                         Molecular Energy (final)
---------------------------------------------------------------------------
 Kinetic energy          :            (au)                186.294178366739
 E-N energy              :            (au)               -558.904748629746
 Coulomb energy          :            (au)                148.121069064586
 Exchange energy         :            (au)                  0.000000000000
 X-C energy              :            (au)                -21.083913315442
 Ext. field (el)         :            (au)                  0.000000000000
---------------------------------------------------------------------------
 N-N energy              :            (au)                 58.286449527221
 Ext. field (nuc)        :            (au)                  0.000000000000
 Tot. Reac. Energy       :            (au)                  0.000000000000
 El. Reac. Energy        :            (au)                  0.000000000000
 Nuc. Reac. Energy       :            (au)                  0.000000000000
---------------------------------------------------------------------------
 Electronic energy       :            (au)               -245.573414513863
 Nuclear energy          :            (au)                 58.286449527221
---------------------------------------------------------------------------
 Total energy            :            (au)             -1.872869649866e+02
                         :      (kcal/mol)             -1.175243439494e+05
                         :        (kJ/mol)             -4.917218554034e+05
                         :            (eV)             -5.096337719097e+03
===========================================================================


===========================================================================
                         Orbital Energies (final)
---------------------------------------------------------------------------
    n  Occ Spin          :                                         Epsilon
---------------------------------------------------------------------------
    0    2    p          :            (au)                -18.691658067841
    1    2    p          :            (au)                -18.691658042515
    2    2    p          :            (au)                 -9.964179707288
    3    2    p          :            (au)                 -1.070380346646
    4    2    p          :            (au)                 -1.035317532779
    5    2    p          :            (au)                 -0.508382028222
    6    2    p          :            (au)                 -0.478315984809
    7    2    p          :            (au)                 -0.478315983408
    8    2    p          :            (au)                 -0.472193547609
    9    2    p          :            (au)                 -0.342546564819
   10    2    p          :            (au)                 -0.342546510196
---------------------------------------------------------------------------
 Sum occupied            :            (au)               -104.150988632262
===========================================================================


===========================================================================
                           Dipole Moment (dip-1)
---------------------------------------------------------------------------
 r_O                     :        0.000000        0.000000        0.000000
---------------------------------------------------------------------------
 Electronic vector       :        0.000000        0.000000        0.000000
 Magnitude               :            (au)                        0.000000
                         :         (Debye)                        0.000000
---------------------------------------------------------------------------
 Nuclear vector          :        0.000000        0.000000        0.000000
 Magnitude               :            (au)                        0.000000
                         :         (Debye)                        0.000000
---------------------------------------------------------------------------
 Total vector            :        0.000000        0.000000        0.000000
 Magnitude               :            (au)                        0.000000
                         :         (Debye)                        0.000000
===========================================================================


                                                                           
                                                                           
***************************************************************************
***                                                                     ***
***                            Exiting MRChem                           ***
***                                                                     ***
***                       Wall time :  0h 12m  3s                       ***
***                                                                     ***
***************************************************************************
                                                                           
                                                                           
