                                                                           
                                                                           
***************************************************************************
***                                                                     ***
***                                                                     ***
***          __  __ ____   ____ _                                       ***
***         |  \/  |  _ \ / ___| |__   ___ _ __ ___                     ***
***         | |\/| | |_) | |   | '_ \ / _ \ '_ ` _ \                    ***
***         | |  | |  _ <| |___| | | |  __/ | | | | |                   ***
***         |_|  |_|_| \_\\____|_| |_|\___|_| |_| |_|                   ***
***                                                                     ***
***         VERSION            1.1.0-alpha                              ***
***                                                                     ***
***         Git branch         new-zora                                 ***
***         Git commit hash    dd0292b4cc5a484bb89f                     ***
***         Git commit author  Anders Brakestad                         ***
***         Git commit date    Tue May 4 16:46:31 2021 +0200            ***
***                                                                     ***
***         Contact: luca.frediani@uit.no                               ***
***                                                                     ***
***         Radovan Bast            Magnar Bjorgve                      ***
***         Roberto Di Remigio      Antoine Durdek                      ***
***         Luca Frediani           Gabriel Gerez                       ***
***         Stig Rune Jensen        Jonas Juselius                      ***
***         Rune Monstad            Peter Wind                          ***
***                                                                     ***
***************************************************************************

---------------------------------------------------------------------------

 MPI processes           :        (1 bank)                              80
 OpenMP threads          :                                              16
 Total cores             :                                            1265
                                                                           
---------------------------------------------------------------------------

XCFun DFT library Copyright 2009-2020 Ulf Ekstrom and contributors.
See http://dftlibs.org/xcfun/ for more information.

This is free software; see the source code for copying conditions.
There is ABSOLUTELY NO WARRANTY; not even for MERCHANTABILITY or
FITNESS FOR A PARTICULAR PURPOSE. For details see the documentation.
Scientific users of this library should cite
U. Ekstrom, L. Visscher, R. Bast, A. J. Thorvaldsen and K. Ruud;
J.Chem.Theor.Comp. 2010, DOI: 10.1021/ct100117s

---------------------------------------------------------------------------

 MRCPP version         : 1.4.0-alpha
 Git branch            : HEAD
 Git commit hash       : 2797a7a18efb69942a6e
 Git commit author     : Stig Rune Jensen
 Git commit date       : Fri Mar 12 12:48:07 2021 +0100

 Linear algebra        : EIGEN v3.3.7
 Parallelization       : MPI/OpenMP (16 threads)

---------------------------------------------------------------------------


                                                                           
===========================================================================
                         MultiResolution Analysis
---------------------------------------------------------------------------
 polynomial order      : 11
 polynomial type       : Interpolating
---------------------------------------------------------------------------
 total boxes           : 8
 boxes                 : [          2           2           2 ]
 unit lengths          : [   64.00000    64.00000    64.00000 ]
 scaling factor        : [    1.00000     1.00000     1.00000 ]
 lower bounds          : [  -64.00000   -64.00000   -64.00000 ]
 upper bounds          : [   64.00000    64.00000    64.00000 ]
 total length          : [  128.00000   128.00000   128.00000 ]
===========================================================================


                                                                           
***************************************************************************
***                                                                     ***
***                        Initializing Molecule                        ***
***                                                                     ***
***************************************************************************
                                                                           
                                                                           
===========================================================================
                                 Molecule
---------------------------------------------------------------------------
 Charge                  :                                               0
 Multiplicity            :                                               1
---------------------------------------------------------------------------
    N    Atom            :               x               y               z
---------------------------------------------------------------------------
    0      Cr            :      -13.274296        4.081631        5.078595
    1       C            :      -10.856713        4.637329        7.645896
    2       C            :      -10.862119        2.255887        3.187324
    3       C            :      -12.271248        7.105098        3.468349
    4       C            :      -15.686324        5.908709        6.968892
    5       O            :      -17.141519        7.020488        8.109584
    6       O            :       -9.399836        4.974405        9.201080
    7       O            :       -9.406480        1.146731        2.044635
    8       O            :      -11.671604        8.934578        2.494516
    9       C            :      -15.693028        3.526667        2.512077
   10       O            :      -17.151508        3.191252        0.958044
   11       C            :      -14.274899        1.057022        6.687913
   12       O            :      -14.869971       -0.774909        7.660054
---------------------------------------------------------------------------
 Center of mass          :      -13.273864        4.081882        5.078268
===========================================================================


                                                                           
***************************************************************************
***                                                                     ***
***                 Computing Ground State Wavefunction                 ***
***                                                                     ***
***************************************************************************
                                                                           
                                                                           
~~~~~~~~~~~~~~~~~~~~~~~~~~~~~~~~~~~~~~~~~~~~~~~~~~~~~~~~~~~~~~~~~~~~~~~~~~~
 Calculation             : Compute initial orbitals
 Method                  : Diagonalize SAD Hamiltonian
 Precision               : 1.00000e-04
 Restricted              : True
 Functional              : LDA (SVWN5)
 AO basis                : Hydrogenic orbitals
 Zeta quality            : 3
~~~~~~~~~~~~~~~~~~~~~~~~~~~~~~~~~~~~~~~~~~~~~~~~~~~~~~~~~~~~~~~~~~~~~~~~~~~


===========================================================================
                            Molecular Orbitals
---------------------------------------------------------------------------
 Alpha electrons         :                                              54
 Beta electrons          :                                              54
 Total electrons         :                                             108
---------------------------------------------------------------------------
    n  Occ Spin          :                                            Norm
---------------------------------------------------------------------------
    0    2    p          :                              9.999999865885e-01
    1    2    p          :                              9.999998347517e-01
    2    2    p          :                              9.999998175820e-01
    3    2    p          :                              9.999998943020e-01
    4    2    p          :                              9.999999264359e-01
    5    2    p          :                              9.999999875668e-01
    6    2    p          :                              1.000000463738e+00
    7    2    p          :                              1.000000322519e+00
    8    2    p          :                              9.999999929580e-01
    9    2    p          :                              1.000000093195e+00
   10    2    p          :                              9.999999608373e-01
   11    2    p          :                              9.999999886868e-01
   12    2    p          :                              9.999999934455e-01
   13    2    p          :                              9.999999748317e-01
   14    2    p          :                              9.999999989402e-01
   15    2    p          :                              9.999998919637e-01
   16    2    p          :                              9.999999858263e-01
   17    2    p          :                              9.999999688961e-01
   18    2    p          :                              9.999999340344e-01
   19    2    p          :                              9.999999442982e-01
   20    2    p          :                              9.999999427348e-01
   21    2    p          :                              9.999999593149e-01
   22    2    p          :                              9.999981407386e-01
   23    2    p          :                              1.000003053200e+00
   24    2    p          :                              9.999999295867e-01
   25    2    p          :                              9.999998070300e-01
   26    2    p          :                              1.000000163528e+00
   27    2    p          :                              1.000000999530e+00
   28    2    p          :                              9.999977565973e-01
   29    2    p          :                              9.999966843811e-01
   30    2    p          :                              1.000000490783e+00
   31    2    p          :                              9.999999444898e-01
   32    2    p          :                              1.000000393654e+00
   33    2    p          :                              9.999994062810e-01
   34    2    p          :                              1.000000457452e+00
   35    2    p          :                              9.999998970071e-01
   36    2    p          :                              1.000000766759e+00
   37    2    p          :                              1.000000867110e+00
   38    2    p          :                              1.000000215893e+00
   39    2    p          :                              9.999992418367e-01
   40    2    p          :                              1.000000881062e+00
   41    2    p          :                              9.999997003001e-01
   42    2    p          :                              1.000000409881e+00
   43    2    p          :                              9.999994481442e-01
   44    2    p          :                              9.999997541132e-01
   45    2    p          :                              9.999999121045e-01
   46    2    p          :                              9.999999102093e-01
   47    2    p          :                              9.999993642250e-01
   48    2    p          :                              1.000000203483e+00
   49    2    p          :                              9.999994265310e-01
   50    2    p          :                              1.000005866051e+00
   51    2    p          :                              9.999994356203e-01
   52    2    p          :                              9.999996627679e-01
   53    2    p          :                              9.999999179189e-01
===========================================================================


~~~~~~~~~~~~~~~~~~~~~~~~~~~~~~~~~~~~~~~~~~~~~~~~~~~~~~~~~~~~~~~~~~~~~~~~~~~
 Calculation             : Compute initial energy
 Method                  : DFT (SVWN5)
 Precision               : 1.00000e-04
 Localization            : On
~~~~~~~~~~~~~~~~~~~~~~~~~~~~~~~~~~~~~~~~~~~~~~~~~~~~~~~~~~~~~~~~~~~~~~~~~~~


===========================================================================
                        Molecular Energy (initial)
---------------------------------------------------------------------------
 Kinetic energy          :            (au)               1779.154868562568
 E-N energy              :            (au)              -6107.257819989503
 Coulomb energy          :            (au)               1749.573221303484
 Exchange energy         :            (au)                  0.000000000000
 X-C energy              :            (au)               -126.219157550756
 Ext. field (el)         :            (au)                  0.000000000000
---------------------------------------------------------------------------
 N-N energy              :            (au)                990.764865086115
 Ext. field (nuc)        :            (au)                  0.000000000000
 Tot. Reac. Energy       :            (au)                  0.000000000000
 El. Reac. Energy        :            (au)                  0.000000000000
 Nuc. Reac. Energy       :            (au)                  0.000000000000
---------------------------------------------------------------------------
 Electronic energy       :            (au)              -2704.748887674207
 Nuclear energy          :            (au)                990.764865086115
---------------------------------------------------------------------------
 Total energy            :            (au)             -1.713984022588e+03
                         :      (kcal/mol)             -1.075541203889e+06
                         :        (kJ/mol)             -4.500064399991e+06
                         :            (eV)             -4.663987920819e+04
===========================================================================


===========================================================================
                        Orbital Energies (initial)
---------------------------------------------------------------------------
    n  Occ Spin          :                                         Epsilon
---------------------------------------------------------------------------
    0    2    p          :            (au)               -213.817278506533
    1    2    p          :            (au)                -24.629041699793
    2    2    p          :            (au)                -21.049761575491
    3    2    p          :            (au)                -21.042277828425
    4    2    p          :            (au)                -21.037900159821
    5    2    p          :            (au)                -18.546881307182
    6    2    p          :            (au)                -18.543788903488
    7    2    p          :            (au)                -18.470774374949
    8    2    p          :            (au)                -18.467615623836
    9    2    p          :            (au)                -18.355760563684
   10    2    p          :            (au)                -18.349647351310
   11    2    p          :            (au)                 -9.819138578087
   12    2    p          :            (au)                 -9.816320350369
   13    2    p          :            (au)                 -9.783083494521
   14    2    p          :            (au)                 -9.773396609395
   15    2    p          :            (au)                 -9.754446558514
   16    2    p          :            (au)                 -9.743296928838
   17    2    p          :            (au)                 -3.032697650586
   18    2    p          :            (au)                 -2.054819790147
   19    2    p          :            (au)                 -2.039091692009
   20    2    p          :            (au)                 -2.029699056046
   21    2    p          :            (au)                 -1.042614910267
   22    2    p          :            (au)                 -1.040387807884
   23    2    p          :            (au)                 -1.019121793312
   24    2    p          :            (au)                 -1.015489725492
   25    2    p          :            (au)                 -0.978801079202
   26    2    p          :            (au)                 -0.976814088440
   27    2    p          :            (au)                 -0.594146675538
   28    2    p          :            (au)                 -0.538177743746
   29    2    p          :            (au)                 -0.534566508418
   30    2    p          :            (au)                 -0.520694339999
   31    2    p          :            (au)                 -0.504930458124
   32    2    p          :            (au)                 -0.494686383055
   33    2    p          :            (au)                 -0.473873205620
   34    2    p          :            (au)                 -0.453761286916
   35    2    p          :            (au)                 -0.449782589533
   36    2    p          :            (au)                 -0.448708926818
   37    2    p          :            (au)                 -0.445204513130
   38    2    p          :            (au)                 -0.439158069113
   39    2    p          :            (au)                 -0.437163150719
   40    2    p          :            (au)                 -0.427102125384
   41    2    p          :            (au)                 -0.409868542956
   42    2    p          :            (au)                 -0.408755025482
   43    2    p          :            (au)                 -0.404269896306
   44    2    p          :            (au)                 -0.402325330217
   45    2    p          :            (au)                 -0.395629814206
   46    2    p          :            (au)                 -0.392992340284
   47    2    p          :            (au)                 -0.381781424348
   48    2    p          :            (au)                 -0.370960982650
   49    2    p          :            (au)                 -0.356427887898
   50    2    p          :            (au)                 -0.352989050093
   51    2    p          :            (au)                 -0.322559102133
   52    2    p          :            (au)                 -0.293931980153
   53    2    p          :            (au)                 -0.284028563587
---------------------------------------------------------------------------
 Sum occupied            :            (au)               -995.536847848098
===========================================================================


~~~~~~~~~~~~~~~~~~~~~~~~~~~~~~~~~~~~~~~~~~~~~~~~~~~~~~~~~~~~~~~~~~~~~~~~~~~
 Calculation             : Optimize ground state orbitals
 Method                  : DFT (SVWN5)
 Checkpointing           : Off
 Max iterations          : 100
 KAIN solver             : 10
 Localization            : Every 10 iterations
 Diagonalization         : Off
 Start precision         : 1.00000e-07
 Final precision         : 1.00000e-07
 Helmholtz precision     : Dynamic
 Energy threshold        : 1.00000e-07
 Orbital threshold       : 1.00000e-06
 ZORA                    : Off
~~~~~~~~~~~~~~~~~~~~~~~~~~~~~~~~~~~~~~~~~~~~~~~~~~~~~~~~~~~~~~~~~~~~~~~~~~~


===========================================================================
 Iter           MO residual             Total energy                Update
---------------------------------------------------------------------------
    0          7.348469e+00       -1713.984022588092         -1.713984e+03
    1          3.212951e-01       -1717.087555316355         -3.103533e+00
    2          1.163881e-01       -1717.461911115221         -3.743558e-01
    3          6.040925e-02       -1717.533932689817         -7.202157e-02
    4          4.749988e-02       -1717.555903707100         -2.197102e-02
    5          5.936564e-02       -1717.567415940906         -1.151223e-02
    6          2.499723e-02       -1717.571041098562         -3.625158e-03
    7          2.894399e-02       -1717.574831791780         -3.790693e-03
    8          1.779222e-02       -1717.576130867160         -1.299075e-03
    9          2.084524e-02       -1717.577132696121         -1.001829e-03
   10          1.070788e-02       -1717.577619712045         -4.870159e-04
   11          5.107632e-03       -1717.577826705636         -2.069936e-04
   12          3.781973e-03       -1717.577952176918         -1.254713e-04
   13          1.201948e-02       -1717.578314584037         -3.624071e-04
   14          6.915487e-03       -1717.578430196531         -1.156125e-04
   15          7.290698e-03       -1717.578573203824         -1.430073e-04
   16          4.794080e-03       -1717.578631919828         -5.871600e-05
   17          4.249440e-03       -1717.578673325541         -4.140571e-05
   18          3.555798e-03       -1717.578704656704         -3.133116e-05
   19          2.254144e-03       -1717.578716553707         -1.189700e-05
   20          1.049221e-03       -1717.578720350319         -3.796612e-06
   21          3.917035e-04       -1717.578721473913         -1.123594e-06
   22          3.223414e-04       -1717.578722219772         -7.458589e-07
   23          1.294183e-03       -1717.578725050532         -2.830760e-06
   24          5.797292e-04       -1717.578726018056         -9.675241e-07
   25          5.774689e-04       -1717.578727088454         -1.070398e-06
   26          4.857346e-04       -1717.578727531409         -4.429553e-07
   27          3.204842e-04       -1717.578727773144         -2.417346e-07
   28          3.003597e-04       -1717.578727972078         -1.989338e-07
   29          1.534510e-04       -1717.578728030686         -5.860784e-08
   30          1.020584e-04       -1717.578728059616         -2.893012e-08
   31          4.699199e-05       -1717.578728104860         -4.524463e-08
   32          3.412229e-05       -1717.578728115124         -1.026410e-08
   33          1.141801e-04       -1717.578728141691         -2.656634e-08
   34          7.371066e-05       -1717.578728155667         -1.397666e-08
   35          6.470400e-05       -1717.578728165658         -9.990799e-09
   36          4.135548e-05       -1717.578728172350         -6.692062e-09
   37          2.758772e-05       -1717.578728174610         -2.259640e-09
   38          2.520006e-05       -1717.578728176399         -1.789431e-09
   39          1.606930e-05       -1717.578728177760         -1.360149e-09
   40          1.307702e-05       -1717.578728178601         -8.417373e-10
   41          7.093179e-06       -1717.578728218770         -4.016874e-08
   42          4.965312e-06       -1717.578728218845         -7.503331e-11
   43          1.221121e-05       -1717.578728216806          2.039087e-09
   44          1.421378e-05       -1717.578728218316         -1.510216e-09
   45          6.947697e-06       -1717.578728219790         -1.473836e-09
   46          7.264598e-06       -1717.578728220127         -3.365130e-10
   47          6.175360e-06       -1717.578728220066          6.093615e-11
   48          6.610000e-06       -1717.578728219913          1.523404e-10
   49          4.375836e-06       -1717.578728219868          4.547474e-11
   50          3.167679e-06       -1717.578728220133         -2.655725e-10
   51          1.949356e-06       -1717.578728219976          1.577973e-10
   52          1.320707e-06       -1717.578728220041         -6.548362e-11
---------------------------------------------------------------------------
                      SCF converged in 52 iterations!
===========================================================================


                                                                           
***************************************************************************
***                                                                     ***
***                    Printing Molecular Properties                    ***
***                                                                     ***
***************************************************************************
                                                                           
                                                                           
===========================================================================
                                 Molecule
---------------------------------------------------------------------------
 Charge                  :                                               0
 Multiplicity            :                                               1
---------------------------------------------------------------------------
    N    Atom            :               x               y               z
---------------------------------------------------------------------------
    0      Cr            :      -13.274296        4.081631        5.078595
    1       C            :      -10.856713        4.637329        7.645896
    2       C            :      -10.862119        2.255887        3.187324
    3       C            :      -12.271248        7.105098        3.468349
    4       C            :      -15.686324        5.908709        6.968892
    5       O            :      -17.141519        7.020488        8.109584
    6       O            :       -9.399836        4.974405        9.201080
    7       O            :       -9.406480        1.146731        2.044635
    8       O            :      -11.671604        8.934578        2.494516
    9       C            :      -15.693028        3.526667        2.512077
   10       O            :      -17.151508        3.191252        0.958044
   11       C            :      -14.274899        1.057022        6.687913
   12       O            :      -14.869971       -0.774909        7.660054
---------------------------------------------------------------------------
 Center of mass          :      -13.273864        4.081882        5.078268
===========================================================================


===========================================================================
                         Molecular Energy (final)
---------------------------------------------------------------------------
 Kinetic energy          :            (au)               1712.317180197167
 E-N energy              :            (au)              -6048.529188695895
 Coulomb energy          :            (au)               1752.466524607765
 Exchange energy         :            (au)                  0.000000000000
 X-C energy              :            (au)               -124.598109415193
 Ext. field (el)         :            (au)                  0.000000000000
---------------------------------------------------------------------------
 N-N energy              :            (au)                990.764865086115
 Ext. field (nuc)        :            (au)                  0.000000000000
 Tot. Reac. Energy       :            (au)                  0.000000000000
 El. Reac. Energy        :            (au)                  0.000000000000
 Nuc. Reac. Energy       :            (au)                  0.000000000000
---------------------------------------------------------------------------
 Electronic energy       :            (au)              -2708.343593306156
 Nuclear energy          :            (au)                990.764865086115
---------------------------------------------------------------------------
 Total energy            :            (au)             -1.717578728220e+03
                         :      (kcal/mol)             -1.077796915711e+06
                         :        (kJ/mol)             -4.509502298262e+06
                         :            (eV)             -4.673769612728e+04
===========================================================================


===========================================================================
                         Orbital Energies (final)
---------------------------------------------------------------------------
    n  Occ Spin          :                                         Epsilon
---------------------------------------------------------------------------
    0    2    p          :            (au)               -213.950403913093
    1    2    p          :            (au)                -24.223687081019
    2    2    p          :            (au)                -20.632383724751
    3    2    p          :            (au)                -20.632367807843
    4    2    p          :            (au)                -20.632296858441
    5    2    p          :            (au)                -18.705563937187
    6    2    p          :            (au)                -18.705557038459
    7    2    p          :            (au)                -18.705519725264
    8    2    p          :            (au)                -18.705504535587
    9    2    p          :            (au)                -18.705422489553
   10    2    p          :            (au)                -18.705418054773
   11    2    p          :            (au)                 -9.920748392771
   12    2    p          :            (au)                 -9.920744331187
   13    2    p          :            (au)                 -9.920711235168
   14    2    p          :            (au)                 -9.920698121504
   15    2    p          :            (au)                 -9.920602646823
   16    2    p          :            (au)                 -9.920602013280
   17    2    p          :            (au)                 -2.731436329974
   18    2    p          :            (au)                 -1.737535000458
   19    2    p          :            (au)                 -1.737433615864
   20    2    p          :            (au)                 -1.737210797559
   21    2    p          :            (au)                 -1.064491605069
   22    2    p          :            (au)                 -1.063444032772
   23    2    p          :            (au)                 -1.063383253820
   24    2    p          :            (au)                 -1.063311957698
   25    2    p          :            (au)                 -1.062971831651
   26    2    p          :            (au)                 -1.062898222898
   27    2    p          :            (au)                 -0.569101302087
   28    2    p          :            (au)                 -0.522243492823
   29    2    p          :            (au)                 -0.522191661043
   30    2    p          :            (au)                 -0.521857677656
   31    2    p          :            (au)                 -0.519183689800
   32    2    p          :            (au)                 -0.519135252467
   33    2    p          :            (au)                 -0.466085154811
   34    2    p          :            (au)                 -0.456442980791
   35    2    p          :            (au)                 -0.456376195796
   36    2    p          :            (au)                 -0.456208995176
   37    2    p          :            (au)                 -0.450919658627
   38    2    p          :            (au)                 -0.450807121152
   39    2    p          :            (au)                 -0.450502029919
   40    2    p          :            (au)                 -0.436845160374
   41    2    p          :            (au)                 -0.436612184043
   42    2    p          :            (au)                 -0.436573371669
   43    2    p          :            (au)                 -0.429498096124
   44    2    p          :            (au)                 -0.429459766146
   45    2    p          :            (au)                 -0.429430830679
   46    2    p          :            (au)                 -0.422910791376
   47    2    p          :            (au)                 -0.422860119724
   48    2    p          :            (au)                 -0.382573212327
   49    2    p          :            (au)                 -0.382422300643
   50    2    p          :            (au)                 -0.381848104261
   51    2    p          :            (au)                 -0.249428854712
   52    2    p          :            (au)                 -0.249355726222
   53    2    p          :            (au)                 -0.249042941296
---------------------------------------------------------------------------
 Sum occupied            :            (au)               -995.704530452412
===========================================================================


===========================================================================
                           Dipole Moment (dip-1)
---------------------------------------------------------------------------
 r_O                     :        0.000000        0.000000        0.000000
---------------------------------------------------------------------------
 Electronic vector       :     1433.576097     -440.843757     -548.452175
 Magnitude               :            (au)                     1596.960686
                         :         (Debye)                     4059.068804
---------------------------------------------------------------------------
 Nuclear vector          :    -1433.576440      440.843780      548.452295
 Magnitude               :            (au)                     1596.961041
                         :         (Debye)                     4059.069708
---------------------------------------------------------------------------
 Total vector            :       -0.000343        0.000023        0.000121
 Magnitude               :            (au)                        0.000364
                         :         (Debye)                        0.000926
===========================================================================


                                                                           
                                                                           
***************************************************************************
***                                                                     ***
***                            Exiting MRChem                           ***
***                                                                     ***
***                       Wall time :  2h 21m 14s                       ***
***                                                                     ***
***************************************************************************
                                                                           
                                                                           
