Starting job 181750 on b[2205-2207,2218-2221,2239-2241] at Fri May 7 14:51:50 CEST 2021

Copying CrCO6.out to /cluster/home/ambr/projects/zora/mini-benchmark-gto-mw/small-molecules/initorbs
Copying CrCO6.json to /cluster/home/ambr/projects/zora/mini-benchmark-gto-mw/small-molecules/initorbs

Task and CPU usage stats:
       JobID    JobName  AllocCPUS   NTasks     MinCPU MinCPUTask     AveCPU    Elapsed ExitCode 
------------ ---------- ---------- -------- ---------- ---------- ---------- ---------- -------- 
181750            CrCO6       1280                                             02:21:59      1:0 
181750.batch      batch        128        1 1-15:55:35          0   00:00:04   02:21:59      1:0 
181750.exte+     extern       1280       10   00:00:00          9   00:00:00   02:22:00      0:0 
181750.0          orted        144        9   19:24:34          8 1-12:27:14   02:21:24      0:0 

Memory usage stats:
       JobID     MaxRSS MaxRSSTask     AveRSS MaxPages   MaxPagesTask   AvePages 
------------ ---------- ---------- ---------- -------- -------------- ---------- 
181750                                                                           
181750.batch  82989519K          0  82989519K      122              0          0 
181750.exte+       807K          8     756019        3              8          2 
181750.0     104633474K          4 867354936+      270              8        115 

Disk usage stats:
       JobID  MaxDiskRead MaxDiskReadTask    AveDiskRead MaxDiskWrite MaxDiskWriteTask   AveDiskWrite 
------------ ------------ --------------- -------------- ------------ ---------------- -------------- 
181750                                                                                                
181750.batch     6823.05M               0       6823.05M     8095.90M                0       8095.90M 
181750.exte+        0.00M               9          0.00M            0                9              0 
181750.0           28.40M               0         28.38M     1995.00M                1       1214.21M 

Job 181750 completed at Fri May 7 17:13:51 CEST 2021
