Starting job 181726 on b[2282-2285] at Fri May 7 14:21:01 CEST 2021

Copying H2O.out to /cluster/home/ambr/projects/zora/mini-benchmark-gto-mw/small-molecules/calcs
Copying H2O.json to /cluster/home/ambr/projects/zora/mini-benchmark-gto-mw/small-molecules/calcs

Task and CPU usage stats:
       JobID    JobName  AllocCPUS   NTasks     MinCPU MinCPUTask     AveCPU    Elapsed ExitCode 
------------ ---------- ---------- -------- ---------- ---------- ---------- ---------- -------- 
181726              H2O        512                                             00:00:14      1:0 
181726.batch      batch        128        1   00:00:03          0   00:00:03   00:00:14      1:0 
181726.exte+     extern        512        4   00:00:00          2   00:00:00   00:00:14      0:0 
181726.0          orted         48        3   00:00:00          1   00:00:00   00:00:08      0:0 

Memory usage stats:
       JobID     MaxRSS MaxRSSTask     AveRSS MaxPages   MaxPagesTask   AvePages 
------------ ---------- ---------- ---------- -------- -------------- ---------- 
181726                                                                           
181726.batch     36533K          0     36533K       62              0         62 
181726.exte+       800K          1     817920        1              2          1 
181726.0          1982K          2    2027861        0              1          0 

Disk usage stats:
       JobID  MaxDiskRead MaxDiskReadTask    AveDiskRead MaxDiskWrite MaxDiskWriteTask   AveDiskWrite 
------------ ------------ --------------- -------------- ------------ ---------------- -------------- 
181726                                                                                                
181726.batch       39.17M               0         39.17M       17.22M                0         17.22M 
181726.exte+        0.00M               2          0.00M            0                2              0 
181726.0                0               1              0            0                1              0 

Job 181726 completed at Fri May 7 14:21:16 CEST 2021
Starting job 181727 on b[2282-2285] at Fri May 7 14:21:53 CEST 2021

Copying H2O.out to /cluster/home/ambr/projects/zora/mini-benchmark-gto-mw/small-molecules/calcs
Copying H2O.json to /cluster/home/ambr/projects/zora/mini-benchmark-gto-mw/small-molecules/calcs

Task and CPU usage stats:
       JobID    JobName  AllocCPUS   NTasks     MinCPU MinCPUTask     AveCPU    Elapsed ExitCode 
------------ ---------- ---------- -------- ---------- ---------- ---------- ---------- -------- 
181727              H2O        512                                             00:05:21      1:0 
181727.batch      batch        128        1   03:40:03          0   00:00:00   00:05:21      1:0 
181727.exte+     extern        512        4   00:00:00          3   00:00:00   00:05:21      0:0 
181727.0          orted         48        3   00:46:47          2   00:47:31   00:05:14      0:0 

Memory usage stats:
       JobID     MaxRSS MaxRSSTask     AveRSS MaxPages   MaxPagesTask   AvePages 
------------ ---------- ---------- ---------- -------- -------------- ---------- 
181727                                                                           
181727.batch  26587339K          0  26587339K       62              0          0 
181727.exte+       797K          3     814848        1              3          1 
181727.0      13579607K          2 132775202+       51              0         44 

Disk usage stats:
       JobID  MaxDiskRead MaxDiskReadTask    AveDiskRead MaxDiskWrite MaxDiskWriteTask   AveDiskWrite 
------------ ------------ --------------- -------------- ------------ ---------------- -------------- 
181727                                                                                                
181727.batch      492.65M               0        492.65M     1036.43M                0       1036.43M 
181727.exte+        0.00M               3          0.00M            0                3              0 
181727.0           28.85M               1         28.83M       62.89M                2         32.53M 

Job 181727 completed at Fri May 7 14:27:15 CEST 2021
