[b2282:166472] *** Process received signal ***
[b2282:166472] Signal: Aborted (6)
[b2282:166472] Signal code:  (-6)
[b2282:166473] *** Process received signal ***
[b2282:166473] Signal: Aborted (6)
[b2282:166473] Signal code:  (-6)
[b2282:166475] *** Process received signal ***
[b2282:166475] Signal: Aborted (6)
[b2282:166475] Signal code:  (-6)
[b2282:166474] *** Process received signal ***
[b2282:166474] Signal: Aborted (6)
[b2282:166474] Signal code:  (-6)
[b2282:166478] *** Process received signal ***
[b2282:166478] Signal: Aborted (6)
[b2282:166478] Signal code:  (-6)
[b2282:166479] *** Process received signal ***
[b2282:166479] Signal: Aborted (6)
[b2282:166479] Signal code:  (-6)
[b2282:166477] *** Process received signal ***
[b2282:166477] Signal: Aborted (6)
[b2282:166477] Signal code:  (-6)
[b2282:166476] *** Process received signal ***
[b2282:166476] Signal: Aborted (6)
[b2282:166476] Signal code:  (-6)
[b2284:205725] *** Process received signal ***
[b2284:205725] Signal: Aborted (6)
[b2284:205725] Signal code:  (-6)
[b2285:20236] *** Process received signal ***
[b2285:20236] Signal: Aborted (6)
[b2285:20236] Signal code:  (-6)
[b2283:227096] *** Process received signal ***
[b2283:227096] Signal: Aborted (6)
[b2283:227096] Signal code:  (-6)
[b2284:205723] *** Process received signal ***
[b2284:205723] Signal: Aborted (6)
[b2284:205723] Signal code:  (-6)
[b2285:20237] *** Process received signal ***
[b2285:20237] Signal: Aborted (6)
[b2285:20237] Signal code:  (-6)
[b2283:227092] *** Process received signal ***
[b2283:227092] Signal: Aborted (6)
[b2283:227092] Signal code:  (-6)
[b2284:205727] *** Process received signal ***
[b2284:205727] Signal: Aborted (6)
[b2284:205727] Signal code:  (-6)
[b2285:20240] *** Process received signal ***
[b2285:20240] Signal: Aborted (6)
[b2285:20240] Signal code:  (-6)
[b2283:227097] *** Process received signal ***
[b2283:227097] Signal: Aborted (6)
[b2283:227097] Signal code:  (-6)
[b2284:205726] *** Process received signal ***
[b2284:205726] Signal: Aborted (6)
[b2284:205726] Signal code:  (-6)
[b2285:20235] *** Process received signal ***
[b2285:20235] Signal: Aborted (6)
[b2285:20235] Signal code:  (-6)
[b2283:227090] *** Process received signal ***
[b2283:227090] Signal: Aborted (6)
[b2283:227090] Signal code:  (-6)
[b2284:205728] *** Process received signal ***
[b2284:205728] Signal: Aborted (6)
[b2284:205728] Signal code:  (-6)
[b2285:20238] *** Process received signal ***
[b2285:20238] Signal: Aborted (6)
[b2285:20238] Signal code:  (-6)
[b2283:227093] *** Process received signal ***
[b2283:227093] Signal: Aborted (6)
[b2283:227093] Signal code:  (-6)
[b2284:205729] *** Process received signal ***
[b2284:205729] Signal: Aborted (6)
[b2284:205729] Signal code:  (-6)
[b2285:20239] *** Process received signal ***
[b2285:20239] Signal: Aborted (6)
[b2285:20239] Signal code:  (-6)
[b2283:227091] *** Process received signal ***
[b2283:227091] Signal: Aborted (6)
[b2283:227091] Signal code:  (-6)
[b2284:205730] *** Process received signal ***
[b2284:205730] Signal: Aborted (6)
[b2284:205730] Signal code:  (-6)
[b2285:20233] *** Process received signal ***
[b2285:20233] Signal: Aborted (6)
[b2285:20233] Signal code:  (-6)
[b2283:227094] *** Process received signal ***
[b2283:227094] Signal: Aborted (6)
[b2283:227094] Signal code:  (-6)
[b2284:205724] *** Process received signal ***
[b2284:205724] Signal: Aborted (6)
[b2284:205724] Signal code:  (-6)
[b2285:20234] *** Process received signal ***
[b2285:20234] Signal: Aborted (6)
[b2285:20234] Signal code:  (-6)
[b2283:227095] *** Process received signal ***
[b2283:227095] Signal: Aborted (6)
[b2283:227095] Signal code:  (-6)
[b2282:166474] [ 0] /usr/lib64/libpthread.so.0(+0xf630)[0x7fe534d59630]
[b2282:166474] [ 1] /usr/lib64/libc.so.6(gsignal+0x37)[0x7fe5343b3377]
[b2282:166474] [ 2] [b2282:166475] [ 0] /usr/lib64/libpthread.so.0(+0xf630)[0x7fb1e433b630]
[b2282:166475] [ 1] [b2282:166476] [ 0] /usr/lib64/libpthread.so.0(+0xf630)[0x7f21bd391630]
[b2282:166476] [ 1] /usr/lib64/libc.so.6(gsignal+0x37)[0x7f21bc9eb377]
[b2282:166476] [ 2] [b2282:166477] [ 0] /usr/lib64/libpthread.so.0(+0xf630)[0x7feea9bd3630]
[b2282:166477] [ 1] /usr/lib64/libc.so.6(gsignal+0x37)[0x7feea922d377]
[b2282:166477] [ 2] [b2282:166479] [ 0] /usr/lib64/libpthread.so.0(+0xf630)[0x7f93ef937630]
[b2282:166479] [ 1] /usr/lib64/libc.so.6(gsignal+0x37)[0x7f93eef91377]
[b2282:166479] [ 2] /usr/lib64/libc.so.6(abort+0x148)[0x7f93eef92a68]
[b2282:166479] [b2282:166473] [ 0] /usr/lib64/libpthread.so.0(+0xf630)[0x7fba4a058630]
[b2282:166473] [ 1] /usr/lib64/libc.so.6(gsignal+0x37)[0x7fba496b2377]
[b2282:166473] [ 2] /usr/lib64/libc.so.6(abort+0x148)[0x7fba496b3a68]
[b2282:166473] [ 3] [b2282:166478] [ 0] /usr/lib64/libpthread.so.0(+0xf630)[0x7ff63ec44630]
[b2282:166478] [ 1] /usr/lib64/libc.so.6(gsignal+0x37)[0x7ff63e29e377]
[b2282:166478] [ 2] /usr/lib64/libc.so.6(abort+0x148)[0x7ff63e29fa68]
[b2282:166478] [ 3] [b2282:166472] [ 0] /usr/lib64/libpthread.so.0(+0xf630)[0x7f7fbe131630]
[b2282:166472] [ 1] /usr/lib64/libc.so.6(gsignal+0x37)[0x7f7fbd78b377]
[b2282:166472] [ 2] /usr/lib64/libc.so.6(abort+0x148)[0x7f7fbd78ca68]
[b2282:166472] [ 3] /cluster/home/ambr/mrchem/install-new-zora/bin/mrchem.x[0x462244]
[b2282:166472] [ 4] /usr/lib64/libc.so.6(gsignal+0x37)[0x7fb1e3995377]
[b2282:166475] [ 2] /usr/lib64/libc.so.6(abort+0x148)[0x7fb1e3996a68]
[b2282:166475] [ 3] /cluster/home/ambr/mrchem/install-new-zora/bin/mrchem.x[0x462244]
[b2282:166475] [ 4] /cluster/home/ambr/mrchem/install-new-zora/bin/mrchem.x[0x465f1e]
[b2282:166475] [ 5] /cluster/home/ambr/mrchem/install-new-zora/bin/mrchem.x[0x466fbc]
[b2282:166475] [ 6] /cluster/home/ambr/mrchem/install-new-zora/bin/mrchem.x[0x42a194]
[b2282:166475] [ 7] /usr/lib64/libc.so.6(abort+0x148)[0x7fe5343b4a68]
[b2282:166474] [ 3] /cluster/home/ambr/mrchem/install-new-zora/bin/mrchem.x[0x462244]
[b2282:166474] [ 4] /cluster/home/ambr/mrchem/install-new-zora/bin/mrchem.x[0x465f1e]
[b2282:166474] [ 5] /cluster/home/ambr/mrchem/install-new-zora/bin/mrchem.x[0x466fbc]
[b2282:166474] [ 6] /cluster/home/ambr/mrchem/install-new-zora/bin/mrchem.x[0x42a194]
[b2282:166474] [ 7] /usr/lib64/libc.so.6(__libc_start_main+0xf5)[0x7fe53439f545]
[b2282:166474] [ 8] /cluster/home/ambr/mrchem/install-new-zora/bin/mrchem.x[0x42e427]
/usr/lib64/libc.so.6(abort+0x148)[0x7f21bc9eca68]
[b2282:166476] [ 3] /cluster/home/ambr/mrchem/install-new-zora/bin/mrchem.x[0x462244]
[b2282:166476] [ 4] /cluster/home/ambr/mrchem/install-new-zora/bin/mrchem.x[0x465f1e]
[b2282:166476] [ 5] /cluster/home/ambr/mrchem/install-new-zora/bin/mrchem.x[0x466fbc]
[b2282:166476] [ 6] /cluster/home/ambr/mrchem/install-new-zora/bin/mrchem.x[0x42a194]
[b2282:166476] [ 7] /usr/lib64/libc.so.6(__libc_start_main+0xf5)[0x7f21bc9d7545]
[b2282:166476] [ 8] /usr/lib64/libc.so.6(abort+0x148)[0x7feea922ea68]
[b2282:166477] [ 3] /cluster/home/ambr/mrchem/install-new-zora/bin/mrchem.x[0x462244]
[b2282:166477] [ 4] /cluster/home/ambr/mrchem/install-new-zora/bin/mrchem.x[0x465f1e]
[b2282:166477] [ 5] /cluster/home/ambr/mrchem/install-new-zora/bin/mrchem.x[0x466fbc]
[b2282:166477] [ 6] /cluster/home/ambr/mrchem/install-new-zora/bin/mrchem.x[0x42a194]
[b2282:166477] [ 7] /usr/lib64/libc.so.6(__libc_start_main+0xf5)[0x7feea9219545]
[b2282:166477] [ 8] /cluster/home/ambr/mrchem/install-new-zora/bin/mrchem.x[0x42e427]
[b2282:166477] *** End of error message ***
[ 3] /cluster/home/ambr/mrchem/install-new-zora/bin/mrchem.x[0x462244]
[b2282:166479] [ 4] /cluster/home/ambr/mrchem/install-new-zora/bin/mrchem.x[0x465f1e]
[b2282:166479] [ 5] /cluster/home/ambr/mrchem/install-new-zora/bin/mrchem.x[0x466fbc]
[b2282:166479] [ 6] /cluster/home/ambr/mrchem/install-new-zora/bin/mrchem.x[0x42a194]
[b2282:166479] [ 7] /usr/lib64/libc.so.6(__libc_start_main+0xf5)[0x7f93eef7d545]
[b2282:166479] [ 8] /cluster/home/ambr/mrchem/install-new-zora/bin/mrchem.x[0x42e427]
[b2282:166479] *** End of error message ***
/cluster/home/ambr/mrchem/install-new-zora/bin/mrchem.x[0x462244]
[b2282:166473] [ 4] /cluster/home/ambr/mrchem/install-new-zora/bin/mrchem.x[0x465f1e]
[b2282:166473] [ 5] /cluster/home/ambr/mrchem/install-new-zora/bin/mrchem.x[0x466fbc]
[b2282:166473] [ 6] /cluster/home/ambr/mrchem/install-new-zora/bin/mrchem.x[0x42a194]
[b2282:166473] [ 7] /usr/lib64/libc.so.6(__libc_start_main+0xf5)[0x7fba4969e545]
[b2282:166473] [ 8] /cluster/home/ambr/mrchem/install-new-zora/bin/mrchem.x[0x42e427]
[b2282:166473] *** End of error message ***
/cluster/home/ambr/mrchem/install-new-zora/bin/mrchem.x[0x462244]
[b2282:166478] [ 4] /cluster/home/ambr/mrchem/install-new-zora/bin/mrchem.x[0x465f1e]
[b2282:166478] [ 5] /cluster/home/ambr/mrchem/install-new-zora/bin/mrchem.x[0x466fbc]
[b2282:166478] [ 6] /cluster/home/ambr/mrchem/install-new-zora/bin/mrchem.x[0x42a194]
[b2282:166478] [ 7] /usr/lib64/libc.so.6(__libc_start_main+0xf5)[0x7ff63e28a545]
[b2282:166478] [ 8] /cluster/home/ambr/mrchem/install-new-zora/bin/mrchem.x[0x42e427]
[b2282:166478] *** End of error message ***
/cluster/home/ambr/mrchem/install-new-zora/bin/mrchem.x[0x465f1e]
[b2282:166472] [ 5] /cluster/home/ambr/mrchem/install-new-zora/bin/mrchem.x[0x466fbc]
[b2282:166472] [ 6] /cluster/home/ambr/mrchem/install-new-zora/bin/mrchem.x[0x42a194]
[b2282:166472] [ 7] /usr/lib64/libc.so.6(__libc_start_main+0xf5)[0x7f7fbd777545]
[b2282:166472] [ 8] /cluster/home/ambr/mrchem/install-new-zora/bin/mrchem.x[0x42e427]
[b2282:166472] *** End of error message ***
/usr/lib64/libc.so.6(__libc_start_main+0xf5)[0x7fb1e3981545]
[b2282:166475] [ 8] /cluster/home/ambr/mrchem/install-new-zora/bin/mrchem.x[0x42e427]
[b2282:166475] *** End of error message ***
[b2282:166474] *** End of error message ***
/cluster/home/ambr/mrchem/install-new-zora/bin/mrchem.x[0x42e427]
[b2282:166476] *** End of error message ***
[b2285:20236] [ 0] /usr/lib64/libpthread.so.0(+0xf630)[0x7f325e922630]
[b2285:20236] [ 1] /usr/lib64/libc.so.6(gsignal+0x37)[0x7f325df7c377]
[b2285:20236] [ 2] [b2283:227093] [ 0] /usr/lib64/libpthread.so.0(+0xf630)[0x7f7ea4e9d630]
[b2283:227093] [ 1] /usr/lib64/libc.so.6(gsignal+0x37)[0x7f7ea44f7377]
[b2283:227093] [ 2] [b2284:205726] [ 0] /usr/lib64/libpthread.so.0(+0xf630)[0x7f411506c630]
[b2284:205726] [ 1] [b2283:227096] [ 0] /usr/lib64/libpthread.so.0(+0xf630)[0x7fd7e1d80630]
[b2283:227096] [ 1] /usr/lib64/libc.so.6(gsignal+0x37)[0x7fd7e13da377]
[b2283:227096] [ 2] [b2285:20238] [ 0] /usr/lib64/libpthread.so.0(+0xf630)[0x7f82f381b630]
[b2285:20238] [ 1] /usr/lib64/libc.so.6(gsignal+0x37)[0x7f82f2e75377]
[b2285:20238] [ 2] [b2283:227090] [ 0] /usr/lib64/libpthread.so.0(+0xf630)[0x7fb048f9f630]
[b2283:227090] [ 1] /usr/lib64/libc.so.6(gsignal+0x37)[0x7fb0485f9377]
[b2283:227090] [ 2] /usr/lib64/libc.so.6(abort+0x148)[0x7fb0485faa68]
[b2283:227090] [ 3] [b2285:20234] [ 0] /usr/lib64/libpthread.so.0(+0xf630)[0x7f2308a19630]
[b2285:20234] [ 1] /usr/lib64/libc.so.6(gsignal+0x37)[0x7f2308073377]
[b2285:20234] [ 2] [b2284:205725] [ 0] /usr/lib64/libpthread.so.0(+0xf630)[0x7f6bf480b630]
[b2284:205725] [ 1] /usr/lib64/libc.so.6(gsignal+0x37)[0x7f6bf3e65377]
[b2284:205725] [ 2] [b2283:227097] [ 0] /usr/lib64/libpthread.so.0(+0xf630)[0x7f2aade53630]
[b2283:227097] [ 1] /usr/lib64/libc.so.6(gsignal+0x37)[0x7f2aad4ad377]
[b2283:227097] [ 2] /usr/lib64/libc.so.6(abort+0x148)[0x7f2aad4aea68]
[b2283:227097] [ 3] /cluster/home/ambr/mrchem/install-new-zora/bin/mrchem.x[0x462244]
[b2283:227097] [ 4] /cluster/home/ambr/mrchem/install-new-zora/bin/mrchem.x[0x465f1e]
[b2283:227097] [b2285:20237] [ 0] /usr/lib64/libpthread.so.0(+0xf630)[0x7f7ca8313630]
[b2285:20237] [ 1] /usr/lib64/libc.so.6(gsignal+0x37)[0x7f7ca796d377]
[b2285:20237] [ 2] /usr/lib64/libc.so.6(abort+0x148)[0x7f7ca796ea68]
[b2285:20237] [ 3] [b2284:205729] [ 0] /usr/lib64/libpthread.so.0(+0xf630)[0x7f82aebbf630]
[b2284:205729] [ 1] /usr/lib64/libc.so.6(gsignal+0x37)[0x7f82ae219377]
[b2284:205729] [ 2] [b2283:227091] [ 0] /usr/lib64/libpthread.so.0(+0xf630)[0x7fd544499630]
[b2283:227091] [ 1] /usr/lib64/libc.so.6(gsignal+0x37)[0x7fd543af3377]
[b2283:227091] [ 2] /usr/lib64/libc.so.6(abort+0x148)[0x7fd543af4a68]
[b2283:227091] [ 3] /cluster/home/ambr/mrchem/install-new-zora/bin/mrchem.x[0x462244]
[b2283:227091] [ 4] [b2285:20239] [ 0] /usr/lib64/libpthread.so.0(+0xf630)[0x7f8402b37630]
[b2285:20239] [ 1] /usr/lib64/libc.so.6(gsignal+0x37)[0x7f8402191377]
[b2285:20239] [ 2] /usr/lib64/libc.so.6(abort+0x148)[0x7f8402192a68]
[b2285:20239] [ 3] /cluster/home/ambr/mrchem/install-new-zora/bin/mrchem.x[0x462244]
[b2285:20239] [ 4] /cluster/home/ambr/mrchem/install-new-zora/bin/mrchem.x[0x465f1e]
[b2285:20239] [ 5] [b2284:205728] [ 0] /usr/lib64/libpthread.so.0(+0xf630)[0x7fc77181b630]
[b2284:205728] [ 1] /usr/lib64/libc.so.6(gsignal+0x37)[0x7fc770e75377]
[b2284:205728] [ 2] /usr/lib64/libc.so.6(abort+0x148)[0x7fc770e76a68]
[b2284:205728] [ 3] [b2283:227092] [ 0] /usr/lib64/libpthread.so.0(+0xf630)[0x7f0e49503630]
[b2283:227092] [ 1] /usr/lib64/libc.so.6(gsignal+0x37)[0x7f0e48b5d377]
[b2283:227092] [ 2] /usr/lib64/libc.so.6(abort+0x148)[0x7f0e48b5ea68]
[b2283:227092] [ 3] /cluster/home/ambr/mrchem/install-new-zora/bin/mrchem.x[0x462244]
[b2283:227092] [ 4] /cluster/home/ambr/mrchem/install-new-zora/bin/mrchem.x[0x465f1e]
[b2283:227092] [ 5] [b2285:20240] [ 0] /usr/lib64/libpthread.so.0(+0xf630)[0x7fa470a95630]
[b2285:20240] [ 1] /usr/lib64/libc.so.6(gsignal+0x37)[0x7fa4700ef377]
[b2285:20240] [ 2] /usr/lib64/libc.so.6(abort+0x148)[0x7fa4700f0a68]
[b2285:20240] [ 3] /cluster/home/ambr/mrchem/install-new-zora/bin/mrchem.x[0x462244]
[b2285:20240] [ 4] /cluster/home/ambr/mrchem/install-new-zora/bin/mrchem.x[0x465f1e]
[b2285:20240] [ 5] [b2284:205727] [ 0] /usr/lib64/libpthread.so.0(+0xf630)[0x7f4567718630]
[b2284:205727] [ 1] /usr/lib64/libc.so.6(gsignal+0x37)[0x7f4566d72377]
[b2284:205727] [ 2] /usr/lib64/libc.so.6(abort+0x148)[0x7f4566d73a68]
[b2284:205727] [ 3] /cluster/home/ambr/mrchem/install-new-zora/bin/mrchem.x[0x462244]
[b2284:205727] [ 4] /cluster/home/ambr/mrchem/install-new-zora/bin/mrchem.x[0x465f1e]
[b2284:205727] [ 5] [b2283:227094] [ 0] /usr/lib64/libpthread.so.0(+0xf630)[0x7f4c8426c630]
[b2283:227094] [ 1] /usr/lib64/libc.so.6(gsignal+0x37)[0x7f4c838c6377]
[b2283:227094] [ 2] /usr/lib64/libc.so.6(abort+0x148)[0x7f4c838c7a68]
[b2283:227094] [ 3] /cluster/home/ambr/mrchem/install-new-zora/bin/mrchem.x[0x462244]
[b2283:227094] [ 4] /cluster/home/ambr/mrchem/install-new-zora/bin/mrchem.x[0x465f1e]
[b2283:227094] [ 5] /cluster/home/ambr/mrchem/install-new-zora/bin/mrchem.x[0x466fbc]
[b2283:227094] [ 6] [b2285:20233] [ 0] /usr/lib64/libpthread.so.0(+0xf630)[0x7f4c1689b630]
[b2285:20233] [ 1] /usr/lib64/libc.so.6(gsignal+0x37)[0x7f4c15ef5377]
[b2285:20233] [ 2] /usr/lib64/libc.so.6(abort+0x148)[0x7f4c15ef6a68]
[b2285:20233] [ 3] /cluster/home/ambr/mrchem/install-new-zora/bin/mrchem.x[0x462244]
[b2285:20233] [ 4] /cluster/home/ambr/mrchem/install-new-zora/bin/mrchem.x[0x465f1e]
[b2285:20233] [ 5] /cluster/home/ambr/mrchem/install-new-zora/bin/mrchem.x[0x466fbc]
[b2285:20233] [ 6] [b2284:205724] [ 0] /usr/lib64/libpthread.so.0(+0xf630)[0x7f5f48a45630]
[b2284:205724] [ 1] /usr/lib64/libc.so.6(gsignal+0x37)[0x7f5f4809f377]
[b2284:205724] [ 2] /usr/lib64/libc.so.6(abort+0x148)[0x7f5f480a0a68]
[b2284:205724] [ 3] /cluster/home/ambr/mrchem/install-new-zora/bin/mrchem.x[0x462244]
[b2284:205724] [ 4] /cluster/home/ambr/mrchem/install-new-zora/bin/mrchem.x[0x465f1e]
[b2284:205724] [ 5] [b2283:227095] [ 0] /usr/lib64/libpthread.so.0(+0xf630)[0x7f3f1b5c3630]
[b2283:227095] [ 1] /usr/lib64/libc.so.6(gsignal+0x37)[0x7f3f1ac1d377]
[b2283:227095] [ 2] /usr/lib64/libc.so.6(abort+0x148)[0x7f3f1ac1ea68]
[b2283:227095] [ 3] /cluster/home/ambr/mrchem/install-new-zora/bin/mrchem.x[0x462244]
[b2283:227095] [ 4] /cluster/home/ambr/mrchem/install-new-zora/bin/mrchem.x[0x465f1e]
[b2283:227095] [ 5] /cluster/home/ambr/mrchem/install-new-zora/bin/mrchem.x[0x466fbc]
[b2283:227095] [ 6] [b2285:20235] [ 0] /usr/lib64/libpthread.so.0(+0xf630)[0x7f0f895b6630]
[b2285:20235] [ 1] /usr/lib64/libc.so.6(gsignal+0x37)[0x7f0f88c10377]
[b2285:20235] [ 2] /usr/lib64/libc.so.6(abort+0x148)[0x7f0f88c11a68]
[b2285:20235] [ 3] /cluster/home/ambr/mrchem/install-new-zora/bin/mrchem.x[0x462244]
[b2285:20235] [ 4] /cluster/home/ambr/mrchem/install-new-zora/bin/mrchem.x[0x465f1e]
[b2285:20235] [ 5] /cluster/home/ambr/mrchem/install-new-zora/bin/mrchem.x[0x466fbc]
[b2285:20235] [ 6] [b2284:205723] [ 0] /usr/lib64/libpthread.so.0(+0xf630)[0x7f74fe05e630]
[b2284:205723] [ 1] /usr/lib64/libc.so.6(gsignal+0x37)[0x7f74fd6b8377]
[b2284:205723] [ 2] /usr/lib64/libc.so.6(abort+0x148)[0x7f74fd6b9a68]
[b2284:205723] [ 3] /cluster/home/ambr/mrchem/install-new-zora/bin/mrchem.x[0x462244]
[b2284:205723] [ 4] /cluster/home/ambr/mrchem/install-new-zora/bin/mrchem.x[0x465f1e]
[b2284:205723] [ 5] /cluster/home/ambr/mrchem/install-new-zora/bin/mrchem.x[0x466fbc]
[b2284:205723] [ 6] /usr/lib64/libc.so.6(abort+0x148)[0x7f7ea44f8a68]
[b2283:227093] [ 3] /cluster/home/ambr/mrchem/install-new-zora/bin/mrchem.x[0x462244]
[b2283:227093] [ 4] /cluster/home/ambr/mrchem/install-new-zora/bin/mrchem.x[0x465f1e]
[b2283:227093] [ 5] /cluster/home/ambr/mrchem/install-new-zora/bin/mrchem.x[0x466fbc]
[b2283:227093] [ 6] /cluster/home/ambr/mrchem/install-new-zora/bin/mrchem.x[0x42a194]
[b2283:227093] [ 7] /usr/lib64/libc.so.6(__libc_start_main+0xf5)[0x7f7ea44e3545]
[b2283:227093] [ 8] /cluster/home/ambr/mrchem/install-new-zora/bin/mrchem.x[0x42e427]
[b2283:227093] *** End of error message ***
/usr/lib64/libc.so.6(abort+0x148)[0x7f325df7da68]
[b2285:20236] [ 3] /cluster/home/ambr/mrchem/install-new-zora/bin/mrchem.x[0x462244]
[b2285:20236] [ 4] /cluster/home/ambr/mrchem/install-new-zora/bin/mrchem.x[0x465f1e]
[b2285:20236] [ 5] /cluster/home/ambr/mrchem/install-new-zora/bin/mrchem.x[0x466fbc]
[b2285:20236] [ 6] /cluster/home/ambr/mrchem/install-new-zora/bin/mrchem.x[0x42a194]
[b2285:20236] [ 7] /usr/lib64/libc.so.6(__libc_start_main+0xf5)[0x7f325df68545]
[b2285:20236] [ 8] /cluster/home/ambr/mrchem/install-new-zora/bin/mrchem.x[0x42e427]
[b2285:20236] *** End of error message ***
[b2284:205730] [ 0] /usr/lib64/libpthread.so.0(+0xf630)[0x7f1914a51630]
[b2284:205730] [ 1] /usr/lib64/libc.so.6(gsignal+0x37)[0x7f19140ab377]
[b2284:205730] [ 2] /usr/lib64/libc.so.6(abort+0x148)[0x7f19140aca68]
[b2284:205730] [ 3] /cluster/home/ambr/mrchem/install-new-zora/bin/mrchem.x[0x462244]
[b2284:205730] [ 4] /cluster/home/ambr/mrchem/install-new-zora/bin/mrchem.x[0x465f1e]
[b2284:205730] [ 5] /cluster/home/ambr/mrchem/install-new-zora/bin/mrchem.x[0x466fbc]
[b2284:205730] [ 6] /cluster/home/ambr/mrchem/install-new-zora/bin/mrchem.x[0x42a194]
[b2284:205730] /usr/lib64/libc.so.6(abort+0x148)[0x7fd7e13dba68]
[b2283:227096] [ 3] /cluster/home/ambr/mrchem/install-new-zora/bin/mrchem.x[0x462244]
[b2283:227096] [ 4] /cluster/home/ambr/mrchem/install-new-zora/bin/mrchem.x[0x465f1e]
[b2283:227096] [ 5] /cluster/home/ambr/mrchem/install-new-zora/bin/mrchem.x[0x466fbc]
[b2283:227096] [ 6] /cluster/home/ambr/mrchem/install-new-zora/bin/mrchem.x[0x42a194]
[b2283:227096] [ 7] /usr/lib64/libc.so.6(__libc_start_main+0xf5)[0x7fd7e13c6545]
[b2283:227096] [ 8] /cluster/home/ambr/mrchem/install-new-zora/bin/mrchem.x[0x42e427]
[b2283:227096] *** End of error message ***
/usr/lib64/libc.so.6(abort+0x148)[0x7f82f2e76a68]
[b2285:20238] [ 3] /cluster/home/ambr/mrchem/install-new-zora/bin/mrchem.x[0x462244]
[b2285:20238] [ 4] /cluster/home/ambr/mrchem/install-new-zora/bin/mrchem.x[0x465f1e]
[b2285:20238] [ 5] /cluster/home/ambr/mrchem/install-new-zora/bin/mrchem.x[0x466fbc]
[b2285:20238] [ 6] /cluster/home/ambr/mrchem/install-new-zora/bin/mrchem.x[0x42a194]
[b2285:20238] [ 7] /usr/lib64/libc.so.6(__libc_start_main+0xf5)[0x7f82f2e61545]
[b2285:20238] [ 8] /cluster/home/ambr/mrchem/install-new-zora/bin/mrchem.x[0x42e427]
[b2285:20238] *** End of error message ***
/usr/lib64/libc.so.6(gsignal+0x37)[0x7f41146c6377]
[b2284:205726] [ 2] /usr/lib64/libc.so.6(abort+0x148)[0x7f41146c7a68]
[b2284:205726] [ 3] /cluster/home/ambr/mrchem/install-new-zora/bin/mrchem.x[0x462244]
[b2284:205726] [ 4] /cluster/home/ambr/mrchem/install-new-zora/bin/mrchem.x[0x465f1e]
[b2284:205726] [ 5] /cluster/home/ambr/mrchem/install-new-zora/bin/mrchem.x[0x466fbc]
[b2284:205726] [ 6] /cluster/home/ambr/mrchem/install-new-zora/bin/mrchem.x[0x42a194]
[b2284:205726] [ 7] /usr/lib64/libc.so.6(__libc_start_main+0xf5)[0x7f41146b2545]
[b2284:205726] [ 8] /cluster/home/ambr/mrchem/install-new-zora/bin/mrchem.x[0x42e427]
[b2284:205726] *** End of error message ***
/cluster/home/ambr/mrchem/install-new-zora/bin/mrchem.x[0x462244]
[b2283:227090] [ 4] /cluster/home/ambr/mrchem/install-new-zora/bin/mrchem.x[0x465f1e]
[b2283:227090] [ 5] /cluster/home/ambr/mrchem/install-new-zora/bin/mrchem.x[0x466fbc]
[b2283:227090] [ 6] /cluster/home/ambr/mrchem/install-new-zora/bin/mrchem.x[0x42a194]
[b2283:227090] [ 7] /usr/lib64/libc.so.6(__libc_start_main+0xf5)[0x7fb0485e5545]
[b2283:227090] [ 8] /cluster/home/ambr/mrchem/install-new-zora/bin/mrchem.x[0x42e427]
[b2283:227090] *** End of error message ***
/usr/lib64/libc.so.6(abort+0x148)[0x7f2308074a68]
[b2285:20234] [ 3] /cluster/home/ambr/mrchem/install-new-zora/bin/mrchem.x[0x462244]
[b2285:20234] [ 4] /cluster/home/ambr/mrchem/install-new-zora/bin/mrchem.x[0x465f1e]
[b2285:20234] [ 5] /cluster/home/ambr/mrchem/install-new-zora/bin/mrchem.x[0x466fbc]
[b2285:20234] [ 6] /cluster/home/ambr/mrchem/install-new-zora/bin/mrchem.x[0x42a194]
[b2285:20234] [ 7] /usr/lib64/libc.so.6(__libc_start_main+0xf5)[0x7f230805f545]
[b2285:20234] [ 8] /cluster/home/ambr/mrchem/install-new-zora/bin/mrchem.x[0x42e427]
[b2285:20234] *** End of error message ***
/usr/lib64/libc.so.6(abort+0x148)[0x7f6bf3e66a68]
[b2284:205725] [ 3] /cluster/home/ambr/mrchem/install-new-zora/bin/mrchem.x[0x462244]
[b2284:205725] [ 4] /cluster/home/ambr/mrchem/install-new-zora/bin/mrchem.x[0x465f1e]
[b2284:205725] [ 5] /cluster/home/ambr/mrchem/install-new-zora/bin/mrchem.x[0x466fbc]
[b2284:205725] [ 6] /cluster/home/ambr/mrchem/install-new-zora/bin/mrchem.x[0x42a194]
[b2284:205725] [ 7] /usr/lib64/libc.so.6(__libc_start_main+0xf5)[0x7f6bf3e51545]
[b2284:205725] [ 8] /cluster/home/ambr/mrchem/install-new-zora/bin/mrchem.x[0x42e427]
[b2284:205725] *** End of error message ***
[ 5] /cluster/home/ambr/mrchem/install-new-zora/bin/mrchem.x[0x466fbc]
[b2283:227097] [ 6] /cluster/home/ambr/mrchem/install-new-zora/bin/mrchem.x[0x42a194]
[b2283:227097] [ 7] /usr/lib64/libc.so.6(__libc_start_main+0xf5)[0x7f2aad499545]
[b2283:227097] [ 8] /cluster/home/ambr/mrchem/install-new-zora/bin/mrchem.x[0x42e427]
[b2283:227097] *** End of error message ***
/cluster/home/ambr/mrchem/install-new-zora/bin/mrchem.x[0x462244]
[b2285:20237] [ 4] /cluster/home/ambr/mrchem/install-new-zora/bin/mrchem.x[0x465f1e]
[b2285:20237] [ 5] /cluster/home/ambr/mrchem/install-new-zora/bin/mrchem.x[0x466fbc]
[b2285:20237] [ 6] /cluster/home/ambr/mrchem/install-new-zora/bin/mrchem.x[0x42a194]
[b2285:20237] [ 7] /usr/lib64/libc.so.6(__libc_start_main+0xf5)[0x7f7ca7959545]
[b2285:20237] [ 8] /cluster/home/ambr/mrchem/install-new-zora/bin/mrchem.x[0x42e427]
[b2285:20237] *** End of error message ***
/usr/lib64/libc.so.6(abort+0x148)[0x7f82ae21aa68]
[b2284:205729] [ 3] /cluster/home/ambr/mrchem/install-new-zora/bin/mrchem.x[0x462244]
[b2284:205729] [ 4] /cluster/home/ambr/mrchem/install-new-zora/bin/mrchem.x[0x465f1e]
[b2284:205729] [ 5] /cluster/home/ambr/mrchem/install-new-zora/bin/mrchem.x[0x466fbc]
[b2284:205729] [ 6] /cluster/home/ambr/mrchem/install-new-zora/bin/mrchem.x[0x42a194]
[b2284:205729] [ 7] /usr/lib64/libc.so.6(__libc_start_main+0xf5)[0x7f82ae205545]
[b2284:205729] [ 8] /cluster/home/ambr/mrchem/install-new-zora/bin/mrchem.x[0x42e427]
[b2284:205729] *** End of error message ***
/cluster/home/ambr/mrchem/install-new-zora/bin/mrchem.x[0x465f1e]
[b2283:227091] [ 5] /cluster/home/ambr/mrchem/install-new-zora/bin/mrchem.x[0x466fbc]
[b2283:227091] [ 6] /cluster/home/ambr/mrchem/install-new-zora/bin/mrchem.x[0x42a194]
[b2283:227091] [ 7] /usr/lib64/libc.so.6(__libc_start_main+0xf5)[0x7fd543adf545]
[b2283:227091] [ 8] /cluster/home/ambr/mrchem/install-new-zora/bin/mrchem.x[0x42e427]
[b2283:227091] *** End of error message ***
/cluster/home/ambr/mrchem/install-new-zora/bin/mrchem.x[0x466fbc]
[b2285:20239] [ 6] /cluster/home/ambr/mrchem/install-new-zora/bin/mrchem.x[0x42a194]
[b2285:20239] [ 7] /usr/lib64/libc.so.6(__libc_start_main+0xf5)[0x7f840217d545]
[b2285:20239] [ 8] /cluster/home/ambr/mrchem/install-new-zora/bin/mrchem.x[0x42e427]
[b2285:20239] *** End of error message ***
/cluster/home/ambr/mrchem/install-new-zora/bin/mrchem.x[0x462244]
[b2284:205728] [ 4] /cluster/home/ambr/mrchem/install-new-zora/bin/mrchem.x[0x465f1e]
[b2284:205728] [ 5] /cluster/home/ambr/mrchem/install-new-zora/bin/mrchem.x[0x466fbc]
[b2284:205728] [ 6] /cluster/home/ambr/mrchem/install-new-zora/bin/mrchem.x[0x42a194]
[b2284:205728] [ 7] /usr/lib64/libc.so.6(__libc_start_main+0xf5)[0x7fc770e61545]
[b2284:205728] [ 8] /cluster/home/ambr/mrchem/install-new-zora/bin/mrchem.x[0x42e427]
[b2284:205728] *** End of error message ***
/cluster/home/ambr/mrchem/install-new-zora/bin/mrchem.x[0x466fbc]
[b2283:227092] [ 6] /cluster/home/ambr/mrchem/install-new-zora/bin/mrchem.x[0x42a194]
[b2283:227092] [ 7] /usr/lib64/libc.so.6(__libc_start_main+0xf5)[0x7f0e48b49545]
[b2283:227092] [ 8] /cluster/home/ambr/mrchem/install-new-zora/bin/mrchem.x[0x42e427]
[b2283:227092] *** End of error message ***
/cluster/home/ambr/mrchem/install-new-zora/bin/mrchem.x[0x466fbc]
[b2285:20240] [ 6] /cluster/home/ambr/mrchem/install-new-zora/bin/mrchem.x[0x42a194]
[b2285:20240] [ 7] /usr/lib64/libc.so.6(__libc_start_main+0xf5)[0x7fa4700db545]
[b2285:20240] [ 8] /cluster/home/ambr/mrchem/install-new-zora/bin/mrchem.x[0x42e427]
[b2285:20240] *** End of error message ***
/cluster/home/ambr/mrchem/install-new-zora/bin/mrchem.x[0x466fbc]
[b2284:205727] [ 6] /cluster/home/ambr/mrchem/install-new-zora/bin/mrchem.x[0x42a194]
[b2284:205727] [ 7] /usr/lib64/libc.so.6(__libc_start_main+0xf5)[0x7f4566d5e545]
[b2284:205727] [ 8] /cluster/home/ambr/mrchem/install-new-zora/bin/mrchem.x[0x42e427]
[b2284:205727] *** End of error message ***
/cluster/home/ambr/mrchem/install-new-zora/bin/mrchem.x[0x42a194]
[b2283:227094] [ 7] /usr/lib64/libc.so.6(__libc_start_main+0xf5)[0x7f4c838b2545]
[b2283:227094] [ 8] /cluster/home/ambr/mrchem/install-new-zora/bin/mrchem.x[0x42e427]
[b2283:227094] *** End of error message ***
/cluster/home/ambr/mrchem/install-new-zora/bin/mrchem.x[0x42a194]
[b2285:20233] [ 7] /usr/lib64/libc.so.6(__libc_start_main+0xf5)[0x7f4c15ee1545]
[b2285:20233] [ 8] /cluster/home/ambr/mrchem/install-new-zora/bin/mrchem.x[0x42e427]
[b2285:20233] *** End of error message ***
/cluster/home/ambr/mrchem/install-new-zora/bin/mrchem.x[0x466fbc]
[b2284:205724] [ 6] /cluster/home/ambr/mrchem/install-new-zora/bin/mrchem.x[0x42a194]
[b2284:205724] [ 7] /usr/lib64/libc.so.6(__libc_start_main+0xf5)[0x7f5f4808b545]
[b2284:205724] [ 8] /cluster/home/ambr/mrchem/install-new-zora/bin/mrchem.x[0x42e427]
[b2284:205724] *** End of error message ***
/cluster/home/ambr/mrchem/install-new-zora/bin/mrchem.x[0x42a194]
[b2283:227095] [ 7] /usr/lib64/libc.so.6(__libc_start_main+0xf5)[0x7f3f1ac09545]
[b2283:227095] [ 8] /cluster/home/ambr/mrchem/install-new-zora/bin/mrchem.x[0x42e427]
[b2283:227095] *** End of error message ***
/cluster/home/ambr/mrchem/install-new-zora/bin/mrchem.x[0x42a194]
[b2285:20235] [ 7] /usr/lib64/libc.so.6(__libc_start_main+0xf5)[0x7f0f88bfc545]
[b2285:20235] [ 8] /cluster/home/ambr/mrchem/install-new-zora/bin/mrchem.x[0x42e427]
[b2285:20235] *** End of error message ***
/cluster/home/ambr/mrchem/install-new-zora/bin/mrchem.x[0x42a194]
[b2284:205723] [ 7] /usr/lib64/libc.so.6(__libc_start_main+0xf5)[0x7f74fd6a4545]
[b2284:205723] [ 8] /cluster/home/ambr/mrchem/install-new-zora/bin/mrchem.x[0x42e427]
[b2284:205723] *** End of error message ***
[ 7] /usr/lib64/libc.so.6(__libc_start_main+0xf5)[0x7f1914097545]
[b2284:205730] [ 8] /cluster/home/ambr/mrchem/install-new-zora/bin/mrchem.x[0x42e427]
[b2284:205730] *** End of error message ***
--------------------------------------------------------------------------
Primary job  terminated normally, but 1 process returned
a non-zero exit code. Per user-direction, the job has been aborted.
--------------------------------------------------------------------------
--------------------------------------------------------------------------
mpirun noticed that process rank 3 with PID 0 on node b2282 exited on signal 6 (Aborted).
--------------------------------------------------------------------------
cp: cannot stat 'orbitals/*': No such file or directory
cp: cannot stat 'checkpoint/*': No such file or directory
