                                                                           
                                                                           
***************************************************************************
***                                                                     ***
***                                                                     ***
***          __  __ ____   ____ _                                       ***
***         |  \/  |  _ \ / ___| |__   ___ _ __ ___                     ***
***         | |\/| | |_) | |   | '_ \ / _ \ '_ ` _ \                    ***
***         | |  | |  _ <| |___| | | |  __/ | | | | |                   ***
***         |_|  |_|_| \_\\____|_| |_|\___|_| |_| |_|                   ***
***                                                                     ***
***         VERSION            1.1.0-alpha                              ***
***                                                                     ***
***         Git branch         new-zora                                 ***
***         Git commit hash    dd0292b4cc5a484bb89f                     ***
***         Git commit author  Anders Brakestad                         ***
***         Git commit date    Tue May 4 16:46:31 2021 +0200            ***
***                                                                     ***
***         Contact: luca.frediani@uit.no                               ***
***                                                                     ***
***         Radovan Bast            Magnar Bjorgve                      ***
***         Roberto Di Remigio      Antoine Durdek                      ***
***         Luca Frediani           Gabriel Gerez                       ***
***         Stig Rune Jensen        Jonas Juselius                      ***
***         Rune Monstad            Peter Wind                          ***
***                                                                     ***
***************************************************************************

---------------------------------------------------------------------------

 MPI processes           :        (1 bank)                              32
 OpenMP threads          :                                              16
 Total cores             :                                             497
                                                                           
---------------------------------------------------------------------------

XCFun DFT library Copyright 2009-2020 Ulf Ekstrom and contributors.
See http://dftlibs.org/xcfun/ for more information.

This is free software; see the source code for copying conditions.
There is ABSOLUTELY NO WARRANTY; not even for MERCHANTABILITY or
FITNESS FOR A PARTICULAR PURPOSE. For details see the documentation.
Scientific users of this library should cite
U. Ekstrom, L. Visscher, R. Bast, A. J. Thorvaldsen and K. Ruud;
J.Chem.Theor.Comp. 2010, DOI: 10.1021/ct100117s

---------------------------------------------------------------------------

 MRCPP version         : 1.4.0-alpha
 Git branch            : HEAD
 Git commit hash       : 2797a7a18efb69942a6e
 Git commit author     : Stig Rune Jensen
 Git commit date       : Fri Mar 12 12:48:07 2021 +0100

 Linear algebra        : EIGEN v3.3.7
 Parallelization       : MPI/OpenMP (16 threads)

---------------------------------------------------------------------------


                                                                           
===========================================================================
                         MultiResolution Analysis
---------------------------------------------------------------------------
 polynomial order      : 11
 polynomial type       : Interpolating
---------------------------------------------------------------------------
 total boxes           : 8
 boxes                 : [          2           2           2 ]
 unit lengths          : [   64.00000    64.00000    64.00000 ]
 scaling factor        : [    1.00000     1.00000     1.00000 ]
 lower bounds          : [  -64.00000   -64.00000   -64.00000 ]
 upper bounds          : [   64.00000    64.00000    64.00000 ]
 total length          : [  128.00000   128.00000   128.00000 ]
===========================================================================


                                                                           
***************************************************************************
***                                                                     ***
***                        Initializing Molecule                        ***
***                                                                     ***
***************************************************************************
                                                                           
                                                                           
===========================================================================
                                 Molecule
---------------------------------------------------------------------------
 Charge                  :                                               0
 Multiplicity            :                                               1
---------------------------------------------------------------------------
    N    Atom            :               x               y               z
---------------------------------------------------------------------------
    0       O            :        0.000000        0.000000        0.221665
    1       H            :        0.000000        1.430901       -0.886659
    2       H            :        0.000000       -1.430901       -0.886659
---------------------------------------------------------------------------
 Center of mass          :        0.000000       -0.000000        0.097645
===========================================================================


                                                                           
***************************************************************************
***                                                                     ***
***                 Computing Ground State Wavefunction                 ***
***                                                                     ***
***************************************************************************
                                                                           
                                                                           
~~~~~~~~~~~~~~~~~~~~~~~~~~~~~~~~~~~~~~~~~~~~~~~~~~~~~~~~~~~~~~~~~~~~~~~~~~~
 Calculation             : Compute initial orbitals
 Method                  : Diagonalize SAD Hamiltonian
 Precision               : 1.00000e-04
 Restricted              : True
 Functional              : LDA (SVWN5)
 AO basis                : Hydrogenic orbitals
 Zeta quality            : 3
~~~~~~~~~~~~~~~~~~~~~~~~~~~~~~~~~~~~~~~~~~~~~~~~~~~~~~~~~~~~~~~~~~~~~~~~~~~


===========================================================================
                            Molecular Orbitals
---------------------------------------------------------------------------
 Alpha electrons         :                                               5
 Beta electrons          :                                               5
 Total electrons         :                                              10
---------------------------------------------------------------------------
    n  Occ Spin          :                                            Norm
---------------------------------------------------------------------------
    0    2    p          :                              9.999999998254e-01
    1    2    p          :                              9.999999997243e-01
    2    2    p          :                              9.999996313907e-01
    3    2    p          :                              9.999999997933e-01
    4    2    p          :                              1.000000000000e+00
===========================================================================


~~~~~~~~~~~~~~~~~~~~~~~~~~~~~~~~~~~~~~~~~~~~~~~~~~~~~~~~~~~~~~~~~~~~~~~~~~~
 Calculation             : Compute initial energy
 Method                  : DFT (SVWN5)
 Precision               : 1.00000e-04
 Localization            : On
~~~~~~~~~~~~~~~~~~~~~~~~~~~~~~~~~~~~~~~~~~~~~~~~~~~~~~~~~~~~~~~~~~~~~~~~~~~


===========================================================================
                        Molecular Energy (initial)
---------------------------------------------------------------------------
 Kinetic energy          :            (au)                 80.594881980173
 E-N energy              :            (au)               -204.994562854041
 Coulomb energy          :            (au)                 48.586234994351
 Exchange energy         :            (au)                  0.000000000000
 X-C energy              :            (au)                 -9.057647663301
 Ext. field (el)         :            (au)                  0.000000000000
---------------------------------------------------------------------------
 N-N energy              :            (au)                  9.189533762640
 Ext. field (nuc)        :            (au)                  0.000000000000
 Tot. Reac. Energy       :            (au)                  0.000000000000
 El. Reac. Energy        :            (au)                  0.000000000000
 Nuc. Reac. Energy       :            (au)                  0.000000000000
---------------------------------------------------------------------------
 Electronic energy       :            (au)                -84.871093542818
 Nuclear energy          :            (au)                  9.189533762640
---------------------------------------------------------------------------
 Total energy            :            (au)             -7.568155978018e+01
                         :      (kcal/mol)             -4.749089539075e+04
                         :        (kJ/mol)             -1.987019064439e+05
                         :            (eV)             -2.059400064363e+03
===========================================================================


===========================================================================
                        Orbital Energies (initial)
---------------------------------------------------------------------------
    n  Occ Spin          :                                         Epsilon
---------------------------------------------------------------------------
    0    2    p          :            (au)                -18.110689658365
    1    2    p          :            (au)                 -0.787213824627
    2    2    p          :            (au)                 -0.373538931097
    3    2    p          :            (au)                 -0.187979085345
    4    2    p          :            (au)                 -0.120390701184
---------------------------------------------------------------------------
 Sum occupied            :            (au)                -39.159624401236
===========================================================================


~~~~~~~~~~~~~~~~~~~~~~~~~~~~~~~~~~~~~~~~~~~~~~~~~~~~~~~~~~~~~~~~~~~~~~~~~~~
 Calculation             : Optimize ground state orbitals
 Method                  : DFT (SVWN5)
 Checkpointing           : Off
 Max iterations          : 100
 KAIN solver             : 10
 Localization            : Every 10 iterations
 Diagonalization         : Off
 Start precision         : 1.00000e-07
 Final precision         : 1.00000e-07
 Helmholtz precision     : Dynamic
 Energy threshold        : 1.00000e-07
 Orbital threshold       : 1.00000e-06
 ZORA                    : Off
~~~~~~~~~~~~~~~~~~~~~~~~~~~~~~~~~~~~~~~~~~~~~~~~~~~~~~~~~~~~~~~~~~~~~~~~~~~


===========================================================================
 Iter           MO residual             Total energy                Update
---------------------------------------------------------------------------
    0          2.236068e+00         -75.681559780178         -7.568156e+01
    1          2.071440e-01         -75.871286026089         -1.897262e-01
    2          1.324834e-01         -75.900199755440         -2.891373e-02
    3          1.005014e-01         -75.904256807293         -4.057052e-03
    4          4.910293e-02         -75.912742877099         -8.486070e-03
    5          8.572626e-03         -75.913140242201         -3.973651e-04
    6          1.018914e-02         -75.913352963882         -2.127217e-04
    7          2.447038e-03         -75.913380208948         -2.724507e-05
    8          1.640211e-03         -75.913388998799         -8.789850e-06
    9          9.345074e-04         -75.913390687163         -1.688365e-06
   10          3.077811e-04         -75.913390887642         -2.004782e-07
   11          1.906841e-04         -75.913390984535         -9.689300e-08
   12          9.399562e-05         -75.913391024777         -4.024265e-08
   13          8.018472e-05         -75.913391055656         -3.087875e-08
   14          3.589562e-05         -75.913391059032         -3.375646e-09
   15          1.625196e-05         -75.913391060237         -1.205677e-09
   16          6.948112e-06         -75.913391060520         -2.826397e-10
   17          3.532720e-06         -75.913391060556         -3.642242e-11
   18          1.677726e-06         -75.913391060566         -9.421797e-12
---------------------------------------------------------------------------
                      SCF converged in 18 iterations!
===========================================================================


                                                                           
***************************************************************************
***                                                                     ***
***                    Printing Molecular Properties                    ***
***                                                                     ***
***************************************************************************
                                                                           
                                                                           
===========================================================================
                                 Molecule
---------------------------------------------------------------------------
 Charge                  :                                               0
 Multiplicity            :                                               1
---------------------------------------------------------------------------
    N    Atom            :               x               y               z
---------------------------------------------------------------------------
    0       O            :        0.000000        0.000000        0.221665
    1       H            :        0.000000        1.430901       -0.886659
    2       H            :        0.000000       -1.430901       -0.886659
---------------------------------------------------------------------------
 Center of mass          :        0.000000       -0.000000        0.097645
===========================================================================


===========================================================================
                         Molecular Energy (final)
---------------------------------------------------------------------------
 Kinetic energy          :            (au)                 75.534149454958
 E-N energy              :            (au)               -198.490688526781
 Coulomb energy          :            (au)                 46.591412042169
 Exchange energy         :            (au)                  0.000000000000
 X-C energy              :            (au)                 -8.737797793551
 Ext. field (el)         :            (au)                  0.000000000000
---------------------------------------------------------------------------
 N-N energy              :            (au)                  9.189533762640
 Ext. field (nuc)        :            (au)                  0.000000000000
 Tot. Reac. Energy       :            (au)                  0.000000000000
 El. Reac. Energy        :            (au)                  0.000000000000
 Nuc. Reac. Energy       :            (au)                  0.000000000000
---------------------------------------------------------------------------
 Electronic energy       :            (au)                -85.102924823206
 Nuclear energy          :            (au)                  9.189533762640
---------------------------------------------------------------------------
 Total energy            :            (au)             -7.591339106057e+01
                         :      (kcal/mol)             -4.763637171441e+04
                         :        (kJ/mol)             -1.993105793824e+05
                         :            (eV)             -2.065708514600e+03
===========================================================================


===========================================================================
                         Orbital Energies (final)
---------------------------------------------------------------------------
    n  Occ Spin          :                                         Epsilon
---------------------------------------------------------------------------
    0    2    p          :            (au)                -18.609317377270
    1    2    p          :            (au)                 -0.926330991080
    2    2    p          :            (au)                 -0.487782047626
    3    2    p          :            (au)                 -0.345892193128
    4    2    p          :            (au)                 -0.272007517214
---------------------------------------------------------------------------
 Sum occupied            :            (au)                -41.282660252637
===========================================================================


===========================================================================
                           Dipole Moment (dip-1)
---------------------------------------------------------------------------
 r_O                     :        0.000000        0.000000        0.000000
---------------------------------------------------------------------------
 Electronic vector       :        0.000000       -0.000000       -0.729994
 Magnitude               :            (au)                        0.729994
                         :         (Debye)                        1.855460
---------------------------------------------------------------------------
 Nuclear vector          :        0.000000        0.000000        0.000000
 Magnitude               :            (au)                        0.000000
                         :         (Debye)                        0.000000
---------------------------------------------------------------------------
 Total vector            :        0.000000       -0.000000       -0.729994
 Magnitude               :            (au)                        0.729994
                         :         (Debye)                        1.855460
===========================================================================


                                                                           
                                                                           
***************************************************************************
***                                                                     ***
***                            Exiting MRChem                           ***
***                                                                     ***
***                       Wall time :  0h  5m  9s                       ***
***                                                                     ***
***************************************************************************
                                                                           
                                                                           
