Starting job 181702 on b[3133-3140] at Fri May 7 13:46:08 CEST 2021


Task and CPU usage stats:
       JobID    JobName  AllocCPUS   NTasks     MinCPU MinCPUTask     AveCPU    Elapsed ExitCode 
------------ ---------- ---------- -------- ---------- ---------- ---------- ---------- -------- 
181702            NiCO4       1024                                             00:05:09      0:0 
181702.batch      batch        128        1   02:08:43          0   02:08:43   00:05:10     0:15 
181702.exte+     extern       1024        8   00:00:00          5   00:00:00   00:05:09      0:0 
181702.0          orted        112        7                                    00:05:02      0:0 

Memory usage stats:
       JobID     MaxRSS MaxRSSTask     AveRSS MaxPages   MaxPagesTask   AvePages 
------------ ---------- ---------- ---------- -------- -------------- ---------- 
181702                                                                           
181702.batch  14070275K          0  14070275K       66              0         66 
181702.exte+       801K          7     816256        1              5          1 
181702.0                                                                         

Disk usage stats:
       JobID  MaxDiskRead MaxDiskReadTask    AveDiskRead MaxDiskWrite MaxDiskWriteTask   AveDiskWrite 
------------ ------------ --------------- -------------- ------------ ---------------- -------------- 
181702                                                                                                
181702.batch       39.96M               0         39.96M       16.99M                0         16.99M 
181702.exte+        0.00M               5          0.00M            0                5              0 
181702.0                                                                                              

Job 181702 completed at Fri May 7 13:51:19 CEST 2021
Starting job 181708 on b[3133-3136] at Fri May 7 13:56:46 CEST 2021


Task and CPU usage stats:
       JobID    JobName  AllocCPUS   NTasks     MinCPU MinCPUTask     AveCPU    Elapsed ExitCode 
------------ ---------- ---------- -------- ---------- ---------- ---------- ---------- -------- 
181708            NiCO4        512                                             00:02:01      0:0 
181708.batch      batch        128        1   00:59:48          0   00:59:48   00:02:02     0:15 
181708.exte+     extern        512        4   00:00:00          2   00:00:00   00:02:01      0:0 
181708.0          orted         48        3                                    00:01:53      0:0 

Memory usage stats:
       JobID     MaxRSS MaxRSSTask     AveRSS MaxPages   MaxPagesTask   AvePages 
------------ ---------- ---------- ---------- -------- -------------- ---------- 
181708                                                                           
181708.batch  15050295K          0  15050295K       70              0         70 
181708.exte+       799K          3     642816        1              2          1 
181708.0                                                                         

Disk usage stats:
       JobID  MaxDiskRead MaxDiskReadTask    AveDiskRead MaxDiskWrite MaxDiskWriteTask   AveDiskWrite 
------------ ------------ --------------- -------------- ------------ ---------------- -------------- 
181708                                                                                                
181708.batch       39.68M               0         39.68M       17.31M                0         17.31M 
181708.exte+        0.00M               2          0.00M            0                2              0 
181708.0                                                                                              

Job 181708 completed at Fri May 7 13:58:49 CEST 2021
Starting job 181712 on b[2282-2285] at Fri May 7 14:01:28 CEST 2021

Copying NiCO4.out to /cluster/home/ambr/projects/zora/mini-benchmark-gto-mw/small-molecules/calcs
Copying NiCO4.json to /cluster/home/ambr/projects/zora/mini-benchmark-gto-mw/small-molecules/calcs

Task and CPU usage stats:
       JobID    JobName  AllocCPUS   NTasks     MinCPU MinCPUTask     AveCPU    Elapsed ExitCode 
------------ ---------- ---------- -------- ---------- ---------- ---------- ---------- -------- 
181712            NiCO4        512                                             00:00:20      1:0 
181712.batch      batch        128        1   00:00:00          0   00:00:00   00:00:20      1:0 
181712.exte+     extern        512        4   00:00:00          1   00:00:00   00:00:20      0:0 
181712.0          orted         48        3   00:00:00          2   00:00:00   00:00:10      0:0 

Memory usage stats:
       JobID     MaxRSS MaxRSSTask     AveRSS MaxPages   MaxPagesTask   AvePages 
------------ ---------- ---------- ---------- -------- -------------- ---------- 
181712                                                                           
181712.batch     28809K          0     28809K       28              0         28 
181712.exte+       801K          0     818432        1              1          1 
181712.0          1981K          0    2027178        0              2          0 

Disk usage stats:
       JobID  MaxDiskRead MaxDiskReadTask    AveDiskRead MaxDiskWrite MaxDiskWriteTask   AveDiskWrite 
------------ ------------ --------------- -------------- ------------ ---------------- -------------- 
181712                                                                                                
181712.batch       11.94M               0         11.94M        0.09M                0          0.09M 
181712.exte+        0.00M               1          0.00M            0                1              0 
181712.0                0               2              0            0                2              0 

Job 181712 completed at Fri May 7 14:01:48 CEST 2021
Starting job 181713 on b[2282-2285] at Fri May 7 14:02:46 CEST 2021


Task and CPU usage stats:
       JobID    JobName  AllocCPUS   NTasks     MinCPU MinCPUTask     AveCPU    Elapsed ExitCode 
------------ ---------- ---------- -------- ---------- ---------- ---------- ---------- -------- 
181713            NiCO4        512                                             00:16:39      0:0 
181713.batch      batch        128        1   08:07:04          0   08:07:04   00:16:40     0:15 
181713.exte+     extern        512        4   00:00:00          3   00:00:00   00:16:39      0:0 
181713.0          orted         48        3                                    00:16:32      0:0 

Memory usage stats:
       JobID     MaxRSS MaxRSSTask     AveRSS MaxPages   MaxPagesTask   AvePages 
------------ ---------- ---------- ---------- -------- -------------- ---------- 
181713                                                                           
181713.batch  71948000K          0  71948000K       69              0         69 
181713.exte+       797K          3     814848        1              3          1 
181713.0                                                                         

Disk usage stats:
       JobID  MaxDiskRead MaxDiskReadTask    AveDiskRead MaxDiskWrite MaxDiskWriteTask   AveDiskWrite 
------------ ------------ --------------- -------------- ------------ ---------------- -------------- 
181713                                                                                                
181713.batch       39.86M               0         39.86M       26.28M                0         26.28M 
181713.exte+        0.00M               3          0.00M            0                3              0 
181713.0                                                                                              

Job 181713 completed at Fri May 7 14:19:26 CEST 2021
Starting job 181751 on b[4205-4213,4224] at Fri May 7 14:52:04 CEST 2021

Copying NiCO4.out to /cluster/home/ambr/projects/zora/mini-benchmark-gto-mw/small-molecules/initorbs
Copying NiCO4.json to /cluster/home/ambr/projects/zora/mini-benchmark-gto-mw/small-molecules/initorbs

Task and CPU usage stats:
       JobID    JobName  AllocCPUS   NTasks     MinCPU MinCPUTask     AveCPU    Elapsed ExitCode 
------------ ---------- ---------- -------- ---------- ---------- ---------- ---------- -------- 
181751            NiCO4       1280                                             01:35:31      1:0 
181751.batch      batch        128        1 1-08:10:00          0   00:00:01   01:35:31      1:0 
181751.exte+     extern       1280       10   00:00:00          9   00:00:00   01:35:32      0:0 
181751.0          orted        144        9   13:10:53          8 1-00:18:15   01:35:12      0:0 

Memory usage stats:
       JobID     MaxRSS MaxRSSTask     AveRSS MaxPages   MaxPagesTask   AvePages 
------------ ---------- ---------- ---------- -------- -------------- ---------- 
181751                                                                           
181751.batch  72609394K          0  72609394K      106              0          0 
181751.exte+       806K          6       802K        3              8          1 
181751.0      81142047K          1 597126257+      118              0         89 

Disk usage stats:
       JobID  MaxDiskRead MaxDiskReadTask    AveDiskRead MaxDiskWrite MaxDiskWriteTask   AveDiskWrite 
------------ ------------ --------------- -------------- ------------ ---------------- -------------- 
181751                                                                                                
181751.batch     1899.09M               0       1899.09M     2995.58M                0       2995.58M 
181751.exte+        0.00M               9          0.00M            0                9              0 
181751.0           28.38M               7         28.37M     1636.06M                1        768.54M 

Job 181751 completed at Fri May 7 16:27:37 CEST 2021
