                                                                           
                                                                           
***************************************************************************
***                                                                     ***
***                                                                     ***
***          __  __ ____   ____ _                                       ***
***         |  \/  |  _ \ / ___| |__   ___ _ __ ___                     ***
***         | |\/| | |_) | |   | '_ \ / _ \ '_ ` _ \                    ***
***         | |  | |  _ <| |___| | | |  __/ | | | | |                   ***
***         |_|  |_|_| \_\\____|_| |_|\___|_| |_| |_|                   ***
***                                                                     ***
***         VERSION            1.1.0-alpha                              ***
***                                                                     ***
***         Git branch         new-zora                                 ***
***         Git commit hash    dd0292b4cc5a484bb89f                     ***
***         Git commit author  Anders Brakestad                         ***
***         Git commit date    Tue May 4 16:46:31 2021 +0200            ***
***                                                                     ***
***         Contact: luca.frediani@uit.no                               ***
***                                                                     ***
***         Radovan Bast            Magnar Bjorgve                      ***
***         Roberto Di Remigio      Antoine Durdek                      ***
***         Luca Frediani           Gabriel Gerez                       ***
***         Stig Rune Jensen        Jonas Juselius                      ***
***         Rune Monstad            Peter Wind                          ***
***                                                                     ***
***************************************************************************

---------------------------------------------------------------------------

 MPI processes           :        (1 bank)                              80
 OpenMP threads          :                                              16
 Total cores             :                                            1265
                                                                           
---------------------------------------------------------------------------

XCFun DFT library Copyright 2009-2020 Ulf Ekstrom and contributors.
See http://dftlibs.org/xcfun/ for more information.

This is free software; see the source code for copying conditions.
There is ABSOLUTELY NO WARRANTY; not even for MERCHANTABILITY or
FITNESS FOR A PARTICULAR PURPOSE. For details see the documentation.
Scientific users of this library should cite
U. Ekstrom, L. Visscher, R. Bast, A. J. Thorvaldsen and K. Ruud;
J.Chem.Theor.Comp. 2010, DOI: 10.1021/ct100117s

---------------------------------------------------------------------------

 MRCPP version         : 1.4.0-alpha
 Git branch            : HEAD
 Git commit hash       : 2797a7a18efb69942a6e
 Git commit author     : Stig Rune Jensen
 Git commit date       : Fri Mar 12 12:48:07 2021 +0100

 Linear algebra        : EIGEN v3.3.7
 Parallelization       : MPI/OpenMP (16 threads)

---------------------------------------------------------------------------


                                                                           
===========================================================================
                         MultiResolution Analysis
---------------------------------------------------------------------------
 polynomial order      : 11
 polynomial type       : Interpolating
---------------------------------------------------------------------------
 total boxes           : 8
 boxes                 : [          2           2           2 ]
 unit lengths          : [   64.00000    64.00000    64.00000 ]
 scaling factor        : [    1.00000     1.00000     1.00000 ]
 lower bounds          : [  -64.00000   -64.00000   -64.00000 ]
 upper bounds          : [   64.00000    64.00000    64.00000 ]
 total length          : [  128.00000   128.00000   128.00000 ]
===========================================================================


                                                                           
***************************************************************************
***                                                                     ***
***                        Initializing Molecule                        ***
***                                                                     ***
***************************************************************************
                                                                           
                                                                           
===========================================================================
                                 Molecule
---------------------------------------------------------------------------
 Charge                  :                                               0
 Multiplicity            :                                               1
---------------------------------------------------------------------------
    N    Atom            :               x               y               z
---------------------------------------------------------------------------
    0      Ni            :       -0.378416        4.640759       -1.253990
    1       C            :        1.177367        3.249006        1.457276
    2       C            :       -1.820213        2.130859       -3.082735
    3       C            :       -2.773084        6.849048       -0.203743
    4       O            :       -2.716941        0.536212       -4.212215
    5       O            :        2.140189        2.355774        3.159448
    6       O            :       -4.267397        8.250813        0.447723
    7       C            :        1.899691        6.339251       -3.163044
    8       O            :        3.319720        7.435167       -4.348581
---------------------------------------------------------------------------
 Center of mass          :       -0.379606        4.642519       -1.246480
===========================================================================


                                                                           
***************************************************************************
***                                                                     ***
***                 Computing Ground State Wavefunction                 ***
***                                                                     ***
***************************************************************************
                                                                           
                                                                           
~~~~~~~~~~~~~~~~~~~~~~~~~~~~~~~~~~~~~~~~~~~~~~~~~~~~~~~~~~~~~~~~~~~~~~~~~~~
 Calculation             : Compute initial orbitals
 Method                  : Diagonalize SAD Hamiltonian
 Precision               : 1.00000e-04
 Restricted              : True
 Functional              : LDA (SVWN5)
 AO basis                : Hydrogenic orbitals
 Zeta quality            : 3
~~~~~~~~~~~~~~~~~~~~~~~~~~~~~~~~~~~~~~~~~~~~~~~~~~~~~~~~~~~~~~~~~~~~~~~~~~~


===========================================================================
                            Molecular Orbitals
---------------------------------------------------------------------------
 Alpha electrons         :                                              42
 Beta electrons          :                                              42
 Total electrons         :                                              84
---------------------------------------------------------------------------
    n  Occ Spin          :                                            Norm
---------------------------------------------------------------------------
    0    2    p          :                              9.999982757064e-01
    1    2    p          :                              1.000000051163e+00
    2    2    p          :                              9.999999671176e-01
    3    2    p          :                              9.999999747728e-01
    4    2    p          :                              1.000000037987e+00
    5    2    p          :                              9.999998496591e-01
    6    2    p          :                              9.999999946739e-01
    7    2    p          :                              9.999984558571e-01
    8    2    p          :                              9.999999218902e-01
    9    2    p          :                              9.999999191917e-01
   10    2    p          :                              9.999999625481e-01
   11    2    p          :                              1.000000177827e+00
   12    2    p          :                              9.999999475918e-01
   13    2    p          :                              1.000000055196e+00
   14    2    p          :                              9.999998848698e-01
   15    2    p          :                              9.999999750024e-01
   16    2    p          :                              9.999998036313e-01
   17    2    p          :                              1.000000478957e+00
   18    2    p          :                              9.999997926075e-01
   19    2    p          :                              1.000000065553e+00
   20    2    p          :                              9.999999084969e-01
   21    2    p          :                              9.999993369529e-01
   22    2    p          :                              9.999987845082e-01
   23    2    p          :                              1.000001261814e+00
   24    2    p          :                              9.999994981057e-01
   25    2    p          :                              1.000000848195e+00
   26    2    p          :                              9.999981491930e-01
   27    2    p          :                              9.999985161188e-01
   28    2    p          :                              9.999996195655e-01
   29    2    p          :                              1.000001086219e+00
   30    2    p          :                              9.999998841594e-01
   31    2    p          :                              9.999991449358e-01
   32    2    p          :                              1.000000191695e+00
   33    2    p          :                              1.000000171306e+00
   34    2    p          :                              1.000002019090e+00
   35    2    p          :                              1.000000498857e+00
   36    2    p          :                              9.999995193480e-01
   37    2    p          :                              9.999980371555e-01
   38    2    p          :                              1.000000122130e+00
   39    2    p          :                              9.999982877896e-01
   40    2    p          :                              9.999999228814e-01
   41    2    p          :                              9.999966937078e-01
===========================================================================


~~~~~~~~~~~~~~~~~~~~~~~~~~~~~~~~~~~~~~~~~~~~~~~~~~~~~~~~~~~~~~~~~~~~~~~~~~~
 Calculation             : Compute initial energy
 Method                  : DFT (SVWN5)
 Precision               : 1.00000e-04
 Localization            : On
~~~~~~~~~~~~~~~~~~~~~~~~~~~~~~~~~~~~~~~~~~~~~~~~~~~~~~~~~~~~~~~~~~~~~~~~~~~


===========================================================================
                        Molecular Energy (initial)
---------------------------------------------------------------------------
 Kinetic energy          :            (au)               2015.928990626938
 E-N energy              :            (au)              -5910.272393516360
 Coulomb energy          :            (au)               1451.488573689243
 Exchange energy         :            (au)                  0.000000000000
 X-C energy              :            (au)               -113.454389255949
 Ext. field (el)         :            (au)                  0.000000000000
---------------------------------------------------------------------------
 N-N energy              :            (au)                604.582128904044
 Ext. field (nuc)        :            (au)                  0.000000000000
 Tot. Reac. Energy       :            (au)                  0.000000000000
 El. Reac. Energy        :            (au)                  0.000000000000
 Nuc. Reac. Energy       :            (au)                  0.000000000000
---------------------------------------------------------------------------
 Electronic energy       :            (au)              -2556.309218456128
 Nuclear energy          :            (au)                604.582128904044
---------------------------------------------------------------------------
 Total energy            :            (au)             -1.951727089552e+03
                         :      (kcal/mol)             -1.224727229598e+06
                         :        (kJ/mol)             -5.124258731963e+06
                         :            (eV)             -5.310919734632e+04
===========================================================================


===========================================================================
                        Orbital Energies (initial)
---------------------------------------------------------------------------
    n  Occ Spin          :                                         Epsilon
---------------------------------------------------------------------------
    0    2    p          :            (au)               -297.989751797223
    1    2    p          :            (au)                -36.108231413551
    2    2    p          :            (au)                -31.656442633721
    3    2    p          :            (au)                -31.650096298484
    4    2    p          :            (au)                -31.644631092240
    5    2    p          :            (au)                -18.604674709670
    6    2    p          :            (au)                -18.516754767084
    7    2    p          :            (au)                -18.440033887630
    8    2    p          :            (au)                -18.203165683453
    9    2    p          :            (au)                 -9.890422159554
   10    2    p          :            (au)                 -9.875210481240
   11    2    p          :            (au)                 -9.648903347361
   12    2    p          :            (au)                 -9.588563837012
   13    2    p          :            (au)                 -4.565630815366
   14    2    p          :            (au)                 -3.219960300687
   15    2    p          :            (au)                 -3.210327276834
   16    2    p          :            (au)                 -3.204914630147
   17    2    p          :            (au)                 -1.109272553374
   18    2    p          :            (au)                 -1.070442947343
   19    2    p          :            (au)                 -0.971203885325
   20    2    p          :            (au)                 -0.848741399453
   21    2    p          :            (au)                 -0.814290787579
   22    2    p          :            (au)                 -0.785108050699
   23    2    p          :            (au)                 -0.767181621412
   24    2    p          :            (au)                 -0.736831611225
   25    2    p          :            (au)                 -0.699000702395
   26    2    p          :            (au)                 -0.624236094623
   27    2    p          :            (au)                 -0.551100104422
   28    2    p          :            (au)                 -0.513486552829
   29    2    p          :            (au)                 -0.496360949928
   30    2    p          :            (au)                 -0.492254016766
   31    2    p          :            (au)                 -0.469832360338
   32    2    p          :            (au)                 -0.464171678918
   33    2    p          :            (au)                 -0.445233913901
   34    2    p          :            (au)                 -0.436695166379
   35    2    p          :            (au)                 -0.410565836140
   36    2    p          :            (au)                 -0.379681360571
   37    2    p          :            (au)                 -0.370250219537
   38    2    p          :            (au)                 -0.362643900131
   39    2    p          :            (au)                 -0.284949789437
   40    2    p          :            (au)                 -0.255358967963
   41    2    p          :            (au)                 -0.243194999801
---------------------------------------------------------------------------
 Sum occupied            :            (au)              -1141.239609203490
===========================================================================


~~~~~~~~~~~~~~~~~~~~~~~~~~~~~~~~~~~~~~~~~~~~~~~~~~~~~~~~~~~~~~~~~~~~~~~~~~~
 Calculation             : Optimize ground state orbitals
 Method                  : DFT (SVWN5)
 Checkpointing           : Off
 Max iterations          : 100
 KAIN solver             : 10
 Localization            : Every 10 iterations
 Diagonalization         : Off
 Start precision         : 1.00000e-07
 Final precision         : 1.00000e-07
 Helmholtz precision     : Dynamic
 Energy threshold        : 1.00000e-07
 Orbital threshold       : 1.00000e-06
 ZORA                    : Off
~~~~~~~~~~~~~~~~~~~~~~~~~~~~~~~~~~~~~~~~~~~~~~~~~~~~~~~~~~~~~~~~~~~~~~~~~~~


===========================================================================
 Iter           MO residual             Total energy                Update
---------------------------------------------------------------------------
    0          6.480741e+00       -1951.727089552084         -1.951727e+03
    1          4.697345e-01       -1955.238442848535         -3.511353e+00
    2          2.171198e-01       -1955.732147522389         -4.937047e-01
    3          1.443545e-01       -1955.849914708317         -1.177672e-01
    4          7.851016e-02       -1955.901115051219         -5.120034e-02
    5          7.972983e-02       -1955.926172853003         -2.505780e-02
    6          6.484802e-02       -1955.942979463532         -1.680661e-02
    7          3.119343e-02       -1955.948659718985         -5.680255e-03
    8          3.971221e-02       -1955.954141709532         -5.481991e-03
    9          2.027392e-02       -1955.955447144038         -1.305435e-03
   10          1.525994e-02       -1955.956047455227         -6.003112e-04
   11          1.043999e-02       -1955.956088487685         -4.103246e-05
   12          7.101776e-03       -1955.956538919767         -4.504321e-04
   13          7.683504e-03       -1955.956704705854         -1.657861e-04
   14          1.110676e-02       -1955.956943221966         -2.385161e-04
   15          5.192068e-03       -1955.957028908439         -8.568647e-05
   16          5.010011e-03       -1955.957110164279         -8.125584e-05
   17          4.133991e-03       -1955.957150821524         -4.065724e-05
   18          3.932969e-03       -1955.957174753640         -2.393212e-05
   19          2.811025e-03       -1955.957197411167         -2.265753e-05
   20          1.391922e-03       -1955.957206849446         -9.438279e-06
   21          8.196929e-04       -1955.957208138527         -1.289081e-06
   22          6.063142e-04       -1955.957210837556         -2.699029e-06
   23          1.249429e-03       -1955.957213996739         -3.159183e-06
   24          1.230251e-03       -1955.957217691553         -3.694814e-06
   25          7.148766e-04       -1955.957219128007         -1.436454e-06
   26          8.745529e-04       -1955.957220470975         -1.342968e-06
   27          5.418126e-04       -1955.957221090229         -6.192545e-07
   28          5.252119e-04       -1955.957221614686         -5.244565e-07
   29          3.076385e-04       -1955.957221877164         -2.624784e-07
   30          2.102958e-04       -1955.957221991031         -1.138669e-07
   31          1.448529e-04       -1955.957221996685         -5.653874e-09
   32          1.002174e-04       -1955.957222081272         -8.458755e-08
   33          1.351136e-04       -1955.957222121785         -4.051253e-08
   34          1.590047e-04       -1955.957222178218         -5.643278e-08
   35          7.972503e-05       -1955.957222196220         -1.800208e-08
   36          8.926836e-05       -1955.957222213008         -1.678882e-08
   37          6.878433e-05       -1955.957222222286         -9.277301e-09
   38          4.167418e-05       -1955.957222227503         -5.216862e-09
   39          3.290895e-05       -1955.957222230447         -2.944489e-09
   40          2.232652e-05       -1955.957222232909         -2.461547e-09
   41          1.629620e-05       -1955.957222233858         -9.490577e-10
   42          1.183110e-05       -1955.957222234934         -1.075932e-09
   43          2.302130e-05       -1955.957222235022         -8.867573e-11
   44          2.769597e-05       -1955.957222235767         -7.448762e-10
   45          1.721582e-05       -1955.957222238267         -2.500201e-09
   46          1.776904e-05       -1955.957222237973          2.946763e-10
   47          1.273054e-05       -1955.957222238589         -6.166374e-10
   48          7.785110e-06       -1955.957222239272         -6.825758e-10
   49          9.797945e-06       -1955.957222237757          1.514763e-09
   50          3.904316e-06       -1955.957222239130         -1.372882e-09
   51          2.625812e-06       -1955.957222239654         -5.238689e-10
   52          2.001365e-06       -1955.957222239674         -2.000888e-11
---------------------------------------------------------------------------
                      SCF converged in 52 iterations!
===========================================================================


                                                                           
***************************************************************************
***                                                                     ***
***                    Printing Molecular Properties                    ***
***                                                                     ***
***************************************************************************
                                                                           
                                                                           
===========================================================================
                                 Molecule
---------------------------------------------------------------------------
 Charge                  :                                               0
 Multiplicity            :                                               1
---------------------------------------------------------------------------
    N    Atom            :               x               y               z
---------------------------------------------------------------------------
    0      Ni            :       -0.378416        4.640759       -1.253990
    1       C            :        1.177367        3.249006        1.457276
    2       C            :       -1.820213        2.130859       -3.082735
    3       C            :       -2.773084        6.849048       -0.203743
    4       O            :       -2.716941        0.536212       -4.212215
    5       O            :        2.140189        2.355774        3.159448
    6       O            :       -4.267397        8.250813        0.447723
    7       C            :        1.899691        6.339251       -3.163044
    8       O            :        3.319720        7.435167       -4.348581
---------------------------------------------------------------------------
 Center of mass          :       -0.379606        4.642519       -1.246480
===========================================================================


===========================================================================
                         Molecular Energy (final)
---------------------------------------------------------------------------
 Kinetic energy          :            (au)               1951.645381168389
 E-N energy              :            (au)              -5867.694627098324
 Coulomb energy          :            (au)               1468.096664049937
 Exchange energy         :            (au)                  0.000000000000
 X-C energy              :            (au)               -112.586769263719
 Ext. field (el)         :            (au)                  0.000000000000
---------------------------------------------------------------------------
 N-N energy              :            (au)                604.582128904044
 Ext. field (nuc)        :            (au)                  0.000000000000
 Tot. Reac. Energy       :            (au)                  0.000000000000
 El. Reac. Energy        :            (au)                  0.000000000000
 Nuc. Reac. Energy       :            (au)                  0.000000000000
---------------------------------------------------------------------------
 Electronic energy       :            (au)              -2560.539351143718
 Nuclear energy          :            (au)                604.582128904044
---------------------------------------------------------------------------
 Total energy            :            (au)             -1.955957222240e+03
                         :      (kcal/mol)             -1.227381677914e+06
                         :        (kJ/mol)             -5.135364943727e+06
                         :            (eV)             -5.322430511569e+04
===========================================================================


===========================================================================
                         Orbital Energies (final)
---------------------------------------------------------------------------
    n  Occ Spin          :                                         Epsilon
---------------------------------------------------------------------------
    0    2    p          :            (au)               -297.780287097022
    1    2    p          :            (au)                -35.230410483150
    2    2    p          :            (au)                -30.785577061857
    3    2    p          :            (au)                -30.785208281797
    4    2    p          :            (au)                -30.785206263304
    5    2    p          :            (au)                -18.708038148039
    6    2    p          :            (au)                -18.708030292140
    7    2    p          :            (au)                -18.708011333540
    8    2    p          :            (au)                -18.708008824421
    9    2    p          :            (au)                 -9.919626422643
   10    2    p          :            (au)                 -9.919598042970
   11    2    p          :            (au)                 -9.919594028500
   12    2    p          :            (au)                 -9.919582123048
   13    2    p          :            (au)                 -3.868255931231
   14    2    p          :            (au)                 -2.514586803258
   15    2    p          :            (au)                 -2.513794004842
   16    2    p          :            (au)                 -2.513789313075
   17    2    p          :            (au)                 -1.065847997599
   18    2    p          :            (au)                 -1.065564614091
   19    2    p          :            (au)                 -1.065523591475
   20    2    p          :            (au)                 -1.065494660915
   21    2    p          :            (au)                 -0.547159263250
   22    2    p          :            (au)                 -0.522791175974
   23    2    p          :            (au)                 -0.522535169435
   24    2    p          :            (au)                 -0.522534661727
   25    2    p          :            (au)                 -0.460442697147
   26    2    p          :            (au)                 -0.446522760431
   27    2    p          :            (au)                 -0.446023032936
   28    2    p          :            (au)                 -0.444879068493
   29    2    p          :            (au)                 -0.444486463420
   30    2    p          :            (au)                 -0.444482559405
   31    2    p          :            (au)                 -0.436499809113
   32    2    p          :            (au)                 -0.436417740829
   33    2    p          :            (au)                 -0.436413853788
   34    2    p          :            (au)                 -0.423926976288
   35    2    p          :            (au)                 -0.423907237329
   36    2    p          :            (au)                 -0.423541506048
   37    2    p          :            (au)                 -0.297134760172
   38    2    p          :            (au)                 -0.296147816868
   39    2    p          :            (au)                 -0.254165784337
   40    2    p          :            (au)                 -0.253195667421
   41    2    p          :            (au)                 -0.253122382235
---------------------------------------------------------------------------
 Sum occupied            :            (au)              -1128.572731411124
===========================================================================


===========================================================================
                           Dipole Moment (dip-1)
---------------------------------------------------------------------------
 r_O                     :        0.000000        0.000000        0.000000
---------------------------------------------------------------------------
 Electronic vector       :       31.888735     -389.974332      104.693393
 Magnitude               :            (au)                      405.040217
                         :         (Debye)                     1029.509445
---------------------------------------------------------------------------
 Nuclear vector          :      -31.888505      389.973963     -104.694195
 Magnitude               :            (au)                      405.040051
                         :         (Debye)                     1029.509023
---------------------------------------------------------------------------
 Total vector            :        0.000231       -0.000369       -0.000802
 Magnitude               :            (au)                        0.000912
                         :         (Debye)                        0.002318
===========================================================================


                                                                           
                                                                           
***************************************************************************
***                                                                     ***
***                            Exiting MRChem                           ***
***                                                                     ***
***                       Wall time :  1h 35m  6s                       ***
***                                                                     ***
***************************************************************************
                                                                           
                                                                           
