slurmstepd: error: *** JOB 181702 ON b3133 CANCELLED AT 2021-05-07T13:51:17 ***
slurmstepd: error: *** JOB 181708 ON b3133 CANCELLED AT 2021-05-07T13:58:47 ***
[b2282:163557] *** Process received signal ***
[b2282:163557] Signal: Aborted (6)
[b2282:163557] Signal code:  (-6)
[b2282:163556] *** Process received signal ***
[b2282:163556] Signal: Aborted (6)
[b2282:163556] Signal code:  (-6)
[b2282:163560] *** Process received signal ***
[b2282:163560] Signal: Aborted (6)
[b2282:163560] Signal code:  (-6)
[b2282:163559] *** Process received signal ***
[b2282:163559] Signal: Aborted (6)
[b2282:163559] Signal code:  (-6)
[b2282:163555] *** Process received signal ***
[b2282:163555] Signal: Aborted (6)
[b2282:163555] Signal code:  (-6)
[b2282:163558] *** Process received signal ***
[b2282:163558] Signal: Aborted (6)
[b2282:163558] Signal code:  (-6)
[b2282:163562] *** Process received signal ***
[b2282:163562] Signal: Aborted (6)
[b2282:163562] Signal code:  (-6)
[b2282:163561] *** Process received signal ***
[b2282:163561] Signal: Aborted (6)
[b2282:163561] Signal code:  (-6)
[b2283:224361] *** Process received signal ***
[b2283:224361] Signal: Aborted (6)
[b2283:224361] Signal code:  (-6)
[b2284:202994] *** Process received signal ***
[b2284:202994] Signal: Aborted (6)
[b2284:202994] Signal code:  (-6)
[b2283:224360] *** Process received signal ***
[b2283:224360] Signal: Aborted (6)
[b2283:224360] Signal code:  (-6)
[b2284:202996] *** Process received signal ***
[b2284:202996] Signal: Aborted (6)
[b2284:202996] Signal code:  (-6)
[b2283:224355] *** Process received signal ***
[b2283:224355] Signal: Aborted (6)
[b2283:224355] Signal code:  (-6)
[b2284:202999] *** Process received signal ***
[b2284:202999] Signal: Aborted (6)
[b2284:202999] Signal code:  (-6)
[b2283:224357] *** Process received signal ***
[b2283:224357] Signal: Aborted (6)
[b2283:224357] Signal code:  (-6)
[b2284:202998] *** Process received signal ***
[b2284:202998] Signal: Aborted (6)
[b2284:202998] Signal code:  (-6)
[b2283:224358] *** Process received signal ***
[b2283:224358] Signal: Aborted (6)
[b2283:224358] Signal code:  (-6)
[b2284:202997] *** Process received signal ***
[b2284:202997] Signal: Aborted (6)
[b2284:202997] Signal code:  (-6)
[b2283:224356] *** Process received signal ***
[b2283:224356] Signal: Aborted (6)
[b2283:224356] Signal code:  (-6)
[b2284:203000] *** Process received signal ***
[b2284:203000] Signal: Aborted (6)
[b2284:203000] Signal code:  (-6)
[b2283:224359] *** Process received signal ***
[b2283:224359] Signal: Aborted (6)
[b2283:224359] Signal code:  (-6)
[b2284:202995] *** Process received signal ***
[b2284:202995] Signal: Aborted (6)
[b2284:202995] Signal code:  (-6)
[b2283:224362] *** Process received signal ***
[b2283:224362] Signal: Aborted (6)
[b2283:224362] Signal code:  (-6)
[b2284:203001] *** Process received signal ***
[b2284:203001] Signal: Aborted (6)
[b2284:203001] Signal code:  (-6)
[b2285:17584] *** Process received signal ***
[b2285:17584] Signal: Aborted (6)
[b2285:17584] Signal code:  (-6)
[b2285:17580] *** Process received signal ***
[b2285:17580] Signal: Aborted (6)
[b2285:17580] Signal code:  (-6)
[b2285:17586] *** Process received signal ***
[b2285:17586] Signal: Aborted (6)
[b2285:17586] Signal code:  (-6)
[b2285:17585] *** Process received signal ***
[b2285:17585] Signal: Aborted (6)
[b2285:17585] Signal code:  (-6)
[b2282:163559] [ 0] /usr/lib64/libpthread.so.0(+0xf630)[0x7f1a45a44630]
[b2282:163559] [ 1] [b2282:163556] [ 0] /usr/lib64/libpthread.so.0(+0xf630)[0x7f6e54d0d630]
[b2282:163556] [ 1] [b2282:163561] [ 0] /usr/lib64/libpthread.so.0(+0xf630)[0x7f9c9ed40630]
[b2282:163561] [ 1] [b2282:163560] [ 0] /usr/lib64/libpthread.so.0(+0xf630)[0x7f47a7a6a630]
[b2282:163560] [ 1] [b2282:163562] [ 0] /usr/lib64/libpthread.so.0(+0xf630)[0x7f9605489630]
[b2282:163562] [ 1] [b2282:163555] [ 0] /usr/lib64/libpthread.so.0(+0xf630)[0x7f94527e5630]
[b2282:163555] [ 1] /usr/lib64/libc.so.6(gsignal+0x37)[0x7f9451e3f377]
[b2282:163555] [ 2] [b2282:163557] [ 0] /usr/lib64/libpthread.so.0(+0xf630)[0x7f46bbf54630]
[b2282:163557] [ 1] /usr/lib64/libc.so.6(gsignal+0x37)[0x7f46bb5ae377]
[b2282:163557] [ 2] [b2282:163558] [ 0] /usr/lib64/libpthread.so.0(+0xf630)[0x7fad4eaad630]
[b2282:163558] [ 1] /usr/lib64/libc.so.6(gsignal+0x37)[0x7fad4e107377]
[b2282:163558] [ 2] [b2285:17583] *** Process received signal ***
[b2285:17583] Signal: Aborted (6)
[b2285:17583] Signal code:  (-6)
/usr/lib64/libc.so.6(gsignal+0x37)[0x7f1a4509e377]
[b2282:163559] [ 2] /usr/lib64/libc.so.6(abort+0x148)[0x7f1a4509fa68]
[b2282:163559] [ 3] /cluster/home/ambr/mrchem/install-new-zora/bin/mrchem.x[0x462244]
[b2282:163559] [ 4] /cluster/home/ambr/mrchem/install-new-zora/bin/mrchem.x[0x465f1e]
[b2282:163559] [ 5] /cluster/home/ambr/mrchem/install-new-zora/bin/mrchem.x[0x466fbc]
[b2282:163559] [ 6] /cluster/home/ambr/mrchem/install-new-zora/bin/mrchem.x[0x42a194]
[b2282:163559] [ 7] /usr/lib64/libc.so.6(__libc_start_main+0xf5)[0x7f1a4508a545]
[b2282:163559] [ 8] /cluster/home/ambr/mrchem/install-new-zora/bin/mrchem.x[0x42e427]
[b2282:163559] *** End of error message ***
/usr/lib64/libc.so.6(gsignal+0x37)[0x7f6e54367377]
[b2282:163556] [ 2] /usr/lib64/libc.so.6(abort+0x148)[0x7f6e54368a68]
[b2282:163556] [ 3] /cluster/home/ambr/mrchem/install-new-zora/bin/mrchem.x[0x462244]
[b2282:163556] [ 4] /cluster/home/ambr/mrchem/install-new-zora/bin/mrchem.x[0x465f1e]
[b2282:163556] [ 5] /cluster/home/ambr/mrchem/install-new-zora/bin/mrchem.x[0x466fbc]
[b2282:163556] [ 6] /cluster/home/ambr/mrchem/install-new-zora/bin/mrchem.x[0x42a194]
[b2282:163556] [ 7] /usr/lib64/libc.so.6(__libc_start_main+0xf5)[0x7f6e54353545]
[b2282:163556] [ 8] /cluster/home/ambr/mrchem/install-new-zora/bin/mrchem.x[0x42e427]
[b2282:163556] *** End of error message ***
/usr/lib64/libc.so.6(gsignal+0x37)[0x7f9c9e39a377]
[b2282:163561] [ 2] /usr/lib64/libc.so.6(abort+0x148)[0x7f9c9e39ba68]
[b2282:163561] [ 3] /cluster/home/ambr/mrchem/install-new-zora/bin/mrchem.x[0x462244]
[b2282:163561] [ 4] /cluster/home/ambr/mrchem/install-new-zora/bin/mrchem.x[0x465f1e]
[b2282:163561] [ 5] /cluster/home/ambr/mrchem/install-new-zora/bin/mrchem.x[0x466fbc]
[b2282:163561] [ 6] /cluster/home/ambr/mrchem/install-new-zora/bin/mrchem.x[0x42a194]
[b2282:163561] [ 7] /usr/lib64/libc.so.6(__libc_start_main+0xf5)[0x7f9c9e386545]
[b2282:163561] [ 8] /cluster/home/ambr/mrchem/install-new-zora/bin/mrchem.x[0x42e427]
[b2282:163561] *** End of error message ***
/usr/lib64/libc.so.6(gsignal+0x37)[0x7f47a70c4377]
[b2282:163560] [ 2] /usr/lib64/libc.so.6(abort+0x148)[0x7f47a70c5a68]
[b2282:163560] [ 3] /cluster/home/ambr/mrchem/install-new-zora/bin/mrchem.x[0x462244]
[b2282:163560] [ 4] /cluster/home/ambr/mrchem/install-new-zora/bin/mrchem.x[0x465f1e]
[b2282:163560] [ 5] /cluster/home/ambr/mrchem/install-new-zora/bin/mrchem.x[0x466fbc]
[b2282:163560] [ 6] /cluster/home/ambr/mrchem/install-new-zora/bin/mrchem.x[0x42a194]
[b2282:163560] [ 7] /usr/lib64/libc.so.6(__libc_start_main+0xf5)[0x7f47a70b0545]
[b2282:163560] [ 8] /cluster/home/ambr/mrchem/install-new-zora/bin/mrchem.x[0x42e427]
[b2282:163560] *** End of error message ***
/usr/lib64/libc.so.6(gsignal+0x37)[0x7f9604ae3377]
[b2282:163562] [ 2] /usr/lib64/libc.so.6(abort+0x148)[0x7f9604ae4a68]
[b2282:163562] [ 3] /cluster/home/ambr/mrchem/install-new-zora/bin/mrchem.x[0x462244]
[b2282:163562] [ 4] /cluster/home/ambr/mrchem/install-new-zora/bin/mrchem.x[0x465f1e]
[b2282:163562] [ 5] /cluster/home/ambr/mrchem/install-new-zora/bin/mrchem.x[0x466fbc]
[b2282:163562] [ 6] /cluster/home/ambr/mrchem/install-new-zora/bin/mrchem.x[0x42a194]
[b2282:163562] [ 7] /usr/lib64/libc.so.6(__libc_start_main+0xf5)[0x7f9604acf545]
[b2282:163562] [ 8] /cluster/home/ambr/mrchem/install-new-zora/bin/mrchem.x[0x42e427]
[b2282:163562] *** End of error message ***
/usr/lib64/libc.so.6(abort+0x148)[0x7f9451e40a68]
[b2282:163555] [ 3] /cluster/home/ambr/mrchem/install-new-zora/bin/mrchem.x[0x462244]
[b2282:163555] [ 4] /cluster/home/ambr/mrchem/install-new-zora/bin/mrchem.x[0x465f1e]
[b2282:163555] [ 5] /cluster/home/ambr/mrchem/install-new-zora/bin/mrchem.x[0x466fbc]
[b2282:163555] [ 6] /cluster/home/ambr/mrchem/install-new-zora/bin/mrchem.x[0x42a194]
[b2282:163555] [ 7] /usr/lib64/libc.so.6(__libc_start_main+0xf5)[0x7f9451e2b545]
[b2282:163555] [ 8] /cluster/home/ambr/mrchem/install-new-zora/bin/mrchem.x[0x42e427]
[b2282:163555] *** End of error message ***
/usr/lib64/libc.so.6(abort+0x148)[0x7f46bb5afa68]
[b2282:163557] [ 3] /cluster/home/ambr/mrchem/install-new-zora/bin/mrchem.x[0x462244]
[b2282:163557] [ 4] /cluster/home/ambr/mrchem/install-new-zora/bin/mrchem.x[0x465f1e]
[b2282:163557] [ 5] /cluster/home/ambr/mrchem/install-new-zora/bin/mrchem.x[0x466fbc]
[b2282:163557] [ 6] /cluster/home/ambr/mrchem/install-new-zora/bin/mrchem.x[0x42a194]
[b2282:163557] [ 7] /usr/lib64/libc.so.6(__libc_start_main+0xf5)[0x7f46bb59a545]
[b2282:163557] [ 8] /cluster/home/ambr/mrchem/install-new-zora/bin/mrchem.x[0x42e427]
[b2282:163557] *** End of error message ***
/usr/lib64/libc.so.6(abort+0x148)[0x7fad4e108a68]
[b2282:163558] [ 3] /cluster/home/ambr/mrchem/install-new-zora/bin/mrchem.x[0x462244]
[b2282:163558] [ 4] /cluster/home/ambr/mrchem/install-new-zora/bin/mrchem.x[0x465f1e]
[b2282:163558] [ 5] /cluster/home/ambr/mrchem/install-new-zora/bin/mrchem.x[0x466fbc]
[b2282:163558] [ 6] /cluster/home/ambr/mrchem/install-new-zora/bin/mrchem.x[0x42a194]
[b2282:163558] [ 7] /usr/lib64/libc.so.6(__libc_start_main+0xf5)[0x7fad4e0f3545]
[b2282:163558] [ 8] /cluster/home/ambr/mrchem/install-new-zora/bin/mrchem.x[0x42e427]
[b2282:163558] *** End of error message ***
[b2285:17579] *** Process received signal ***
[b2285:17579] Signal: Aborted (6)
[b2285:17579] Signal code:  (-6)
[b2285:17581] *** Process received signal ***
[b2285:17581] Signal: Aborted (6)
[b2285:17581] Signal code:  (-6)
[b2285:17582] *** Process received signal ***
[b2285:17582] Signal: Aborted (6)
[b2285:17582] Signal code:  (-6)
[b2284:202996] [ 0] /usr/lib64/libpthread.so.0(+0xf630)[0x7fa1d4536630]
[b2284:202996] [ 1] [b2283:224355] [ 0] /usr/lib64/libpthread.so.0(+0xf630)[0x7f681343f630]
[b2283:224355] [ 1] [b2284:202997] [ 0] /usr/lib64/libpthread.so.0(+0xf630)[0x7fc6b3925630]
[b2284:202997] [ 1] /usr/lib64/libc.so.6(gsignal+0x37)[0x7fc6b2f7f377]
[b2284:202997] [ 2] [b2283:224359] [ 0] /usr/lib64/libpthread.so.0(+0xf630)[0x7fa95009f630]
[b2283:224359] [ 1] /usr/lib64/libc.so.6(gsignal+0x37)[0x7fa94f6f9377]
[b2283:224359] [ 2] [b2284:202994] [ 0] /usr/lib64/libpthread.so.0(+0xf630)[0x7fbbfd045630]
[b2284:202994] [ 1] /usr/lib64/libc.so.6(gsignal+0x37)[0x7fbbfc69f377]
[b2284:202994] [ 2] [b2283:224356] [ 0] /usr/lib64/libpthread.so.0(+0xf630)[0x7f5ace418630]
[b2283:224356] [ 1] /usr/lib64/libc.so.6(gsignal+0x37)[0x7f5acda72377]
[b2283:224356] [ 2] [b2284:202999] [ 0] /usr/lib64/libpthread.so.0(+0xf630)[0x7f293aa81630]
[b2284:202999] [ 1] /usr/lib64/libc.so.6(gsignal+0x37)[0x7f293a0db377]
[b2284:202999] [ 2] /usr/lib64/libc.so.6(abort+0x148)[0x7f293a0dca68]
[b2284:202999] [ 3] [b2283:224358] [ 0] /usr/lib64/libpthread.so.0(+0xf630)[0x7ffba7b4c630]
[b2283:224358] [ 1] /usr/lib64/libc.so.6(gsignal+0x37)[0x7ffba71a6377]
[b2283:224358] [ 2] /usr/lib64/libc.so.6(abort+0x148)[0x7ffba71a7a68]
[b2283:224358] [ 3] [b2284:203001] [ 0] /usr/lib64/libpthread.so.0(+0xf630)[0x7fa0e94f4630]
[b2284:203001] [ 1] /usr/lib64/libc.so.6(gsignal+0x37)[0x7fa0e8b4e377]
[b2284:203001] [ 2] /usr/lib64/libc.so.6(abort+0x148)[0x7fa0e8b4fa68]
[b2284:203001] [ 3] /cluster/home/ambr/mrchem/install-new-zora/bin/mrchem.x[0x462244]
[b2284:203001] [ 4] [b2283:224357] [ 0] /usr/lib64/libpthread.so.0(+0xf630)[0x7f4ca69ba630]
[b2283:224357] [ 1] /usr/lib64/libc.so.6(gsignal+0x37)[0x7f4ca6014377]
[b2283:224357] [ 2] /usr/lib64/libc.so.6(abort+0x148)[0x7f4ca6015a68]
[b2283:224357] [ 3] /cluster/home/ambr/mrchem/install-new-zora/bin/mrchem.x[0x462244]
[b2283:224357] [ 4] /cluster/home/ambr/mrchem/install-new-zora/bin/mrchem.x[0x465f1e]
[b2283:224357] [ 5] [b2284:203000] [ 0] /usr/lib64/libpthread.so.0(+0xf630)[0x7efe5f5b8630]
[b2284:203000] [ 1] /usr/lib64/libc.so.6(gsignal+0x37)[0x7efe5ec12377]
[b2284:203000] [ 2] /usr/lib64/libc.so.6(abort+0x148)[0x7efe5ec13a68]
[b2284:203000] [ 3] /cluster/home/ambr/mrchem/install-new-zora/bin/mrchem.x[0x462244]
[b2284:203000] [ 4] /cluster/home/ambr/mrchem/install-new-zora/bin/mrchem.x[0x465f1e]
[b2284:203000] [ 5] [b2283:224360] [ 0] /usr/lib64/libpthread.so.0(+0xf630)[0x7f17b2c8d630]
[b2283:224360] [ 1] /usr/lib64/libc.so.6(gsignal+0x37)[0x7f17b22e7377]
[b2283:224360] [ 2] /usr/lib64/libc.so.6(abort+0x148)[0x7f17b22e8a68]
[b2283:224360] [ 3] /cluster/home/ambr/mrchem/install-new-zora/bin/mrchem.x[0x462244]
[b2283:224360] [ 4] /cluster/home/ambr/mrchem/install-new-zora/bin/mrchem.x[0x465f1e]
[b2283:224360] [ 5] /cluster/home/ambr/mrchem/install-new-zora/bin/mrchem.x[0x466fbc]
[b2283:224360] [ 6] [b2284:202995] [ 0] /usr/lib64/libpthread.so.0(+0xf630)[0x7fb71ae12630]
[b2284:202995] [ 1] /usr/lib64/libc.so.6(gsignal+0x37)[0x7fb71a46c377]
[b2284:202995] [ 2] /usr/lib64/libc.so.6(abort+0x148)[0x7fb71a46da68]
[b2284:202995] [ 3] /cluster/home/ambr/mrchem/install-new-zora/bin/mrchem.x[0x462244]
[b2284:202995] [ 4] /cluster/home/ambr/mrchem/install-new-zora/bin/mrchem.x[0x465f1e]
[b2284:202995] [ 5] /cluster/home/ambr/mrchem/install-new-zora/bin/mrchem.x[0x466fbc]
[b2283:224361] [ 0] /usr/lib64/libpthread.so.0(+0xf630)[0x7f1c4e782630]
[b2283:224361] [ 1] /usr/lib64/libc.so.6(gsignal+0x37)[0x7f1c4dddc377]
[b2283:224361] [ 2] /usr/lib64/libc.so.6(abort+0x148)[0x7f1c4dddda68]
[b2283:224361] [ 3] /cluster/home/ambr/mrchem/install-new-zora/bin/mrchem.x[0x462244]
[b2283:224361] [ 4] /cluster/home/ambr/mrchem/install-new-zora/bin/mrchem.x[0x465f1e]
[b2283:224361] [ 5] /cluster/home/ambr/mrchem/install-new-zora/bin/mrchem.x[0x466fbc]
[b2283:224361] [ 6] [b2284:202998] [ 0] /usr/lib64/libpthread.so.0(+0xf630)[0x7fd7234cb630]
[b2284:202998] [ 1] /usr/lib64/libc.so.6(gsignal+0x37)[0x7fd722b25377]
[b2284:202998] [ 2] /usr/lib64/libc.so.6(abort+0x148)[0x7fd722b26a68]
[b2284:202998] [ 3] /cluster/home/ambr/mrchem/install-new-zora/bin/mrchem.x[0x462244]
[b2284:202998] [ 4] /cluster/home/ambr/mrchem/install-new-zora/bin/mrchem.x[0x465f1e]
[b2284:202998] [ 5] /cluster/home/ambr/mrchem/install-new-zora/bin/mrchem.x[0x466fbc]
[b2284:202998] [ 6] [b2283:224362] [ 0] /usr/lib64/libpthread.so.0(+0xf630)[0x7fda93909630]
[b2283:224362] [ 1] /usr/lib64/libc.so.6(gsignal+0x37)[0x7fda92f63377]
[b2283:224362] [ 2] /usr/lib64/libc.so.6(abort+0x148)[0x7fda92f64a68]
[b2283:224362] [ 3] /cluster/home/ambr/mrchem/install-new-zora/bin/mrchem.x[0x462244]
[b2283:224362] [ 4] /cluster/home/ambr/mrchem/install-new-zora/bin/mrchem.x[0x465f1e]
[b2283:224362] [ 5] /cluster/home/ambr/mrchem/install-new-zora/bin/mrchem.x[0x466fbc]
[b2283:224362] [ 6] /cluster/home/ambr/mrchem/install-new-zora/bin/mrchem.x[0x42a194]
[b2283:224362] [ 7] /usr/lib64/libc.so.6(gsignal+0x37)[0x7fa1d3b90377]
[b2284:202996] [ 2] /usr/lib64/libc.so.6(abort+0x148)[0x7fa1d3b91a68]
[b2284:202996] [ 3] /cluster/home/ambr/mrchem/install-new-zora/bin/mrchem.x[0x462244]
[b2284:202996] [ 4] /cluster/home/ambr/mrchem/install-new-zora/bin/mrchem.x[0x465f1e]
[b2284:202996] [ 5] /cluster/home/ambr/mrchem/install-new-zora/bin/mrchem.x[0x466fbc]
[b2284:202996] [ 6] /cluster/home/ambr/mrchem/install-new-zora/bin/mrchem.x[0x42a194]
[b2284:202996] [ 7] /usr/lib64/libc.so.6(__libc_start_main+0xf5)[0x7fa1d3b7c545]
[b2284:202996] [ 8] /cluster/home/ambr/mrchem/install-new-zora/bin/mrchem.x[0x42e427]
[b2284:202996] *** End of error message ***
/usr/lib64/libc.so.6(gsignal+0x37)[0x7f6812a99377]
[b2283:224355] [ 2] /usr/lib64/libc.so.6(abort+0x148)[0x7f6812a9aa68]
[b2283:224355] [ 3] /cluster/home/ambr/mrchem/install-new-zora/bin/mrchem.x[0x462244]
[b2283:224355] [ 4] /cluster/home/ambr/mrchem/install-new-zora/bin/mrchem.x[0x465f1e]
[b2283:224355] [ 5] /cluster/home/ambr/mrchem/install-new-zora/bin/mrchem.x[0x466fbc]
[b2283:224355] [ 6] /cluster/home/ambr/mrchem/install-new-zora/bin/mrchem.x[0x42a194]
[b2283:224355] [ 7] /usr/lib64/libc.so.6(__libc_start_main+0xf5)[0x7f6812a85545]
[b2283:224355] [ 8] /cluster/home/ambr/mrchem/install-new-zora/bin/mrchem.x[0x42e427]
[b2283:224355] *** End of error message ***
/usr/lib64/libc.so.6(abort+0x148)[0x7fc6b2f80a68]
[b2284:202997] [ 3] /cluster/home/ambr/mrchem/install-new-zora/bin/mrchem.x[0x462244]
[b2284:202997] [ 4] /cluster/home/ambr/mrchem/install-new-zora/bin/mrchem.x[0x465f1e]
[b2284:202997] [ 5] /cluster/home/ambr/mrchem/install-new-zora/bin/mrchem.x[0x466fbc]
[b2284:202997] [ 6] /cluster/home/ambr/mrchem/install-new-zora/bin/mrchem.x[0x42a194]
[b2284:202997] [ 7] /usr/lib64/libc.so.6(__libc_start_main+0xf5)[0x7fc6b2f6b545]
[b2284:202997] [ 8] /cluster/home/ambr/mrchem/install-new-zora/bin/mrchem.x[0x42e427]
[b2284:202997] *** End of error message ***
/usr/lib64/libc.so.6(abort+0x148)[0x7fa94f6faa68]
[b2283:224359] [ 3] /cluster/home/ambr/mrchem/install-new-zora/bin/mrchem.x[0x462244]
[b2283:224359] [ 4] /cluster/home/ambr/mrchem/install-new-zora/bin/mrchem.x[0x465f1e]
[b2283:224359] [ 5] /cluster/home/ambr/mrchem/install-new-zora/bin/mrchem.x[0x466fbc]
[b2283:224359] [ 6] /cluster/home/ambr/mrchem/install-new-zora/bin/mrchem.x[0x42a194]
[b2283:224359] [ 7] /usr/lib64/libc.so.6(__libc_start_main+0xf5)[0x7fa94f6e5545]
[b2283:224359] [ 8] /cluster/home/ambr/mrchem/install-new-zora/bin/mrchem.x[0x42e427]
[b2283:224359] *** End of error message ***
/usr/lib64/libc.so.6(abort+0x148)[0x7fbbfc6a0a68]
[b2284:202994] [ 3] /cluster/home/ambr/mrchem/install-new-zora/bin/mrchem.x[0x462244]
[b2284:202994] [ 4] /cluster/home/ambr/mrchem/install-new-zora/bin/mrchem.x[0x465f1e]
[b2284:202994] [ 5] /cluster/home/ambr/mrchem/install-new-zora/bin/mrchem.x[0x466fbc]
[b2284:202994] [ 6] /cluster/home/ambr/mrchem/install-new-zora/bin/mrchem.x[0x42a194]
[b2284:202994] [ 7] /usr/lib64/libc.so.6(__libc_start_main+0xf5)[0x7fbbfc68b545]
[b2284:202994] [ 8] /cluster/home/ambr/mrchem/install-new-zora/bin/mrchem.x[0x42e427]
[b2284:202994] *** End of error message ***
/usr/lib64/libc.so.6(abort+0x148)[0x7f5acda73a68]
[b2283:224356] [ 3] /cluster/home/ambr/mrchem/install-new-zora/bin/mrchem.x[0x462244]
[b2283:224356] [ 4] /cluster/home/ambr/mrchem/install-new-zora/bin/mrchem.x[0x465f1e]
[b2283:224356] [ 5] /cluster/home/ambr/mrchem/install-new-zora/bin/mrchem.x[0x466fbc]
[b2283:224356] [ 6] /cluster/home/ambr/mrchem/install-new-zora/bin/mrchem.x[0x42a194]
[b2283:224356] [ 7] /usr/lib64/libc.so.6(__libc_start_main+0xf5)[0x7f5acda5e545]
[b2283:224356] [ 8] /cluster/home/ambr/mrchem/install-new-zora/bin/mrchem.x[0x42e427]
[b2283:224356] *** End of error message ***
/cluster/home/ambr/mrchem/install-new-zora/bin/mrchem.x[0x462244]
[b2284:202999] [ 4] /cluster/home/ambr/mrchem/install-new-zora/bin/mrchem.x[0x465f1e]
[b2284:202999] [ 5] /cluster/home/ambr/mrchem/install-new-zora/bin/mrchem.x[0x466fbc]
[b2284:202999] [ 6] /cluster/home/ambr/mrchem/install-new-zora/bin/mrchem.x[0x42a194]
[b2284:202999] [ 7] /usr/lib64/libc.so.6(__libc_start_main+0xf5)[0x7f293a0c7545]
[b2284:202999] [ 8] /cluster/home/ambr/mrchem/install-new-zora/bin/mrchem.x[0x42e427]
[b2284:202999] *** End of error message ***
/cluster/home/ambr/mrchem/install-new-zora/bin/mrchem.x[0x462244]
[b2283:224358] [ 4] /cluster/home/ambr/mrchem/install-new-zora/bin/mrchem.x[0x465f1e]
[b2283:224358] [ 5] /cluster/home/ambr/mrchem/install-new-zora/bin/mrchem.x[0x466fbc]
[b2283:224358] [ 6] /cluster/home/ambr/mrchem/install-new-zora/bin/mrchem.x[0x42a194]
[b2283:224358] [ 7] /usr/lib64/libc.so.6(__libc_start_main+0xf5)[0x7ffba7192545]
[b2283:224358] [ 8] /cluster/home/ambr/mrchem/install-new-zora/bin/mrchem.x[0x42e427]
[b2283:224358] *** End of error message ***
/cluster/home/ambr/mrchem/install-new-zora/bin/mrchem.x[0x465f1e]
[b2284:203001] [ 5] /cluster/home/ambr/mrchem/install-new-zora/bin/mrchem.x[0x466fbc]
[b2284:203001] [ 6] /cluster/home/ambr/mrchem/install-new-zora/bin/mrchem.x[0x42a194]
[b2284:203001] [ 7] /usr/lib64/libc.so.6(__libc_start_main+0xf5)[0x7fa0e8b3a545]
[b2284:203001] [ 8] /cluster/home/ambr/mrchem/install-new-zora/bin/mrchem.x[0x42e427]
[b2284:203001] *** End of error message ***
/cluster/home/ambr/mrchem/install-new-zora/bin/mrchem.x[0x466fbc]
[b2283:224357] [ 6] /cluster/home/ambr/mrchem/install-new-zora/bin/mrchem.x[0x42a194]
[b2283:224357] [ 7] /usr/lib64/libc.so.6(__libc_start_main+0xf5)[0x7f4ca6000545]
[b2283:224357] [ 8] /cluster/home/ambr/mrchem/install-new-zora/bin/mrchem.x[0x42e427]
[b2283:224357] *** End of error message ***
/cluster/home/ambr/mrchem/install-new-zora/bin/mrchem.x[0x466fbc]
[b2284:203000] [ 6] /cluster/home/ambr/mrchem/install-new-zora/bin/mrchem.x[0x42a194]
[b2284:203000] [ 7] /usr/lib64/libc.so.6(__libc_start_main+0xf5)[0x7efe5ebfe545]
[b2284:203000] [ 8] /cluster/home/ambr/mrchem/install-new-zora/bin/mrchem.x[0x42e427]
[b2284:203000] *** End of error message ***
/cluster/home/ambr/mrchem/install-new-zora/bin/mrchem.x[0x42a194]
[b2283:224360] [ 7] /usr/lib64/libc.so.6(__libc_start_main+0xf5)[0x7f17b22d3545]
[b2283:224360] [ 8] /cluster/home/ambr/mrchem/install-new-zora/bin/mrchem.x[0x42e427]
[b2283:224360] *** End of error message ***
[b2284:202995] [ 6] /cluster/home/ambr/mrchem/install-new-zora/bin/mrchem.x[0x42a194]
[b2284:202995] [ 7] /usr/lib64/libc.so.6(__libc_start_main+0xf5)[0x7fb71a458545]
[b2284:202995] [ 8] /cluster/home/ambr/mrchem/install-new-zora/bin/mrchem.x[0x42e427]
[b2284:202995] *** End of error message ***
/cluster/home/ambr/mrchem/install-new-zora/bin/mrchem.x[0x42a194]
[b2283:224361] [ 7] /usr/lib64/libc.so.6(__libc_start_main+0xf5)[0x7f1c4ddc8545]
[b2283:224361] [ 8] /cluster/home/ambr/mrchem/install-new-zora/bin/mrchem.x[0x42e427]
[b2283:224361] *** End of error message ***
/cluster/home/ambr/mrchem/install-new-zora/bin/mrchem.x[0x42a194]
[b2284:202998] [ 7] /usr/lib64/libc.so.6(__libc_start_main+0xf5)[0x7fd722b11545]
[b2284:202998] [ 8] /cluster/home/ambr/mrchem/install-new-zora/bin/mrchem.x[0x42e427]
[b2284:202998] *** End of error message ***
/usr/lib64/libc.so.6(__libc_start_main+0xf5)[0x7fda92f4f545]
[b2283:224362] [ 8] /cluster/home/ambr/mrchem/install-new-zora/bin/mrchem.x[0x42e427]
[b2283:224362] *** End of error message ***
[b2285:17579] [ 0] /usr/lib64/libpthread.so.0(+0xf630)[0x7fcb1674d630]
[b2285:17579] [ 1] [b2285:17586] [ 0] /usr/lib64/libpthread.so.0(+0xf630)[0x7fb4f564e630]
[b2285:17586] [ 1] [b2285:17581] [ 0] /usr/lib64/libpthread.so.0(+0xf630)[0x7fc7b474b630]
[b2285:17581] [ 1] [b2285:17580] [ 0] /usr/lib64/libpthread.so.0(+0xf630)[0x7fb84c943630]
[b2285:17580] [ 1] [b2285:17582] [ 0] /usr/lib64/libpthread.so.0(+0xf630)[0x7f5825482630]
[b2285:17582] [ 1] /usr/lib64/libc.so.6(gsignal+0x37)[0x7f5824adc377]
[b2285:17582] [ 2] [b2285:17585] [ 0] /usr/lib64/libpthread.so.0(+0xf630)[0x7f2a60ef9630]
[b2285:17585] [ 1] /usr/lib64/libc.so.6(gsignal+0x37)[0x7f2a60553377]
[b2285:17585] [ 2] /usr/lib64/libc.so.6(abort+0x148)[0x7f2a60554a68]
[b2285:17585] [ 3] /cluster/home/ambr/mrchem/install-new-zora/bin/mrchem.x[0x462244]
[b2285:17585] [ 4] /cluster/home/ambr/mrchem/install-new-zora/bin/mrchem.x[0x465f1e]
[b2285:17585] [ 5] /cluster/home/ambr/mrchem/install-new-zora/bin/mrchem.x[0x466fbc]
[b2285:17585] [ 6] [b2285:17584] [ 0] /usr/lib64/libpthread.so.0(+0xf630)[0x7fbde2579630]
[b2285:17584] [ 1] /usr/lib64/libc.so.6(gsignal+0x37)[0x7fbde1bd3377]
[b2285:17584] [ 2] /usr/lib64/libc.so.6(abort+0x148)[0x7fbde1bd4a68]
[b2285:17584] [ 3] /cluster/home/ambr/mrchem/install-new-zora/bin/mrchem.x[0x462244]
[b2285:17584] [ 4] /cluster/home/ambr/mrchem/install-new-zora/bin/mrchem.x[0x465f1e]
[b2285:17584] [ 5] /cluster/home/ambr/mrchem/install-new-zora/bin/mrchem.x[0x466fbc]
[b2285:17584] [ 6] /cluster/home/ambr/mrchem/install-new-zora/bin/mrchem.x[0x42a194]
[b2285:17584] [ 7] [b2285:17583] [ 0] /usr/lib64/libpthread.so.0(+0xf630)[0x7f371e688630]
[b2285:17583] [ 1] /usr/lib64/libc.so.6(gsignal+0x37)[0x7f371dce2377]
[b2285:17583] [ 2] /usr/lib64/libc.so.6(abort+0x148)[0x7f371dce3a68]
[b2285:17583] [ 3] /cluster/home/ambr/mrchem/install-new-zora/bin/mrchem.x[0x462244]
[b2285:17583] [ 4] /cluster/home/ambr/mrchem/install-new-zora/bin/mrchem.x[0x465f1e]
[b2285:17583] [ 5] /cluster/home/ambr/mrchem/install-new-zora/bin/mrchem.x[0x466fbc]
[b2285:17583] [ 6] /cluster/home/ambr/mrchem/install-new-zora/bin/mrchem.x[0x42a194]
[b2285:17583] [ 7] /usr/lib64/libc.so.6(gsignal+0x37)[0x7fcb15da7377]
[b2285:17579] [ 2] /usr/lib64/libc.so.6(abort+0x148)[0x7fcb15da8a68]
[b2285:17579] [ 3] /cluster/home/ambr/mrchem/install-new-zora/bin/mrchem.x[0x462244]
[b2285:17579] [ 4] /cluster/home/ambr/mrchem/install-new-zora/bin/mrchem.x[0x465f1e]
[b2285:17579] [ 5] /cluster/home/ambr/mrchem/install-new-zora/bin/mrchem.x[0x466fbc]
[b2285:17579] [ 6] /cluster/home/ambr/mrchem/install-new-zora/bin/mrchem.x[0x42a194]
[b2285:17579] [ 7] /usr/lib64/libc.so.6(__libc_start_main+0xf5)[0x7fcb15d93545]
[b2285:17579] [ 8] /cluster/home/ambr/mrchem/install-new-zora/bin/mrchem.x[0x42e427]
[b2285:17579] *** End of error message ***
/usr/lib64/libc.so.6(gsignal+0x37)[0x7fb4f4ca8377]
[b2285:17586] [ 2] /usr/lib64/libc.so.6(abort+0x148)[0x7fb4f4ca9a68]
[b2285:17586] [ 3] /cluster/home/ambr/mrchem/install-new-zora/bin/mrchem.x[0x462244]
[b2285:17586] [ 4] /cluster/home/ambr/mrchem/install-new-zora/bin/mrchem.x[0x465f1e]
[b2285:17586] [ 5] /cluster/home/ambr/mrchem/install-new-zora/bin/mrchem.x[0x466fbc]
[b2285:17586] [ 6] /cluster/home/ambr/mrchem/install-new-zora/bin/mrchem.x[0x42a194]
[b2285:17586] [ 7] /usr/lib64/libc.so.6(__libc_start_main+0xf5)[0x7fb4f4c94545]
[b2285:17586] [ 8] /cluster/home/ambr/mrchem/install-new-zora/bin/mrchem.x[0x42e427]
[b2285:17586] *** End of error message ***
/usr/lib64/libc.so.6(gsignal+0x37)[0x7fb84bf9d377]
[b2285:17580] [ 2] /usr/lib64/libc.so.6(abort+0x148)[0x7fb84bf9ea68]
[b2285:17580] [ 3] /cluster/home/ambr/mrchem/install-new-zora/bin/mrchem.x[0x462244]
[b2285:17580] [ 4] /cluster/home/ambr/mrchem/install-new-zora/bin/mrchem.x[0x465f1e]
[b2285:17580] [ 5] /cluster/home/ambr/mrchem/install-new-zora/bin/mrchem.x[0x466fbc]
[b2285:17580] [ 6] /cluster/home/ambr/mrchem/install-new-zora/bin/mrchem.x[0x42a194]
[b2285:17580] [ 7] /usr/lib64/libc.so.6(__libc_start_main+0xf5)[0x7fb84bf89545]
[b2285:17580] [ 8] /cluster/home/ambr/mrchem/install-new-zora/bin/mrchem.x[0x42e427]
[b2285:17580] *** End of error message ***
/usr/lib64/libc.so.6(gsignal+0x37)[0x7fc7b3da5377]
[b2285:17581] [ 2] /usr/lib64/libc.so.6(abort+0x148)[0x7fc7b3da6a68]
[b2285:17581] [ 3] /cluster/home/ambr/mrchem/install-new-zora/bin/mrchem.x[0x462244]
[b2285:17581] [ 4] /cluster/home/ambr/mrchem/install-new-zora/bin/mrchem.x[0x465f1e]
[b2285:17581] [ 5] /cluster/home/ambr/mrchem/install-new-zora/bin/mrchem.x[0x466fbc]
[b2285:17581] [ 6] /cluster/home/ambr/mrchem/install-new-zora/bin/mrchem.x[0x42a194]
[b2285:17581] [ 7] /usr/lib64/libc.so.6(__libc_start_main+0xf5)[0x7fc7b3d91545]
[b2285:17581] [ 8] /cluster/home/ambr/mrchem/install-new-zora/bin/mrchem.x[0x42e427]
[b2285:17581] *** End of error message ***
/usr/lib64/libc.so.6(abort+0x148)[0x7f5824adda68]
[b2285:17582] [ 3] /cluster/home/ambr/mrchem/install-new-zora/bin/mrchem.x[0x462244]
[b2285:17582] [ 4] /cluster/home/ambr/mrchem/install-new-zora/bin/mrchem.x[0x465f1e]
[b2285:17582] [ 5] /cluster/home/ambr/mrchem/install-new-zora/bin/mrchem.x[0x466fbc]
[b2285:17582] [ 6] /cluster/home/ambr/mrchem/install-new-zora/bin/mrchem.x[0x42a194]
[b2285:17582] [ 7] /usr/lib64/libc.so.6(__libc_start_main+0xf5)[0x7f5824ac8545]
[b2285:17582] [ 8] /cluster/home/ambr/mrchem/install-new-zora/bin/mrchem.x[0x42e427]
[b2285:17582] *** End of error message ***
/cluster/home/ambr/mrchem/install-new-zora/bin/mrchem.x[0x42a194]
[b2285:17585] [ 7] /usr/lib64/libc.so.6(__libc_start_main+0xf5)[0x7f2a6053f545]
[b2285:17585] [ 8] /cluster/home/ambr/mrchem/install-new-zora/bin/mrchem.x[0x42e427]
[b2285:17585] *** End of error message ***
/usr/lib64/libc.so.6(__libc_start_main+0xf5)[0x7fbde1bbf545]
[b2285:17584] [ 8] /cluster/home/ambr/mrchem/install-new-zora/bin/mrchem.x[0x42e427]
[b2285:17584] *** End of error message ***
/usr/lib64/libc.so.6(__libc_start_main+0xf5)[0x7f371dcce545]
[b2285:17583] [ 8] /cluster/home/ambr/mrchem/install-new-zora/bin/mrchem.x[0x42e427]
[b2285:17583] *** End of error message ***
--------------------------------------------------------------------------
Primary job  terminated normally, but 1 process returned
a non-zero exit code. Per user-direction, the job has been aborted.
--------------------------------------------------------------------------
--------------------------------------------------------------------------
mpirun noticed that process rank 1 with PID 0 on node b2282 exited on signal 6 (Aborted).
--------------------------------------------------------------------------
cp: cannot stat 'orbitals/*': No such file or directory
slurmstepd: error: *** JOB 181713 ON b2282 CANCELLED AT 2021-05-07T14:19:24 ***
cp: cannot stat 'checkpoint/*': No such file or directory
