                                                                           
                                                                           
***************************************************************************
***                                                                     ***
***                                                                     ***
***          __  __ ____   ____ _                                       ***
***         |  \/  |  _ \ / ___| |__   ___ _ __ ___                     ***
***         | |\/| | |_) | |   | '_ \ / _ \ '_ ` _ \                    ***
***         | |  | |  _ <| |___| | | |  __/ | | | | |                   ***
***         |_|  |_|_| \_\\____|_| |_|\___|_| |_| |_|                   ***
***                                                                     ***
***         VERSION            1.1.0-alpha                              ***
***                                                                     ***
***         Git branch         new-zora                                 ***
***         Git commit hash    dd0292b4cc5a484bb89f                     ***
***         Git commit author  Anders Brakestad                         ***
***         Git commit date    Tue May 4 16:46:31 2021 +0200            ***
***                                                                     ***
***         Contact: luca.frediani@uit.no                               ***
***                                                                     ***
***         Radovan Bast            Magnar Bjorgve                      ***
***         Roberto Di Remigio      Antoine Durdek                      ***
***         Luca Frediani           Gabriel Gerez                       ***
***         Stig Rune Jensen        Jonas Juselius                      ***
***         Rune Monstad            Peter Wind                          ***
***                                                                     ***
***************************************************************************

---------------------------------------------------------------------------

 MPI processes           :        (1 bank)                              48
 OpenMP threads          :                                              16
 Total cores             :                                             753
                                                                           
---------------------------------------------------------------------------

XCFun DFT library Copyright 2009-2020 Ulf Ekstrom and contributors.
See http://dftlibs.org/xcfun/ for more information.

This is free software; see the source code for copying conditions.
There is ABSOLUTELY NO WARRANTY; not even for MERCHANTABILITY or
FITNESS FOR A PARTICULAR PURPOSE. For details see the documentation.
Scientific users of this library should cite
U. Ekstrom, L. Visscher, R. Bast, A. J. Thorvaldsen and K. Ruud;
J.Chem.Theor.Comp. 2010, DOI: 10.1021/ct100117s

---------------------------------------------------------------------------

 MRCPP version         : 1.4.0-alpha
 Git branch            : HEAD
 Git commit hash       : 2797a7a18efb69942a6e
 Git commit author     : Stig Rune Jensen
 Git commit date       : Fri Mar 12 12:48:07 2021 +0100

 Linear algebra        : EIGEN v3.3.7
 Parallelization       : MPI/OpenMP (16 threads)

---------------------------------------------------------------------------


                                                                           
===========================================================================
                         MultiResolution Analysis
---------------------------------------------------------------------------
 polynomial order      : 11
 polynomial type       : Interpolating
---------------------------------------------------------------------------
 total boxes           : 8
 boxes                 : [          2           2           2 ]
 unit lengths          : [   64.00000    64.00000    64.00000 ]
 scaling factor        : [    1.00000     1.00000     1.00000 ]
 lower bounds          : [  -64.00000   -64.00000   -64.00000 ]
 upper bounds          : [   64.00000    64.00000    64.00000 ]
 total length          : [  128.00000   128.00000   128.00000 ]
===========================================================================


                                                                           
***************************************************************************
***                                                                     ***
***                        Initializing Molecule                        ***
***                                                                     ***
***************************************************************************
                                                                           
                                                                           
===========================================================================
                                 Molecule
---------------------------------------------------------------------------
 Charge                  :                                               0
 Multiplicity            :                                               1
---------------------------------------------------------------------------
    N    Atom            :               x               y               z
---------------------------------------------------------------------------
    0       P            :        0.000000        0.000000        0.000000
    1       H            :        0.000000        0.000000        2.672356
    2       H            :        2.669626        0.000000       -0.120768
    3       O            :       -0.496639        3.075704       -0.474680
    4       H            :       -1.803190        3.238759       -1.723461
---------------------------------------------------------------------------
 Center of mass          :       -0.141461        1.049544       -0.135206
===========================================================================


                                                                           
***************************************************************************
***                                                                     ***
***                 Computing Ground State Wavefunction                 ***
***                                                                     ***
***************************************************************************
                                                                           
                                                                           
~~~~~~~~~~~~~~~~~~~~~~~~~~~~~~~~~~~~~~~~~~~~~~~~~~~~~~~~~~~~~~~~~~~~~~~~~~~
 Calculation             : Compute initial orbitals
 Method                  : Diagonalize SAD Hamiltonian
 Precision               : 1.00000e-04
 Restricted              : True
 Functional              : LDA (SVWN5)
 AO basis                : Hydrogenic orbitals
 Zeta quality            : 3
~~~~~~~~~~~~~~~~~~~~~~~~~~~~~~~~~~~~~~~~~~~~~~~~~~~~~~~~~~~~~~~~~~~~~~~~~~~


===========================================================================
                            Molecular Orbitals
---------------------------------------------------------------------------
 Alpha electrons         :                                              13
 Beta electrons          :                                              13
 Total electrons         :                                              26
---------------------------------------------------------------------------
    n  Occ Spin          :                                            Norm
---------------------------------------------------------------------------
    0    2    p          :                              9.999999977255e-01
    1    2    p          :                              1.000000343298e+00
    2    2    p          :                              9.999999853050e-01
    3    2    p          :                              1.000000085908e+00
    4    2    p          :                              1.000000005283e+00
    5    2    p          :                              1.000000058959e+00
    6    2    p          :                              1.000000185767e+00
    7    2    p          :                              9.999999841657e-01
    8    2    p          :                              1.000000187549e+00
    9    2    p          :                              9.999998132929e-01
   10    2    p          :                              9.999940065617e-01
   11    2    p          :                              9.999993978860e-01
   12    2    p          :                              9.999999905736e-01
===========================================================================


~~~~~~~~~~~~~~~~~~~~~~~~~~~~~~~~~~~~~~~~~~~~~~~~~~~~~~~~~~~~~~~~~~~~~~~~~~~
 Calculation             : Compute initial energy
 Method                  : DFT (SVWN5)
 Precision               : 1.00000e-04
 Localization            : On
~~~~~~~~~~~~~~~~~~~~~~~~~~~~~~~~~~~~~~~~~~~~~~~~~~~~~~~~~~~~~~~~~~~~~~~~~~~


===========================================================================
                        Molecular Energy (initial)
---------------------------------------------------------------------------
 Kinetic energy          :            (au)                431.596012370883
 E-N energy              :            (au)              -1131.383404370794
 Coulomb energy          :            (au)                253.941231297456
 Exchange energy         :            (au)                  0.000000000000
 X-C energy              :            (au)                -31.410670205355
 Ext. field (el)         :            (au)                  0.000000000000
---------------------------------------------------------------------------
 N-N energy              :            (au)                 61.600674421952
 Ext. field (nuc)        :            (au)                  0.000000000000
 Tot. Reac. Energy       :            (au)                  0.000000000000
 El. Reac. Energy        :            (au)                  0.000000000000
 Nuc. Reac. Energy       :            (au)                  0.000000000000
---------------------------------------------------------------------------
 Electronic energy       :            (au)               -477.256830907809
 Nuclear energy          :            (au)                 61.600674421952
---------------------------------------------------------------------------
 Total energy            :            (au)             -4.156561564859e+02
                         :      (kcal/mol)             -2.608281740430e+05
                         :        (kJ/mol)             -1.091305080904e+06
                         :            (eV)             -1.131057972254e+04
===========================================================================


===========================================================================
                        Orbital Energies (initial)
---------------------------------------------------------------------------
    n  Occ Spin          :                                         Epsilon
---------------------------------------------------------------------------
    0    2    p          :            (au)                -75.783210195536
    1    2    p          :            (au)                -18.169756828503
    2    2    p          :            (au)                 -6.292471211181
    3    2    p          :            (au)                 -4.574096947228
    4    2    p          :            (au)                 -4.569808889337
    5    2    p          :            (au)                 -4.563661629000
    6    2    p          :            (au)                 -0.810259866515
    7    2    p          :            (au)                 -0.558586861370
    8    2    p          :            (au)                 -0.369389804671
    9    2    p          :            (au)                 -0.351668854024
   10    2    p          :            (au)                 -0.295905996467
   11    2    p          :            (au)                 -0.176060006162
   12    2    p          :            (au)                 -0.170987852929
---------------------------------------------------------------------------
 Sum occupied            :            (au)               -233.371729885849
===========================================================================


~~~~~~~~~~~~~~~~~~~~~~~~~~~~~~~~~~~~~~~~~~~~~~~~~~~~~~~~~~~~~~~~~~~~~~~~~~~
 Calculation             : Optimize ground state orbitals
 Method                  : DFT (SVWN5)
 Checkpointing           : Off
 Max iterations          : 100
 KAIN solver             : 10
 Localization            : Every 10 iterations
 Diagonalization         : Off
 Start precision         : 1.00000e-07
 Final precision         : 1.00000e-07
 Helmholtz precision     : Dynamic
 Energy threshold        : 1.00000e-07
 Orbital threshold       : 1.00000e-06
 ZORA                    : Off
~~~~~~~~~~~~~~~~~~~~~~~~~~~~~~~~~~~~~~~~~~~~~~~~~~~~~~~~~~~~~~~~~~~~~~~~~~~


===========================================================================
 Iter           MO residual             Total energy                Update
---------------------------------------------------------------------------
    0          3.605551e+00        -415.656156485857         -4.156562e+02
    1          2.440316e-01        -416.511004525083         -8.548480e-01
    2          1.209237e-01        -416.608676916024         -9.767239e-02
    3          6.607611e-02        -416.624475850459         -1.579893e-02
    4          3.433122e-02        -416.629409839403         -4.933989e-03
    5          1.758365e-02        -416.631167348985         -1.757510e-03
    6          7.988596e-03        -416.631364380865         -1.970319e-04
    7          4.369281e-03        -416.631433011460         -6.863059e-05
    8          2.665481e-03        -416.631454170606         -2.115915e-05
    9          1.439807e-03        -416.631458917866         -4.747261e-06
   10          5.919432e-04        -416.631460110915         -1.193049e-06
   11          2.391409e-04        -416.631460370519         -2.596041e-07
   12          1.645713e-04        -416.631460489378         -1.188586e-07
   13          3.226779e-04        -416.631460656231         -1.668534e-07
   14          8.397215e-05        -416.631460670881         -1.465014e-08
   15          7.006246e-05        -416.631460682772         -1.189062e-08
   16          3.480557e-05        -416.631460684792         -2.019874e-09
   17          1.612076e-05        -416.631460685508         -7.167955e-10
   18          1.018555e-05        -416.631460685793         -2.850129e-10
   19          9.039826e-06        -416.631460685908         -1.150511e-10
   20          3.937023e-06        -416.631460685937         -2.899014e-11
   21          1.417171e-06        -416.631460685951         -1.352873e-11
---------------------------------------------------------------------------
                      SCF converged in 21 iterations!
===========================================================================


                                                                           
***************************************************************************
***                                                                     ***
***                    Printing Molecular Properties                    ***
***                                                                     ***
***************************************************************************
                                                                           
                                                                           
===========================================================================
                                 Molecule
---------------------------------------------------------------------------
 Charge                  :                                               0
 Multiplicity            :                                               1
---------------------------------------------------------------------------
    N    Atom            :               x               y               z
---------------------------------------------------------------------------
    0       P            :        0.000000        0.000000        0.000000
    1       H            :        0.000000        0.000000        2.672356
    2       H            :        2.669626        0.000000       -0.120768
    3       O            :       -0.496639        3.075704       -0.474680
    4       H            :       -1.803190        3.238759       -1.723461
---------------------------------------------------------------------------
 Center of mass          :       -0.141461        1.049544       -0.135206
===========================================================================


===========================================================================
                         Molecular Energy (final)
---------------------------------------------------------------------------
 Kinetic energy          :            (au)                415.432800746273
 E-N energy              :            (au)              -1115.187910211879
 Coulomb energy          :            (au)                252.588042034143
 Exchange energy         :            (au)                  0.000000000000
 X-C energy              :            (au)                -31.065067676440
 Ext. field (el)         :            (au)                  0.000000000000
---------------------------------------------------------------------------
 N-N energy              :            (au)                 61.600674421952
 Ext. field (nuc)        :            (au)                  0.000000000000
 Tot. Reac. Energy       :            (au)                  0.000000000000
 El. Reac. Energy        :            (au)                  0.000000000000
 Nuc. Reac. Energy       :            (au)                  0.000000000000
---------------------------------------------------------------------------
 Electronic energy       :            (au)               -478.232135107903
 Nuclear energy          :            (au)                 61.600674421952
---------------------------------------------------------------------------
 Total energy            :            (au)             -4.166314606860e+02
                         :      (kcal/mol)             -2.614401866637e+05
                         :        (kJ/mol)             -1.093865741711e+06
                         :            (eV)             -1.133711910067e+04
===========================================================================


===========================================================================
                         Orbital Energies (final)
---------------------------------------------------------------------------
    n  Occ Spin          :                                         Epsilon
---------------------------------------------------------------------------
    0    2    p          :            (au)                -76.019694834520
    1    2    p          :            (au)                -18.631919683547
    2    2    p          :            (au)                 -6.291906392426
    3    2    p          :            (au)                 -4.542106180254
    4    2    p          :            (au)                 -4.538634788688
    5    2    p          :            (au)                 -4.534586279618
    6    2    p          :            (au)                 -0.941443107067
    7    2    p          :            (au)                 -0.589632706117
    8    2    p          :            (au)                 -0.445300607650
    9    2    p          :            (au)                 -0.376789649474
   10    2    p          :            (au)                 -0.375312999692
   11    2    p          :            (au)                 -0.276703967497
   12    2    p          :            (au)                 -0.229301632214
---------------------------------------------------------------------------
 Sum occupied            :            (au)               -235.586665657525
===========================================================================


===========================================================================
                           Dipole Moment (dip-1)
---------------------------------------------------------------------------
 r_O                     :        0.000000        0.000000        0.000000
---------------------------------------------------------------------------
 Electronic vector       :        2.924369      -27.890342        2.795067
 Magnitude               :            (au)                       28.182184
                         :         (Debye)                       71.631960
---------------------------------------------------------------------------
 Nuclear vector          :       -3.106677       27.844394       -2.969314
 Magnitude               :            (au)                       28.174076
                         :         (Debye)                       71.611350
---------------------------------------------------------------------------
 Total vector            :       -0.182308       -0.045948       -0.174247
 Magnitude               :            (au)                        0.256338
                         :         (Debye)                        0.651547
===========================================================================


                                                                           
                                                                           
***************************************************************************
***                                                                     ***
***                            Exiting MRChem                           ***
***                                                                     ***
***                       Wall time :  0h 12m 45s                       ***
***                                                                     ***
***************************************************************************
                                                                           
                                                                           
