Starting job 181734 on b[2221,2239-2243] at Fri May 7 14:33:17 CEST 2021

Copying PH2OH.out to /cluster/home/ambr/projects/zora/mini-benchmark-gto-mw/small-molecules/calcs
Copying PH2OH.json to /cluster/home/ambr/projects/zora/mini-benchmark-gto-mw/small-molecules/calcs

Task and CPU usage stats:
       JobID    JobName  AllocCPUS   NTasks     MinCPU MinCPUTask     AveCPU    Elapsed ExitCode 
------------ ---------- ---------- -------- ---------- ---------- ---------- ---------- -------- 
181734            PH2OH        768                                             00:12:55      1:0 
181734.batch      batch        128        1   09:06:16          0   09:06:16   00:12:55      1:0 
181734.exte+     extern        768        6   00:00:00          5   00:00:00   00:12:56      0:0 
181734.0          orted         80        5   01:50:29          4   02:48:13   00:12:48      0:0 

Memory usage stats:
       JobID     MaxRSS MaxRSSTask     AveRSS MaxPages   MaxPagesTask   AvePages 
------------ ---------- ---------- ---------- -------- -------------- ---------- 
181734                                                                           
181734.batch  51925496K          0  51925496K      104              0        104 
181734.exte+       809K          2     820565        3              2          1 
181734.0      41626053K          0 248364572+       82              3         65 

Disk usage stats:
       JobID  MaxDiskRead MaxDiskReadTask    AveDiskRead MaxDiskWrite MaxDiskWriteTask   AveDiskWrite 
------------ ------------ --------------- -------------- ------------ ---------------- -------------- 
181734                                                                                                
181734.batch       40.38M               0         40.38M       46.67M                0         46.67M 
181734.exte+        0.00M               5          0.00M            0                5              0 
181734.0           29.11M               2         29.09M       76.45M                4         30.31M 

Job 181734 completed at Fri May 7 14:46:13 CEST 2021
