Starting job 4416907 on c3-[38,42-43,54-56],c6-[1,3,5-7] at Sat Nov 13 01:13:41 CET 2021

Copying Ag_pbe.out to /cluster/home/ambr/projects/zora/row5/calcs_mw6
Copying Ag_pbe.json to /cluster/home/ambr/projects/zora/row5/calcs_mw6

Task and CPU usage stats:
       JobID    JobName  AllocCPUS   NTasks     MinCPU MinCPUTask     AveCPU    Elapsed ExitCode 
------------ ---------- ---------- -------- ---------- ---------- ---------- ---------- -------- 
4416907          Ag_pbe        160                                             00:25:19      0:0 
4416907.bat+      batch         16        1   00:00:03          0   00:00:03   00:25:19      0:0 
4416907.ext+     extern        160       11   00:00:00         10   00:00:00   00:25:19      0:0 
4416907.0      mrchem.x        160       40   00:24:41         39   00:52:53   00:24:52      0:0 

Memory usage stats:
       JobID     MaxRSS MaxRSSTask     AveRSS MaxPages   MaxPagesTask   AvePages 
------------ ---------- ---------- ---------- -------- -------------- ---------- 
4416907                                                                          
4416907.bat+     14528K          0     14528K        0              0          0 
4416907.ext+          0         10          0        0             10          0 
4416907.0      7964368K         39 3490005094        0             10          0 

Disk usage stats:
       JobID  MaxDiskRead MaxDiskReadTask    AveDiskRead MaxDiskWrite MaxDiskWriteTask   AveDiskWrite 
------------ ------------ --------------- -------------- ------------ ---------------- -------------- 
4416907                                                                                               
4416907.bat+      784.19M               0        784.19M      769.14M                0        769.14M 
4416907.ext+        0.00M              10          0.00M            0               10              0 
4416907.0          38.36M               1         21.47M      117.83M                0         45.78M 

Job 4416907 completed at Sat Nov 13 01:39:01 CET 2021
