Starting job 4416908 on c3-[40,50-51,54-56],c6-[1,3-4] at Sat Nov 13 01:27:44 CET 2021

Copying Cd_pbe.out to /cluster/home/ambr/projects/zora/row5/calcs_mw6
Copying Cd_pbe.json to /cluster/home/ambr/projects/zora/row5/calcs_mw6

Task and CPU usage stats:
       JobID    JobName  AllocCPUS   NTasks     MinCPU MinCPUTask     AveCPU    Elapsed ExitCode 
------------ ---------- ---------- -------- ---------- ---------- ---------- ---------- -------- 
4416908          Cd_pbe        160                                             00:16:01      0:0 
4416908.bat+      batch          8        1   00:00:03          0   00:00:03   00:16:01      0:0 
4416908.ext+     extern        160        9   00:00:00          8   00:00:00   00:16:01      0:0 
4416908.0      mrchem.x        160       40   00:15:28         39   00:31:36   00:15:36      0:0 

Memory usage stats:
       JobID     MaxRSS MaxRSSTask     AveRSS MaxPages   MaxPagesTask   AvePages 
------------ ---------- ---------- ---------- -------- -------------- ---------- 
4416908                                                                          
4416908.bat+     14392K          0     14392K        0              0          0 
4416908.ext+          0          8          0        0              8          0 
4416908.0     15452284K         39 3764812083        0              3          0 

Disk usage stats:
       JobID  MaxDiskRead MaxDiskReadTask    AveDiskRead MaxDiskWrite MaxDiskWriteTask   AveDiskWrite 
------------ ------------ --------------- -------------- ------------ ---------------- -------------- 
4416908                                                                                               
4416908.bat+      802.52M               0        802.52M      785.53M                0        785.53M 
4416908.ext+        0.00M               8          0.00M            0                8              0 
4416908.0          38.36M               0         21.85M      117.75M                0         48.33M 

Job 4416908 completed at Sat Nov 13 01:43:46 CET 2021
