Starting job 4416912 on c3-[40,50-51,54-56],c6-[1,3-4] at Sat Nov 13 02:08:49 CET 2021

Copying I_pbe.out to /cluster/home/ambr/projects/zora/row5/calcs_mw6
Copying I_pbe.json to /cluster/home/ambr/projects/zora/row5/calcs_mw6

Task and CPU usage stats:
       JobID    JobName  AllocCPUS   NTasks     MinCPU MinCPUTask     AveCPU    Elapsed ExitCode 
------------ ---------- ---------- -------- ---------- ---------- ---------- ---------- -------- 
4416912           I_pbe        160                                             00:28:11      0:0 
4416912.bat+      batch          8        1   00:00:03          0   00:00:03   00:28:11      0:0 
4416912.ext+     extern        160        9   00:00:00          8   00:00:00   00:28:11      0:0 
4416912.0      mrchem.x        160       40   00:27:29         39   00:56:29   00:27:45      0:0 

Memory usage stats:
       JobID     MaxRSS MaxRSSTask     AveRSS MaxPages   MaxPagesTask   AvePages 
------------ ---------- ---------- ---------- -------- -------------- ---------- 
4416912                                                                          
4416912.bat+     14404K          0     14404K        0              0          0 
4416912.ext+          0          8          0        0              8          0 
4416912.0     17138400K         39 4723944243        0              3          0 

Disk usage stats:
       JobID  MaxDiskRead MaxDiskReadTask    AveDiskRead MaxDiskWrite MaxDiskWriteTask   AveDiskWrite 
------------ ------------ --------------- -------------- ------------ ---------------- -------------- 
4416912                                                                                               
4416912.bat+      910.11M               0        910.11M      895.06M                0        895.06M 
4416912.ext+        0.00M               8          0.00M            0                8              0 
4416912.0          39.71M               0         24.60M      117.82M                0         56.17M 

Job 4416912 completed at Sat Nov 13 02:37:01 CET 2021
