Starting job 4416909 on c3-[38,42-43,54-56],c6-[1,3,5-7] at Sat Nov 13 01:39:07 CET 2021

Copying In_pbe.out to /cluster/home/ambr/projects/zora/row5/calcs_mw6
Copying In_pbe.json to /cluster/home/ambr/projects/zora/row5/calcs_mw6

Task and CPU usage stats:
       JobID    JobName  AllocCPUS   NTasks     MinCPU MinCPUTask     AveCPU    Elapsed ExitCode 
------------ ---------- ---------- -------- ---------- ---------- ---------- ---------- -------- 
4416909          In_pbe        160                                             00:23:20      0:0 
4416909.bat+      batch         16        1   00:00:03          0   00:00:03   00:23:20      0:0 
4416909.ext+     extern        160       11   00:00:00         10   00:00:00   00:23:20      0:0 
4416909.0      mrchem.x        160       40   00:22:47         39   00:46:00   00:22:56      0:0 

Memory usage stats:
       JobID     MaxRSS MaxRSSTask     AveRSS MaxPages   MaxPagesTask   AvePages 
------------ ---------- ---------- ---------- -------- -------------- ---------- 
4416909                                                                          
4416909.bat+     14516K          0     14516K        0              0          0 
4416909.ext+          0         10          0        0             10          0 
4416909.0     17753236K         39 3935228108        0             11          0 

Disk usage stats:
       JobID  MaxDiskRead MaxDiskReadTask    AveDiskRead MaxDiskWrite MaxDiskWriteTask   AveDiskWrite 
------------ ------------ --------------- -------------- ------------ ---------------- -------------- 
4416909                                                                                               
4416909.bat+      816.68M               0        816.68M      801.64M                0        801.64M 
4416909.ext+        0.00M              10          0.00M            0               10              0 
4416909.0          39.71M               0         22.28M      125.63M                0         45.68M 

Job 4416909 completed at Sat Nov 13 02:02:27 CET 2021
