Starting job 4416902 on c3-[40,50-51,54-56],c6-[1,3-4] at Fri Nov 12 23:25:57 CET 2021

Copying Mo_pbe.out to /cluster/home/ambr/projects/zora/row5/calcs_mw6
Copying Mo_pbe.json to /cluster/home/ambr/projects/zora/row5/calcs_mw6

Task and CPU usage stats:
       JobID    JobName  AllocCPUS   NTasks     MinCPU MinCPUTask     AveCPU    Elapsed ExitCode 
------------ ---------- ---------- -------- ---------- ---------- ---------- ---------- -------- 
4416902          Mo_pbe        160                                             00:15:00      0:0 
4416902.bat+      batch          8        1   00:00:03          0   00:00:03   00:15:00      0:0 
4416902.ext+     extern        160        9   00:00:00          6   00:00:00   00:15:00      0:0 
4416902.0      mrchem.x        160       40   00:14:28         39   00:29:08   00:14:35      0:0 

Memory usage stats:
       JobID     MaxRSS MaxRSSTask     AveRSS MaxPages   MaxPagesTask   AvePages 
------------ ---------- ---------- ---------- -------- -------------- ---------- 
4416902                                                                          
4416902.bat+     14400K          0     14400K        0              0          0 
4416902.ext+          0          6          0        0              6          0 
4416902.0     11820204K         39 3662247731        0              3          0 

Disk usage stats:
       JobID  MaxDiskRead MaxDiskReadTask    AveDiskRead MaxDiskWrite MaxDiskWriteTask   AveDiskWrite 
------------ ------------ --------------- -------------- ------------ ---------------- -------------- 
4416902                                                                                               
4416902.bat+      707.73M               0        707.73M      690.74M                0        690.74M 
4416902.ext+        0.00M               6          0.00M            0                6              0 
4416902.0          38.36M               0         19.49M      117.75M                0         41.66M 

Job 4416902 completed at Fri Nov 12 23:40:58 CET 2021
