Starting job 4416901 on c3-[38,42-43,54-56],c6-[1,3,5-7] at Fri Nov 12 23:02:23 CET 2021

Copying Nb_pbe.out to /cluster/home/ambr/projects/zora/row5/calcs_mw6
Copying Nb_pbe.json to /cluster/home/ambr/projects/zora/row5/calcs_mw6

Task and CPU usage stats:
       JobID    JobName  AllocCPUS   NTasks     MinCPU MinCPUTask     AveCPU    Elapsed ExitCode 
------------ ---------- ---------- -------- ---------- ---------- ---------- ---------- -------- 
4416901          Nb_pbe        160                                             01:24:05      0:0 
4416901.bat+      batch         16        1   00:00:03          0   00:00:03   01:24:05      0:0 
4416901.ext+     extern        160       11   00:00:00         10   00:00:00   01:24:05      0:0 
4416901.0      mrchem.x        160       40   01:22:57         39   02:48:08   01:23:33      0:0 

Memory usage stats:
       JobID     MaxRSS MaxRSSTask     AveRSS MaxPages   MaxPagesTask   AvePages 
------------ ---------- ---------- ---------- -------- -------------- ---------- 
4416901                                                                          
4416901.bat+     14532K          0     14532K        0              0          0 
4416901.ext+          0         10          0        0             10          0 
4416901.0     13318996K         39 3729265561        0              8          0 

Disk usage stats:
       JobID  MaxDiskRead MaxDiskReadTask    AveDiskRead MaxDiskWrite MaxDiskWriteTask   AveDiskWrite 
------------ ------------ --------------- -------------- ------------ ---------------- -------------- 
4416901                                                                                               
4416901.bat+      690.64M               0        690.64M      673.57M                0        673.57M 
4416901.ext+        0.00M              10          0.00M            0               10              0 
4416901.0          38.36M               0         19.06M      118.21M                0         53.63M 

Job 4416901 completed at Sat Nov 13 00:26:28 CET 2021
