Starting job 4416906 on c3-[38,42-43,54-56],c6-[1,3,5-7] at Sat Nov 13 00:54:07 CET 2021

Copying Pd_pbe.out to /cluster/home/ambr/projects/zora/row5/calcs_mw6
Copying Pd_pbe.json to /cluster/home/ambr/projects/zora/row5/calcs_mw6

Task and CPU usage stats:
       JobID    JobName  AllocCPUS   NTasks     MinCPU MinCPUTask     AveCPU    Elapsed ExitCode 
------------ ---------- ---------- -------- ---------- ---------- ---------- ---------- -------- 
4416906          Pd_pbe        160                                             00:19:20      0:0 
4416906.bat+      batch         16        1   00:00:03          0   00:00:03   00:19:20      0:0 
4416906.ext+     extern        160       11   00:00:00         10   00:00:00   00:19:20      0:0 
4416906.0      mrchem.x        160       40   00:18:48         39   00:38:33   00:18:57      0:0 

Memory usage stats:
       JobID     MaxRSS MaxRSSTask     AveRSS MaxPages   MaxPagesTask   AvePages 
------------ ---------- ---------- ---------- -------- -------------- ---------- 
4416906                                                                          
4416906.bat+     14524K          0     14524K        0              0          0 
4416906.ext+          0         10          0        0             10          0 
4416906.0     13481528K         39 3771316633        0             37          0 

Disk usage stats:
       JobID  MaxDiskRead MaxDiskReadTask    AveDiskRead MaxDiskWrite MaxDiskWriteTask   AveDiskWrite 
------------ ------------ --------------- -------------- ------------ ---------------- -------------- 
4416906                                                                                               
4416906.bat+      767.94M               0        767.94M      752.89M                0        752.89M 
4416906.ext+        0.00M              10          0.00M            0               10              0 
4416906.0          38.36M               0         21.06M      117.78M                0         43.43M 

Job 4416906 completed at Sat Nov 13 01:13:27 CET 2021
