Starting job 4416897 on c3-[50-51,54-56],c6-[1,3-4] at Fri Nov 12 20:43:04 CET 2021

Copying Rb_pbe.out to /cluster/home/ambr/projects/zora/row5/calcs_mw6
Copying Rb_pbe.json to /cluster/home/ambr/projects/zora/row5/calcs_mw6

Task and CPU usage stats:
       JobID    JobName  AllocCPUS   NTasks     MinCPU MinCPUTask     AveCPU    Elapsed ExitCode 
------------ ---------- ---------- -------- ---------- ---------- ---------- ---------- -------- 
4416897          Rb_pbe        160                                             00:19:50      0:0 
4416897.bat+      batch          4        1   00:00:02          0   00:00:02   00:19:50      0:0 
4416897.ext+     extern        160        8   00:00:00          1   00:00:00   00:19:50      0:0 
4416897.0      mrchem.x        160       40   00:19:18         39   00:42:34   00:19:29      0:0 

Memory usage stats:
       JobID     MaxRSS MaxRSSTask     AveRSS MaxPages   MaxPagesTask   AvePages 
------------ ---------- ---------- ---------- -------- -------------- ---------- 
4416897                                                                          
4416897.bat+     14348K          0     14348K        0              0          0 
4416897.ext+          0          1          0        0              1          0 
4416897.0      7188488K         39   2958461K        0              1          0 

Disk usage stats:
       JobID  MaxDiskRead MaxDiskReadTask    AveDiskRead MaxDiskWrite MaxDiskWriteTask   AveDiskWrite 
------------ ------------ --------------- -------------- ------------ ---------------- -------------- 
4416897                                                                                               
4416897.bat+      605.45M               0        605.45M      590.41M                0        590.41M 
4416897.ext+        0.00M               1          0.00M            0                1              0 
4416897.0          22.79M              30         17.05M       66.65M               30         39.60M 

Job 4416897 completed at Fri Nov 12 21:02:55 CET 2021
