Starting job 4416905 on c3-[40,50-51,54-56],c6-[1,3-4] at Sat Nov 13 00:39:07 CET 2021

Copying Rh_pbe.out to /cluster/home/ambr/projects/zora/row5/calcs_mw6
Copying Rh_pbe.json to /cluster/home/ambr/projects/zora/row5/calcs_mw6

Task and CPU usage stats:
       JobID    JobName  AllocCPUS   NTasks     MinCPU MinCPUTask     AveCPU    Elapsed ExitCode 
------------ ---------- ---------- -------- ---------- ---------- ---------- ---------- -------- 
4416905          Rh_pbe        160                                             00:48:30      0:0 
4416905.bat+      batch          8        1   00:00:03          0   00:00:03   00:48:30      0:0 
4416905.ext+     extern        160        9   00:00:00          2   00:00:00   00:48:30      0:0 
4416905.0      mrchem.x        160       40   00:47:39         39   01:37:59   00:47:59      0:0 

Memory usage stats:
       JobID     MaxRSS MaxRSSTask     AveRSS MaxPages   MaxPagesTask   AvePages 
------------ ---------- ---------- ---------- -------- -------------- ---------- 
4416905                                                                          
4416905.bat+     14416K          0     14416K        0              0          0 
4416905.ext+          0          2          0        0              2          0 
4416905.0     13210244K         39 3845373644        0              3          0 

Disk usage stats:
       JobID  MaxDiskRead MaxDiskReadTask    AveDiskRead MaxDiskWrite MaxDiskWriteTask   AveDiskWrite 
------------ ------------ --------------- -------------- ------------ ---------------- -------------- 
4416905                                                                                               
4416905.bat+     3076.25M               0       3076.25M     3059.23M                0       3059.23M 
4416905.ext+        0.00M               2          0.00M            0                2              0 
4416905.0          38.36M               0         20.67M      117.97M                0         44.90M 

Job 4416905 completed at Sat Nov 13 01:27:38 CET 2021
