Starting job 4416904 on c3-[38,42-43,54-56],c6-[1,3,5-7] at Sat Nov 13 00:26:35 CET 2021

Copying Ru_pbe.out to /cluster/home/ambr/projects/zora/row5/calcs_mw6
Copying Ru_pbe.json to /cluster/home/ambr/projects/zora/row5/calcs_mw6

Task and CPU usage stats:
       JobID    JobName  AllocCPUS   NTasks     MinCPU MinCPUTask     AveCPU    Elapsed ExitCode 
------------ ---------- ---------- -------- ---------- ---------- ---------- ---------- -------- 
4416904          Ru_pbe        160                                             00:27:26      0:0 
4416904.bat+      batch         16        1   00:00:03          0   00:00:03   00:27:26      0:0 
4416904.ext+     extern        160       11   00:00:00         10   00:00:00   00:27:26      0:0 
4416904.0      mrchem.x        160       40   00:26:49         39   00:54:10   00:27:01      0:0 

Memory usage stats:
       JobID     MaxRSS MaxRSSTask     AveRSS MaxPages   MaxPagesTask   AvePages 
------------ ---------- ---------- ---------- -------- -------------- ---------- 
4416904                                                                          
4416904.bat+     14524K          0     14524K        0              0          0 
4416904.ext+          0         10          0        0             10          0 
4416904.0     14217240K         39 3835510886        0             38          0 

Disk usage stats:
       JobID  MaxDiskRead MaxDiskReadTask    AveDiskRead MaxDiskWrite MaxDiskWriteTask   AveDiskWrite 
------------ ------------ --------------- -------------- ------------ ---------------- -------------- 
4416904                                                                                               
4416904.bat+      736.80M               0        736.80M      721.75M                0        721.75M 
4416904.ext+        0.00M              10          0.00M            0               10              0 
4416904.0          38.36M               0         20.28M      117.82M                0         49.70M 

Job 4416904 completed at Sat Nov 13 00:54:01 CET 2021
