Starting job 4416910 on c3-[40,50-51,54-56],c6-[1,3-4] at Sat Nov 13 01:43:47 CET 2021

Copying Sn_pbe.out to /cluster/home/ambr/projects/zora/row5/calcs_mw6
Copying Sn_pbe.json to /cluster/home/ambr/projects/zora/row5/calcs_mw6

Task and CPU usage stats:
       JobID    JobName  AllocCPUS   NTasks     MinCPU MinCPUTask     AveCPU    Elapsed ExitCode 
------------ ---------- ---------- -------- ---------- ---------- ---------- ---------- -------- 
4416910          Sn_pbe        160                                             00:24:46      0:0 
4416910.bat+      batch          8        1   00:00:03          0   00:00:03   00:24:46      0:0 
4416910.ext+     extern        160        9   00:00:00          2   00:00:00   00:24:46      0:0 
4416910.0      mrchem.x        160       40   00:24:09         39   00:49:22   00:24:20      0:0 

Memory usage stats:
       JobID     MaxRSS MaxRSSTask     AveRSS MaxPages   MaxPagesTask   AvePages 
------------ ---------- ---------- ---------- -------- -------------- ---------- 
4416910                                                                          
4416910.bat+     14412K          0     14412K        0              0          0 
4416910.ext+          0          2          0        0              2          0 
4416910.0     13563528K         39 3882581811        0              3          0 

Disk usage stats:
       JobID  MaxDiskRead MaxDiskReadTask    AveDiskRead MaxDiskWrite MaxDiskWriteTask   AveDiskWrite 
------------ ------------ --------------- -------------- ------------ ---------------- -------------- 
4416910                                                                                               
4416910.bat+      841.06M               0        841.06M      826.01M                0        826.01M 
4416910.ext+        0.00M               2          0.00M            0                2              0 
4416910.0          41.07M               1         22.87M      129.38M                1         52.44M 

Job 4416910 completed at Sat Nov 13 02:08:33 CET 2021
