Starting job 4416898 on c3-[50-51,54-56],c6-[1,3-4] at Fri Nov 12 21:03:05 CET 2021

Copying Sr_pbe.out to /cluster/home/ambr/projects/zora/row5/calcs_mw6
Copying Sr_pbe.json to /cluster/home/ambr/projects/zora/row5/calcs_mw6

Task and CPU usage stats:
       JobID    JobName  AllocCPUS   NTasks     MinCPU MinCPUTask     AveCPU    Elapsed ExitCode 
------------ ---------- ---------- -------- ---------- ---------- ---------- ---------- -------- 
4416898          Sr_pbe        160                                             00:25:27      0:0 
4416898.bat+      batch          4        1   00:00:02          0   00:00:02   00:25:27      0:0 
4416898.ext+     extern        160        8   00:00:00          7   00:00:00   00:25:28      0:0 
4416898.0      mrchem.x        160       40   00:24:52         39   00:56:32   00:25:07      0:0 

Memory usage stats:
       JobID     MaxRSS MaxRSSTask     AveRSS MaxPages   MaxPagesTask   AvePages 
------------ ---------- ---------- ---------- -------- -------------- ---------- 
4416898                                                                          
4416898.bat+     14360K          0     14360K        0              0          0 
4416898.ext+          0          7          0        0              7          0 
4416898.0      7124080K         39 3753886.5+        0              1          0 

Disk usage stats:
       JobID  MaxDiskRead MaxDiskReadTask    AveDiskRead MaxDiskWrite MaxDiskWriteTask   AveDiskWrite 
------------ ------------ --------------- -------------- ------------ ---------------- -------------- 
4416898                                                                                               
4416898.bat+      624.41M               0        624.41M      609.37M                0        609.37M 
4416898.ext+        0.00M               7          0.00M            0                7              0 
4416898.0          22.79M              30         17.52M       66.65M               30         38.72M 

Job 4416898 completed at Fri Nov 12 21:28:33 CET 2021
