Starting job 4416903 on c3-[40,50-51,54-56],c6-[1,3-4] at Fri Nov 12 23:40:59 CET 2021

Copying Tc_pbe.out to /cluster/home/ambr/projects/zora/row5/calcs_mw6
Copying Tc_pbe.json to /cluster/home/ambr/projects/zora/row5/calcs_mw6

Task and CPU usage stats:
       JobID    JobName  AllocCPUS   NTasks     MinCPU MinCPUTask     AveCPU    Elapsed ExitCode 
------------ ---------- ---------- -------- ---------- ---------- ---------- ---------- -------- 
4416903          Tc_pbe        160                                             00:58:00      0:0 
4416903.bat+      batch          8        1   00:00:03          0   00:00:03   00:58:00      0:0 
4416903.ext+     extern        160        9   00:00:00          2   00:00:00   00:58:01      0:0 
4416903.0      mrchem.x        160       40   00:57:11         39   01:59:46   00:57:36      0:0 

Memory usage stats:
       JobID     MaxRSS MaxRSSTask     AveRSS MaxPages   MaxPagesTask   AvePages 
------------ ---------- ---------- ---------- -------- -------------- ---------- 
4416903                                                                          
4416903.bat+     14416K          0     14416K        0              0          0 
4416903.ext+          0          2          0        0              2          0 
4416903.0      9801916K         39 3992092364        0              3          0 

Disk usage stats:
       JobID  MaxDiskRead MaxDiskReadTask    AveDiskRead MaxDiskWrite MaxDiskWriteTask   AveDiskWrite 
------------ ------------ --------------- -------------- ------------ ---------------- -------------- 
4416903                                                                                               
4416903.bat+      716.17M               0        716.17M      699.15M                0        699.15M 
4416903.ext+        0.00M               2          0.00M            0                2              0 
4416903.0          38.36M               0         19.69M      113.70M                1         41.47M 

Job 4416903 completed at Sat Nov 13 00:39:00 CET 2021
