Starting job 4416911 on c3-[38,42-43,54-56],c6-[1,3,5-7] at Sat Nov 13 02:02:49 CET 2021

Copying Te_pbe.out to /cluster/home/ambr/projects/zora/row5/calcs_mw6
Copying Te_pbe.json to /cluster/home/ambr/projects/zora/row5/calcs_mw6

Task and CPU usage stats:
       JobID    JobName  AllocCPUS   NTasks     MinCPU MinCPUTask     AveCPU    Elapsed ExitCode 
------------ ---------- ---------- -------- ---------- ---------- ---------- ---------- -------- 
4416911          Te_pbe        160                                             07:45:16      0:0 
4416911.bat+      batch         16        1   00:00:04          0   00:00:04   07:45:16      0:0 
4416911.ext+     extern        160       11   00:00:00         10   00:00:00   07:45:16      0:0 
4416911.0      mrchem.x        160       40   07:40:51         39   14:55:51   07:44:52      0:0 

Memory usage stats:
       JobID     MaxRSS MaxRSSTask     AveRSS MaxPages   MaxPagesTask   AvePages 
------------ ---------- ---------- ---------- -------- -------------- ---------- 
4416911                                                                          
4416911.bat+     14524K          0     14524K        0              0          0 
4416911.ext+          0         10          0        0             10          0 
4416911.0     31417604K         39 7145068646        0              7          0 

Disk usage stats:
       JobID  MaxDiskRead MaxDiskReadTask    AveDiskRead MaxDiskWrite MaxDiskWriteTask   AveDiskWrite 
------------ ------------ --------------- -------------- ------------ ---------------- -------------- 
4416911                                                                                               
4416911.bat+      887.09M               0        887.09M      872.05M                0        872.05M 
4416911.ext+        0.00M              10          0.00M            0               10              0 
4416911.0          38.37M               1         24.04M      119.97M                0         51.62M 

Job 4416911 completed at Sat Nov 13 09:48:06 CET 2021
