Starting job 4416913 on c3-[40,50-51,54-56],c6-[1,3-4] at Sat Nov 13 02:37:07 CET 2021

Copying Xe_pbe.out to /cluster/home/ambr/projects/zora/row5/calcs_mw6
Copying Xe_pbe.json to /cluster/home/ambr/projects/zora/row5/calcs_mw6

Task and CPU usage stats:
       JobID    JobName  AllocCPUS   NTasks     MinCPU MinCPUTask     AveCPU    Elapsed ExitCode 
------------ ---------- ---------- -------- ---------- ---------- ---------- ---------- -------- 
4416913          Xe_pbe        160                                             00:26:06      0:0 
4416913.bat+      batch          8        1   00:00:03          0   00:00:03   00:26:06      0:0 
4416913.ext+     extern        160        9   00:00:00          2   00:00:00   00:26:06      0:0 
4416913.0      mrchem.x        160       40   00:25:29         39   00:54:23   00:25:41      0:0 

Memory usage stats:
       JobID     MaxRSS MaxRSSTask     AveRSS MaxPages   MaxPagesTask   AvePages 
------------ ---------- ---------- ---------- -------- -------------- ---------- 
4416913                                                                          
4416913.bat+     14416K          0     14416K        0              0          0 
4416913.ext+          0          2          0        0              2          0 
4416913.0     12416212K         39 3973431500        0              3          0 

Disk usage stats:
       JobID  MaxDiskRead MaxDiskReadTask    AveDiskRead MaxDiskWrite MaxDiskWriteTask   AveDiskWrite 
------------ ------------ --------------- -------------- ------------ ---------------- -------------- 
4416913                                                                                               
4416913.bat+      924.45M               0        924.45M      907.45M                0        907.45M 
4416913.ext+        0.00M               2          0.00M            0                2              0 
4416913.0          39.71M               0         24.90M      117.82M                0         56.17M 

Job 4416913 completed at Sat Nov 13 03:03:13 CET 2021
