Starting job 4416899 on c3-[50-51,54-56],c6-[1,3-4] at Fri Nov 12 21:28:37 CET 2021

Copying Y_pbe.out to /cluster/home/ambr/projects/zora/row5/calcs_mw6
Copying Y_pbe.json to /cluster/home/ambr/projects/zora/row5/calcs_mw6

Task and CPU usage stats:
       JobID    JobName  AllocCPUS   NTasks     MinCPU MinCPUTask     AveCPU    Elapsed ExitCode 
------------ ---------- ---------- -------- ---------- ---------- ---------- ---------- -------- 
4416899           Y_pbe        160                                             00:50:34      0:0 
4416899.bat+      batch          4        1   00:00:03          0   00:00:03   00:50:34      0:0 
4416899.ext+     extern        160        8   00:00:00          2   00:00:00   00:50:34      0:0 
4416899.0      mrchem.x        160       40   00:49:49         39   01:55:07   00:50:13      0:0 

Memory usage stats:
       JobID     MaxRSS MaxRSSTask     AveRSS MaxPages   MaxPagesTask   AvePages 
------------ ---------- ---------- ---------- -------- -------------- ---------- 
4416899                                                                          
4416899.bat+     14352K          0     14352K        0              0          0 
4416899.ext+          0          2          0        0              2          0 
4416899.0      9394328K         39 3079935078        0              1          0 

Disk usage stats:
       JobID  MaxDiskRead MaxDiskReadTask    AveDiskRead MaxDiskWrite MaxDiskWriteTask   AveDiskWrite 
------------ ------------ --------------- -------------- ------------ ---------------- -------------- 
4416899                                                                                               
4416899.bat+      644.41M               0        644.41M      627.42M                0        627.42M 
4416899.ext+        0.00M               2          0.00M            0                2              0 
4416899.0          22.79M              31         17.96M       66.65M               31         40.88M 

Job 4416899 completed at Fri Nov 12 22:19:11 CET 2021
