Starting job 4416900 on c3-[50-51,54-56],c6-[1,3-4] at Fri Nov 12 22:19:15 CET 2021

Copying Zr_pbe.out to /cluster/home/ambr/projects/zora/row5/calcs_mw6
Copying Zr_pbe.json to /cluster/home/ambr/projects/zora/row5/calcs_mw6

Task and CPU usage stats:
       JobID    JobName  AllocCPUS   NTasks     MinCPU MinCPUTask     AveCPU    Elapsed ExitCode 
------------ ---------- ---------- -------- ---------- ---------- ---------- ---------- -------- 
4416900          Zr_pbe        160                                             01:06:22      0:0 
4416900.bat+      batch          4        1   00:00:03          0   00:00:03   01:06:22      0:0 
4416900.ext+     extern        160        8   00:00:00          1   00:00:00   01:06:22      0:0 
4416900.0      mrchem.x        160       40   01:05:27         39   02:09:26   01:05:56      0:0 

Memory usage stats:
       JobID     MaxRSS MaxRSSTask     AveRSS MaxPages   MaxPagesTask   AvePages 
------------ ---------- ---------- ---------- -------- -------------- ---------- 
4416900                                                                          
4416900.bat+     14404K          0     14404K        0              0          0 
4416900.ext+          0          1          0        0              1          0 
4416900.0     12114020K         39 4003603251        0              1          0 

Disk usage stats:
       JobID  MaxDiskRead MaxDiskReadTask    AveDiskRead MaxDiskWrite MaxDiskWriteTask   AveDiskWrite 
------------ ------------ --------------- -------------- ------------ ---------------- -------------- 
4416900                                                                                               
4416900.bat+      667.74M               0        667.74M      652.70M                0        652.70M 
4416900.ext+        0.00M               1          0.00M            0                1              0 
4416900.0          38.36M               0         18.61M       66.65M                2         40.88M 

Job 4416900 completed at Fri Nov 12 23:25:37 CET 2021
