Starting job 3676799 on c49-10 at Thu Dec 2 13:56:51 CET 2021

Copying Ag_ugbs_pbe.out to /cluster/home/ambr/projects/zora/row5/calcs_gto_zora_defgrid3
Copying *.hess to /cluster/home/ambr/projects/zora/row5/calcs_gto_zora_defgrid3
rsync: link_stat "/cluster/work/jobs/3676799/*.hess" failed: No such file or directory (2)
rsync error: some files/attrs were not transferred (see previous errors) (code 23) at main.c(1179) [sender=3.1.2]
Copying Ag_ugbs_pbe.gbw to /cluster/home/ambr/projects/zora/row5/calcs_gto_zora_defgrid3
Copying *.xyz to /cluster/home/ambr/projects/zora/row5/calcs_gto_zora_defgrid3
rsync: link_stat "/cluster/work/jobs/3676799/*.xyz" failed: No such file or directory (2)
rsync error: some files/attrs were not transferred (see previous errors) (code 23) at main.c(1179) [sender=3.1.2]

Task and CPU usage stats:
       JobID    JobName  AllocCPUS   NTasks     MinCPU MinCPUTask     AveCPU    Elapsed ExitCode 
------------ ---------- ---------- -------- ---------- ---------- ---------- ---------- -------- 
3676799      Ag_ugbs_p+         32                                             00:00:32      0:0 
3676799.bat+      batch         32        1   00:00:28          0   00:00:28   00:00:32      0:0 
3676799.ext+     extern         32        1   00:00:00          0   00:00:00   00:00:32      0:0 

Memory usage stats:
       JobID     MaxRSS MaxRSSTask     AveRSS MaxPages   MaxPagesTask   AvePages 
------------ ---------- ---------- ---------- -------- -------------- ---------- 
3676799                                                                          
3676799.bat+   9715274K          0   9715274K        8              0          8 
3676799.ext+       114K          0       114K        0              0          0 

Disk usage stats:
       JobID  MaxDiskRead MaxDiskReadTask    AveDiskRead MaxDiskWrite MaxDiskWriteTask   AveDiskWrite 
------------ ------------ --------------- -------------- ------------ ---------------- -------------- 
3676799                                                                                               
3676799.bat+     2883.78M               0       2883.78M     1211.94M                0       1211.94M 
3676799.ext+        0.00M               0          0.00M            0                0              0 

Job 3676799 completed at Thu Dec 2 13:57:22 CET 2021
