Starting job 3676802 on c86-10 at Thu Dec 2 13:57:51 CET 2021

Copying Cd_ano-r3_pbe.out to /cluster/home/ambr/projects/zora/row5/calcs_gto_zora_defgrid3
Copying *.hess to /cluster/home/ambr/projects/zora/row5/calcs_gto_zora_defgrid3
rsync: link_stat "/cluster/work/jobs/3676802/*.hess" failed: No such file or directory (2)
rsync error: some files/attrs were not transferred (see previous errors) (code 23) at main.c(1179) [sender=3.1.2]
Copying Cd_ano-r3_pbe.gbw to /cluster/home/ambr/projects/zora/row5/calcs_gto_zora_defgrid3
Copying *.xyz to /cluster/home/ambr/projects/zora/row5/calcs_gto_zora_defgrid3
rsync: link_stat "/cluster/work/jobs/3676802/*.xyz" failed: No such file or directory (2)
rsync error: some files/attrs were not transferred (see previous errors) (code 23) at main.c(1179) [sender=3.1.2]

Task and CPU usage stats:
       JobID    JobName  AllocCPUS   NTasks     MinCPU MinCPUTask     AveCPU    Elapsed ExitCode 
------------ ---------- ---------- -------- ---------- ---------- ---------- ---------- -------- 
3676802      Cd_ano-r3+         32                                             00:16:10      0:0 
3676802.bat+      batch         32        1   08:23:03          0   08:23:03   00:16:10      0:0 
3676802.ext+     extern         32        1   00:00:00          0   00:00:00   00:16:11      0:0 

Memory usage stats:
       JobID     MaxRSS MaxRSSTask     AveRSS MaxPages   MaxPagesTask   AvePages 
------------ ---------- ---------- ---------- -------- -------------- ---------- 
3676802                                                                          
3676802.bat+  22015546K          0  22015546K       79              0          8 
3676802.ext+       114K          0       114K        1              0          1 

Disk usage stats:
       JobID  MaxDiskRead MaxDiskReadTask    AveDiskRead MaxDiskWrite MaxDiskWriteTask   AveDiskWrite 
------------ ------------ --------------- -------------- ------------ ---------------- -------------- 
3676802                                                                                               
3676802.bat+     1629.68M               0       1629.68M     1031.40M                0       1031.40M 
3676802.ext+        0.00M               0          0.00M            0                0              0 

Job 3676802 completed at Thu Dec 2 14:14:01 CET 2021
