Starting job 3676804 on c76-12 at Thu Dec 2 13:59:51 CET 2021

Copying Cd_ugbs_pbe.out to /cluster/home/ambr/projects/zora/row5/calcs_gto_zora_defgrid3
Copying *.hess to /cluster/home/ambr/projects/zora/row5/calcs_gto_zora_defgrid3
rsync: link_stat "/cluster/work/jobs/3676804/*.hess" failed: No such file or directory (2)
rsync error: some files/attrs were not transferred (see previous errors) (code 23) at main.c(1179) [sender=3.1.2]
Copying Cd_ugbs_pbe.gbw to /cluster/home/ambr/projects/zora/row5/calcs_gto_zora_defgrid3
Copying *.xyz to /cluster/home/ambr/projects/zora/row5/calcs_gto_zora_defgrid3
rsync: link_stat "/cluster/work/jobs/3676804/*.xyz" failed: No such file or directory (2)
rsync error: some files/attrs were not transferred (see previous errors) (code 23) at main.c(1179) [sender=3.1.2]

Task and CPU usage stats:
       JobID    JobName  AllocCPUS   NTasks     MinCPU MinCPUTask     AveCPU    Elapsed ExitCode 
------------ ---------- ---------- -------- ---------- ---------- ---------- ---------- -------- 
3676804      Cd_ugbs_p+         32                                             00:01:00      0:0 
3676804.bat+      batch         32        1   00:00:01          0   00:00:01   00:01:00      0:0 
3676804.ext+     extern         32        1   00:00:00          0   00:00:00   00:01:00      0:0 

Memory usage stats:
       JobID     MaxRSS MaxRSSTask     AveRSS MaxPages   MaxPagesTask   AvePages 
------------ ---------- ---------- ---------- -------- -------------- ---------- 
3676804                                                                          
3676804.bat+    391607K          0    391607K        8              0          8 
3676804.ext+       115K          0       115K        1              0          1 

Disk usage stats:
       JobID  MaxDiskRead MaxDiskReadTask    AveDiskRead MaxDiskWrite MaxDiskWriteTask   AveDiskWrite 
------------ ------------ --------------- -------------- ------------ ---------------- -------------- 
3676804                                                                                               
3676804.bat+      261.79M               0        261.79M      538.78M                0        538.78M 
3676804.ext+        0.00M               0          0.00M            0                0              0 

Job 3676804 completed at Thu Dec 2 14:00:52 CET 2021
