Starting job 3676827 on c61-9 at Thu Dec 2 14:52:36 CET 2021

Copying I_ano-r3_pbe.out to /cluster/home/ambr/projects/zora/row5/calcs_gto_zora_defgrid3
Copying *.hess to /cluster/home/ambr/projects/zora/row5/calcs_gto_zora_defgrid3
rsync: link_stat "/cluster/work/jobs/3676827/*.hess" failed: No such file or directory (2)
rsync error: some files/attrs were not transferred (see previous errors) (code 23) at main.c(1179) [sender=3.1.2]
Copying I_ano-r3_pbe.gbw to /cluster/home/ambr/projects/zora/row5/calcs_gto_zora_defgrid3
Copying *.xyz to /cluster/home/ambr/projects/zora/row5/calcs_gto_zora_defgrid3
rsync: link_stat "/cluster/work/jobs/3676827/*.xyz" failed: No such file or directory (2)
rsync error: some files/attrs were not transferred (see previous errors) (code 23) at main.c(1179) [sender=3.1.2]

Task and CPU usage stats:
       JobID    JobName  AllocCPUS   NTasks     MinCPU MinCPUTask     AveCPU    Elapsed ExitCode 
------------ ---------- ---------- -------- ---------- ---------- ---------- ---------- -------- 
3676827      I_ano-r3_+         32                                             00:57:45      0:0 
3676827.bat+      batch         32        1 1-06:07:10          0 1-06:07:10   00:57:45      0:0 
3676827.ext+     extern         32        1   00:00:00          0   00:00:00   00:57:45      0:0 

Memory usage stats:
       JobID     MaxRSS MaxRSSTask     AveRSS MaxPages   MaxPagesTask   AvePages 
------------ ---------- ---------- ---------- -------- -------------- ---------- 
3676827                                                                          
3676827.bat+  21948223K          0  21948223K       76              0          2 
3676827.ext+       122K          0       122K        1              0          1 

Disk usage stats:
       JobID  MaxDiskRead MaxDiskReadTask    AveDiskRead MaxDiskWrite MaxDiskWriteTask   AveDiskWrite 
------------ ------------ --------------- -------------- ------------ ---------------- -------------- 
3676827                                                                                               
3676827.bat+     1838.12M               0       1838.12M     1111.94M                0       1111.94M 
3676827.ext+        0.00M               0          0.00M            0                0              0 

Job 3676827 completed at Thu Dec 2 15:50:21 CET 2021
