Starting job 3676829 on c36-12 at Thu Dec 2 14:52:51 CET 2021

Copying I_ugbs_pbe.out to /cluster/home/ambr/projects/zora/row5/calcs_gto_zora_defgrid3
Copying *.hess to /cluster/home/ambr/projects/zora/row5/calcs_gto_zora_defgrid3
rsync: link_stat "/cluster/work/jobs/3676829/*.hess" failed: No such file or directory (2)
rsync error: some files/attrs were not transferred (see previous errors) (code 23) at main.c(1179) [sender=3.1.2]
Copying I_ugbs_pbe.gbw to /cluster/home/ambr/projects/zora/row5/calcs_gto_zora_defgrid3
Copying *.xyz to /cluster/home/ambr/projects/zora/row5/calcs_gto_zora_defgrid3
rsync: link_stat "/cluster/work/jobs/3676829/*.xyz" failed: No such file or directory (2)
rsync error: some files/attrs were not transferred (see previous errors) (code 23) at main.c(1179) [sender=3.1.2]

Task and CPU usage stats:
       JobID    JobName  AllocCPUS   NTasks     MinCPU MinCPUTask     AveCPU    Elapsed ExitCode 
------------ ---------- ---------- -------- ---------- ---------- ---------- ---------- -------- 
3676829      I_ugbs_pbe         32                                             00:00:41      0:0 
3676829.bat+      batch         32        1   00:04:19          0   00:04:19   00:00:41      0:0 
3676829.ext+     extern         32        1   00:00:00          0   00:00:00   00:00:41      0:0 

Memory usage stats:
       JobID     MaxRSS MaxRSSTask     AveRSS MaxPages   MaxPagesTask   AvePages 
------------ ---------- ---------- ---------- -------- -------------- ---------- 
3676829                                                                          
3676829.bat+  10347287K          0  10347287K        8              0          8 
3676829.ext+       114K          0       114K        1              0          1 

Disk usage stats:
       JobID  MaxDiskRead MaxDiskReadTask    AveDiskRead MaxDiskWrite MaxDiskWriteTask   AveDiskWrite 
------------ ------------ --------------- -------------- ------------ ---------------- -------------- 
3676829                                                                                               
3676829.bat+     1997.94M               0       1997.94M      897.62M                0        897.62M 
3676829.ext+        0.00M               0          0.00M            0                0              0 

Job 3676829 completed at Thu Dec 2 14:53:31 CET 2021
