Starting job 3676807 on c10-11 at Thu Dec 2 14:03:27 CET 2021

Copying In_ano-r3_pbe.out to /cluster/home/ambr/projects/zora/row5/calcs_gto_zora_defgrid3
Copying *.hess to /cluster/home/ambr/projects/zora/row5/calcs_gto_zora_defgrid3
rsync: link_stat "/cluster/work/jobs/3676807/*.hess" failed: No such file or directory (2)
rsync error: some files/attrs were not transferred (see previous errors) (code 23) at main.c(1179) [sender=3.1.2]
Copying In_ano-r3_pbe.gbw to /cluster/home/ambr/projects/zora/row5/calcs_gto_zora_defgrid3
Copying *.xyz to /cluster/home/ambr/projects/zora/row5/calcs_gto_zora_defgrid3
rsync: link_stat "/cluster/work/jobs/3676807/*.xyz" failed: No such file or directory (2)
rsync error: some files/attrs were not transferred (see previous errors) (code 23) at main.c(1179) [sender=3.1.2]

Task and CPU usage stats:
       JobID    JobName  AllocCPUS   NTasks     MinCPU MinCPUTask     AveCPU    Elapsed ExitCode 
------------ ---------- ---------- -------- ---------- ---------- ---------- ---------- -------- 
3676807      In_ano-r3+         32                                             00:49:13      0:0 
3676807.bat+      batch         32        1 1-01:54:53          0 1-01:54:53   00:49:13      0:0 
3676807.ext+     extern         32        1   00:00:00          0   00:00:00   00:49:13      0:0 

Memory usage stats:
       JobID     MaxRSS MaxRSSTask     AveRSS MaxPages   MaxPagesTask   AvePages 
------------ ---------- ---------- ---------- -------- -------------- ---------- 
3676807                                                                          
3676807.bat+  21985313K          0  21985313K       76              0          8 
3676807.ext+       114K          0       114K        1              0          1 

Disk usage stats:
       JobID  MaxDiskRead MaxDiskReadTask    AveDiskRead MaxDiskWrite MaxDiskWriteTask   AveDiskWrite 
------------ ------------ --------------- -------------- ------------ ---------------- -------------- 
3676807                                                                                               
3676807.bat+     1707.65M               0       1707.65M     1050.91M                0       1050.91M 
3676807.ext+        0.00M               0          0.00M            0                0              0 

Job 3676807 completed at Thu Dec 2 14:52:41 CET 2021
