Starting job 3676768 on c10-11 at Thu Dec 2 12:59:42 CET 2021

Copying Nb_ano-rcc-vqzp_pbe.out to /cluster/home/ambr/projects/zora/row5/calcs_gto_zora_defgrid3
Copying *.hess to /cluster/home/ambr/projects/zora/row5/calcs_gto_zora_defgrid3
rsync: link_stat "/cluster/work/jobs/3676768/*.hess" failed: No such file or directory (2)
rsync error: some files/attrs were not transferred (see previous errors) (code 23) at main.c(1179) [sender=3.1.2]
Copying Nb_ano-rcc-vqzp_pbe.gbw to /cluster/home/ambr/projects/zora/row5/calcs_gto_zora_defgrid3
Copying *.xyz to /cluster/home/ambr/projects/zora/row5/calcs_gto_zora_defgrid3
rsync: link_stat "/cluster/work/jobs/3676768/*.xyz" failed: No such file or directory (2)
rsync error: some files/attrs were not transferred (see previous errors) (code 23) at main.c(1179) [sender=3.1.2]

Task and CPU usage stats:
       JobID    JobName  AllocCPUS   NTasks     MinCPU MinCPUTask     AveCPU    Elapsed ExitCode 
------------ ---------- ---------- -------- ---------- ---------- ---------- ---------- -------- 
3676768      Nb_ano-rc+         32                                             01:03:43      0:0 
3676768.bat+      batch         32        1 1-09:27:07          0 1-09:27:07   01:03:43      0:0 
3676768.ext+     extern         32        1   00:00:00          0   00:00:00   01:03:43      0:0 

Memory usage stats:
       JobID     MaxRSS MaxRSSTask     AveRSS MaxPages   MaxPagesTask   AvePages 
------------ ---------- ---------- ---------- -------- -------------- ---------- 
3676768                                                                          
3676768.bat+  18336727K          0  18336727K       78              0         13 
3676768.ext+       114K          0       114K        1              0          1 

Disk usage stats:
       JobID  MaxDiskRead MaxDiskReadTask    AveDiskRead MaxDiskWrite MaxDiskWriteTask   AveDiskWrite 
------------ ------------ --------------- -------------- ------------ ---------------- -------------- 
3676768                                                                                               
3676768.bat+     3832.16M               0       3832.16M     1147.95M                0       1147.95M 
3676768.ext+        0.00M               0          0.00M            0                0              0 

Job 3676768 completed at Thu Dec 2 14:03:25 CET 2021
