Starting job 3676767 on c59-11 at Thu Dec 2 12:58:00 CET 2021

Copying Nb_ano-r3_pbe.out to /cluster/home/ambr/projects/zora/row5/calcs_gto_zora_defgrid3
Copying *.hess to /cluster/home/ambr/projects/zora/row5/calcs_gto_zora_defgrid3
rsync: link_stat "/cluster/work/jobs/3676767/*.hess" failed: No such file or directory (2)
rsync error: some files/attrs were not transferred (see previous errors) (code 23) at main.c(1179) [sender=3.1.2]
Copying Nb_ano-r3_pbe.gbw to /cluster/home/ambr/projects/zora/row5/calcs_gto_zora_defgrid3
Copying *.xyz to /cluster/home/ambr/projects/zora/row5/calcs_gto_zora_defgrid3
rsync: link_stat "/cluster/work/jobs/3676767/*.xyz" failed: No such file or directory (2)
rsync error: some files/attrs were not transferred (see previous errors) (code 23) at main.c(1179) [sender=3.1.2]

Task and CPU usage stats:
       JobID    JobName  AllocCPUS   NTasks     MinCPU MinCPUTask     AveCPU    Elapsed ExitCode 
------------ ---------- ---------- -------- ---------- ---------- ---------- ---------- -------- 
3676767      Nb_ano-r3+         32                                             01:15:43      0:0 
3676767.bat+      batch         32        1 1-15:32:47          0 1-15:32:47   01:15:43      0:0 
3676767.ext+     extern         32        1   00:00:00          0   00:00:00   01:15:43      0:0 

Memory usage stats:
       JobID     MaxRSS MaxRSSTask     AveRSS MaxPages   MaxPagesTask   AvePages 
------------ ---------- ---------- ---------- -------- -------------- ---------- 
3676767                                                                          
3676767.bat+  21927170K          0  21927170K       76              0          8 
3676767.ext+       127K          0       127K        1              0          1 

Disk usage stats:
       JobID  MaxDiskRead MaxDiskReadTask    AveDiskRead MaxDiskWrite MaxDiskWriteTask   AveDiskWrite 
------------ ------------ --------------- -------------- ------------ ---------------- -------------- 
3676767                                                                                               
3676767.bat+     3877.69M               0       3877.69M     1169.69M                0       1169.69M 
3676767.ext+        0.00M               0          0.00M            0                0              0 

Job 3676767 completed at Thu Dec 2 14:13:43 CET 2021
