Starting job 3676771 on c73-2 at Thu Dec 2 13:07:19 CET 2021

Copying Nb_sapporo-qzp-2012-diffuse_pbe.out to /cluster/home/ambr/projects/zora/row5/calcs_gto_zora_defgrid3
Copying *.hess to /cluster/home/ambr/projects/zora/row5/calcs_gto_zora_defgrid3
rsync: link_stat "/cluster/work/jobs/3676771/*.hess" failed: No such file or directory (2)
rsync error: some files/attrs were not transferred (see previous errors) (code 23) at main.c(1179) [sender=3.1.2]
Copying Nb_sapporo-qzp-2012-diffuse_pbe.gbw to /cluster/home/ambr/projects/zora/row5/calcs_gto_zora_defgrid3
Copying *.xyz to /cluster/home/ambr/projects/zora/row5/calcs_gto_zora_defgrid3
rsync: link_stat "/cluster/work/jobs/3676771/*.xyz" failed: No such file or directory (2)
rsync error: some files/attrs were not transferred (see previous errors) (code 23) at main.c(1179) [sender=3.1.2]

Task and CPU usage stats:
       JobID    JobName  AllocCPUS   NTasks     MinCPU MinCPUTask     AveCPU    Elapsed ExitCode 
------------ ---------- ---------- -------- ---------- ---------- ---------- ---------- -------- 
3676771      Nb_sappor+         32                                             00:00:49      0:0 
3676771.bat+      batch         32        1   00:05:03          0   00:05:03   00:00:49      0:0 
3676771.ext+     extern         32        1   00:00:00          0   00:00:00   00:00:49      0:0 

Memory usage stats:
       JobID     MaxRSS MaxRSSTask     AveRSS MaxPages   MaxPagesTask   AvePages 
------------ ---------- ---------- ---------- -------- -------------- ---------- 
3676771                                                                          
3676771.bat+  10389286K          0  10389286K        8              0          8 
3676771.ext+       114K          0       114K        1              0          1 

Disk usage stats:
       JobID  MaxDiskRead MaxDiskReadTask    AveDiskRead MaxDiskWrite MaxDiskWriteTask   AveDiskWrite 
------------ ------------ --------------- -------------- ------------ ---------------- -------------- 
3676771                                                                                               
3676771.bat+     1358.52M               0       1358.52M      872.25M                0        872.25M 
3676771.ext+        0.00M               0          0.00M            0                0              0 

Job 3676771 completed at Thu Dec 2 13:08:08 CET 2021
