Starting job 3677088 on c3-8 at Thu Dec 2 17:29:47 CET 2021

Copying Pd_sapporo-qzp-2012-diffuse_pbe.out to /cluster/home/ambr/projects/zora/row5/calcs_gto_zora_defgrid3
Copying *.hess to /cluster/home/ambr/projects/zora/row5/calcs_gto_zora_defgrid3
rsync: link_stat "/cluster/work/jobs/3677088/*.hess" failed: No such file or directory (2)
rsync error: some files/attrs were not transferred (see previous errors) (code 23) at main.c(1179) [sender=3.1.2]
Copying Pd_sapporo-qzp-2012-diffuse_pbe.gbw to /cluster/home/ambr/projects/zora/row5/calcs_gto_zora_defgrid3
Copying *.xyz to /cluster/home/ambr/projects/zora/row5/calcs_gto_zora_defgrid3
rsync: link_stat "/cluster/work/jobs/3677088/*.xyz" failed: No such file or directory (2)
rsync error: some files/attrs were not transferred (see previous errors) (code 23) at main.c(1179) [sender=3.1.2]

Task and CPU usage stats:
       JobID    JobName  AllocCPUS   NTasks     MinCPU MinCPUTask     AveCPU    Elapsed ExitCode 
------------ ---------- ---------- -------- ---------- ---------- ---------- ---------- -------- 
3677088      Pd_sappor+         32                                             00:00:29      0:0 
3677088.bat+      batch         32        1   00:00:00          0   00:00:00   00:00:29      0:0 
3677088.ext+     extern         32        1   00:00:00          0   00:00:00   00:00:29      0:0 

Memory usage stats:
       JobID     MaxRSS MaxRSSTask     AveRSS MaxPages   MaxPagesTask   AvePages 
------------ ---------- ---------- ---------- -------- -------------- ---------- 
3677088                                                                          
3677088.bat+       854K          0       854K        0              0          0 
3677088.ext+         4K          0         4K        0              0          0 

Disk usage stats:
       JobID  MaxDiskRead MaxDiskReadTask    AveDiskRead MaxDiskWrite MaxDiskWriteTask   AveDiskWrite 
------------ ------------ --------------- -------------- ------------ ---------------- -------------- 
3677088                                                                                               
3677088.bat+            0               0              0            0                0              0 
3677088.ext+        0.00M               0          0.00M            0                0              0 

Job 3677088 completed at Thu Dec 2 17:30:17 CET 2021
