Starting job 3676750 on c10-11 at Thu Dec 2 12:44:32 CET 2021

Copying Rb_sarc-zora-tzvpp_pbe.out to /cluster/home/ambr/projects/zora/row5/calcs_gto_zora_defgrid3
Copying *.hess to /cluster/home/ambr/projects/zora/row5/calcs_gto_zora_defgrid3
rsync: link_stat "/cluster/work/jobs/3676750/*.hess" failed: No such file or directory (2)
rsync error: some files/attrs were not transferred (see previous errors) (code 23) at main.c(1179) [sender=3.1.2]
Copying Rb_sarc-zora-tzvpp_pbe.gbw to /cluster/home/ambr/projects/zora/row5/calcs_gto_zora_defgrid3
Copying *.xyz to /cluster/home/ambr/projects/zora/row5/calcs_gto_zora_defgrid3
rsync: link_stat "/cluster/work/jobs/3676750/*.xyz" failed: No such file or directory (2)
rsync error: some files/attrs were not transferred (see previous errors) (code 23) at main.c(1179) [sender=3.1.2]

Task and CPU usage stats:
       JobID    JobName  AllocCPUS   NTasks     MinCPU MinCPUTask     AveCPU    Elapsed ExitCode 
------------ ---------- ---------- -------- ---------- ---------- ---------- ---------- -------- 
3676750      Rb_sarc-z+         32                                             00:00:58      0:0 
3676750.bat+      batch         32        1   00:01:25          0   00:01:25   00:00:58      0:0 
3676750.ext+     extern         32        1   00:00:00          0   00:00:00   00:00:58      0:0 

Memory usage stats:
       JobID     MaxRSS MaxRSSTask     AveRSS MaxPages   MaxPagesTask   AvePages 
------------ ---------- ---------- ---------- -------- -------------- ---------- 
3676750                                                                          
3676750.bat+  10310196K          0  10310196K        9              0          9 
3676750.ext+       114K          0       114K        1              0          1 

Disk usage stats:
       JobID  MaxDiskRead MaxDiskReadTask    AveDiskRead MaxDiskWrite MaxDiskWriteTask   AveDiskWrite 
------------ ------------ --------------- -------------- ------------ ---------------- -------------- 
3676750                                                                                               
3676750.bat+       96.28M               0         96.28M      527.66M                0        527.66M 
3676750.ext+        0.00M               0          0.00M            0                0              0 

Job 3676750 completed at Thu Dec 2 12:45:30 CET 2021
