Starting job 3676787 on c50-12 at Thu Dec 2 13:35:32 CET 2021

Copying Rh_ano-r3_pbe.out to /cluster/home/ambr/projects/zora/row5/calcs_gto_zora_defgrid3
Copying *.hess to /cluster/home/ambr/projects/zora/row5/calcs_gto_zora_defgrid3
rsync: link_stat "/cluster/work/jobs/3676787/*.hess" failed: No such file or directory (2)
rsync error: some files/attrs were not transferred (see previous errors) (code 23) at main.c(1179) [sender=3.1.2]
Copying Rh_ano-r3_pbe.gbw to /cluster/home/ambr/projects/zora/row5/calcs_gto_zora_defgrid3
Copying *.xyz to /cluster/home/ambr/projects/zora/row5/calcs_gto_zora_defgrid3
rsync: link_stat "/cluster/work/jobs/3676787/*.xyz" failed: No such file or directory (2)
rsync error: some files/attrs were not transferred (see previous errors) (code 23) at main.c(1179) [sender=3.1.2]

Task and CPU usage stats:
       JobID    JobName  AllocCPUS   NTasks     MinCPU MinCPUTask     AveCPU    Elapsed ExitCode 
------------ ---------- ---------- -------- ---------- ---------- ---------- ---------- -------- 
3676787      Rh_ano-r3+         32                                             02:27:44      0:0 
3676787.bat+      batch         32        1 3-06:04:39          0 3-06:04:39   02:27:44      0:0 
3676787.ext+     extern         32        1   00:00:00          0   00:00:00   02:27:44      0:0 

Memory usage stats:
       JobID     MaxRSS MaxRSSTask     AveRSS MaxPages   MaxPagesTask   AvePages 
------------ ---------- ---------- ---------- -------- -------------- ---------- 
3676787                                                                          
3676787.bat+  22006672K          0  22006672K       78              0          2 
3676787.ext+       126K          0       126K        1              0          1 

Disk usage stats:
       JobID  MaxDiskRead MaxDiskReadTask    AveDiskRead MaxDiskWrite MaxDiskWriteTask   AveDiskWrite 
------------ ------------ --------------- -------------- ------------ ---------------- -------------- 
3676787                                                                                               
3676787.bat+     7223.13M               0       7223.13M     1358.21M                0       1358.21M 
3676787.ext+        0.00M               0          0.00M            0                0              0 

Job 3676787 completed at Thu Dec 2 16:03:17 CET 2021
