Starting job 3676788 on c25-2 at Thu Dec 2 13:35:49 CET 2021

Copying Rh_ano-rcc-vqzp_pbe.out to /cluster/home/ambr/projects/zora/row5/calcs_gto_zora_defgrid3
Copying *.hess to /cluster/home/ambr/projects/zora/row5/calcs_gto_zora_defgrid3
rsync: link_stat "/cluster/work/jobs/3676788/*.hess" failed: No such file or directory (2)
rsync error: some files/attrs were not transferred (see previous errors) (code 23) at main.c(1179) [sender=3.1.2]
Copying Rh_ano-rcc-vqzp_pbe.gbw to /cluster/home/ambr/projects/zora/row5/calcs_gto_zora_defgrid3
Copying *.xyz to /cluster/home/ambr/projects/zora/row5/calcs_gto_zora_defgrid3
rsync: link_stat "/cluster/work/jobs/3676788/*.xyz" failed: No such file or directory (2)
rsync error: some files/attrs were not transferred (see previous errors) (code 23) at main.c(1179) [sender=3.1.2]

Task and CPU usage stats:
       JobID    JobName  AllocCPUS   NTasks     MinCPU MinCPUTask     AveCPU    Elapsed ExitCode 
------------ ---------- ---------- -------- ---------- ---------- ---------- ---------- -------- 
3676788      Rh_ano-rc+         32                                             02:44:40      0:0 
3676788.bat+      batch         32        1 3-15:08:16          0 3-15:08:16   02:44:40      0:0 
3676788.ext+     extern         32        1   00:00:00          0   00:00:00   02:44:41      0:0 

Memory usage stats:
       JobID     MaxRSS MaxRSSTask     AveRSS MaxPages   MaxPagesTask   AvePages 
------------ ---------- ---------- ---------- -------- -------------- ---------- 
3676788                                                                          
3676788.bat+  18436793K          0  18436793K       80              0          2 
3676788.ext+       121K          0       121K        1              0          1 

Disk usage stats:
       JobID  MaxDiskRead MaxDiskReadTask    AveDiskRead MaxDiskWrite MaxDiskWriteTask   AveDiskWrite 
------------ ------------ --------------- -------------- ------------ ---------------- -------------- 
3676788                                                                                               
3676788.bat+     9118.74M               0       9118.74M     1451.30M                0       1451.30M 
3676788.ext+        0.00M               0          0.00M            0                0              0 

Job 3676788 completed at Thu Dec 2 16:20:30 CET 2021
