Starting job 3676790 on c86-10 at Thu Dec 2 13:38:45 CET 2021

Copying Rh_sarc-zora-tzvpp_pbe.out to /cluster/home/ambr/projects/zora/row5/calcs_gto_zora_defgrid3
Copying *.hess to /cluster/home/ambr/projects/zora/row5/calcs_gto_zora_defgrid3
rsync: link_stat "/cluster/work/jobs/3676790/*.hess" failed: No such file or directory (2)
rsync error: some files/attrs were not transferred (see previous errors) (code 23) at main.c(1179) [sender=3.1.2]
Copying Rh_sarc-zora-tzvpp_pbe.gbw to /cluster/home/ambr/projects/zora/row5/calcs_gto_zora_defgrid3
Copying *.xyz to /cluster/home/ambr/projects/zora/row5/calcs_gto_zora_defgrid3
rsync: link_stat "/cluster/work/jobs/3676790/*.xyz" failed: No such file or directory (2)
rsync error: some files/attrs were not transferred (see previous errors) (code 23) at main.c(1179) [sender=3.1.2]

Task and CPU usage stats:
       JobID    JobName  AllocCPUS   NTasks     MinCPU MinCPUTask     AveCPU    Elapsed ExitCode 
------------ ---------- ---------- -------- ---------- ---------- ---------- ---------- -------- 
3676790      Rh_sarc-z+         32                                             00:01:48      0:0 
3676790.bat+      batch         32        1   00:29:47          0   00:29:47   00:01:48      0:0 
3676790.ext+     extern         32        1   00:00:00          0   00:00:00   00:01:48      0:0 

Memory usage stats:
       JobID     MaxRSS MaxRSSTask     AveRSS MaxPages   MaxPagesTask   AvePages 
------------ ---------- ---------- ---------- -------- -------------- ---------- 
3676790                                                                          
3676790.bat+  10262872K          0  10262872K        8              0          8 
3676790.ext+       118K          0       118K        1              0          1 

Disk usage stats:
       JobID  MaxDiskRead MaxDiskReadTask    AveDiskRead MaxDiskWrite MaxDiskWriteTask   AveDiskWrite 
------------ ------------ --------------- -------------- ------------ ---------------- -------------- 
3676790                                                                                               
3676790.bat+     8029.90M               0       8029.90M     1238.50M                0       1238.50M 
3676790.ext+        0.00M               0          0.00M            0                0              0 

Job 3676790 completed at Thu Dec 2 13:40:32 CET 2021
