Starting job 3676789 on c62-9 at Thu Dec 2 13:37:59 CET 2021

Copying Rh_ugbs_pbe.out to /cluster/home/ambr/projects/zora/row5/calcs_gto_zora_defgrid3
Copying *.hess to /cluster/home/ambr/projects/zora/row5/calcs_gto_zora_defgrid3
rsync: link_stat "/cluster/work/jobs/3676789/*.hess" failed: No such file or directory (2)
rsync error: some files/attrs were not transferred (see previous errors) (code 23) at main.c(1179) [sender=3.1.2]
Copying Rh_ugbs_pbe.gbw to /cluster/home/ambr/projects/zora/row5/calcs_gto_zora_defgrid3
Copying *.xyz to /cluster/home/ambr/projects/zora/row5/calcs_gto_zora_defgrid3
rsync: link_stat "/cluster/work/jobs/3676789/*.xyz" failed: No such file or directory (2)
rsync error: some files/attrs were not transferred (see previous errors) (code 23) at main.c(1179) [sender=3.1.2]

Task and CPU usage stats:
       JobID    JobName  AllocCPUS   NTasks     MinCPU MinCPUTask     AveCPU    Elapsed ExitCode 
------------ ---------- ---------- -------- ---------- ---------- ---------- ---------- -------- 
3676789      Rh_ugbs_p+         32                                             00:01:34      0:0 
3676789.bat+      batch         32        1   00:20:11          0   00:20:11   00:01:34      0:0 
3676789.ext+     extern         32        1   00:00:00          0   00:00:00   00:01:34      0:0 

Memory usage stats:
       JobID     MaxRSS MaxRSSTask     AveRSS MaxPages   MaxPagesTask   AvePages 
------------ ---------- ---------- ---------- -------- -------------- ---------- 
3676789                                                                          
3676789.bat+  10349816K          0  10349816K        8              0          8 
3676789.ext+       114K          0       114K        1              0          1 

Disk usage stats:
       JobID  MaxDiskRead MaxDiskReadTask    AveDiskRead MaxDiskWrite MaxDiskWriteTask   AveDiskWrite 
------------ ------------ --------------- -------------- ------------ ---------------- -------------- 
3676789                                                                                               
3676789.bat+    11994.51M               0      11994.51M     1595.03M                0       1595.03M 
3676789.ext+        0.00M               0          0.00M            0                0              0 

Job 3676789 completed at Thu Dec 2 13:39:34 CET 2021
