Starting job 3676752 on c10-11 at Thu Dec 2 12:45:43 CET 2021

Copying Sr_ano-r3_pbe.out to /cluster/home/ambr/projects/zora/row5/calcs_gto_zora_defgrid3
Copying *.hess to /cluster/home/ambr/projects/zora/row5/calcs_gto_zora_defgrid3
rsync: link_stat "/cluster/work/jobs/3676752/*.hess" failed: No such file or directory (2)
rsync error: some files/attrs were not transferred (see previous errors) (code 23) at main.c(1179) [sender=3.1.2]
Copying Sr_ano-r3_pbe.gbw to /cluster/home/ambr/projects/zora/row5/calcs_gto_zora_defgrid3
Copying *.xyz to /cluster/home/ambr/projects/zora/row5/calcs_gto_zora_defgrid3
rsync: link_stat "/cluster/work/jobs/3676752/*.xyz" failed: No such file or directory (2)
rsync error: some files/attrs were not transferred (see previous errors) (code 23) at main.c(1179) [sender=3.1.2]

Task and CPU usage stats:
       JobID    JobName  AllocCPUS   NTasks     MinCPU MinCPUTask     AveCPU    Elapsed ExitCode 
------------ ---------- ---------- -------- ---------- ---------- ---------- ---------- -------- 
3676752      Sr_ano-r3+         32                                             00:05:25      0:0 
3676752.bat+      batch         32        1   02:17:20          0   02:17:20   00:05:25      0:0 
3676752.ext+     extern         32        1   00:00:00          0   00:00:00   00:05:25      0:0 

Memory usage stats:
       JobID     MaxRSS MaxRSSTask     AveRSS MaxPages   MaxPagesTask   AvePages 
------------ ---------- ---------- ---------- -------- -------------- ---------- 
3676752                                                                          
3676752.bat+  19789936K          0  19789936K       76              0          8 
3676752.ext+       118K          0       118K        1              0          1 

Disk usage stats:
       JobID  MaxDiskRead MaxDiskReadTask    AveDiskRead MaxDiskWrite MaxDiskWriteTask   AveDiskWrite 
------------ ------------ --------------- -------------- ------------ ---------------- -------------- 
3676752                                                                                               
3676752.bat+     1921.39M               0       1921.39M      989.98M                0        989.98M 
3676752.ext+        0.00M               0          0.00M            0                0              0 

Job 3676752 completed at Thu Dec 2 12:51:08 CET 2021
