Starting job 3676753 on c52-7 at Thu Dec 2 12:46:43 CET 2021

Copying Sr_ano-rcc-vqzp_pbe.out to /cluster/home/ambr/projects/zora/row5/calcs_gto_zora_defgrid3
Copying *.hess to /cluster/home/ambr/projects/zora/row5/calcs_gto_zora_defgrid3
rsync: link_stat "/cluster/work/jobs/3676753/*.hess" failed: No such file or directory (2)
rsync error: some files/attrs were not transferred (see previous errors) (code 23) at main.c(1179) [sender=3.1.2]
Copying Sr_ano-rcc-vqzp_pbe.gbw to /cluster/home/ambr/projects/zora/row5/calcs_gto_zora_defgrid3
Copying *.xyz to /cluster/home/ambr/projects/zora/row5/calcs_gto_zora_defgrid3
rsync: link_stat "/cluster/work/jobs/3676753/*.xyz" failed: No such file or directory (2)
rsync error: some files/attrs were not transferred (see previous errors) (code 23) at main.c(1179) [sender=3.1.2]

Task and CPU usage stats:
       JobID    JobName  AllocCPUS   NTasks     MinCPU MinCPUTask     AveCPU    Elapsed ExitCode 
------------ ---------- ---------- -------- ---------- ---------- ---------- ---------- -------- 
3676753      Sr_ano-rc+         32                                             00:05:45      0:0 
3676753.bat+      batch         32        1   02:35:38          0   02:35:38   00:05:45      0:0 
3676753.ext+     extern         32        1   00:00:00          0   00:00:00   00:05:45      0:0 

Memory usage stats:
       JobID     MaxRSS MaxRSSTask     AveRSS MaxPages   MaxPagesTask   AvePages 
------------ ---------- ---------- ---------- -------- -------------- ---------- 
3676753                                                                          
3676753.bat+  21670673K          0  21670673K       78              0          8 
3676753.ext+       114K          0       114K        1              0          1 

Disk usage stats:
       JobID  MaxDiskRead MaxDiskReadTask    AveDiskRead MaxDiskWrite MaxDiskWriteTask   AveDiskWrite 
------------ ------------ --------------- -------------- ------------ ---------------- -------------- 
3676753                                                                                               
3676753.bat+     1853.61M               0       1853.61M      947.50M                0        947.50M 
3676753.ext+        0.00M               0          0.00M            0                0              0 

Job 3676753 completed at Thu Dec 2 12:52:28 CET 2021
