Starting job 3677089 on c3-8 at Thu Dec 2 17:30:41 CET 2021

Copying Sr_sarc-zora-tzvpp_pbe.out to /cluster/home/ambr/projects/zora/row5/calcs_gto_zora_defgrid3
Copying *.hess to /cluster/home/ambr/projects/zora/row5/calcs_gto_zora_defgrid3
rsync: link_stat "/cluster/work/jobs/3677089/*.hess" failed: No such file or directory (2)
rsync error: some files/attrs were not transferred (see previous errors) (code 23) at main.c(1179) [sender=3.1.2]
Copying Sr_sarc-zora-tzvpp_pbe.gbw to /cluster/home/ambr/projects/zora/row5/calcs_gto_zora_defgrid3
Copying *.xyz to /cluster/home/ambr/projects/zora/row5/calcs_gto_zora_defgrid3
rsync: link_stat "/cluster/work/jobs/3677089/*.xyz" failed: No such file or directory (2)
rsync error: some files/attrs were not transferred (see previous errors) (code 23) at main.c(1179) [sender=3.1.2]

Task and CPU usage stats:
       JobID    JobName  AllocCPUS   NTasks     MinCPU MinCPUTask     AveCPU    Elapsed ExitCode 
------------ ---------- ---------- -------- ---------- ---------- ---------- ---------- -------- 
3677089      Sr_sarc-z+         32                                             00:00:32      0:0 
3677089.bat+      batch         32        1   00:00:20          0   00:00:20   00:00:32      0:0 
3677089.ext+     extern         32        1   00:00:00          0   00:00:00   00:00:32      0:0 

Memory usage stats:
       JobID     MaxRSS MaxRSSTask     AveRSS MaxPages   MaxPagesTask   AvePages 
------------ ---------- ---------- ---------- -------- -------------- ---------- 
3677089                                                                          
3677089.bat+   9771296K          0   9771296K        8              0          8 
3677089.ext+       137K          0       137K        6              0          6 

Disk usage stats:
       JobID  MaxDiskRead MaxDiskReadTask    AveDiskRead MaxDiskWrite MaxDiskWriteTask   AveDiskWrite 
------------ ------------ --------------- -------------- ------------ ---------------- -------------- 
3677089                                                                                               
3677089.bat+     2172.66M               0       2172.66M     1167.97M                0       1167.97M 
3677089.ext+        0.00M               0          0.00M            0                0              0 

Job 3677089 completed at Thu Dec 2 17:31:13 CET 2021
