Starting job 3676754 on c62-8 at Thu Dec 2 12:47:45 CET 2021

Copying Sr_ugbs_pbe.out to /cluster/home/ambr/projects/zora/row5/calcs_gto_zora_defgrid3
Copying *.hess to /cluster/home/ambr/projects/zora/row5/calcs_gto_zora_defgrid3
rsync: link_stat "/cluster/work/jobs/3676754/*.hess" failed: No such file or directory (2)
rsync error: some files/attrs were not transferred (see previous errors) (code 23) at main.c(1179) [sender=3.1.2]
Copying Sr_ugbs_pbe.gbw to /cluster/home/ambr/projects/zora/row5/calcs_gto_zora_defgrid3
Copying *.xyz to /cluster/home/ambr/projects/zora/row5/calcs_gto_zora_defgrid3
rsync: link_stat "/cluster/work/jobs/3676754/*.xyz" failed: No such file or directory (2)
rsync error: some files/attrs were not transferred (see previous errors) (code 23) at main.c(1179) [sender=3.1.2]

Task and CPU usage stats:
       JobID    JobName  AllocCPUS   NTasks     MinCPU MinCPUTask     AveCPU    Elapsed ExitCode 
------------ ---------- ---------- -------- ---------- ---------- ---------- ---------- -------- 
3676754      Sr_ugbs_p+         32                                             00:00:48      0:0 
3676754.bat+      batch         32        1   00:01:43          0   00:01:43   00:00:48      0:0 
3676754.ext+     extern         32        1   00:00:00          0   00:00:00   00:00:48      0:0 

Memory usage stats:
       JobID     MaxRSS MaxRSSTask     AveRSS MaxPages   MaxPagesTask   AvePages 
------------ ---------- ---------- ---------- -------- -------------- ---------- 
3676754                                                                          
3676754.bat+  10515447K          0  10515447K        8              0          8 
3676754.ext+       114K          0       114K        1              0          1 

Disk usage stats:
       JobID  MaxDiskRead MaxDiskReadTask    AveDiskRead MaxDiskWrite MaxDiskWriteTask   AveDiskWrite 
------------ ------------ --------------- -------------- ------------ ---------------- -------------- 
3676754                                                                                               
3676754.bat+      353.89M               0        353.89M      806.01M                0        806.01M 
3676754.ext+        0.00M               0          0.00M            0                0              0 

Job 3676754 completed at Thu Dec 2 12:48:32 CET 2021
