Starting job 3676777 on c86-2 at Thu Dec 2 13:22:03 CET 2021

Copying Tc_ano-r3_pbe.out to /cluster/home/ambr/projects/zora/row5/calcs_gto_zora_defgrid3
Copying *.hess to /cluster/home/ambr/projects/zora/row5/calcs_gto_zora_defgrid3
rsync: link_stat "/cluster/work/jobs/3676777/*.hess" failed: No such file or directory (2)
rsync error: some files/attrs were not transferred (see previous errors) (code 23) at main.c(1179) [sender=3.1.2]
Copying Tc_ano-r3_pbe.gbw to /cluster/home/ambr/projects/zora/row5/calcs_gto_zora_defgrid3
Copying *.xyz to /cluster/home/ambr/projects/zora/row5/calcs_gto_zora_defgrid3
rsync: link_stat "/cluster/work/jobs/3676777/*.xyz" failed: No such file or directory (2)
rsync error: some files/attrs were not transferred (see previous errors) (code 23) at main.c(1179) [sender=3.1.2]

Task and CPU usage stats:
       JobID    JobName  AllocCPUS   NTasks     MinCPU MinCPUTask     AveCPU    Elapsed ExitCode 
------------ ---------- ---------- -------- ---------- ---------- ---------- ---------- -------- 
3676777      Tc_ano-r3+         32                                             06:30:42      0:0 
3676777.bat+      batch         32        1 8-15:41:17          0 8-15:41:17   06:30:42      0:0 
3676777.ext+     extern         32        1   00:00:00          0   00:00:00   06:30:42      0:0 

Memory usage stats:
       JobID     MaxRSS MaxRSSTask     AveRSS MaxPages   MaxPagesTask   AvePages 
------------ ---------- ---------- ---------- -------- -------------- ---------- 
3676777                                                                          
3676777.bat+  21891371K          0  21891371K       77              0          9 
3676777.ext+       118K          0       118K        1              0          1 

Disk usage stats:
       JobID  MaxDiskRead MaxDiskReadTask    AveDiskRead MaxDiskWrite MaxDiskWriteTask   AveDiskWrite 
------------ ------------ --------------- -------------- ------------ ---------------- -------------- 
3676777                                                                                               
3676777.bat+    20571.68M               0      20571.68M     2091.66M                0       2091.66M 
3676777.ext+        0.00M               0          0.00M            0                0              0 

Job 3676777 completed at Thu Dec 2 19:52:45 CET 2021
