Starting job 3676822 on c37-4 at Thu Dec 2 14:44:10 CET 2021

Copying Te_ano-r3_pbe.out to /cluster/home/ambr/projects/zora/row5/calcs_gto_zora_defgrid3
Copying *.hess to /cluster/home/ambr/projects/zora/row5/calcs_gto_zora_defgrid3
rsync: link_stat "/cluster/work/jobs/3676822/*.hess" failed: No such file or directory (2)
rsync error: some files/attrs were not transferred (see previous errors) (code 23) at main.c(1179) [sender=3.1.2]
Copying Te_ano-r3_pbe.gbw to /cluster/home/ambr/projects/zora/row5/calcs_gto_zora_defgrid3
Copying *.xyz to /cluster/home/ambr/projects/zora/row5/calcs_gto_zora_defgrid3
rsync: link_stat "/cluster/work/jobs/3676822/*.xyz" failed: No such file or directory (2)
rsync error: some files/attrs were not transferred (see previous errors) (code 23) at main.c(1179) [sender=3.1.2]

Task and CPU usage stats:
       JobID    JobName  AllocCPUS   NTasks     MinCPU MinCPUTask     AveCPU    Elapsed ExitCode 
------------ ---------- ---------- -------- ---------- ---------- ---------- ---------- -------- 
3676822      Te_ano-r3+         32                                             00:57:17      0:0 
3676822.bat+      batch         32        1 1-05:53:50          0 1-05:53:50   00:57:17      0:0 
3676822.ext+     extern         32        1   00:00:00          0   00:00:00   00:57:17      0:0 

Memory usage stats:
       JobID     MaxRSS MaxRSSTask     AveRSS MaxPages   MaxPagesTask   AvePages 
------------ ---------- ---------- ---------- -------- -------------- ---------- 
3676822                                                                          
3676822.bat+  21899407K          0  21899407K       79              0         10 
3676822.ext+       118K          0       118K        1              0          1 

Disk usage stats:
       JobID  MaxDiskRead MaxDiskReadTask    AveDiskRead MaxDiskWrite MaxDiskWriteTask   AveDiskWrite 
------------ ------------ --------------- -------------- ------------ ---------------- -------------- 
3676822                                                                                               
3676822.bat+     1712.57M               0       1712.57M     1104.04M                0       1104.04M 
3676822.ext+        0.00M               0          0.00M            0                0              0 

Job 3676822 completed at Thu Dec 2 15:41:27 CET 2021
