Starting job 3676835 on c83-5 at Thu Dec 2 14:59:21 CET 2021

Copying Xe_sarc-zora-tzvpp_pbe.out to /cluster/home/ambr/projects/zora/row5/calcs_gto_zora_defgrid3
Copying *.hess to /cluster/home/ambr/projects/zora/row5/calcs_gto_zora_defgrid3
rsync: link_stat "/cluster/work/jobs/3676835/*.hess" failed: No such file or directory (2)
rsync error: some files/attrs were not transferred (see previous errors) (code 23) at main.c(1179) [sender=3.1.2]
Copying Xe_sarc-zora-tzvpp_pbe.gbw to /cluster/home/ambr/projects/zora/row5/calcs_gto_zora_defgrid3
Copying *.xyz to /cluster/home/ambr/projects/zora/row5/calcs_gto_zora_defgrid3
rsync: link_stat "/cluster/work/jobs/3676835/*.xyz" failed: No such file or directory (2)
rsync error: some files/attrs were not transferred (see previous errors) (code 23) at main.c(1179) [sender=3.1.2]

Task and CPU usage stats:
       JobID    JobName  AllocCPUS   NTasks     MinCPU MinCPUTask     AveCPU    Elapsed ExitCode 
------------ ---------- ---------- -------- ---------- ---------- ---------- ---------- -------- 
3676835      Xe_sarc-z+         32                                             00:00:47      0:0 
3676835.bat+      batch         32        1   00:06:11          0   00:06:11   00:00:47      0:0 
3676835.ext+     extern         32        1   00:00:00          0   00:00:00   00:00:47      0:0 

Memory usage stats:
       JobID     MaxRSS MaxRSSTask     AveRSS MaxPages   MaxPagesTask   AvePages 
------------ ---------- ---------- ---------- -------- -------------- ---------- 
3676835                                                                          
3676835.bat+  10145281K          0  10145281K        8              0          8 
3676835.ext+       114K          0       114K        1              0          1 

Disk usage stats:
       JobID  MaxDiskRead MaxDiskReadTask    AveDiskRead MaxDiskWrite MaxDiskWriteTask   AveDiskWrite 
------------ ------------ --------------- -------------- ------------ ---------------- -------------- 
3676835                                                                                               
3676835.bat+     1834.01M               0       1834.01M      890.70M                0        890.70M 
3676835.ext+        0.00M               0          0.00M            0                0              0 

Job 3676835 completed at Thu Dec 2 15:00:09 CET 2021
