Starting job 3676758 on c62-8 at Thu Dec 2 12:49:40 CET 2021

Copying Y_ano-rcc-vqzp_pbe.out to /cluster/home/ambr/projects/zora/row5/calcs_gto_zora_defgrid3
Copying *.hess to /cluster/home/ambr/projects/zora/row5/calcs_gto_zora_defgrid3
rsync: link_stat "/cluster/work/jobs/3676758/*.hess" failed: No such file or directory (2)
rsync error: some files/attrs were not transferred (see previous errors) (code 23) at main.c(1179) [sender=3.1.2]
Copying Y_ano-rcc-vqzp_pbe.gbw to /cluster/home/ambr/projects/zora/row5/calcs_gto_zora_defgrid3
Copying *.xyz to /cluster/home/ambr/projects/zora/row5/calcs_gto_zora_defgrid3
rsync: link_stat "/cluster/work/jobs/3676758/*.xyz" failed: No such file or directory (2)
rsync error: some files/attrs were not transferred (see previous errors) (code 23) at main.c(1179) [sender=3.1.2]

Task and CPU usage stats:
       JobID    JobName  AllocCPUS   NTasks     MinCPU MinCPUTask     AveCPU    Elapsed ExitCode 
------------ ---------- ---------- -------- ---------- ---------- ---------- ---------- -------- 
3676758      Y_ano-rcc+         32                                             01:06:33      0:0 
3676758.bat+      batch         32        1 1-10:45:04          0 1-10:45:04   01:06:33      0:0 
3676758.ext+     extern         32        1   00:00:00          0   00:00:00   01:06:33      0:0 

Memory usage stats:
       JobID     MaxRSS MaxRSSTask     AveRSS MaxPages   MaxPagesTask   AvePages 
------------ ---------- ---------- ---------- -------- -------------- ---------- 
3676758                                                                          
3676758.bat+  18355603K          0  18355603K       81              0          8 
3676758.ext+       118K          0       118K        1              0          1 

Disk usage stats:
       JobID  MaxDiskRead MaxDiskReadTask    AveDiskRead MaxDiskWrite MaxDiskWriteTask   AveDiskWrite 
------------ ------------ --------------- -------------- ------------ ---------------- -------------- 
3676758                                                                                               
3676758.bat+     4398.15M               0       4398.15M     1430.95M                0       1430.95M 
3676758.ext+        0.00M               0          0.00M            0                0              0 

Job 3676758 completed at Thu Dec 2 13:56:13 CET 2021
