Starting job 3676760 on c37-9 at Thu Dec 2 12:50:47 CET 2021

Copying Y_sarc-zora-tzvpp_pbe.out to /cluster/home/ambr/projects/zora/row5/calcs_gto_zora_defgrid3
Copying *.hess to /cluster/home/ambr/projects/zora/row5/calcs_gto_zora_defgrid3
rsync: link_stat "/cluster/work/jobs/3676760/*.hess" failed: No such file or directory (2)
rsync error: some files/attrs were not transferred (see previous errors) (code 23) at main.c(1179) [sender=3.1.2]
Copying Y_sarc-zora-tzvpp_pbe.gbw to /cluster/home/ambr/projects/zora/row5/calcs_gto_zora_defgrid3
Copying *.xyz to /cluster/home/ambr/projects/zora/row5/calcs_gto_zora_defgrid3
rsync: link_stat "/cluster/work/jobs/3676760/*.xyz" failed: No such file or directory (2)
rsync error: some files/attrs were not transferred (see previous errors) (code 23) at main.c(1179) [sender=3.1.2]

Task and CPU usage stats:
       JobID    JobName  AllocCPUS   NTasks     MinCPU MinCPUTask     AveCPU    Elapsed ExitCode 
------------ ---------- ---------- -------- ---------- ---------- ---------- ---------- -------- 
3676760      Y_sarc-zo+         32                                             00:01:02      0:0 
3676760.bat+      batch         32        1   00:02:02          0   00:02:02   00:01:02      0:0 
3676760.ext+     extern         32        1   00:00:00          0   00:00:00   00:01:02      0:0 

Memory usage stats:
       JobID     MaxRSS MaxRSSTask     AveRSS MaxPages   MaxPagesTask   AvePages 
------------ ---------- ---------- ---------- -------- -------------- ---------- 
3676760                                                                          
3676760.bat+  10319723K          0  10319723K       12              0          8 
3676760.ext+       114K          0       114K        1              0          1 

Disk usage stats:
       JobID  MaxDiskRead MaxDiskReadTask    AveDiskRead MaxDiskWrite MaxDiskWriteTask   AveDiskWrite 
------------ ------------ --------------- -------------- ------------ ---------------- -------------- 
3676760                                                                                               
3676760.bat+     3198.04M               0       3198.04M     1226.94M                0       1226.94M 
3676760.ext+        0.00M               0          0.00M            0                0              0 

Job 3676760 completed at Thu Dec 2 12:51:50 CET 2021
