Starting job 3676759 on c37-9 at Thu Dec 2 12:49:58 CET 2021

Copying Y_ugbs_pbe.out to /cluster/home/ambr/projects/zora/row5/calcs_gto_zora_defgrid3
Copying *.hess to /cluster/home/ambr/projects/zora/row5/calcs_gto_zora_defgrid3
rsync: link_stat "/cluster/work/jobs/3676759/*.hess" failed: No such file or directory (2)
rsync error: some files/attrs were not transferred (see previous errors) (code 23) at main.c(1179) [sender=3.1.2]
Copying Y_ugbs_pbe.gbw to /cluster/home/ambr/projects/zora/row5/calcs_gto_zora_defgrid3
Copying *.xyz to /cluster/home/ambr/projects/zora/row5/calcs_gto_zora_defgrid3
rsync: link_stat "/cluster/work/jobs/3676759/*.xyz" failed: No such file or directory (2)
rsync error: some files/attrs were not transferred (see previous errors) (code 23) at main.c(1179) [sender=3.1.2]

Task and CPU usage stats:
       JobID    JobName  AllocCPUS   NTasks     MinCPU MinCPUTask     AveCPU    Elapsed ExitCode 
------------ ---------- ---------- -------- ---------- ---------- ---------- ---------- -------- 
3676759      Y_ugbs_pbe         32                                             00:00:46      0:0 
3676759.bat+      batch         32        1   00:02:23          0   00:02:23   00:00:46      0:0 
3676759.ext+     extern         32        1   00:00:00          0   00:00:00   00:00:46      0:0 

Memory usage stats:
       JobID     MaxRSS MaxRSSTask     AveRSS MaxPages   MaxPagesTask   AvePages 
------------ ---------- ---------- ---------- -------- -------------- ---------- 
3676759                                                                          
3676759.bat+  10565202K          0  10565202K        8              0          8 
3676759.ext+       114K          0       114K        1              0          1 

Disk usage stats:
       JobID  MaxDiskRead MaxDiskReadTask    AveDiskRead MaxDiskWrite MaxDiskWriteTask   AveDiskWrite 
------------ ------------ --------------- -------------- ------------ ---------------- -------------- 
3676759                                                                                               
3676759.bat+      365.13M               0        365.13M      808.10M                0        808.10M 
3676759.ext+        0.00M               0          0.00M            0                0              0 

Job 3676759 completed at Thu Dec 2 12:50:44 CET 2021
Starting job 3676973 on c36-12 at Thu Dec 2 15:12:03 CET 2021

Copying Y_ugbs_pbe.out to /cluster/home/ambr/projects/zora/row5/calcs_gto_zora_defgrid3
Copying *.hess to /cluster/home/ambr/projects/zora/row5/calcs_gto_zora_defgrid3
rsync: link_stat "/cluster/work/jobs/3676973/*.hess" failed: No such file or directory (2)
rsync error: some files/attrs were not transferred (see previous errors) (code 23) at main.c(1179) [sender=3.1.2]
Copying Y_ugbs_pbe.gbw to /cluster/home/ambr/projects/zora/row5/calcs_gto_zora_defgrid3
Copying *.xyz to /cluster/home/ambr/projects/zora/row5/calcs_gto_zora_defgrid3
rsync: link_stat "/cluster/work/jobs/3676973/*.xyz" failed: No such file or directory (2)
rsync error: some files/attrs were not transferred (see previous errors) (code 23) at main.c(1179) [sender=3.1.2]

Task and CPU usage stats:
       JobID    JobName  AllocCPUS   NTasks     MinCPU MinCPUTask     AveCPU    Elapsed ExitCode 
------------ ---------- ---------- -------- ---------- ---------- ---------- ---------- -------- 
3676973      Y_ugbs_pbe         32                                             00:00:52      0:0 
3676973.bat+      batch         32        1   00:05:56          0   00:05:56   00:00:52      0:0 
3676973.ext+     extern         32        1   00:00:00          0   00:00:00   00:00:52      0:0 

Memory usage stats:
       JobID     MaxRSS MaxRSSTask     AveRSS MaxPages   MaxPagesTask   AvePages 
------------ ---------- ---------- ---------- -------- -------------- ---------- 
3676973                                                                          
3676973.bat+  10349089K          0  10349089K        8              0          8 
3676973.ext+       118K          0       118K        1              0          1 

Disk usage stats:
       JobID  MaxDiskRead MaxDiskReadTask    AveDiskRead MaxDiskWrite MaxDiskWriteTask   AveDiskWrite 
------------ ------------ --------------- -------------- ------------ ---------------- -------------- 
3676973                                                                                               
3676973.bat+     3622.96M               0       3622.96M      989.15M                0        989.15M 
3676973.ext+        0.00M               0          0.00M            0                0              0 

Job 3676973 completed at Thu Dec 2 15:12:55 CET 2021
