Starting job 3676766 on c10-11 at Thu Dec 2 12:57:14 CET 2021

Copying Zr_sapporo-qzp-2012-diffuse_pbe.out to /cluster/home/ambr/projects/zora/row5/calcs_gto_zora_defgrid3
Copying *.hess to /cluster/home/ambr/projects/zora/row5/calcs_gto_zora_defgrid3
rsync: link_stat "/cluster/work/jobs/3676766/*.hess" failed: No such file or directory (2)
rsync error: some files/attrs were not transferred (see previous errors) (code 23) at main.c(1179) [sender=3.1.2]
Copying Zr_sapporo-qzp-2012-diffuse_pbe.gbw to /cluster/home/ambr/projects/zora/row5/calcs_gto_zora_defgrid3
Copying *.xyz to /cluster/home/ambr/projects/zora/row5/calcs_gto_zora_defgrid3
rsync: link_stat "/cluster/work/jobs/3676766/*.xyz" failed: No such file or directory (2)
rsync error: some files/attrs were not transferred (see previous errors) (code 23) at main.c(1179) [sender=3.1.2]

Task and CPU usage stats:
       JobID    JobName  AllocCPUS   NTasks     MinCPU MinCPUTask     AveCPU    Elapsed ExitCode 
------------ ---------- ---------- -------- ---------- ---------- ---------- ---------- -------- 
3676766      Zr_sappor+         32                                             00:02:27      0:0 
3676766.bat+      batch         32        1   00:30:35          0   00:30:35   00:02:27      0:0 
3676766.ext+     extern         32        1   00:00:00          0   00:00:00   00:02:27      0:0 

Memory usage stats:
       JobID     MaxRSS MaxRSSTask     AveRSS MaxPages   MaxPagesTask   AvePages 
------------ ---------- ---------- ---------- -------- -------------- ---------- 
3676766                                                                          
3676766.bat+  10427046K          0  10427046K       27              0          8 
3676766.ext+       127K          0       127K        1              0          1 

Disk usage stats:
       JobID  MaxDiskRead MaxDiskReadTask    AveDiskRead MaxDiskWrite MaxDiskWriteTask   AveDiskWrite 
------------ ------------ --------------- -------------- ------------ ---------------- -------------- 
3676766                                                                                               
3676766.bat+     5326.68M               0       5326.68M     1101.73M                0       1101.73M 
3676766.ext+        0.00M               0          0.00M            0                0              0 

Job 3676766 completed at Thu Dec 2 12:59:41 CET 2021
