Starting job 3676765 on c59-11 at Thu Dec 2 12:56:21 CET 2021

Copying Zr_sarc-zora-tzvpp_pbe.out to /cluster/home/ambr/projects/zora/row5/calcs_gto_zora_defgrid3
Copying *.hess to /cluster/home/ambr/projects/zora/row5/calcs_gto_zora_defgrid3
rsync: link_stat "/cluster/work/jobs/3676765/*.hess" failed: No such file or directory (2)
rsync error: some files/attrs were not transferred (see previous errors) (code 23) at main.c(1179) [sender=3.1.2]
Copying Zr_sarc-zora-tzvpp_pbe.gbw to /cluster/home/ambr/projects/zora/row5/calcs_gto_zora_defgrid3
Copying *.xyz to /cluster/home/ambr/projects/zora/row5/calcs_gto_zora_defgrid3
rsync: link_stat "/cluster/work/jobs/3676765/*.xyz" failed: No such file or directory (2)
rsync error: some files/attrs were not transferred (see previous errors) (code 23) at main.c(1179) [sender=3.1.2]

Task and CPU usage stats:
       JobID    JobName  AllocCPUS   NTasks     MinCPU MinCPUTask     AveCPU    Elapsed ExitCode 
------------ ---------- ---------- -------- ---------- ---------- ---------- ---------- -------- 
3676765      Zr_sarc-z+         32                                             00:01:39      0:0 
3676765.bat+      batch         32        1   00:08:13          0   00:08:13   00:01:39      0:0 
3676765.ext+     extern         32        1   00:00:00          0   00:00:00   00:01:39      0:0 

Memory usage stats:
       JobID     MaxRSS MaxRSSTask     AveRSS MaxPages   MaxPagesTask   AvePages 
------------ ---------- ---------- ---------- -------- -------------- ---------- 
3676765                                                                          
3676765.bat+  10218572K          0  10218572K       10              0          8 
3676765.ext+       125K          0       125K        0              0          0 

Disk usage stats:
       JobID  MaxDiskRead MaxDiskReadTask    AveDiskRead MaxDiskWrite MaxDiskWriteTask   AveDiskWrite 
------------ ------------ --------------- -------------- ------------ ---------------- -------------- 
3676765                                                                                               
3676765.bat+     4568.28M               0       4568.28M     1043.71M                0       1043.71M 
3676765.ext+        0.00M               0          0.00M            0                0              0 

Job 3676765 completed at Thu Dec 2 12:58:00 CET 2021
