Starting job 4431997 on c3-[29-35,48,50-55] at Fri Nov 19 12:01:48 CET 2021

Copying Ag_pbe.out to /cluster/home/ambr/projects/zora/row5/calcs_zora
Copying Ag_pbe.json to /cluster/home/ambr/projects/zora/row5/calcs_zora

Task and CPU usage stats:
       JobID    JobName  AllocCPUS   NTasks     MinCPU MinCPUTask     AveCPU    Elapsed ExitCode 
------------ ---------- ---------- -------- ---------- ---------- ---------- ---------- -------- 
4431997          Ag_pbe        160                                             02:32:50      0:0 
4431997.bat+      batch          4        1   00:00:08          0   00:00:08   02:32:50      0:0 
4431997.ext+     extern        160       14   00:00:00         12   00:00:00   02:32:50      0:0 
4431997.0      mrchem.x        160       40   02:31:38         39   05:22:29   02:32:10      0:0 

Memory usage stats:
       JobID     MaxRSS MaxRSSTask     AveRSS MaxPages   MaxPagesTask   AvePages 
------------ ---------- ---------- ---------- -------- -------------- ---------- 
4431997                                                                          
4431997.bat+     12580K          0     12580K        0              0          0 
4431997.ext+          0         12          0        0             12          0 
4431997.0     46373364K         39 17075738.+        0              2          0 

Disk usage stats:
       JobID  MaxDiskRead MaxDiskReadTask    AveDiskRead MaxDiskWrite MaxDiskWriteTask   AveDiskWrite 
------------ ------------ --------------- -------------- ------------ ---------------- -------------- 
4431997                                                                                               
4431997.bat+     6608.40M               0       6608.40M     6593.35M                0       6593.35M 
4431997.ext+        0.00M              12          0.00M            0               12              0 
4431997.0         311.31M               0        166.67M      361.04M                4        120.57M 

Job 4431997 completed at Fri Nov 19 14:34:39 CET 2021
