Starting job 4431998 on c3-[43-48,50-51] at Fri Nov 19 13:04:04 CET 2021

Copying Cd_pbe.out to /cluster/home/ambr/projects/zora/row5/calcs_zora
Copying Cd_pbe.json to /cluster/home/ambr/projects/zora/row5/calcs_zora

Task and CPU usage stats:
       JobID    JobName  AllocCPUS   NTasks     MinCPU MinCPUTask     AveCPU    Elapsed ExitCode 
------------ ---------- ---------- -------- ---------- ---------- ---------- ---------- -------- 
4431998          Cd_pbe        160                                             02:27:24      0:0 
4431998.bat+      batch          4        1   00:00:08          0   00:00:08   02:27:24      0:0 
4431998.ext+     extern        160        8   00:00:00          6   00:00:00   02:27:24      0:0 
4431998.0      mrchem.x        160       40   02:25:46         39   05:11:52   02:26:17      0:0 

Memory usage stats:
       JobID     MaxRSS MaxRSSTask     AveRSS MaxPages   MaxPagesTask   AvePages 
------------ ---------- ---------- ---------- -------- -------------- ---------- 
4431998                                                                          
4431998.bat+     12216K          0     12216K        0              0          0 
4431998.ext+          0          6          0        0              6          0 
4431998.0     45944928K         39 173886343+        0             32          0 

Disk usage stats:
       JobID  MaxDiskRead MaxDiskReadTask    AveDiskRead MaxDiskWrite MaxDiskWriteTask   AveDiskWrite 
------------ ------------ --------------- -------------- ------------ ---------------- -------------- 
4431998                                                                                               
4431998.bat+     6824.92M               0       6824.92M     6808.51M                0       6808.51M 
4431998.ext+        0.00M               6          0.00M            0                6              0 
4431998.0         319.90M               9        172.04M      352.45M                2        147.00M 

Job 4431998 completed at Fri Nov 19 15:31:28 CET 2021
