Starting job 4432002 on c6-[1,4-7] at Fri Nov 19 14:59:37 CET 2021

Copying I_pbe.out to /cluster/home/ambr/projects/zora/row5/calcs_zora
Copying I_pbe.json to /cluster/home/ambr/projects/zora/row5/calcs_zora

Task and CPU usage stats:
       JobID    JobName  AllocCPUS   NTasks     MinCPU MinCPUTask     AveCPU    Elapsed ExitCode 
------------ ---------- ---------- -------- ---------- ---------- ---------- ---------- -------- 
4432002           I_pbe        160                                             04:01:53      0:0 
4432002.bat+      batch          4        1   00:00:09          0   00:00:09   04:01:53      0:0 
4432002.ext+     extern        160        5   00:00:00          3   00:00:00   04:01:53      0:0 
4432002.0      mrchem.x        160       40   04:00:04         39   08:08:06   04:01:05      0:0 

Memory usage stats:
       JobID     MaxRSS MaxRSSTask     AveRSS MaxPages   MaxPagesTask   AvePages 
------------ ---------- ---------- ---------- -------- -------------- ---------- 
4432002                                                                          
4432002.bat+     12040K          0     12040K        0              0          0 
4432002.ext+          0          3          0        0              3          0 
4432002.0     56760492K         39 211780507+        0              9          0 

Disk usage stats:
       JobID  MaxDiskRead MaxDiskReadTask    AveDiskRead MaxDiskWrite MaxDiskWriteTask   AveDiskWrite 
------------ ------------ --------------- -------------- ------------ ---------------- -------------- 
4432002                                                                                               
4432002.bat+     6943.71M               0       6943.71M     6928.60M                0       6928.60M 
4432002.ext+        0.00M               3          0.00M            0                3              0 
4432002.0         294.79M               0        175.73M      352.45M                3        200.52M 

Job 4432002 completed at Fri Nov 19 19:01:29 CET 2021
