Starting job 4431999 on c3-[34-35,38-43] at Fri Nov 19 14:03:49 CET 2021

Copying In_pbe.out to /cluster/home/ambr/projects/zora/row5/calcs_zora
Copying In_pbe.json to /cluster/home/ambr/projects/zora/row5/calcs_zora

Task and CPU usage stats:
       JobID    JobName  AllocCPUS   NTasks     MinCPU MinCPUTask     AveCPU    Elapsed ExitCode 
------------ ---------- ---------- -------- ---------- ---------- ---------- ---------- -------- 
4431999          In_pbe        160                                             02:35:49      0:0 
4431999.bat+      batch         12        1   00:00:09          0   00:00:09   02:35:49      0:0 
4431999.ext+     extern        160        8   00:00:00          7   00:00:00   02:35:49      0:0 
4431999.0      mrchem.x        160       40   02:34:30         39   05:24:44   02:35:04      0:0 

Memory usage stats:
       JobID     MaxRSS MaxRSSTask     AveRSS MaxPages   MaxPagesTask   AvePages 
------------ ---------- ---------- ---------- -------- -------------- ---------- 
4431999                                                                          
4431999.bat+     12224K          0     12224K        0              0          0 
4431999.ext+          0          7          0        0              7          0 
4431999.0     49182604K         39 183376763+        0             29          0 

Disk usage stats:
       JobID  MaxDiskRead MaxDiskReadTask    AveDiskRead MaxDiskWrite MaxDiskWriteTask   AveDiskWrite 
------------ ------------ --------------- -------------- ------------ ---------------- -------------- 
4431999                                                                                               
4431999.bat+     6763.13M               0       6763.13M     6748.08M                0       6748.08M 
4431999.ext+        0.00M               7          0.00M            0                7              0 
4431999.0         354.29M               0        170.54M      404.27M                0        191.92M 

Job 4431999 completed at Fri Nov 19 16:39:38 CET 2021
