Starting job 4431992 on c6-[4-8] at Fri Nov 19 09:41:46 CET 2021

Copying Mo_pbe.out to /cluster/home/ambr/projects/zora/row5/calcs_zora
Copying Mo_pbe.json to /cluster/home/ambr/projects/zora/row5/calcs_zora

Task and CPU usage stats:
       JobID    JobName  AllocCPUS   NTasks     MinCPU MinCPUTask     AveCPU    Elapsed ExitCode 
------------ ---------- ---------- -------- ---------- ---------- ---------- ---------- -------- 
4431992          Mo_pbe        160                                             02:15:51      0:0 
4431992.bat+      batch         20        1   00:00:07          0   00:00:07   02:15:51      0:0 
4431992.ext+     extern        160        5   00:00:00          2   00:00:00   02:15:51      0:0 
4431992.0      mrchem.x        160       40   02:14:43         39   04:29:44   02:15:15      0:0 

Memory usage stats:
       JobID     MaxRSS MaxRSSTask     AveRSS MaxPages   MaxPagesTask   AvePages 
------------ ---------- ---------- ---------- -------- -------------- ---------- 
4431992                                                                          
4431992.bat+     12052K          0     12052K        0              0          0 
4431992.ext+          0          2          0        0              2          0 
4431992.0     40371736K         39 158008375+        0             12          0 

Disk usage stats:
       JobID  MaxDiskRead MaxDiskReadTask    AveDiskRead MaxDiskWrite MaxDiskWriteTask   AveDiskWrite 
------------ ------------ --------------- -------------- ------------ ---------------- -------------- 
4431992                                                                                               
4431992.bat+     5662.88M               0       5662.88M     5647.76M                0       5647.76M 
4431992.ext+        0.00M               2          0.00M            0                2              0 
4431992.0         303.39M               0        143.71M      344.10M                0        141.63M 

Job 4431992 completed at Fri Nov 19 11:57:38 CET 2021
