Starting job 4431991 on c6-[3-6] at Fri Nov 19 09:41:46 CET 2021

Copying Nb_pbe.out to /cluster/home/ambr/projects/zora/row5/calcs_zora
Copying Nb_pbe.json to /cluster/home/ambr/projects/zora/row5/calcs_zora

Task and CPU usage stats:
       JobID    JobName  AllocCPUS   NTasks     MinCPU MinCPUTask     AveCPU    Elapsed ExitCode 
------------ ---------- ---------- -------- ---------- ---------- ---------- ---------- -------- 
4431991          Nb_pbe        160                                             02:04:45      0:0 
4431991.bat+      batch         28        1   00:00:07          0   00:00:07   02:04:45      0:0 
4431991.ext+     extern        160        4   00:00:00          0   00:00:00   02:04:45      0:0 
4431991.0      mrchem.x        160       40   02:03:39         39   04:07:56   02:04:07      0:0 

Memory usage stats:
       JobID     MaxRSS MaxRSSTask     AveRSS MaxPages   MaxPagesTask   AvePages 
------------ ---------- ---------- ---------- -------- -------------- ---------- 
4431991                                                                          
4431991.bat+     11996K          0     11996K        0              0          0 
4431991.ext+          0          0          0        0              0          0 
4431991.0     41197220K         39 157652524+        0             26          0 

Disk usage stats:
       JobID  MaxDiskRead MaxDiskReadTask    AveDiskRead MaxDiskWrite MaxDiskWriteTask   AveDiskWrite 
------------ ------------ --------------- -------------- ------------ ---------------- -------------- 
4431991                                                                                               
4431991.bat+     5310.43M               0       5310.43M     5295.32M                0       5295.32M 
4431991.ext+        0.00M               0          0.00M            0                0              0 
4431991.0         303.39M               0        134.90M      344.09M                0        150.23M 

Job 4431991 completed at Fri Nov 19 11:46:31 CET 2021
