Starting job 4431996 on c6-[1,4-7] at Fri Nov 19 11:57:48 CET 2021

Copying Pd_pbe.out to /cluster/home/ambr/projects/zora/row5/calcs_zora
Copying Pd_pbe.json to /cluster/home/ambr/projects/zora/row5/calcs_zora

Task and CPU usage stats:
       JobID    JobName  AllocCPUS   NTasks     MinCPU MinCPUTask     AveCPU    Elapsed ExitCode 
------------ ---------- ---------- -------- ---------- ---------- ---------- ---------- -------- 
4431996          Pd_pbe        160                                             03:01:24      0:0 
4431996.bat+      batch          4        1   00:00:08          0   00:00:08   03:01:24      0:0 
4431996.ext+     extern        160        5   00:00:00          3   00:00:00   03:01:24      0:0 
4431996.0      mrchem.x        160       40   03:00:11         39   05:44:01   03:00:45      0:0 

Memory usage stats:
       JobID     MaxRSS MaxRSSTask     AveRSS MaxPages   MaxPagesTask   AvePages 
------------ ---------- ---------- ---------- -------- -------------- ---------- 
4431996                                                                          
4431996.bat+     12052K          0     12052K        0              0          0 
4431996.ext+          0          3          0        0              3          0 
4431996.0     44674192K         39 168699416+        0             19          0 

Disk usage stats:
       JobID  MaxDiskRead MaxDiskReadTask    AveDiskRead MaxDiskWrite MaxDiskWriteTask   AveDiskWrite 
------------ ------------ --------------- -------------- ------------ ---------------- -------------- 
4431996                                                                                               
4431996.bat+     6427.94M               0       6427.94M     6412.83M                0       6412.83M 
4431996.ext+        0.00M               3          0.00M            0                3              0 
4431996.0         311.98M               0        162.83M      352.45M                2        153.67M 

Job 4431996 completed at Fri Nov 19 14:59:13 CET 2021
