Starting job 4431987 on c3-[34-35,38-43] at Fri Nov 19 09:38:16 CET 2021

Copying Rb_pbe.out to /cluster/home/ambr/projects/zora/row5/calcs_zora
Copying Rb_pbe.json to /cluster/home/ambr/projects/zora/row5/calcs_zora

Task and CPU usage stats:
       JobID    JobName  AllocCPUS   NTasks     MinCPU MinCPUTask     AveCPU    Elapsed ExitCode 
------------ ---------- ---------- -------- ---------- ---------- ---------- ---------- -------- 
4431987          Rb_pbe        160                                             01:07:19      0:0 
4431987.bat+      batch         12        1   00:00:05          0   00:00:05   01:07:19      0:0 
4431987.ext+     extern        160        8   00:00:00          7   00:00:00   01:07:19      0:0 
4431987.0      mrchem.x        160       40   01:06:28         39   02:33:57   01:06:46      0:0 

Memory usage stats:
       JobID     MaxRSS MaxRSSTask     AveRSS MaxPages   MaxPagesTask   AvePages 
------------ ---------- ---------- ---------- -------- -------------- ---------- 
4431987                                                                          
4431987.bat+     12220K          0     12220K        0              0          0 
4431987.ext+          0          7          0        0              7          0 
4431987.0     36272660K         39 146831437+        0             28          0 

Disk usage stats:
       JobID  MaxDiskRead MaxDiskReadTask    AveDiskRead MaxDiskWrite MaxDiskWriteTask   AveDiskWrite 
------------ ------------ --------------- -------------- ------------ ---------------- -------------- 
4431987                                                                                               
4431987.bat+     4657.06M               0       4657.06M     4642.01M                0       4642.01M 
4431987.ext+        0.00M               7          0.00M            0                7              0 
4431987.0         165.17M               1        117.89M      197.90M                0        114.12M 

Job 4431987 completed at Fri Nov 19 10:45:34 CET 2021
