Starting job 4431995 on c6-[1,3-5] at Fri Nov 19 11:46:34 CET 2021

Copying Rh_pbe.out to /cluster/home/ambr/projects/zora/row5/calcs_zora
Copying Rh_pbe.json to /cluster/home/ambr/projects/zora/row5/calcs_zora

Task and CPU usage stats:
       JobID    JobName  AllocCPUS   NTasks     MinCPU MinCPUTask     AveCPU    Elapsed ExitCode 
------------ ---------- ---------- -------- ---------- ---------- ---------- ---------- -------- 
4431995          Rh_pbe        160                                             02:40:26      0:0 
4431995.bat+      batch         44        1   00:00:08          0   00:00:08   02:40:26      0:0 
4431995.ext+     extern        160        4   00:00:00          2   00:00:00   02:40:26      0:0 
4431995.0      mrchem.x        160       40   02:39:11         39   05:21:00   02:39:46      0:0 

Memory usage stats:
       JobID     MaxRSS MaxRSSTask     AveRSS MaxPages   MaxPagesTask   AvePages 
------------ ---------- ---------- ---------- -------- -------------- ---------- 
4431995                                                                          
4431995.bat+     11992K          0     11992K        0              0          0 
4431995.ext+          0          2          0        0              2          0 
4431995.0     44716704K         39 170732913+        0             11          0 

Disk usage stats:
       JobID  MaxDiskRead MaxDiskReadTask    AveDiskRead MaxDiskWrite MaxDiskWriteTask   AveDiskWrite 
------------ ------------ --------------- -------------- ------------ ---------------- -------------- 
4431995                                                                                               
4431995.bat+     6410.74M               0       6410.74M     6395.63M                0       6395.63M 
4431995.ext+        0.00M               2          0.00M            0                2              0 
4431995.0         329.17M               0        162.40M      378.51M                0        162.05M 

Job 4431995 completed at Fri Nov 19 14:27:00 CET 2021
