Starting job 4431994 on c3-[43-48,50-51] at Fri Nov 19 10:49:01 CET 2021

Copying Ru_pbe.out to /cluster/home/ambr/projects/zora/row5/calcs_zora
Copying Ru_pbe.json to /cluster/home/ambr/projects/zora/row5/calcs_zora

Task and CPU usage stats:
       JobID    JobName  AllocCPUS   NTasks     MinCPU MinCPUTask     AveCPU    Elapsed ExitCode 
------------ ---------- ---------- -------- ---------- ---------- ---------- ---------- -------- 
4431994          Ru_pbe        160                                             02:14:55      0:0 
4431994.bat+      batch          4        1   00:00:07          0   00:00:07   02:14:55      0:0 
4431994.ext+     extern        160        8   00:00:00          7   00:00:00   02:14:55      0:0 
4431994.0      mrchem.x        160       40   02:13:47         39   04:42:03   02:14:15      0:0 

Memory usage stats:
       JobID     MaxRSS MaxRSSTask     AveRSS MaxPages   MaxPagesTask   AvePages 
------------ ---------- ---------- ---------- -------- -------------- ---------- 
4431994                                                                          
4431994.bat+     12220K          0     12220K        0              0          0 
4431994.ext+          0          7          0        0              7          0 
4431994.0     43169168K         39 168207464+        0             15          0 

Disk usage stats:
       JobID  MaxDiskRead MaxDiskReadTask    AveDiskRead MaxDiskWrite MaxDiskWriteTask   AveDiskWrite 
------------ ------------ --------------- -------------- ------------ ---------------- -------------- 
4431994                                                                                               
4431994.bat+     6204.37M               0       6204.37M     6189.32M                0       6189.32M 
4431994.ext+        0.00M               7          0.00M            0                7              0 
4431994.0         328.50M               0        156.57M      361.04M                2        135.18M 

Job 4431994 completed at Fri Nov 19 13:03:56 CET 2021
