Starting job 4432000 on c6-[1,3-5] at Fri Nov 19 14:27:05 CET 2021

Copying Sn_pbe.out to /cluster/home/ambr/projects/zora/row5/calcs_zora
Copying Sn_pbe.json to /cluster/home/ambr/projects/zora/row5/calcs_zora

Task and CPU usage stats:
       JobID    JobName  AllocCPUS   NTasks     MinCPU MinCPUTask     AveCPU    Elapsed ExitCode 
------------ ---------- ---------- -------- ---------- ---------- ---------- ---------- -------- 
4432000          Sn_pbe        160                                             03:20:47      0:0 
4432000.bat+      batch         44        1   00:00:09          0   00:00:09   03:20:47      0:0 
4432000.ext+     extern        160        4   00:00:00          1   00:00:00   03:20:47      0:0 
4432000.0      mrchem.x        160       40   03:19:12         39   06:43:02   03:20:04      0:0 

Memory usage stats:
       JobID     MaxRSS MaxRSSTask     AveRSS MaxPages   MaxPagesTask   AvePages 
------------ ---------- ---------- ---------- -------- -------------- ---------- 
4432000                                                                          
4432000.bat+     11988K          0     11988K        0              0          0 
4432000.ext+          0          1          0        0              1          0 
4432000.0     49789080K         39 190968203+        0              6          0 

Disk usage stats:
       JobID  MaxDiskRead MaxDiskReadTask    AveDiskRead MaxDiskWrite MaxDiskWriteTask   AveDiskWrite 
------------ ------------ --------------- -------------- ------------ ---------------- -------------- 
4432000                                                                                               
4432000.bat+     6866.34M               0       6866.34M     6851.23M                0       6851.23M 
4432000.ext+        0.00M               1          0.00M            0                1              0 
4432000.0         346.37M               1        173.79M      395.43M                1        195.79M 

Job 4432000 completed at Fri Nov 19 17:47:52 CET 2021
