Starting job 4431988 on c3-[43-48,50-51] at Fri Nov 19 09:38:15 CET 2021

Copying Sr_pbe.out to /cluster/home/ambr/projects/zora/row5/calcs_zora
Copying Sr_pbe.json to /cluster/home/ambr/projects/zora/row5/calcs_zora

Task and CPU usage stats:
       JobID    JobName  AllocCPUS   NTasks     MinCPU MinCPUTask     AveCPU    Elapsed ExitCode 
------------ ---------- ---------- -------- ---------- ---------- ---------- ---------- -------- 
4431988          Sr_pbe        160                                             01:10:41      0:0 
4431988.bat+      batch          4        1   00:00:06          0   00:00:06   01:10:41      0:0 
4431988.ext+     extern        160        8   00:00:00          6   00:00:00   01:10:41      0:0 
4431988.0      mrchem.x        160       40   01:09:48         39   02:40:16   01:10:07      0:0 

Memory usage stats:
       JobID     MaxRSS MaxRSSTask     AveRSS MaxPages   MaxPagesTask   AvePages 
------------ ---------- ---------- ---------- -------- -------------- ---------- 
4431988                                                                          
4431988.bat+     12224K          0     12224K        0              0          0 
4431988.ext+          0          6          0        0              6          0 
4431988.0     40923920K         39 151001905+        0              5          0 

Disk usage stats:
       JobID  MaxDiskRead MaxDiskReadTask    AveDiskRead MaxDiskWrite MaxDiskWriteTask   AveDiskWrite 
------------ ------------ --------------- -------------- ------------ ---------------- -------------- 
4431988                                                                                               
4431988.bat+     4925.07M               0       4925.07M     4908.67M                0       4908.67M 
4431988.ext+        0.00M               6          0.00M            0                6              0 
4431988.0         165.17M               0        124.55M      189.12M                2        116.70M 

Job 4431988 completed at Fri Nov 19 10:48:56 CET 2021
