Starting job 4431993 on c3-[34-35,38-43] at Fri Nov 19 10:45:48 CET 2021

Copying Tc_pbe.out to /cluster/home/ambr/projects/zora/row5/calcs_zora
Copying Tc_pbe.json to /cluster/home/ambr/projects/zora/row5/calcs_zora

Task and CPU usage stats:
       JobID    JobName  AllocCPUS   NTasks     MinCPU MinCPUTask     AveCPU    Elapsed ExitCode 
------------ ---------- ---------- -------- ---------- ---------- ---------- ---------- -------- 
4431993          Tc_pbe        160                                             03:17:51      0:0 
4431993.bat+      batch         12        1   00:00:08          0   00:00:08   03:17:51      0:0 
4431993.ext+     extern        160        8   00:00:00          6   00:00:00   03:17:51      0:0 
4431993.0      mrchem.x        160       40   03:16:25         39   06:43:37   03:17:11      0:0 

Memory usage stats:
       JobID     MaxRSS MaxRSSTask     AveRSS MaxPages   MaxPagesTask   AvePages 
------------ ---------- ---------- ---------- -------- -------------- ---------- 
4431993                                                                          
4431993.bat+     12220K          0     12220K        0              0          0 
4431993.ext+          0          6          0        0              6          0 
4431993.0     51699120K         39 20209369.+        0             12          0 

Disk usage stats:
       JobID  MaxDiskRead MaxDiskReadTask    AveDiskRead MaxDiskWrite MaxDiskWriteTask   AveDiskWrite 
------------ ------------ --------------- -------------- ------------ ---------------- -------------- 
4431993                                                                                               
4431993.bat+     6066.84M               0       6066.84M     6051.78M                0       6051.78M 
4431993.ext+        0.00M               6          0.00M            0                6              0 
4431993.0         311.31M               1        153.13M      361.04M                1        133.47M 

Job 4431993 completed at Fri Nov 19 14:03:40 CET 2021
