Starting job 4432001 on c3-[29-35,48,50-55] at Fri Nov 19 14:34:49 CET 2021

Copying Te_pbe.out to /cluster/home/ambr/projects/zora/row5/calcs_zora
Copying Te_pbe.json to /cluster/home/ambr/projects/zora/row5/calcs_zora

Task and CPU usage stats:
       JobID    JobName  AllocCPUS   NTasks     MinCPU MinCPUTask     AveCPU    Elapsed ExitCode 
------------ ---------- ---------- -------- ---------- ---------- ---------- ---------- -------- 
4432001          Te_pbe        160                                             03:15:08      0:0 
4432001.bat+      batch          4        1   00:00:09          0   00:00:09   03:15:08      0:0 
4432001.ext+     extern        160       14   00:00:00         11   00:00:00   03:15:08      0:0 
4432001.0      mrchem.x        160       40   03:13:37         39   07:00:41   03:14:24      0:0 

Memory usage stats:
       JobID     MaxRSS MaxRSSTask     AveRSS MaxPages   MaxPagesTask   AvePages 
------------ ---------- ---------- ---------- -------- -------------- ---------- 
4432001                                                                          
4432001.bat+     12588K          0     12588K        0              0          0 
4432001.ext+          0         11          0        0             11          0 
4432001.0     51717560K         39 198837634+        0             17          0 

Disk usage stats:
       JobID  MaxDiskRead MaxDiskReadTask    AveDiskRead MaxDiskWrite MaxDiskWriteTask   AveDiskWrite 
------------ ------------ --------------- -------------- ------------ ---------------- -------------- 
4432001                                                                                               
4432001.bat+     6850.94M               0       6850.94M     6834.38M                0       6834.38M 
4432001.ext+        0.00M              11          0.00M            0               11              0 
4432001.0         328.50M               1        172.69M      343.85M                7        118.64M 

Job 4432001 completed at Fri Nov 19 17:49:58 CET 2021
