Starting job 4432003 on c3-[43-48,50-51] at Fri Nov 19 15:31:42 CET 2021

Copying Xe_pbe.out to /cluster/home/ambr/projects/zora/row5/calcs_zora
Copying Xe_pbe.json to /cluster/home/ambr/projects/zora/row5/calcs_zora

Task and CPU usage stats:
       JobID    JobName  AllocCPUS   NTasks     MinCPU MinCPUTask     AveCPU    Elapsed ExitCode 
------------ ---------- ---------- -------- ---------- ---------- ---------- ---------- -------- 
4432003          Xe_pbe        160                                             02:55:01      0:0 
4432003.bat+      batch          4        1   00:00:08          0   00:00:08   02:55:01      0:0 
4432003.ext+     extern        160        8   00:00:00          4   00:00:00   02:55:01      0:0 
4432003.0      mrchem.x        160       40   02:53:38         39   06:19:23   02:54:16      0:0 

Memory usage stats:
       JobID     MaxRSS MaxRSSTask     AveRSS MaxPages   MaxPagesTask   AvePages 
------------ ---------- ---------- ---------- -------- -------------- ---------- 
4432003                                                                          
4432003.bat+     12220K          0     12220K        0              0          0 
4432003.ext+          0          4          0        0              4          0 
4432003.0     53024448K         39 196946275+        0             22          0 

Disk usage stats:
       JobID  MaxDiskRead MaxDiskReadTask    AveDiskRead MaxDiskWrite MaxDiskWriteTask   AveDiskWrite 
------------ ------------ --------------- -------------- ------------ ---------------- -------------- 
4432003                                                                                               
4432003.bat+     6893.73M               0       6893.73M     6877.32M                0       6877.32M 
4432003.ext+        0.00M               4          0.00M            0                4              0 
4432003.0         294.11M               6        173.76M      343.85M                3        158.61M 

Job 4432003 completed at Fri Nov 19 18:26:44 CET 2021
