Starting job 4431989 on c3-[29-35,48,50-55] at Fri Nov 19 09:39:13 CET 2021

Copying Y_pbe.out to /cluster/home/ambr/projects/zora/row5/calcs_zora
Copying Y_pbe.json to /cluster/home/ambr/projects/zora/row5/calcs_zora

Task and CPU usage stats:
       JobID    JobName  AllocCPUS   NTasks     MinCPU MinCPUTask     AveCPU    Elapsed ExitCode 
------------ ---------- ---------- -------- ---------- ---------- ---------- ---------- -------- 
4431989           Y_pbe        160                                             02:22:27      0:0 
4431989.bat+      batch          4        1   00:00:06          0   00:00:06   02:22:27      0:0 
4431989.ext+     extern        160       14   00:00:00         11   00:00:00   02:22:27      0:0 
4431989.0      mrchem.x        160       40   02:20:58         39   05:31:05   02:21:37      0:0 

Memory usage stats:
       JobID     MaxRSS MaxRSSTask     AveRSS MaxPages   MaxPagesTask   AvePages 
------------ ---------- ---------- ---------- -------- -------------- ---------- 
4431989                                                                          
4431989.bat+     12588K          0     12588K        0              0          0 
4431989.ext+          0         11          0        0             11          0 
4431989.0     37626612K         39 167700243+        0             11          0 

Disk usage stats:
       JobID  MaxDiskRead MaxDiskReadTask    AveDiskRead MaxDiskWrite MaxDiskWriteTask   AveDiskWrite 
------------ ------------ --------------- -------------- ------------ ---------------- -------------- 
4431989                                                                                               
4431989.bat+     5000.91M               0       5000.91M     4985.86M                0       4985.86M 
4431989.ext+        0.00M              11          0.00M            0               11              0 
4431989.0         165.17M               0        126.48M      197.72M                5         95.43M 

Job 4431989 completed at Fri Nov 19 12:01:40 CET 2021
