Starting job 4431990 on c3-[29-33,52-56],c6-[1,3] at Fri Nov 19 09:41:46 CET 2021


Task and CPU usage stats:
       JobID    JobName  AllocCPUS   NTasks     MinCPU MinCPUTask     AveCPU    Elapsed ExitCode 
------------ ---------- ---------- -------- ---------- ---------- ---------- ---------- -------- 
4431990          Zr_pbe        160                                           1-03:33:41      0:0 
4431990.bat+      batch         16        1   00:00:04          0   00:00:04 1-03:33:43     0:15 
4431990.ext+     extern        160       12   00:00:00          4   00:00:00 1-03:33:42      0:0 
4431990.0      mrchem.x        160       40   21:07:13         16 1-11:02:36 1-03:33:19     0:15 

Memory usage stats:
       JobID     MaxRSS MaxRSSTask     AveRSS MaxPages   MaxPagesTask   AvePages 
------------ ---------- ---------- ---------- -------- -------------- ---------- 
4431990                                                                          
4431990.bat+     12468K          0     12468K        0              0          0 
4431990.ext+          0          4          0        0              4          0 
4431990.0     69023440K          0 513397367+        0             16          0 

Disk usage stats:
       JobID  MaxDiskRead MaxDiskReadTask    AveDiskRead MaxDiskWrite MaxDiskWriteTask   AveDiskWrite 
------------ ------------ --------------- -------------- ------------ ---------------- -------------- 
4431990                                                                                               
4431990.bat+     5190.02M               0       5190.02M     5174.97M                0       5174.97M 
4431990.ext+        0.00M               4          0.00M            0                4              0 
4431990.0         328.50M               0        131.43M        0.62M                0          0.02M 

Job 4431990 completed at Sat Nov 20 13:15:31 CET 2021
